localhost,Harsha-Laptop,file32B.txt,0.000000,0.000000,0.000000,0.000000
localhost,Harsha-Laptop,file1KB.txt,0.000000,0.000000,0.000000,0.000000
localhost,Harsha-Laptop,file256KB.txt,5.000000,6.000000,7.000000,6.000000
localhost,Harsha-Laptop,file512KB.txt,11.000000,11.000000,12.000000,11.333333
localhost,Harsha-Laptop,file1MB.txt,22.000000,23.000000,24.000000,23.000000
localhost,Harsha-Laptop,file32B.txt,0.000000,0.000000,0.000000,0.000000
localhost,Harsha-Laptop,file1KB.txt,0.000000,0.000000,0.000000,0.000000
localhost,Harsha-Laptop,file256KB.txt,6.000000,6.000000,7.000000,6.333333
localhost,Harsha-Laptop,file512KB.txt,11.000000,11.000000,12.000000,11.333333
localhost,Harsha-Laptop,file1MB.txt,24.000000,27.000000,32.000000,27.666666
localhost,Harsha-Laptop,file32B.txt,0.000000,0.000000,0.000000,0.000000
loremloremlo
loremloremloremloremloremloremloloremloremloremloremloremloremlo
loremloremloremloremloremloremlo
loremloremloremloremloremloremlo
loremloremloremloremloremloremlo
loremloremloremloremloremloremloloremloremloremloremloremloremloloremloremloremloremloremloremloloremloremloremloremloremloremloloremloremloremloremloremloremloloremloremloremloremloremloremloloremloremloremloremloremloremloloremloremloremloremloremloremlo
loremloremloremloremloremloremlo
loremloremloremloremloremloremloremloräH¤ü0.000000,0.000000,0.000000,0.000000
localhost,Harsha-Laptop,file256KB.txt,0.000000,0.000000,0.000000,0.000000
localhost,Harsha-Laptop,file512KB.txt,0.000000,0.000000,0.000000,0.000000
localhost,Harsha-Laptop,file1MB.txt,0.000000,0.000000,0.000000,0.000000
localhost,Harsha-Laptop,file32B.txt,0.000000,0.000000,0.000000,0.000000
loremloremlo
loremloremloremloremloremloremloloremloremloremloremloremloremlo
loremloremloremloremloremloremlo
loremloremloremloremloremloremlo
loremloremloremloremloremloremlo
loremloremloremloremloremloremloloremloremloremloremloremloremloloremloremloremloremloremloremloloremloremloremloremloremloremloloremloremloremloremloremloremloloremloremloremloremloremloremloloremloremloremloremloremloremloloremloremloremloremloremloremlo
loremloremloremloremloremloremlo
loremloremloremloremloremloremloremlorD­11ÿ0.000000,0.000000,0.000000,0.000000
localhost,Harsha-Laptop,file256KB.txt,2.000000,3.000000,3.000000,2.666667
localhost,Harsha-Laptop,file512KB.txt,5.000000,6.000000,6.000000,5.666667
localhost,Harsha-Laptop,file1MB.txt,10.000000,11.000000,11.000000,10.666667
localhost,Harsha-Laptop,file32B.txt,0.000000,0.000000,0.000000,0.000000
loremloremlo
loremloremloremloremloremloremloloremloremloremloremloremloremlo
loremloremloremloremloremloremlo
loremloremloremloremloremloremlo
loremloremloremloremloremloremlo
loremloremloremloremloremloremloloremloremloremloremloremloremloloremloremloremloremloremloremloloremloremloremloremloremloremloloremloremloremloremloremloremloloremloremloremloremloremloremloloremloremloremloremloremloremloloremloremloremloremloremloremlo
loremloremloremloremloremloremlo
loremloremloremloremloremloremloremlorÔ(Òdü0.000000,0.000000,0.000000,0.000000
localhost,Harsha-Laptop,file256KB.txt,3.000000,3.000000,3.000000,3.000000
localhost,Harsha-Laptop,file512KB.txt,5.000000,6.000000,8.000000,6.333333
localhost,Harsha-Laptop,file1MB.txt,11.000000,11.000000,12.000000,11.333333
localhost,Harsha-Laptop,file32B.txt,0.000000,0.000000,0.000000,0.000000
localhost,Harsha-Laptop,file1KB.txt,0.000000,0.000000,0.000000,0.000000
localhost,Harsha-Laptop,file256KB.txt,5.000000,6.000000,6.000000,5.666667
localhost,Harsha-Laptop,file512KB.txt,8.000000,9.000000,11.000000,9.333333
localhost,Harsha-Laptop,file1MB.txt,18.000000,21.000000,22.000000,20.333334
localhost,Harsha-Laptop,file32B.txt,2015/10/18 17:32:41,2015/10/18 17:32:41,2015/10/18 17:32:41,2015/10/18 17:32:41,2015/10/18 17:32:41,2015/10/18 17:32:41,2015/10/18 17:32:41,2015/10/18 17:32:41,6855228976529408.000000,6855228976529408.000000,6855228976529408.000000,6855228976529408.000000
localhost,Harsha-Laptop,file1KB.txt,2015/10/18 17:32:41,2015/10/18 17:32:41,2015/10/18 17:32:41,2015/10/18 17:32:41,2015/10/18 17:32:41,2015/10/18 17:32:41,2015/10/18 17:32:41,2015/10/18 17:32:41,6855228976529408.000000,6855228976529408.000000,6855228976529408.000000,6855228976529408.000000
localhost,Harsha-Laptop,file256KB.txt,2015/10/18 17:32:41,2015/10/18 17:32:41,2015/10/18 17:32:41,2015/10/18 17:32:41,2015/10/18 17:32:41,2015/10/18 17:32:41,2015/10/18 17:32:41,2015/10/18 17:32:41,6855228976529408.000000,6855228976529408.000000,6855228976529408.000000,6855228976529408.000000
localhost,Harsha-Laptop,file512KB.txt,2015/10/18 17:32:41,2015/10/18 17:32:41,2015/10/18 17:32:41,2015/10/18 17:32:41,2015/10/18 17:32:41,2015/10/18 17:32:41,2015/10/18 17:32:41,2015/10/18 17:32:41,6855228976529408.000000,6855228976529408.000000,6855228976529408.000000,6855228976529408.000000
localhost,Harsha-Laptop,file1MB.txt,2015/10/18 17:32:41,2015/10/18 17:32:41,2015/10/18 17:32:41,2015/10/18 17:32:41,2015/10/18 17:32:41,2015/10/18 17:32:41,2015/10/18 17:32:41,2015/10/18 17:32:41,6855228976529408.000000,6855228976529408.000000,6855228976529408.000000,6855228976529408.000000
localhost,Harsha-Laptop,file32B.txt,2015/10/18 17:46:08,2015/10/18 17:46:08,2015/10/18 17:46:08,2015/10/18 17:46:08,2015/10/18 17:46:08,2015/10/18 17:46:08,2015/10/18 17:46:08,2015/10/18 17:46:08,6855228976529408.000000,6855228976529408.000000,6855228976529408.000000,6855228976529408.000000
localhost,Harsha-Laptop,file1KB.txt,2015/10/18 17:46:08,2015/10/18 17:46:08,2015/10/18 17:46:08,2015/10/18 17:46:08,2015/10/18 17:46:08,2015/10/18 17:46:08,2015/10/18 17:46:08,2015/10/18 17:46:08,6855228976529408.000000,6855228976529408.000000,6855228976529408.000000,6855228976529408.000000
localhost,Harsha-Laptop,file256KB.txt,2015/10/18 17:46:08,2015/10/18 17:46:08,2015/10/18 17:46:08,2015/10/18 17:46:08,2015/10/18 17:46:08,2015/10/18 17:46:08,2015/10/18 17:46:08,2015/10/18 17:46:08,6855228976529408.000000,6855228976529408.000000,6855228976529408.000000,6855228976529408.000000
localhost,Harsha-Laptop,file512KB.txt,2015/10/18 17:46:08,2015/10/18 17:46:08,2015/10/18 17:46:08,2015/10/18 17:46:08,2015/10/18 17:46:08,2015/10/18 17:46:08,2015/10/18 17:46:08,2015/10/18 17:46:08,6855228976529408.000000,6855228976529408.000000,6855228976529408.000000,6855228976529408.000000
localhost,Harsha-Laptop,file1MB.txt,2015/10/18 17:46:08,2015/10/18 17:46:08,2015/10/18 17:46:08,2015/10/18 17:46:08,2015/10/18 17:46:08,2015/10/18 17:46:09,2015/10/18 17:46:09,2015/10/18 17:46:09,6855228976529408.000000,6855228976529408.000000,6855228976529408.000000,6855228976529408.000000
localhost,Harsha-Laptop,file32B.txt,2015/10/18 17:58:58,2015/10/18 17:58:58,2015/10/18 17:58:58,2015/10/18 17:58:58,2015/10/18 17:58:58,2015/10/18 17:58:58,2015/10/18 17:58:58,2015/10/18 17:58:58,6855228976529408.000000,6855228976529408.000000,6855228976529408.000000,6855228976529408.000000
localhost,Harsha-Laptop,file1KB.txt,2015/10/18 17:58:58,2015/10/18 17:58:58,2015/10/18 17:58:58,2015/10/18 17:58:58,2015/10/18 17:58:58,2015/10/18 17:58:58,2015/10/18 17:58:58,2015/10/18 17:58:58,6855228976529408.000000,6855228976529408.000000,6855228976529408.000000,6855228976529408.000000
localhost,Harsha-Laptop,file256KB.txt,2015/10/18 17:58:58,2015/10/18 17:58:58,2015/10/18 17:58:58,2015/10/18 17:58:58,2015/10/18 17:58:58,2015/10/18 17:58:58,2015/10/18 17:58:58,2015/10/18 17:58:58,6855228976529408.000000,6855228976529408.000000,6855228976529408.000000,6855228976529408.000000
localhost,Harsha-Laptop,file512KB.txt,2015/10/18 17:58:58,2015/10/18 17:58:58,2015/10/18 17:58:58,2015/10/18 17:58:59,2015/10/18 17:58:59,2015/10/18 17:58:59,2015/10/18 17:58:59,2015/10/18 17:58:59,6855228976529408.000000,6855228976529408.000000,6855228976529408.000000,6855228976529408.000000
localhost,Harsha-Laptop,file1MB.txt,2015/10/18 17:58:59,2015/10/18 17:58:59,2015/10/18 17:58:59,2015/10/18 17:58:59,2015/10/18 17:58:59,2015/10/18 17:58:59,2015/10/18 17:58:59,2015/10/18 17:58:59,6855228976529408.000000,6855228976529408.000000,6855228976529408.000000,6855228976529408.000000
localhost,Harsha-Laptop,file32B.txt,0.000000,0.000000,0.000000,0.000000
localhost,Harsha-Laptop,file1KB.txt,0.000000,0.000000,0.000000,0.000000
localhost,Harsha-Laptop,file256KB.txt,8.000000,9.000000,10.000000,9.000000
localhost,Harsha-Laptop,file512KB.txt,15.000000,18.000000,20.000000,17.666666
localhost,Harsha-Laptop,file1MB.txt,27.000000,31.000000,34.000000,30.666666
localhost,Harsha-Laptop,file32B.txt,,2015/10/18 18:10:49,2015/10/18 18:10:49,2015/10/18 18:10:49,2015/10/18 18:10:490.000000,0.000000,0.000000,0.000000
localhost,Harsha-Laptop,file1KB.txt,,2015/10/18 18:10:49,2015/10/18 18:10:49,2015/10/18 18:10:49,2015/10/18 18:10:490.000000,0.000000,0.000000,0.000000
localhost,Harsha-Laptop,file256KB.txt,,2015/10/18 18:10:49,2015/10/18 18:10:49,2015/10/18 18:10:49,2015/10/18 18:10:495.000000,5.000000,6.000000,5.333333
localhost,Harsha-Laptop,file512KB.txt,,2015/10/18 18:10:49,2015/10/18 18:10:49,2015/10/18 18:10:49,2015/10/18 18:10:4911.000000,13.000000,13.000000,12.333333
localhost,Harsha-Laptop,file1MB.txt,,2015/10/18 18:10:49,2015/10/18 18:10:49,2015/10/18 18:10:49,2015/10/18 18:10:4928.000000,29.000000,38.000000,31.666666
localhost,Harsha-Laptop,file32B.txt,2015/10/18 18:17:182015/10/18 18:17:182015/10/18 18:17:182015/10/18 18:17:182015/10/18 18:17:182015/10/18 18:17:182015/10/18 18:17:182015/10/18 18:17:180.000000,0.000000,0.000000,0.000000
localhost,Harsha-Laptop,file1KB.txt,2015/10/18 18:17:182015/10/18 18:17:182015/10/18 18:17:182015/10/18 18:17:182015/10/18 18:17:182015/10/18 18:17:182015/10/18 18:17:182015/10/18 18:17:180.000000,0.000000,0.000000,0.000000
localhost,Harsha-Laptop,file256KB.txt,2015/10/18 18:17:182015/10/18 18:17:182015/10/18 18:17:182015/10/18 18:17:182015/10/18 18:17:182015/10/18 18:17:182015/10/18 18:17:182015/10/18 18:17:197.000000,8.000000,9.000000,8.000000
localhost,Harsha-Laptop,file512KB.txt,2015/10/18 18:17:192015/10/18 18:17:192015/10/18 18:17:192015/10/18 18:17:192015/10/18 18:17:192015/10/18 18:17:192015/10/18 18:17:192015/10/18 18:17:1911.000000,14.000000,17.000000,14.000000
localhost,Harsha-Laptop,file1MB.txt,2015/10/18 18:17:192015/10/18 18:17:192015/10/18 18:17:192015/10/18 18:17:192015/10/18 18:17:192015/10/18 18:17:192015/10/18 18:17:192015/10/18 18:17:1933.000000,35.000000,36.000000,34.666668
localhost,Harsha-Laptop,file32B.txt,2015/10/18 18:17:53,2015/10/18 18:17:532015/10/18 18:17:53,2015/10/18 18:17:532015/10/18 18:17:53,2015/10/18 18:17:532015/10/18 18:17:53,2015/10/18 18:17:530.000000,0.000000,0.000000,0.000000
localhost,Harsha-Laptop,file1KB.txt,2015/10/18 18:17:53,2015/10/18 18:17:532015/10/18 18:17:53,2015/10/18 18:17:532015/10/18 18:17:53,2015/10/18 18:17:532015/10/18 18:17:53,2015/10/18 18:17:530.000000,0.000000,0.000000,0.000000
localhost,Harsha-Laptop,file256KB.txt,2015/10/18 18:17:53,2015/10/18 18:17:532015/10/18 18:17:53,2015/10/18 18:17:532015/10/18 18:17:53,2015/10/18 18:17:532015/10/18 18:17:53,2015/10/18 18:17:536.000000,6.000000,7.000000,6.333333
localhost,Harsha-Laptop,file512KB.txt,2015/10/18 18:17:53,2015/10/18 18:17:532015/10/18 18:17:53,2015/10/18 18:17:532015/10/18 18:17:53,2015/10/18 18:17:532015/10/18 18:17:53,2015/10/18 18:17:5315.000000,15.000000,16.000000,15.333333
localhost,Harsha-Laptop,file1MB.txt,2015/10/18 18:17:53,2015/10/18 18:17:532015/10/18 18:17:53,2015/10/18 18:17:532015/10/18 18:17:53,2015/10/18 18:17:532015/10/18 18:17:53,2015/10/18 18:17:5328.000000,32.000000,36.000000,32.000000
localhost,Harsha-Laptop,file32B.txt,2015/10/18 18:19:07,2015/10/18 18:19:07,2015/10/18 18:19:07,2015/10/18 18:19:07,2015/10/18 18:19:07,2015/10/18 18:19:07,2015/10/18 18:19:07,2015/10/18 18:19:07,0.000000,0.000000,0.000000,0.000000
localhost,Harsha-Laptop,file1KB.txt,2015/10/18 18:19:07,2015/10/18 18:19:07,2015/10/18 18:19:07,2015/10/18 18:19:07,2015/10/18 18:19:07,2015/10/18 18:19:07,2015/10/18 18:19:07,2015/10/18 18:19:07,0.000000,0.000000,0.000000,0.000000
localhost,Harsha-Laptop,file256KB.txt,2015/10/18 18:19:07,2015/10/18 18:19:07,2015/10/18 18:19:07,2015/10/18 18:19:07,2015/10/18 18:19:07,2015/10/18 18:19:07,2015/10/18 18:19:07,2015/10/18 18:19:07,6.000000,6.000000,7.000000,6.333333
localhost,Harsha-Laptop,file512KB.txt,2015/10/18 18:19:07,2015/10/18 18:19:07,2015/10/18 18:19:07,2015/10/18 18:19:07,2015/10/18 18:19:07,2015/10/18 18:19:07,2015/10/18 18:19:07,2015/10/18 18:19:08,12.000000,13.000000,18.000000,14.333333
localhost,Harsha-Laptop,file1MB.txt,2015/10/18 18:19:08,2015/10/18 18:19:08,2015/10/18 18:19:08,2015/10/18 18:19:08,2015/10/18 18:19:08,2015/10/18 18:19:08,2015/10/18 18:19:08,2015/10/18 18:19:08,29.000000,33.000000,33.000000,31.666666
localhost,Harsha-Laptop,file32B.txt,2015/10/18 18:59:40,2015/10/18 18:59:40,2015/10/18 18:59:40,2015/10/18 18:59:40,2015/10/18 18:59:40,2015/10/18 18:59:40,2015/10/18 18:59:40,2015/10/18 18:59:40,0.000000,0.000000,0.000000,0.000000
localhost,Harsha-Laptop,file1KB.txt,2015/10/18 18:59:40,2015/10/18 18:59:40,2015/10/18 18:59:40,2015/10/18 18:59:40,2015/10/18 18:59:40,2015/10/18 18:59:40,2015/10/18 18:59:40,2015/10/18 18:59:40,0.000000,0.000000,0.000000,0.000000
localhost,Harsha-Laptop,file256KB.txt,2015/10/18 18:59:40,2015/10/18 18:59:40,2015/10/18 18:59:40,2015/10/18 18:59:40,2015/10/18 18:59:40,2015/10/18 18:59:40,2015/10/18 18:59:40,2015/10/18 18:59:40,6.000000,7.000000,8.000000,7.000000
localhost,Harsha-Laptop,file512KB.txt,2015/10/18 18:59:40,2015/10/18 18:59:40,2015/10/18 18:59:40,2015/10/18 18:59:40,2015/10/18 18:59:40,2015/10/18 18:59:40,2015/10/18 18:59:40,2015/10/18 18:59:40,9.000000,11.000000,12.000000,10.666667
localhost,Harsha-Laptop,file1MB.txt,2015/10/18 18:59:40,2015/10/18 18:59:40,2015/10/18 18:59:40,2015/10/18 18:59:40,2015/10/18 18:59:40,2015/10/18 18:59:40,2015/10/18 18:59:40,2015/10/18 18:59:40,20.000000,24.000000,29.000000,24.333334
localhost,Harsha-Laptop,file32B.txt,2015/10/18 19:13:31,2015/10/18 19:13:31,2015/10/18 19:13:31,2015/10/18 19:13:31,2015/10/18 19:13:31,2015/10/18 19:13:31,2015/10/18 19:13:31,2015/10/18 19:13:31,0.000000,0.000000,0.000000,0.000000
localhost,Harsha-Laptop,file1KB.txt,2015/10/18 19:13:31,2015/10/18 19:13:31,2015/10/18 19:13:31,2015/10/18 19:13:31,2015/10/18 19:13:31,2015/10/18 19:13:31,2015/10/18 19:13:31,2015/10/18 19:13:31,0.000000,0.000000,0.000000,0.000000
localhost,Harsha-Laptop,file256KB.txt,2015/10/18 19:13:31,2015/10/18 19:13:31,2015/10/18 19:13:31,2015/10/18 19:13:31,2015/10/18 19:13:31,2015/10/18 19:13:31,2015/10/18 19:13:31,2015/10/18 19:13:31,5.000000,7.000000,9.000000,7.000000
localhost,Harsha-Laptop,file512KB.txt,2015/10/18 19:13:31,2015/10/18 19:13:31,2015/10/18 19:13:31,2015/10/18 19:13:31,2015/10/18 19:13:31,2015/10/18 19:13:31,2015/10/18 19:13:31,2015/10/18 19:13:31,8.000000,10.000000,11.000000,9.666667
localhost,Harsha-Laptop,file1MB.txt,2015/10/18 19:13:31,2015/10/18 19:13:31,2015/10/18 19:13:31,2015/10/18 19:13:31,2015/10/18 19:13:31,2015/10/18 19:13:31,2015/10/18 19:13:31,2015/10/18 19:13:31,25.000000,25.000000,25.000000,25.000000
localhost,Harsha-Laptop,file32B.txt,2015/10/18 19:35:40,2015/10/18 19:35:40,2015/10/18 19:35:40,2015/10/18 19:35:40,2015/10/18 19:35:40,2015/10/18 19:35:40,2015/10/18 19:35:40,2015/10/18 19:35:40,0.000000,0.000000,0.000000,0.000000
localhost,Harsha-Laptop,file1KB.txt,2015/10/18 19:35:40,2015/10/18 19:35:40,2015/10/18 19:35:40,2015/10/18 19:35:40,2015/10/18 19:35:40,2015/10/18 19:35:40,2015/10/18 19:35:40,2015/10/18 19:35:40,0.000000,0.000000,0.000000,0.000000
localhost,Harsha-Laptop,file256KB.txt,2015/10/18 19:35:40,2015/10/18 19:35:40,2015/10/18 19:35:40,2015/10/18 19:35:40,2015/10/18 19:35:40,2015/10/18 19:35:40,2015/10/18 19:35:40,2015/10/18 19:35:40,7.000000,8.000000,8.000000,7.666667
localhost,Harsha-Laptop,file512KB.txt,2015/10/18 19:35:40,2015/10/18 19:35:40,2015/10/18 19:35:40,2015/10/18 19:35:40,2015/10/18 19:35:40,2015/10/18 19:35:40,2015/10/18 19:35:40,2015/10/18 19:35:40,10.000000,11.000000,12.000000,11.000000
localhost,Harsha-Laptop,file1MB.txt,2015/10/18 19:35:40,2015/10/18 19:35:40,2015/10/18 19:35:40,2015/10/18 19:35:40,2015/10/18 19:35:40,2015/10/18 19:35:40,2015/10/18 19:35:40,2015/10/18 19:35:40,22.000000,23.000000,23.000000,22.666666
localhost,Harsha-Laptop,file32B.txt,2015/10/18 19:38:32,2015/10/18 19:38:32,2015/10/18 19:38:32,2015/10/18 19:38:32,2015/10/18 19:38:32,2015/10/18 19:38:32,2015/10/18 19:38:32,2015/10/18 19:38:32,0.000000,0.000000,0.000000,0.000000
localhost,Harsha-Laptop,file1KB.txt,2015/10/18 19:38:32,2015/10/18 19:38:32,2015/10/18 19:38:32,2015/10/18 19:38:32,2015/10/18 19:38:32,2015/10/18 19:38:32,2015/10/18 19:38:32,2015/10/18 19:38:32,0.000000,0.000000,0.000000,0.000000
localhost,Harsha-Laptop,file256KB.txt,2015/10/18 19:38:32,2015/10/18 19:38:32,2015/10/18 19:38:32,2015/10/18 19:38:32,2015/10/18 19:38:32,2015/10/18 19:38:32,2015/10/18 19:38:32,2015/10/18 19:38:32,6.000000,6.000000,8.000000,6.666667
localhost,Harsha-Laptop,file512KB.txt,2015/10/18 19:38:32,2015/10/18 19:38:32,2015/10/18 19:38:32,2015/10/18 19:38:32,2015/10/18 19:38:32,2015/10/18 19:38:32,2015/10/18 19:38:32,2015/10/18 19:38:32,9.000000,11.000000,11.000000,10.333333
localhost,Harsha-Laptop,file1MB.txt,2015/10/18 19:38:32,2015/10/18 19:38:32,2015/10/18 19:38:32,2015/10/18 19:38:32,2015/10/18 19:38:32,2015/10/18 19:38:32,2015/10/18 19:38:32,2015/10/18 19:38:32,21.000000,24.000000,25.000000,23.333334
localhost,Harsha-Laptop,file32B.txt,2015/10/18 19:52:44,2015/10/18 19:52:44,2015/10/18 19:52:44,2015/10/18 19:52:44,2015/10/18 19:52:44,2015/10/18 19:52:44,2015/10/18 19:52:44,2015/10/18 19:52:44,1445215961350144.000000,1445215961350144.000000,1445215961350144.000000,1445215961350144.000000,1445215961350144.000000,1445215961350144.000000,0.000000,0.000000,0.000000,0.000000
localhost,Harsha-Laptop,file1KB.txt,2015/10/18 19:52:44,2015/10/18 19:52:44,2015/10/18 19:52:44,2015/10/18 19:52:44,2015/10/18 19:52:44,2015/10/18 19:52:44,2015/10/18 19:52:44,2015/10/18 19:52:44,1445215961350144.000000,1445215961350144.000000,1445215961350144.000000,1445215961350144.000000,1445215961350144.000000,1445215961350144.000000,0.000000,0.000000,0.000000,0.000000
localhost,Harsha-Laptop,file256KB.txt,2015/10/18 19:52:44,2015/10/18 19:52:44,2015/10/18 19:52:44,2015/10/18 19:52:44,2015/10/18 19:52:44,2015/10/18 19:52:44,2015/10/18 19:52:44,2015/10/18 19:52:44,1445215961350144.000000,1445215961350144.000000,1445215961350144.000000,1445215961350144.000000,1445215961350144.000000,1445215961350144.000000,5.000000,6.000000,7.000000,6.000000
localhost,Harsha-Laptop,file512KB.txt,2015/10/18 19:52:44,2015/10/18 19:52:44,2015/10/18 19:52:44,2015/10/18 19:52:44,2015/10/18 19:52:44,2015/10/18 19:52:44,2015/10/18 19:52:44,2015/10/18 19:52:44,1445215961350144.000000,1445215961350144.000000,1445215961350144.000000,1445215961350144.000000,1445215961350144.000000,1445215961350144.000000,9.000000,10.000000,11.000000,10.000000
localhost,Harsha-Laptop,file1MB.txt,2015/10/18 19:52:45,2015/10/18 19:52:45,2015/10/18 19:52:45,2015/10/18 19:52:45,2015/10/18 19:52:45,2015/10/18 19:52:45,2015/10/18 19:52:45,2015/10/18 19:52:45,1445215961350144.000000,1445215961350144.000000,1445215961350144.000000,1445215961350144.000000,1445215961350144.000000,1445215961350144.000000,22.000000,23.000000,24.000000,23.000000
localhost,Harsha-Laptop,file32B.txt,,,,,,,,,1445216095567872.000000,1445216095567872.000000,1445216095567872.000000,1445216095567872.000000,1445216095567872.000000,1445216095567872.000000,0.000000,0.000000,0.000000,0.000000
localhost,Harsha-Laptop,file1KB.txt,,,,,,,,,1445216095567872.000000,1445216095567872.000000,1445216095567872.000000,1445216095567872.000000,1445216095567872.000000,1445216095567872.000000,0.000000,0.000000,0.000000,0.000000
localhost,Harsha-Laptop,file256KB.txt,,,,,,,,,1445216095567872.000000,1445216095567872.000000,1445216095567872.000000,1445216095567872.000000,1445216095567872.000000,1445216095567872.000000,6.000000,7.000000,7.000000,6.666667
localhost,Harsha-Laptop,file512KB.txt,,,,,,,,,1445216095567872.000000,1445216095567872.000000,1445216095567872.000000,1445216095567872.000000,1445216095567872.000000,1445216095567872.000000,9.000000,12.000000,12.000000,11.000000
localhost,Harsha-Laptop,file1MB.txt,,,,,,,,,1445216095567872.000000,1445216095567872.000000,1445216095567872.000000,1445216095567872.000000,1445216095567872.000000,1445216095567872.000000,21.000000,21.000000,26.000000,22.666666
localhost,Harsha-Laptop,file32B.txt,1445216095567872.000000,1445216095567872.000000,1445216095567872.000000,1445216095567872.000000,1445216095567872.000000,1445216095567872.000000,0.000000,0.000000,0.000000,0.000000
localhost,Harsha-Laptop,file1KB.txt,1445216095567872.000000,1445216095567872.000000,1445216095567872.000000,1445216095567872.000000,1445216095567872.000000,1445216095567872.000000,0.000000,0.000000,0.000000,0.000000
localhost,Harsha-Laptop,file256KB.txt,1445216095567872.000000,1445216095567872.000000,1445216095567872.000000,1445216095567872.000000,1445216095567872.000000,1445216095567872.000000,6.000000,6.000000,6.000000,6.000000
localhost,Harsha-Laptop,file512KB.txt,1445216095567872.000000,1445216095567872.000000,1445216095567872.000000,1445216095567872.000000,1445216095567872.000000,1445216095567872.000000,9.000000,9.000000,12.000000,10.000000
localhost,Harsha-Laptop,file1MB.txt,1445216095567872.000000,1445216095567872.000000,1445216095567872.000000,1445216095567872.000000,1445216095567872.000000,1445216095567872.000000,22.000000,24.000000,24.000000,23.333334
localhost,Harsha-Laptop,file32B.txt,1445219585228800.000000,1445219585228800.000000,1445219585228800.000000,1445219585228800.000000,1445219585228800.000000,1445219585228800.000000,0.000000,0.000000,0.000000,0.000000
localhost,Harsha-Laptop,file1KB.txt,1445219585228800.000000,1445219585228800.000000,1445219585228800.000000,1445219585228800.000000,1445219585228800.000000,1445219585228800.000000,0.000000,0.000000,0.000000,0.000000
localhost,Harsha-Laptop,file256KB.txt,1445219585228800.000000,1445219585228800.000000,1445219585228800.000000,1445219585228800.000000,1445219585228800.000000,1445219585228800.000000,6.000000,6.000000,7.000000,6.333333
localhost,Harsha-Laptop,file512KB.txt,1445219585228800.000000,1445219585228800.000000,1445219585228800.000000,1445219585228800.000000,1445219585228800.000000,1445219585228800.000000,9.000000,11.000000,12.000000,10.666667
localhost,Harsha-Laptop,file1MB.txt,1445219585228800.000000,1445219585228800.000000,1445219585228800.000000,1445219585228800.000000,1445219585228800.000000,1445219585228800.000000,21.000000,22.000000,23.000000,22.000000
localhost,Harsha-Laptop,file32B.txt,1445219719446528.000000,1445219719446528.000000,1445219719446528.000000,1445219719446528.000000,1445219719446528.000000,1445219719446528.000000,0.000000,0.000000,0.000000,0.000000
localhost,Harsha-Laptop,file1KB.txt,1445219719446528.000000,1445219719446528.000000,1445219719446528.000000,1445219719446528.000000,1445219719446528.000000,1445219719446528.000000,0.000000,0.000000,0.000000,0.000000
localhost,Harsha-Laptop,file256KB.txt,1445219719446528.000000,1445219719446528.000000,1445219719446528.000000,1445219719446528.000000,1445219719446528.000000,1445219719446528.000000,5.000000,6.000000,6.000000,5.666667
localhost,Harsha-Laptop,file512KB.txt,1445219719446528.000000,1445219719446528.000000,1445219719446528.000000,1445219719446528.000000,1445219719446528.000000,1445219719446528.000000,11.000000,11.000000,11.000000,11.000000
localhost,Harsha-Laptop,file1MB.txt,1445219719446528.000000,1445219719446528.000000,1445219719446528.000000,1445219719446528.000000,1445219719446528.000000,1445219719446528.000000,22.000000,24.000000,28.000000,24.666666
localhost,Harsha-Laptop,file32B.txt,1445219719446528.000000,1445219719446528.000000,1445219719446528.000000,1445219719446528.000000,1445219719446528.000000,1445219719446528.000000,0.000000,0.000000,0.000000,0.000000
localhost,Harsha-Laptop,file1KB.txt,1445219719446528.000000,1445219719446528.000000,1445219719446528.000000,1445219719446528.000000,1445219719446528.000000,1445219719446528.000000,0.000000,0.000000,0.000000,0.000000
localhost,Harsha-Laptop,file256KB.txt,1445219719446528.000000,1445219719446528.000000,1445219719446528.000000,1445219719446528.000000,1445219719446528.000000,1445219719446528.000000,5.000000,6.000000,6.000000,5.666667
localhost,Harsha-Laptop,file512KB.txt,1445219719446528.000000,1445219719446528.000000,1445219719446528.000000,1445219719446528.000000,1445219719446528.000000,1445219719446528.000000,9.000000,9.000000,12.000000,10.000000
localhost,Harsha-Laptop,file1MB.txt,1445219719446528.000000,1445219719446528.000000,1445219719446528.000000,1445219719446528.000000,1445219719446528.000000,1445219719446528.000000,22.000000,24.000000,24.000000,23.333334
localhost,Harsha-Laptop,file32B.txt,-968342144.000000,-968342144.000000,-968342144.000000,-968342144.000000,-968342144.000000,-968342144.000000,0.000000,0.000000,0.000000,0.000000
localhost,Harsha-Laptop,file1KB.txt,-968342144.000000,-968342144.000000,-968342144.000000,-968342144.000000,-968342144.000000,-968342144.000000,0.000000,0.000000,0.000000,0.000000
localhost,Harsha-Laptop,file256KB.txt,-968342144.000000,-968342144.000000,-968342144.000000,-968342144.000000,-968342144.000000,-968342144.000000,5.000000,6.000000,7.000000,6.000000
localhost,Harsha-Laptop,file512KB.txt,-968342144.000000,-968342144.000000,-968342144.000000,-968342144.000000,-968342144.000000,-968342144.000000,9.000000,11.000000,11.000000,10.333333
localhost,Harsha-Laptop,file1MB.txt,-968342144.000000,-968342144.000000,-968342144.000000,-968342144.000000,-968342144.000000,-968342144.000000,22.000000,22.000000,23.000000,22.333334
localhost,Harsha-Laptop,file32B.txt,20151017668608.000000,20151017668608.000000,20151017668608.000000,20151017668608.000000,20151017668608.000000,20151017668608.000000,0.000000,0.000000,0.000000,0.000000
localhost,Harsha-Laptop,file1KB.txt,20151017668608.000000,20151017668608.000000,20151017668608.000000,20151017668608.000000,20151017668608.000000,20151017668608.000000,0.000000,0.000000,0.000000,0.000000
localhost,Harsha-Laptop,file256KB.txt,20151017668608.000000,20151017668608.000000,20151017668608.000000,20151017668608.000000,20151017668608.000000,20151017668608.000000,6.000000,6.000000,6.000000,6.000000
localhost,Harsha-Laptop,file512KB.txt,20151017668608.000000,20151017668608.000000,20151017668608.000000,20151017668608.000000,20151017668608.000000,20151017668608.000000,9.000000,12.000000,12.000000,11.000000
localhost,Harsha-Laptop,file1MB.txt,20151017668608.000000,20151017668608.000000,20151017668608.000000,20151017668608.000000,20151017668608.000000,20151017668608.000000,21.000000,23.000000,25.000000,23.000000
localhost,Harsha-Laptop,file32B.txt,20151018.000000,20151018.000000,20151018.000000,20151018.000000,20151018.000000,20151018.000000,0.000000,0.000000,0.000000,0.000000
localhost,Harsha-Laptop,file1KB.txt,20151018.000000,20151018.000000,20151018.000000,20151018.000000,20151018.000000,20151018.000000,0.000000,0.000000,0.000000,0.000000
localhost,Harsha-Laptop,file256KB.txt,20151018.000000,20151018.000000,20151018.000000,20151018.000000,20151018.000000,20151018.000000,6.000000,7.000000,8.000000,7.000000
localhost,Harsha-Laptop,file512KB.txt,20151018.000000,20151018.000000,20151018.000000,20151018.000000,20151018.000000,20151018.000000,10.000000,10.000000,12.000000,10.666667
localhost,Harsha-Laptop,file1MB.txt,20151018.000000,20151018.000000,20151018.000000,20151018.000000,20151018.000000,20151018.000000,21.000000,22.000000,23.000000,22.000000
localhost,Harsha-Laptop,file32B.txt,20151017668608.000000,20151017668608.000000,20151017668608.000000,20151017668608.000000,20151017668608.000000,20151017668608.000000,0.000000,0.000000,0.000000,0.000000
localhost,Harsha-Laptop,file1KB.txt,20151017668608.000000,20151017668608.000000,20151017668608.000000,20151017668608.000000,20151017668608.000000,20151017668608.000000,0.000000,0.000000,0.000000,0.000000
localhost,Harsha-Laptop,file256KB.txt,20151017668608.000000,20151017668608.000000,20151017668608.000000,20151017668608.000000,20151017668608.000000,20151017668608.000000,5.000000,5.000000,5.000000,5.000000
localhost,Harsha-Laptop,file512KB.txt,20151017668608.000000,20151017668608.000000,20151017668608.000000,20151017668608.000000,20151017668608.000000,20151017668608.000000,10.000000,11.000000,15.000000,12.000000
localhost,Harsha-Laptop,file1MB.txt,20151017668608.000000,20151017668608.000000,20151017668608.000000,20151017668608.000000,20151017668608.000000,20151017668608.000000,22.000000,25.000000,28.000000,25.000000
localhost,Harsha-Laptop,file32B.txt,20151017668608.000000,20151017668608.000000,20151017668608.000000,20151017668608.000000,20151017668608.000000,20151017668608.000000,0.000000,0.000000,0.000000,0.000000
localhost,Harsha-Laptop,file1KB.txt,20151017668608.000000,20151017668608.000000,20151017668608.000000,20151017668608.000000,20151017668608.000000,20151017668608.000000,0.000000,0.000000,0.000000,0.000000
localhost,Harsha-Laptop,file256KB.txt,20151017668608.000000,20151017668608.000000,20151017668608.000000,20151017668608.000000,20151017668608.000000,20151017668608.000000,5.000000,5.000000,7.000000,5.666667
localhost,Harsha-Laptop,file512KB.txt,20151017668608.000000,20151017668608.000000,20151017668608.000000,20151017668608.000000,20151017668608.000000,20151017668608.000000,9.000000,11.000000,12.000000,10.666667
localhost,Harsha-Laptop,file1MB.txt,20151017668608.000000,20151017668608.000000,20151017668608.000000,20151017668608.000000,20151017668608.000000,20151017668608.000000,23.000000,24.000000,27.000000,24.666666
localhost,Harsha-Laptop,file32B.txt,20151017668608.000000,20151017668608.000000,20151017668608.000000,20151017668608.000000,20151017668608.000000,20151017668608.000000,0.000000,0.000000,0.000000,0.000000
localhost,Harsha-Laptop,file1KB.txt,20151017668608.000000,20151017668608.000000,20151017668608.000000,20151017668608.000000,20151017668608.000000,20151017668608.000000,0.000000,0.000000,0.000000,0.000000
localhost,Harsha-Laptop,file256KB.txt,20151017668608.000000,20151017668608.000000,20151017668608.000000,20151017668608.000000,20151017668608.000000,20151017668608.000000,5.000000,6.000000,7.000000,6.000000
localhost,Harsha-Laptop,file512KB.txt,20151017668608.000000,20151017668608.000000,20151017668608.000000,20151017668608.000000,20151017668608.000000,20151017668608.000000,9.000000,11.000000,12.000000,10.666667
localhost,Harsha-Laptop,file1MB.txt,20151017668608.000000,20151017668608.000000,20151017668608.000000,20151017668608.000000,20151017668608.000000,20151017668608.000000,25.000000,26.000000,26.000000,25.666666
localhost,Harsha-Laptop,file32B.txt,20151017668608.000000,20151017668608.000000,20151017668608.000000,20151017668608.000000,20151017668608.000000,20151017668608.000000,0.000000,0.000000,0.000000,0.000000
localhost,Harsha-Laptop,file1KB.txt,20151017668608.000000,20151017668608.000000,20151017668608.000000,20151017668608.000000,20151017668608.000000,20151017668608.000000,0.000000,0.000000,0.000000,0.000000
localhost,Harsha-Laptop,file256KB.txt,20151017668608.000000,20151017668608.000000,20151017668608.000000,20151017668608.000000,20151017668608.000000,20151017668608.000000,5.000000,6.000000,7.000000,6.000000
localhost,Harsha-Laptop,file512KB.txt,20151017668608.000000,20151017668608.000000,20151017668608.000000,20151017668608.000000,20151017668608.000000,20151017668608.000000,9.000000,11.000000,12.000000,10.666667
localhost,Harsha-Laptop,file1MB.txt,20151017668608.000000,20151017668608.000000,20151017668608.000000,20151017668608.000000,20151017668608.000000,20151017668608.000000,22.000000,24.000000,24.000000,23.333334
localhost,Harsha-Laptop,file32B.txt,20151017668608.000000,20151017668608.000000,20151017668608.000000,20151017668608.000000,20151017668608.000000,20151017668608.000000,0.000000,0.000000,0.000000,0.000000
localhost,Harsha-Laptop,file1KB.txt,20151017668608.000000,20151017668608.000000,20151017668608.000000,20151017668608.000000,20151017668608.000000,20151017668608.000000,0.000000,0.000000,0.000000,0.000000
localhost,Harsha-Laptop,file256KB.txt,20151017668608.000000,20151017668608.000000,20151017668608.000000,20151017668608.000000,20151017668608.000000,20151017668608.000000,4.000000,4.000000,5.000000,4.333333
localhost,Harsha-Laptop,file512KB.txt,20151017668608.000000,20151017668608.000000,20151017668608.000000,20151017668608.000000,20151017668608.000000,20151017668608.000000,9.000000,9.000000,11.000000,9.666667
localhost,Harsha-Laptop,file1MB.txt,20151017668608.000000,20151017668608.000000,20151017668608.000000,20151017668608.000000,20151017668608.000000,20151017668608.000000,21.000000,21.000000,23.000000,21.666666
localhost,Harsha-Laptop,file32B.txt,20151017668608.000000,20151017668608.000000,20151017668608.000000,20151017668608.000000,20151017668608.000000,20151017668608.000000,0.000000,0.000000,0.000000,0.000000
localhost,Harsha-Laptop,file1KB.txt,20151017668608.000000,20151017668608.000000,20151017668608.000000,20151017668608.000000,20151017668608.000000,20151017668608.000000,0.000000,0.000000,0.000000,0.000000
localhost,Harsha-Laptop,file256KB.txt,20151017668608.000000,20151017668608.000000,20151017668608.000000,20151017668608.000000,20151017668608.000000,20151017668608.000000,5.000000,6.000000,6.000000,5.666667
localhost,Harsha-Laptop,file512KB.txt,20151017668608.000000,20151017668608.000000,20151017668608.000000,20151017668608.000000,20151017668608.000000,20151017668608.000000,9.000000,11.000000,11.000000,10.333333
localhost,Harsha-Laptop,file1MB.txt,20151017668608.000000,20151017668608.000000,20151017668608.000000,20151017668608.000000,20151017668608.000000,20151017668608.000000,21.000000,22.000000,23.000000,22.000000
localhost,Harsha-Laptop,file32B.txt,20151017668608.000000,20151017668608.000000,20151017668608.000000,20151017668608.000000,20151017668608.000000,20151017668608.000000,0.000000,0.000000,0.000000,0.000000
localhost,Harsha-Laptop,file1KB.txt,20151017668608.000000,20151017668608.000000,20151017668608.000000,20151017668608.000000,20151017668608.000000,20151017668608.000000,0.000000,0.000000,0.000000,0.000000
localhost,Harsha-Laptop,file256KB.txt,20151017668608.000000,20151017668608.000000,20151017668608.000000,20151017668608.000000,20151017668608.000000,20151017668608.000000,5.000000,6.000000,7.000000,6.000000
localhost,Harsha-Laptop,file512KB.txt,20151017668608.000000,20151017668608.000000,20151017668608.000000,20151017668608.000000,20151017668608.000000,20151017668608.000000,10.000000,12.000000,13.000000,11.666667
localhost,Harsha-Laptop,file1MB.txt,20151017668608.000000,20151017668608.000000,20151017668608.000000,20151017668608.000000,20151017668608.000000,20151017668608.000000,26.000000,26.000000,28.000000,26.666666
localhost,Harsha-Laptop,file32B.txt,20151017668608.000000,20151017668608.000000,20151017668608.000000,20151017668608.000000,20151017668608.000000,20151017668608.000000,0.000000,0.000000,0.000000,0.000000
localhost,Harsha-Laptop,file1KB.txt,20151017668608.000000,20151017668608.000000,20151017668608.000000,20151017668608.000000,20151017668608.000000,20151017668608.000000,0.000000,0.000000,0.000000,0.000000
localhost,Harsha-Laptop,file256KB.txt,20151017668608.000000,20151017668608.000000,20151017668608.000000,20151017668608.000000,20151017668608.000000,20151017668608.000000,6.000000,6.000000,7.000000,6.333333
localhost,Harsha-Laptop,file512KB.txt,20151017668608.000000,20151017668608.000000,20151017668608.000000,20151017668608.000000,20151017668608.000000,20151017668608.000000,10.000000,12.000000,12.000000,11.333333
localhost,Harsha-Laptop,file1MB.txt,20151017668608.000000,20151017668608.000000,20151017668608.000000,20151017668608.000000,20151017668608.000000,20151017668608.000000,24.000000,26.000000,26.000000,25.333334
localhost,Harsha-Laptop,file32B.txt,20151017668608.000000,20151017668608.000000,20151017668608.000000,20151017668608.000000,20151017668608.000000,20151017668608.000000,0.000000,0.000000,0.000000,0.000000
localhost,Harsha-Laptop,file1KB.txt,20151017668608.000000,20151017668608.000000,20151017668608.000000,20151017668608.000000,20151017668608.000000,20151017668608.000000,0.000000,0.000000,0.000000,0.000000
localhost,Harsha-Laptop,file256KB.txt,20151017668608.000000,20151017668608.000000,20151017668608.000000,20151017668608.000000,20151017668608.000000,20151017668608.000000,6.000000,7.000000,7.000000,6.666667
localhost,Harsha-Laptop,file512KB.txt,20151017668608.000000,20151017668608.000000,20151017668608.000000,20151017668608.000000,20151017668608.000000,20151017668608.000000,11.000000,11.000000,13.000000,11.666667
localhost,Harsha-Laptop,file1MB.txt,20151017668608.000000,20151017668608.000000,20151017668608.000000,20151017668608.000000,20151017668608.000000,20151017668608.000000,24.000000,26.000000,28.000000,26.000000
localhost,Harsha-Laptop,file32B.txt,20151017668608.000000,20151017668608.000000,20151017668608.000000,20151017668608.000000,20151017668608.000000,20151017668608.000000,0.000000,0.000000,0.000000,0.000000
localhost,Harsha-Laptop,file1KB.txt,20151017668608.000000,20151017668608.000000,20151017668608.000000,20151017668608.000000,20151017668608.000000,20151017668608.000000,0.000000,0.000000,0.000000,0.000000
localhost,Harsha-Laptop,file256KB.txt,20151017668608.000000,20151017668608.000000,20151017668608.000000,20151017668608.000000,20151017668608.000000,20151017668608.000000,6.000000,7.000000,7.000000,6.666667
localhost,Harsha-Laptop,file512KB.txt,20151017668608.000000,20151017668608.000000,20151017668608.000000,20151017668608.000000,20151017668608.000000,20151017668608.000000,9.000000,12.000000,13.000000,11.333333
localhost,Harsha-Laptop,file1MB.txt,20151017668608.000000,20151017668608.000000,20151017668608.000000,20151017668608.000000,20151017668608.000000,20151017668608.000000,23.000000,26.000000,28.000000,25.666666
localhost,Harsha-Laptop,file32B.txt,20151018231055.000000,20151018231055.000000,20151018231055.000000,20151018231055.000000,20151018231055.000000,20151018231055.000000,0.000000,0.000000,0.000000,0.000000
localhost,Harsha-Laptop,file1KB.txt,20151018231055.000000,20151018231055.000000,20151018231055.000000,20151018231055.000000,20151018231055.000000,20151018231055.000000,0.000000,0.000000,0.000000,0.000000
localhost,Harsha-Laptop,file256KB.txt,20151018231055.000000,20151018231055.000000,20151018231055.000000,20151018231055.000000,20151018231055.000000,20151018231055.000000,4.000000,5.000000,6.000000,5.000000
localhost,Harsha-Laptop,file512KB.txt,20151018231055.000000,20151018231055.000000,20151018231055.000000,20151018231055.000000,20151018231055.000000,20151018231055.000000,12.000000,13.000000,17.000000,14.000000
localhost,Harsha-Laptop,file1MB.txt,20151018231055.000000,20151018231055.000000,20151018231055.000000,20151018231055.000000,20151018231055.000000,20151018231055.000000,25.000000,25.000000,28.000000,26.000000
localhost,Harsha-Laptop,file32B.txt,20151018231312,20151018231312,20151018231312,20151018231312,20151018231312,20151018231312,0,0,0,0
localhost,Harsha-Laptop,file1KB.txt,20151018231312,20151018231312,20151018231312,20151018231312,20151018231312,20151018231312,0,0,0,0
localhost,Harsha-Laptop,file256KB.txt,20151018231312,20151018231312,20151018231312,20151018231312,20151018231312,20151018231312,6,6,8,7
localhost,Harsha-Laptop,file512KB.txt,20151018231312,20151018231312,20151018231312,20151018231312,20151018231312,20151018231312,10,11,13,11
localhost,Harsha-Laptop,file1MB.txt,20151018231312,20151018231312,20151018231312,20151018231312,20151018231312,20151018231312,25,28,30,28
localhost,Harsha-Laptop,file32B.txt,20151018231618,20151018231618,20151018231618,20151018231618,20151018231618,20151018231618,0,0,0,0
localhost,Harsha-Laptop,file1KB.txt,20151018231618,20151018231618,20151018231618,20151018231618,20151018231618,20151018231618,0,0,0,0
localhost,Harsha-Laptop,file256KB.txt,20151018231618,20151018231618,20151018231618,20151018231618,20151018231618,20151018231618,5,6,6,6
localhost,Harsha-Laptop,file512KB.txt,20151018231618,20151018231618,20151018231618,20151018231618,20151018231618,20151018231618,11,12,15,13
localhost,Harsha-Laptop,file1MB.txt,20151018231618,20151018231618,20151018231618,20151018231618,20151018231618,20151018231618,26,29,30,28
localhost,Harsha-Laptop,file32B.txt,20151018231908,20151018231908,20151018231908,20151018231908,20151018231908,20151018231908,0,0,0,0
localhost,Harsha-Laptop,file1KB.txt,20151018231908,20151018231908,20151018231908,20151018231908,20151018231908,20151018231908,0,0,0,0
localhost,Harsha-Laptop,file256KB.txt,20151018231908,20151018231908,20151018231908,20151018231908,20151018231908,20151018231908,5,5,5,5
localhost,Harsha-Laptop,file512KB.txt,20151018231908,20151018231908,20151018231908,20151018231908,20151018231908,20151018231908,9,10,11,10
localhost,Harsha-Laptop,file1MB.txt,20151018231909,20151018231908,20151018231909,20151018231909,20151018231908,20151018231909,21,22,22,22
localhost,Harsha-Laptop,file32B.txt,20151018232223,20151018232223,20151018232223,20151018232223,20151018232223,20151018232223,0,0,0,0
localhost,Harsha-Laptop,file1KB.txt,20151018232223,20151018232223,20151018232223,20151018232223,20151018232223,20151018232223,0,0,0,0
localhost,Harsha-Laptop,file256KB.txt,20151018232223,20151018232223,20151018232223,20151018232223,20151018232223,20151018232223,21,21,23,22
localhost,Harsha-Laptop,file512KB.txt,20151018232223,20151018232223,20151018232223,20151018232223,20151018232223,20151018232223,39,44,49,44
localhost,Harsha-Laptop,file1MB.txt,20151018232223,20151018232223,20151018232223,20151018232223,20151018232223,20151018232223,86,88,88,87
localhost,Harsha-Laptop,file32B.txt,20151018232418,20151018232418,20151018232418,20151018232418,20151018232418,20151018232418,0,0,0,0
localhost,Harsha-Laptop,file1KB.txt,20151018232418,20151018232418,20151018232418,20151018232418,20151018232418,20151018232418,0,0,0,0
localhost,Harsha-Laptop,file256KB.txt,20151018232418,20151018232418,20151018232418,20151018232418,20151018232418,20151018232418,21,22,23,22
localhost,Harsha-Laptop,file512KB.txt,20151018232418,20151018232418,20151018232418,20151018232418,20151018232418,20151018232418,40,44,46,43
localhost,Harsha-Laptop,file1MB.txt,20151018232419,20151018232419,20151018232419,20151018232419,20151018232419,20151018232419,87,94,96,92
localhost,Harsha-Laptop,file32B.txt,20151018232719,20151018232719,20151018232719,20151018232719,20151018232719,20151018232719,0,0,0,0
localhost,Harsha-Laptop,file1KB.txt,20151018232719,20151018232719,20151018232719,20151018232719,20151018232719,20151018232719,0,0,0,0
localhost,Harsha-Laptop,file256KB.txt,20151018232719,20151018232719,20151018232719,20151018232719,20151018232719,20151018232719,21,21,27,23
localhost,Harsha-Laptop,file512KB.txt,20151018232719,20151018232719,20151018232719,20151018232719,20151018232719,20151018232719,38,45,45,43
localhost,Harsha-Laptop,file1MB.txt,20151018232720,20151018232719,20151018232719,20151018232720,20151018232719,20151018232719,91,92,95,93
localhost,Harsha-Laptop,file32B.txt,20151018232855,20151018232855,20151018232855,20151018232855,20151018232855,20151018232855,0,0,0,0
localhost,Harsha-Laptop,file1KB.txt,20151018232855,20151018232855,20151018232855,20151018232855,20151018232855,20151018232855,0,0,0,0
localhost,Harsha-Laptop,file256KB.txt,20151018232855,20151018232855,20151018232855,20151018232855,20151018232855,20151018232855,22,23,23,23
localhost,Harsha-Laptop,file512KB.txt,20151018232855,20151018232855,20151018232855,20151018232855,20151018232855,20151018232855,38,43,43,41
localhost,Harsha-Laptop,file1MB.txt,20151018232856,20151018232856,20151018232856,20151018232856,20151018232856,20151018232856,84,85,88,86
ebb.colgate.edu,Harsha-Laptop,file32B.txt,20151018234619,20151018234621,20151018234620,20151018234619,20151018234621,20151018234620,75,78,80,78
ebb.colgate.edu,Harsha-Laptop,file1KB.txt,20151018234621,20151018234622,20151018234622,20151018234621,20151018234622,20151018234622,75,80,81,79
ebb.colgate.edu,Harsha-Laptop,file256KB.txt,20151018234710,20151018234640,20151018234625,20151018234722,20151018234653,20151018234639,11733,13159,13910,12934
ebb.colgate.edu,Harsha-Laptop,file512KB.txt,20151018234752,20151018234849,20151018234723,20151018234820,20151018234918,20151018234752,28487,28845,29140,28824
ebb.colgate.edu,Harsha-Laptop,file1MB.txt,20151018234919,20151018235013,20151018235109,20151018235012,20151018235109,20151018235205,52818,55932,56228,54993
ebb.colgate.edu,Harsha-Laptop,file32B.txt,20151018235613,20151018235614,20151018235612,20151018235613,20151018235614,20151018235612,81,81,82,81
ebb.colgate.edu,Harsha-Laptop,file1KB.txt,20151018235615,20151018235614,20151018235615,20151018235615,20151018235614,20151018235615,79,80,80,80
ebb.colgate.edu,Harsha-Laptop,file256KB.txt,20151018235659,20151018235617,20151018235629,20151018235710,20151018235629,20151018235641,10364,11840,12392,11532
ebb.colgate.edu,Harsha-Laptop,file512KB.txt,20151018235740,20151018235808,20151018235834,20151018235807,20151018235834,20151018235901,26544,26720,27421,26895
ebb.colgate.edu,Harsha-Laptop,file32B.txt,20151019000239,20151019000237,20151019000239,20151019000239,20151019000237,20151019000239,78,79,79,79
ebb.colgate.edu,Harsha-Laptop,file1KB.txt,20151019000240,20151019000242,20151019000241,20151019000240,20151019000242,20151019000241,77,77,78,77
ebb.colgate.edu,Harsha-Laptop,file256KB.txt,20151019000337,20151019000310,20151019000403,20151019000402,20151019000336,20151019000429,24127,25807,26586,25507
ebb.colgate.edu,Harsha-Laptop,file512KB.txt,20151019000609,20151019000429,20151019000519,20151019000657,20151019000518,20151019000608,47664,49255,49457,48792
ebb.colgate.edu,Harsha-Laptop,file1MB.txt,20151019000923,20151019001236,20151019000749,20151019001053,20151019001408,20151019000922,89376,91663,92511,91183
