ebb.colgate.edu,planetlab2.utdallas.edu,file32B.txt,2015/09/30 04:13:44,2015/09/30 04:13:59,14404.000000
ebb.colgate.edu,planetlab2.utdallas.edu,file1KB.txt,2015/09/30 04:13:59,2015/09/30 04:14:18,19425.000000
ebb.colgate.edu,planetlab2.utdallas.edu,file256KB.txt,2015/09/30 04:14:18,2015/09/30 04:15:30,71452.000000
ebb.colgate.edu,planetlab2.utdallas.edu,file512KB.txt,2015/09/30 04:15:30,2015/09/30 04:17:27,117862.000000
ebb.colgate.edu,planetlab2.utdallas.edu,file1MB.txt,2015/09/30 04:17:27,2015/09/30 04:20:54,206854.000000
kc-sce-plab2.umkc.edu,planetlab2.utdallas.edu,file32B.txt,2015/09/30 04:20:54,2015/09/30 04:21:10,15945.000000
kc-sce-plab2.umkc.edu,planetlab2.utdallas.edu,file1KB.txt,2015/09/30 04:21:10,2015/09/30 04:21:26,15808.000000
kc-sce-plab2.umkc.edu,planetlab2.utdallas.edu,file256KB.txt,2015/09/30 04:21:26,2015/09/30 04:23:42,136330.000000
kc-sce-plab2.umkc.edu,planetlab2.utdallas.edu,file512KB.txt,2015/09/30 04:23:42,2015/09/30 04:26:33,170204.000000
kc-sce-plab2.umkc.edu,planetlab2.utdallas.edu,file1MB.txt,2015/09/30 04:26:33,2015/09/30 04:29:25,172620.000000
node1.planetlab.mathcs.emory.edu,planetlab2.utdallas.edu,file32B.txt,2015/09/30 04:29:25,2015/09/30 04:29:40,14608.000000
node1.planetlab.mathcs.emory.edu,planetlab2.utdallas.edu,file1KB.txt,2015/09/30 04:29:40,2015/09/30 04:29:56,16589.000000
node1.planetlab.mathcs.emory.edu,planetlab2.utdallas.edu,file256KB.txt,2015/09/30 04:29:56,2015/09/30 04:30:27,30424.000000
node1.planetlab.mathcs.emory.edu,planetlab2.utdallas.edu,file512KB.txt,2015/09/30 04:30:27,2015/09/30 04:31:17,49822.000000
node1.planetlab.mathcs.emory.edu,planetlab2.utdallas.edu,file1MB.txt,2015/09/30 04:31:17,2015/09/30 04:32:37,79938.000000
pl3.cs.unm.edu,planetlab2.utdallas.edu,file32B.txt,2015/09/30 04:33:14,2015/09/30 04:33:29,14554.000000
pl3.cs.unm.edu,planetlab2.utdallas.edu,file1KB.txt,2015/09/30 04:33:29,2015/09/30 04:33:45,16507.000000
pl3.cs.unm.edu,planetlab2.utdallas.edu,file256KB.txt,2015/09/30 04:33:45,2015/09/30 04:34:22,36839.000000
pl3.cs.unm.edu,planetlab2.utdallas.edu,file512KB.txt,2015/09/30 04:34:22,2015/09/30 04:35:21,58581.000000
pl3.cs.unm.edu,planetlab2.utdallas.edu,file1MB.txt,2015/09/30 04:35:21,2015/09/30 04:37:04,102991.000000
plab3.eece.ksu.edu,planetlab2.utdallas.edu,file32B.txt,2015/09/30 04:37:04,2015/09/30 04:37:20,16657.000000
plab3.eece.ksu.edu,planetlab2.utdallas.edu,file1KB.txt,2015/09/30 04:37:20,2015/09/30 04:37:35,14639.000000
plab3.eece.ksu.edu,planetlab2.utdallas.edu,file256KB.txt,2015/09/30 04:37:35,2015/09/30 04:38:03,28394.000000
plab3.eece.ksu.edu,planetlab2.utdallas.edu,file512KB.txt,2015/09/30 04:38:03,2015/09/30 04:38:42,-38163.000000
plab3.eece.ksu.edu,planetlab2.utdallas.edu,file1MB.txt,2015/09/30 04:38:42,2015/09/30 04:39:47,65346.000000
planetlab-02.bu.edu,planetlab2.utdallas.edu,file32B.txt,2015/09/30 04:40:18,2015/09/30 04:40:33,14519.000000
planetlab-02.bu.edu,planetlab2.utdallas.edu,file1KB.txt,2015/09/30 04:40:33,2015/09/30 04:40:49,16461.000000
planetlab-02.bu.edu,planetlab2.utdallas.edu,file256KB.txt,2015/09/30 04:40:49,2015/09/30 04:41:28,38108.000000
planetlab-02.bu.edu,planetlab2.utdallas.edu,file512KB.txt,2015/09/30 04:41:28,2015/09/30 04:42:33,64995.000000
planetlab-02.bu.edu,planetlab2.utdallas.edu,file1MB.txt,2015/09/30 04:42:33,2015/09/30 04:44:28,115098.000000
planetlab1.clemson.edu,planetlab2.utdallas.edu,file32B.txt,2015/09/30 04:45:20,2015/09/30 04:45:35,14577.000000
planetlab1.clemson.edu,planetlab2.utdallas.edu,file1KB.txt,2015/09/30 04:45:35,2015/09/30 04:45:51,16553.000000
planetlab1.clemson.edu,planetlab2.utdallas.edu,file256KB.txt,2015/09/30 04:45:51,2015/09/30 04:46:26,34408.000000
planetlab1.clemson.edu,planetlab2.utdallas.edu,file512KB.txt,2015/09/30 04:46:26,2015/09/30 04:47:22,56364.000000
planetlab1.clemson.edu,planetlab2.utdallas.edu,file1MB.txt,2015/09/30 04:47:22,2015/09/30 04:48:59,96542.000000
planetlab1.cs.du.edu,planetlab2.utdallas.edu,file32B.txt,2015/09/30 04:49:30,2015/09/30 04:49:45,14552.000000
planetlab1.cs.du.edu,planetlab2.utdallas.edu,file1KB.txt,2015/09/30 04:49:45,2015/09/30 04:50:01,16540.000000
planetlab1.cs.du.edu,planetlab2.utdallas.edu,file256KB.txt,2015/09/30 04:50:01,2015/09/30 04:50:39,37886.000000
planetlab1.cs.du.edu,planetlab2.utdallas.edu,file512KB.txt,2015/09/30 04:50:39,2015/09/30 04:51:42,62915.000000
planetlab1.cs.du.edu,planetlab2.utdallas.edu,file1MB.txt,2015/09/30 04:51:42,2015/09/30 04:53:28,105676.000000
planetlab-1.cse.ohio-state.edu,planetlab2.utdallas.edu,file32B.txt,2015/09/30 04:53:44,2015/09/30 04:54:03,18751.000000
planetlab-1.cse.ohio-state.edu,planetlab2.utdallas.edu,file1KB.txt,2015/09/30 04:54:03,2015/09/30 04:55:23,79720.000000
planetlab-1.cse.ohio-state.edu,planetlab2.utdallas.edu,file256KB.txt,2015/09/30 04:55:23,2015/09/30 05:21:30,1567259.000000
planetlab-1.cse.ohio-state.edu,planetlab2.utdallas.edu,file512KB.txt,2015/09/30 05:21:30,2015/09/30 06:22:31,634038.000000
planetlab-1.cse.ohio-state.edu,planetlab2.utdallas.edu,file1MB.txt,2015/09/30 06:22:31,2015/09/30 08:13:54,1906824.000000
planetlab1.cs.okstate.edu,planetlab2.utdallas.edu,file32B.txt,2015/09/30 08:13:54,2015/09/30 08:14:09,14649.000000
planetlab1.cs.okstate.edu,planetlab2.utdallas.edu,file1KB.txt,2015/09/30 08:14:09,2015/09/30 08:14:24,14681.000000
planetlab1.cs.okstate.edu,planetlab2.utdallas.edu,file256KB.txt,2015/09/30 08:14:24,2015/09/30 08:14:48,24046.000000
planetlab1.cs.okstate.edu,planetlab2.utdallas.edu,file512KB.txt,2015/09/30 08:14:48,2015/09/30 08:15:21,33350.000000
planetlab1.cs.okstate.edu,planetlab2.utdallas.edu,file1MB.txt,2015/09/30 08:15:21,2015/09/30 08:16:11,50056.000000
planetlab1.cs.ucla.edu,planetlab2.utdallas.edu,file32B.txt,2015/09/30 08:16:11,2015/09/30 08:16:27,16463.000000
planetlab1.cs.ucla.edu,planetlab2.utdallas.edu,file1KB.txt,2015/09/30 08:16:27,2015/09/30 08:16:42,14516.000000
planetlab1.cs.ucla.edu,planetlab2.utdallas.edu,file256KB.txt,2015/09/30 08:16:42,2015/09/30 08:17:18,36046.000000
planetlab1.cs.ucla.edu,planetlab2.utdallas.edu,file512KB.txt,2015/09/30 08:17:18,2015/09/30 08:18:15,57263.000000
planetlab1.cs.ucla.edu,planetlab2.utdallas.edu,file1MB.txt,2015/09/30 08:18:15,2015/09/30 08:19:53,97389.000000
planetlab1.csuohio.edu,planetlab2.utdallas.edu,file32B.txt,2015/09/30 08:19:53,2015/09/30 08:20:09,16479.000000
planetlab1.csuohio.edu,planetlab2.utdallas.edu,file1KB.txt,2015/09/30 08:20:09,2015/09/30 08:20:24,14454.000000
planetlab1.csuohio.edu,planetlab2.utdallas.edu,file256KB.txt,2015/09/30 08:20:24,2015/09/30 08:21:06,42413.000000
planetlab1.csuohio.edu,planetlab2.utdallas.edu,file512KB.txt,2015/09/30 08:21:06,2015/09/30 08:22:13,66526.000000
planetlab1.csuohio.edu,planetlab2.utdallas.edu,file1MB.txt,2015/09/30 08:22:13,2015/09/30 08:24:23,130445.000000
planetlab1.ucsd.edu,planetlab2.utdallas.edu,file32B.txt,2015/09/30 08:25:14,2015/09/30 08:25:30,16575.000000
planetlab1.ucsd.edu,planetlab2.utdallas.edu,file1KB.txt,2015/09/30 08:25:30,2015/09/30 08:25:45,14549.000000
planetlab1.ucsd.edu,planetlab2.utdallas.edu,file256KB.txt,2015/09/30 08:25:45,2015/09/30 08:26:23,38777.000000
planetlab1.ucsd.edu,planetlab2.utdallas.edu,file512KB.txt,2015/09/30 08:26:23,2015/09/30 08:27:20,56597.000000
planetlab1.ucsd.edu,planetlab2.utdallas.edu,file1MB.txt,2015/09/30 08:27:20,2015/09/30 08:29:04,104287.000000
planetlab2.acis.ufl.edu,planetlab2.utdallas.edu,file32B.txt,2015/09/30 08:29:04,2015/09/30 08:29:19,14532.000000
planetlab2.acis.ufl.edu,planetlab2.utdallas.edu,file1KB.txt,2015/09/30 08:29:19,2015/09/30 08:29:35,16485.000000
planetlab2.acis.ufl.edu,planetlab2.utdallas.edu,file256KB.txt,2015/09/30 08:29:35,2015/09/30 08:30:13,37516.000000
planetlab2.acis.ufl.edu,planetlab2.utdallas.edu,file512KB.txt,2015/09/30 08:30:13,2015/09/30 08:31:14,60733.000000
planetlab2.acis.ufl.edu,planetlab2.utdallas.edu,file1MB.txt,2015/09/30 08:31:14,2015/09/30 08:33:02,108610.000000
planetlab2.arizona-gigapop.net,planetlab2.utdallas.edu,file32B.txt,2015/09/30 08:33:02,2015/09/30 08:33:17,14618.000000
planetlab2.arizona-gigapop.net,planetlab2.utdallas.edu,file1KB.txt,2015/09/30 08:33:17,2015/09/30 08:33:33,16597.000000
planetlab2.arizona-gigapop.net,planetlab2.utdallas.edu,file256KB.txt,2015/09/30 08:33:33,2015/09/30 08:34:04,31037.000000
planetlab2.arizona-gigapop.net,planetlab2.utdallas.edu,file512KB.txt,2015/09/30 08:34:04,2015/09/30 08:34:50,45310.000000
planetlab2.arizona-gigapop.net,planetlab2.utdallas.edu,file1MB.txt,2015/09/30 08:34:50,2015/09/30 08:36:08,77930.000000
planetlab2.citadel.edu,planetlab2.utdallas.edu,file32B.txt,2015/09/30 08:36:08,2015/09/30 08:36:24,16498.000000
planetlab2.citadel.edu,planetlab2.utdallas.edu,file1KB.txt,2015/09/30 08:36:24,2015/09/30 08:36:39,14497.000000
planetlab2.citadel.edu,planetlab2.utdallas.edu,file256KB.txt,2015/09/30 08:36:39,2015/09/30 08:37:21,42565.000000
planetlab2.citadel.edu,planetlab2.utdallas.edu,file512KB.txt,2015/09/30 08:37:21,2015/09/30 08:38:28,66490.000000
planetlab2.citadel.edu,planetlab2.utdallas.edu,file1MB.txt,2015/09/30 08:38:28,2015/09/30 08:40:28,120251.000000
planetlab2.cs.pitt.edu,planetlab2.utdallas.edu,file32B.txt,2015/09/30 08:40:43,2015/09/30 08:40:59,16530.000000
planetlab2.cs.pitt.edu,planetlab2.utdallas.edu,file1KB.txt,2015/09/30 08:40:59,2015/09/30 08:41:14,14508.000000
planetlab2.cs.pitt.edu,planetlab2.utdallas.edu,file256KB.txt,2015/09/30 08:41:14,2015/09/30 08:41:50,36562.000000
planetlab2.cs.pitt.edu,planetlab2.utdallas.edu,file512KB.txt,2015/09/30 08:41:50,2015/09/30 08:42:59,68228.000000
planetlab2.cs.pitt.edu,planetlab2.utdallas.edu,file1MB.txt,2015/09/30 08:42:59,2015/09/30 08:44:35,96534.000000
planetlab2.cs.purdue.edu,planetlab2.utdallas.edu,file32B.txt,2015/09/30 08:44:35,2015/09/30 08:44:52,17299.000000
planetlab2.cs.purdue.edu,planetlab2.utdallas.edu,file1KB.txt,2015/09/30 08:44:52,2015/09/30 08:45:09,16566.000000
planetlab2.cs.purdue.edu,planetlab2.utdallas.edu,file256KB.txt,2015/09/30 08:45:09,2015/09/30 08:48:09,179537.000000
planetlab2.cs.purdue.edu,planetlab2.utdallas.edu,file512KB.txt,2015/09/30 08:48:09,2015/09/30 08:52:42,273616.000000
planetlab2.cs.purdue.edu,planetlab2.utdallas.edu,file1MB.txt,2015/09/30 08:52:42,2015/09/30 08:55:37,175022.000000
planetlab2.cs.uml.edu,planetlab2.utdallas.edu,file32B.txt,2015/09/30 08:56:49,2015/09/30 08:57:05,16221.000000
planetlab2.cs.uml.edu,planetlab2.utdallas.edu,file1KB.txt,2015/09/30 08:57:05,2015/09/30 08:57:21,16412.000000
planetlab2.cs.uml.edu,planetlab2.utdallas.edu,file256KB.txt,2015/09/30 08:57:21,2015/09/30 08:58:13,51592.000000
planetlab2.cs.uml.edu,planetlab2.utdallas.edu,file512KB.txt,2015/09/30 08:58:13,2015/09/30 08:59:32,79226.000000
planetlab2.cs.uml.edu,planetlab2.utdallas.edu,file1MB.txt,2015/09/30 08:59:32,2015/09/30 09:01:43,131240.000000
planetlab2.cs.unc.edu,planetlab2.utdallas.edu,file32B.txt,2015/09/30 09:01:43,2015/09/30 09:01:53,9604.000000
planetlab2.cs.unc.edu,planetlab2.utdallas.edu,file1KB.txt,2015/09/30 09:01:53,2015/09/30 09:02:03,9560.000000
planetlab2.cs.unc.edu,planetlab2.utdallas.edu,file256KB.txt,2015/09/30 09:02:03,2015/09/30 09:02:37,34448.000000
planetlab2.cs.unc.edu,planetlab2.utdallas.edu,file512KB.txt,2015/09/30 09:02:37,2015/09/30 09:03:34,57334.000000
planetlab2.cs.unc.edu,planetlab2.utdallas.edu,file1MB.txt,2015/09/30 09:03:34,2015/09/30 09:05:17,103083.000000
planetlab2.cs.uoregon.edu,planetlab2.utdallas.edu,file32B.txt,2015/09/30 09:05:17,2015/09/30 09:05:32,14408.000000
planetlab2.cs.uoregon.edu,planetlab2.utdallas.edu,file1KB.txt,2015/09/30 09:05:32,2015/09/30 09:05:48,16263.000000
planetlab2.cs.uoregon.edu,planetlab2.utdallas.edu,file256KB.txt,2015/09/30 09:05:48,2015/09/30 09:06:37,48599.000000
planetlab2.cs.uoregon.edu,planetlab2.utdallas.edu,file512KB.txt,2015/09/30 09:06:37,2015/09/30 09:08:01,84665.000000
planetlab2.cs.uoregon.edu,planetlab2.utdallas.edu,file1MB.txt,2015/09/30 09:08:01,2015/09/30 09:10:32,150777.000000
planetlab2.temple.edu,planetlab2.utdallas.edu,file32B.txt,2015/09/30 09:10:32,2015/09/30 09:10:47,14573.000000
planetlab2.temple.edu,planetlab2.utdallas.edu,file1KB.txt,2015/09/30 09:10:47,2015/09/30 09:11:03,16538.000000
planetlab2.temple.edu,planetlab2.utdallas.edu,file256KB.txt,2015/09/30 09:11:03,2015/09/30 09:11:37,33602.000000
planetlab2.temple.edu,planetlab2.utdallas.edu,file512KB.txt,2015/09/30 09:11:37,2015/09/30 09:12:31,54254.000000
planetlab2.temple.edu,planetlab2.utdallas.edu,file1MB.txt,2015/09/30 09:12:31,2015/09/30 09:14:03,91956.000000
planetlab2.unl.edu,planetlab2.utdallas.edu,file32B.txt,2015/09/30 09:14:03,2015/09/30 09:14:18,14707.000000
planetlab2.unl.edu,planetlab2.utdallas.edu,file1KB.txt,2015/09/30 09:14:18,2015/09/30 09:14:34,16696.000000
planetlab2.unl.edu,planetlab2.utdallas.edu,file256KB.txt,2015/09/30 09:14:34,2015/09/30 09:14:57,22819.000000
planetlab2.unl.edu,planetlab2.utdallas.edu,file512KB.txt,2015/09/30 09:14:57,2015/09/30 09:15:28,31071.000000
planetlab2.unl.edu,planetlab2.utdallas.edu,file1MB.txt,2015/09/30 09:15:28,2015/09/30 09:16:15,47160.000000
planetlab2.unr.edu,planetlab2.utdallas.edu,file32B.txt,2015/09/30 09:16:15,2015/09/30 09:16:30,14562.000000
planetlab2.unr.edu,planetlab2.utdallas.edu,file1KB.txt,2015/09/30 09:16:30,2015/09/30 09:16:45,14536.000000
planetlab2.unr.edu,planetlab2.utdallas.edu,file256KB.txt,2015/09/30 09:16:45,2015/09/30 09:17:21,36247.000000
planetlab2.unr.edu,planetlab2.utdallas.edu,file512KB.txt,2015/09/30 09:17:21,2015/09/30 09:18:17,55841.000000
planetlab2.unr.edu,planetlab2.utdallas.edu,file1MB.txt,2015/09/30 09:18:17,2015/09/30 09:19:54,97263.000000
planetlab2.uta.edu,planetlab2.utdallas.edu,file32B.txt,2015/09/30 09:19:54,2015/09/30 09:20:09,14743.000000
planetlab2.uta.edu,planetlab2.utdallas.edu,file1KB.txt,2015/09/30 09:20:09,2015/09/30 09:20:25,16793.000000
planetlab2.uta.edu,planetlab2.utdallas.edu,file256KB.txt,2015/09/30 09:20:25,2015/09/30 09:20:41,15823.000000
planetlab2.uta.edu,planetlab2.utdallas.edu,file512KB.txt,2015/09/30 09:20:41,2015/09/30 09:20:58,16976.000000
planetlab2.uta.edu,planetlab2.utdallas.edu,file1MB.txt,2015/09/30 09:20:58,2015/09/30 09:21:17,19034.000000
planetlab2.utdallas.edu,planetlab2.utdallas.edu,file32B.txt,2015/09/30 09:21:17,2015/09/30 09:21:17,1.000000
planetlab2.utdallas.edu,planetlab2.utdallas.edu,file1KB.txt,2015/09/30 09:21:17,2015/09/30 09:21:17,0.000000
planetlab2.utdallas.edu,planetlab2.utdallas.edu,file256KB.txt,2015/09/30 09:21:17,2015/09/30 09:21:17,22.000000
planetlab2.utdallas.edu,planetlab2.utdallas.edu,file512KB.txt,2015/09/30 09:21:17,2015/09/30 09:21:17,43.000000
planetlab2.utdallas.edu,planetlab2.utdallas.edu,file1MB.txt,2015/09/30 09:21:17,2015/09/30 09:21:17,86.000000
planetlab3.eecs.umich.edu,planetlab2.utdallas.edu,file32B.txt,2015/09/30 09:21:17,2015/09/30 09:21:32,14639.000000
planetlab3.eecs.umich.edu,planetlab2.utdallas.edu,file1KB.txt,2015/09/30 09:21:32,2015/09/30 09:21:48,16608.000000
planetlab3.eecs.umich.edu,planetlab2.utdallas.edu,file256KB.txt,2015/09/30 09:21:48,2015/09/30 09:22:17,28687.000000
planetlab3.eecs.umich.edu,planetlab2.utdallas.edu,file512KB.txt,2015/09/30 09:22:17,2015/09/30 09:23:00,42752.000000
planetlab3.eecs.umich.edu,planetlab2.utdallas.edu,file1MB.txt,2015/09/30 09:23:00,2015/09/30 09:24:11,70865.000000
planetlab3.rutgers.edu,planetlab2.utdallas.edu,file32B.txt,2015/09/30 09:24:11,2015/09/30 09:24:27,16436.000000
planetlab3.rutgers.edu,planetlab2.utdallas.edu,file1KB.txt,2015/09/30 09:24:27,2015/09/30 09:24:43,-16373.000000
planetlab3.rutgers.edu,planetlab2.utdallas.edu,file256KB.txt,2015/09/30 09:24:43,2015/09/30 09:25:21,37060.000000
planetlab3.rutgers.edu,planetlab2.utdallas.edu,file512KB.txt,2015/09/30 09:25:21,2015/09/30 09:26:24,63772.000000
planetlab3.rutgers.edu,planetlab2.utdallas.edu,file1MB.txt,2015/09/30 09:26:24,2015/09/30 09:28:13,109028.000000
planetlab3.wail.wisc.edu,planetlab2.utdallas.edu,file32B.txt,2015/09/30 09:28:13,2015/09/30 09:28:28,14470.000000
planetlab3.wail.wisc.edu,planetlab2.utdallas.edu,file1KB.txt,2015/09/30 09:28:28,2015/09/30 09:28:44,16529.000000
planetlab3.wail.wisc.edu,planetlab2.utdallas.edu,file256KB.txt,2015/09/30 09:28:44,2015/09/30 09:29:19,34317.000000
planetlab3.wail.wisc.edu,planetlab2.utdallas.edu,file512KB.txt,2015/09/30 09:29:19,2015/09/30 09:30:15,56015.000000
planetlab3.wail.wisc.edu,planetlab2.utdallas.edu,file1MB.txt,2015/09/30 09:30:15,2015/09/30 09:31:52,97574.000000
planetlab4.tamu.edu,planetlab2.utdallas.edu,file32B.txt,2015/09/30 09:31:52,2015/09/30 09:32:07,14697.000000
planetlab4.tamu.edu,planetlab2.utdallas.edu,file1KB.txt,2015/09/30 09:32:07,2015/09/30 09:32:22,14738.000000
planetlab4.tamu.edu,planetlab2.utdallas.edu,file256KB.txt,2015/09/30 09:32:22,2015/09/30 09:32:40,18341.000000
planetlab4.tamu.edu,planetlab2.utdallas.edu,file512KB.txt,2015/09/30 09:32:40,2015/09/30 09:33:00,19916.000000
planetlab4.tamu.edu,planetlab2.utdallas.edu,file1MB.txt,2015/09/30 09:33:00,2015/09/30 09:33:25,25068.000000
planetlab-5.eecs.cwru.edu,planetlab2.utdallas.edu,file32B.txt,2015/09/30 09:33:25,2015/09/30 09:33:40,14548.000000
planetlab-5.eecs.cwru.edu,planetlab2.utdallas.edu,file1KB.txt,2015/09/30 09:33:40,2015/09/30 09:33:56,16519.000000
planetlab-5.eecs.cwru.edu,planetlab2.utdallas.edu,file256KB.txt,2015/09/30 09:33:56,2015/09/30 09:34:33,36483.000000
planetlab-5.eecs.cwru.edu,planetlab2.utdallas.edu,file512KB.txt,2015/09/30 09:34:33,2015/09/30 09:35:33,60294.000000
planetlab-5.eecs.cwru.edu,planetlab2.utdallas.edu,file1MB.txt,2015/09/30 09:35:33,2015/09/30 09:37:17,104145.000000
planetlabone.ccs.neu.edu,planetlab2.utdallas.edu,file32B.txt,2015/09/30 09:37:17,2015/09/30 09:37:33,16413.000000
planetlabone.ccs.neu.edu,planetlab2.utdallas.edu,file1KB.txt,2015/09/30 09:37:33,2015/09/30 09:37:48,14444.000000
planetlabone.ccs.neu.edu,planetlab2.utdallas.edu,file256KB.txt,2015/09/30 09:37:48,2015/09/30 09:38:27,39118.000000
planetlabone.ccs.neu.edu,planetlab2.utdallas.edu,file512KB.txt,2015/09/30 09:38:27,2015/09/30 09:39:30,63494.000000
planetlabone.ccs.neu.edu,planetlab2.utdallas.edu,file1MB.txt,2015/09/30 09:39:30,2015/09/30 09:41:20,109728.000000
pl-node-0.csl.sri.com,planetlab2.utdallas.edu,file32B.txt,2015/09/30 09:41:20,2015/09/30 09:41:35,14446.000000
pl-node-0.csl.sri.com,planetlab2.utdallas.edu,file1KB.txt,2015/09/30 09:41:35,2015/09/30 09:41:51,16405.000000
pl-node-0.csl.sri.com,planetlab2.utdallas.edu,file256KB.txt,2015/09/30 09:41:51,2015/09/30 09:42:32,40583.000000
pl-node-0.csl.sri.com,planetlab2.utdallas.edu,file512KB.txt,2015/09/30 09:42:32,2015/09/30 09:43:41,69841.000000
pl-node-0.csl.sri.com,planetlab2.utdallas.edu,file1MB.txt,2015/09/30 09:43:41,2015/09/30 09:45:42,120723.000000
ricepl-5.cs.rice.edu,planetlab2.utdallas.edu,file32B.txt,2015/09/30 09:45:57,2015/09/30 09:46:12,14721.000000
ricepl-5.cs.rice.edu,planetlab2.utdallas.edu,file1KB.txt,2015/09/30 09:46:12,2015/09/30 09:46:28,16762.000000
ricepl-5.cs.rice.edu,planetlab2.utdallas.edu,file256KB.txt,2015/09/30 09:46:28,2015/09/30 09:46:46,17365.000000
ricepl-5.cs.rice.edu,planetlab2.utdallas.edu,file512KB.txt,2015/09/30 09:46:46,2015/09/30 09:47:08,21924.000000
ricepl-5.cs.rice.edu,planetlab2.utdallas.edu,file1MB.txt,2015/09/30 09:47:08,2015/09/30 09:47:38,30134.000000
salt.planetlab.cs.umd.edu,planetlab2.utdallas.edu,file32B.txt,2015/09/30 09:47:38,2015/09/30 09:47:54,16507.000000
salt.planetlab.cs.umd.edu,planetlab2.utdallas.edu,file1KB.txt,2015/09/30 09:47:54,2015/09/30 09:48:09,14469.000000
salt.planetlab.cs.umd.edu,planetlab2.utdallas.edu,file256KB.txt,2015/09/30 09:48:09,2015/09/30 09:48:48,39421.000000
salt.planetlab.cs.umd.edu,planetlab2.utdallas.edu,file512KB.txt,2015/09/30 09:48:48,2015/09/30 09:49:50,62102.000000
salt.planetlab.cs.umd.edu,planetlab2.utdallas.edu,file1MB.txt,2015/09/30 09:49:50,2015/09/30 09:51:38,107989.000000
pl1.eecs.utk.edu,planetlab2.utdallas.edu,file32B.txt,2015/09/30 09:51:53,2015/09/30 09:52:11,17800.000000
pl1.eecs.utk.edu,planetlab2.utdallas.edu,file1KB.txt,2015/09/30 09:52:11,2015/09/30 09:52:30,18949.000000
pl1.eecs.utk.edu,planetlab2.utdallas.edu,file256KB.txt,2015/09/30 09:52:30,2015/09/30 09:58:43,373397.000000
pl1.eecs.utk.edu,planetlab2.utdallas.edu,file512KB.txt,2015/09/30 09:58:43,2015/09/30 10:09:32,648984.000000
pl1.eecs.utk.edu,planetlab2.utdallas.edu,file1MB.txt,2015/09/30 10:09:32,2015/09/30 10:28:07,1114904.000000
planetlab-01.vt.nodes.planet-lab.org,planetlab2.utdallas.edu,file32B.txt,2015/09/30 10:28:07,2015/09/30 10:28:22,14482.000000
planetlab-01.vt.nodes.planet-lab.org,planetlab2.utdallas.edu,file1KB.txt,2015/09/30 10:28:22,2015/09/30 10:28:38,16420.000000
planetlab-01.vt.nodes.planet-lab.org,planetlab2.utdallas.edu,file256KB.txt,2015/09/30 10:28:38,2015/09/30 10:29:18,40400.000000
planetlab-01.vt.nodes.planet-lab.org,planetlab2.utdallas.edu,file512KB.txt,2015/09/30 10:29:18,2015/09/30 10:30:21,62380.000000
planetlab-01.vt.nodes.planet-lab.org,planetlab2.utdallas.edu,file1MB.txt,2015/09/30 10:30:21,2015/09/30 10:32:13,112099.000000
planetlab-04.vt.nodes.planet-lab.org,planetlab2.utdallas.edu,file32B.txt,2015/09/30 10:32:13,2015/09/30 10:32:29,16485.000000
planetlab-04.vt.nodes.planet-lab.org,planetlab2.utdallas.edu,file1KB.txt,2015/09/30 10:32:29,2015/09/30 10:32:44,14446.000000
planetlab-04.vt.nodes.planet-lab.org,planetlab2.utdallas.edu,file256KB.txt,2015/09/30 10:32:44,2015/09/30 10:33:24,40594.000000
planetlab-04.vt.nodes.planet-lab.org,planetlab2.utdallas.edu,file512KB.txt,2015/09/30 10:33:24,2015/09/30 10:34:27,62590.000000
planetlab-04.vt.nodes.planet-lab.org,planetlab2.utdallas.edu,file1MB.txt,2015/09/30 10:34:27,2015/09/30 10:36:18,-110671.000000
planetlab-4.eecs.cwru.edu,planetlab2.utdallas.edu,file32B.txt,2015/09/30 10:36:18,2015/09/30 10:36:34,16537.000000
planetlab-4.eecs.cwru.edu,planetlab2.utdallas.edu,file1KB.txt,2015/09/30 10:36:34,2015/09/30 10:36:49,14548.000000
planetlab-4.eecs.cwru.edu,planetlab2.utdallas.edu,file256KB.txt,2015/09/30 10:36:49,2015/09/30 10:37:27,38545.000000
planetlab-4.eecs.cwru.edu,planetlab2.utdallas.edu,file512KB.txt,2015/09/30 10:37:27,2015/09/30 10:38:26,58364.000000
planetlab-4.eecs.cwru.edu,planetlab2.utdallas.edu,file1MB.txt,2015/09/30 10:38:26,2015/09/30 10:40:10,104078.000000
planetlab01.cs.washington.edu,planetlab2.utdallas.edu,file32B.txt,2015/09/30 10:40:10,2015/09/30 10:40:26,16472.000000
planetlab01.cs.washington.edu,planetlab2.utdallas.edu,file1KB.txt,2015/09/30 10:40:26,2015/09/30 10:40:41,14458.000000
planetlab01.cs.washington.edu,planetlab2.utdallas.edu,file256KB.txt,2015/09/30 10:40:41,2015/09/30 10:41:26,45811.000000
planetlab01.cs.washington.edu,planetlab2.utdallas.edu,file512KB.txt,2015/09/30 10:41:26,2015/09/30 10:42:38,71170.000000
planetlab01.cs.washington.edu,planetlab2.utdallas.edu,file1MB.txt,2015/09/30 10:42:38,2015/09/30 10:44:50,132386.000000
planetlab02.cs.washington.edu,planetlab2.utdallas.edu,file32B.txt,2015/09/30 10:44:50,2015/09/30 10:45:06,16470.000000
planetlab02.cs.washington.edu,planetlab2.utdallas.edu,file1KB.txt,2015/09/30 10:45:06,2015/09/30 10:45:21,14272.000000
planetlab02.cs.washington.edu,planetlab2.utdallas.edu,file256KB.txt,2015/09/30 10:45:21,2015/09/30 10:46:06,45594.000000
planetlab02.cs.washington.edu,planetlab2.utdallas.edu,file512KB.txt,2015/09/30 10:46:06,2015/09/30 10:47:19,73094.000000
planetlab02.cs.washington.edu,planetlab2.utdallas.edu,file1MB.txt,2015/09/30 10:47:19,2015/09/30 10:49:29,129640.000000
planetlab1.arizona-gigapop.net,planetlab2.utdallas.edu,file32B.txt,2015/09/30 10:49:29,2015/09/30 10:49:44,14622.000000
planetlab1.arizona-gigapop.net,planetlab2.utdallas.edu,file1KB.txt,2015/09/30 10:49:44,2015/09/30 10:50:00,16589.000000
planetlab1.arizona-gigapop.net,planetlab2.utdallas.edu,file256KB.txt,2015/09/30 10:50:00,2015/09/30 10:50:31,31164.000000
planetlab1.arizona-gigapop.net,planetlab2.utdallas.edu,file512KB.txt,2015/09/30 10:50:31,2015/09/30 10:51:17,45516.000000
planetlab1.arizona-gigapop.net,planetlab2.utdallas.edu,file1MB.txt,2015/09/30 10:51:17,2015/09/30 10:52:34,76601.000000
planetlab1.cs.unc.edu,planetlab2.utdallas.edu,file32B.txt,2015/09/30 10:52:34,2015/09/30 10:52:45,11635.000000
planetlab1.cs.unc.edu,planetlab2.utdallas.edu,file1KB.txt,2015/09/30 10:52:45,2015/09/30 10:52:55,9597.000000
planetlab1.cs.unc.edu,planetlab2.utdallas.edu,file256KB.txt,2015/09/30 10:52:55,2015/09/30 10:53:28,33151.000000
planetlab1.cs.unc.edu,planetlab2.utdallas.edu,file512KB.txt,2015/09/30 10:53:28,2015/09/30 10:54:23,54781.000000
planetlab1.cs.unc.edu,planetlab2.utdallas.edu,file1MB.txt,2015/09/30 10:54:23,2015/09/30 10:56:03,100347.000000
