ebb.colgate.edu,planetlab1.csuohio.edu,file32B.txt,2015/09/30 04:12:17,2015/09/30 04:12:17,949.000000
ebb.colgate.edu,planetlab1.csuohio.edu,file1KB.txt,2015/09/30 04:12:17,2015/09/30 04:12:18,1549.000000
ebb.colgate.edu,planetlab1.csuohio.edu,file256KB.txt,2015/09/30 04:12:18,2015/09/30 04:12:52,33943.000000
ebb.colgate.edu,planetlab1.csuohio.edu,file512KB.txt,2015/09/30 04:12:52,2015/09/30 04:14:14,82336.000000
ebb.colgate.edu,planetlab1.csuohio.edu,file1MB.txt,2015/09/30 04:14:14,2015/09/30 04:16:34,139153.000000
kc-sce-plab2.umkc.edu,planetlab1.csuohio.edu,file32B.txt,2015/09/30 04:16:34,2015/09/30 04:16:35,1743.000000
kc-sce-plab2.umkc.edu,planetlab1.csuohio.edu,file1KB.txt,2015/09/30 04:16:35,2015/09/30 04:16:35,350.000000
kc-sce-plab2.umkc.edu,planetlab1.csuohio.edu,file256KB.txt,2015/09/30 04:16:35,2015/09/30 04:17:05,29981.000000
kc-sce-plab2.umkc.edu,planetlab1.csuohio.edu,file512KB.txt,2015/09/30 04:17:05,2015/09/30 04:18:38,92785.000000
kc-sce-plab2.umkc.edu,planetlab1.csuohio.edu,file1MB.txt,2015/09/30 04:18:38,2015/09/30 04:24:50,372680.000000
node1.planetlab.mathcs.emory.edu,planetlab1.csuohio.edu,file32B.txt,2015/09/30 04:24:50,2015/09/30 04:24:50,288.000000
node1.planetlab.mathcs.emory.edu,planetlab1.csuohio.edu,file1KB.txt,2015/09/30 04:24:50,2015/09/30 04:24:50,262.000000
node1.planetlab.mathcs.emory.edu,planetlab1.csuohio.edu,file256KB.txt,2015/09/30 04:24:50,2015/09/30 04:25:09,19454.000000
node1.planetlab.mathcs.emory.edu,planetlab1.csuohio.edu,file512KB.txt,2015/09/30 04:25:09,2015/09/30 04:25:46,36871.000000
node1.planetlab.mathcs.emory.edu,planetlab1.csuohio.edu,file1MB.txt,2015/09/30 04:25:46,2015/09/30 04:27:00,73388.000000
pl3.cs.unm.edu,planetlab1.csuohio.edu,file32B.txt,2015/09/30 04:27:22,2015/09/30 04:27:22,583.000000
pl3.cs.unm.edu,planetlab1.csuohio.edu,file1KB.txt,2015/09/30 04:27:22,2015/09/30 04:27:23,1492.000000
pl3.cs.unm.edu,planetlab1.csuohio.edu,file256KB.txt,2015/09/30 04:27:23,2015/09/30 04:28:00,37127.000000
pl3.cs.unm.edu,planetlab1.csuohio.edu,file512KB.txt,2015/09/30 04:28:00,2015/09/30 04:29:13,72543.000000
pl3.cs.unm.edu,planetlab1.csuohio.edu,file1MB.txt,2015/09/30 04:29:13,2015/09/30 04:31:42,149465.000000
plab3.eece.ksu.edu,planetlab1.csuohio.edu,file32B.txt,2015/09/30 04:31:42,2015/09/30 04:31:42,478.000000
plab3.eece.ksu.edu,planetlab1.csuohio.edu,file1KB.txt,2015/09/30 04:31:42,2015/09/30 04:31:43,1532.000000
plab3.eece.ksu.edu,planetlab1.csuohio.edu,file256KB.txt,2015/09/30 04:31:43,2015/09/30 04:32:16,32510.000000
plab3.eece.ksu.edu,planetlab1.csuohio.edu,file512KB.txt,2015/09/30 04:32:16,2015/09/30 04:33:23,67291.000000
plab3.eece.ksu.edu,planetlab1.csuohio.edu,file1MB.txt,2015/09/30 04:33:23,2015/09/30 04:35:34,130942.000000
planetlab-02.bu.edu,planetlab1.csuohio.edu,file32B.txt,2015/09/30 04:35:34,2015/09/30 04:35:34,242.000000
planetlab-02.bu.edu,planetlab1.csuohio.edu,file1KB.txt,2015/09/30 04:35:34,2015/09/30 04:35:35,1756.000000
planetlab-02.bu.edu,planetlab1.csuohio.edu,file256KB.txt,2015/09/30 04:35:35,2015/09/30 04:35:51,15208.000000
planetlab-02.bu.edu,planetlab1.csuohio.edu,file512KB.txt,2015/09/30 04:35:51,2015/09/30 04:36:24,33211.000000
planetlab-02.bu.edu,planetlab1.csuohio.edu,file1MB.txt,2015/09/30 04:36:24,2015/09/30 04:37:32,68553.000000
planetlab1.clemson.edu,planetlab1.csuohio.edu,file32B.txt,2015/09/30 04:37:53,2015/09/30 04:37:53,254.000000
planetlab1.clemson.edu,planetlab1.csuohio.edu,file1KB.txt,2015/09/30 04:37:53,2015/09/30 04:37:53,229.000000
planetlab1.clemson.edu,planetlab1.csuohio.edu,file256KB.txt,2015/09/30 04:37:53,2015/09/30 04:38:09,16370.000000
planetlab1.clemson.edu,planetlab1.csuohio.edu,file512KB.txt,2015/09/30 04:38:09,2015/09/30 04:38:43,-33777.000000
planetlab1.clemson.edu,planetlab1.csuohio.edu,file1MB.txt,2015/09/30 04:38:43,2015/09/30 04:39:46,63469.000000
planetlab1.cs.du.edu,planetlab1.csuohio.edu,file32B.txt,2015/09/30 04:39:46,2015/09/30 04:39:46,309.000000
planetlab1.cs.du.edu,planetlab1.csuohio.edu,file1KB.txt,2015/09/30 04:39:46,2015/09/30 04:39:47,1674.000000
planetlab1.cs.du.edu,planetlab1.csuohio.edu,file256KB.txt,2015/09/30 04:39:47,2015/09/30 04:40:09,21709.000000
planetlab1.cs.du.edu,planetlab1.csuohio.edu,file512KB.txt,2015/09/30 04:40:09,2015/09/30 04:40:53,43623.000000
planetlab1.cs.du.edu,planetlab1.csuohio.edu,file1MB.txt,2015/09/30 04:40:53,2015/09/30 04:42:22,89650.000000
planetlab-1.cse.ohio-state.edu,planetlab1.csuohio.edu,file32B.txt,2015/09/30 04:42:22,2015/09/30 04:42:24,1871.000000
planetlab-1.cse.ohio-state.edu,planetlab1.csuohio.edu,file1KB.txt,2015/09/30 04:42:24,2015/09/30 04:42:35,11476.000000
planetlab-1.cse.ohio-state.edu,planetlab1.csuohio.edu,file256KB.txt,2015/09/30 04:42:35,2015/09/30 04:59:46,1030729.000000
planetlab-1.cse.ohio-state.edu,planetlab1.csuohio.edu,file512KB.txt,2015/09/30 04:59:46,2015/09/30 05:54:16,1024935.000000
planetlab-1.cse.ohio-state.edu,planetlab1.csuohio.edu,file1MB.txt,2015/09/30 05:54:16,2015/09/30 08:02:30,-896392.000000
planetlab1.cs.okstate.edu,planetlab1.csuohio.edu,file32B.txt,2015/09/30 08:02:30,2015/09/30 08:02:31,1376.000000
planetlab1.cs.okstate.edu,planetlab1.csuohio.edu,file1KB.txt,2015/09/30 08:02:31,2015/09/30 08:02:31,362.000000
planetlab1.cs.okstate.edu,planetlab1.csuohio.edu,file256KB.txt,2015/09/30 08:02:31,2015/09/30 08:03:00,29423.000000
planetlab1.cs.okstate.edu,planetlab1.csuohio.edu,file512KB.txt,2015/09/30 08:03:00,2015/09/30 08:04:12,71946.000000
planetlab1.cs.okstate.edu,planetlab1.csuohio.edu,file1MB.txt,2015/09/30 08:04:12,2015/09/30 08:06:02,110011.000000
planetlab1.cs.ucla.edu,planetlab1.csuohio.edu,file32B.txt,2015/09/30 08:06:02,2015/09/30 08:06:02,568.000000
planetlab1.cs.ucla.edu,planetlab1.csuohio.edu,file1KB.txt,2015/09/30 08:06:02,2015/09/30 08:06:03,1407.000000
planetlab1.cs.ucla.edu,planetlab1.csuohio.edu,file256KB.txt,2015/09/30 08:06:03,2015/09/30 08:07:04,61236.000000
planetlab1.cs.ucla.edu,planetlab1.csuohio.edu,file512KB.txt,2015/09/30 08:07:04,2015/09/30 08:08:31,86578.000000
planetlab1.cs.ucla.edu,planetlab1.csuohio.edu,file1MB.txt,2015/09/30 08:08:31,2015/09/30 08:11:10,159306.000000
planetlab1.csuohio.edu,planetlab1.csuohio.edu,file32B.txt,2015/09/30 08:11:10,2015/09/30 08:11:10,3.000000
planetlab1.csuohio.edu,planetlab1.csuohio.edu,file1KB.txt,2015/09/30 08:11:10,2015/09/30 08:11:10,1.000000
planetlab1.csuohio.edu,planetlab1.csuohio.edu,file256KB.txt,2015/09/30 08:11:10,2015/09/30 08:11:10,34.000000
planetlab1.csuohio.edu,planetlab1.csuohio.edu,file512KB.txt,2015/09/30 08:11:10,2015/09/30 08:11:10,73.000000
planetlab1.csuohio.edu,planetlab1.csuohio.edu,file1MB.txt,2015/09/30 08:11:10,2015/09/30 08:11:10,198.000000
planetlab1.ucsd.edu,planetlab1.csuohio.edu,file32B.txt,2015/09/30 08:11:31,2015/09/30 08:11:32,1334.000000
planetlab1.ucsd.edu,planetlab1.csuohio.edu,file1KB.txt,2015/09/30 08:11:32,2015/09/30 08:11:33,1416.000000
planetlab1.ucsd.edu,planetlab1.csuohio.edu,file256KB.txt,2015/09/30 08:11:33,2015/09/30 08:12:16,42475.000000
planetlab1.ucsd.edu,planetlab1.csuohio.edu,file512KB.txt,2015/09/30 08:12:16,2015/09/30 08:13:48,-92154.000000
planetlab1.ucsd.edu,planetlab1.csuohio.edu,file1MB.txt,2015/09/30 08:13:48,2015/09/30 08:16:37,169124.000000
planetlab2.acis.ufl.edu,planetlab1.csuohio.edu,file32B.txt,2015/09/30 08:16:37,2015/09/30 08:16:37,498.000000
planetlab2.acis.ufl.edu,planetlab1.csuohio.edu,file1KB.txt,2015/09/30 08:16:37,2015/09/30 08:16:38,1537.000000
planetlab2.acis.ufl.edu,planetlab1.csuohio.edu,file256KB.txt,2015/09/30 08:16:38,2015/09/30 08:17:20,41819.000000
planetlab2.acis.ufl.edu,planetlab1.csuohio.edu,file512KB.txt,2015/09/30 08:17:20,2015/09/30 08:18:27,67281.000000
planetlab2.acis.ufl.edu,planetlab1.csuohio.edu,file1MB.txt,2015/09/30 08:18:27,2015/09/30 08:20:38,130828.000000
planetlab2.arizona-gigapop.net,planetlab1.csuohio.edu,file32B.txt,2015/09/30 08:20:38,2015/09/30 08:20:38,443.000000
planetlab2.arizona-gigapop.net,planetlab1.csuohio.edu,file1KB.txt,2015/09/30 08:20:38,2015/09/30 08:20:39,1611.000000
planetlab2.arizona-gigapop.net,planetlab1.csuohio.edu,file256KB.txt,2015/09/30 08:20:39,2015/09/30 08:21:06,26598.000000
planetlab2.arizona-gigapop.net,planetlab1.csuohio.edu,file512KB.txt,2015/09/30 08:21:06,2015/09/30 08:22:01,55535.000000
planetlab2.arizona-gigapop.net,planetlab1.csuohio.edu,file1MB.txt,2015/09/30 08:22:01,2015/09/30 08:23:59,117786.000000
planetlab2.citadel.edu,planetlab1.csuohio.edu,file32B.txt,2015/09/30 08:23:59,2015/09/30 08:23:59,429.000000
planetlab2.citadel.edu,planetlab1.csuohio.edu,file1KB.txt,2015/09/30 08:23:59,2015/09/30 08:24:00,1606.000000
planetlab2.citadel.edu,planetlab1.csuohio.edu,file256KB.txt,2015/09/30 08:24:00,2015/09/30 08:24:27,26332.000000
planetlab2.citadel.edu,planetlab1.csuohio.edu,file512KB.txt,2015/09/30 08:24:27,2015/09/30 08:25:21,53883.000000
planetlab2.citadel.edu,planetlab1.csuohio.edu,file1MB.txt,2015/09/30 08:25:21,2015/09/30 08:27:09,108109.000000
planetlab2.cs.pitt.edu,planetlab1.csuohio.edu,file32B.txt,2015/09/30 08:27:09,2015/09/30 08:27:10,1904.000000
planetlab2.cs.pitt.edu,planetlab1.csuohio.edu,file1KB.txt,2015/09/30 08:27:10,2015/09/30 08:27:10,74.000000
planetlab2.cs.pitt.edu,planetlab1.csuohio.edu,file256KB.txt,2015/09/30 08:27:10,2015/09/30 08:27:13,2163.000000
planetlab2.cs.pitt.edu,planetlab1.csuohio.edu,file512KB.txt,2015/09/30 08:27:13,2015/09/30 08:27:21,8305.000000
planetlab2.cs.pitt.edu,planetlab1.csuohio.edu,file1MB.txt,2015/09/30 08:27:21,2015/09/30 08:27:36,15191.000000
planetlab2.cs.purdue.edu,planetlab1.csuohio.edu,file32B.txt,2015/09/30 08:27:36,2015/09/30 08:27:37,1325.000000
planetlab2.cs.purdue.edu,planetlab1.csuohio.edu,file1KB.txt,2015/09/30 08:27:37,2015/09/30 08:27:38,857.000000
planetlab2.cs.purdue.edu,planetlab1.csuohio.edu,file256KB.txt,2015/09/30 08:27:38,2015/09/30 08:28:45,66337.000000
planetlab2.cs.purdue.edu,planetlab1.csuohio.edu,file512KB.txt,2015/09/30 08:28:45,2015/09/30 08:33:20,275326.000000
planetlab2.cs.purdue.edu,planetlab1.csuohio.edu,file1MB.txt,2015/09/30 08:33:20,2015/09/30 08:44:46,685719.000000
planetlab2.cs.uml.edu,planetlab1.csuohio.edu,file32B.txt,2015/09/30 08:45:29,2015/09/30 08:45:29,247.000000
planetlab2.cs.uml.edu,planetlab1.csuohio.edu,file1KB.txt,2015/09/30 08:45:29,2015/09/30 08:45:29,208.000000
planetlab2.cs.uml.edu,planetlab1.csuohio.edu,file256KB.txt,2015/09/30 08:45:29,2015/09/30 08:45:43,13959.000000
planetlab2.cs.uml.edu,planetlab1.csuohio.edu,file512KB.txt,2015/09/30 08:45:43,2015/09/30 08:46:28,44866.000000
planetlab2.cs.uml.edu,planetlab1.csuohio.edu,file1MB.txt,2015/09/30 08:46:28,2015/09/30 08:47:24,56251.000000
planetlab2.cs.unc.edu,planetlab1.csuohio.edu,file32B.txt,2015/09/30 08:47:24,2015/09/30 08:47:24,312.000000
planetlab2.cs.unc.edu,planetlab1.csuohio.edu,file1KB.txt,2015/09/30 08:47:24,2015/09/30 08:47:25,1691.000000
planetlab2.cs.unc.edu,planetlab1.csuohio.edu,file256KB.txt,2015/09/30 08:47:25,2015/09/30 08:47:48,23045.000000
planetlab2.cs.unc.edu,planetlab1.csuohio.edu,file512KB.txt,2015/09/30 08:47:48,2015/09/30 08:48:33,45065.000000
planetlab2.cs.unc.edu,planetlab1.csuohio.edu,file1MB.txt,2015/09/30 08:48:33,2015/09/30 08:50:01,87856.000000
planetlab2.cs.uoregon.edu,planetlab1.csuohio.edu,file32B.txt,2015/09/30 08:50:01,2015/09/30 08:50:01,630.000000
planetlab2.cs.uoregon.edu,planetlab1.csuohio.edu,file1KB.txt,2015/09/30 08:50:01,2015/09/30 08:50:02,1506.000000
planetlab2.cs.uoregon.edu,planetlab1.csuohio.edu,file256KB.txt,2015/09/30 08:50:02,2015/09/30 08:50:44,41546.000000
planetlab2.cs.uoregon.edu,planetlab1.csuohio.edu,file512KB.txt,2015/09/30 08:50:44,2015/09/30 08:51:54,70650.000000
planetlab2.cs.uoregon.edu,planetlab1.csuohio.edu,file1MB.txt,2015/09/30 08:51:54,2015/09/30 08:54:31,156488.000000
planetlab2.temple.edu,planetlab1.csuohio.edu,file32B.txt,2015/09/30 08:54:31,2015/09/30 08:54:31,220.000000
planetlab2.temple.edu,planetlab1.csuohio.edu,file1KB.txt,2015/09/30 08:54:31,2015/09/30 08:54:32,1844.000000
planetlab2.temple.edu,planetlab1.csuohio.edu,file256KB.txt,2015/09/30 08:54:32,2015/09/30 08:54:42,9574.000000
planetlab2.temple.edu,planetlab1.csuohio.edu,file512KB.txt,2015/09/30 08:54:42,2015/09/30 08:55:03,21273.000000
planetlab2.temple.edu,planetlab1.csuohio.edu,file1MB.txt,2015/09/30 08:55:03,2015/09/30 08:55:43,39838.000000
planetlab2.unl.edu,planetlab1.csuohio.edu,file32B.txt,2015/09/30 08:55:43,2015/09/30 08:55:43,425.000000
planetlab2.unl.edu,planetlab1.csuohio.edu,file1KB.txt,2015/09/30 08:55:43,2015/09/30 08:55:44,1573.000000
planetlab2.unl.edu,planetlab1.csuohio.edu,file256KB.txt,2015/09/30 08:55:44,2015/09/30 08:56:23,38573.000000
planetlab2.unl.edu,planetlab1.csuohio.edu,file512KB.txt,2015/09/30 08:56:23,2015/09/30 08:57:38,75292.000000
planetlab2.unl.edu,planetlab1.csuohio.edu,file1MB.txt,2015/09/30 08:57:38,2015/09/30 08:59:51,133268.000000
planetlab2.unr.edu,planetlab1.csuohio.edu,file32B.txt,2015/09/30 08:59:51,2015/09/30 08:59:51,562.000000
planetlab2.unr.edu,planetlab1.csuohio.edu,file1KB.txt,2015/09/30 08:59:51,2015/09/30 08:59:52,1479.000000
planetlab2.unr.edu,planetlab1.csuohio.edu,file256KB.txt,2015/09/30 08:59:52,2015/09/30 09:00:29,36929.000000
planetlab2.unr.edu,planetlab1.csuohio.edu,file512KB.txt,2015/09/30 09:00:29,2015/09/30 09:01:43,73547.000000
planetlab2.unr.edu,planetlab1.csuohio.edu,file1MB.txt,2015/09/30 09:01:43,2015/09/30 09:04:11,148607.000000
planetlab2.uta.edu,planetlab1.csuohio.edu,file32B.txt,2015/09/30 09:04:11,2015/09/30 09:04:11,438.000000
planetlab2.uta.edu,planetlab1.csuohio.edu,file1KB.txt,2015/09/30 09:04:11,2015/09/30 09:04:11,393.000000
planetlab2.uta.edu,planetlab1.csuohio.edu,file256KB.txt,2015/09/30 09:04:11,2015/09/30 09:04:39,28384.000000
planetlab2.uta.edu,planetlab1.csuohio.edu,file512KB.txt,2015/09/30 09:04:39,2015/09/30 09:05:36,57410.000000
planetlab2.uta.edu,planetlab1.csuohio.edu,file1MB.txt,2015/09/30 09:05:36,2015/09/30 09:07:25,108174.000000
planetlab2.utdallas.edu,planetlab1.csuohio.edu,file32B.txt,2015/09/30 09:07:25,2015/09/30 09:07:26,1632.000000
planetlab2.utdallas.edu,planetlab1.csuohio.edu,file1KB.txt,2015/09/30 09:07:26,2015/09/30 09:07:26,370.000000
planetlab2.utdallas.edu,planetlab1.csuohio.edu,file256KB.txt,2015/09/30 09:07:26,2015/09/30 09:07:53,27604.000000
planetlab2.utdallas.edu,planetlab1.csuohio.edu,file512KB.txt,2015/09/30 09:07:53,2015/09/30 09:08:44,50143.000000
planetlab2.utdallas.edu,planetlab1.csuohio.edu,file1MB.txt,2015/09/30 09:08:44,2015/09/30 09:10:28,103974.000000
planetlab3.eecs.umich.edu,planetlab1.csuohio.edu,file32B.txt,2015/09/30 09:10:28,2015/09/30 09:10:29,1822.000000
planetlab3.eecs.umich.edu,planetlab1.csuohio.edu,file1KB.txt,2015/09/30 09:10:29,2015/09/30 09:10:29,125.000000
planetlab3.eecs.umich.edu,planetlab1.csuohio.edu,file256KB.txt,2015/09/30 09:10:29,2015/09/30 09:10:37,7835.000000
planetlab3.eecs.umich.edu,planetlab1.csuohio.edu,file512KB.txt,2015/09/30 09:10:37,2015/09/30 09:10:53,15755.000000
planetlab3.eecs.umich.edu,planetlab1.csuohio.edu,file1MB.txt,2015/09/30 09:10:53,2015/09/30 09:11:26,33492.000000
planetlab3.rutgers.edu,planetlab1.csuohio.edu,file32B.txt,2015/09/30 09:11:26,2015/09/30 09:11:26,423.000000
planetlab3.rutgers.edu,planetlab1.csuohio.edu,file1KB.txt,2015/09/30 09:11:26,2015/09/30 09:11:26,236.000000
planetlab3.rutgers.edu,planetlab1.csuohio.edu,file256KB.txt,2015/09/30 09:11:26,2015/09/30 09:11:43,17782.000000
planetlab3.rutgers.edu,planetlab1.csuohio.edu,file512KB.txt,2015/09/30 09:11:43,2015/09/30 09:12:15,31818.000000
planetlab3.rutgers.edu,planetlab1.csuohio.edu,file1MB.txt,2015/09/30 09:12:15,2015/09/30 09:13:19,63716.000000
planetlab3.wail.wisc.edu,planetlab1.csuohio.edu,file32B.txt,2015/09/30 09:13:19,2015/09/30 09:13:19,179.000000
planetlab3.wail.wisc.edu,planetlab1.csuohio.edu,file1KB.txt,2015/09/30 09:13:19,2015/09/30 09:13:19,157.000000
planetlab3.wail.wisc.edu,planetlab1.csuohio.edu,file256KB.txt,2015/09/30 09:13:19,2015/09/30 09:13:30,11269.000000
planetlab3.wail.wisc.edu,planetlab1.csuohio.edu,file512KB.txt,2015/09/30 09:13:30,2015/09/30 09:13:51,20780.000000
planetlab3.wail.wisc.edu,planetlab1.csuohio.edu,file1MB.txt,2015/09/30 09:13:51,2015/09/30 09:14:33,41858.000000
planetlab4.tamu.edu,planetlab1.csuohio.edu,file32B.txt,2015/09/30 09:14:33,2015/09/30 09:14:34,1573.000000
planetlab4.tamu.edu,planetlab1.csuohio.edu,file1KB.txt,2015/09/30 09:14:34,2015/09/30 09:14:34,426.000000
planetlab4.tamu.edu,planetlab1.csuohio.edu,file256KB.txt,2015/09/30 09:14:34,2015/09/30 09:15:04,30378.000000
planetlab4.tamu.edu,planetlab1.csuohio.edu,file512KB.txt,2015/09/30 09:15:04,2015/09/30 09:16:03,58947.000000
planetlab4.tamu.edu,planetlab1.csuohio.edu,file1MB.txt,2015/09/30 09:16:03,2015/09/30 09:18:01,118296.000000
planetlab-5.eecs.cwru.edu,planetlab1.csuohio.edu,file32B.txt,2015/09/30 09:18:01,2015/09/30 09:18:01,36.000000
planetlab-5.eecs.cwru.edu,planetlab1.csuohio.edu,file1KB.txt,2015/09/30 09:18:01,2015/09/30 09:18:01,29.000000
planetlab-5.eecs.cwru.edu,planetlab1.csuohio.edu,file256KB.txt,2015/09/30 09:18:01,2015/09/30 09:18:02,1036.000000
planetlab-5.eecs.cwru.edu,planetlab1.csuohio.edu,file512KB.txt,2015/09/30 09:18:02,2015/09/30 09:18:04,2117.000000
planetlab-5.eecs.cwru.edu,planetlab1.csuohio.edu,file1MB.txt,2015/09/30 09:18:04,2015/09/30 09:18:08,4023.000000
planetlabone.ccs.neu.edu,planetlab1.csuohio.edu,file32B.txt,2015/09/30 09:18:08,2015/09/30 09:18:08,570.000000
planetlabone.ccs.neu.edu,planetlab1.csuohio.edu,file1KB.txt,2015/09/30 09:18:08,2015/09/30 09:18:08,272.000000
planetlabone.ccs.neu.edu,planetlab1.csuohio.edu,file256KB.txt,2015/09/30 09:18:08,2015/09/30 09:18:33,25200.000000
planetlabone.ccs.neu.edu,planetlab1.csuohio.edu,file512KB.txt,2015/09/30 09:18:33,2015/09/30 09:19:13,40040.000000
planetlabone.ccs.neu.edu,planetlab1.csuohio.edu,file1MB.txt,2015/09/30 09:19:13,2015/09/30 09:20:36,83659.000000
pl-node-0.csl.sri.com,planetlab1.csuohio.edu,file32B.txt,2015/09/30 09:20:36,2015/09/30 09:20:36,759.000000
pl-node-0.csl.sri.com,planetlab1.csuohio.edu,file1KB.txt,2015/09/30 09:20:36,2015/09/30 09:20:37,1386.000000
pl-node-0.csl.sri.com,planetlab1.csuohio.edu,file256KB.txt,2015/09/30 09:20:37,2015/09/30 09:21:21,43756.000000
pl-node-0.csl.sri.com,planetlab1.csuohio.edu,file512KB.txt,2015/09/30 09:21:21,2015/09/30 09:22:48,87254.000000
pl-node-0.csl.sri.com,planetlab1.csuohio.edu,file1MB.txt,2015/09/30 09:22:48,2015/09/30 09:25:38,-169908.000000
ricepl-5.cs.rice.edu,planetlab1.csuohio.edu,file32B.txt,2015/09/30 09:25:38,2015/09/30 09:25:39,1560.000000
ricepl-5.cs.rice.edu,planetlab1.csuohio.edu,file1KB.txt,2015/09/30 09:25:39,2015/09/30 09:25:39,425.000000
ricepl-5.cs.rice.edu,planetlab1.csuohio.edu,file256KB.txt,2015/09/30 09:25:39,2015/09/30 09:26:06,26450.000000
ricepl-5.cs.rice.edu,planetlab1.csuohio.edu,file512KB.txt,2015/09/30 09:26:06,2015/09/30 09:27:03,57494.000000
ricepl-5.cs.rice.edu,planetlab1.csuohio.edu,file1MB.txt,2015/09/30 09:27:03,2015/09/30 09:28:51,107505.000000
salt.planetlab.cs.umd.edu,planetlab1.csuohio.edu,file32B.txt,2015/09/30 09:28:51,2015/09/30 09:28:52,1745.000000
salt.planetlab.cs.umd.edu,planetlab1.csuohio.edu,file1KB.txt,2015/09/30 09:28:52,2015/09/30 09:28:52,196.000000
salt.planetlab.cs.umd.edu,planetlab1.csuohio.edu,file256KB.txt,2015/09/30 09:28:52,2015/09/30 09:29:05,12715.000000
salt.planetlab.cs.umd.edu,planetlab1.csuohio.edu,file512KB.txt,2015/09/30 09:29:05,2015/09/30 09:29:32,27203.000000
salt.planetlab.cs.umd.edu,planetlab1.csuohio.edu,file1MB.txt,2015/09/30 09:29:32,2015/09/30 09:30:25,53454.000000
pl1.eecs.utk.edu,planetlab1.csuohio.edu,file32B.txt,2015/09/30 09:30:25,2015/09/30 09:30:27,1715.000000
pl1.eecs.utk.edu,planetlab1.csuohio.edu,file1KB.txt,2015/09/30 09:30:27,2015/09/30 09:30:30,3140.000000
pl1.eecs.utk.edu,planetlab1.csuohio.edu,file256KB.txt,2015/09/30 09:30:30,2015/09/30 09:33:50,200170.000000
pl1.eecs.utk.edu,planetlab1.csuohio.edu,file512KB.txt,2015/09/30 09:33:50,2015/09/30 09:42:05,494696.000000
pl1.eecs.utk.edu,planetlab1.csuohio.edu,file1MB.txt,2015/09/30 09:42:05,2015/09/30 10:03:23,1277580.000000
planetlab-01.vt.nodes.planet-lab.org,planetlab1.csuohio.edu,file32B.txt,2015/09/30 10:03:23,2015/09/30 10:03:24,1705.000000
planetlab-01.vt.nodes.planet-lab.org,planetlab1.csuohio.edu,file1KB.txt,2015/09/30 10:03:24,2015/09/30 10:03:24,272.000000
planetlab-01.vt.nodes.planet-lab.org,planetlab1.csuohio.edu,file256KB.txt,2015/09/30 10:03:24,2015/09/30 10:03:41,16480.000000
planetlab-01.vt.nodes.planet-lab.org,planetlab1.csuohio.edu,file512KB.txt,2015/09/30 10:03:41,2015/09/30 10:04:17,36925.000000
planetlab-01.vt.nodes.planet-lab.org,planetlab1.csuohio.edu,file1MB.txt,2015/09/30 10:04:17,2015/09/30 10:05:26,68154.000000
planetlab-04.vt.nodes.planet-lab.org,planetlab1.csuohio.edu,file32B.txt,2015/09/30 10:05:26,2015/09/30 10:05:27,1651.000000
planetlab-04.vt.nodes.planet-lab.org,planetlab1.csuohio.edu,file1KB.txt,2015/09/30 10:05:27,2015/09/30 10:05:27,249.000000
planetlab-04.vt.nodes.planet-lab.org,planetlab1.csuohio.edu,file256KB.txt,2015/09/30 10:05:27,2015/09/30 10:05:44,16631.000000
planetlab-04.vt.nodes.planet-lab.org,planetlab1.csuohio.edu,file512KB.txt,2015/09/30 10:05:44,2015/09/30 10:06:19,35483.000000
planetlab-04.vt.nodes.planet-lab.org,planetlab1.csuohio.edu,file1MB.txt,2015/09/30 10:06:19,2015/09/30 10:07:28,68998.000000
planetlab-4.eecs.cwru.edu,planetlab1.csuohio.edu,file32B.txt,2015/09/30 10:07:28,2015/09/30 10:07:28,368.000000
planetlab-4.eecs.cwru.edu,planetlab1.csuohio.edu,file1KB.txt,2015/09/30 10:07:28,2015/09/30 10:07:29,849.000000
planetlab-4.eecs.cwru.edu,planetlab1.csuohio.edu,file256KB.txt,2015/09/30 10:07:29,2015/09/30 10:12:28,299043.000000
planetlab-4.eecs.cwru.edu,planetlab1.csuohio.edu,file512KB.txt,2015/09/30 10:12:28,2015/09/30 10:24:07,699845.000000
planetlab-4.eecs.cwru.edu,planetlab1.csuohio.edu,file1MB.txt,2015/09/30 10:24:07,2015/09/30 10:53:49,-1781784.000000
planetlab01.cs.washington.edu,planetlab1.csuohio.edu,file32B.txt,2015/09/30 10:53:49,2015/09/30 10:53:49,497.000000
planetlab01.cs.washington.edu,planetlab1.csuohio.edu,file1KB.txt,2015/09/30 10:53:49,2015/09/30 10:53:50,1569.000000
planetlab01.cs.washington.edu,planetlab1.csuohio.edu,file256KB.txt,2015/09/30 10:53:50,2015/09/30 10:54:20,29245.000000
planetlab01.cs.washington.edu,planetlab1.csuohio.edu,file512KB.txt,2015/09/30 10:54:20,2015/09/30 10:55:22,62917.000000
planetlab01.cs.washington.edu,planetlab1.csuohio.edu,file1MB.txt,2015/09/30 10:55:22,2015/09/30 10:57:44,141927.000000
planetlab02.cs.washington.edu,planetlab1.csuohio.edu,file32B.txt,2015/09/30 10:57:44,2015/09/30 10:57:44,515.000000
planetlab02.cs.washington.edu,planetlab1.csuohio.edu,file1KB.txt,2015/09/30 10:57:44,2015/09/30 10:57:45,1485.000000
planetlab02.cs.washington.edu,planetlab1.csuohio.edu,file256KB.txt,2015/09/30 10:57:45,2015/09/30 10:58:25,39406.000000
planetlab02.cs.washington.edu,planetlab1.csuohio.edu,file512KB.txt,2015/09/30 10:58:25,2015/09/30 10:59:34,69320.000000
planetlab02.cs.washington.edu,planetlab1.csuohio.edu,file1MB.txt,2015/09/30 10:59:34,2015/09/30 11:01:51,136435.000000
planetlab1.arizona-gigapop.net,planetlab1.csuohio.edu,file32B.txt,2015/09/30 11:01:51,2015/09/30 11:01:52,1577.000000
planetlab1.arizona-gigapop.net,planetlab1.csuohio.edu,file1KB.txt,2015/09/30 11:01:52,2015/09/30 11:01:52,446.000000
planetlab1.arizona-gigapop.net,planetlab1.csuohio.edu,file256KB.txt,2015/09/30 11:01:52,2015/09/30 11:02:28,36241.000000
planetlab1.arizona-gigapop.net,planetlab1.csuohio.edu,file512KB.txt,2015/09/30 11:02:28,2015/09/30 11:03:38,70534.000000
planetlab1.arizona-gigapop.net,planetlab1.csuohio.edu,file1MB.txt,2015/09/30 11:03:38,2015/09/30 11:05:44,125066.000000
planetlab1.cs.unc.edu,planetlab1.csuohio.edu,file32B.txt,2015/09/30 11:05:45,2015/09/30 11:05:45,283.000000
planetlab1.cs.unc.edu,planetlab1.csuohio.edu,file1KB.txt,2015/09/30 11:05:45,2015/09/30 11:05:45,304.000000
planetlab1.cs.unc.edu,planetlab1.csuohio.edu,file256KB.txt,2015/09/30 11:05:45,2015/09/30 11:06:07,22515.000000
planetlab1.cs.unc.edu,planetlab1.csuohio.edu,file512KB.txt,2015/09/30 11:06:07,2015/09/30 11:06:57,49472.000000
planetlab1.cs.unc.edu,planetlab1.csuohio.edu,file1MB.txt,2015/09/30 11:06:57,2015/09/30 11:08:38,101148.000000
