ebb.colgate.edu,planetlab1.cs.ucla.edu,file32B.txt,2015/09/30 04:12:15,2015/09/30 04:12:19,4459.000000
ebb.colgate.edu,planetlab1.cs.ucla.edu,file1KB.txt,2015/09/30 04:12:19,2015/09/30 04:12:19,606.000000
ebb.colgate.edu,planetlab1.cs.ucla.edu,file256KB.txt,2015/09/30 04:12:19,2015/09/30 04:13:40,81577.000000
ebb.colgate.edu,planetlab1.cs.ucla.edu,file512KB.txt,2015/09/30 04:13:40,2015/09/30 04:16:15,155315.000000
ebb.colgate.edu,planetlab1.cs.ucla.edu,file1MB.txt,2015/09/30 04:16:15,2015/09/30 04:21:41,325404.000000
kc-sce-plab2.umkc.edu,planetlab1.cs.ucla.edu,file32B.txt,2015/09/30 04:21:41,2015/09/30 04:21:42,713.000000
kc-sce-plab2.umkc.edu,planetlab1.cs.ucla.edu,file1KB.txt,2015/09/30 04:21:42,2015/09/30 04:21:44,2283.000000
kc-sce-plab2.umkc.edu,planetlab1.cs.ucla.edu,file256KB.txt,2015/09/30 04:21:44,2015/09/30 04:24:01,137449.000000
kc-sce-plab2.umkc.edu,planetlab1.cs.ucla.edu,file512KB.txt,2015/09/30 04:24:01,2015/09/30 04:27:08,186451.000000
kc-sce-plab2.umkc.edu,planetlab1.cs.ucla.edu,file1MB.txt,2015/09/30 04:27:08,2015/09/30 04:30:13,185726.000000
node1.planetlab.mathcs.emory.edu,planetlab1.cs.ucla.edu,file32B.txt,2015/09/30 04:30:13,2015/09/30 04:30:13,668.000000
node1.planetlab.mathcs.emory.edu,planetlab1.cs.ucla.edu,file1KB.txt,2015/09/30 04:30:13,2015/09/30 04:30:14,1146.000000
node1.planetlab.mathcs.emory.edu,planetlab1.cs.ucla.edu,file256KB.txt,2015/09/30 04:30:14,2015/09/30 04:30:45,31150.000000
node1.planetlab.mathcs.emory.edu,planetlab1.cs.ucla.edu,file512KB.txt,2015/09/30 04:30:45,2015/09/30 04:31:46,60532.000000
node1.planetlab.mathcs.emory.edu,planetlab1.cs.ucla.edu,file1MB.txt,2015/09/30 04:31:46,2015/09/30 04:33:48,122664.000000
pl3.cs.unm.edu,planetlab1.cs.ucla.edu,file32B.txt,2015/09/30 04:34:09,2015/09/30 04:34:09,324.000000
pl3.cs.unm.edu,planetlab1.cs.ucla.edu,file1KB.txt,2015/09/30 04:34:09,2015/09/30 04:34:10,1635.000000
pl3.cs.unm.edu,planetlab1.cs.ucla.edu,file256KB.txt,2015/09/30 04:34:10,2015/09/30 04:34:22,11853.000000
pl3.cs.unm.edu,planetlab1.cs.ucla.edu,file512KB.txt,2015/09/30 04:34:22,2015/09/30 04:34:45,22300.000000
pl3.cs.unm.edu,planetlab1.cs.ucla.edu,file1MB.txt,2015/09/30 04:34:45,2015/09/30 04:35:33,48677.000000
plab3.eece.ksu.edu,planetlab1.cs.ucla.edu,file32B.txt,2015/09/30 04:35:33,2015/09/30 04:35:33,630.000000
plab3.eece.ksu.edu,planetlab1.cs.ucla.edu,file1KB.txt,2015/09/30 04:35:33,2015/09/30 04:35:34,1528.000000
plab3.eece.ksu.edu,planetlab1.cs.ucla.edu,file256KB.txt,2015/09/30 04:35:34,2015/09/30 04:36:01,27121.000000
plab3.eece.ksu.edu,planetlab1.cs.ucla.edu,file512KB.txt,2015/09/30 04:36:01,2015/09/30 04:36:54,52629.000000
plab3.eece.ksu.edu,planetlab1.cs.ucla.edu,file1MB.txt,2015/09/30 04:36:54,2015/09/30 04:38:41,-107167.000000
planetlab-02.bu.edu,planetlab1.cs.ucla.edu,file32B.txt,2015/09/30 04:38:41,2015/09/30 04:38:42,1303.000000
planetlab-02.bu.edu,planetlab1.cs.ucla.edu,file1KB.txt,2015/09/30 04:38:42,2015/09/30 04:38:46,4158.000000
planetlab-02.bu.edu,planetlab1.cs.ucla.edu,file256KB.txt,2015/09/30 04:38:46,2015/09/30 04:39:33,46865.000000
planetlab-02.bu.edu,planetlab1.cs.ucla.edu,file512KB.txt,2015/09/30 04:39:33,2015/09/30 04:41:07,93843.000000
planetlab-02.bu.edu,planetlab1.cs.ucla.edu,file1MB.txt,2015/09/30 04:41:07,2015/09/30 04:44:17,190494.000000
planetlab1.clemson.edu,planetlab1.cs.ucla.edu,file32B.txt,2015/09/30 04:44:38,2015/09/30 04:44:39,1383.000000
planetlab1.clemson.edu,planetlab1.cs.ucla.edu,file1KB.txt,2015/09/30 04:44:39,2015/09/30 04:44:40,1233.000000
planetlab1.clemson.edu,planetlab1.cs.ucla.edu,file256KB.txt,2015/09/30 04:44:40,2015/09/30 04:45:11,30300.000000
planetlab1.clemson.edu,planetlab1.cs.ucla.edu,file512KB.txt,2015/09/30 04:45:11,2015/09/30 04:46:14,62995.000000
planetlab1.clemson.edu,planetlab1.cs.ucla.edu,file1MB.txt,2015/09/30 04:46:14,2015/09/30 04:48:20,126351.000000
planetlab1.cs.du.edu,planetlab1.cs.ucla.edu,file32B.txt,2015/09/30 04:48:21,2015/09/30 04:48:21,374.000000
planetlab1.cs.du.edu,planetlab1.cs.ucla.edu,file1KB.txt,2015/09/30 04:48:21,2015/09/30 04:48:22,1494.000000
planetlab1.cs.du.edu,planetlab1.cs.ucla.edu,file256KB.txt,2015/09/30 04:48:22,2015/09/30 04:48:48,25337.000000
planetlab1.cs.du.edu,planetlab1.cs.ucla.edu,file512KB.txt,2015/09/30 04:48:48,2015/09/30 04:49:41,52939.000000
planetlab1.cs.du.edu,planetlab1.cs.ucla.edu,file1MB.txt,2015/09/30 04:49:41,2015/09/30 04:51:31,110430.000000
planetlab-1.cse.ohio-state.edu,planetlab1.cs.ucla.edu,file32B.txt,2015/09/30 04:51:31,2015/09/30 04:51:38,6622.000000
planetlab-1.cse.ohio-state.edu,planetlab1.cs.ucla.edu,file1KB.txt,2015/09/30 04:51:38,2015/09/30 04:52:21,43386.000000
planetlab-1.cse.ohio-state.edu,planetlab1.cs.ucla.edu,file256KB.txt,2015/09/30 04:52:21,2015/09/30 05:18:38,1576959.000000
planetlab-1.cse.ohio-state.edu,planetlab1.cs.ucla.edu,file512KB.txt,2015/09/30 05:18:38,2015/09/30 06:14:55,917436.000000
planetlab-1.cse.ohio-state.edu,planetlab1.cs.ucla.edu,file1MB.txt,2015/09/30 06:14:55,2015/09/30 08:12:06,-1559677.000000
planetlab1.cs.okstate.edu,planetlab1.cs.ucla.edu,file32B.txt,2015/09/30 08:12:06,2015/09/30 08:12:07,1598.000000
planetlab1.cs.okstate.edu,planetlab1.cs.ucla.edu,file1KB.txt,2015/09/30 08:12:07,2015/09/30 08:12:07,517.000000
planetlab1.cs.okstate.edu,planetlab1.cs.ucla.edu,file256KB.txt,2015/09/30 08:12:07,2015/09/30 08:12:33,25847.000000
planetlab1.cs.okstate.edu,planetlab1.cs.ucla.edu,file512KB.txt,2015/09/30 08:12:33,2015/09/30 08:13:29,-56710.000000
planetlab1.cs.okstate.edu,planetlab1.cs.ucla.edu,file1MB.txt,2015/09/30 08:13:29,2015/09/30 08:15:19,109568.000000
planetlab1.cs.ucla.edu,planetlab1.cs.ucla.edu,file32B.txt,2015/09/30 08:15:19,2015/09/30 08:15:19,2.000000
planetlab1.cs.ucla.edu,planetlab1.cs.ucla.edu,file1KB.txt,2015/09/30 08:15:19,2015/09/30 08:15:19,0.000000
planetlab1.cs.ucla.edu,planetlab1.cs.ucla.edu,file256KB.txt,2015/09/30 08:15:19,2015/09/30 08:15:19,35.000000
planetlab1.cs.ucla.edu,planetlab1.cs.ucla.edu,file512KB.txt,2015/09/30 08:15:19,2015/09/30 08:15:19,67.000000
planetlab1.cs.ucla.edu,planetlab1.cs.ucla.edu,file1MB.txt,2015/09/30 08:15:19,2015/09/30 08:15:19,140.000000
planetlab1.csuohio.edu,planetlab1.cs.ucla.edu,file32B.txt,2015/09/30 08:15:19,2015/09/30 08:15:20,1322.000000
planetlab1.csuohio.edu,planetlab1.cs.ucla.edu,file1KB.txt,2015/09/30 08:15:20,2015/09/30 08:15:21,1342.000000
planetlab1.csuohio.edu,planetlab1.cs.ucla.edu,file256KB.txt,2015/09/30 08:15:21,2015/09/30 08:16:04,42697.000000
planetlab1.csuohio.edu,planetlab1.cs.ucla.edu,file512KB.txt,2015/09/30 08:16:04,2015/09/30 08:17:38,93585.000000
planetlab1.csuohio.edu,planetlab1.cs.ucla.edu,file1MB.txt,2015/09/30 08:17:38,2015/09/30 08:20:28,170660.000000
planetlab1.ucsd.edu,planetlab1.cs.ucla.edu,file32B.txt,2015/09/30 08:20:49,2015/09/30 08:20:49,59.000000
planetlab1.ucsd.edu,planetlab1.cs.ucla.edu,file1KB.txt,2015/09/30 08:20:49,2015/09/30 08:20:49,55.000000
planetlab1.ucsd.edu,planetlab1.cs.ucla.edu,file256KB.txt,2015/09/30 08:20:49,2015/09/30 08:20:52,3689.000000
planetlab1.ucsd.edu,planetlab1.cs.ucla.edu,file512KB.txt,2015/09/30 08:20:52,2015/09/30 08:20:56,3511.000000
planetlab1.ucsd.edu,planetlab1.cs.ucla.edu,file1MB.txt,2015/09/30 08:20:56,2015/09/30 08:21:05,8976.000000
planetlab2.acis.ufl.edu,planetlab1.cs.ucla.edu,file32B.txt,2015/09/30 08:21:05,2015/09/30 08:21:06,1305.000000
planetlab2.acis.ufl.edu,planetlab1.cs.ucla.edu,file1KB.txt,2015/09/30 08:21:06,2015/09/30 08:21:06,419.000000
planetlab2.acis.ufl.edu,planetlab1.cs.ucla.edu,file256KB.txt,2015/09/30 08:21:06,2015/09/30 08:21:37,31394.000000
planetlab2.acis.ufl.edu,planetlab1.cs.ucla.edu,file512KB.txt,2015/09/30 08:21:37,2015/09/30 08:22:37,59495.000000
planetlab2.acis.ufl.edu,planetlab1.cs.ucla.edu,file1MB.txt,2015/09/30 08:22:37,2015/09/30 08:24:38,121134.000000
planetlab2.arizona-gigapop.net,planetlab1.cs.ucla.edu,file32B.txt,2015/09/30 08:24:38,2015/09/30 08:24:38,168.000000
planetlab2.arizona-gigapop.net,planetlab1.cs.ucla.edu,file1KB.txt,2015/09/30 08:24:38,2015/09/30 08:24:39,1705.000000
planetlab2.arizona-gigapop.net,planetlab1.cs.ucla.edu,file256KB.txt,2015/09/30 08:24:39,2015/09/30 08:24:46,6917.000000
planetlab2.arizona-gigapop.net,planetlab1.cs.ucla.edu,file512KB.txt,2015/09/30 08:24:46,2015/09/30 08:25:00,14187.000000
planetlab2.arizona-gigapop.net,planetlab1.cs.ucla.edu,file1MB.txt,2015/09/30 08:25:00,2015/09/30 08:25:27,26545.000000
planetlab2.citadel.edu,planetlab1.cs.ucla.edu,file32B.txt,2015/09/30 08:25:27,2015/09/30 08:25:28,1163.000000
planetlab2.citadel.edu,planetlab1.cs.ucla.edu,file1KB.txt,2015/09/30 08:25:28,2015/09/30 08:25:29,1367.000000
planetlab2.citadel.edu,planetlab1.cs.ucla.edu,file256KB.txt,2015/09/30 08:25:29,2015/09/30 08:26:04,34304.000000
planetlab2.citadel.edu,planetlab1.cs.ucla.edu,file512KB.txt,2015/09/30 08:26:04,2015/09/30 08:27:17,73729.000000
planetlab2.citadel.edu,planetlab1.cs.ucla.edu,file1MB.txt,2015/09/30 08:27:17,2015/09/30 08:29:38,140661.000000
planetlab2.cs.pitt.edu,planetlab1.cs.ucla.edu,file32B.txt,2015/09/30 08:29:38,2015/09/30 08:29:39,1229.000000
planetlab2.cs.pitt.edu,planetlab1.cs.ucla.edu,file1KB.txt,2015/09/30 08:29:39,2015/09/30 08:29:40,1159.000000
planetlab2.cs.pitt.edu,planetlab1.cs.ucla.edu,file256KB.txt,2015/09/30 08:29:40,2015/09/30 08:30:21,40866.000000
planetlab2.cs.pitt.edu,planetlab1.cs.ucla.edu,file512KB.txt,2015/09/30 08:30:21,2015/09/30 08:31:42,80829.000000
planetlab2.cs.pitt.edu,planetlab1.cs.ucla.edu,file1MB.txt,2015/09/30 08:31:42,2015/09/30 08:34:26,164476.000000
planetlab2.cs.purdue.edu,planetlab1.cs.ucla.edu,file32B.txt,2015/09/30 08:34:26,2015/09/30 08:34:28,1759.000000
planetlab2.cs.purdue.edu,planetlab1.cs.ucla.edu,file1KB.txt,2015/09/30 08:34:28,2015/09/30 08:34:30,2186.000000
planetlab2.cs.purdue.edu,planetlab1.cs.ucla.edu,file256KB.txt,2015/09/30 08:34:30,2015/09/30 08:37:40,189257.000000
planetlab2.cs.purdue.edu,planetlab1.cs.ucla.edu,file512KB.txt,2015/09/30 08:37:40,2015/09/30 08:44:01,381754.000000
planetlab2.cs.purdue.edu,planetlab1.cs.ucla.edu,file1MB.txt,2015/09/30 08:44:01,2015/09/30 08:53:30,568990.000000
planetlab2.cs.uml.edu,planetlab1.cs.ucla.edu,file32B.txt,2015/09/30 08:54:12,2015/09/30 08:54:13,711.000000
planetlab2.cs.uml.edu,planetlab1.cs.ucla.edu,file1KB.txt,2015/09/30 08:54:13,2015/09/30 08:54:14,940.000000
planetlab2.cs.uml.edu,planetlab1.cs.ucla.edu,file256KB.txt,2015/09/30 08:54:14,2015/09/30 08:55:28,73851.000000
planetlab2.cs.uml.edu,planetlab1.cs.ucla.edu,file512KB.txt,2015/09/30 08:55:28,2015/09/30 08:57:18,109813.000000
planetlab2.cs.uml.edu,planetlab1.cs.ucla.edu,file1MB.txt,2015/09/30 08:57:18,2015/09/30 09:00:40,202193.000000
planetlab2.cs.unc.edu,planetlab1.cs.ucla.edu,file32B.txt,2015/09/30 09:00:40,2015/09/30 09:00:41,1463.000000
planetlab2.cs.unc.edu,planetlab1.cs.ucla.edu,file1KB.txt,2015/09/30 09:00:41,2015/09/30 09:00:42,1176.000000
planetlab2.cs.unc.edu,planetlab1.cs.ucla.edu,file256KB.txt,2015/09/30 09:00:42,2015/09/30 09:01:20,37327.000000
planetlab2.cs.unc.edu,planetlab1.cs.ucla.edu,file512KB.txt,2015/09/30 09:01:20,2015/09/30 09:02:38,78049.000000
planetlab2.cs.unc.edu,planetlab1.cs.ucla.edu,file1MB.txt,2015/09/30 09:02:38,2015/09/30 09:05:15,156849.000000
planetlab2.cs.uoregon.edu,planetlab1.cs.ucla.edu,file32B.txt,2015/09/30 09:05:15,2015/09/30 09:05:16,1707.000000
planetlab2.cs.uoregon.edu,planetlab1.cs.ucla.edu,file1KB.txt,2015/09/30 09:05:16,2015/09/30 09:05:16,221.000000
planetlab2.cs.uoregon.edu,planetlab1.cs.ucla.edu,file256KB.txt,2015/09/30 09:05:16,2015/09/30 09:05:29,12961.000000
planetlab2.cs.uoregon.edu,planetlab1.cs.ucla.edu,file512KB.txt,2015/09/30 09:05:29,2015/09/30 09:05:55,26092.000000
planetlab2.cs.uoregon.edu,planetlab1.cs.ucla.edu,file1MB.txt,2015/09/30 09:05:55,2015/09/30 09:06:46,50786.000000
planetlab2.temple.edu,planetlab1.cs.ucla.edu,file32B.txt,2015/09/30 09:06:46,2015/09/30 09:06:47,1388.000000
planetlab2.temple.edu,planetlab1.cs.ucla.edu,file1KB.txt,2015/09/30 09:06:47,2015/09/30 09:06:47,662.000000
planetlab2.temple.edu,planetlab1.cs.ucla.edu,file256KB.txt,2015/09/30 09:06:47,2015/09/30 09:07:26,39782.000000
planetlab2.temple.edu,planetlab1.cs.ucla.edu,file512KB.txt,2015/09/30 09:07:26,2015/09/30 09:08:42,75930.000000
planetlab2.temple.edu,planetlab1.cs.ucla.edu,file1MB.txt,2015/09/30 09:08:42,2015/09/30 09:11:13,150756.000000
planetlab2.unl.edu,planetlab1.cs.ucla.edu,file32B.txt,2015/09/30 09:11:13,2015/09/30 09:11:13,514.000000
planetlab2.unl.edu,planetlab1.cs.ucla.edu,file1KB.txt,2015/09/30 09:11:13,2015/09/30 09:11:14,1348.000000
planetlab2.unl.edu,planetlab1.cs.ucla.edu,file256KB.txt,2015/09/30 09:11:14,2015/09/30 09:11:42,28369.000000
planetlab2.unl.edu,planetlab1.cs.ucla.edu,file512KB.txt,2015/09/30 09:11:42,2015/09/30 09:12:37,54791.000000
planetlab2.unl.edu,planetlab1.cs.ucla.edu,file1MB.txt,2015/09/30 09:12:37,2015/09/30 09:14:26,108562.000000
planetlab2.unr.edu,planetlab1.cs.ucla.edu,file32B.txt,2015/09/30 09:14:26,2015/09/30 09:14:27,1733.000000
planetlab2.unr.edu,planetlab1.cs.ucla.edu,file1KB.txt,2015/09/30 09:14:27,2015/09/30 09:14:27,378.000000
planetlab2.unr.edu,planetlab1.cs.ucla.edu,file256KB.txt,2015/09/30 09:14:27,2015/09/30 09:14:39,11841.000000
planetlab2.unr.edu,planetlab1.cs.ucla.edu,file512KB.txt,2015/09/30 09:14:39,2015/09/30 09:15:03,23806.000000
planetlab2.unr.edu,planetlab1.cs.ucla.edu,file1MB.txt,2015/09/30 09:15:03,2015/09/30 09:15:52,49453.000000
planetlab2.uta.edu,planetlab1.cs.ucla.edu,file32B.txt,2015/09/30 09:15:52,2015/09/30 09:15:52,298.000000
planetlab2.uta.edu,planetlab1.cs.ucla.edu,file1KB.txt,2015/09/30 09:15:52,2015/09/30 09:15:52,306.000000
planetlab2.uta.edu,planetlab1.cs.ucla.edu,file256KB.txt,2015/09/30 09:15:52,2015/09/30 09:16:13,21385.000000
planetlab2.uta.edu,planetlab1.cs.ucla.edu,file512KB.txt,2015/09/30 09:16:13,2015/09/30 09:16:54,41120.000000
planetlab2.uta.edu,planetlab1.cs.ucla.edu,file1MB.txt,2015/09/30 09:16:54,2015/09/30 09:18:16,82486.000000
planetlab2.utdallas.edu,planetlab1.cs.ucla.edu,file32B.txt,2015/09/30 09:18:16,2015/09/30 09:18:16,410.000000
planetlab2.utdallas.edu,planetlab1.cs.ucla.edu,file1KB.txt,2015/09/30 09:18:16,2015/09/30 09:18:16,410.000000
planetlab2.utdallas.edu,planetlab1.cs.ucla.edu,file256KB.txt,2015/09/30 09:18:16,2015/09/30 09:18:37,21216.000000
planetlab2.utdallas.edu,planetlab1.cs.ucla.edu,file512KB.txt,2015/09/30 09:18:37,2015/09/30 09:19:19,42345.000000
planetlab2.utdallas.edu,planetlab1.cs.ucla.edu,file1MB.txt,2015/09/30 09:19:19,2015/09/30 09:20:41,81830.000000
planetlab3.eecs.umich.edu,planetlab1.cs.ucla.edu,file32B.txt,2015/09/30 09:20:41,2015/09/30 09:20:42,1418.000000
planetlab3.eecs.umich.edu,planetlab1.cs.ucla.edu,file1KB.txt,2015/09/30 09:20:42,2015/09/30 09:20:42,739.000000
planetlab3.eecs.umich.edu,planetlab1.cs.ucla.edu,file256KB.txt,2015/09/30 09:20:42,2015/09/30 09:21:16,34026.000000
planetlab3.eecs.umich.edu,planetlab1.cs.ucla.edu,file512KB.txt,2015/09/30 09:21:16,2015/09/30 09:22:23,67012.000000
planetlab3.eecs.umich.edu,planetlab1.cs.ucla.edu,file1MB.txt,2015/09/30 09:22:23,2015/09/30 09:24:37,134393.000000
planetlab3.rutgers.edu,planetlab1.cs.ucla.edu,file32B.txt,2015/09/30 09:24:37,2015/09/30 09:24:37,574.000000
planetlab3.rutgers.edu,planetlab1.cs.ucla.edu,file1KB.txt,2015/09/30 09:24:37,2015/09/30 09:24:38,1362.000000
planetlab3.rutgers.edu,planetlab1.cs.ucla.edu,file256KB.txt,2015/09/30 09:24:38,2015/09/30 09:25:18,-40485.000000
planetlab3.rutgers.edu,planetlab1.cs.ucla.edu,file512KB.txt,2015/09/30 09:25:18,2015/09/30 09:26:36,77463.000000
planetlab3.rutgers.edu,planetlab1.cs.ucla.edu,file1MB.txt,2015/09/30 09:26:36,2015/09/30 09:29:13,157025.000000
planetlab3.wail.wisc.edu,planetlab1.cs.ucla.edu,file32B.txt,2015/09/30 09:29:13,2015/09/30 09:29:14,1138.000000
planetlab3.wail.wisc.edu,planetlab1.cs.ucla.edu,file1KB.txt,2015/09/30 09:29:14,2015/09/30 09:29:15,1008.000000
planetlab3.wail.wisc.edu,planetlab1.cs.ucla.edu,file256KB.txt,2015/09/30 09:29:15,2015/09/30 09:29:55,39660.000000
planetlab3.wail.wisc.edu,planetlab1.cs.ucla.edu,file512KB.txt,2015/09/30 09:29:55,2015/09/30 09:31:15,80263.000000
planetlab3.wail.wisc.edu,planetlab1.cs.ucla.edu,file1MB.txt,2015/09/30 09:31:15,2015/09/30 09:33:54,159006.000000
planetlab4.tamu.edu,planetlab1.cs.ucla.edu,file32B.txt,2015/09/30 09:33:54,2015/09/30 09:33:54,405.000000
planetlab4.tamu.edu,planetlab1.cs.ucla.edu,file1KB.txt,2015/09/30 09:33:54,2015/09/30 09:33:55,1657.000000
planetlab4.tamu.edu,planetlab1.cs.ucla.edu,file256KB.txt,2015/09/30 09:33:55,2015/09/30 09:34:14,19183.000000
planetlab4.tamu.edu,planetlab1.cs.ucla.edu,file512KB.txt,2015/09/30 09:34:14,2015/09/30 09:34:51,36830.000000
planetlab4.tamu.edu,planetlab1.cs.ucla.edu,file1MB.txt,2015/09/30 09:34:51,2015/09/30 09:36:05,73658.000000
planetlab-5.eecs.cwru.edu,planetlab1.cs.ucla.edu,file32B.txt,2015/09/30 09:36:05,2015/09/30 09:36:06,1383.000000
planetlab-5.eecs.cwru.edu,planetlab1.cs.ucla.edu,file1KB.txt,2015/09/30 09:36:06,2015/09/30 09:36:06,657.000000
planetlab-5.eecs.cwru.edu,planetlab1.cs.ucla.edu,file256KB.txt,2015/09/30 09:36:06,2015/09/30 09:36:46,40638.000000
planetlab-5.eecs.cwru.edu,planetlab1.cs.ucla.edu,file512KB.txt,2015/09/30 09:36:46,2015/09/30 09:38:04,77908.000000
planetlab-5.eecs.cwru.edu,planetlab1.cs.ucla.edu,file1MB.txt,2015/09/30 09:38:04,2015/09/30 09:40:39,154401.000000
planetlabone.ccs.neu.edu,planetlab1.cs.ucla.edu,file32B.txt,2015/09/30 09:40:39,2015/09/30 09:40:40,905.000000
planetlabone.ccs.neu.edu,planetlab1.cs.ucla.edu,file1KB.txt,2015/09/30 09:40:40,2015/09/30 09:40:42,2963.000000
planetlabone.ccs.neu.edu,planetlab1.cs.ucla.edu,file256KB.txt,2015/09/30 09:40:42,2015/09/30 09:41:24,41079.000000
planetlabone.ccs.neu.edu,planetlab1.cs.ucla.edu,file512KB.txt,2015/09/30 09:41:24,2015/09/30 09:42:50,86485.000000
planetlabone.ccs.neu.edu,planetlab1.cs.ucla.edu,file1MB.txt,2015/09/30 09:42:50,2015/09/30 09:47:47,296465.000000
pl-node-0.csl.sri.com,planetlab1.cs.ucla.edu,file32B.txt,2015/09/30 09:47:47,2015/09/30 09:47:48,1810.000000
pl-node-0.csl.sri.com,planetlab1.cs.ucla.edu,file1KB.txt,2015/09/30 09:47:48,2015/09/30 09:47:53,4758.000000
pl-node-0.csl.sri.com,planetlab1.cs.ucla.edu,file256KB.txt,2015/09/30 09:47:53,2015/09/30 09:48:05,11884.000000
pl-node-0.csl.sri.com,planetlab1.cs.ucla.edu,file512KB.txt,2015/09/30 09:48:05,2015/09/30 09:48:29,23972.000000
pl-node-0.csl.sri.com,planetlab1.cs.ucla.edu,file1MB.txt,2015/09/30 09:48:29,2015/09/30 09:49:03,34016.000000
ricepl-5.cs.rice.edu,planetlab1.cs.ucla.edu,file32B.txt,2015/09/30 09:49:03,2015/09/30 09:49:04,1581.000000
ricepl-5.cs.rice.edu,planetlab1.cs.ucla.edu,file1KB.txt,2015/09/30 09:49:04,2015/09/30 09:49:04,387.000000
ricepl-5.cs.rice.edu,planetlab1.cs.ucla.edu,file256KB.txt,2015/09/30 09:49:04,2015/09/30 09:49:22,18129.000000
ricepl-5.cs.rice.edu,planetlab1.cs.ucla.edu,file512KB.txt,2015/09/30 09:49:22,2015/09/30 09:49:58,36125.000000
ricepl-5.cs.rice.edu,planetlab1.cs.ucla.edu,file1MB.txt,2015/09/30 09:49:58,2015/09/30 09:51:09,70544.000000
salt.planetlab.cs.umd.edu,planetlab1.cs.ucla.edu,file32B.txt,2015/09/30 09:51:09,2015/09/30 09:51:10,1416.000000
salt.planetlab.cs.umd.edu,planetlab1.cs.ucla.edu,file1KB.txt,2015/09/30 09:51:10,2015/09/30 09:51:10,738.000000
salt.planetlab.cs.umd.edu,planetlab1.cs.ucla.edu,file256KB.txt,2015/09/30 09:51:10,2015/09/30 09:51:48,38463.000000
salt.planetlab.cs.umd.edu,planetlab1.cs.ucla.edu,file512KB.txt,2015/09/30 09:51:48,2015/09/30 09:53:03,75068.000000
salt.planetlab.cs.umd.edu,planetlab1.cs.ucla.edu,file1MB.txt,2015/09/30 09:53:03,2015/09/30 09:55:32,149249.000000
pl1.eecs.utk.edu,planetlab1.cs.ucla.edu,file32B.txt,2015/09/30 09:55:32,2015/09/30 09:55:36,4172.000000
pl1.eecs.utk.edu,planetlab1.cs.ucla.edu,file1KB.txt,2015/09/30 09:55:36,2015/09/30 09:55:46,10392.000000
pl1.eecs.utk.edu,planetlab1.cs.ucla.edu,file256KB.txt,2015/09/30 09:55:46,2015/09/30 10:01:45,358793.000000
pl1.eecs.utk.edu,planetlab1.cs.ucla.edu,file512KB.txt,2015/09/30 10:01:45,2015/09/30 10:13:24,699136.000000
pl1.eecs.utk.edu,planetlab1.cs.ucla.edu,file1MB.txt,2015/09/30 10:13:24,2015/09/30 10:29:13,948248.000000
planetlab-01.vt.nodes.planet-lab.org,planetlab1.cs.ucla.edu,file32B.txt,2015/09/30 10:29:13,2015/09/30 10:29:14,1286.000000
planetlab-01.vt.nodes.planet-lab.org,planetlab1.cs.ucla.edu,file1KB.txt,2015/09/30 10:29:14,2015/09/30 10:29:15,1017.000000
planetlab-01.vt.nodes.planet-lab.org,planetlab1.cs.ucla.edu,file256KB.txt,2015/09/30 10:29:15,2015/09/30 10:29:55,40300.000000
planetlab-01.vt.nodes.planet-lab.org,planetlab1.cs.ucla.edu,file512KB.txt,2015/09/30 10:29:55,2015/09/30 10:31:13,78090.000000
planetlab-01.vt.nodes.planet-lab.org,planetlab1.cs.ucla.edu,file1MB.txt,2015/09/30 10:31:13,2015/09/30 10:33:50,156919.000000
planetlab-04.vt.nodes.planet-lab.org,planetlab1.cs.ucla.edu,file32B.txt,2015/09/30 10:33:50,2015/09/30 10:33:51,1071.000000
planetlab-04.vt.nodes.planet-lab.org,planetlab1.cs.ucla.edu,file1KB.txt,2015/09/30 10:33:51,2015/09/30 10:33:51,683.000000
planetlab-04.vt.nodes.planet-lab.org,planetlab1.cs.ucla.edu,file256KB.txt,2015/09/30 10:33:51,2015/09/30 10:34:30,39179.000000
planetlab-04.vt.nodes.planet-lab.org,planetlab1.cs.ucla.edu,file512KB.txt,2015/09/30 10:34:30,2015/09/30 10:35:49,79490.000000
planetlab-04.vt.nodes.planet-lab.org,planetlab1.cs.ucla.edu,file1MB.txt,2015/09/30 10:35:49,2015/09/30 10:38:25,-155439.000000
planetlab-4.eecs.cwru.edu,planetlab1.cs.ucla.edu,file32B.txt,2015/09/30 10:38:25,2015/09/30 10:38:26,1349.000000
planetlab-4.eecs.cwru.edu,planetlab1.cs.ucla.edu,file1KB.txt,2015/09/30 10:38:26,2015/09/30 10:38:27,1337.000000
planetlab-4.eecs.cwru.edu,planetlab1.cs.ucla.edu,file256KB.txt,2015/09/30 10:38:27,2015/09/30 10:39:06,38699.000000
planetlab-4.eecs.cwru.edu,planetlab1.cs.ucla.edu,file512KB.txt,2015/09/30 10:39:06,2015/09/30 10:40:24,77718.000000
planetlab-4.eecs.cwru.edu,planetlab1.cs.ucla.edu,file1MB.txt,2015/09/30 10:40:24,2015/09/30 10:43:00,156445.000000
planetlab01.cs.washington.edu,planetlab1.cs.ucla.edu,file32B.txt,2015/09/30 10:43:00,2015/09/30 10:43:00,265.000000
planetlab01.cs.washington.edu,planetlab1.cs.ucla.edu,file1KB.txt,2015/09/30 10:43:00,2015/09/30 10:43:00,254.000000
planetlab01.cs.washington.edu,planetlab1.cs.ucla.edu,file256KB.txt,2015/09/30 10:43:00,2015/09/30 10:43:14,14283.000000
planetlab01.cs.washington.edu,planetlab1.cs.ucla.edu,file512KB.txt,2015/09/30 10:43:14,2015/09/30 10:43:41,26901.000000
planetlab01.cs.washington.edu,planetlab1.cs.ucla.edu,file1MB.txt,2015/09/30 10:43:41,2015/09/30 10:44:35,53741.000000
planetlab02.cs.washington.edu,planetlab1.cs.ucla.edu,file32B.txt,2015/09/30 10:44:35,2015/09/30 10:44:35,202.000000
planetlab02.cs.washington.edu,planetlab1.cs.ucla.edu,file1KB.txt,2015/09/30 10:44:35,2015/09/30 10:44:36,1641.000000
planetlab02.cs.washington.edu,planetlab1.cs.ucla.edu,file256KB.txt,2015/09/30 10:44:36,2015/09/30 10:44:50,14135.000000
planetlab02.cs.washington.edu,planetlab1.cs.ucla.edu,file512KB.txt,2015/09/30 10:44:50,2015/09/30 10:45:17,26586.000000
planetlab02.cs.washington.edu,planetlab1.cs.ucla.edu,file1MB.txt,2015/09/30 10:45:17,2015/09/30 10:46:12,55331.000000
planetlab1.arizona-gigapop.net,planetlab1.cs.ucla.edu,file32B.txt,2015/09/30 10:46:12,2015/09/30 10:46:12,281.000000
planetlab1.arizona-gigapop.net,planetlab1.cs.ucla.edu,file1KB.txt,2015/09/30 10:46:12,2015/09/30 10:46:12,349.000000
planetlab1.arizona-gigapop.net,planetlab1.cs.ucla.edu,file256KB.txt,2015/09/30 10:46:12,2015/09/30 10:46:19,7078.000000
planetlab1.arizona-gigapop.net,planetlab1.cs.ucla.edu,file512KB.txt,2015/09/30 10:46:19,2015/09/30 10:46:33,14601.000000
planetlab1.arizona-gigapop.net,planetlab1.cs.ucla.edu,file1MB.txt,2015/09/30 10:46:33,2015/09/30 10:46:59,25426.000000
planetlab1.cs.unc.edu,planetlab1.cs.ucla.edu,file32B.txt,2015/09/30 10:46:59,2015/09/30 10:47:00,1483.000000
planetlab1.cs.unc.edu,planetlab1.cs.ucla.edu,file1KB.txt,2015/09/30 10:47:00,2015/09/30 10:47:01,1264.000000
planetlab1.cs.unc.edu,planetlab1.cs.ucla.edu,file256KB.txt,2015/09/30 10:47:01,2015/09/30 10:47:38,36289.000000
planetlab1.cs.unc.edu,planetlab1.cs.ucla.edu,file512KB.txt,2015/09/30 10:47:38,2015/09/30 10:48:53,75418.000000
planetlab1.cs.unc.edu,planetlab1.cs.ucla.edu,file1MB.txt,2015/09/30 10:48:53,2015/09/30 10:51:22,148707.000000
