ebb.colgate.edu,planetlab2.unl.edu,file32B.txt,2015/09/30 04:12:57,2015/09/30 04:12:58,1553.000000
ebb.colgate.edu,planetlab2.unl.edu,file1KB.txt,2015/09/30 04:12:58,2015/09/30 04:12:59,716.000000
ebb.colgate.edu,planetlab2.unl.edu,file256KB.txt,2015/09/30 04:12:59,2015/09/30 04:14:10,71032.000000
ebb.colgate.edu,planetlab2.unl.edu,file512KB.txt,2015/09/30 04:14:10,2015/09/30 04:16:10,120003.000000
ebb.colgate.edu,planetlab2.unl.edu,file1MB.txt,2015/09/30 04:16:10,2015/09/30 04:19:47,217137.000000
kc-sce-plab2.umkc.edu,planetlab2.unl.edu,file32B.txt,2015/09/30 04:19:47,2015/09/30 04:19:48,1263.000000
kc-sce-plab2.umkc.edu,planetlab2.unl.edu,file1KB.txt,2015/09/30 04:19:48,2015/09/30 04:19:49,1186.000000
kc-sce-plab2.umkc.edu,planetlab2.unl.edu,file256KB.txt,2015/09/30 04:19:49,2015/09/30 04:20:56,66697.000000
kc-sce-plab2.umkc.edu,planetlab2.unl.edu,file512KB.txt,2015/09/30 04:20:56,2015/09/30 04:24:12,195571.000000
kc-sce-plab2.umkc.edu,planetlab2.unl.edu,file1MB.txt,2015/09/30 04:24:12,2015/09/30 04:28:30,258484.000000
node1.planetlab.mathcs.emory.edu,planetlab2.unl.edu,file32B.txt,2015/09/30 04:28:30,2015/09/30 04:28:30,287.000000
node1.planetlab.mathcs.emory.edu,planetlab2.unl.edu,file1KB.txt,2015/09/30 04:28:30,2015/09/30 04:28:30,250.000000
node1.planetlab.mathcs.emory.edu,planetlab2.unl.edu,file256KB.txt,2015/09/30 04:28:30,2015/09/30 04:28:49,19535.000000
node1.planetlab.mathcs.emory.edu,planetlab2.unl.edu,file512KB.txt,2015/09/30 04:28:49,2015/09/30 04:29:26,37313.000000
node1.planetlab.mathcs.emory.edu,planetlab2.unl.edu,file1MB.txt,2015/09/30 04:29:26,2015/09/30 04:30:39,72470.000000
pl3.cs.unm.edu,planetlab2.unl.edu,file32B.txt,2015/09/30 04:31:00,2015/09/30 04:31:01,1621.000000
pl3.cs.unm.edu,planetlab2.unl.edu,file1KB.txt,2015/09/30 04:31:01,2015/09/30 04:31:01,327.000000
pl3.cs.unm.edu,planetlab2.unl.edu,file256KB.txt,2015/09/30 04:31:01,2015/09/30 04:31:25,23831.000000
pl3.cs.unm.edu,planetlab2.unl.edu,file512KB.txt,2015/09/30 04:31:25,2015/09/30 04:32:13,47906.000000
pl3.cs.unm.edu,planetlab2.unl.edu,file1MB.txt,2015/09/30 04:32:13,2015/09/30 04:33:49,96084.000000
plab3.eece.ksu.edu,planetlab2.unl.edu,file32B.txt,2015/09/30 04:33:49,2015/09/30 04:33:49,66.000000
plab3.eece.ksu.edu,planetlab2.unl.edu,file1KB.txt,2015/09/30 04:33:49,2015/09/30 04:33:49,62.000000
plab3.eece.ksu.edu,planetlab2.unl.edu,file256KB.txt,2015/09/30 04:33:49,2015/09/30 04:33:54,5452.000000
plab3.eece.ksu.edu,planetlab2.unl.edu,file512KB.txt,2015/09/30 04:33:54,2015/09/30 04:34:03,8998.000000
plab3.eece.ksu.edu,planetlab2.unl.edu,file1MB.txt,2015/09/30 04:34:03,2015/09/30 04:34:21,18008.000000
planetlab-02.bu.edu,planetlab2.unl.edu,file32B.txt,2015/09/30 04:34:21,2015/09/30 04:34:21,451.000000
planetlab-02.bu.edu,planetlab2.unl.edu,file1KB.txt,2015/09/30 04:34:21,2015/09/30 04:34:22,1527.000000
planetlab-02.bu.edu,planetlab2.unl.edu,file256KB.txt,2015/09/30 04:34:22,2015/09/30 04:34:57,35213.000000
planetlab-02.bu.edu,planetlab2.unl.edu,file512KB.txt,2015/09/30 04:34:57,2015/09/30 04:36:06,68334.000000
planetlab-02.bu.edu,planetlab2.unl.edu,file1MB.txt,2015/09/30 04:36:06,2015/09/30 04:38:25,-138985.000000
planetlab1.clemson.edu,planetlab2.unl.edu,file32B.txt,2015/09/30 04:38:47,2015/09/30 04:38:47,332.000000
planetlab1.clemson.edu,planetlab2.unl.edu,file1KB.txt,2015/09/30 04:38:47,2015/09/30 04:38:47,264.000000
planetlab1.clemson.edu,planetlab2.unl.edu,file256KB.txt,2015/09/30 04:38:47,2015/09/30 04:39:07,20506.000000
planetlab1.clemson.edu,planetlab2.unl.edu,file512KB.txt,2015/09/30 04:39:07,2015/09/30 04:39:46,39143.000000
planetlab1.clemson.edu,planetlab2.unl.edu,file1MB.txt,2015/09/30 04:39:46,2015/09/30 04:41:03,76466.000000
planetlab1.cs.du.edu,planetlab2.unl.edu,file32B.txt,2015/09/30 04:41:03,2015/09/30 04:41:04,1722.000000
planetlab1.cs.du.edu,planetlab2.unl.edu,file1KB.txt,2015/09/30 04:41:04,2015/09/30 04:41:04,275.000000
planetlab1.cs.du.edu,planetlab2.unl.edu,file256KB.txt,2015/09/30 04:41:04,2015/09/30 04:41:24,19661.000000
planetlab1.cs.du.edu,planetlab2.unl.edu,file512KB.txt,2015/09/30 04:41:24,2015/09/30 04:42:05,41530.000000
planetlab1.cs.du.edu,planetlab2.unl.edu,file1MB.txt,2015/09/30 04:42:05,2015/09/30 04:43:26,81044.000000
planetlab1.cs.okstate.edu,planetlab2.unl.edu,file32B.txt,2015/09/30 04:43:47,2015/09/30 04:43:47,85.000000
planetlab1.cs.okstate.edu,planetlab2.unl.edu,file1KB.txt,2015/09/30 04:43:47,2015/09/30 04:43:47,85.000000
planetlab1.cs.okstate.edu,planetlab2.unl.edu,file256KB.txt,2015/09/30 04:43:47,2015/09/30 04:43:53,5707.000000
planetlab1.cs.okstate.edu,planetlab2.unl.edu,file512KB.txt,2015/09/30 04:43:53,2015/09/30 04:44:07,14786.000000
planetlab1.cs.okstate.edu,planetlab2.unl.edu,file1MB.txt,2015/09/30 04:44:07,2015/09/30 04:44:32,24567.000000
planetlab1.cs.ucla.edu,planetlab2.unl.edu,file32B.txt,2015/09/30 04:44:32,2015/09/30 04:44:32,375.000000
planetlab1.cs.ucla.edu,planetlab2.unl.edu,file1KB.txt,2015/09/30 04:44:32,2015/09/30 04:44:33,1625.000000
planetlab1.cs.ucla.edu,planetlab2.unl.edu,file256KB.txt,2015/09/30 04:44:33,2015/09/30 04:45:00,26431.000000
planetlab1.cs.ucla.edu,planetlab2.unl.edu,file512KB.txt,2015/09/30 04:45:00,2015/09/30 04:45:55,55029.000000
planetlab1.cs.ucla.edu,planetlab2.unl.edu,file1MB.txt,2015/09/30 04:45:55,2015/09/30 04:47:45,110461.000000
planetlab1.csuohio.edu,planetlab2.unl.edu,file32B.txt,2015/09/30 04:47:45,2015/09/30 04:47:45,439.000000
planetlab1.csuohio.edu,planetlab2.unl.edu,file1KB.txt,2015/09/30 04:47:45,2015/09/30 04:47:46,1562.000000
planetlab1.csuohio.edu,planetlab2.unl.edu,file256KB.txt,2015/09/30 04:47:46,2015/09/30 04:48:18,31385.000000
planetlab1.csuohio.edu,planetlab2.unl.edu,file512KB.txt,2015/09/30 04:48:18,2015/09/30 04:49:19,61169.000000
planetlab1.csuohio.edu,planetlab2.unl.edu,file1MB.txt,2015/09/30 04:49:19,2015/09/30 04:51:29,130619.000000
planetlab1.ucsd.edu,planetlab2.unl.edu,file32B.txt,2015/09/30 04:51:50,2015/09/30 04:51:50,447.000000
planetlab1.ucsd.edu,planetlab2.unl.edu,file1KB.txt,2015/09/30 04:51:50,2015/09/30 04:51:51,1608.000000
planetlab1.ucsd.edu,planetlab2.unl.edu,file256KB.txt,2015/09/30 04:51:51,2015/09/30 04:52:19,27178.000000
planetlab1.ucsd.edu,planetlab2.unl.edu,file512KB.txt,2015/09/30 04:52:19,2015/09/30 04:53:17,58487.000000
planetlab1.ucsd.edu,planetlab2.unl.edu,file1MB.txt,2015/09/30 04:53:17,2015/09/30 04:55:12,115217.000000
planetlab2.acis.ufl.edu,planetlab2.unl.edu,file32B.txt,2015/09/30 04:55:12,2015/09/30 04:55:12,577.000000
planetlab2.acis.ufl.edu,planetlab2.unl.edu,file1KB.txt,2015/09/30 04:55:12,2015/09/30 04:55:13,1649.000000
planetlab2.acis.ufl.edu,planetlab2.unl.edu,file256KB.txt,2015/09/30 04:55:13,2015/09/30 04:55:38,24413.000000
planetlab2.acis.ufl.edu,planetlab2.unl.edu,file512KB.txt,2015/09/30 04:55:38,2015/09/30 04:56:29,51174.000000
planetlab2.acis.ufl.edu,planetlab2.unl.edu,file1MB.txt,2015/09/30 04:56:29,2015/09/30 04:58:10,100588.000000
planetlab2.arizona-gigapop.net,planetlab2.unl.edu,file32B.txt,2015/09/30 04:58:10,2015/09/30 04:58:11,1595.000000
planetlab2.arizona-gigapop.net,planetlab2.unl.edu,file1KB.txt,2015/09/30 04:58:11,2015/09/30 04:58:11,311.000000
planetlab2.arizona-gigapop.net,planetlab2.unl.edu,file256KB.txt,2015/09/30 04:58:11,2015/09/30 04:58:34,23055.000000
planetlab2.arizona-gigapop.net,planetlab2.unl.edu,file512KB.txt,2015/09/30 04:58:34,2015/09/30 04:59:20,46362.000000
planetlab2.arizona-gigapop.net,planetlab2.unl.edu,file1MB.txt,2015/09/30 04:59:20,2015/09/30 05:00:51,90876.000000
planetlab2.citadel.edu,planetlab2.unl.edu,file32B.txt,2015/09/30 05:00:51,2015/09/30 05:00:51,354.000000
planetlab2.citadel.edu,planetlab2.unl.edu,file1KB.txt,2015/09/30 05:00:51,2015/09/30 05:00:52,1675.000000
planetlab2.citadel.edu,planetlab2.unl.edu,file256KB.txt,2015/09/30 05:00:52,2015/09/30 05:01:15,22289.000000
planetlab2.citadel.edu,planetlab2.unl.edu,file512KB.txt,2015/09/30 05:01:15,2015/09/30 05:02:02,46788.000000
planetlab2.citadel.edu,planetlab2.unl.edu,file1MB.txt,2015/09/30 05:02:02,2015/09/30 05:03:37,95810.000000
planetlab2.cs.pitt.edu,planetlab2.unl.edu,file32B.txt,2015/09/30 05:03:37,2015/09/30 05:03:37,256.000000
planetlab2.cs.pitt.edu,planetlab2.unl.edu,file1KB.txt,2015/09/30 05:03:37,2015/09/30 05:03:37,225.000000
planetlab2.cs.pitt.edu,planetlab2.unl.edu,file256KB.txt,2015/09/30 05:03:37,2015/09/30 05:03:54,17427.000000
planetlab2.cs.pitt.edu,planetlab2.unl.edu,file512KB.txt,2015/09/30 05:03:54,2015/09/30 05:04:27,32382.000000
planetlab2.cs.pitt.edu,planetlab2.unl.edu,file1MB.txt,2015/09/30 05:04:27,2015/09/30 05:05:33,66094.000000
planetlab2.cs.purdue.edu,planetlab2.unl.edu,file32B.txt,2015/09/30 05:05:33,2015/09/30 05:05:34,1702.000000
planetlab2.cs.purdue.edu,planetlab2.unl.edu,file1KB.txt,2015/09/30 05:05:34,2015/09/30 05:05:34,280.000000
planetlab2.cs.purdue.edu,planetlab2.unl.edu,file256KB.txt,2015/09/30 05:05:34,2015/09/30 05:05:54,20216.000000
planetlab2.cs.purdue.edu,planetlab2.unl.edu,file512KB.txt,2015/09/30 05:05:54,2015/09/30 05:06:34,39707.000000
planetlab2.cs.purdue.edu,planetlab2.unl.edu,file1MB.txt,2015/09/30 05:06:34,2015/09/30 05:07:57,83201.000000
planetlab2.cs.uml.edu,planetlab2.unl.edu,file32B.txt,2015/09/30 05:08:39,2015/09/30 05:08:39,349.000000
planetlab2.cs.uml.edu,planetlab2.unl.edu,file1KB.txt,2015/09/30 05:08:39,2015/09/30 05:08:40,1697.000000
planetlab2.cs.uml.edu,planetlab2.unl.edu,file256KB.txt,2015/09/30 05:08:40,2015/09/30 05:09:02,21680.000000
planetlab2.cs.uml.edu,planetlab2.unl.edu,file512KB.txt,2015/09/30 05:09:02,2015/09/30 05:09:47,45399.000000
planetlab2.cs.uml.edu,planetlab2.unl.edu,file1MB.txt,2015/09/30 05:09:47,2015/09/30 05:11:17,89710.000000
planetlab2.cs.unc.edu,planetlab2.unl.edu,file32B.txt,2015/09/30 05:11:17,2015/09/30 05:11:17,488.000000
planetlab2.cs.unc.edu,planetlab2.unl.edu,file1KB.txt,2015/09/30 05:11:17,2015/09/30 05:11:18,1507.000000
planetlab2.cs.unc.edu,planetlab2.unl.edu,file256KB.txt,2015/09/30 05:11:18,2015/09/30 05:11:54,36211.000000
planetlab2.cs.unc.edu,planetlab2.unl.edu,file512KB.txt,2015/09/30 05:11:54,2015/09/30 05:13:05,71013.000000
planetlab2.cs.unc.edu,planetlab2.unl.edu,file1MB.txt,2015/09/30 05:13:05,2015/09/30 05:15:26,140405.000000
planetlab2.cs.uoregon.edu,planetlab2.unl.edu,file32B.txt,2015/09/30 05:15:26,2015/09/30 05:15:27,1640.000000
planetlab2.cs.uoregon.edu,planetlab2.unl.edu,file1KB.txt,2015/09/30 05:15:27,2015/09/30 05:15:27,335.000000
planetlab2.cs.uoregon.edu,planetlab2.unl.edu,file256KB.txt,2015/09/30 05:15:27,2015/09/30 05:15:51,23393.000000
planetlab2.cs.uoregon.edu,planetlab2.unl.edu,file512KB.txt,2015/09/30 05:15:51,2015/09/30 05:16:40,49055.000000
planetlab2.cs.uoregon.edu,planetlab2.unl.edu,file1MB.txt,2015/09/30 05:16:40,2015/09/30 05:18:18,98158.000000
planetlab2.temple.edu,planetlab2.unl.edu,file32B.txt,2015/09/30 05:18:18,2015/09/30 05:18:19,1624.000000
planetlab2.temple.edu,planetlab2.unl.edu,file1KB.txt,2015/09/30 05:18:19,2015/09/30 05:18:19,275.000000
planetlab2.temple.edu,planetlab2.unl.edu,file256KB.txt,2015/09/30 05:18:19,2015/09/30 05:18:39,19678.000000
planetlab2.temple.edu,planetlab2.unl.edu,file512KB.txt,2015/09/30 05:18:39,2015/09/30 05:19:24,44957.000000
planetlab2.temple.edu,planetlab2.unl.edu,file1MB.txt,2015/09/30 05:19:24,2015/09/30 05:20:45,81495.000000
planetlab2.unl.edu,planetlab2.unl.edu,file32B.txt,2015/09/30 05:20:45,2015/09/30 05:20:45,4.000000
planetlab2.unl.edu,planetlab2.unl.edu,file1KB.txt,2015/09/30 05:20:45,2015/09/30 05:20:45,4.000000
planetlab2.unl.edu,planetlab2.unl.edu,file256KB.txt,2015/09/30 05:20:45,2015/09/30 05:20:45,30.000000
planetlab2.unl.edu,planetlab2.unl.edu,file512KB.txt,2015/09/30 05:20:45,2015/09/30 05:20:45,74.000000
planetlab2.unl.edu,planetlab2.unl.edu,file1MB.txt,2015/09/30 05:20:45,2015/09/30 05:20:45,137.000000
planetlab2.unr.edu,planetlab2.unl.edu,file32B.txt,2015/09/30 05:20:45,2015/09/30 05:20:45,313.000000
planetlab2.unr.edu,planetlab2.unl.edu,file1KB.txt,2015/09/30 05:20:45,2015/09/30 05:20:46,1756.000000
planetlab2.unr.edu,planetlab2.unl.edu,file256KB.txt,2015/09/30 05:20:46,2015/09/30 05:21:04,18029.000000
planetlab2.unr.edu,planetlab2.unl.edu,file512KB.txt,2015/09/30 05:21:04,2015/09/30 05:21:39,34198.000000
planetlab2.unr.edu,planetlab2.unl.edu,file1MB.txt,2015/09/30 05:21:39,2015/09/30 05:22:51,72515.000000
planetlab2.uta.edu,planetlab2.unl.edu,file32B.txt,2015/09/30 05:22:51,2015/09/30 05:22:51,110.000000
planetlab2.uta.edu,planetlab2.unl.edu,file1KB.txt,2015/09/30 05:22:51,2015/09/30 05:22:51,112.000000
planetlab2.uta.edu,planetlab2.unl.edu,file256KB.txt,2015/09/30 05:22:51,2015/09/30 05:22:59,7940.000000
planetlab2.uta.edu,planetlab2.unl.edu,file512KB.txt,2015/09/30 05:22:59,2015/09/30 05:23:15,16011.000000
planetlab2.uta.edu,planetlab2.unl.edu,file1MB.txt,2015/09/30 05:23:15,2015/09/30 05:23:47,32247.000000
planetlab2.utdallas.edu,planetlab2.unl.edu,file32B.txt,2015/09/30 05:23:47,2015/09/30 05:23:47,109.000000
planetlab2.utdallas.edu,planetlab2.unl.edu,file1KB.txt,2015/09/30 05:23:47,2015/09/30 05:23:47,108.000000
planetlab2.utdallas.edu,planetlab2.unl.edu,file256KB.txt,2015/09/30 05:23:47,2015/09/30 05:23:55,8034.000000
planetlab2.utdallas.edu,planetlab2.unl.edu,file512KB.txt,2015/09/30 05:23:55,2015/09/30 05:24:11,16161.000000
planetlab2.utdallas.edu,planetlab2.unl.edu,file1MB.txt,2015/09/30 05:24:11,2015/09/30 05:24:42,30441.000000
planetlab3.eecs.umich.edu,planetlab2.unl.edu,file32B.txt,2015/09/30 05:24:42,2015/09/30 05:24:43,1728.000000
planetlab3.eecs.umich.edu,planetlab2.unl.edu,file1KB.txt,2015/09/30 05:24:43,2015/09/30 05:24:43,209.000000
planetlab3.eecs.umich.edu,planetlab2.unl.edu,file256KB.txt,2015/09/30 05:24:43,2015/09/30 05:24:58,14702.000000
planetlab3.eecs.umich.edu,planetlab2.unl.edu,file512KB.txt,2015/09/30 05:24:58,2015/09/30 05:25:29,31419.000000
planetlab3.eecs.umich.edu,planetlab2.unl.edu,file1MB.txt,2015/09/30 05:25:29,2015/09/30 05:26:30,61157.000000
planetlab3.rutgers.edu,planetlab2.unl.edu,file32B.txt,2015/09/30 05:26:30,2015/09/30 05:26:30,309.000000
planetlab3.rutgers.edu,planetlab2.unl.edu,file1KB.txt,2015/09/30 05:26:30,2015/09/30 05:26:30,284.000000
planetlab3.rutgers.edu,planetlab2.unl.edu,file256KB.txt,2015/09/30 05:26:30,2015/09/30 05:26:51,21577.000000
planetlab3.rutgers.edu,planetlab2.unl.edu,file512KB.txt,2015/09/30 05:26:51,2015/09/30 05:27:31,39389.000000
planetlab3.rutgers.edu,planetlab2.unl.edu,file1MB.txt,2015/09/30 05:27:31,2015/09/30 05:28:52,81053.000000
planetlab3.wail.wisc.edu,planetlab2.unl.edu,file32B.txt,2015/09/30 05:28:52,2015/09/30 05:28:53,1688.000000
planetlab3.wail.wisc.edu,planetlab2.unl.edu,file1KB.txt,2015/09/30 05:28:53,2015/09/30 05:28:53,242.000000
planetlab3.wail.wisc.edu,planetlab2.unl.edu,file256KB.txt,2015/09/30 05:28:53,2015/09/30 05:29:11,18208.000000
planetlab3.wail.wisc.edu,planetlab2.unl.edu,file512KB.txt,2015/09/30 05:29:11,2015/09/30 05:29:46,34588.000000
planetlab3.wail.wisc.edu,planetlab2.unl.edu,file1MB.txt,2015/09/30 05:29:46,2015/09/30 05:30:57,71223.000000
planetlab4.tamu.edu,planetlab2.unl.edu,file32B.txt,2015/09/30 05:30:57,2015/09/30 05:30:57,159.000000
planetlab4.tamu.edu,planetlab2.unl.edu,file1KB.txt,2015/09/30 05:30:57,2015/09/30 05:30:57,132.000000
planetlab4.tamu.edu,planetlab2.unl.edu,file256KB.txt,2015/09/30 05:30:57,2015/09/30 05:31:07,10527.000000
planetlab4.tamu.edu,planetlab2.unl.edu,file512KB.txt,2015/09/30 05:31:07,2015/09/30 05:31:25,17135.000000
planetlab4.tamu.edu,planetlab2.unl.edu,file1MB.txt,2015/09/30 05:31:25,2015/09/30 05:32:03,38291.000000
planetlab-5.eecs.cwru.edu,planetlab2.unl.edu,file32B.txt,2015/09/30 05:32:03,2015/09/30 05:32:03,254.000000
planetlab-5.eecs.cwru.edu,planetlab2.unl.edu,file1KB.txt,2015/09/30 05:32:03,2015/09/30 05:32:04,1746.000000
planetlab-5.eecs.cwru.edu,planetlab2.unl.edu,file256KB.txt,2015/09/30 05:32:04,2015/09/30 05:32:22,17453.000000
planetlab-5.eecs.cwru.edu,planetlab2.unl.edu,file512KB.txt,2015/09/30 05:32:22,2015/09/30 05:32:59,37085.000000
planetlab-5.eecs.cwru.edu,planetlab2.unl.edu,file1MB.txt,2015/09/30 05:32:59,2015/09/30 05:34:13,74364.000000
planetlabone.ccs.neu.edu,planetlab2.unl.edu,file32B.txt,2015/09/30 05:34:13,2015/09/30 05:34:13,376.000000
planetlabone.ccs.neu.edu,planetlab2.unl.edu,file1KB.txt,2015/09/30 05:34:13,2015/09/30 05:34:13,280.000000
planetlabone.ccs.neu.edu,planetlab2.unl.edu,file256KB.txt,2015/09/30 05:34:13,2015/09/30 05:34:34,21553.000000
planetlabone.ccs.neu.edu,planetlab2.unl.edu,file512KB.txt,2015/09/30 05:34:34,2015/09/30 05:35:15,41237.000000
planetlabone.ccs.neu.edu,planetlab2.unl.edu,file1MB.txt,2015/09/30 05:35:15,2015/09/30 05:36:36,80886.000000
pl-node-0.csl.sri.com,planetlab2.unl.edu,file32B.txt,2015/09/30 05:36:36,2015/09/30 05:36:36,583.000000
pl-node-0.csl.sri.com,planetlab2.unl.edu,file1KB.txt,2015/09/30 05:36:36,2015/09/30 05:36:37,1544.000000
pl-node-0.csl.sri.com,planetlab2.unl.edu,file256KB.txt,2015/09/30 05:36:37,2015/09/30 05:37:13,35988.000000
pl-node-0.csl.sri.com,planetlab2.unl.edu,file512KB.txt,2015/09/30 05:37:13,2015/09/30 05:38:26,73025.000000
pl-node-0.csl.sri.com,planetlab2.unl.edu,file1MB.txt,2015/09/30 05:38:26,2015/09/30 05:40:51,145201.000000
ricepl-5.cs.rice.edu,planetlab2.unl.edu,file32B.txt,2015/09/30 05:40:51,2015/09/30 05:40:51,187.000000
ricepl-5.cs.rice.edu,planetlab2.unl.edu,file1KB.txt,2015/09/30 05:40:51,2015/09/30 05:40:51,147.000000
ricepl-5.cs.rice.edu,planetlab2.unl.edu,file256KB.txt,2015/09/30 05:40:51,2015/09/30 05:41:02,11539.000000
ricepl-5.cs.rice.edu,planetlab2.unl.edu,file512KB.txt,2015/09/30 05:41:02,2015/09/30 05:41:22,19162.000000
ricepl-5.cs.rice.edu,planetlab2.unl.edu,file1MB.txt,2015/09/30 05:41:22,2015/09/30 05:42:04,42108.000000
salt.planetlab.cs.umd.edu,planetlab2.unl.edu,file32B.txt,2015/09/30 05:42:04,2015/09/30 05:42:05,1708.000000
salt.planetlab.cs.umd.edu,planetlab2.unl.edu,file1KB.txt,2015/09/30 05:42:05,2015/09/30 05:42:05,255.000000
salt.planetlab.cs.umd.edu,planetlab2.unl.edu,file256KB.txt,2015/09/30 05:42:05,2015/09/30 05:42:26,21366.000000
salt.planetlab.cs.umd.edu,planetlab2.unl.edu,file512KB.txt,2015/09/30 05:42:26,2015/09/30 05:43:03,36454.000000
salt.planetlab.cs.umd.edu,planetlab2.unl.edu,file1MB.txt,2015/09/30 05:43:03,2015/09/30 05:44:16,72862.000000
pl1.eecs.utk.edu,planetlab2.unl.edu,file32B.txt,2015/09/30 05:44:16,2015/09/30 05:44:17,1413.000000
pl1.eecs.utk.edu,planetlab2.unl.edu,file1KB.txt,2015/09/30 05:44:17,2015/09/30 05:44:17,501.000000
pl1.eecs.utk.edu,planetlab2.unl.edu,file256KB.txt,2015/09/30 05:44:17,2015/09/30 05:44:54,37399.000000
pl1.eecs.utk.edu,planetlab2.unl.edu,file512KB.txt,2015/09/30 05:44:54,2015/09/30 05:46:07,72895.000000
pl1.eecs.utk.edu,planetlab2.unl.edu,file1MB.txt,2015/09/30 05:46:07,2015/09/30 05:49:41,213793.000000
planetlab-01.vt.nodes.planet-lab.org,planetlab2.unl.edu,file32B.txt,2015/09/30 05:49:41,2015/09/30 05:49:42,1612.000000
planetlab-01.vt.nodes.planet-lab.org,planetlab2.unl.edu,file1KB.txt,2015/09/30 05:49:42,2015/09/30 05:49:42,305.000000
planetlab-01.vt.nodes.planet-lab.org,planetlab2.unl.edu,file256KB.txt,2015/09/30 05:49:42,2015/09/30 05:50:07,-25350.000000
planetlab-01.vt.nodes.planet-lab.org,planetlab2.unl.edu,file512KB.txt,2015/09/30 05:50:07,2015/09/30 05:50:49,41592.000000
planetlab-01.vt.nodes.planet-lab.org,planetlab2.unl.edu,file1MB.txt,2015/09/30 05:50:49,2015/09/30 05:52:20,91114.000000
planetlab-04.vt.nodes.planet-lab.org,planetlab2.unl.edu,file32B.txt,2015/09/30 05:52:20,2015/09/30 05:52:20,425.000000
planetlab-04.vt.nodes.planet-lab.org,planetlab2.unl.edu,file1KB.txt,2015/09/30 05:52:20,2015/09/30 05:52:21,1712.000000
planetlab-04.vt.nodes.planet-lab.org,planetlab2.unl.edu,file256KB.txt,2015/09/30 05:52:21,2015/09/30 05:52:45,23569.000000
planetlab-04.vt.nodes.planet-lab.org,planetlab2.unl.edu,file512KB.txt,2015/09/30 05:52:45,2015/09/30 05:53:31,45753.000000
planetlab-04.vt.nodes.planet-lab.org,planetlab2.unl.edu,file1MB.txt,2015/09/30 05:53:31,2015/09/30 05:54:55,84087.000000
planetlab-4.eecs.cwru.edu,planetlab2.unl.edu,file32B.txt,2015/09/30 05:54:55,2015/09/30 05:54:56,1683.000000
planetlab-4.eecs.cwru.edu,planetlab2.unl.edu,file1KB.txt,2015/09/30 05:54:56,2015/09/30 05:54:56,251.000000
planetlab-4.eecs.cwru.edu,planetlab2.unl.edu,file256KB.txt,2015/09/30 05:54:56,2015/09/30 05:55:16,19495.000000
planetlab-4.eecs.cwru.edu,planetlab2.unl.edu,file512KB.txt,2015/09/30 05:55:16,2015/09/30 05:55:53,37041.000000
planetlab-4.eecs.cwru.edu,planetlab2.unl.edu,file1MB.txt,2015/09/30 05:55:53,2015/09/30 05:57:07,74351.000000
planetlab01.cs.washington.edu,planetlab2.unl.edu,file32B.txt,2015/09/30 05:57:07,2015/09/30 05:57:07,430.000000
planetlab01.cs.washington.edu,planetlab2.unl.edu,file1KB.txt,2015/09/30 05:57:07,2015/09/30 05:57:08,1619.000000
planetlab01.cs.washington.edu,planetlab2.unl.edu,file256KB.txt,2015/09/30 05:57:08,2015/09/30 05:57:36,27942.000000
planetlab01.cs.washington.edu,planetlab2.unl.edu,file512KB.txt,2015/09/30 05:57:36,2015/09/30 05:58:32,56141.000000
planetlab01.cs.washington.edu,planetlab2.unl.edu,file1MB.txt,2015/09/30 05:58:32,2015/09/30 06:00:23,110413.000000
planetlab02.cs.washington.edu,planetlab2.unl.edu,file32B.txt,2015/09/30 06:00:23,2015/09/30 06:00:24,1618.000000
planetlab02.cs.washington.edu,planetlab2.unl.edu,file1KB.txt,2015/09/30 06:00:24,2015/09/30 06:00:24,381.000000
planetlab02.cs.washington.edu,planetlab2.unl.edu,file256KB.txt,2015/09/30 06:00:24,2015/09/30 06:00:52,27911.000000
planetlab02.cs.washington.edu,planetlab2.unl.edu,file512KB.txt,2015/09/30 06:00:52,2015/09/30 06:01:48,55691.000000
planetlab02.cs.washington.edu,planetlab2.unl.edu,file1MB.txt,2015/09/30 06:01:48,2015/09/30 06:03:40,112387.000000
planetlab1.arizona-gigapop.net,planetlab2.unl.edu,file32B.txt,2015/09/30 06:03:40,2015/09/30 06:03:40,355.000000
planetlab1.arizona-gigapop.net,planetlab2.unl.edu,file1KB.txt,2015/09/30 06:03:40,2015/09/30 06:03:41,1689.000000
planetlab1.arizona-gigapop.net,planetlab2.unl.edu,file256KB.txt,2015/09/30 06:03:41,2015/09/30 06:04:04,23148.000000
planetlab1.arizona-gigapop.net,planetlab2.unl.edu,file512KB.txt,2015/09/30 06:04:04,2015/09/30 06:04:50,45847.000000
planetlab1.arizona-gigapop.net,planetlab2.unl.edu,file1MB.txt,2015/09/30 06:04:50,2015/09/30 06:06:20,89365.000000
planetlab1.cs.unc.edu,planetlab2.unl.edu,file32B.txt,2015/09/30 06:06:20,2015/09/30 06:06:21,1549.000000
planetlab1.cs.unc.edu,planetlab2.unl.edu,file1KB.txt,2015/09/30 06:06:21,2015/09/30 06:06:21,472.000000
planetlab1.cs.unc.edu,planetlab2.unl.edu,file256KB.txt,2015/09/30 06:06:21,2015/09/30 06:06:56,35193.000000
planetlab1.cs.unc.edu,planetlab2.unl.edu,file512KB.txt,2015/09/30 06:06:56,2015/09/30 06:08:05,68831.000000
planetlab1.cs.unc.edu,planetlab2.unl.edu,file1MB.txt,2015/09/30 06:08:05,2015/09/30 06:10:23,138019.000000
