ebb.colgate.edu,planetlab-01.vt.nodes.planet-lab.org,file32B.txt,2015/09/30 04:13:44,2015/09/30 04:13:47,2755.000000
ebb.colgate.edu,planetlab-01.vt.nodes.planet-lab.org,file1KB.txt,2015/09/30 04:13:47,2015/09/30 04:13:47,188.000000
ebb.colgate.edu,planetlab-01.vt.nodes.planet-lab.org,file256KB.txt,2015/09/30 04:13:47,2015/09/30 04:14:15,28512.000000
ebb.colgate.edu,planetlab-01.vt.nodes.planet-lab.org,file512KB.txt,2015/09/30 04:14:15,2015/09/30 04:15:20,64383.000000
ebb.colgate.edu,planetlab-01.vt.nodes.planet-lab.org,file1MB.txt,2015/09/30 04:15:20,2015/09/30 04:17:26,126776.000000
kc-sce-plab2.umkc.edu,planetlab-01.vt.nodes.planet-lab.org,file32B.txt,2015/09/30 04:17:26,2015/09/30 04:17:26,593.000000
kc-sce-plab2.umkc.edu,planetlab-01.vt.nodes.planet-lab.org,file1KB.txt,2015/09/30 04:17:26,2015/09/30 04:17:27,1431.000000
kc-sce-plab2.umkc.edu,planetlab-01.vt.nodes.planet-lab.org,file256KB.txt,2015/09/30 04:17:27,2015/09/30 04:18:27,60228.000000
kc-sce-plab2.umkc.edu,planetlab-01.vt.nodes.planet-lab.org,file512KB.txt,2015/09/30 04:18:27,2015/09/30 04:21:04,156607.000000
kc-sce-plab2.umkc.edu,planetlab-01.vt.nodes.planet-lab.org,file1MB.txt,2015/09/30 04:21:04,2015/09/30 04:27:34,390215.000000
node1.planetlab.mathcs.emory.edu,planetlab-01.vt.nodes.planet-lab.org,file32B.txt,2015/09/30 04:27:34,2015/09/30 04:27:34,151.000000
node1.planetlab.mathcs.emory.edu,planetlab-01.vt.nodes.planet-lab.org,file1KB.txt,2015/09/30 04:27:34,2015/09/30 04:27:34,91.000000
node1.planetlab.mathcs.emory.edu,planetlab-01.vt.nodes.planet-lab.org,file256KB.txt,2015/09/30 04:27:34,2015/09/30 04:27:41,7314.000000
node1.planetlab.mathcs.emory.edu,planetlab-01.vt.nodes.planet-lab.org,file512KB.txt,2015/09/30 04:27:41,2015/09/30 04:27:54,12695.000000
node1.planetlab.mathcs.emory.edu,planetlab-01.vt.nodes.planet-lab.org,file1MB.txt,2015/09/30 04:27:54,2015/09/30 04:28:22,27760.000000
pl3.cs.unm.edu,planetlab-01.vt.nodes.planet-lab.org,file32B.txt,2015/09/30 04:28:43,2015/09/30 04:28:44,1470.000000
pl3.cs.unm.edu,planetlab-01.vt.nodes.planet-lab.org,file1KB.txt,2015/09/30 04:28:44,2015/09/30 04:28:44,396.000000
pl3.cs.unm.edu,planetlab-01.vt.nodes.planet-lab.org,file256KB.txt,2015/09/30 04:28:44,2015/09/30 04:29:13,29205.000000
pl3.cs.unm.edu,planetlab-01.vt.nodes.planet-lab.org,file512KB.txt,2015/09/30 04:29:13,2015/09/30 04:30:12,59503.000000
pl3.cs.unm.edu,planetlab-01.vt.nodes.planet-lab.org,file1MB.txt,2015/09/30 04:30:12,2015/09/30 04:32:08,115921.000000
plab3.eece.ksu.edu,planetlab-01.vt.nodes.planet-lab.org,file32B.txt,2015/09/30 04:32:08,2015/09/30 04:32:08,429.000000
plab3.eece.ksu.edu,planetlab-01.vt.nodes.planet-lab.org,file1KB.txt,2015/09/30 04:32:08,2015/09/30 04:32:08,270.000000
plab3.eece.ksu.edu,planetlab-01.vt.nodes.planet-lab.org,file256KB.txt,2015/09/30 04:32:08,2015/09/30 04:32:28,20147.000000
plab3.eece.ksu.edu,planetlab-01.vt.nodes.planet-lab.org,file512KB.txt,2015/09/30 04:32:28,2015/09/30 04:33:08,40408.000000
plab3.eece.ksu.edu,planetlab-01.vt.nodes.planet-lab.org,file1MB.txt,2015/09/30 04:33:08,2015/09/30 04:34:27,78945.000000
planetlab-02.bu.edu,planetlab-01.vt.nodes.planet-lab.org,file32B.txt,2015/09/30 04:34:27,2015/09/30 04:34:27,253.000000
planetlab-02.bu.edu,planetlab-01.vt.nodes.planet-lab.org,file1KB.txt,2015/09/30 04:34:27,2015/09/30 04:34:27,198.000000
planetlab-02.bu.edu,planetlab-01.vt.nodes.planet-lab.org,file256KB.txt,2015/09/30 04:34:27,2015/09/30 04:34:42,15652.000000
planetlab-02.bu.edu,planetlab-01.vt.nodes.planet-lab.org,file512KB.txt,2015/09/30 04:34:42,2015/09/30 04:35:11,29201.000000
planetlab-02.bu.edu,planetlab-01.vt.nodes.planet-lab.org,file1MB.txt,2015/09/30 04:35:11,2015/09/30 04:36:08,56612.000000
planetlab1.clemson.edu,planetlab-01.vt.nodes.planet-lab.org,file32B.txt,2015/09/30 04:36:11,2015/09/30 04:36:11,191.000000
planetlab1.clemson.edu,planetlab-01.vt.nodes.planet-lab.org,file1KB.txt,2015/09/30 04:36:11,2015/09/30 04:36:12,1855.000000
planetlab1.clemson.edu,planetlab-01.vt.nodes.planet-lab.org,file256KB.txt,2015/09/30 04:36:12,2015/09/30 04:36:22,9506.000000
planetlab1.clemson.edu,planetlab-01.vt.nodes.planet-lab.org,file512KB.txt,2015/09/30 04:36:22,2015/09/30 04:36:43,21184.000000
planetlab1.clemson.edu,planetlab-01.vt.nodes.planet-lab.org,file1MB.txt,2015/09/30 04:36:43,2015/09/30 04:37:24,40466.000000
planetlab1.cs.du.edu,planetlab-01.vt.nodes.planet-lab.org,file32B.txt,2015/09/30 04:37:25,2015/09/30 04:37:25,348.000000
planetlab1.cs.du.edu,planetlab-01.vt.nodes.planet-lab.org,file1KB.txt,2015/09/30 04:37:25,2015/09/30 04:37:25,347.000000
planetlab1.cs.du.edu,planetlab-01.vt.nodes.planet-lab.org,file256KB.txt,2015/09/30 04:37:25,2015/09/30 04:37:51,26532.000000
planetlab1.cs.du.edu,planetlab-01.vt.nodes.planet-lab.org,file512KB.txt,2015/09/30 04:37:51,2015/09/30 04:38:42,-51024.000000
planetlab1.cs.du.edu,planetlab-01.vt.nodes.planet-lab.org,file1MB.txt,2015/09/30 04:38:42,2015/09/30 04:40:23,101109.000000
planetlab1.cs.okstate.edu,planetlab-01.vt.nodes.planet-lab.org,file32B.txt,2015/09/30 04:40:44,2015/09/30 04:40:44,475.000000
planetlab1.cs.okstate.edu,planetlab-01.vt.nodes.planet-lab.org,file1KB.txt,2015/09/30 04:40:44,2015/09/30 04:40:45,1631.000000
planetlab1.cs.okstate.edu,planetlab-01.vt.nodes.planet-lab.org,file256KB.txt,2015/09/30 04:40:45,2015/09/30 04:41:11,25892.000000
planetlab1.cs.okstate.edu,planetlab-01.vt.nodes.planet-lab.org,file512KB.txt,2015/09/30 04:41:11,2015/09/30 04:42:05,53689.000000
planetlab1.cs.okstate.edu,planetlab-01.vt.nodes.planet-lab.org,file1MB.txt,2015/09/30 04:42:05,2015/09/30 04:43:57,112021.000000
planetlab1.cs.ucla.edu,planetlab-01.vt.nodes.planet-lab.org,file32B.txt,2015/09/30 04:43:57,2015/09/30 04:43:58,1478.000000
planetlab1.cs.ucla.edu,planetlab-01.vt.nodes.planet-lab.org,file1KB.txt,2015/09/30 04:43:58,2015/09/30 04:43:58,538.000000
planetlab1.cs.ucla.edu,planetlab-01.vt.nodes.planet-lab.org,file256KB.txt,2015/09/30 04:43:58,2015/09/30 04:44:38,40465.000000
planetlab1.cs.ucla.edu,planetlab-01.vt.nodes.planet-lab.org,file512KB.txt,2015/09/30 04:44:38,2015/09/30 04:45:57,79217.000000
planetlab1.cs.ucla.edu,planetlab-01.vt.nodes.planet-lab.org,file1MB.txt,2015/09/30 04:45:57,2015/09/30 04:48:35,157910.000000
planetlab1.csuohio.edu,planetlab-01.vt.nodes.planet-lab.org,file32B.txt,2015/09/30 04:48:35,2015/09/30 04:48:35,294.000000
planetlab1.csuohio.edu,planetlab-01.vt.nodes.planet-lab.org,file1KB.txt,2015/09/30 04:48:35,2015/09/30 04:48:35,235.000000
planetlab1.csuohio.edu,planetlab-01.vt.nodes.planet-lab.org,file256KB.txt,2015/09/30 04:48:35,2015/09/30 04:48:53,18346.000000
planetlab1.csuohio.edu,planetlab-01.vt.nodes.planet-lab.org,file512KB.txt,2015/09/30 04:48:53,2015/09/30 04:49:28,34664.000000
planetlab1.csuohio.edu,planetlab-01.vt.nodes.planet-lab.org,file1MB.txt,2015/09/30 04:49:28,2015/09/30 04:50:38,69837.000000
planetlab1.ucsd.edu,planetlab-01.vt.nodes.planet-lab.org,file32B.txt,2015/09/30 04:51:00,2015/09/30 04:51:00,656.000000
planetlab1.ucsd.edu,planetlab-01.vt.nodes.planet-lab.org,file1KB.txt,2015/09/30 04:51:00,2015/09/30 04:51:01,1443.000000
planetlab1.ucsd.edu,planetlab-01.vt.nodes.planet-lab.org,file256KB.txt,2015/09/30 04:51:01,2015/09/30 04:51:42,41139.000000
planetlab1.ucsd.edu,planetlab-01.vt.nodes.planet-lab.org,file512KB.txt,2015/09/30 04:51:42,2015/09/30 04:53:03,80386.000000
planetlab1.ucsd.edu,planetlab-01.vt.nodes.planet-lab.org,file1MB.txt,2015/09/30 04:53:03,2015/09/30 04:55:46,163752.000000
planetlab2.acis.ufl.edu,planetlab-01.vt.nodes.planet-lab.org,file32B.txt,2015/09/30 04:55:46,2015/09/30 04:55:46,298.000000
planetlab2.acis.ufl.edu,planetlab-01.vt.nodes.planet-lab.org,file1KB.txt,2015/09/30 04:55:46,2015/09/30 04:55:46,265.000000
planetlab2.acis.ufl.edu,planetlab-01.vt.nodes.planet-lab.org,file256KB.txt,2015/09/30 04:55:46,2015/09/30 04:56:06,20308.000000
planetlab2.acis.ufl.edu,planetlab-01.vt.nodes.planet-lab.org,file512KB.txt,2015/09/30 04:56:06,2015/09/30 04:56:45,38974.000000
planetlab2.acis.ufl.edu,planetlab-01.vt.nodes.planet-lab.org,file1MB.txt,2015/09/30 04:56:45,2015/09/30 04:58:02,76425.000000
planetlab2.arizona-gigapop.net,planetlab-01.vt.nodes.planet-lab.org,file32B.txt,2015/09/30 04:58:02,2015/09/30 04:58:03,1426.000000
planetlab2.arizona-gigapop.net,planetlab-01.vt.nodes.planet-lab.org,file1KB.txt,2015/09/30 04:58:03,2015/09/30 04:58:03,476.000000
planetlab2.arizona-gigapop.net,planetlab-01.vt.nodes.planet-lab.org,file256KB.txt,2015/09/30 04:58:03,2015/09/30 04:58:39,36721.000000
planetlab2.arizona-gigapop.net,planetlab-01.vt.nodes.planet-lab.org,file512KB.txt,2015/09/30 04:58:39,2015/09/30 04:59:49,69258.000000
planetlab2.arizona-gigapop.net,planetlab-01.vt.nodes.planet-lab.org,file1MB.txt,2015/09/30 04:59:49,2015/09/30 05:02:10,141886.000000
planetlab2.citadel.edu,planetlab-01.vt.nodes.planet-lab.org,file32B.txt,2015/09/30 05:02:10,2015/09/30 05:02:10,320.000000
planetlab2.citadel.edu,planetlab-01.vt.nodes.planet-lab.org,file1KB.txt,2015/09/30 05:02:10,2015/09/30 05:02:10,234.000000
planetlab2.citadel.edu,planetlab-01.vt.nodes.planet-lab.org,file256KB.txt,2015/09/30 05:02:10,2015/09/30 05:02:26,15740.000000
planetlab2.citadel.edu,planetlab-01.vt.nodes.planet-lab.org,file512KB.txt,2015/09/30 05:02:26,2015/09/30 05:03:00,34250.000000
planetlab2.citadel.edu,planetlab-01.vt.nodes.planet-lab.org,file1MB.txt,2015/09/30 05:03:00,2015/09/30 05:04:05,65471.000000
planetlab2.cs.pitt.edu,planetlab-01.vt.nodes.planet-lab.org,file32B.txt,2015/09/30 05:04:05,2015/09/30 05:04:05,174.000000
planetlab2.cs.pitt.edu,planetlab-01.vt.nodes.planet-lab.org,file1KB.txt,2015/09/30 05:04:05,2015/09/30 05:04:05,217.000000
planetlab2.cs.pitt.edu,planetlab-01.vt.nodes.planet-lab.org,file256KB.txt,2015/09/30 05:04:05,2015/09/30 05:04:14,8770.000000
planetlab2.cs.pitt.edu,planetlab-01.vt.nodes.planet-lab.org,file512KB.txt,2015/09/30 05:04:14,2015/09/30 05:04:32,18418.000000
planetlab2.cs.pitt.edu,planetlab-01.vt.nodes.planet-lab.org,file1MB.txt,2015/09/30 05:04:32,2015/09/30 05:05:07,34771.000000
planetlab2.cs.purdue.edu,planetlab-01.vt.nodes.planet-lab.org,file32B.txt,2015/09/30 05:05:07,2015/09/30 05:05:08,1629.000000
planetlab2.cs.purdue.edu,planetlab-01.vt.nodes.planet-lab.org,file1KB.txt,2015/09/30 05:05:08,2015/09/30 05:05:08,326.000000
planetlab2.cs.purdue.edu,planetlab-01.vt.nodes.planet-lab.org,file256KB.txt,2015/09/30 05:05:08,2015/09/30 05:05:33,24647.000000
planetlab2.cs.purdue.edu,planetlab-01.vt.nodes.planet-lab.org,file512KB.txt,2015/09/30 05:05:33,2015/09/30 05:06:23,50486.000000
planetlab2.cs.purdue.edu,planetlab-01.vt.nodes.planet-lab.org,file1MB.txt,2015/09/30 05:06:23,2015/09/30 05:07:59,95363.000000
planetlab2.cs.uml.edu,planetlab-01.vt.nodes.planet-lab.org,file32B.txt,2015/09/30 05:08:42,2015/09/30 05:08:42,232.000000
planetlab2.cs.uml.edu,planetlab-01.vt.nodes.planet-lab.org,file1KB.txt,2015/09/30 05:08:42,2015/09/30 05:08:42,173.000000
planetlab2.cs.uml.edu,planetlab-01.vt.nodes.planet-lab.org,file256KB.txt,2015/09/30 05:08:42,2015/09/30 05:08:55,13469.000000
planetlab2.cs.uml.edu,planetlab-01.vt.nodes.planet-lab.org,file512KB.txt,2015/09/30 05:08:55,2015/09/30 05:09:20,24928.000000
planetlab2.cs.uml.edu,planetlab-01.vt.nodes.planet-lab.org,file1MB.txt,2015/09/30 05:09:20,2015/09/30 05:10:10,49631.000000
planetlab2.cs.unc.edu,planetlab-01.vt.nodes.planet-lab.org,file32B.txt,2015/09/30 05:10:10,2015/09/30 05:10:10,270.000000
planetlab2.cs.unc.edu,planetlab-01.vt.nodes.planet-lab.org,file1KB.txt,2015/09/30 05:10:10,2015/09/30 05:10:11,1794.000000
planetlab2.cs.unc.edu,planetlab-01.vt.nodes.planet-lab.org,file256KB.txt,2015/09/30 05:10:11,2015/09/30 05:10:27,16120.000000
planetlab2.cs.unc.edu,planetlab-01.vt.nodes.planet-lab.org,file512KB.txt,2015/09/30 05:10:27,2015/09/30 05:10:57,29060.000000
planetlab2.cs.unc.edu,planetlab-01.vt.nodes.planet-lab.org,file1MB.txt,2015/09/30 05:10:57,2015/09/30 05:11:58,61183.000000
planetlab2.cs.uoregon.edu,planetlab-01.vt.nodes.planet-lab.org,file32B.txt,2015/09/30 05:11:58,2015/09/30 05:11:59,1204.000000
planetlab2.cs.uoregon.edu,planetlab-01.vt.nodes.planet-lab.org,file1KB.txt,2015/09/30 05:11:59,2015/09/30 05:12:00,1358.000000
planetlab2.cs.uoregon.edu,planetlab-01.vt.nodes.planet-lab.org,file256KB.txt,2015/09/30 05:12:00,2015/09/30 05:12:47,46498.000000
planetlab2.cs.uoregon.edu,planetlab-01.vt.nodes.planet-lab.org,file512KB.txt,2015/09/30 05:12:47,2015/09/30 05:14:21,94421.000000
planetlab2.cs.uoregon.edu,planetlab-01.vt.nodes.planet-lab.org,file1MB.txt,2015/09/30 05:14:21,2015/09/30 05:17:29,187693.000000
planetlab2.temple.edu,planetlab-01.vt.nodes.planet-lab.org,file32B.txt,2015/09/30 05:17:29,2015/09/30 05:17:29,170.000000
planetlab2.temple.edu,planetlab-01.vt.nodes.planet-lab.org,file1KB.txt,2015/09/30 05:17:29,2015/09/30 05:17:29,132.000000
planetlab2.temple.edu,planetlab-01.vt.nodes.planet-lab.org,file256KB.txt,2015/09/30 05:17:29,2015/09/30 05:17:39,10450.000000
planetlab2.temple.edu,planetlab-01.vt.nodes.planet-lab.org,file512KB.txt,2015/09/30 05:17:39,2015/09/30 05:17:55,16286.000000
planetlab2.temple.edu,planetlab-01.vt.nodes.planet-lab.org,file1MB.txt,2015/09/30 05:17:55,2015/09/30 05:18:26,30830.000000
planetlab2.unl.edu,planetlab-01.vt.nodes.planet-lab.org,file32B.txt,2015/09/30 05:18:26,2015/09/30 05:18:26,402.000000
planetlab2.unl.edu,planetlab-01.vt.nodes.planet-lab.org,file1KB.txt,2015/09/30 05:18:26,2015/09/30 05:18:27,1710.000000
planetlab2.unl.edu,planetlab-01.vt.nodes.planet-lab.org,file256KB.txt,2015/09/30 05:18:27,2015/09/30 05:18:49,21486.000000
planetlab2.unl.edu,planetlab-01.vt.nodes.planet-lab.org,file512KB.txt,2015/09/30 05:18:49,2015/09/30 05:19:38,48906.000000
planetlab2.unl.edu,planetlab-01.vt.nodes.planet-lab.org,file1MB.txt,2015/09/30 05:19:38,2015/09/30 05:21:16,98014.000000
planetlab2.unr.edu,planetlab-01.vt.nodes.planet-lab.org,file32B.txt,2015/09/30 05:21:16,2015/09/30 05:21:17,1324.000000
planetlab2.unr.edu,planetlab-01.vt.nodes.planet-lab.org,file1KB.txt,2015/09/30 05:21:17,2015/09/30 05:21:17,571.000000
planetlab2.unr.edu,planetlab-01.vt.nodes.planet-lab.org,file256KB.txt,2015/09/30 05:21:17,2015/09/30 05:21:59,41989.000000
planetlab2.unr.edu,planetlab-01.vt.nodes.planet-lab.org,file512KB.txt,2015/09/30 05:21:59,2015/09/30 05:23:23,83968.000000
planetlab2.unr.edu,planetlab-01.vt.nodes.planet-lab.org,file1MB.txt,2015/09/30 05:23:23,2015/09/30 05:26:10,167000.000000
planetlab2.uta.edu,planetlab-01.vt.nodes.planet-lab.org,file32B.txt,2015/09/30 05:26:10,2015/09/30 05:26:11,1573.000000
planetlab2.uta.edu,planetlab-01.vt.nodes.planet-lab.org,file1KB.txt,2015/09/30 05:26:11,2015/09/30 05:26:11,343.000000
planetlab2.uta.edu,planetlab-01.vt.nodes.planet-lab.org,file256KB.txt,2015/09/30 05:26:11,2015/09/30 05:26:39,28463.000000
planetlab2.uta.edu,planetlab-01.vt.nodes.planet-lab.org,file512KB.txt,2015/09/30 05:26:39,2015/09/30 05:27:35,55295.000000
planetlab2.uta.edu,planetlab-01.vt.nodes.planet-lab.org,file1MB.txt,2015/09/30 05:27:35,2015/09/30 05:29:32,117335.000000
planetlab2.utdallas.edu,planetlab-01.vt.nodes.planet-lab.org,file32B.txt,2015/09/30 05:29:32,2015/09/30 05:29:33,1590.000000
planetlab2.utdallas.edu,planetlab-01.vt.nodes.planet-lab.org,file1KB.txt,2015/09/30 05:29:33,2015/09/30 05:29:33,331.000000
planetlab2.utdallas.edu,planetlab-01.vt.nodes.planet-lab.org,file256KB.txt,2015/09/30 05:29:33,2015/09/30 05:29:57,23647.000000
planetlab2.utdallas.edu,planetlab-01.vt.nodes.planet-lab.org,file512KB.txt,2015/09/30 05:29:57,2015/09/30 05:30:46,49444.000000
planetlab2.utdallas.edu,planetlab-01.vt.nodes.planet-lab.org,file1MB.txt,2015/09/30 05:30:46,2015/09/30 05:32:22,95368.000000
planetlab3.eecs.umich.edu,planetlab-01.vt.nodes.planet-lab.org,file32B.txt,2015/09/30 05:32:22,2015/09/30 05:32:23,1704.000000
planetlab3.eecs.umich.edu,planetlab-01.vt.nodes.planet-lab.org,file1KB.txt,2015/09/30 05:32:23,2015/09/30 05:32:23,241.000000
planetlab3.eecs.umich.edu,planetlab-01.vt.nodes.planet-lab.org,file256KB.txt,2015/09/30 05:32:23,2015/09/30 05:32:41,18154.000000
planetlab3.eecs.umich.edu,planetlab-01.vt.nodes.planet-lab.org,file512KB.txt,2015/09/30 05:32:41,2015/09/30 05:33:16,35023.000000
planetlab3.eecs.umich.edu,planetlab-01.vt.nodes.planet-lab.org,file1MB.txt,2015/09/30 05:33:16,2015/09/30 05:34:27,71116.000000
planetlab3.rutgers.edu,planetlab-01.vt.nodes.planet-lab.org,file32B.txt,2015/09/30 05:34:27,2015/09/30 05:34:27,221.000000
planetlab3.rutgers.edu,planetlab-01.vt.nodes.planet-lab.org,file1KB.txt,2015/09/30 05:34:27,2015/09/30 05:34:27,130.000000
planetlab3.rutgers.edu,planetlab-01.vt.nodes.planet-lab.org,file256KB.txt,2015/09/30 05:34:27,2015/09/30 05:34:36,9396.000000
planetlab3.rutgers.edu,planetlab-01.vt.nodes.planet-lab.org,file512KB.txt,2015/09/30 05:34:36,2015/09/30 05:34:53,16923.000000
planetlab3.rutgers.edu,planetlab-01.vt.nodes.planet-lab.org,file1MB.txt,2015/09/30 05:34:53,2015/09/30 05:35:27,33813.000000
planetlab3.wail.wisc.edu,planetlab-01.vt.nodes.planet-lab.org,file32B.txt,2015/09/30 05:35:27,2015/09/30 05:35:27,352.000000
planetlab3.wail.wisc.edu,planetlab-01.vt.nodes.planet-lab.org,file1KB.txt,2015/09/30 05:35:27,2015/09/30 05:35:27,258.000000
planetlab3.wail.wisc.edu,planetlab-01.vt.nodes.planet-lab.org,file256KB.txt,2015/09/30 05:35:27,2015/09/30 05:35:46,19044.000000
planetlab3.wail.wisc.edu,planetlab-01.vt.nodes.planet-lab.org,file512KB.txt,2015/09/30 05:35:46,2015/09/30 05:36:26,39970.000000
planetlab3.wail.wisc.edu,planetlab-01.vt.nodes.planet-lab.org,file1MB.txt,2015/09/30 05:36:26,2015/09/30 05:37:42,76893.000000
planetlab4.tamu.edu,planetlab-01.vt.nodes.planet-lab.org,file32B.txt,2015/09/30 05:37:42,2015/09/30 05:37:42,420.000000
planetlab4.tamu.edu,planetlab-01.vt.nodes.planet-lab.org,file1KB.txt,2015/09/30 05:37:42,2015/09/30 05:37:42,351.000000
planetlab4.tamu.edu,planetlab-01.vt.nodes.planet-lab.org,file256KB.txt,2015/09/30 05:37:42,2015/09/30 05:38:08,26077.000000
planetlab4.tamu.edu,planetlab-01.vt.nodes.planet-lab.org,file512KB.txt,2015/09/30 05:38:08,2015/09/30 05:39:00,52688.000000
planetlab4.tamu.edu,planetlab-01.vt.nodes.planet-lab.org,file1MB.txt,2015/09/30 05:39:00,2015/09/30 05:40:43,102199.000000
planetlab-5.eecs.cwru.edu,planetlab-01.vt.nodes.planet-lab.org,file32B.txt,2015/09/30 05:40:43,2015/09/30 05:40:44,1769.000000
planetlab-5.eecs.cwru.edu,planetlab-01.vt.nodes.planet-lab.org,file1KB.txt,2015/09/30 05:40:44,2015/09/30 05:40:44,154.000000
planetlab-5.eecs.cwru.edu,planetlab-01.vt.nodes.planet-lab.org,file256KB.txt,2015/09/30 05:40:44,2015/09/30 05:40:55,10735.000000
planetlab-5.eecs.cwru.edu,planetlab-01.vt.nodes.planet-lab.org,file512KB.txt,2015/09/30 05:40:55,2015/09/30 05:41:18,23486.000000
planetlab-5.eecs.cwru.edu,planetlab-01.vt.nodes.planet-lab.org,file1MB.txt,2015/09/30 05:41:18,2015/09/30 05:42:02,43285.000000
planetlabone.ccs.neu.edu,planetlab-01.vt.nodes.planet-lab.org,file32B.txt,2015/09/30 05:42:02,2015/09/30 05:42:03,1656.000000
planetlabone.ccs.neu.edu,planetlab-01.vt.nodes.planet-lab.org,file1KB.txt,2015/09/30 05:42:03,2015/09/30 05:42:03,261.000000
planetlabone.ccs.neu.edu,planetlab-01.vt.nodes.planet-lab.org,file256KB.txt,2015/09/30 05:42:03,2015/09/30 05:42:22,18951.000000
planetlabone.ccs.neu.edu,planetlab-01.vt.nodes.planet-lab.org,file512KB.txt,2015/09/30 05:42:22,2015/09/30 05:43:00,38232.000000
planetlabone.ccs.neu.edu,planetlab-01.vt.nodes.planet-lab.org,file1MB.txt,2015/09/30 05:43:00,2015/09/30 05:44:15,74550.000000
pl-node-0.csl.sri.com,planetlab-01.vt.nodes.planet-lab.org,file32B.txt,2015/09/30 05:44:15,2015/09/30 05:44:16,1180.000000
pl-node-0.csl.sri.com,planetlab-01.vt.nodes.planet-lab.org,file1KB.txt,2015/09/30 05:44:16,2015/09/30 05:44:17,1245.000000
pl-node-0.csl.sri.com,planetlab-01.vt.nodes.planet-lab.org,file256KB.txt,2015/09/30 05:44:17,2015/09/30 05:45:04,46360.000000
pl-node-0.csl.sri.com,planetlab-01.vt.nodes.planet-lab.org,file512KB.txt,2015/09/30 05:45:04,2015/09/30 05:46:39,95069.000000
pl-node-0.csl.sri.com,planetlab-01.vt.nodes.planet-lab.org,file1MB.txt,2015/09/30 05:46:39,2015/09/30 05:49:48,189531.000000
ricepl-5.cs.rice.edu,planetlab-01.vt.nodes.planet-lab.org,file32B.txt,2015/09/30 05:49:48,2015/09/30 05:49:48,389.000000
ricepl-5.cs.rice.edu,planetlab-01.vt.nodes.planet-lab.org,file1KB.txt,2015/09/30 05:49:48,2015/09/30 05:49:49,1707.000000
ricepl-5.cs.rice.edu,planetlab-01.vt.nodes.planet-lab.org,file256KB.txt,2015/09/30 05:49:49,2015/09/30 05:50:10,-20166.000000
ricepl-5.cs.rice.edu,planetlab-01.vt.nodes.planet-lab.org,file512KB.txt,2015/09/30 05:50:10,2015/09/30 05:50:56,46791.000000
ricepl-5.cs.rice.edu,planetlab-01.vt.nodes.planet-lab.org,file1MB.txt,2015/09/30 05:50:56,2015/09/30 05:52:20,83522.000000
salt.planetlab.cs.umd.edu,planetlab-01.vt.nodes.planet-lab.org,file32B.txt,2015/09/30 05:52:20,2015/09/30 05:52:20,125.000000
salt.planetlab.cs.umd.edu,planetlab-01.vt.nodes.planet-lab.org,file1KB.txt,2015/09/30 05:52:20,2015/09/30 05:52:20,101.000000
salt.planetlab.cs.umd.edu,planetlab-01.vt.nodes.planet-lab.org,file256KB.txt,2015/09/30 05:52:20,2015/09/30 05:52:26,6113.000000
salt.planetlab.cs.umd.edu,planetlab-01.vt.nodes.planet-lab.org,file512KB.txt,2015/09/30 05:52:26,2015/09/30 05:52:38,12477.000000
salt.planetlab.cs.umd.edu,planetlab-01.vt.nodes.planet-lab.org,file1MB.txt,2015/09/30 05:52:38,2015/09/30 05:53:01,22840.000000
pl1.eecs.utk.edu,planetlab-01.vt.nodes.planet-lab.org,file32B.txt,2015/09/30 05:53:01,2015/09/30 05:53:02,1258.000000
pl1.eecs.utk.edu,planetlab-01.vt.nodes.planet-lab.org,file1KB.txt,2015/09/30 05:53:02,2015/09/30 05:53:02,587.000000
pl1.eecs.utk.edu,planetlab-01.vt.nodes.planet-lab.org,file256KB.txt,2015/09/30 05:53:02,2015/09/30 05:53:39,37585.000000
pl1.eecs.utk.edu,planetlab-01.vt.nodes.planet-lab.org,file512KB.txt,2015/09/30 05:53:39,2015/09/30 05:54:32,52449.000000
pl1.eecs.utk.edu,planetlab-01.vt.nodes.planet-lab.org,file1MB.txt,2015/09/30 05:54:32,2015/09/30 05:56:10,97910.000000
planetlab-01.vt.nodes.planet-lab.org,planetlab-01.vt.nodes.planet-lab.org,file32B.txt,2015/09/30 05:56:10,2015/09/30 05:56:10,1.000000
planetlab-01.vt.nodes.planet-lab.org,planetlab-01.vt.nodes.planet-lab.org,file1KB.txt,2015/09/30 05:56:10,2015/09/30 05:56:10,0.000000
planetlab-01.vt.nodes.planet-lab.org,planetlab-01.vt.nodes.planet-lab.org,file256KB.txt,2015/09/30 05:56:10,2015/09/30 05:56:10,44.000000
planetlab-01.vt.nodes.planet-lab.org,planetlab-01.vt.nodes.planet-lab.org,file512KB.txt,2015/09/30 05:56:10,2015/09/30 05:56:11,1912.000000
planetlab-01.vt.nodes.planet-lab.org,planetlab-01.vt.nodes.planet-lab.org,file1MB.txt,2015/09/30 05:56:11,2015/09/30 05:56:11,163.000000
planetlab-04.vt.nodes.planet-lab.org,planetlab-01.vt.nodes.planet-lab.org,file32B.txt,2015/09/30 05:56:11,2015/09/30 05:56:11,64.000000
planetlab-04.vt.nodes.planet-lab.org,planetlab-01.vt.nodes.planet-lab.org,file1KB.txt,2015/09/30 05:56:11,2015/09/30 05:56:11,4.000000
planetlab-04.vt.nodes.planet-lab.org,planetlab-01.vt.nodes.planet-lab.org,file256KB.txt,2015/09/30 05:56:11,2015/09/30 05:56:11,247.000000
planetlab-04.vt.nodes.planet-lab.org,planetlab-01.vt.nodes.planet-lab.org,file512KB.txt,2015/09/30 05:56:11,2015/09/30 05:56:12,1502.000000
planetlab-04.vt.nodes.planet-lab.org,planetlab-01.vt.nodes.planet-lab.org,file1MB.txt,2015/09/30 05:56:12,2015/09/30 05:56:13,1022.000000
planetlab-4.eecs.cwru.edu,planetlab-01.vt.nodes.planet-lab.org,file32B.txt,2015/09/30 05:56:13,2015/09/30 05:56:16,2730.000000
planetlab-4.eecs.cwru.edu,planetlab-01.vt.nodes.planet-lab.org,file1KB.txt,2015/09/30 05:56:16,2015/09/30 05:56:16,217.000000
planetlab-4.eecs.cwru.edu,planetlab-01.vt.nodes.planet-lab.org,file256KB.txt,2015/09/30 05:56:16,2015/09/30 05:56:32,16347.000000
planetlab-4.eecs.cwru.edu,planetlab-01.vt.nodes.planet-lab.org,file512KB.txt,2015/09/30 05:56:32,2015/09/30 05:57:02,29528.000000
planetlab01.cs.washington.edu,planetlab-01.vt.nodes.planet-lab.org,file32B.txt,2015/09/30 05:57:02,2015/09/30 05:57:03,1360.000000
planetlab01.cs.washington.edu,planetlab-01.vt.nodes.planet-lab.org,file1KB.txt,2015/09/30 05:57:03,2015/09/30 05:57:03,562.000000
planetlab01.cs.washington.edu,planetlab-01.vt.nodes.planet-lab.org,file256KB.txt,2015/09/30 05:57:03,2015/09/30 05:57:45,42806.000000
planetlab01.cs.washington.edu,planetlab-01.vt.nodes.planet-lab.org,file512KB.txt,2015/09/30 05:57:45,2015/09/30 05:59:07,81594.000000
planetlab01.cs.washington.edu,planetlab-01.vt.nodes.planet-lab.org,file1MB.txt,2015/09/30 05:59:07,2015/09/30 06:01:51,163781.000000
planetlab02.cs.washington.edu,planetlab-01.vt.nodes.planet-lab.org,file32B.txt,2015/09/30 06:01:51,2015/09/30 06:01:52,1371.000000
planetlab02.cs.washington.edu,planetlab-01.vt.nodes.planet-lab.org,file1KB.txt,2015/09/30 06:01:52,2015/09/30 06:01:52,564.000000
planetlab02.cs.washington.edu,planetlab-01.vt.nodes.planet-lab.org,file256KB.txt,2015/09/30 06:01:52,2015/09/30 06:02:34,42661.000000
planetlab02.cs.washington.edu,planetlab-01.vt.nodes.planet-lab.org,file512KB.txt,2015/09/30 06:02:34,2015/09/30 06:03:55,80395.000000
planetlab02.cs.washington.edu,planetlab-01.vt.nodes.planet-lab.org,file1MB.txt,2015/09/30 06:03:55,2015/09/30 06:06:40,165079.000000
planetlab1.arizona-gigapop.net,planetlab-01.vt.nodes.planet-lab.org,file32B.txt,2015/09/30 06:06:40,2015/09/30 06:06:41,1438.000000
planetlab1.arizona-gigapop.net,planetlab-01.vt.nodes.planet-lab.org,file1KB.txt,2015/09/30 06:06:41,2015/09/30 06:06:41,474.000000
planetlab1.arizona-gigapop.net,planetlab-01.vt.nodes.planet-lab.org,file256KB.txt,2015/09/30 06:06:41,2015/09/30 06:07:16,35180.000000
planetlab1.arizona-gigapop.net,planetlab-01.vt.nodes.planet-lab.org,file512KB.txt,2015/09/30 06:07:16,2015/09/30 06:08:25,68727.000000
planetlab1.arizona-gigapop.net,planetlab-01.vt.nodes.planet-lab.org,file1MB.txt,2015/09/30 06:08:25,2015/09/30 06:10:44,139747.000000
planetlab1.cs.unc.edu,planetlab-01.vt.nodes.planet-lab.org,file32B.txt,2015/09/30 06:10:44,2015/09/30 06:10:44,264.000000
planetlab1.cs.unc.edu,planetlab-01.vt.nodes.planet-lab.org,file1KB.txt,2015/09/30 06:10:44,2015/09/30 06:10:44,198.000000
planetlab1.cs.unc.edu,planetlab-01.vt.nodes.planet-lab.org,file256KB.txt,2015/09/30 06:10:44,2015/09/30 06:10:59,15433.000000
planetlab1.cs.unc.edu,planetlab-01.vt.nodes.planet-lab.org,file512KB.txt,2015/09/30 06:10:59,2015/09/30 06:11:28,28993.000000
planetlab1.cs.unc.edu,planetlab-01.vt.nodes.planet-lab.org,file1MB.txt,2015/09/30 06:11:28,2015/09/30 06:12:25,56433.000000
