ebb.colgate.edu,planetlab2.citadel.edu,file32B.txt,2015/09/30 04:12:48,2015/09/30 04:12:48,379.000000
ebb.colgate.edu,planetlab2.citadel.edu,file1KB.txt,2015/09/30 04:12:48,2015/09/30 04:12:54,6034.000000
ebb.colgate.edu,planetlab2.citadel.edu,file256KB.txt,2015/09/30 04:12:54,2015/09/30 04:13:51,56978.000000
ebb.colgate.edu,planetlab2.citadel.edu,file512KB.txt,2015/09/30 04:13:51,2015/09/30 04:15:15,84261.000000
ebb.colgate.edu,planetlab2.citadel.edu,file1MB.txt,2015/09/30 04:15:15,2015/09/30 04:18:15,179773.000000
kc-sce-plab2.umkc.edu,planetlab2.citadel.edu,file32B.txt,2015/09/30 04:18:15,2015/09/30 04:18:16,1140.000000
kc-sce-plab2.umkc.edu,planetlab2.citadel.edu,file1KB.txt,2015/09/30 04:18:16,2015/09/30 04:18:17,1058.000000
kc-sce-plab2.umkc.edu,planetlab2.citadel.edu,file256KB.txt,2015/09/30 04:18:17,2015/09/30 04:19:32,74300.000000
kc-sce-plab2.umkc.edu,planetlab2.citadel.edu,file512KB.txt,2015/09/30 04:19:32,2015/09/30 04:22:55,202857.000000
kc-sce-plab2.umkc.edu,planetlab2.citadel.edu,file1MB.txt,2015/09/30 04:22:55,2015/09/30 04:28:40,343976.000000
node1.planetlab.mathcs.emory.edu,planetlab2.citadel.edu,file32B.txt,2015/09/30 04:28:40,2015/09/30 04:28:40,110.000000
node1.planetlab.mathcs.emory.edu,planetlab2.citadel.edu,file1KB.txt,2015/09/30 04:28:40,2015/09/30 04:28:40,93.000000
node1.planetlab.mathcs.emory.edu,planetlab2.citadel.edu,file256KB.txt,2015/09/30 04:28:40,2015/09/30 04:28:46,5568.000000
node1.planetlab.mathcs.emory.edu,planetlab2.citadel.edu,file512KB.txt,2015/09/30 04:28:46,2015/09/30 04:28:59,13057.000000
node1.planetlab.mathcs.emory.edu,planetlab2.citadel.edu,file1MB.txt,2015/09/30 04:28:59,2015/09/30 04:29:25,26168.000000
pl3.cs.unm.edu,planetlab2.citadel.edu,file32B.txt,2015/09/30 04:29:46,2015/09/30 04:29:47,1506.000000
pl3.cs.unm.edu,planetlab2.citadel.edu,file1KB.txt,2015/09/30 04:29:47,2015/09/30 04:29:47,429.000000
pl3.cs.unm.edu,planetlab2.citadel.edu,file256KB.txt,2015/09/30 04:29:47,2015/09/30 04:30:18,30755.000000
pl3.cs.unm.edu,planetlab2.citadel.edu,file512KB.txt,2015/09/30 04:30:18,2015/09/30 04:31:20,62071.000000
pl3.cs.unm.edu,planetlab2.citadel.edu,file1MB.txt,2015/09/30 04:31:20,2015/09/30 04:33:23,122733.000000
plab3.eece.ksu.edu,planetlab2.citadel.edu,file32B.txt,2015/09/30 04:33:23,2015/09/30 04:33:24,1675.000000
plab3.eece.ksu.edu,planetlab2.citadel.edu,file1KB.txt,2015/09/30 04:33:24,2015/09/30 04:33:24,318.000000
plab3.eece.ksu.edu,planetlab2.citadel.edu,file256KB.txt,2015/09/30 04:33:24,2015/09/30 04:33:47,22958.000000
plab3.eece.ksu.edu,planetlab2.citadel.edu,file512KB.txt,2015/09/30 04:33:47,2015/09/30 04:34:33,46199.000000
plab3.eece.ksu.edu,planetlab2.citadel.edu,file1MB.txt,2015/09/30 04:34:33,2015/09/30 04:36:07,93979.000000
planetlab-02.bu.edu,planetlab2.citadel.edu,file32B.txt,2015/09/30 04:36:07,2015/09/30 04:36:08,1589.000000
planetlab-02.bu.edu,planetlab2.citadel.edu,file1KB.txt,2015/09/30 04:36:08,2015/09/30 04:36:08,355.000000
planetlab-02.bu.edu,planetlab2.citadel.edu,file256KB.txt,2015/09/30 04:36:08,2015/09/30 04:36:33,24487.000000
planetlab-02.bu.edu,planetlab2.citadel.edu,file512KB.txt,2015/09/30 04:36:33,2015/09/30 04:37:26,53885.000000
planetlab-02.bu.edu,planetlab2.citadel.edu,file1MB.txt,2015/09/30 04:37:26,2015/09/30 04:39:08,-101262.000000
planetlab1.clemson.edu,planetlab2.citadel.edu,file32B.txt,2015/09/30 04:39:30,2015/09/30 04:39:30,83.000000
planetlab1.clemson.edu,planetlab2.citadel.edu,file1KB.txt,2015/09/30 04:39:30,2015/09/30 04:39:30,70.000000
planetlab1.clemson.edu,planetlab2.citadel.edu,file256KB.txt,2015/09/30 04:39:30,2015/09/30 04:39:35,5276.000000
planetlab1.clemson.edu,planetlab2.citadel.edu,file512KB.txt,2015/09/30 04:39:35,2015/09/30 04:39:44,8598.000000
planetlab1.clemson.edu,planetlab2.citadel.edu,file1MB.txt,2015/09/30 04:39:44,2015/09/30 04:40:03,19223.000000
planetlab1.cs.du.edu,planetlab2.citadel.edu,file32B.txt,2015/09/30 04:40:03,2015/09/30 04:40:03,361.000000
planetlab1.cs.du.edu,planetlab2.citadel.edu,file1KB.txt,2015/09/30 04:40:03,2015/09/30 04:40:04,1614.000000
planetlab1.cs.du.edu,planetlab2.citadel.edu,file256KB.txt,2015/09/30 04:40:04,2015/09/30 04:40:31,26616.000000
planetlab1.cs.du.edu,planetlab2.citadel.edu,file512KB.txt,2015/09/30 04:40:31,2015/09/30 04:41:25,53850.000000
planetlab1.cs.du.edu,planetlab2.citadel.edu,file1MB.txt,2015/09/30 04:41:25,2015/09/30 04:43:14,109421.000000
planetlab-1.cse.ohio-state.edu,planetlab2.citadel.edu,file32B.txt,2015/09/30 04:43:14,2015/09/30 04:43:17,3136.000000
planetlab-1.cse.ohio-state.edu,planetlab2.citadel.edu,file1KB.txt,2015/09/30 04:43:17,2015/09/30 04:43:23,6234.000000
planetlab-1.cse.ohio-state.edu,planetlab2.citadel.edu,file256KB.txt,2015/09/30 04:43:23,2015/09/30 05:04:00,1236561.000000
planetlab-1.cse.ohio-state.edu,planetlab2.citadel.edu,file512KB.txt,2015/09/30 05:04:00,2015/09/30 06:00:51,883975.000000
planetlab-1.cse.ohio-state.edu,planetlab2.citadel.edu,file1MB.txt,2015/09/30 06:00:51,2015/09/30 08:02:02,-1318881.000000
planetlab1.cs.okstate.edu,planetlab2.citadel.edu,file32B.txt,2015/09/30 08:02:02,2015/09/30 08:02:02,338.000000
planetlab1.cs.okstate.edu,planetlab2.citadel.edu,file1KB.txt,2015/09/30 08:02:02,2015/09/30 08:02:03,1664.000000
planetlab1.cs.okstate.edu,planetlab2.citadel.edu,file256KB.txt,2015/09/30 08:02:03,2015/09/30 08:02:27,23607.000000
planetlab1.cs.okstate.edu,planetlab2.citadel.edu,file512KB.txt,2015/09/30 08:02:27,2015/09/30 08:03:16,49277.000000
planetlab1.cs.okstate.edu,planetlab2.citadel.edu,file1MB.txt,2015/09/30 08:03:16,2015/09/30 08:04:58,102077.000000
planetlab1.cs.ucla.edu,planetlab2.citadel.edu,file32B.txt,2015/09/30 08:04:58,2015/09/30 08:04:58,587.000000
planetlab1.cs.ucla.edu,planetlab2.citadel.edu,file1KB.txt,2015/09/30 08:04:58,2015/09/30 08:04:59,1460.000000
planetlab1.cs.ucla.edu,planetlab2.citadel.edu,file256KB.txt,2015/09/30 08:04:59,2015/09/30 08:05:37,38294.000000
planetlab1.cs.ucla.edu,planetlab2.citadel.edu,file512KB.txt,2015/09/30 08:05:37,2015/09/30 08:06:51,73568.000000
planetlab1.cs.ucla.edu,planetlab2.citadel.edu,file1MB.txt,2015/09/30 08:06:51,2015/09/30 08:09:17,146442.000000
planetlab1.csuohio.edu,planetlab2.citadel.edu,file32B.txt,2015/09/30 08:09:17,2015/09/30 08:09:17,422.000000
planetlab1.csuohio.edu,planetlab2.citadel.edu,file1KB.txt,2015/09/30 08:09:17,2015/09/30 08:09:17,375.000000
planetlab1.csuohio.edu,planetlab2.citadel.edu,file256KB.txt,2015/09/30 08:09:17,2015/09/30 08:09:45,28558.000000
planetlab1.csuohio.edu,planetlab2.citadel.edu,file512KB.txt,2015/09/30 08:09:45,2015/09/30 08:10:44,59116.000000
planetlab1.csuohio.edu,planetlab2.citadel.edu,file1MB.txt,2015/09/30 08:10:44,2015/09/30 08:12:34,110147.000000
planetlab1.ucsd.edu,planetlab2.citadel.edu,file32B.txt,2015/09/30 08:12:55,2015/09/30 08:12:55,508.000000
planetlab1.ucsd.edu,planetlab2.citadel.edu,file1KB.txt,2015/09/30 08:12:55,2015/09/30 08:12:56,1492.000000
planetlab1.ucsd.edu,planetlab2.citadel.edu,file256KB.txt,2015/09/30 08:12:56,2015/09/30 08:13:33,-36905.000000
planetlab1.ucsd.edu,planetlab2.citadel.edu,file512KB.txt,2015/09/30 08:13:33,2015/09/30 08:14:47,73643.000000
planetlab1.ucsd.edu,planetlab2.citadel.edu,file1MB.txt,2015/09/30 08:14:47,2015/09/30 08:17:19,152163.000000
planetlab2.acis.ufl.edu,planetlab2.citadel.edu,file32B.txt,2015/09/30 08:17:19,2015/09/30 08:17:19,214.000000
planetlab2.acis.ufl.edu,planetlab2.citadel.edu,file1KB.txt,2015/09/30 08:17:19,2015/09/30 08:17:20,1810.000000
planetlab2.acis.ufl.edu,planetlab2.citadel.edu,file256KB.txt,2015/09/30 08:17:20,2015/09/30 08:17:33,12569.000000
planetlab2.acis.ufl.edu,planetlab2.citadel.edu,file512KB.txt,2015/09/30 08:17:33,2015/09/30 08:18:01,27531.000000
planetlab2.acis.ufl.edu,planetlab2.citadel.edu,file1MB.txt,2015/09/30 08:18:01,2015/09/30 08:18:57,56637.000000
planetlab2.arizona-gigapop.net,planetlab2.citadel.edu,file32B.txt,2015/09/30 08:18:57,2015/09/30 08:18:57,571.000000
planetlab2.arizona-gigapop.net,planetlab2.citadel.edu,file1KB.txt,2015/09/30 08:18:57,2015/09/30 08:18:58,1575.000000
planetlab2.arizona-gigapop.net,planetlab2.citadel.edu,file256KB.txt,2015/09/30 08:18:58,2015/09/30 08:19:31,33086.000000
planetlab2.arizona-gigapop.net,planetlab2.citadel.edu,file512KB.txt,2015/09/30 08:19:31,2015/09/30 08:20:35,63506.000000
planetlab2.arizona-gigapop.net,planetlab2.citadel.edu,file1MB.txt,2015/09/30 08:20:35,2015/09/30 08:22:43,128075.000000
planetlab2.citadel.edu,planetlab2.citadel.edu,file32B.txt,2015/09/30 08:22:43,2015/09/30 08:22:43,2.000000
planetlab2.citadel.edu,planetlab2.citadel.edu,file1KB.txt,2015/09/30 08:22:43,2015/09/30 08:22:43,1.000000
planetlab2.citadel.edu,planetlab2.citadel.edu,file256KB.txt,2015/09/30 08:22:43,2015/09/30 08:22:43,35.000000
planetlab2.citadel.edu,planetlab2.citadel.edu,file512KB.txt,2015/09/30 08:22:43,2015/09/30 08:22:43,69.000000
planetlab2.citadel.edu,planetlab2.citadel.edu,file1MB.txt,2015/09/30 08:22:43,2015/09/30 08:22:43,135.000000
planetlab2.cs.pitt.edu,planetlab2.citadel.edu,file32B.txt,2015/09/30 08:22:44,2015/09/30 08:22:44,239.000000
planetlab2.cs.pitt.edu,planetlab2.citadel.edu,file1KB.txt,2015/09/30 08:22:44,2015/09/30 08:22:44,236.000000
planetlab2.cs.pitt.edu,planetlab2.citadel.edu,file256KB.txt,2015/09/30 08:22:44,2015/09/30 08:23:01,16834.000000
planetlab2.cs.pitt.edu,planetlab2.citadel.edu,file512KB.txt,2015/09/30 08:23:01,2015/09/30 08:23:35,33868.000000
planetlab2.cs.pitt.edu,planetlab2.citadel.edu,file1MB.txt,2015/09/30 08:23:35,2015/09/30 08:24:43,68250.000000
planetlab2.cs.purdue.edu,planetlab2.citadel.edu,file32B.txt,2015/09/30 08:24:43,2015/09/30 08:24:43,434.000000
planetlab2.cs.purdue.edu,planetlab2.citadel.edu,file1KB.txt,2015/09/30 08:24:43,2015/09/30 08:24:44,1591.000000
planetlab2.cs.purdue.edu,planetlab2.citadel.edu,file256KB.txt,2015/09/30 08:24:44,2015/09/30 08:25:37,52842.000000
planetlab2.cs.purdue.edu,planetlab2.citadel.edu,file512KB.txt,2015/09/30 08:25:37,2015/09/30 08:27:27,110045.000000
planetlab2.cs.purdue.edu,planetlab2.citadel.edu,file1MB.txt,2015/09/30 08:27:27,2015/09/30 08:34:38,431306.000000
planetlab2.cs.uml.edu,planetlab2.citadel.edu,file32B.txt,2015/09/30 08:35:20,2015/09/30 08:35:21,1438.000000
planetlab2.cs.uml.edu,planetlab2.citadel.edu,file1KB.txt,2015/09/30 08:35:21,2015/09/30 08:35:21,792.000000
planetlab2.cs.uml.edu,planetlab2.citadel.edu,file256KB.txt,2015/09/30 08:35:21,2015/09/30 08:36:02,41427.000000
planetlab2.cs.uml.edu,planetlab2.citadel.edu,file512KB.txt,2015/09/30 08:36:02,2015/09/30 08:37:00,57418.000000
planetlab2.cs.uml.edu,planetlab2.citadel.edu,file1MB.txt,2015/09/30 08:37:00,2015/09/30 08:38:57,117063.000000
planetlab2.cs.unc.edu,planetlab2.citadel.edu,file32B.txt,2015/09/30 08:38:57,2015/09/30 08:38:58,1825.000000
planetlab2.cs.unc.edu,planetlab2.citadel.edu,file1KB.txt,2015/09/30 08:38:58,2015/09/30 08:38:58,177.000000
planetlab2.cs.unc.edu,planetlab2.citadel.edu,file256KB.txt,2015/09/30 08:38:58,2015/09/30 08:39:10,11365.000000
planetlab2.cs.unc.edu,planetlab2.citadel.edu,file512KB.txt,2015/09/30 08:39:10,2015/09/30 08:39:35,25148.000000
planetlab2.cs.unc.edu,planetlab2.citadel.edu,file1MB.txt,2015/09/30 08:39:35,2015/09/30 08:40:26,51683.000000
planetlab2.cs.uoregon.edu,planetlab2.citadel.edu,file32B.txt,2015/09/30 08:40:26,2015/09/30 08:40:26,673.000000
planetlab2.cs.uoregon.edu,planetlab2.citadel.edu,file1KB.txt,2015/09/30 08:40:26,2015/09/30 08:40:27,1411.000000
planetlab2.cs.uoregon.edu,planetlab2.citadel.edu,file256KB.txt,2015/09/30 08:40:27,2015/09/30 08:41:10,43088.000000
planetlab2.cs.uoregon.edu,planetlab2.citadel.edu,file512KB.txt,2015/09/30 08:41:10,2015/09/30 08:42:35,84617.000000
planetlab2.cs.uoregon.edu,planetlab2.citadel.edu,file1MB.txt,2015/09/30 08:42:35,2015/09/30 08:45:26,171442.000000
planetlab2.temple.edu,planetlab2.citadel.edu,file32B.txt,2015/09/30 08:45:26,2015/09/30 08:45:26,211.000000
planetlab2.temple.edu,planetlab2.citadel.edu,file1KB.txt,2015/09/30 08:45:26,2015/09/30 08:45:26,207.000000
planetlab2.temple.edu,planetlab2.citadel.edu,file256KB.txt,2015/09/30 08:45:26,2015/09/30 08:45:41,15119.000000
planetlab2.temple.edu,planetlab2.citadel.edu,file512KB.txt,2015/09/30 08:45:41,2015/09/30 08:46:11,30398.000000
planetlab2.temple.edu,planetlab2.citadel.edu,file1MB.txt,2015/09/30 08:46:11,2015/09/30 08:47:10,58602.000000
planetlab2.unl.edu,planetlab2.citadel.edu,file32B.txt,2015/09/30 08:47:10,2015/09/30 08:47:10,327.000000
planetlab2.unl.edu,planetlab2.citadel.edu,file1KB.txt,2015/09/30 08:47:10,2015/09/30 08:47:11,1669.000000
planetlab2.unl.edu,planetlab2.citadel.edu,file256KB.txt,2015/09/30 08:47:11,2015/09/30 08:47:34,22340.000000
planetlab2.unl.edu,planetlab2.citadel.edu,file512KB.txt,2015/09/30 08:47:34,2015/09/30 08:48:21,46887.000000
planetlab2.unl.edu,planetlab2.citadel.edu,file1MB.txt,2015/09/30 08:48:21,2015/09/30 08:49:56,95658.000000
planetlab2.unr.edu,planetlab2.citadel.edu,file32B.txt,2015/09/30 08:49:56,2015/09/30 08:49:56,571.000000
planetlab2.unr.edu,planetlab2.citadel.edu,file1KB.txt,2015/09/30 08:49:56,2015/09/30 08:49:57,1503.000000
planetlab2.unr.edu,planetlab2.citadel.edu,file256KB.txt,2015/09/30 08:49:57,2015/09/30 08:50:33,35635.000000
planetlab2.unr.edu,planetlab2.citadel.edu,file512KB.txt,2015/09/30 08:50:33,2015/09/30 08:51:45,71736.000000
planetlab2.unr.edu,planetlab2.citadel.edu,file1MB.txt,2015/09/30 08:51:45,2015/09/30 08:54:10,145577.000000
planetlab2.uta.edu,planetlab2.citadel.edu,file32B.txt,2015/09/30 08:54:10,2015/09/30 08:54:11,831.000000
planetlab2.uta.edu,planetlab2.citadel.edu,file1KB.txt,2015/09/30 08:54:11,2015/09/30 08:54:11,363.000000
planetlab2.uta.edu,planetlab2.citadel.edu,file256KB.txt,2015/09/30 08:54:11,2015/09/30 08:54:38,27637.000000
planetlab2.uta.edu,planetlab2.citadel.edu,file512KB.txt,2015/09/30 08:54:38,2015/09/30 08:55:30,51480.000000
planetlab2.uta.edu,planetlab2.citadel.edu,file1MB.txt,2015/09/30 08:55:30,2015/09/30 08:57:15,105335.000000
planetlab2.utdallas.edu,planetlab2.citadel.edu,file32B.txt,2015/09/30 08:57:15,2015/09/30 08:57:15,365.000000
planetlab2.utdallas.edu,planetlab2.citadel.edu,file1KB.txt,2015/09/30 08:57:15,2015/09/30 08:57:16,1637.000000
planetlab2.utdallas.edu,planetlab2.citadel.edu,file256KB.txt,2015/09/30 08:57:16,2015/09/30 08:57:42,25495.000000
planetlab2.utdallas.edu,planetlab2.citadel.edu,file512KB.txt,2015/09/30 08:57:42,2015/09/30 08:58:35,53405.000000
planetlab2.utdallas.edu,planetlab2.citadel.edu,file1MB.txt,2015/09/30 08:58:35,2015/09/30 09:00:19,103395.000000
planetlab3.eecs.umich.edu,planetlab2.citadel.edu,file32B.txt,2015/09/30 09:00:19,2015/09/30 09:00:20,1668.000000
planetlab3.eecs.umich.edu,planetlab2.citadel.edu,file1KB.txt,2015/09/30 09:00:20,2015/09/30 09:00:20,255.000000
planetlab3.eecs.umich.edu,planetlab2.citadel.edu,file256KB.txt,2015/09/30 09:00:20,2015/09/30 09:00:38,17699.000000
planetlab3.eecs.umich.edu,planetlab2.citadel.edu,file512KB.txt,2015/09/30 09:00:38,2015/09/30 09:01:15,37560.000000
planetlab3.eecs.umich.edu,planetlab2.citadel.edu,file1MB.txt,2015/09/30 09:01:15,2015/09/30 09:02:27,71370.000000
planetlab3.rutgers.edu,planetlab2.citadel.edu,file32B.txt,2015/09/30 09:02:27,2015/09/30 09:02:28,1342.000000
planetlab3.rutgers.edu,planetlab2.citadel.edu,file1KB.txt,2015/09/30 09:02:28,2015/09/30 09:02:28,441.000000
planetlab3.rutgers.edu,planetlab2.citadel.edu,file256KB.txt,2015/09/30 09:02:28,2015/09/30 09:03:08,40474.000000
planetlab3.rutgers.edu,planetlab2.citadel.edu,file512KB.txt,2015/09/30 09:03:08,2015/09/30 09:03:40,32438.000000
planetlab3.rutgers.edu,planetlab2.citadel.edu,file1MB.txt,2015/09/30 09:03:40,2015/09/30 09:04:42,61261.000000
planetlab3.wail.wisc.edu,planetlab2.citadel.edu,file32B.txt,2015/09/30 09:04:42,2015/09/30 09:04:43,1560.000000
planetlab3.wail.wisc.edu,planetlab2.citadel.edu,file1KB.txt,2015/09/30 09:04:43,2015/09/30 09:04:43,340.000000
planetlab3.wail.wisc.edu,planetlab2.citadel.edu,file256KB.txt,2015/09/30 09:04:43,2015/09/30 09:05:08,25304.000000
planetlab3.wail.wisc.edu,planetlab2.citadel.edu,file512KB.txt,2015/09/30 09:05:08,2015/09/30 09:05:57,48912.000000
planetlab3.wail.wisc.edu,planetlab2.citadel.edu,file1MB.txt,2015/09/30 09:05:57,2015/09/30 09:07:35,98128.000000
planetlab4.tamu.edu,planetlab2.citadel.edu,file32B.txt,2015/09/30 09:07:35,2015/09/30 09:07:35,408.000000
planetlab4.tamu.edu,planetlab2.citadel.edu,file1KB.txt,2015/09/30 09:07:35,2015/09/30 09:07:36,1616.000000
planetlab4.tamu.edu,planetlab2.citadel.edu,file256KB.txt,2015/09/30 09:07:36,2015/09/30 09:08:03,26165.000000
planetlab4.tamu.edu,planetlab2.citadel.edu,file512KB.txt,2015/09/30 09:08:03,2015/09/30 09:08:59,56603.000000
planetlab4.tamu.edu,planetlab2.citadel.edu,file1MB.txt,2015/09/30 09:08:59,2015/09/30 09:10:49,109586.000000
planetlab-5.eecs.cwru.edu,planetlab2.citadel.edu,file32B.txt,2015/09/30 09:10:49,2015/09/30 09:10:50,1724.000000
planetlab-5.eecs.cwru.edu,planetlab2.citadel.edu,file1KB.txt,2015/09/30 09:10:50,2015/09/30 09:10:50,276.000000
planetlab-5.eecs.cwru.edu,planetlab2.citadel.edu,file256KB.txt,2015/09/30 09:10:50,2015/09/30 09:11:10,20291.000000
planetlab-5.eecs.cwru.edu,planetlab2.citadel.edu,file512KB.txt,2015/09/30 09:11:10,2015/09/30 09:11:49,38936.000000
planetlab-5.eecs.cwru.edu,planetlab2.citadel.edu,file1MB.txt,2015/09/30 09:11:49,2015/09/30 09:13:07,77859.000000
planetlabone.ccs.neu.edu,planetlab2.citadel.edu,file32B.txt,2015/09/30 09:13:07,2015/09/30 09:13:07,548.000000
planetlabone.ccs.neu.edu,planetlab2.citadel.edu,file1KB.txt,2015/09/30 09:13:07,2015/09/30 09:13:08,1621.000000
planetlabone.ccs.neu.edu,planetlab2.citadel.edu,file256KB.txt,2015/09/30 09:13:08,2015/09/30 09:13:40,32094.000000
planetlabone.ccs.neu.edu,planetlab2.citadel.edu,file512KB.txt,2015/09/30 09:13:40,2015/09/30 09:14:41,60188.000000
planetlabone.ccs.neu.edu,planetlab2.citadel.edu,file1MB.txt,2015/09/30 09:14:41,2015/09/30 09:17:29,168817.000000
pl-node-0.csl.sri.com,planetlab2.citadel.edu,file32B.txt,2015/09/30 09:17:29,2015/09/30 09:17:29,744.000000
pl-node-0.csl.sri.com,planetlab2.citadel.edu,file1KB.txt,2015/09/30 09:17:29,2015/09/30 09:17:30,1348.000000
pl-node-0.csl.sri.com,planetlab2.citadel.edu,file256KB.txt,2015/09/30 09:17:30,2015/09/30 09:18:14,44167.000000
pl-node-0.csl.sri.com,planetlab2.citadel.edu,file512KB.txt,2015/09/30 09:18:14,2015/09/30 09:19:45,90911.000000
pl-node-0.csl.sri.com,planetlab2.citadel.edu,file1MB.txt,2015/09/30 09:19:45,2015/09/30 09:22:47,182309.000000
ricepl-5.cs.rice.edu,planetlab2.citadel.edu,file32B.txt,2015/09/30 09:22:47,2015/09/30 09:22:47,514.000000
ricepl-5.cs.rice.edu,planetlab2.citadel.edu,file1KB.txt,2015/09/30 09:22:47,2015/09/30 09:22:48,1602.000000
ricepl-5.cs.rice.edu,planetlab2.citadel.edu,file256KB.txt,2015/09/30 09:22:48,2015/09/30 09:23:16,27285.000000
ricepl-5.cs.rice.edu,planetlab2.citadel.edu,file512KB.txt,2015/09/30 09:23:16,2015/09/30 09:24:14,58716.000000
ricepl-5.cs.rice.edu,planetlab2.citadel.edu,file1MB.txt,2015/09/30 09:24:14,2015/09/30 09:26:08,-113466.000000
salt.planetlab.cs.umd.edu,planetlab2.citadel.edu,file32B.txt,2015/09/30 09:26:08,2015/09/30 09:26:08,224.000000
salt.planetlab.cs.umd.edu,planetlab2.citadel.edu,file1KB.txt,2015/09/30 09:26:08,2015/09/30 09:26:09,1805.000000
salt.planetlab.cs.umd.edu,planetlab2.citadel.edu,file256KB.txt,2015/09/30 09:26:09,2015/09/30 09:26:22,12193.000000
salt.planetlab.cs.umd.edu,planetlab2.citadel.edu,file512KB.txt,2015/09/30 09:26:22,2015/09/30 09:26:50,28679.000000
salt.planetlab.cs.umd.edu,planetlab2.citadel.edu,file1MB.txt,2015/09/30 09:26:50,2015/09/30 09:27:45,54711.000000
pl1.eecs.utk.edu,planetlab2.citadel.edu,file32B.txt,2015/09/30 09:27:45,2015/09/30 09:27:47,2560.000000
pl1.eecs.utk.edu,planetlab2.citadel.edu,file1KB.txt,2015/09/30 09:27:47,2015/09/30 09:27:48,190.000000
pl1.eecs.utk.edu,planetlab2.citadel.edu,file256KB.txt,2015/09/30 09:27:48,2015/09/30 09:30:24,156671.000000
pl1.eecs.utk.edu,planetlab2.citadel.edu,file512KB.txt,2015/09/30 09:30:24,2015/09/30 09:36:49,385234.000000
pl1.eecs.utk.edu,planetlab2.citadel.edu,file1MB.txt,2015/09/30 09:36:49,2015/09/30 09:57:02,1212618.000000
planetlab-01.vt.nodes.planet-lab.org,planetlab2.citadel.edu,file32B.txt,2015/09/30 09:57:02,2015/09/30 09:57:02,331.000000
planetlab-01.vt.nodes.planet-lab.org,planetlab2.citadel.edu,file1KB.txt,2015/09/30 09:57:02,2015/09/30 09:57:02,227.000000
planetlab-01.vt.nodes.planet-lab.org,planetlab2.citadel.edu,file256KB.txt,2015/09/30 09:57:02,2015/09/30 09:57:19,17726.000000
planetlab-01.vt.nodes.planet-lab.org,planetlab2.citadel.edu,file512KB.txt,2015/09/30 09:57:19,2015/09/30 09:57:52,32237.000000
planetlab-01.vt.nodes.planet-lab.org,planetlab2.citadel.edu,file1MB.txt,2015/09/30 09:57:52,2015/09/30 09:58:57,65309.000000
planetlab-04.vt.nodes.planet-lab.org,planetlab2.citadel.edu,file32B.txt,2015/09/30 09:58:57,2015/09/30 09:58:57,296.000000
planetlab-04.vt.nodes.planet-lab.org,planetlab2.citadel.edu,file1KB.txt,2015/09/30 09:58:57,2015/09/30 09:58:58,1766.000000
planetlab-04.vt.nodes.planet-lab.org,planetlab2.citadel.edu,file256KB.txt,2015/09/30 09:58:58,2015/09/30 09:59:14,15843.000000
planetlab-04.vt.nodes.planet-lab.org,planetlab2.citadel.edu,file512KB.txt,2015/09/30 09:59:14,2015/09/30 09:59:46,31860.000000
planetlab-04.vt.nodes.planet-lab.org,planetlab2.citadel.edu,file1MB.txt,2015/09/30 09:59:46,2015/09/30 10:00:53,67185.000000
planetlab-4.eecs.cwru.edu,planetlab2.citadel.edu,file32B.txt,2015/09/30 10:00:53,2015/09/30 10:00:53,275.000000
planetlab-4.eecs.cwru.edu,planetlab2.citadel.edu,file1KB.txt,2015/09/30 10:00:53,2015/09/30 10:00:53,273.000000
planetlab-4.eecs.cwru.edu,planetlab2.citadel.edu,file256KB.txt,2015/09/30 10:00:53,2015/09/30 10:01:13,20289.000000
planetlab-4.eecs.cwru.edu,planetlab2.citadel.edu,file512KB.txt,2015/09/30 10:01:13,2015/09/30 10:01:52,38816.000000
planetlab-4.eecs.cwru.edu,planetlab2.citadel.edu,file1MB.txt,2015/09/30 10:01:52,2015/09/30 10:03:10,77958.000000
planetlab01.cs.washington.edu,planetlab2.citadel.edu,file32B.txt,2015/09/30 10:03:10,2015/09/30 10:03:11,1325.000000
planetlab01.cs.washington.edu,planetlab2.citadel.edu,file1KB.txt,2015/09/30 10:03:11,2015/09/30 10:03:12,1449.000000
planetlab01.cs.washington.edu,planetlab2.citadel.edu,file256KB.txt,2015/09/30 10:03:12,2015/09/30 10:03:52,39770.000000
planetlab01.cs.washington.edu,planetlab2.citadel.edu,file512KB.txt,2015/09/30 10:03:52,2015/09/30 10:05:12,79715.000000
planetlab01.cs.washington.edu,planetlab2.citadel.edu,file1MB.txt,2015/09/30 10:05:12,2015/09/30 10:07:52,160149.000000
planetlab02.cs.washington.edu,planetlab2.citadel.edu,file32B.txt,2015/09/30 10:07:52,2015/09/30 10:07:52,554.000000
planetlab02.cs.washington.edu,planetlab2.citadel.edu,file1KB.txt,2015/09/30 10:07:52,2015/09/30 10:07:53,1447.000000
planetlab02.cs.washington.edu,planetlab2.citadel.edu,file256KB.txt,2015/09/30 10:07:53,2015/09/30 10:08:33,39684.000000
planetlab02.cs.washington.edu,planetlab2.citadel.edu,file512KB.txt,2015/09/30 10:08:33,2015/09/30 10:09:54,81719.000000
planetlab02.cs.washington.edu,planetlab2.citadel.edu,file1MB.txt,2015/09/30 10:09:54,2015/09/30 10:12:34,159734.000000
planetlab1.arizona-gigapop.net,planetlab2.citadel.edu,file32B.txt,2015/09/30 10:12:34,2015/09/30 10:12:34,426.000000
planetlab1.arizona-gigapop.net,planetlab2.citadel.edu,file1KB.txt,2015/09/30 10:12:34,2015/09/30 10:12:35,1575.000000
planetlab1.arizona-gigapop.net,planetlab2.citadel.edu,file256KB.txt,2015/09/30 10:12:35,2015/09/30 10:13:06,31127.000000
planetlab1.arizona-gigapop.net,planetlab2.citadel.edu,file512KB.txt,2015/09/30 10:13:06,2015/09/30 10:14:07,60552.000000
planetlab1.arizona-gigapop.net,planetlab2.citadel.edu,file1MB.txt,2015/09/30 10:14:07,2015/09/30 10:16:10,123198.000000
planetlab1.cs.unc.edu,planetlab2.citadel.edu,file32B.txt,2015/09/30 10:16:10,2015/09/30 10:16:10,164.000000
planetlab1.cs.unc.edu,planetlab2.citadel.edu,file1KB.txt,2015/09/30 10:16:10,2015/09/30 10:16:10,163.000000
planetlab1.cs.unc.edu,planetlab2.citadel.edu,file256KB.txt,2015/09/30 10:16:10,2015/09/30 10:16:22,12487.000000
planetlab1.cs.unc.edu,planetlab2.citadel.edu,file512KB.txt,2015/09/30 10:16:22,2015/09/30 10:16:45,23051.000000
planetlab1.cs.unc.edu,planetlab2.citadel.edu,file1MB.txt,2015/09/30 10:16:45,2015/09/30 10:17:31,45416.000000
