ebb.colgate.edu,planetlab-5.eecs.cwru.edu,file32B.txt,2015/09/30 04:13:34,2015/09/30 04:13:35,958.000000
ebb.colgate.edu,planetlab-5.eecs.cwru.edu,file1KB.txt,2015/09/30 04:13:35,2015/09/30 04:13:36,1676.000000
ebb.colgate.edu,planetlab-5.eecs.cwru.edu,file256KB.txt,2015/09/30 04:13:36,2015/09/30 04:14:18,41875.000000
ebb.colgate.edu,planetlab-5.eecs.cwru.edu,file512KB.txt,2015/09/30 04:14:18,2015/09/30 04:15:45,86770.000000
ebb.colgate.edu,planetlab-5.eecs.cwru.edu,file1MB.txt,2015/09/30 04:15:45,2015/09/30 04:18:11,145771.000000
kc-sce-plab2.umkc.edu,planetlab-5.eecs.cwru.edu,file32B.txt,2015/09/30 04:18:11,2015/09/30 04:18:12,1247.000000
kc-sce-plab2.umkc.edu,planetlab-5.eecs.cwru.edu,file1KB.txt,2015/09/30 04:18:12,2015/09/30 04:18:13,1094.000000
kc-sce-plab2.umkc.edu,planetlab-5.eecs.cwru.edu,file256KB.txt,2015/09/30 04:18:13,2015/09/30 04:19:23,69620.000000
kc-sce-plab2.umkc.edu,planetlab-5.eecs.cwru.edu,file512KB.txt,2015/09/30 04:19:23,2015/09/30 04:22:30,187321.000000
kc-sce-plab2.umkc.edu,planetlab-5.eecs.cwru.edu,file1MB.txt,2015/09/30 04:22:30,2015/09/30 04:28:17,347294.000000
node1.planetlab.mathcs.emory.edu,planetlab-5.eecs.cwru.edu,file32B.txt,2015/09/30 04:28:17,2015/09/30 04:28:17,236.000000
node1.planetlab.mathcs.emory.edu,planetlab-5.eecs.cwru.edu,file1KB.txt,2015/09/30 04:28:17,2015/09/30 04:28:17,261.000000
node1.planetlab.mathcs.emory.edu,planetlab-5.eecs.cwru.edu,file256KB.txt,2015/09/30 04:28:17,2015/09/30 04:28:32,15516.000000
node1.planetlab.mathcs.emory.edu,planetlab-5.eecs.cwru.edu,file512KB.txt,2015/09/30 04:28:32,2015/09/30 04:29:01,29215.000000
node1.planetlab.mathcs.emory.edu,planetlab-5.eecs.cwru.edu,file1MB.txt,2015/09/30 04:29:01,2015/09/30 04:29:59,57226.000000
pl3.cs.unm.edu,planetlab-5.eecs.cwru.edu,file32B.txt,2015/09/30 04:30:20,2015/09/30 04:30:21,1602.000000
pl3.cs.unm.edu,planetlab-5.eecs.cwru.edu,file1KB.txt,2015/09/30 04:30:21,2015/09/30 04:30:21,419.000000
pl3.cs.unm.edu,planetlab-5.eecs.cwru.edu,file256KB.txt,2015/09/30 04:30:21,2015/09/30 04:30:47,25919.000000
pl3.cs.unm.edu,planetlab-5.eecs.cwru.edu,file512KB.txt,2015/09/30 04:30:47,2015/09/30 04:31:39,52404.000000
pl3.cs.unm.edu,planetlab-5.eecs.cwru.edu,file1MB.txt,2015/09/30 04:31:39,2015/09/30 04:33:22,102988.000000
plab3.eece.ksu.edu,planetlab-5.eecs.cwru.edu,file32B.txt,2015/09/30 04:33:22,2015/09/30 04:33:22,301.000000
plab3.eece.ksu.edu,planetlab-5.eecs.cwru.edu,file1KB.txt,2015/09/30 04:33:22,2015/09/30 04:33:23,1690.000000
plab3.eece.ksu.edu,planetlab-5.eecs.cwru.edu,file256KB.txt,2015/09/30 04:33:23,2015/09/30 04:33:41,18061.000000
plab3.eece.ksu.edu,planetlab-5.eecs.cwru.edu,file512KB.txt,2015/09/30 04:33:41,2015/09/30 04:34:16,34223.000000
plab3.eece.ksu.edu,planetlab-5.eecs.cwru.edu,file1MB.txt,2015/09/30 04:34:16,2015/09/30 04:35:27,70990.000000
planetlab-02.bu.edu,planetlab-5.eecs.cwru.edu,file32B.txt,2015/09/30 04:35:28,2015/09/30 04:35:28,308.000000
planetlab-02.bu.edu,planetlab-5.eecs.cwru.edu,file1KB.txt,2015/09/30 04:35:28,2015/09/30 04:35:28,345.000000
planetlab-02.bu.edu,planetlab-5.eecs.cwru.edu,file256KB.txt,2015/09/30 04:35:28,2015/09/30 04:35:45,16763.000000
planetlab-02.bu.edu,planetlab-5.eecs.cwru.edu,file512KB.txt,2015/09/30 04:35:45,2015/09/30 04:36:20,35737.000000
planetlab-02.bu.edu,planetlab-5.eecs.cwru.edu,file1MB.txt,2015/09/30 04:36:20,2015/09/30 04:37:28,67621.000000
planetlab1.clemson.edu,planetlab-5.eecs.cwru.edu,file32B.txt,2015/09/30 04:37:50,2015/09/30 04:37:50,275.000000
planetlab1.clemson.edu,planetlab-5.eecs.cwru.edu,file1KB.txt,2015/09/30 04:37:50,2015/09/30 04:37:50,307.000000
planetlab1.clemson.edu,planetlab-5.eecs.cwru.edu,file256KB.txt,2015/09/30 04:37:50,2015/09/30 04:38:06,16354.000000
planetlab1.clemson.edu,planetlab-5.eecs.cwru.edu,file512KB.txt,2015/09/30 04:38:06,2015/09/30 04:38:37,-30990.000000
planetlab1.clemson.edu,planetlab-5.eecs.cwru.edu,file1MB.txt,2015/09/30 04:38:37,2015/09/30 04:39:38,60284.000000
planetlab1.cs.du.edu,planetlab-5.eecs.cwru.edu,file32B.txt,2015/09/30 04:39:39,2015/09/30 04:39:39,352.000000
planetlab1.cs.du.edu,planetlab-5.eecs.cwru.edu,file1KB.txt,2015/09/30 04:39:39,2015/09/30 04:39:40,1606.000000
planetlab1.cs.du.edu,planetlab-5.eecs.cwru.edu,file256KB.txt,2015/09/30 04:39:40,2015/09/30 04:40:02,21822.000000
planetlab1.cs.du.edu,planetlab-5.eecs.cwru.edu,file512KB.txt,2015/09/30 04:40:02,2015/09/30 04:40:46,43884.000000
planetlab1.cs.du.edu,planetlab-5.eecs.cwru.edu,file1MB.txt,2015/09/30 04:40:46,2015/09/30 04:42:14,88340.000000
planetlab-1.cse.ohio-state.edu,planetlab-5.eecs.cwru.edu,file32B.txt,2015/09/30 04:42:14,2015/09/30 04:42:17,2538.000000
planetlab-1.cse.ohio-state.edu,planetlab-5.eecs.cwru.edu,file1KB.txt,2015/09/30 04:42:17,2015/09/30 04:42:23,6425.000000
planetlab-1.cse.ohio-state.edu,planetlab-5.eecs.cwru.edu,file256KB.txt,2015/09/30 04:42:23,2015/09/30 04:59:36,1033023.000000
planetlab-1.cse.ohio-state.edu,planetlab-5.eecs.cwru.edu,file512KB.txt,2015/09/30 04:59:36,2015/09/30 06:02:45,505865.000000
planetlab-1.cse.ohio-state.edu,planetlab-5.eecs.cwru.edu,file1MB.txt,2015/09/30 06:02:45,2015/09/30 08:04:27,-1288302.000000
planetlab1.cs.okstate.edu,planetlab-5.eecs.cwru.edu,file32B.txt,2015/09/30 08:04:27,2015/09/30 08:04:30,2588.000000
planetlab1.cs.okstate.edu,planetlab-5.eecs.cwru.edu,file1KB.txt,2015/09/30 08:04:30,2015/09/30 08:04:31,1558.000000
planetlab1.cs.okstate.edu,planetlab-5.eecs.cwru.edu,file256KB.txt,2015/09/30 08:04:31,2015/09/30 08:04:54,22604.000000
planetlab1.cs.okstate.edu,planetlab-5.eecs.cwru.edu,file512KB.txt,2015/09/30 08:04:54,2015/09/30 08:05:41,47620.000000
planetlab1.cs.okstate.edu,planetlab-5.eecs.cwru.edu,file1MB.txt,2015/09/30 08:05:41,2015/09/30 08:07:13,91877.000000
planetlab1.cs.ucla.edu,planetlab-5.eecs.cwru.edu,file32B.txt,2015/09/30 08:07:13,2015/09/30 08:07:13,550.000000
planetlab1.cs.ucla.edu,planetlab-5.eecs.cwru.edu,file1KB.txt,2015/09/30 08:07:13,2015/09/30 08:07:14,1371.000000
planetlab1.cs.ucla.edu,planetlab-5.eecs.cwru.edu,file256KB.txt,2015/09/30 08:07:14,2015/09/30 08:07:53,38714.000000
planetlab1.cs.ucla.edu,planetlab-5.eecs.cwru.edu,file512KB.txt,2015/09/30 08:07:53,2015/09/30 08:09:11,77809.000000
planetlab1.cs.ucla.edu,planetlab-5.eecs.cwru.edu,file1MB.txt,2015/09/30 08:09:11,2015/09/30 08:11:48,157520.000000
planetlab1.csuohio.edu,planetlab-5.eecs.cwru.edu,file32B.txt,2015/09/30 08:11:48,2015/09/30 08:11:48,105.000000
planetlab1.csuohio.edu,planetlab-5.eecs.cwru.edu,file1KB.txt,2015/09/30 08:11:48,2015/09/30 08:11:48,106.000000
planetlab1.csuohio.edu,planetlab-5.eecs.cwru.edu,file256KB.txt,2015/09/30 08:11:48,2015/09/30 08:11:49,880.000000
planetlab1.csuohio.edu,planetlab-5.eecs.cwru.edu,file512KB.txt,2015/09/30 08:11:49,2015/09/30 08:11:51,1980.000000
planetlab1.csuohio.edu,planetlab-5.eecs.cwru.edu,file1MB.txt,2015/09/30 08:11:51,2015/09/30 08:11:55,4324.000000
planetlab1.ucsd.edu,planetlab-5.eecs.cwru.edu,file32B.txt,2015/09/30 08:12:16,2015/09/30 08:12:17,1399.000000
planetlab1.ucsd.edu,planetlab-5.eecs.cwru.edu,file1KB.txt,2015/09/30 08:12:17,2015/09/30 08:12:18,1013.000000
planetlab1.ucsd.edu,planetlab-5.eecs.cwru.edu,file256KB.txt,2015/09/30 08:12:18,2015/09/30 08:12:59,41052.000000
planetlab1.ucsd.edu,planetlab-5.eecs.cwru.edu,file512KB.txt,2015/09/30 08:12:59,2015/09/30 08:14:25,-85774.000000
planetlab1.ucsd.edu,planetlab-5.eecs.cwru.edu,file1MB.txt,2015/09/30 08:14:25,2015/09/30 08:17:06,160908.000000
planetlab2.acis.ufl.edu,planetlab-5.eecs.cwru.edu,file32B.txt,2015/09/30 08:17:06,2015/09/30 08:17:06,356.000000
planetlab2.acis.ufl.edu,planetlab-5.eecs.cwru.edu,file1KB.txt,2015/09/30 08:17:06,2015/09/30 08:17:07,1669.000000
planetlab2.acis.ufl.edu,planetlab-5.eecs.cwru.edu,file256KB.txt,2015/09/30 08:17:07,2015/09/30 08:17:26,18852.000000
planetlab2.acis.ufl.edu,planetlab-5.eecs.cwru.edu,file512KB.txt,2015/09/30 08:17:26,2015/09/30 08:18:04,37925.000000
planetlab2.acis.ufl.edu,planetlab-5.eecs.cwru.edu,file1MB.txt,2015/09/30 08:18:04,2015/09/30 08:20:12,127811.000000
planetlab2.arizona-gigapop.net,planetlab-5.eecs.cwru.edu,file32B.txt,2015/09/30 08:20:12,2015/09/30 08:20:13,1497.000000
planetlab2.arizona-gigapop.net,planetlab-5.eecs.cwru.edu,file1KB.txt,2015/09/30 08:20:13,2015/09/30 08:20:13,575.000000
planetlab2.arizona-gigapop.net,planetlab-5.eecs.cwru.edu,file256KB.txt,2015/09/30 08:20:13,2015/09/30 08:20:48,34978.000000
planetlab2.arizona-gigapop.net,planetlab-5.eecs.cwru.edu,file512KB.txt,2015/09/30 08:20:48,2015/09/30 08:21:57,69238.000000
planetlab2.arizona-gigapop.net,planetlab-5.eecs.cwru.edu,file1MB.txt,2015/09/30 08:21:57,2015/09/30 08:24:14,137086.000000
planetlab2.citadel.edu,planetlab-5.eecs.cwru.edu,file32B.txt,2015/09/30 08:24:14,2015/09/30 08:24:14,323.000000
planetlab2.citadel.edu,planetlab-5.eecs.cwru.edu,file1KB.txt,2015/09/30 08:24:14,2015/09/30 08:24:15,1658.000000
planetlab2.citadel.edu,planetlab-5.eecs.cwru.edu,file256KB.txt,2015/09/30 08:24:15,2015/09/30 08:24:34,18274.000000
planetlab2.citadel.edu,planetlab-5.eecs.cwru.edu,file512KB.txt,2015/09/30 08:24:34,2015/09/30 08:25:14,40757.000000
planetlab2.citadel.edu,planetlab-5.eecs.cwru.edu,file1MB.txt,2015/09/30 08:25:14,2015/09/30 08:26:32,78017.000000
planetlab2.cs.pitt.edu,planetlab-5.eecs.cwru.edu,file32B.txt,2015/09/30 08:26:32,2015/09/30 08:26:32,213.000000
planetlab2.cs.pitt.edu,planetlab-5.eecs.cwru.edu,file1KB.txt,2015/09/30 08:26:32,2015/09/30 08:26:32,156.000000
planetlab2.cs.pitt.edu,planetlab-5.eecs.cwru.edu,file256KB.txt,2015/09/30 08:26:32,2015/09/30 08:26:39,7378.000000
planetlab2.cs.pitt.edu,planetlab-5.eecs.cwru.edu,file512KB.txt,2015/09/30 08:26:39,2015/09/30 08:26:51,11238.000000
planetlab2.cs.pitt.edu,planetlab-5.eecs.cwru.edu,file1MB.txt,2015/09/30 08:26:51,2015/09/30 08:27:17,26234.000000
planetlab2.cs.purdue.edu,planetlab-5.eecs.cwru.edu,file32B.txt,2015/09/30 08:27:17,2015/09/30 08:27:18,1097.000000
planetlab2.cs.purdue.edu,planetlab-5.eecs.cwru.edu,file1KB.txt,2015/09/30 08:27:18,2015/09/30 08:27:19,1154.000000
planetlab2.cs.purdue.edu,planetlab-5.eecs.cwru.edu,file256KB.txt,2015/09/30 08:27:19,2015/09/30 08:28:18,58506.000000
planetlab2.cs.purdue.edu,planetlab-5.eecs.cwru.edu,file512KB.txt,2015/09/30 08:28:18,2015/09/30 08:31:47,209747.000000
planetlab2.cs.purdue.edu,planetlab-5.eecs.cwru.edu,file1MB.txt,2015/09/30 08:31:47,2015/09/30 08:43:05,678032.000000
planetlab2.cs.uml.edu,planetlab-5.eecs.cwru.edu,file32B.txt,2015/09/30 08:43:47,2015/09/30 08:43:47,294.000000
planetlab2.cs.uml.edu,planetlab-5.eecs.cwru.edu,file1KB.txt,2015/09/30 08:43:47,2015/09/30 08:43:48,1706.000000
planetlab2.cs.uml.edu,planetlab-5.eecs.cwru.edu,file256KB.txt,2015/09/30 08:43:48,2015/09/30 08:44:01,12542.000000
planetlab2.cs.uml.edu,planetlab-5.eecs.cwru.edu,file512KB.txt,2015/09/30 08:44:01,2015/09/30 08:44:28,27306.000000
planetlab2.cs.uml.edu,planetlab-5.eecs.cwru.edu,file1MB.txt,2015/09/30 08:44:28,2015/09/30 08:45:21,52493.000000
planetlab2.cs.unc.edu,planetlab-5.eecs.cwru.edu,file32B.txt,2015/09/30 08:45:21,2015/09/30 08:45:21,201.000000
planetlab2.cs.unc.edu,planetlab-5.eecs.cwru.edu,file1KB.txt,2015/09/30 08:45:21,2015/09/30 08:45:22,1778.000000
planetlab2.cs.unc.edu,planetlab-5.eecs.cwru.edu,file256KB.txt,2015/09/30 08:45:22,2015/09/30 08:45:33,10615.000000
planetlab2.cs.unc.edu,planetlab-5.eecs.cwru.edu,file512KB.txt,2015/09/30 08:45:33,2015/09/30 08:45:56,22976.000000
planetlab2.cs.unc.edu,planetlab-5.eecs.cwru.edu,file1MB.txt,2015/09/30 08:45:56,2015/09/30 08:46:42,46454.000000
planetlab2.cs.uoregon.edu,planetlab-5.eecs.cwru.edu,file32B.txt,2015/09/30 08:46:42,2015/09/30 08:46:42,655.000000
planetlab2.cs.uoregon.edu,planetlab-5.eecs.cwru.edu,file1KB.txt,2015/09/30 08:46:42,2015/09/30 08:46:43,1253.000000
planetlab2.cs.uoregon.edu,planetlab-5.eecs.cwru.edu,file256KB.txt,2015/09/30 08:46:43,2015/09/30 08:47:27,44286.000000
planetlab2.cs.uoregon.edu,planetlab-5.eecs.cwru.edu,file512KB.txt,2015/09/30 08:47:27,2015/09/30 08:48:54,87004.000000
planetlab2.cs.uoregon.edu,planetlab-5.eecs.cwru.edu,file1MB.txt,2015/09/30 08:48:54,2015/09/30 08:51:47,172592.000000
planetlab2.temple.edu,planetlab-5.eecs.cwru.edu,file32B.txt,2015/09/30 08:51:47,2015/09/30 08:51:47,307.000000
planetlab2.temple.edu,planetlab-5.eecs.cwru.edu,file1KB.txt,2015/09/30 08:51:47,2015/09/30 08:51:48,1762.000000
planetlab2.temple.edu,planetlab-5.eecs.cwru.edu,file256KB.txt,2015/09/30 08:51:48,2015/09/30 08:51:55,6437.000000
planetlab2.temple.edu,planetlab-5.eecs.cwru.edu,file512KB.txt,2015/09/30 08:51:55,2015/09/30 08:52:10,15597.000000
planetlab2.temple.edu,planetlab-5.eecs.cwru.edu,file1MB.txt,2015/09/30 08:52:10,2015/09/30 08:52:38,27090.000000
planetlab2.unl.edu,planetlab-5.eecs.cwru.edu,file32B.txt,2015/09/30 08:52:38,2015/09/30 08:52:39,1622.000000
planetlab2.unl.edu,planetlab-5.eecs.cwru.edu,file1KB.txt,2015/09/30 08:52:39,2015/09/30 08:52:39,387.000000
planetlab2.unl.edu,planetlab-5.eecs.cwru.edu,file256KB.txt,2015/09/30 08:52:39,2015/09/30 08:52:58,19271.000000
planetlab2.unl.edu,planetlab-5.eecs.cwru.edu,file512KB.txt,2015/09/30 08:52:58,2015/09/30 08:53:35,36969.000000
planetlab2.unl.edu,planetlab-5.eecs.cwru.edu,file1MB.txt,2015/09/30 08:53:35,2015/09/30 08:54:49,74175.000000
planetlab2.unr.edu,planetlab-5.eecs.cwru.edu,file32B.txt,2015/09/30 08:54:49,2015/09/30 08:54:49,590.000000
planetlab2.unr.edu,planetlab-5.eecs.cwru.edu,file1KB.txt,2015/09/30 08:54:49,2015/09/30 08:54:50,1415.000000
planetlab2.unr.edu,planetlab-5.eecs.cwru.edu,file256KB.txt,2015/09/30 08:54:50,2015/09/30 08:55:21,30637.000000
planetlab2.unr.edu,planetlab-5.eecs.cwru.edu,file512KB.txt,2015/09/30 08:55:21,2015/09/30 08:56:24,63769.000000
planetlab2.unr.edu,planetlab-5.eecs.cwru.edu,file1MB.txt,2015/09/30 08:56:24,2015/09/30 08:58:27,122121.000000
planetlab2.uta.edu,planetlab-5.eecs.cwru.edu,file32B.txt,2015/09/30 08:58:27,2015/09/30 08:58:28,1568.000000
planetlab2.uta.edu,planetlab-5.eecs.cwru.edu,file1KB.txt,2015/09/30 08:58:28,2015/09/30 08:58:28,450.000000
planetlab2.uta.edu,planetlab-5.eecs.cwru.edu,file256KB.txt,2015/09/30 08:58:28,2015/09/30 08:58:53,25500.000000
planetlab2.uta.edu,planetlab-5.eecs.cwru.edu,file512KB.txt,2015/09/30 08:58:53,2015/09/30 08:59:42,48735.000000
planetlab2.uta.edu,planetlab-5.eecs.cwru.edu,file1MB.txt,2015/09/30 08:59:42,2015/09/30 09:01:21,99521.000000
planetlab2.utdallas.edu,planetlab-5.eecs.cwru.edu,file32B.txt,2015/09/30 09:01:21,2015/09/30 09:01:21,380.000000
planetlab2.utdallas.edu,planetlab-5.eecs.cwru.edu,file1KB.txt,2015/09/30 09:01:21,2015/09/30 09:01:21,396.000000
planetlab2.utdallas.edu,planetlab-5.eecs.cwru.edu,file256KB.txt,2015/09/30 09:01:21,2015/09/30 09:01:44,23614.000000
planetlab2.utdallas.edu,planetlab-5.eecs.cwru.edu,file512KB.txt,2015/09/30 09:01:44,2015/09/30 09:02:28,43431.000000
planetlab2.utdallas.edu,planetlab-5.eecs.cwru.edu,file1MB.txt,2015/09/30 09:02:28,2015/09/30 09:03:57,89003.000000
planetlab3.eecs.umich.edu,planetlab-5.eecs.cwru.edu,file32B.txt,2015/09/30 09:03:57,2015/09/30 09:03:58,1748.000000
planetlab3.eecs.umich.edu,planetlab-5.eecs.cwru.edu,file1KB.txt,2015/09/30 09:03:58,2015/09/30 09:03:58,269.000000
planetlab3.eecs.umich.edu,planetlab-5.eecs.cwru.edu,file256KB.txt,2015/09/30 09:03:58,2015/09/30 09:04:11,12550.000000
planetlab3.eecs.umich.edu,planetlab-5.eecs.cwru.edu,file512KB.txt,2015/09/30 09:04:11,2015/09/30 09:04:39,28302.000000
planetlab3.eecs.umich.edu,planetlab-5.eecs.cwru.edu,file1MB.txt,2015/09/30 09:04:39,2015/09/30 09:05:32,52775.000000
planetlab3.rutgers.edu,planetlab-5.eecs.cwru.edu,file32B.txt,2015/09/30 09:05:32,2015/09/30 09:05:33,1631.000000
planetlab3.rutgers.edu,planetlab-5.eecs.cwru.edu,file1KB.txt,2015/09/30 09:05:33,2015/09/30 09:05:33,202.000000
planetlab3.rutgers.edu,planetlab-5.eecs.cwru.edu,file256KB.txt,2015/09/30 09:05:33,2015/09/30 09:05:41,7782.000000
planetlab3.rutgers.edu,planetlab-5.eecs.cwru.edu,file512KB.txt,2015/09/30 09:05:41,2015/09/30 09:05:57,15674.000000
planetlab3.rutgers.edu,planetlab-5.eecs.cwru.edu,file1MB.txt,2015/09/30 09:05:57,2015/09/30 09:06:30,32955.000000
planetlab3.wail.wisc.edu,planetlab-5.eecs.cwru.edu,file32B.txt,2015/09/30 09:06:30,2015/09/30 09:06:31,1616.000000
planetlab3.wail.wisc.edu,planetlab-5.eecs.cwru.edu,file1KB.txt,2015/09/30 09:06:31,2015/09/30 09:06:31,384.000000
planetlab3.wail.wisc.edu,planetlab-5.eecs.cwru.edu,file256KB.txt,2015/09/30 09:06:31,2015/09/30 09:06:51,20338.000000
planetlab3.wail.wisc.edu,planetlab-5.eecs.cwru.edu,file512KB.txt,2015/09/30 09:06:51,2015/09/30 09:07:30,38921.000000
planetlab3.wail.wisc.edu,planetlab-5.eecs.cwru.edu,file1MB.txt,2015/09/30 09:07:30,2015/09/30 09:08:48,78112.000000
planetlab4.tamu.edu,planetlab-5.eecs.cwru.edu,file32B.txt,2015/09/30 09:08:48,2015/09/30 09:08:48,392.000000
planetlab4.tamu.edu,planetlab-5.eecs.cwru.edu,file1KB.txt,2015/09/30 09:08:48,2015/09/30 09:08:49,1565.000000
planetlab4.tamu.edu,planetlab-5.eecs.cwru.edu,file256KB.txt,2015/09/30 09:08:49,2015/09/30 09:09:11,21755.000000
planetlab4.tamu.edu,planetlab-5.eecs.cwru.edu,file512KB.txt,2015/09/30 09:09:11,2015/09/30 09:09:55,43675.000000
planetlab4.tamu.edu,planetlab-5.eecs.cwru.edu,file1MB.txt,2015/09/30 09:09:55,2015/09/30 09:11:24,89628.000000
planetlab-5.eecs.cwru.edu,planetlab-5.eecs.cwru.edu,file32B.txt,2015/09/30 09:11:24,2015/09/30 09:11:24,1.000000
planetlab-5.eecs.cwru.edu,planetlab-5.eecs.cwru.edu,file1KB.txt,2015/09/30 09:11:24,2015/09/30 09:11:24,0.000000
planetlab-5.eecs.cwru.edu,planetlab-5.eecs.cwru.edu,file256KB.txt,2015/09/30 09:11:24,2015/09/30 09:11:24,25.000000
planetlab-5.eecs.cwru.edu,planetlab-5.eecs.cwru.edu,file512KB.txt,2015/09/30 09:11:24,2015/09/30 09:11:24,49.000000
planetlab-5.eecs.cwru.edu,planetlab-5.eecs.cwru.edu,file1MB.txt,2015/09/30 09:11:24,2015/09/30 09:11:24,104.000000
planetlabone.ccs.neu.edu,planetlab-5.eecs.cwru.edu,file32B.txt,2015/09/30 09:11:24,2015/09/30 09:11:24,293.000000
planetlabone.ccs.neu.edu,planetlab-5.eecs.cwru.edu,file1KB.txt,2015/09/30 09:11:24,2015/09/30 09:11:24,313.000000
planetlabone.ccs.neu.edu,planetlab-5.eecs.cwru.edu,file256KB.txt,2015/09/30 09:11:24,2015/09/30 09:11:36,11881.000000
planetlabone.ccs.neu.edu,planetlab-5.eecs.cwru.edu,file512KB.txt,2015/09/30 09:11:36,2015/09/30 09:12:01,25325.000000
planetlabone.ccs.neu.edu,planetlab-5.eecs.cwru.edu,file1MB.txt,2015/09/30 09:12:01,2015/09/30 09:12:49,48216.000000
pl-node-0.csl.sri.com,planetlab-5.eecs.cwru.edu,file32B.txt,2015/09/30 09:12:49,2015/09/30 09:12:50,1316.000000
pl-node-0.csl.sri.com,planetlab-5.eecs.cwru.edu,file1KB.txt,2015/09/30 09:12:50,2015/09/30 09:12:50,644.000000
pl-node-0.csl.sri.com,planetlab-5.eecs.cwru.edu,file256KB.txt,2015/09/30 09:12:50,2015/09/30 09:13:36,46591.000000
pl-node-0.csl.sri.com,planetlab-5.eecs.cwru.edu,file512KB.txt,2015/09/30 09:13:36,2015/09/30 09:15:04,87377.000000
pl-node-0.csl.sri.com,planetlab-5.eecs.cwru.edu,file1MB.txt,2015/09/30 09:15:04,2015/09/30 09:17:53,169772.000000
ricepl-5.cs.rice.edu,planetlab-5.eecs.cwru.edu,file32B.txt,2015/09/30 09:17:53,2015/09/30 09:17:53,355.000000
ricepl-5.cs.rice.edu,planetlab-5.eecs.cwru.edu,file1KB.txt,2015/09/30 09:17:53,2015/09/30 09:17:53,399.000000
ricepl-5.cs.rice.edu,planetlab-5.eecs.cwru.edu,file256KB.txt,2015/09/30 09:17:53,2015/09/30 09:18:16,23654.000000
ricepl-5.cs.rice.edu,planetlab-5.eecs.cwru.edu,file512KB.txt,2015/09/30 09:18:16,2015/09/30 09:19:00,43698.000000
ricepl-5.cs.rice.edu,planetlab-5.eecs.cwru.edu,file1MB.txt,2015/09/30 09:19:00,2015/09/30 09:20:29,88997.000000
salt.planetlab.cs.umd.edu,planetlab-5.eecs.cwru.edu,file32B.txt,2015/09/30 09:20:29,2015/09/30 09:20:29,241.000000
salt.planetlab.cs.umd.edu,planetlab-5.eecs.cwru.edu,file1KB.txt,2015/09/30 09:20:29,2015/09/30 09:20:30,1809.000000
salt.planetlab.cs.umd.edu,planetlab-5.eecs.cwru.edu,file256KB.txt,2015/09/30 09:20:30,2015/09/30 09:20:36,5953.000000
salt.planetlab.cs.umd.edu,planetlab-5.eecs.cwru.edu,file512KB.txt,2015/09/30 09:20:36,2015/09/30 09:20:48,12001.000000
salt.planetlab.cs.umd.edu,planetlab-5.eecs.cwru.edu,file1MB.txt,2015/09/30 09:20:48,2015/09/30 09:21:11,22381.000000
pl1.eecs.utk.edu,planetlab-5.eecs.cwru.edu,file32B.txt,2015/09/30 09:21:11,2015/09/30 09:21:13,2166.000000
pl1.eecs.utk.edu,planetlab-5.eecs.cwru.edu,file1KB.txt,2015/09/30 09:21:13,2015/09/30 09:21:16,3641.000000
pl1.eecs.utk.edu,planetlab-5.eecs.cwru.edu,file256KB.txt,2015/09/30 09:21:16,2015/09/30 09:23:52,155106.000000
pl1.eecs.utk.edu,planetlab-5.eecs.cwru.edu,file512KB.txt,2015/09/30 09:23:52,2015/09/30 09:29:02,-310689.000000
pl1.eecs.utk.edu,planetlab-5.eecs.cwru.edu,file1MB.txt,2015/09/30 09:29:02,2015/09/30 09:44:28,925555.000000
planetlab-01.vt.nodes.planet-lab.org,planetlab-5.eecs.cwru.edu,file32B.txt,2015/09/30 09:44:28,2015/09/30 09:44:29,1645.000000
planetlab-01.vt.nodes.planet-lab.org,planetlab-5.eecs.cwru.edu,file1KB.txt,2015/09/30 09:44:29,2015/09/30 09:44:29,393.000000
planetlab-01.vt.nodes.planet-lab.org,planetlab-5.eecs.cwru.edu,file256KB.txt,2015/09/30 09:44:29,2015/09/30 09:44:40,10562.000000
planetlab-01.vt.nodes.planet-lab.org,planetlab-5.eecs.cwru.edu,file512KB.txt,2015/09/30 09:44:40,2015/09/30 09:45:03,23329.000000
planetlab-01.vt.nodes.planet-lab.org,planetlab-5.eecs.cwru.edu,file1MB.txt,2015/09/30 09:45:03,2015/09/30 09:45:48,44952.000000
planetlab-04.vt.nodes.planet-lab.org,planetlab-5.eecs.cwru.edu,file32B.txt,2015/09/30 09:45:48,2015/09/30 09:45:48,312.000000
planetlab-04.vt.nodes.planet-lab.org,planetlab-5.eecs.cwru.edu,file1KB.txt,2015/09/30 09:45:48,2015/09/30 09:45:49,1710.000000
planetlab-04.vt.nodes.planet-lab.org,planetlab-5.eecs.cwru.edu,file256KB.txt,2015/09/30 09:45:49,2015/09/30 09:46:00,10687.000000
planetlab-04.vt.nodes.planet-lab.org,planetlab-5.eecs.cwru.edu,file512KB.txt,2015/09/30 09:46:00,2015/09/30 09:46:22,21659.000000
planetlab-04.vt.nodes.planet-lab.org,planetlab-5.eecs.cwru.edu,file1MB.txt,2015/09/30 09:46:22,2015/09/30 09:47:07,45650.000000
planetlab-4.eecs.cwru.edu,planetlab-5.eecs.cwru.edu,file32B.txt,2015/09/30 09:47:07,2015/09/30 09:47:07,123.000000
planetlab-4.eecs.cwru.edu,planetlab-5.eecs.cwru.edu,file1KB.txt,2015/09/30 09:47:07,2015/09/30 09:47:07,72.000000
planetlab-4.eecs.cwru.edu,planetlab-5.eecs.cwru.edu,file256KB.txt,2015/09/30 09:47:07,2015/09/30 09:47:07,235.000000
planetlab-4.eecs.cwru.edu,planetlab-5.eecs.cwru.edu,file512KB.txt,2015/09/30 09:47:07,2015/09/30 09:47:07,299.000000
planetlab-4.eecs.cwru.edu,planetlab-5.eecs.cwru.edu,file1MB.txt,2015/09/30 09:47:07,2015/09/30 09:47:08,1441.000000
planetlab01.cs.washington.edu,planetlab-5.eecs.cwru.edu,file32B.txt,2015/09/30 09:47:08,2015/09/30 09:47:09,1456.000000
planetlab01.cs.washington.edu,planetlab-5.eecs.cwru.edu,file1KB.txt,2015/09/30 09:47:09,2015/09/30 09:47:09,585.000000
planetlab01.cs.washington.edu,planetlab-5.eecs.cwru.edu,file256KB.txt,2015/09/30 09:47:09,2015/09/30 09:47:44,34838.000000
planetlab01.cs.washington.edu,planetlab-5.eecs.cwru.edu,file512KB.txt,2015/09/30 09:47:44,2015/09/30 09:48:54,69825.000000
planetlab01.cs.washington.edu,planetlab-5.eecs.cwru.edu,file1MB.txt,2015/09/30 09:48:54,2015/09/30 09:51:14,140205.000000
planetlab02.cs.washington.edu,planetlab-5.eecs.cwru.edu,file32B.txt,2015/09/30 09:51:14,2015/09/30 09:51:15,1451.000000
planetlab02.cs.washington.edu,planetlab-5.eecs.cwru.edu,file1KB.txt,2015/09/30 09:51:15,2015/09/30 09:51:15,573.000000
planetlab02.cs.washington.edu,planetlab-5.eecs.cwru.edu,file256KB.txt,2015/09/30 09:51:15,2015/09/30 09:51:51,36722.000000
planetlab02.cs.washington.edu,planetlab-5.eecs.cwru.edu,file512KB.txt,2015/09/30 09:51:51,2015/09/30 09:53:01,69837.000000
planetlab02.cs.washington.edu,planetlab-5.eecs.cwru.edu,file1MB.txt,2015/09/30 09:53:01,2015/09/30 09:55:21,140166.000000
planetlab1.arizona-gigapop.net,planetlab-5.eecs.cwru.edu,file32B.txt,2015/09/30 09:55:21,2015/09/30 09:55:21,547.000000
planetlab1.arizona-gigapop.net,planetlab-5.eecs.cwru.edu,file1KB.txt,2015/09/30 09:55:21,2015/09/30 09:55:22,1339.000000
planetlab1.arizona-gigapop.net,planetlab-5.eecs.cwru.edu,file256KB.txt,2015/09/30 09:55:22,2015/09/30 09:55:56,33531.000000
planetlab1.arizona-gigapop.net,planetlab-5.eecs.cwru.edu,file512KB.txt,2015/09/30 09:55:56,2015/09/30 09:57:05,69468.000000
planetlab1.arizona-gigapop.net,planetlab-5.eecs.cwru.edu,file1MB.txt,2015/09/30 09:57:05,2015/09/30 09:59:21,135335.000000
planetlab1.cs.unc.edu,planetlab-5.eecs.cwru.edu,file32B.txt,2015/09/30 09:59:21,2015/09/30 09:59:22,1787.000000
planetlab1.cs.unc.edu,planetlab-5.eecs.cwru.edu,file1KB.txt,2015/09/30 09:59:22,2015/09/30 09:59:22,189.000000
planetlab1.cs.unc.edu,planetlab-5.eecs.cwru.edu,file256KB.txt,2015/09/30 09:59:22,2015/09/30 09:59:33,11355.000000
planetlab1.cs.unc.edu,planetlab-5.eecs.cwru.edu,file512KB.txt,2015/09/30 09:59:33,2015/09/30 09:59:54,20999.000000
planetlab1.cs.unc.edu,planetlab-5.eecs.cwru.edu,file1MB.txt,2015/09/30 09:59:54,2015/09/30 10:00:36,41769.000000
