ebb.colgate.edu,planetlab3.wail.wisc.edu,file32B.txt,2015/09/30 04:13:32,2015/09/30 04:13:32,352.000000
ebb.colgate.edu,planetlab3.wail.wisc.edu,file1KB.txt,2015/09/30 04:13:32,2015/09/30 04:13:33,1659.000000
ebb.colgate.edu,planetlab3.wail.wisc.edu,file256KB.txt,2015/09/30 04:13:33,2015/09/30 04:14:15,42235.000000
ebb.colgate.edu,planetlab3.wail.wisc.edu,file512KB.txt,2015/09/30 04:14:15,2015/09/30 04:15:46,90577.000000
ebb.colgate.edu,planetlab3.wail.wisc.edu,file1MB.txt,2015/09/30 04:15:46,2015/09/30 04:18:39,172643.000000
kc-sce-plab2.umkc.edu,planetlab3.wail.wisc.edu,file32B.txt,2015/09/30 04:18:39,2015/09/30 04:18:40,1203.000000
kc-sce-plab2.umkc.edu,planetlab3.wail.wisc.edu,file1KB.txt,2015/09/30 04:18:40,2015/09/30 04:18:41,1106.000000
kc-sce-plab2.umkc.edu,planetlab3.wail.wisc.edu,file256KB.txt,2015/09/30 04:18:41,2015/09/30 04:19:55,74314.000000
kc-sce-plab2.umkc.edu,planetlab3.wail.wisc.edu,file512KB.txt,2015/09/30 04:19:55,2015/09/30 04:23:17,202199.000000
kc-sce-plab2.umkc.edu,planetlab3.wail.wisc.edu,file1MB.txt,2015/09/30 04:23:17,2015/09/30 04:28:36,318628.000000
node1.planetlab.mathcs.emory.edu,planetlab3.wail.wisc.edu,file32B.txt,2015/09/30 04:28:36,2015/09/30 04:28:36,305.000000
node1.planetlab.mathcs.emory.edu,planetlab3.wail.wisc.edu,file1KB.txt,2015/09/30 04:28:36,2015/09/30 04:28:36,263.000000
node1.planetlab.mathcs.emory.edu,planetlab3.wail.wisc.edu,file256KB.txt,2015/09/30 04:28:36,2015/09/30 04:28:56,20550.000000
node1.planetlab.mathcs.emory.edu,planetlab3.wail.wisc.edu,file512KB.txt,2015/09/30 04:28:56,2015/09/30 04:29:35,39068.000000
node1.planetlab.mathcs.emory.edu,planetlab3.wail.wisc.edu,file1MB.txt,2015/09/30 04:29:35,2015/09/30 04:30:55,79977.000000
pl3.cs.unm.edu,planetlab3.wail.wisc.edu,file32B.txt,2015/09/30 04:31:16,2015/09/30 04:31:16,406.000000
pl3.cs.unm.edu,planetlab3.wail.wisc.edu,file1KB.txt,2015/09/30 04:31:16,2015/09/30 04:31:17,1657.000000
pl3.cs.unm.edu,planetlab3.wail.wisc.edu,file256KB.txt,2015/09/30 04:31:17,2015/09/30 04:31:42,24889.000000
pl3.cs.unm.edu,planetlab3.wail.wisc.edu,file512KB.txt,2015/09/30 04:31:42,2015/09/30 04:32:32,49933.000000
pl3.cs.unm.edu,planetlab3.wail.wisc.edu,file1MB.txt,2015/09/30 04:32:32,2015/09/30 04:34:12,100260.000000
plab3.eece.ksu.edu,planetlab3.wail.wisc.edu,file32B.txt,2015/09/30 04:34:12,2015/09/30 04:34:12,239.000000
plab3.eece.ksu.edu,planetlab3.wail.wisc.edu,file1KB.txt,2015/09/30 04:34:12,2015/09/30 04:34:12,232.000000
plab3.eece.ksu.edu,planetlab3.wail.wisc.edu,file256KB.txt,2015/09/30 04:34:12,2015/09/30 04:34:29,16912.000000
plab3.eece.ksu.edu,planetlab3.wail.wisc.edu,file512KB.txt,2015/09/30 04:34:29,2015/09/30 04:35:03,33983.000000
plab3.eece.ksu.edu,planetlab3.wail.wisc.edu,file1MB.txt,2015/09/30 04:35:03,2015/09/30 04:36:11,68037.000000
planetlab-02.bu.edu,planetlab3.wail.wisc.edu,file32B.txt,2015/09/30 04:36:11,2015/09/30 04:36:12,1666.000000
planetlab-02.bu.edu,planetlab3.wail.wisc.edu,file1KB.txt,2015/09/30 04:36:12,2015/09/30 04:36:12,339.000000
planetlab-02.bu.edu,planetlab3.wail.wisc.edu,file256KB.txt,2015/09/30 04:36:12,2015/09/30 04:36:37,25286.000000
planetlab-02.bu.edu,planetlab3.wail.wisc.edu,file512KB.txt,2015/09/30 04:36:37,2015/09/30 04:37:26,48753.000000
planetlab-02.bu.edu,planetlab3.wail.wisc.edu,file1MB.txt,2015/09/30 04:37:26,2015/09/30 04:39:04,-97764.000000
planetlab1.clemson.edu,planetlab3.wail.wisc.edu,file32B.txt,2015/09/30 04:39:26,2015/09/30 04:39:26,335.000000
planetlab1.clemson.edu,planetlab3.wail.wisc.edu,file1KB.txt,2015/09/30 04:39:26,2015/09/30 04:39:26,280.000000
planetlab1.clemson.edu,planetlab3.wail.wisc.edu,file256KB.txt,2015/09/30 04:39:26,2015/09/30 04:39:47,21413.000000
planetlab1.clemson.edu,planetlab3.wail.wisc.edu,file512KB.txt,2015/09/30 04:39:47,2015/09/30 04:40:28,41021.000000
planetlab1.clemson.edu,planetlab3.wail.wisc.edu,file1MB.txt,2015/09/30 04:40:28,2015/09/30 04:41:50,82279.000000
planetlab1.cs.du.edu,planetlab3.wail.wisc.edu,file32B.txt,2015/09/30 04:41:50,2015/09/30 04:41:50,267.000000
planetlab1.cs.du.edu,planetlab3.wail.wisc.edu,file1KB.txt,2015/09/30 04:41:50,2015/09/30 04:41:50,290.000000
planetlab1.cs.du.edu,planetlab3.wail.wisc.edu,file256KB.txt,2015/09/30 04:41:50,2015/09/30 04:42:12,22696.000000
planetlab1.cs.du.edu,planetlab3.wail.wisc.edu,file512KB.txt,2015/09/30 04:42:12,2015/09/30 04:42:54,41561.000000
planetlab1.cs.du.edu,planetlab3.wail.wisc.edu,file1MB.txt,2015/09/30 04:42:54,2015/09/30 04:44:19,85473.000000
planetlab-1.cse.ohio-state.edu,planetlab3.wail.wisc.edu,file32B.txt,2015/09/30 04:44:19,2015/09/30 04:44:23,3598.000000
planetlab-1.cse.ohio-state.edu,planetlab3.wail.wisc.edu,file1KB.txt,2015/09/30 04:44:23,2015/09/30 04:44:29,6538.000000
planetlab-1.cse.ohio-state.edu,planetlab3.wail.wisc.edu,file256KB.txt,2015/09/30 04:44:29,2015/09/30 05:04:56,1226492.000000
planetlab-1.cse.ohio-state.edu,planetlab3.wail.wisc.edu,file512KB.txt,2015/09/30 05:04:56,2015/09/30 06:04:15,735890.000000
planetlab-1.cse.ohio-state.edu,planetlab3.wail.wisc.edu,file1MB.txt,2015/09/30 06:04:15,2015/09/30 08:04:44,-1360412.000000
planetlab1.cs.okstate.edu,planetlab3.wail.wisc.edu,file32B.txt,2015/09/30 08:04:44,2015/09/30 08:04:44,291.000000
planetlab1.cs.okstate.edu,planetlab3.wail.wisc.edu,file1KB.txt,2015/09/30 08:04:44,2015/09/30 08:04:44,252.000000
planetlab1.cs.okstate.edu,planetlab3.wail.wisc.edu,file256KB.txt,2015/09/30 08:04:44,2015/09/30 08:05:03,19389.000000
planetlab1.cs.okstate.edu,planetlab3.wail.wisc.edu,file512KB.txt,2015/09/30 08:05:03,2015/09/30 08:05:40,37024.000000
planetlab1.cs.okstate.edu,planetlab3.wail.wisc.edu,file1MB.txt,2015/09/30 08:05:40,2015/09/30 08:06:54,74055.000000
planetlab1.cs.ucla.edu,planetlab3.wail.wisc.edu,file32B.txt,2015/09/30 08:06:54,2015/09/30 08:06:54,547.000000
planetlab1.cs.ucla.edu,planetlab3.wail.wisc.edu,file1KB.txt,2015/09/30 08:06:54,2015/09/30 08:06:55,1455.000000
planetlab1.cs.ucla.edu,planetlab3.wail.wisc.edu,file256KB.txt,2015/09/30 08:06:55,2015/09/30 08:07:35,39935.000000
planetlab1.cs.ucla.edu,planetlab3.wail.wisc.edu,file512KB.txt,2015/09/30 08:07:35,2015/09/30 08:08:55,80236.000000
planetlab1.cs.ucla.edu,planetlab3.wail.wisc.edu,file1MB.txt,2015/09/30 08:08:55,2015/09/30 08:11:35,160102.000000
planetlab1.csuohio.edu,planetlab3.wail.wisc.edu,file32B.txt,2015/09/30 08:11:35,2015/09/30 08:11:35,195.000000
planetlab1.csuohio.edu,planetlab3.wail.wisc.edu,file1KB.txt,2015/09/30 08:11:35,2015/09/30 08:11:35,143.000000
planetlab1.csuohio.edu,planetlab3.wail.wisc.edu,file256KB.txt,2015/09/30 08:11:35,2015/09/30 08:11:45,9393.000000
planetlab1.csuohio.edu,planetlab3.wail.wisc.edu,file512KB.txt,2015/09/30 08:11:45,2015/09/30 08:12:07,22532.000000
planetlab1.csuohio.edu,planetlab3.wail.wisc.edu,file1MB.txt,2015/09/30 08:12:07,2015/09/30 08:12:49,41613.000000
planetlab1.ucsd.edu,planetlab3.wail.wisc.edu,file32B.txt,2015/09/30 08:12:59,2015/09/30 08:12:59,643.000000
planetlab1.ucsd.edu,planetlab3.wail.wisc.edu,file1KB.txt,2015/09/30 08:12:59,2015/09/30 08:13:00,1437.000000
planetlab1.ucsd.edu,planetlab3.wail.wisc.edu,file256KB.txt,2015/09/30 08:13:00,2015/09/30 08:13:41,-40656.000000
planetlab1.ucsd.edu,planetlab3.wail.wisc.edu,file512KB.txt,2015/09/30 08:13:41,2015/09/30 08:15:04,83253.000000
planetlab1.ucsd.edu,planetlab3.wail.wisc.edu,file1MB.txt,2015/09/30 08:15:04,2015/09/30 08:17:48,163455.000000
planetlab2.acis.ufl.edu,planetlab3.wail.wisc.edu,file32B.txt,2015/09/30 08:17:48,2015/09/30 08:17:49,1453.000000
planetlab2.acis.ufl.edu,planetlab3.wail.wisc.edu,file1KB.txt,2015/09/30 08:17:49,2015/09/30 08:17:49,363.000000
planetlab2.acis.ufl.edu,planetlab3.wail.wisc.edu,file256KB.txt,2015/09/30 08:17:49,2015/09/30 08:18:16,27593.000000
planetlab2.acis.ufl.edu,planetlab3.wail.wisc.edu,file512KB.txt,2015/09/30 08:18:16,2015/09/30 08:19:52,95303.000000
planetlab2.acis.ufl.edu,planetlab3.wail.wisc.edu,file1MB.txt,2015/09/30 08:19:52,2015/09/30 08:21:37,105227.000000
planetlab2.arizona-gigapop.net,planetlab3.wail.wisc.edu,file32B.txt,2015/09/30 08:21:37,2015/09/30 08:21:38,1518.000000
planetlab2.arizona-gigapop.net,planetlab3.wail.wisc.edu,file1KB.txt,2015/09/30 08:21:38,2015/09/30 08:21:38,481.000000
planetlab2.arizona-gigapop.net,planetlab3.wail.wisc.edu,file256KB.txt,2015/09/30 08:21:38,2015/09/30 08:22:13,34696.000000
planetlab2.arizona-gigapop.net,planetlab3.wail.wisc.edu,file512KB.txt,2015/09/30 08:22:13,2015/09/30 08:23:24,71592.000000
planetlab2.arizona-gigapop.net,planetlab3.wail.wisc.edu,file1MB.txt,2015/09/30 08:23:24,2015/09/30 08:25:44,139572.000000
planetlab2.citadel.edu,planetlab3.wail.wisc.edu,file32B.txt,2015/09/30 08:25:44,2015/09/30 08:25:45,1597.000000
planetlab2.citadel.edu,planetlab3.wail.wisc.edu,file1KB.txt,2015/09/30 08:25:45,2015/09/30 08:25:45,337.000000
planetlab2.citadel.edu,planetlab3.wail.wisc.edu,file256KB.txt,2015/09/30 08:25:45,2015/09/30 08:26:10,25400.000000
planetlab2.citadel.edu,planetlab3.wail.wisc.edu,file512KB.txt,2015/09/30 08:26:10,2015/09/30 08:26:59,49059.000000
planetlab2.citadel.edu,planetlab3.wail.wisc.edu,file1MB.txt,2015/09/30 08:26:59,2015/09/30 08:28:36,96253.000000
planetlab2.cs.pitt.edu,planetlab3.wail.wisc.edu,file32B.txt,2015/09/30 08:28:36,2015/09/30 08:28:37,1729.000000
planetlab2.cs.pitt.edu,planetlab3.wail.wisc.edu,file1KB.txt,2015/09/30 08:28:37,2015/09/30 08:28:37,241.000000
planetlab2.cs.pitt.edu,planetlab3.wail.wisc.edu,file256KB.txt,2015/09/30 08:28:37,2015/09/30 08:28:54,16542.000000
planetlab2.cs.pitt.edu,planetlab3.wail.wisc.edu,file512KB.txt,2015/09/30 08:28:54,2015/09/30 08:29:29,35150.000000
planetlab2.cs.pitt.edu,planetlab3.wail.wisc.edu,file1MB.txt,2015/09/30 08:29:29,2015/09/30 08:30:39,70245.000000
planetlab2.cs.purdue.edu,planetlab3.wail.wisc.edu,file32B.txt,2015/09/30 08:30:39,2015/09/30 08:30:41,2198.000000
planetlab2.cs.purdue.edu,planetlab3.wail.wisc.edu,file1KB.txt,2015/09/30 08:30:41,2015/09/30 08:30:42,443.000000
planetlab2.cs.purdue.edu,planetlab3.wail.wisc.edu,file256KB.txt,2015/09/30 08:30:42,2015/09/30 08:33:13,151359.000000
planetlab2.cs.purdue.edu,planetlab3.wail.wisc.edu,file512KB.txt,2015/09/30 08:33:13,2015/09/30 08:38:14,301124.000000
planetlab2.cs.purdue.edu,planetlab3.wail.wisc.edu,file1MB.txt,2015/09/30 08:38:14,2015/09/30 08:49:54,699582.000000
planetlab2.cs.uml.edu,planetlab3.wail.wisc.edu,file32B.txt,2015/09/30 08:50:37,2015/09/30 08:50:37,321.000000
planetlab2.cs.uml.edu,planetlab3.wail.wisc.edu,file1KB.txt,2015/09/30 08:50:37,2015/09/30 08:50:37,317.000000
planetlab2.cs.uml.edu,planetlab3.wail.wisc.edu,file256KB.txt,2015/09/30 08:50:37,2015/09/30 08:51:01,24710.000000
planetlab2.cs.uml.edu,planetlab3.wail.wisc.edu,file512KB.txt,2015/09/30 08:51:01,2015/09/30 08:52:01,59407.000000
planetlab2.cs.uml.edu,planetlab3.wail.wisc.edu,file1MB.txt,2015/09/30 08:52:01,2015/09/30 08:55:09,188251.000000
planetlab2.cs.unc.edu,planetlab3.wail.wisc.edu,file32B.txt,2015/09/30 08:55:09,2015/09/30 08:55:09,332.000000
planetlab2.cs.unc.edu,planetlab3.wail.wisc.edu,file1KB.txt,2015/09/30 08:55:09,2015/09/30 08:55:10,1667.000000
planetlab2.cs.unc.edu,planetlab3.wail.wisc.edu,file256KB.txt,2015/09/30 08:55:10,2015/09/30 08:55:34,23576.000000
planetlab2.cs.unc.edu,planetlab3.wail.wisc.edu,file512KB.txt,2015/09/30 08:55:34,2015/09/30 08:56:23,49409.000000
planetlab2.cs.unc.edu,planetlab3.wail.wisc.edu,file1MB.txt,2015/09/30 08:56:23,2015/09/30 08:58:00,96765.000000
planetlab2.cs.uoregon.edu,planetlab3.wail.wisc.edu,file32B.txt,2015/09/30 08:58:00,2015/09/30 08:58:00,506.000000
planetlab2.cs.uoregon.edu,planetlab3.wail.wisc.edu,file1KB.txt,2015/09/30 08:58:00,2015/09/30 08:58:01,1494.000000
planetlab2.cs.uoregon.edu,planetlab3.wail.wisc.edu,file256KB.txt,2015/09/30 08:58:01,2015/09/30 08:58:38,36942.000000
planetlab2.cs.uoregon.edu,planetlab3.wail.wisc.edu,file512KB.txt,2015/09/30 08:58:38,2015/09/30 08:59:52,74238.000000
planetlab2.cs.uoregon.edu,planetlab3.wail.wisc.edu,file1MB.txt,2015/09/30 08:59:52,2015/09/30 09:02:19,146668.000000
planetlab2.temple.edu,planetlab3.wail.wisc.edu,file32B.txt,2015/09/30 09:02:19,2015/09/30 09:02:19,283.000000
planetlab2.temple.edu,planetlab3.wail.wisc.edu,file1KB.txt,2015/09/30 09:02:19,2015/09/30 09:02:19,279.000000
planetlab2.temple.edu,planetlab3.wail.wisc.edu,file256KB.txt,2015/09/30 09:02:19,2015/09/30 09:02:40,21438.000000
planetlab2.temple.edu,planetlab3.wail.wisc.edu,file512KB.txt,2015/09/30 09:02:40,2015/09/30 09:03:21,41113.000000
planetlab2.temple.edu,planetlab3.wail.wisc.edu,file1MB.txt,2015/09/30 09:03:21,2015/09/30 09:04:43,82170.000000
planetlab2.unl.edu,planetlab3.wail.wisc.edu,file32B.txt,2015/09/30 09:04:43,2015/09/30 09:04:43,243.000000
planetlab2.unl.edu,planetlab3.wail.wisc.edu,file1KB.txt,2015/09/30 09:04:43,2015/09/30 09:04:43,241.000000
planetlab2.unl.edu,planetlab3.wail.wisc.edu,file256KB.txt,2015/09/30 09:04:43,2015/09/30 09:05:01,18198.000000
planetlab2.unl.edu,planetlab3.wail.wisc.edu,file512KB.txt,2015/09/30 09:05:01,2015/09/30 09:05:36,34595.000000
planetlab2.unl.edu,planetlab3.wail.wisc.edu,file1MB.txt,2015/09/30 09:05:36,2015/09/30 09:06:47,71104.000000
planetlab2.unr.edu,planetlab3.wail.wisc.edu,file32B.txt,2015/09/30 09:06:47,2015/09/30 09:06:48,1585.000000
planetlab2.unr.edu,planetlab3.wail.wisc.edu,file1KB.txt,2015/09/30 09:06:48,2015/09/30 09:06:48,413.000000
planetlab2.unr.edu,planetlab3.wail.wisc.edu,file256KB.txt,2015/09/30 09:06:48,2015/09/30 09:07:19,31607.000000
planetlab2.unr.edu,planetlab3.wail.wisc.edu,file512KB.txt,2015/09/30 09:07:19,2015/09/30 09:08:19,59523.000000
planetlab2.unr.edu,planetlab3.wail.wisc.edu,file1MB.txt,2015/09/30 09:08:19,2015/09/30 09:10:20,121316.000000
planetlab2.uta.edu,planetlab3.wail.wisc.edu,file32B.txt,2015/09/30 09:10:20,2015/09/30 09:10:20,536.000000
planetlab2.uta.edu,planetlab3.wail.wisc.edu,file1KB.txt,2015/09/30 09:10:20,2015/09/30 09:10:21,1709.000000
planetlab2.uta.edu,planetlab3.wail.wisc.edu,file256KB.txt,2015/09/30 09:10:21,2015/09/30 09:10:45,23088.000000
planetlab2.uta.edu,planetlab3.wail.wisc.edu,file512KB.txt,2015/09/30 09:10:45,2015/09/30 09:11:38,53245.000000
planetlab2.uta.edu,planetlab3.wail.wisc.edu,file1MB.txt,2015/09/30 09:11:38,2015/09/30 09:13:19,101657.000000
planetlab2.utdallas.edu,planetlab3.wail.wisc.edu,file32B.txt,2015/09/30 09:13:19,2015/09/30 09:13:19,282.000000
planetlab2.utdallas.edu,planetlab3.wail.wisc.edu,file1KB.txt,2015/09/30 09:13:19,2015/09/30 09:13:19,278.000000
planetlab2.utdallas.edu,planetlab3.wail.wisc.edu,file256KB.txt,2015/09/30 09:13:19,2015/09/30 09:13:40,21531.000000
planetlab2.utdallas.edu,planetlab3.wail.wisc.edu,file512KB.txt,2015/09/30 09:13:40,2015/09/30 09:14:20,39268.000000
planetlab2.utdallas.edu,planetlab3.wail.wisc.edu,file1MB.txt,2015/09/30 09:14:20,2015/09/30 09:15:42,82768.000000
planetlab3.eecs.umich.edu,planetlab3.wail.wisc.edu,file32B.txt,2015/09/30 09:15:42,2015/09/30 09:15:42,197.000000
planetlab3.eecs.umich.edu,planetlab3.wail.wisc.edu,file1KB.txt,2015/09/30 09:15:42,2015/09/30 09:15:42,170.000000
planetlab3.eecs.umich.edu,planetlab3.wail.wisc.edu,file256KB.txt,2015/09/30 09:15:42,2015/09/30 09:15:54,11590.000000
planetlab3.eecs.umich.edu,planetlab3.wail.wisc.edu,file512KB.txt,2015/09/30 09:15:54,2015/09/30 09:16:19,25210.000000
planetlab3.eecs.umich.edu,planetlab3.wail.wisc.edu,file1MB.txt,2015/09/30 09:16:19,2015/09/30 09:17:08,48663.000000
planetlab3.rutgers.edu,planetlab3.wail.wisc.edu,file32B.txt,2015/09/30 09:17:08,2015/09/30 09:17:09,1709.000000
planetlab3.rutgers.edu,planetlab3.wail.wisc.edu,file1KB.txt,2015/09/30 09:17:09,2015/09/30 09:17:09,294.000000
planetlab3.rutgers.edu,planetlab3.wail.wisc.edu,file256KB.txt,2015/09/30 09:17:09,2015/09/30 09:17:31,22496.000000
planetlab3.rutgers.edu,planetlab3.wail.wisc.edu,file512KB.txt,2015/09/30 09:17:31,2015/09/30 09:18:13,41180.000000
planetlab3.rutgers.edu,planetlab3.wail.wisc.edu,file1MB.txt,2015/09/30 09:18:13,2015/09/30 09:19:38,84885.000000
planetlab3.wail.wisc.edu,planetlab3.wail.wisc.edu,file32B.txt,2015/09/30 09:19:38,2015/09/30 09:19:38,1.000000
planetlab3.wail.wisc.edu,planetlab3.wail.wisc.edu,file1KB.txt,2015/09/30 09:19:38,2015/09/30 09:19:38,0.000000
planetlab3.wail.wisc.edu,planetlab3.wail.wisc.edu,file256KB.txt,2015/09/30 09:19:38,2015/09/30 09:19:39,1977.000000
planetlab3.wail.wisc.edu,planetlab3.wail.wisc.edu,file512KB.txt,2015/09/30 09:19:39,2015/09/30 09:19:39,47.000000
planetlab3.wail.wisc.edu,planetlab3.wail.wisc.edu,file1MB.txt,2015/09/30 09:19:39,2015/09/30 09:19:39,97.000000
planetlab4.tamu.edu,planetlab3.wail.wisc.edu,file32B.txt,2015/09/30 09:19:39,2015/09/30 09:19:39,338.000000
planetlab4.tamu.edu,planetlab3.wail.wisc.edu,file1KB.txt,2015/09/30 09:19:39,2015/09/30 09:19:39,298.000000
planetlab4.tamu.edu,planetlab3.wail.wisc.edu,file256KB.txt,2015/09/30 09:19:39,2015/09/30 09:20:01,22033.000000
planetlab4.tamu.edu,planetlab3.wail.wisc.edu,file512KB.txt,2015/09/30 09:20:01,2015/09/30 09:20:45,44195.000000
planetlab4.tamu.edu,planetlab3.wail.wisc.edu,file1MB.txt,2015/09/30 09:20:45,2015/09/30 09:22:12,86920.000000
planetlab-5.eecs.cwru.edu,planetlab3.wail.wisc.edu,file32B.txt,2015/09/30 09:22:12,2015/09/30 09:22:12,268.000000
planetlab-5.eecs.cwru.edu,planetlab3.wail.wisc.edu,file1KB.txt,2015/09/30 09:22:12,2015/09/30 09:22:13,1732.000000
planetlab-5.eecs.cwru.edu,planetlab3.wail.wisc.edu,file256KB.txt,2015/09/30 09:22:13,2015/09/30 09:22:32,18471.000000
planetlab-5.eecs.cwru.edu,planetlab3.wail.wisc.edu,file512KB.txt,2015/09/30 09:22:32,2015/09/30 09:23:11,38975.000000
planetlab-5.eecs.cwru.edu,planetlab3.wail.wisc.edu,file1MB.txt,2015/09/30 09:23:11,2015/09/30 09:24:29,78232.000000
planetlabone.ccs.neu.edu,planetlab3.wail.wisc.edu,file32B.txt,2015/09/30 09:24:29,2015/09/30 09:24:29,382.000000
planetlabone.ccs.neu.edu,planetlab3.wail.wisc.edu,file1KB.txt,2015/09/30 09:24:29,2015/09/30 09:24:30,1705.000000
planetlabone.ccs.neu.edu,planetlab3.wail.wisc.edu,file256KB.txt,2015/09/30 09:24:30,2015/09/30 09:24:51,-20595.000000
planetlabone.ccs.neu.edu,planetlab3.wail.wisc.edu,file512KB.txt,2015/09/30 09:24:51,2015/09/30 09:25:34,43392.000000
planetlabone.ccs.neu.edu,planetlab3.wail.wisc.edu,file1MB.txt,2015/09/30 09:25:34,2015/09/30 09:27:08,93314.000000
pl-node-0.csl.sri.com,planetlab3.wail.wisc.edu,file32B.txt,2015/09/30 09:27:08,2015/09/30 09:27:09,1436.000000
pl-node-0.csl.sri.com,planetlab3.wail.wisc.edu,file1KB.txt,2015/09/30 09:27:09,2015/09/30 09:27:10,1336.000000
pl-node-0.csl.sri.com,planetlab3.wail.wisc.edu,file256KB.txt,2015/09/30 09:27:10,2015/09/30 09:28:05,54901.000000
pl-node-0.csl.sri.com,planetlab3.wail.wisc.edu,file512KB.txt,2015/09/30 09:28:05,2015/09/30 09:29:27,81562.000000
pl-node-0.csl.sri.com,planetlab3.wail.wisc.edu,file1MB.txt,2015/09/30 09:29:27,2015/09/30 09:32:53,205830.000000
ricepl-5.cs.rice.edu,planetlab3.wail.wisc.edu,file32B.txt,2015/09/30 09:32:53,2015/09/30 09:32:54,1613.000000
ricepl-5.cs.rice.edu,planetlab3.wail.wisc.edu,file1KB.txt,2015/09/30 09:32:54,2015/09/30 09:32:54,313.000000
ricepl-5.cs.rice.edu,planetlab3.wail.wisc.edu,file256KB.txt,2015/09/30 09:32:54,2015/09/30 09:33:17,23171.000000
ricepl-5.cs.rice.edu,planetlab3.wail.wisc.edu,file512KB.txt,2015/09/30 09:33:17,2015/09/30 09:34:03,46408.000000
ricepl-5.cs.rice.edu,planetlab3.wail.wisc.edu,file1MB.txt,2015/09/30 09:34:03,2015/09/30 09:35:34,90498.000000
salt.planetlab.cs.umd.edu,planetlab3.wail.wisc.edu,file32B.txt,2015/09/30 09:35:34,2015/09/30 09:35:34,306.000000
salt.planetlab.cs.umd.edu,planetlab3.wail.wisc.edu,file1KB.txt,2015/09/30 09:35:34,2015/09/30 09:35:35,1731.000000
salt.planetlab.cs.umd.edu,planetlab3.wail.wisc.edu,file256KB.txt,2015/09/30 09:35:35,2015/09/30 09:35:54,18593.000000
salt.planetlab.cs.umd.edu,planetlab3.wail.wisc.edu,file512KB.txt,2015/09/30 09:35:54,2015/09/30 09:36:33,39311.000000
salt.planetlab.cs.umd.edu,planetlab3.wail.wisc.edu,file1MB.txt,2015/09/30 09:36:33,2015/09/30 09:37:50,76861.000000
pl1.eecs.utk.edu,planetlab3.wail.wisc.edu,file32B.txt,2015/09/30 09:37:50,2015/09/30 09:37:52,1628.000000
pl1.eecs.utk.edu,planetlab3.wail.wisc.edu,file1KB.txt,2015/09/30 09:37:52,2015/09/30 09:37:54,2383.000000
pl1.eecs.utk.edu,planetlab3.wail.wisc.edu,file256KB.txt,2015/09/30 09:37:54,2015/09/30 09:43:09,314822.000000
pl1.eecs.utk.edu,planetlab3.wail.wisc.edu,file512KB.txt,2015/09/30 09:43:09,2015/09/30 09:52:46,577054.000000
pl1.eecs.utk.edu,planetlab3.wail.wisc.edu,file1MB.txt,2015/09/30 09:52:46,2015/09/30 10:15:38,1372391.000000
planetlab-01.vt.nodes.planet-lab.org,planetlab3.wail.wisc.edu,file32B.txt,2015/09/30 10:15:38,2015/09/30 10:15:38,321.000000
planetlab-01.vt.nodes.planet-lab.org,planetlab3.wail.wisc.edu,file1KB.txt,2015/09/30 10:15:38,2015/09/30 10:15:38,257.000000
planetlab-01.vt.nodes.planet-lab.org,planetlab3.wail.wisc.edu,file256KB.txt,2015/09/30 10:15:38,2015/09/30 10:15:57,19004.000000
planetlab-01.vt.nodes.planet-lab.org,planetlab3.wail.wisc.edu,file512KB.txt,2015/09/30 10:15:57,2015/09/30 10:16:35,38219.000000
planetlab-01.vt.nodes.planet-lab.org,planetlab3.wail.wisc.edu,file1MB.txt,2015/09/30 10:16:35,2015/09/30 10:17:55,80118.000000
planetlab-04.vt.nodes.planet-lab.org,planetlab3.wail.wisc.edu,file32B.txt,2015/09/30 10:17:55,2015/09/30 10:17:55,368.000000
planetlab-04.vt.nodes.planet-lab.org,planetlab3.wail.wisc.edu,file1KB.txt,2015/09/30 10:17:55,2015/09/30 10:17:56,1743.000000
planetlab-04.vt.nodes.planet-lab.org,planetlab3.wail.wisc.edu,file256KB.txt,2015/09/30 10:17:56,2015/09/30 10:18:16,20022.000000
planetlab-04.vt.nodes.planet-lab.org,planetlab3.wail.wisc.edu,file512KB.txt,2015/09/30 10:18:16,2015/09/30 10:18:53,36609.000000
planetlab-04.vt.nodes.planet-lab.org,planetlab3.wail.wisc.edu,file1MB.txt,2015/09/30 10:18:53,2015/09/30 10:20:08,75260.000000
planetlab-4.eecs.cwru.edu,planetlab3.wail.wisc.edu,file32B.txt,2015/09/30 10:20:08,2015/09/30 10:20:08,291.000000
planetlab-4.eecs.cwru.edu,planetlab3.wail.wisc.edu,file1KB.txt,2015/09/30 10:20:08,2015/09/30 10:20:08,267.000000
planetlab-4.eecs.cwru.edu,planetlab3.wail.wisc.edu,file256KB.txt,2015/09/30 10:20:08,2015/09/30 10:20:28,20394.000000
planetlab-4.eecs.cwru.edu,planetlab3.wail.wisc.edu,file512KB.txt,2015/09/30 10:20:28,2015/09/30 10:21:07,39146.000000
planetlab-4.eecs.cwru.edu,planetlab3.wail.wisc.edu,file1MB.txt,2015/09/30 10:21:07,2015/09/30 10:22:24,76389.000000
planetlab01.cs.washington.edu,planetlab3.wail.wisc.edu,file32B.txt,2015/09/30 10:22:24,2015/09/30 10:22:25,1526.000000
planetlab01.cs.washington.edu,planetlab3.wail.wisc.edu,file1KB.txt,2015/09/30 10:22:25,2015/09/30 10:22:25,467.000000
planetlab01.cs.washington.edu,planetlab3.wail.wisc.edu,file256KB.txt,2015/09/30 10:22:25,2015/09/30 10:23:00,35669.000000
planetlab01.cs.washington.edu,planetlab3.wail.wisc.edu,file512KB.txt,2015/09/30 10:23:00,2015/09/30 10:24:08,67656.000000
planetlab01.cs.washington.edu,planetlab3.wail.wisc.edu,file1MB.txt,2015/09/30 10:24:08,2015/09/30 10:26:24,135634.000000
planetlab02.cs.washington.edu,planetlab3.wail.wisc.edu,file32B.txt,2015/09/30 10:26:24,2015/09/30 10:26:25,1524.000000
planetlab02.cs.washington.edu,planetlab3.wail.wisc.edu,file1KB.txt,2015/09/30 10:26:25,2015/09/30 10:26:25,466.000000
planetlab02.cs.washington.edu,planetlab3.wail.wisc.edu,file256KB.txt,2015/09/30 10:26:25,2015/09/30 10:27:00,35597.000000
planetlab02.cs.washington.edu,planetlab3.wail.wisc.edu,file512KB.txt,2015/09/30 10:27:00,2015/09/30 10:28:08,67534.000000
planetlab02.cs.washington.edu,planetlab3.wail.wisc.edu,file1MB.txt,2015/09/30 10:28:08,2015/09/30 10:30:25,137562.000000
planetlab1.arizona-gigapop.net,planetlab3.wail.wisc.edu,file32B.txt,2015/09/30 10:30:25,2015/09/30 10:30:25,489.000000
planetlab1.arizona-gigapop.net,planetlab3.wail.wisc.edu,file1KB.txt,2015/09/30 10:30:25,2015/09/30 10:30:25,477.000000
planetlab1.arizona-gigapop.net,planetlab3.wail.wisc.edu,file256KB.txt,2015/09/30 10:30:25,2015/09/30 10:31:01,36831.000000
planetlab1.arizona-gigapop.net,planetlab3.wail.wisc.edu,file512KB.txt,2015/09/30 10:31:01,2015/09/30 10:32:11,69896.000000
planetlab1.arizona-gigapop.net,planetlab3.wail.wisc.edu,file1MB.txt,2015/09/30 10:32:11,2015/09/30 10:34:31,140197.000000
planetlab1.cs.unc.edu,planetlab3.wail.wisc.edu,file32B.txt,2015/09/30 10:34:31,2015/09/30 10:34:31,366.000000
planetlab1.cs.unc.edu,planetlab3.wail.wisc.edu,file1KB.txt,2015/09/30 10:34:31,2015/09/30 10:34:31,322.000000
planetlab1.cs.unc.edu,planetlab3.wail.wisc.edu,file256KB.txt,2015/09/30 10:34:31,2015/09/30 10:34:55,24520.000000
planetlab1.cs.unc.edu,planetlab3.wail.wisc.edu,file512KB.txt,2015/09/30 10:34:55,2015/09/30 10:35:41,45308.000000
planetlab1.cs.unc.edu,planetlab3.wail.wisc.edu,file1MB.txt,2015/09/30 10:35:41,2015/09/30 10:37:15,-94681.000000
