ebb.colgate.edu,planetlab2.uta.edu,file32B.txt,2015/09/30 04:13:02,2015/09/30 04:13:08,6407.000000
ebb.colgate.edu,planetlab2.uta.edu,file1KB.txt,2015/09/30 04:13:08,2015/09/30 04:13:09,1088.000000
ebb.colgate.edu,planetlab2.uta.edu,file256KB.txt,2015/09/30 04:13:09,2015/09/30 04:14:04,54410.000000
ebb.colgate.edu,planetlab2.uta.edu,file512KB.txt,2015/09/30 04:14:04,2015/09/30 04:16:15,131444.000000
ebb.colgate.edu,planetlab2.uta.edu,file1MB.txt,2015/09/30 04:16:15,2015/09/30 04:20:11,236396.000000
kc-sce-plab2.umkc.edu,planetlab2.uta.edu,file32B.txt,2015/09/30 04:20:11,2015/09/30 04:20:12,961.000000
kc-sce-plab2.umkc.edu,planetlab2.uta.edu,file1KB.txt,2015/09/30 04:20:12,2015/09/30 04:20:13,937.000000
kc-sce-plab2.umkc.edu,planetlab2.uta.edu,file256KB.txt,2015/09/30 04:20:13,2015/09/30 04:21:34,81009.000000
kc-sce-plab2.umkc.edu,planetlab2.uta.edu,file512KB.txt,2015/09/30 04:21:34,2015/09/30 04:25:17,222468.000000
kc-sce-plab2.umkc.edu,planetlab2.uta.edu,file1MB.txt,2015/09/30 04:25:17,2015/09/30 04:29:10,232667.000000
node1.planetlab.mathcs.emory.edu,planetlab2.uta.edu,file32B.txt,2015/09/30 04:29:10,2015/09/30 04:29:11,1558.000000
node1.planetlab.mathcs.emory.edu,planetlab2.uta.edu,file1KB.txt,2015/09/30 04:29:11,2015/09/30 04:29:11,433.000000
node1.planetlab.mathcs.emory.edu,planetlab2.uta.edu,file256KB.txt,2015/09/30 04:29:11,2015/09/30 04:29:33,22623.000000
node1.planetlab.mathcs.emory.edu,planetlab2.uta.edu,file512KB.txt,2015/09/30 04:29:33,2015/09/30 04:30:15,41827.000000
node1.planetlab.mathcs.emory.edu,planetlab2.uta.edu,file1MB.txt,2015/09/30 04:30:15,2015/09/30 04:31:39,84039.000000
pl3.cs.unm.edu,planetlab2.uta.edu,file32B.txt,2015/09/30 04:32:00,2015/09/30 04:32:01,1446.000000
pl3.cs.unm.edu,planetlab2.uta.edu,file1KB.txt,2015/09/30 04:32:01,2015/09/30 04:32:01,616.000000
pl3.cs.unm.edu,planetlab2.uta.edu,file256KB.txt,2015/09/30 04:32:01,2015/09/30 04:32:28,27017.000000
pl3.cs.unm.edu,planetlab2.uta.edu,file512KB.txt,2015/09/30 04:32:28,2015/09/30 04:33:22,54485.000000
pl3.cs.unm.edu,planetlab2.uta.edu,file1MB.txt,2015/09/30 04:33:22,2015/09/30 04:35:09,107268.000000
plab3.eece.ksu.edu,planetlab2.uta.edu,file32B.txt,2015/09/30 04:35:09,2015/09/30 04:35:09,293.000000
plab3.eece.ksu.edu,planetlab2.uta.edu,file1KB.txt,2015/09/30 04:35:09,2015/09/30 04:35:14,4691.000000
plab3.eece.ksu.edu,planetlab2.uta.edu,file256KB.txt,2015/09/30 04:35:14,2015/09/30 04:35:26,11986.000000
plab3.eece.ksu.edu,planetlab2.uta.edu,file512KB.txt,2015/09/30 04:35:26,2015/09/30 04:35:48,22410.000000
plab3.eece.ksu.edu,planetlab2.uta.edu,file1MB.txt,2015/09/30 04:35:48,2015/09/30 04:36:34,45672.000000
planetlab-02.bu.edu,planetlab2.uta.edu,file32B.txt,2015/09/30 04:36:35,2015/09/30 04:36:38,2446.000000
planetlab-02.bu.edu,planetlab2.uta.edu,file1KB.txt,2015/09/30 04:36:38,2015/09/30 04:36:39,1473.000000
planetlab-02.bu.edu,planetlab2.uta.edu,file256KB.txt,2015/09/30 04:36:39,2015/09/30 04:37:08,28613.000000
planetlab-02.bu.edu,planetlab2.uta.edu,file512KB.txt,2015/09/30 04:37:08,2015/09/30 04:38:06,58749.000000
planetlab-02.bu.edu,planetlab2.uta.edu,file1MB.txt,2015/09/30 04:38:06,2015/09/30 04:40:02,-115833.000000
planetlab1.clemson.edu,planetlab2.uta.edu,file32B.txt,2015/09/30 04:40:23,2015/09/30 04:40:24,1529.000000
planetlab1.clemson.edu,planetlab2.uta.edu,file1KB.txt,2015/09/30 04:40:24,2015/09/30 04:40:24,533.000000
planetlab1.clemson.edu,planetlab2.uta.edu,file256KB.txt,2015/09/30 04:40:24,2015/09/30 04:40:49,24943.000000
planetlab1.clemson.edu,planetlab2.uta.edu,file512KB.txt,2015/09/30 04:40:49,2015/09/30 04:41:43,53870.000000
planetlab1.clemson.edu,planetlab2.uta.edu,file1MB.txt,2015/09/30 04:41:43,2015/09/30 04:43:30,107120.000000
planetlab1.cs.du.edu,planetlab2.uta.edu,file32B.txt,2015/09/30 04:43:41,2015/09/30 04:43:41,482.000000
planetlab1.cs.du.edu,planetlab2.uta.edu,file1KB.txt,2015/09/30 04:43:41,2015/09/30 04:43:42,1531.000000
planetlab1.cs.du.edu,planetlab2.uta.edu,file256KB.txt,2015/09/30 04:43:42,2015/09/30 04:44:10,27927.000000
planetlab1.cs.du.edu,planetlab2.uta.edu,file512KB.txt,2015/09/30 04:44:10,2015/09/30 04:45:01,50703.000000
planetlab1.cs.du.edu,planetlab2.uta.edu,file1MB.txt,2015/09/30 04:45:01,2015/09/30 04:46:33,92407.000000
planetlab-1.cse.ohio-state.edu,planetlab2.uta.edu,file32B.txt,2015/09/30 04:46:33,2015/09/30 04:46:44,11080.000000
planetlab-1.cse.ohio-state.edu,planetlab2.uta.edu,file1KB.txt,2015/09/30 04:46:44,2015/09/30 04:46:55,10783.000000
planetlab-1.cse.ohio-state.edu,planetlab2.uta.edu,file256KB.txt,2015/09/30 04:46:55,2015/09/30 05:07:01,1205755.000000
planetlab-1.cse.ohio-state.edu,planetlab2.uta.edu,file512KB.txt,2015/09/30 05:07:01,2015/09/30 06:07:00,695932.000000
planetlab-1.cse.ohio-state.edu,planetlab2.uta.edu,file1MB.txt,2015/09/30 06:07:00,2015/09/30 08:12:18,-1071822.000000
planetlab1.cs.okstate.edu,planetlab2.uta.edu,file32B.txt,2015/09/30 08:12:18,2015/09/30 08:12:19,1648.000000
planetlab1.cs.okstate.edu,planetlab2.uta.edu,file1KB.txt,2015/09/30 08:12:19,2015/09/30 08:12:19,387.000000
planetlab1.cs.okstate.edu,planetlab2.uta.edu,file256KB.txt,2015/09/30 08:12:19,2015/09/30 08:12:28,9070.000000
planetlab1.cs.okstate.edu,planetlab2.uta.edu,file512KB.txt,2015/09/30 08:12:28,2015/09/30 08:12:45,16458.000000
planetlab1.cs.okstate.edu,planetlab2.uta.edu,file1MB.txt,2015/09/30 08:12:45,2015/09/30 08:13:20,-35061.000000
planetlab1.cs.ucla.edu,planetlab2.uta.edu,file32B.txt,2015/09/30 08:13:20,2015/09/30 08:13:21,1567.000000
planetlab1.cs.ucla.edu,planetlab2.uta.edu,file1KB.txt,2015/09/30 08:13:21,2015/09/30 08:13:21,439.000000
planetlab1.cs.ucla.edu,planetlab2.uta.edu,file256KB.txt,2015/09/30 08:13:21,2015/09/30 08:13:49,28434.000000
planetlab1.cs.ucla.edu,planetlab2.uta.edu,file512KB.txt,2015/09/30 08:13:49,2015/09/30 08:14:30,41011.000000
planetlab1.cs.ucla.edu,planetlab2.uta.edu,file1MB.txt,2015/09/30 08:14:30,2015/09/30 08:15:52,82167.000000
planetlab1.csuohio.edu,planetlab2.uta.edu,file32B.txt,2015/09/30 08:15:52,2015/09/30 08:15:52,534.000000
planetlab1.csuohio.edu,planetlab2.uta.edu,file1KB.txt,2015/09/30 08:15:52,2015/09/30 08:15:53,1483.000000
planetlab1.csuohio.edu,planetlab2.uta.edu,file256KB.txt,2015/09/30 08:15:53,2015/09/30 08:16:26,32779.000000
planetlab1.csuohio.edu,planetlab2.uta.edu,file512KB.txt,2015/09/30 08:16:26,2015/09/30 08:17:31,64624.000000
planetlab1.csuohio.edu,planetlab2.uta.edu,file1MB.txt,2015/09/30 08:17:31,2015/09/30 08:19:23,112285.000000
planetlab1.ucsd.edu,planetlab2.uta.edu,file32B.txt,2015/09/30 08:19:45,2015/09/30 08:19:45,439.000000
planetlab1.ucsd.edu,planetlab2.uta.edu,file1KB.txt,2015/09/30 08:19:45,2015/09/30 08:19:45,446.000000
planetlab1.ucsd.edu,planetlab2.uta.edu,file256KB.txt,2015/09/30 08:19:45,2015/09/30 08:20:13,28589.000000
planetlab1.ucsd.edu,planetlab2.uta.edu,file512KB.txt,2015/09/30 08:20:13,2015/09/30 08:20:59,46027.000000
planetlab1.ucsd.edu,planetlab2.uta.edu,file1MB.txt,2015/09/30 08:20:59,2015/09/30 08:22:40,100490.000000
planetlab2.acis.ufl.edu,planetlab2.uta.edu,file32B.txt,2015/09/30 08:22:40,2015/09/30 08:22:41,1523.000000
planetlab2.acis.ufl.edu,planetlab2.uta.edu,file1KB.txt,2015/09/30 08:22:41,2015/09/30 08:22:41,522.000000
planetlab2.acis.ufl.edu,planetlab2.uta.edu,file256KB.txt,2015/09/30 08:22:41,2015/09/30 08:23:06,25130.000000
planetlab2.acis.ufl.edu,planetlab2.uta.edu,file512KB.txt,2015/09/30 08:23:06,2015/09/30 08:23:56,50167.000000
planetlab2.acis.ufl.edu,planetlab2.uta.edu,file1MB.txt,2015/09/30 08:23:56,2015/09/30 08:25:41,105111.000000
planetlab2.arizona-gigapop.net,planetlab2.uta.edu,file32B.txt,2015/09/30 08:25:41,2015/09/30 08:25:41,382.000000
planetlab2.arizona-gigapop.net,planetlab2.uta.edu,file1KB.txt,2015/09/30 08:25:41,2015/09/30 08:25:42,1639.000000
planetlab2.arizona-gigapop.net,planetlab2.uta.edu,file256KB.txt,2015/09/30 08:25:42,2015/09/30 08:25:58,16041.000000
planetlab2.arizona-gigapop.net,planetlab2.uta.edu,file512KB.txt,2015/09/30 08:25:58,2015/09/30 08:26:29,30263.000000
planetlab2.arizona-gigapop.net,planetlab2.uta.edu,file1MB.txt,2015/09/30 08:26:29,2015/09/30 08:27:32,62961.000000
planetlab2.citadel.edu,planetlab2.uta.edu,file32B.txt,2015/09/30 08:27:32,2015/09/30 08:27:33,1458.000000
planetlab2.citadel.edu,planetlab2.uta.edu,file1KB.txt,2015/09/30 08:27:33,2015/09/30 08:27:34,1447.000000
planetlab2.citadel.edu,planetlab2.uta.edu,file256KB.txt,2015/09/30 08:27:34,2015/09/30 08:28:00,25497.000000
planetlab2.citadel.edu,planetlab2.uta.edu,file512KB.txt,2015/09/30 08:28:00,2015/09/30 08:28:52,51551.000000
planetlab2.citadel.edu,planetlab2.uta.edu,file1MB.txt,2015/09/30 08:28:52,2015/09/30 08:30:37,105399.000000
planetlab2.cs.pitt.edu,planetlab2.uta.edu,file32B.txt,2015/09/30 08:30:37,2015/09/30 08:30:38,1548.000000
planetlab2.cs.pitt.edu,planetlab2.uta.edu,file1KB.txt,2015/09/30 08:30:38,2015/09/30 08:30:38,423.000000
planetlab2.cs.pitt.edu,planetlab2.uta.edu,file256KB.txt,2015/09/30 08:30:38,2015/09/30 08:30:58,20686.000000
planetlab2.cs.pitt.edu,planetlab2.uta.edu,file512KB.txt,2015/09/30 08:30:58,2015/09/30 08:31:36,37627.000000
planetlab2.cs.pitt.edu,planetlab2.uta.edu,file1MB.txt,2015/09/30 08:31:36,2015/09/30 08:32:52,75489.000000
planetlab2.cs.purdue.edu,planetlab2.uta.edu,file32B.txt,2015/09/30 08:32:52,2015/09/30 08:32:54,2382.000000
planetlab2.cs.purdue.edu,planetlab2.uta.edu,file1KB.txt,2015/09/30 08:32:54,2015/09/30 08:32:56,2343.000000
planetlab2.cs.purdue.edu,planetlab2.uta.edu,file256KB.txt,2015/09/30 08:32:56,2015/09/30 08:35:26,149935.000000
planetlab2.cs.purdue.edu,planetlab2.uta.edu,file512KB.txt,2015/09/30 08:35:26,2015/09/30 08:41:14,347932.000000
planetlab2.cs.purdue.edu,planetlab2.uta.edu,file1MB.txt,2015/09/30 08:41:14,2015/09/30 08:51:59,645107.000000
planetlab2.cs.uml.edu,planetlab2.uta.edu,file32B.txt,2015/09/30 08:52:41,2015/09/30 08:52:47,6196.000000
planetlab2.cs.uml.edu,planetlab2.uta.edu,file1KB.txt,2015/09/30 08:52:47,2015/09/30 08:52:48,1186.000000
planetlab2.cs.uml.edu,planetlab2.uta.edu,file256KB.txt,2015/09/30 08:52:48,2015/09/30 08:53:46,58254.000000
planetlab2.cs.uml.edu,planetlab2.uta.edu,file512KB.txt,2015/09/30 08:53:46,2015/09/30 08:55:40,114000.000000
planetlab2.cs.uml.edu,planetlab2.uta.edu,file1MB.txt,2015/09/30 08:55:40,2015/09/30 08:58:00,140125.000000
planetlab2.cs.unc.edu,planetlab2.uta.edu,file32B.txt,2015/09/30 08:58:00,2015/09/30 08:58:00,405.000000
planetlab2.cs.unc.edu,planetlab2.uta.edu,file1KB.txt,2015/09/30 08:58:00,2015/09/30 08:58:00,432.000000
planetlab2.cs.unc.edu,planetlab2.uta.edu,file256KB.txt,2015/09/30 08:58:00,2015/09/30 08:58:24,24127.000000
planetlab2.cs.unc.edu,planetlab2.uta.edu,file512KB.txt,2015/09/30 08:58:24,2015/09/30 08:59:12,48558.000000
planetlab2.cs.unc.edu,planetlab2.uta.edu,file1MB.txt,2015/09/30 08:59:12,2015/09/30 09:00:50,97541.000000
planetlab2.cs.uoregon.edu,planetlab2.uta.edu,file32B.txt,2015/09/30 09:00:50,2015/09/30 09:00:51,1350.000000
planetlab2.cs.uoregon.edu,planetlab2.uta.edu,file1KB.txt,2015/09/30 09:00:51,2015/09/30 09:00:52,1304.000000
planetlab2.cs.uoregon.edu,planetlab2.uta.edu,file256KB.txt,2015/09/30 09:00:52,2015/09/30 09:01:24,31449.000000
planetlab2.cs.uoregon.edu,planetlab2.uta.edu,file512KB.txt,2015/09/30 09:01:24,2015/09/30 09:02:29,65392.000000
planetlab2.cs.uoregon.edu,planetlab2.uta.edu,file1MB.txt,2015/09/30 09:02:29,2015/09/30 09:04:37,127367.000000
planetlab2.temple.edu,planetlab2.uta.edu,file32B.txt,2015/09/30 09:04:37,2015/09/30 09:04:43,6501.000000
planetlab2.temple.edu,planetlab2.uta.edu,file1KB.txt,2015/09/30 09:04:43,2015/09/30 09:04:43,605.000000
planetlab2.temple.edu,planetlab2.uta.edu,file256KB.txt,2015/09/30 09:04:43,2015/09/30 09:05:07,24360.000000
planetlab2.temple.edu,planetlab2.uta.edu,file512KB.txt,2015/09/30 09:05:07,2015/09/30 09:05:54,47051.000000
planetlab2.temple.edu,planetlab2.uta.edu,file1MB.txt,2015/09/30 09:05:54,2015/09/30 09:07:27,92741.000000
planetlab2.unl.edu,planetlab2.uta.edu,file32B.txt,2015/09/30 09:07:27,2015/09/30 09:07:28,1646.000000
planetlab2.unl.edu,planetlab2.uta.edu,file1KB.txt,2015/09/30 09:07:28,2015/09/30 09:07:28,341.000000
planetlab2.unl.edu,planetlab2.uta.edu,file256KB.txt,2015/09/30 09:07:28,2015/09/30 09:07:36,7683.000000
planetlab2.unl.edu,planetlab2.uta.edu,file512KB.txt,2015/09/30 09:07:36,2015/09/30 09:07:52,15995.000000
planetlab2.unl.edu,planetlab2.uta.edu,file1MB.txt,2015/09/30 09:07:52,2015/09/30 09:08:24,32159.000000
planetlab2.unr.edu,planetlab2.uta.edu,file32B.txt,2015/09/30 09:08:24,2015/09/30 09:08:25,1470.000000
planetlab2.unr.edu,planetlab2.uta.edu,file1KB.txt,2015/09/30 09:08:25,2015/09/30 09:08:25,596.000000
planetlab2.unr.edu,planetlab2.uta.edu,file256KB.txt,2015/09/30 09:08:25,2015/09/30 09:08:48,23640.000000
planetlab2.unr.edu,planetlab2.uta.edu,file512KB.txt,2015/09/30 09:08:48,2015/09/30 09:09:31,43077.000000
planetlab2.unr.edu,planetlab2.uta.edu,file1MB.txt,2015/09/30 09:09:31,2015/09/30 09:11:08,96499.000000
planetlab2.uta.edu,planetlab2.uta.edu,file32B.txt,2015/09/30 09:11:08,2015/09/30 09:11:08,2.000000
planetlab2.uta.edu,planetlab2.uta.edu,file1KB.txt,2015/09/30 09:11:08,2015/09/30 09:11:08,1.000000
planetlab2.uta.edu,planetlab2.uta.edu,file256KB.txt,2015/09/30 09:11:08,2015/09/30 09:11:08,36.000000
planetlab2.uta.edu,planetlab2.uta.edu,file512KB.txt,2015/09/30 09:11:08,2015/09/30 09:11:08,66.000000
planetlab2.uta.edu,planetlab2.uta.edu,file1MB.txt,2015/09/30 09:11:08,2015/09/30 09:11:08,129.000000
planetlab2.utdallas.edu,planetlab2.uta.edu,file32B.txt,2015/09/30 09:11:08,2015/09/30 09:11:09,1746.000000
planetlab2.utdallas.edu,planetlab2.uta.edu,file1KB.txt,2015/09/30 09:11:09,2015/09/30 09:11:09,229.000000
planetlab2.utdallas.edu,planetlab2.uta.edu,file256KB.txt,2015/09/30 09:11:09,2015/09/30 09:11:10,853.000000
planetlab2.utdallas.edu,planetlab2.uta.edu,file512KB.txt,2015/09/30 09:11:10,2015/09/30 09:11:12,1912.000000
planetlab2.utdallas.edu,planetlab2.uta.edu,file1MB.txt,2015/09/30 09:11:12,2015/09/30 09:11:16,4115.000000
planetlab3.eecs.umich.edu,planetlab2.uta.edu,file32B.txt,2015/09/30 09:11:16,2015/09/30 09:11:16,419.000000
planetlab3.eecs.umich.edu,planetlab2.uta.edu,file1KB.txt,2015/09/30 09:11:16,2015/09/30 09:11:17,1572.000000
planetlab3.eecs.umich.edu,planetlab2.uta.edu,file256KB.txt,2015/09/30 09:11:17,2015/09/30 09:11:31,13652.000000
planetlab3.eecs.umich.edu,planetlab2.uta.edu,file512KB.txt,2015/09/30 09:11:31,2015/09/30 09:11:59,27804.000000
planetlab3.eecs.umich.edu,planetlab2.uta.edu,file1MB.txt,2015/09/30 09:11:59,2015/09/30 09:12:55,55808.000000
planetlab3.rutgers.edu,planetlab2.uta.edu,file32B.txt,2015/09/30 09:12:55,2015/09/30 09:12:58,3271.000000
planetlab3.rutgers.edu,planetlab2.uta.edu,file1KB.txt,2015/09/30 09:12:58,2015/09/30 09:12:59,1443.000000
planetlab3.rutgers.edu,planetlab2.uta.edu,file256KB.txt,2015/09/30 09:12:59,2015/09/30 09:13:28,28442.000000
planetlab3.rutgers.edu,planetlab2.uta.edu,file512KB.txt,2015/09/30 09:13:28,2015/09/30 09:14:31,63408.000000
planetlab3.rutgers.edu,planetlab2.uta.edu,file1MB.txt,2015/09/30 09:14:31,2015/09/30 09:16:44,132563.000000
planetlab3.wail.wisc.edu,planetlab2.uta.edu,file32B.txt,2015/09/30 09:16:44,2015/09/30 09:16:45,1445.000000
planetlab3.wail.wisc.edu,planetlab2.uta.edu,file1KB.txt,2015/09/30 09:16:45,2015/09/30 09:16:46,1180.000000
planetlab3.wail.wisc.edu,planetlab2.uta.edu,file256KB.txt,2015/09/30 09:16:46,2015/09/30 09:17:16,29697.000000
planetlab3.wail.wisc.edu,planetlab2.uta.edu,file512KB.txt,2015/09/30 09:17:16,2015/09/30 09:18:08,51952.000000
planetlab3.wail.wisc.edu,planetlab2.uta.edu,file1MB.txt,2015/09/30 09:18:08,2015/09/30 09:19:53,105096.000000
planetlab4.tamu.edu,planetlab2.uta.edu,file32B.txt,2015/09/30 09:19:53,2015/09/30 09:19:53,286.000000
planetlab4.tamu.edu,planetlab2.uta.edu,file1KB.txt,2015/09/30 09:19:53,2015/09/30 09:19:54,1743.000000
planetlab4.tamu.edu,planetlab2.uta.edu,file256KB.txt,2015/09/30 09:19:54,2015/09/30 09:19:56,1284.000000
planetlab4.tamu.edu,planetlab2.uta.edu,file512KB.txt,2015/09/30 09:19:56,2015/09/30 09:20:01,4753.000000
planetlab4.tamu.edu,planetlab2.uta.edu,file1MB.txt,2015/09/30 09:20:01,2015/09/30 09:20:12,11530.000000
planetlab-5.eecs.cwru.edu,planetlab2.uta.edu,file32B.txt,2015/09/30 09:20:12,2015/09/30 09:20:13,1419.000000
planetlab-5.eecs.cwru.edu,planetlab2.uta.edu,file1KB.txt,2015/09/30 09:20:13,2015/09/30 09:20:13,509.000000
planetlab-5.eecs.cwru.edu,planetlab2.uta.edu,file256KB.txt,2015/09/30 09:20:13,2015/09/30 09:20:43,29728.000000
planetlab-5.eecs.cwru.edu,planetlab2.uta.edu,file512KB.txt,2015/09/30 09:20:43,2015/09/30 09:21:38,55430.000000
planetlab-5.eecs.cwru.edu,planetlab2.uta.edu,file1MB.txt,2015/09/30 09:21:38,2015/09/30 09:23:29,110544.000000
planetlabone.ccs.neu.edu,planetlab2.uta.edu,file32B.txt,2015/09/30 09:23:29,2015/09/30 09:23:30,1440.000000
planetlabone.ccs.neu.edu,planetlab2.uta.edu,file1KB.txt,2015/09/30 09:23:30,2015/09/30 09:23:31,1346.000000
planetlabone.ccs.neu.edu,planetlab2.uta.edu,file256KB.txt,2015/09/30 09:23:31,2015/09/30 09:23:54,22747.000000
planetlabone.ccs.neu.edu,planetlab2.uta.edu,file512KB.txt,2015/09/30 09:23:54,2015/09/30 09:24:40,45941.000000
planetlabone.ccs.neu.edu,planetlab2.uta.edu,file1MB.txt,2015/09/30 09:24:40,2015/09/30 09:26:12,-91844.000000
pl-node-0.csl.sri.com,planetlab2.uta.edu,file32B.txt,2015/09/30 09:26:12,2015/09/30 09:26:13,1304.000000
pl-node-0.csl.sri.com,planetlab2.uta.edu,file1KB.txt,2015/09/30 09:26:13,2015/09/30 09:26:14,1017.000000
pl-node-0.csl.sri.com,planetlab2.uta.edu,file256KB.txt,2015/09/30 09:26:14,2015/09/30 09:27:08,53872.000000
pl-node-0.csl.sri.com,planetlab2.uta.edu,file512KB.txt,2015/09/30 09:27:08,2015/09/30 09:28:58,109453.000000
pl-node-0.csl.sri.com,planetlab2.uta.edu,file1MB.txt,2015/09/30 09:28:58,2015/09/30 09:32:32,214247.000000
ricepl-5.cs.rice.edu,planetlab2.uta.edu,file32B.txt,2015/09/30 09:32:32,2015/09/30 09:32:33,1735.000000
ricepl-5.cs.rice.edu,planetlab2.uta.edu,file1KB.txt,2015/09/30 09:32:33,2015/09/30 09:32:33,249.000000
ricepl-5.cs.rice.edu,planetlab2.uta.edu,file256KB.txt,2015/09/30 09:32:33,2015/09/30 09:32:37,4361.000000
ricepl-5.cs.rice.edu,planetlab2.uta.edu,file512KB.txt,2015/09/30 09:32:37,2015/09/30 09:32:44,7021.000000
ricepl-5.cs.rice.edu,planetlab2.uta.edu,file1MB.txt,2015/09/30 09:32:44,2015/09/30 09:32:57,12205.000000
salt.planetlab.cs.umd.edu,planetlab2.uta.edu,file32B.txt,2015/09/30 09:32:57,2015/09/30 09:33:08,11502.000000
salt.planetlab.cs.umd.edu,planetlab2.uta.edu,file1KB.txt,2015/09/30 09:33:08,2015/09/30 09:33:08,484.000000
salt.planetlab.cs.umd.edu,planetlab2.uta.edu,file256KB.txt,2015/09/30 09:33:08,2015/09/30 09:33:42,34763.000000
salt.planetlab.cs.umd.edu,planetlab2.uta.edu,file512KB.txt,2015/09/30 09:33:42,2015/09/30 09:34:40,57453.000000
salt.planetlab.cs.umd.edu,planetlab2.uta.edu,file1MB.txt,2015/09/30 09:34:40,2015/09/30 09:36:29,109308.000000
pl1.eecs.utk.edu,planetlab2.uta.edu,file32B.txt,2015/09/30 09:36:29,2015/09/30 09:36:32,3361.000000
pl1.eecs.utk.edu,planetlab2.uta.edu,file1KB.txt,2015/09/30 09:36:32,2015/09/30 09:36:33,427.000000
pl1.eecs.utk.edu,planetlab2.uta.edu,file256KB.txt,2015/09/30 09:36:33,2015/09/30 09:40:53,260405.000000
pl1.eecs.utk.edu,planetlab2.uta.edu,file512KB.txt,2015/09/30 09:40:53,2015/09/30 09:50:06,552560.000000
pl1.eecs.utk.edu,planetlab2.uta.edu,file1MB.txt,2015/09/30 09:50:06,2015/09/30 10:12:48,1361846.000000
planetlab-01.vt.nodes.planet-lab.org,planetlab2.uta.edu,file32B.txt,2015/09/30 10:12:48,2015/09/30 10:12:49,1449.000000
planetlab-01.vt.nodes.planet-lab.org,planetlab2.uta.edu,file1KB.txt,2015/09/30 10:12:49,2015/09/30 10:12:50,1211.000000
planetlab-01.vt.nodes.planet-lab.org,planetlab2.uta.edu,file256KB.txt,2015/09/30 10:12:50,2015/09/30 10:13:19,28560.000000
planetlab-01.vt.nodes.planet-lab.org,planetlab2.uta.edu,file512KB.txt,2015/09/30 10:13:19,2015/09/30 10:14:14,54850.000000
planetlab-01.vt.nodes.planet-lab.org,planetlab2.uta.edu,file1MB.txt,2015/09/30 10:14:14,2015/09/30 10:16:05,111095.000000
planetlab-04.vt.nodes.planet-lab.org,planetlab2.uta.edu,file32B.txt,2015/09/30 10:16:05,2015/09/30 10:16:06,1476.000000
planetlab-04.vt.nodes.planet-lab.org,planetlab2.uta.edu,file1KB.txt,2015/09/30 10:16:06,2015/09/30 10:16:06,491.000000
planetlab-04.vt.nodes.planet-lab.org,planetlab2.uta.edu,file256KB.txt,2015/09/30 10:16:06,2015/09/30 10:16:31,25608.000000
planetlab-04.vt.nodes.planet-lab.org,planetlab2.uta.edu,file512KB.txt,2015/09/30 10:16:31,2015/09/30 10:17:19,47628.000000
planetlab-04.vt.nodes.planet-lab.org,planetlab2.uta.edu,file1MB.txt,2015/09/30 10:17:19,2015/09/30 10:18:55,95756.000000
planetlab-4.eecs.cwru.edu,planetlab2.uta.edu,file32B.txt,2015/09/30 10:18:55,2015/09/30 10:18:56,1229.000000
planetlab-4.eecs.cwru.edu,planetlab2.uta.edu,file1KB.txt,2015/09/30 10:18:56,2015/09/30 10:18:57,1198.000000
planetlab-4.eecs.cwru.edu,planetlab2.uta.edu,file256KB.txt,2015/09/30 10:18:57,2015/09/30 10:19:25,27586.000000
planetlab-4.eecs.cwru.edu,planetlab2.uta.edu,file512KB.txt,2015/09/30 10:19:25,2015/09/30 10:20:23,58159.000000
planetlab-4.eecs.cwru.edu,planetlab2.uta.edu,file1MB.txt,2015/09/30 10:20:23,2015/09/30 10:22:16,113035.000000
planetlab01.cs.washington.edu,planetlab2.uta.edu,file32B.txt,2015/09/30 10:22:16,2015/09/30 10:22:17,1367.000000
planetlab01.cs.washington.edu,planetlab2.uta.edu,file1KB.txt,2015/09/30 10:22:17,2015/09/30 10:22:17,633.000000
planetlab01.cs.washington.edu,planetlab2.uta.edu,file256KB.txt,2015/09/30 10:22:17,2015/09/30 10:22:48,31365.000000
planetlab01.cs.washington.edu,planetlab2.uta.edu,file512KB.txt,2015/09/30 10:22:48,2015/09/30 10:23:52,63778.000000
planetlab01.cs.washington.edu,planetlab2.uta.edu,file1MB.txt,2015/09/30 10:23:52,2015/09/30 10:25:57,125401.000000
planetlab02.cs.washington.edu,planetlab2.uta.edu,file32B.txt,2015/09/30 10:25:57,2015/09/30 10:25:57,565.000000
planetlab02.cs.washington.edu,planetlab2.uta.edu,file1KB.txt,2015/09/30 10:25:57,2015/09/30 10:25:58,1450.000000
planetlab02.cs.washington.edu,planetlab2.uta.edu,file256KB.txt,2015/09/30 10:25:58,2015/09/30 10:26:30,32116.000000
planetlab02.cs.washington.edu,planetlab2.uta.edu,file512KB.txt,2015/09/30 10:26:30,2015/09/30 10:27:30,59719.000000
planetlab02.cs.washington.edu,planetlab2.uta.edu,file1MB.txt,2015/09/30 10:27:30,2015/09/30 10:29:38,127920.000000
planetlab1.arizona-gigapop.net,planetlab2.uta.edu,file32B.txt,2015/09/30 10:29:38,2015/09/30 10:29:39,1628.000000
planetlab1.arizona-gigapop.net,planetlab2.uta.edu,file1KB.txt,2015/09/30 10:29:39,2015/09/30 10:29:39,415.000000
planetlab1.arizona-gigapop.net,planetlab2.uta.edu,file256KB.txt,2015/09/30 10:29:39,2015/09/30 10:29:55,15960.000000
planetlab1.arizona-gigapop.net,planetlab2.uta.edu,file512KB.txt,2015/09/30 10:29:55,2015/09/30 10:30:32,37363.000000
planetlab1.arizona-gigapop.net,planetlab2.uta.edu,file1MB.txt,2015/09/30 10:30:32,2015/09/30 10:31:34,61391.000000
planetlab1.cs.unc.edu,planetlab2.uta.edu,file32B.txt,2015/09/30 10:31:34,2015/09/30 10:31:35,1619.000000
planetlab1.cs.unc.edu,planetlab2.uta.edu,file1KB.txt,2015/09/30 10:31:35,2015/09/30 10:31:35,405.000000
planetlab1.cs.unc.edu,planetlab2.uta.edu,file256KB.txt,2015/09/30 10:31:35,2015/09/30 10:32:05,30009.000000
planetlab1.cs.unc.edu,planetlab2.uta.edu,file512KB.txt,2015/09/30 10:32:05,2015/09/30 10:33:07,61599.000000
planetlab1.cs.unc.edu,planetlab2.uta.edu,file1MB.txt,2015/09/30 10:33:07,2015/09/30 10:35:13,126232.000000
