ebb.colgate.edu,pl1.eecs.utk.edu,file32B.txt,2015/09/30 04:13:42,2015/09/30 04:13:43,1292.000000
ebb.colgate.edu,pl1.eecs.utk.edu,file1KB.txt,2015/09/30 04:13:43,2015/09/30 04:13:47,4061.000000
ebb.colgate.edu,pl1.eecs.utk.edu,file256KB.txt,2015/09/30 04:13:47,2015/09/30 04:14:43,56136.000000
ebb.colgate.edu,pl1.eecs.utk.edu,file512KB.txt,2015/09/30 04:14:43,2015/09/30 04:16:55,132299.000000
ebb.colgate.edu,pl1.eecs.utk.edu,file1MB.txt,2015/09/30 04:16:55,2015/09/30 04:20:57,242060.000000
kc-sce-plab2.umkc.edu,pl1.eecs.utk.edu,file32B.txt,2015/09/30 04:20:57,2015/09/30 04:20:58,607.000000
kc-sce-plab2.umkc.edu,pl1.eecs.utk.edu,file1KB.txt,2015/09/30 04:20:58,2015/09/30 04:21:00,2240.000000
kc-sce-plab2.umkc.edu,pl1.eecs.utk.edu,file256KB.txt,2015/09/30 04:21:00,2015/09/30 04:23:13,133062.000000
kc-sce-plab2.umkc.edu,pl1.eecs.utk.edu,file512KB.txt,2015/09/30 04:23:13,2015/09/30 04:26:41,207493.000000
kc-sce-plab2.umkc.edu,pl1.eecs.utk.edu,file1MB.txt,2015/09/30 04:26:41,2015/09/30 04:30:19,218128.000000
node1.planetlab.mathcs.emory.edu,pl1.eecs.utk.edu,file32B.txt,2015/09/30 04:30:19,2015/09/30 04:30:20,1460.000000
node1.planetlab.mathcs.emory.edu,pl1.eecs.utk.edu,file1KB.txt,2015/09/30 04:30:20,2015/09/30 04:30:20,639.000000
node1.planetlab.mathcs.emory.edu,pl1.eecs.utk.edu,file256KB.txt,2015/09/30 04:30:20,2015/09/30 04:30:54,33822.000000
node1.planetlab.mathcs.emory.edu,pl1.eecs.utk.edu,file512KB.txt,2015/09/30 04:30:54,2015/09/30 04:31:56,61966.000000
node1.planetlab.mathcs.emory.edu,pl1.eecs.utk.edu,file1MB.txt,2015/09/30 04:31:56,2015/09/30 04:33:45,109207.000000
pl3.cs.unm.edu,pl1.eecs.utk.edu,file32B.txt,2015/09/30 04:34:07,2015/09/30 04:34:07,675.000000
pl3.cs.unm.edu,pl1.eecs.utk.edu,file1KB.txt,2015/09/30 04:34:07,2015/09/30 04:34:08,1260.000000
pl3.cs.unm.edu,pl1.eecs.utk.edu,file256KB.txt,2015/09/30 04:34:08,2015/09/30 04:34:48,40257.000000
pl3.cs.unm.edu,pl1.eecs.utk.edu,file512KB.txt,2015/09/30 04:34:48,2015/09/30 04:36:05,76559.000000
pl3.cs.unm.edu,pl1.eecs.utk.edu,file1MB.txt,2015/09/30 04:36:05,2015/09/30 04:38:43,-158079.000000
plab3.eece.ksu.edu,pl1.eecs.utk.edu,file32B.txt,2015/09/30 04:38:43,2015/09/30 04:38:44,1387.000000
plab3.eece.ksu.edu,pl1.eecs.utk.edu,file1KB.txt,2015/09/30 04:38:44,2015/09/30 04:38:44,713.000000
plab3.eece.ksu.edu,pl1.eecs.utk.edu,file256KB.txt,2015/09/30 04:38:44,2015/09/30 04:39:18,34812.000000
plab3.eece.ksu.edu,pl1.eecs.utk.edu,file512KB.txt,2015/09/30 04:39:18,2015/09/30 04:40:23,64330.000000
plab3.eece.ksu.edu,pl1.eecs.utk.edu,file1MB.txt,2015/09/30 04:40:23,2015/09/30 04:42:48,145253.000000
planetlab-02.bu.edu,pl1.eecs.utk.edu,file32B.txt,2015/09/30 04:42:48,2015/09/30 04:42:49,1364.000000
planetlab-02.bu.edu,pl1.eecs.utk.edu,file1KB.txt,2015/09/30 04:42:49,2015/09/30 04:42:50,1275.000000
planetlab-02.bu.edu,pl1.eecs.utk.edu,file256KB.txt,2015/09/30 04:42:50,2015/09/30 04:43:19,29007.000000
planetlab-02.bu.edu,pl1.eecs.utk.edu,file512KB.txt,2015/09/30 04:43:19,2015/09/30 04:44:15,55330.000000
planetlab-02.bu.edu,pl1.eecs.utk.edu,file1MB.txt,2015/09/30 04:44:15,2015/09/30 04:46:06,110968.000000
planetlab1.clemson.edu,pl1.eecs.utk.edu,file32B.txt,2015/09/30 04:46:28,2015/09/30 04:46:29,1507.000000
planetlab1.clemson.edu,pl1.eecs.utk.edu,file1KB.txt,2015/09/30 04:46:29,2015/09/30 04:46:29,473.000000
planetlab1.clemson.edu,pl1.eecs.utk.edu,file256KB.txt,2015/09/30 04:46:29,2015/09/30 04:46:52,22606.000000
planetlab1.clemson.edu,pl1.eecs.utk.edu,file512KB.txt,2015/09/30 04:46:52,2015/09/30 04:47:36,44391.000000
planetlab1.clemson.edu,pl1.eecs.utk.edu,file1MB.txt,2015/09/30 04:47:36,2015/09/30 04:49:01,85111.000000
planetlab1.cs.du.edu,pl1.eecs.utk.edu,file32B.txt,2015/09/30 04:49:01,2015/09/30 04:49:02,1379.000000
planetlab1.cs.du.edu,pl1.eecs.utk.edu,file1KB.txt,2015/09/30 04:49:02,2015/09/30 04:49:03,1216.000000
planetlab1.cs.du.edu,pl1.eecs.utk.edu,file256KB.txt,2015/09/30 04:49:03,2015/09/30 04:49:40,37020.000000
planetlab1.cs.du.edu,pl1.eecs.utk.edu,file512KB.txt,2015/09/30 04:49:40,2015/09/30 04:50:56,75491.000000
planetlab1.cs.du.edu,pl1.eecs.utk.edu,file1MB.txt,2015/09/30 04:50:56,2015/09/30 04:53:51,175457.000000
planetlab-1.cse.ohio-state.edu,pl1.eecs.utk.edu,file32B.txt,2015/09/30 04:53:51,2015/09/30 04:53:57,5837.000000
planetlab-1.cse.ohio-state.edu,pl1.eecs.utk.edu,file1KB.txt,2015/09/30 04:53:57,2015/09/30 04:54:04,6636.000000
planetlab-1.cse.ohio-state.edu,pl1.eecs.utk.edu,file256KB.txt,2015/09/30 04:54:04,2015/09/30 05:14:54,1250015.000000
planetlab-1.cse.ohio-state.edu,pl1.eecs.utk.edu,file512KB.txt,2015/09/30 05:14:54,2015/09/30 05:56:46,1782437.000000
planetlab-1.cse.ohio-state.edu,pl1.eecs.utk.edu,file1MB.txt,2015/09/30 05:56:46,2015/09/30 07:15:39,437751.000000
planetlab1.cs.okstate.edu,pl1.eecs.utk.edu,file32B.txt,2015/09/30 07:15:39,2015/09/30 07:15:40,1302.000000
planetlab1.cs.okstate.edu,pl1.eecs.utk.edu,file1KB.txt,2015/09/30 07:15:40,2015/09/30 07:15:41,1299.000000
planetlab1.cs.okstate.edu,pl1.eecs.utk.edu,file256KB.txt,2015/09/30 07:15:41,2015/09/30 07:16:13,31413.000000
planetlab1.cs.okstate.edu,pl1.eecs.utk.edu,file512KB.txt,2015/09/30 07:16:13,2015/09/30 07:17:26,73428.000000
planetlab1.cs.okstate.edu,pl1.eecs.utk.edu,file1MB.txt,2015/09/30 07:17:26,2015/09/30 07:19:55,149161.000000
planetlab1.cs.ucla.edu,pl1.eecs.utk.edu,file32B.txt,2015/09/30 07:19:55,2015/09/30 07:19:55,850.000000
planetlab1.cs.ucla.edu,pl1.eecs.utk.edu,file1KB.txt,2015/09/30 07:19:55,2015/09/30 07:19:56,1199.000000
planetlab1.cs.ucla.edu,pl1.eecs.utk.edu,file256KB.txt,2015/09/30 07:19:56,2015/09/30 07:20:43,47071.000000
planetlab1.cs.ucla.edu,pl1.eecs.utk.edu,file512KB.txt,2015/09/30 07:20:43,2015/09/30 07:22:14,90901.000000
planetlab1.cs.ucla.edu,pl1.eecs.utk.edu,file1MB.txt,2015/09/30 07:22:14,2015/09/30 07:25:42,208483.000000
planetlab1.csuohio.edu,pl1.eecs.utk.edu,file32B.txt,2015/09/30 07:25:42,2015/09/30 07:25:43,1088.000000
planetlab1.csuohio.edu,pl1.eecs.utk.edu,file1KB.txt,2015/09/30 07:25:43,2015/09/30 07:25:44,631.000000
planetlab1.csuohio.edu,pl1.eecs.utk.edu,file256KB.txt,2015/09/30 07:25:44,2015/09/30 07:26:29,44705.000000
planetlab1.csuohio.edu,pl1.eecs.utk.edu,file512KB.txt,2015/09/30 07:26:29,2015/09/30 07:27:43,74759.000000
planetlab1.csuohio.edu,pl1.eecs.utk.edu,file1MB.txt,2015/09/30 07:27:43,2015/09/30 07:29:53,129192.000000
planetlab1.ucsd.edu,pl1.eecs.utk.edu,file32B.txt,2015/09/30 07:30:15,2015/09/30 07:30:16,1198.000000
planetlab1.ucsd.edu,pl1.eecs.utk.edu,file1KB.txt,2015/09/30 07:30:16,2015/09/30 07:30:16,705.000000
planetlab1.ucsd.edu,pl1.eecs.utk.edu,file256KB.txt,2015/09/30 07:30:16,2015/09/30 07:30:59,43817.000000
planetlab1.ucsd.edu,pl1.eecs.utk.edu,file512KB.txt,2015/09/30 07:30:59,2015/09/30 07:32:25,85714.000000
planetlab1.ucsd.edu,pl1.eecs.utk.edu,file1MB.txt,2015/09/30 07:32:25,2015/09/30 07:35:15,169971.000000
planetlab2.acis.ufl.edu,pl1.eecs.utk.edu,file32B.txt,2015/09/30 07:35:15,2015/09/30 07:35:15,385.000000
planetlab2.acis.ufl.edu,pl1.eecs.utk.edu,file1KB.txt,2015/09/30 07:35:15,2015/09/30 07:35:16,1641.000000
planetlab2.acis.ufl.edu,pl1.eecs.utk.edu,file256KB.txt,2015/09/30 07:35:16,2015/09/30 07:35:34,17509.000000
planetlab2.acis.ufl.edu,pl1.eecs.utk.edu,file512KB.txt,2015/09/30 07:35:34,2015/09/30 07:36:12,38523.000000
planetlab2.acis.ufl.edu,pl1.eecs.utk.edu,file1MB.txt,2015/09/30 07:36:12,2015/09/30 07:37:31,78476.000000
planetlab2.arizona-gigapop.net,pl1.eecs.utk.edu,file32B.txt,2015/09/30 07:37:31,2015/09/30 07:37:32,1194.000000
planetlab2.arizona-gigapop.net,pl1.eecs.utk.edu,file1KB.txt,2015/09/30 07:37:32,2015/09/30 07:37:33,1169.000000
planetlab2.arizona-gigapop.net,pl1.eecs.utk.edu,file256KB.txt,2015/09/30 07:37:33,2015/09/30 07:38:12,38423.000000
planetlab2.arizona-gigapop.net,pl1.eecs.utk.edu,file512KB.txt,2015/09/30 07:38:12,2015/09/30 07:39:31,79345.000000
planetlab2.arizona-gigapop.net,pl1.eecs.utk.edu,file1MB.txt,2015/09/30 07:39:31,2015/09/30 07:42:06,154828.000000
planetlab2.citadel.edu,pl1.eecs.utk.edu,file32B.txt,2015/09/30 07:42:06,2015/09/30 07:42:06,359.000000
planetlab2.citadel.edu,pl1.eecs.utk.edu,file1KB.txt,2015/09/30 07:42:06,2015/09/30 07:42:07,1578.000000
planetlab2.citadel.edu,pl1.eecs.utk.edu,file256KB.txt,2015/09/30 07:42:07,2015/09/30 07:42:34,27023.000000
planetlab2.citadel.edu,pl1.eecs.utk.edu,file512KB.txt,2015/09/30 07:42:34,2015/09/30 07:43:20,46311.000000
planetlab2.citadel.edu,pl1.eecs.utk.edu,file1MB.txt,2015/09/30 07:43:20,2015/09/30 07:44:52,91957.000000
planetlab2.cs.pitt.edu,pl1.eecs.utk.edu,file32B.txt,2015/09/30 07:44:52,2015/09/30 07:44:52,495.000000
planetlab2.cs.pitt.edu,pl1.eecs.utk.edu,file1KB.txt,2015/09/30 07:44:52,2015/09/30 07:44:53,1524.000000
planetlab2.cs.pitt.edu,pl1.eecs.utk.edu,file256KB.txt,2015/09/30 07:44:53,2015/09/30 07:45:20,27149.000000
planetlab2.cs.pitt.edu,pl1.eecs.utk.edu,file512KB.txt,2015/09/30 07:45:20,2015/09/30 07:46:05,44591.000000
planetlab2.cs.pitt.edu,pl1.eecs.utk.edu,file1MB.txt,2015/09/30 07:46:05,2015/09/30 07:47:38,93583.000000
planetlab2.cs.purdue.edu,pl1.eecs.utk.edu,file32B.txt,2015/09/30 07:47:38,2015/09/30 07:47:38,556.000000
planetlab2.cs.purdue.edu,pl1.eecs.utk.edu,file1KB.txt,2015/09/30 07:47:38,2015/09/30 07:47:39,1498.000000
planetlab2.cs.purdue.edu,pl1.eecs.utk.edu,file256KB.txt,2015/09/30 07:47:39,2015/09/30 07:48:09,29561.000000
planetlab2.cs.purdue.edu,pl1.eecs.utk.edu,file512KB.txt,2015/09/30 07:48:09,2015/09/30 07:49:11,61899.000000
planetlab2.cs.purdue.edu,pl1.eecs.utk.edu,file1MB.txt,2015/09/30 07:49:11,2015/09/30 07:51:19,128243.000000
planetlab2.cs.uml.edu,pl1.eecs.utk.edu,file32B.txt,2015/09/30 07:52:02,2015/09/30 07:52:03,956.000000
planetlab2.cs.uml.edu,pl1.eecs.utk.edu,file1KB.txt,2015/09/30 07:52:03,2015/09/30 07:52:04,808.000000
planetlab2.cs.uml.edu,pl1.eecs.utk.edu,file256KB.txt,2015/09/30 07:52:04,2015/09/30 07:52:56,51505.000000
planetlab2.cs.uml.edu,pl1.eecs.utk.edu,file512KB.txt,2015/09/30 07:52:56,2015/09/30 07:54:20,84628.000000
planetlab2.cs.uml.edu,pl1.eecs.utk.edu,file1MB.txt,2015/09/30 07:54:20,2015/09/30 07:57:09,168565.000000
planetlab2.cs.unc.edu,pl1.eecs.utk.edu,file32B.txt,2015/09/30 07:57:09,2015/09/30 07:57:09,325.000000
planetlab2.cs.unc.edu,pl1.eecs.utk.edu,file1KB.txt,2015/09/30 07:57:09,2015/09/30 07:57:10,1564.000000
planetlab2.cs.unc.edu,pl1.eecs.utk.edu,file256KB.txt,2015/09/30 07:57:10,2015/09/30 07:57:32,21964.000000
planetlab2.cs.unc.edu,pl1.eecs.utk.edu,file512KB.txt,2015/09/30 07:57:32,2015/09/30 07:58:19,46752.000000
planetlab2.cs.unc.edu,pl1.eecs.utk.edu,file1MB.txt,2015/09/30 07:58:19,2015/09/30 07:59:47,88488.000000
planetlab2.cs.uoregon.edu,pl1.eecs.utk.edu,file32B.txt,2015/09/30 07:59:47,2015/09/30 07:59:47,831.000000
planetlab2.cs.uoregon.edu,pl1.eecs.utk.edu,file1KB.txt,2015/09/30 07:59:47,2015/09/30 07:59:48,1125.000000
planetlab2.cs.uoregon.edu,pl1.eecs.utk.edu,file256KB.txt,2015/09/30 07:59:48,2015/09/30 08:00:39,50898.000000
planetlab2.cs.uoregon.edu,pl1.eecs.utk.edu,file512KB.txt,2015/09/30 08:00:39,2015/09/30 08:02:28,109679.000000
planetlab2.cs.uoregon.edu,pl1.eecs.utk.edu,file1MB.txt,2015/09/30 08:02:28,2015/09/30 08:06:03,215163.000000
planetlab2.temple.edu,pl1.eecs.utk.edu,file32B.txt,2015/09/30 08:06:03,2015/09/30 08:06:03,739.000000
planetlab2.temple.edu,pl1.eecs.utk.edu,file1KB.txt,2015/09/30 08:06:03,2015/09/30 08:06:04,1171.000000
planetlab2.temple.edu,pl1.eecs.utk.edu,file256KB.txt,2015/09/30 08:06:04,2015/09/30 08:06:39,34845.000000
planetlab2.temple.edu,pl1.eecs.utk.edu,file512KB.txt,2015/09/30 08:06:39,2015/09/30 08:07:46,67639.000000
planetlab2.temple.edu,pl1.eecs.utk.edu,file1MB.txt,2015/09/30 08:07:46,2015/09/30 08:09:50,123884.000000
planetlab2.unl.edu,pl1.eecs.utk.edu,file32B.txt,2015/09/30 08:09:50,2015/09/30 08:09:50,644.000000
planetlab2.unl.edu,pl1.eecs.utk.edu,file1KB.txt,2015/09/30 08:09:50,2015/09/30 08:09:51,1188.000000
planetlab2.unl.edu,pl1.eecs.utk.edu,file256KB.txt,2015/09/30 08:09:51,2015/09/30 08:10:31,40291.000000
planetlab2.unl.edu,pl1.eecs.utk.edu,file512KB.txt,2015/09/30 08:10:31,2015/09/30 08:11:57,85728.000000
planetlab2.unl.edu,pl1.eecs.utk.edu,file1MB.txt,2015/09/30 08:11:57,2015/09/30 08:14:26,-149559.000000
planetlab2.unr.edu,pl1.eecs.utk.edu,file32B.txt,2015/09/30 08:14:26,2015/09/30 08:14:27,976.000000
planetlab2.unr.edu,pl1.eecs.utk.edu,file1KB.txt,2015/09/30 08:14:27,2015/09/30 08:14:28,1091.000000
planetlab2.unr.edu,pl1.eecs.utk.edu,file256KB.txt,2015/09/30 08:14:28,2015/09/30 08:15:14,45794.000000
planetlab2.unr.edu,pl1.eecs.utk.edu,file512KB.txt,2015/09/30 08:15:14,2015/09/30 08:16:48,93785.000000
planetlab2.unr.edu,pl1.eecs.utk.edu,file1MB.txt,2015/09/30 08:16:48,2015/09/30 08:19:53,184912.000000
planetlab2.uta.edu,pl1.eecs.utk.edu,file32B.txt,2015/09/30 08:19:53,2015/09/30 08:19:54,987.000000
planetlab2.uta.edu,pl1.eecs.utk.edu,file1KB.txt,2015/09/30 08:19:54,2015/09/30 08:19:55,1033.000000
planetlab2.uta.edu,pl1.eecs.utk.edu,file256KB.txt,2015/09/30 08:19:55,2015/09/30 08:21:01,66052.000000
planetlab2.uta.edu,pl1.eecs.utk.edu,file512KB.txt,2015/09/30 08:21:01,2015/09/30 08:23:21,140335.000000
planetlab2.uta.edu,pl1.eecs.utk.edu,file1MB.txt,2015/09/30 08:23:21,2015/09/30 08:26:02,160918.000000
planetlab2.utdallas.edu,pl1.eecs.utk.edu,file32B.txt,2015/09/30 08:26:02,2015/09/30 08:26:03,1366.000000
planetlab2.utdallas.edu,pl1.eecs.utk.edu,file1KB.txt,2015/09/30 08:26:03,2015/09/30 08:26:03,867.000000
planetlab2.utdallas.edu,pl1.eecs.utk.edu,file256KB.txt,2015/09/30 08:26:03,2015/09/30 08:26:37,34052.000000
planetlab2.utdallas.edu,pl1.eecs.utk.edu,file512KB.txt,2015/09/30 08:26:37,2015/09/30 08:27:45,68205.000000
planetlab2.utdallas.edu,pl1.eecs.utk.edu,file1MB.txt,2015/09/30 08:27:45,2015/09/30 08:30:00,134969.000000
planetlab3.eecs.umich.edu,pl1.eecs.utk.edu,file32B.txt,2015/09/30 08:30:00,2015/09/30 08:30:01,1323.000000
planetlab3.eecs.umich.edu,pl1.eecs.utk.edu,file1KB.txt,2015/09/30 08:30:01,2015/09/30 08:30:02,1183.000000
planetlab3.eecs.umich.edu,pl1.eecs.utk.edu,file256KB.txt,2015/09/30 08:30:02,2015/09/30 08:30:37,34931.000000
planetlab3.eecs.umich.edu,pl1.eecs.utk.edu,file512KB.txt,2015/09/30 08:30:37,2015/09/30 08:31:46,68832.000000
planetlab3.eecs.umich.edu,pl1.eecs.utk.edu,file1MB.txt,2015/09/30 08:31:46,2015/09/30 08:33:58,131470.000000
planetlab3.rutgers.edu,pl1.eecs.utk.edu,file32B.txt,2015/09/30 08:33:58,2015/09/30 08:34:00,2867.000000
planetlab3.rutgers.edu,pl1.eecs.utk.edu,file1KB.txt,2015/09/30 08:34:00,2015/09/30 08:34:01,698.000000
planetlab3.rutgers.edu,pl1.eecs.utk.edu,file256KB.txt,2015/09/30 08:34:01,2015/09/30 08:35:16,75034.000000
planetlab3.rutgers.edu,pl1.eecs.utk.edu,file512KB.txt,2015/09/30 08:35:16,2015/09/30 08:37:36,140236.000000
planetlab3.rutgers.edu,pl1.eecs.utk.edu,file1MB.txt,2015/09/30 08:37:36,2015/09/30 08:41:30,233162.000000
planetlab3.wail.wisc.edu,pl1.eecs.utk.edu,file32B.txt,2015/09/30 08:41:30,2015/09/30 08:41:32,2304.000000
planetlab3.wail.wisc.edu,pl1.eecs.utk.edu,file1KB.txt,2015/09/30 08:41:32,2015/09/30 08:41:33,1057.000000
planetlab3.wail.wisc.edu,pl1.eecs.utk.edu,file256KB.txt,2015/09/30 08:41:33,2015/09/30 08:42:31,58465.000000
planetlab3.wail.wisc.edu,pl1.eecs.utk.edu,file512KB.txt,2015/09/30 08:42:31,2015/09/30 08:44:02,90661.000000
planetlab3.wail.wisc.edu,pl1.eecs.utk.edu,file1MB.txt,2015/09/30 08:44:02,2015/09/30 08:47:23,200991.000000
planetlab4.tamu.edu,pl1.eecs.utk.edu,file32B.txt,2015/09/30 08:47:23,2015/09/30 08:47:24,1168.000000
planetlab4.tamu.edu,pl1.eecs.utk.edu,file1KB.txt,2015/09/30 08:47:24,2015/09/30 08:47:25,1010.000000
planetlab4.tamu.edu,pl1.eecs.utk.edu,file256KB.txt,2015/09/30 08:47:25,2015/09/30 08:48:33,67419.000000
planetlab4.tamu.edu,pl1.eecs.utk.edu,file512KB.txt,2015/09/30 08:48:33,2015/09/30 08:52:01,208438.000000
planetlab4.tamu.edu,pl1.eecs.utk.edu,file1MB.txt,2015/09/30 08:52:01,2015/09/30 08:59:41,459836.000000
planetlab-5.eecs.cwru.edu,pl1.eecs.utk.edu,file32B.txt,2015/09/30 08:59:41,2015/09/30 08:59:44,3383.000000
planetlab-5.eecs.cwru.edu,pl1.eecs.utk.edu,file1KB.txt,2015/09/30 08:59:44,2015/09/30 08:59:47,3038.000000
planetlab-5.eecs.cwru.edu,pl1.eecs.utk.edu,file256KB.txt,2015/09/30 08:59:47,2015/09/30 09:02:26,158560.000000
planetlab-5.eecs.cwru.edu,pl1.eecs.utk.edu,file512KB.txt,2015/09/30 09:02:26,2015/09/30 09:06:43,257482.000000
planetlab-5.eecs.cwru.edu,pl1.eecs.utk.edu,file1MB.txt,2015/09/30 09:06:43,2015/09/30 09:17:22,638841.000000
planetlabone.ccs.neu.edu,pl1.eecs.utk.edu,file32B.txt,2015/09/30 09:17:22,2015/09/30 09:17:24,1743.000000
planetlabone.ccs.neu.edu,pl1.eecs.utk.edu,file1KB.txt,2015/09/30 09:17:24,2015/09/30 09:17:27,3490.000000
planetlabone.ccs.neu.edu,pl1.eecs.utk.edu,file256KB.txt,2015/09/30 09:17:27,2015/09/30 09:19:50,142268.000000
planetlabone.ccs.neu.edu,pl1.eecs.utk.edu,file512KB.txt,2015/09/30 09:19:50,2015/09/30 09:25:08,-318067.000000
planetlabone.ccs.neu.edu,pl1.eecs.utk.edu,file1MB.txt,2015/09/30 09:25:08,2015/09/30 09:38:03,775177.000000
pl-node-0.csl.sri.com,pl1.eecs.utk.edu,file32B.txt,2015/09/30 09:38:03,2015/09/30 09:38:07,4256.000000
pl-node-0.csl.sri.com,pl1.eecs.utk.edu,file1KB.txt,2015/09/30 09:38:07,2015/09/30 09:38:12,5044.000000
pl-node-0.csl.sri.com,pl1.eecs.utk.edu,file256KB.txt,2015/09/30 09:38:12,2015/09/30 09:43:42,329555.000000
pl-node-0.csl.sri.com,pl1.eecs.utk.edu,file512KB.txt,2015/09/30 09:43:42,2015/09/30 09:53:37,595586.000000
pl-node-0.csl.sri.com,pl1.eecs.utk.edu,file1MB.txt,2015/09/30 09:53:37,2015/09/30 10:16:33,1375479.000000
ricepl-5.cs.rice.edu,pl1.eecs.utk.edu,file32B.txt,2015/09/30 10:16:35,2015/09/30 10:16:41,6804.000000
ricepl-5.cs.rice.edu,pl1.eecs.utk.edu,file1KB.txt,2015/09/30 10:16:41,2015/09/30 10:16:45,3348.000000
ricepl-5.cs.rice.edu,pl1.eecs.utk.edu,file256KB.txt,2015/09/30 10:16:45,2015/09/30 10:20:51,246013.000000
ricepl-5.cs.rice.edu,pl1.eecs.utk.edu,file512KB.txt,2015/09/30 10:20:51,2015/09/30 10:28:41,470063.000000
ricepl-5.cs.rice.edu,pl1.eecs.utk.edu,file1MB.txt,2015/09/30 10:28:41,2015/09/30 10:33:33,292161.000000
salt.planetlab.cs.umd.edu,pl1.eecs.utk.edu,file32B.txt,2015/09/30 10:33:33,2015/09/30 10:33:34,1301.000000
salt.planetlab.cs.umd.edu,pl1.eecs.utk.edu,file1KB.txt,2015/09/30 10:33:34,2015/09/30 10:33:34,623.000000
salt.planetlab.cs.umd.edu,pl1.eecs.utk.edu,file256KB.txt,2015/09/30 10:33:34,2015/09/30 10:34:05,31544.000000
salt.planetlab.cs.umd.edu,pl1.eecs.utk.edu,file512KB.txt,2015/09/30 10:34:05,2015/09/30 10:35:03,57845.000000
salt.planetlab.cs.umd.edu,pl1.eecs.utk.edu,file1MB.txt,2015/09/30 10:35:03,2015/09/30 10:37:11,-127597.000000
pl1.eecs.utk.edu,pl1.eecs.utk.edu,file32B.txt,2015/09/30 10:37:12,2015/09/30 10:37:12,514.000000
pl1.eecs.utk.edu,pl1.eecs.utk.edu,file1KB.txt,2015/09/30 10:37:12,2015/09/30 10:37:13,1522.000000
pl1.eecs.utk.edu,pl1.eecs.utk.edu,file256KB.txt,2015/09/30 10:37:13,2015/09/30 10:37:44,30793.000000
pl1.eecs.utk.edu,pl1.eecs.utk.edu,file512KB.txt,2015/09/30 10:37:44,2015/09/30 10:38:40,56198.000000
pl1.eecs.utk.edu,pl1.eecs.utk.edu,file1MB.txt,2015/09/30 10:38:40,2015/09/30 10:40:59,138176.000000
planetlab-01.vt.nodes.planet-lab.org,pl1.eecs.utk.edu,file32B.txt,2015/09/30 10:40:59,2015/09/30 10:41:00,1362.000000
planetlab-01.vt.nodes.planet-lab.org,pl1.eecs.utk.edu,file1KB.txt,2015/09/30 10:41:00,2015/09/30 10:41:01,1088.000000
planetlab-01.vt.nodes.planet-lab.org,pl1.eecs.utk.edu,file256KB.txt,2015/09/30 10:41:01,2015/09/30 10:41:42,41401.000000
planetlab-01.vt.nodes.planet-lab.org,pl1.eecs.utk.edu,file512KB.txt,2015/09/30 10:41:42,2015/09/30 10:42:59,76950.000000
planetlab-01.vt.nodes.planet-lab.org,pl1.eecs.utk.edu,file1MB.txt,2015/09/30 10:42:59,2015/09/30 10:45:13,133684.000000
planetlab-04.vt.nodes.planet-lab.org,pl1.eecs.utk.edu,file32B.txt,2015/09/30 10:45:13,2015/09/30 10:45:14,1208.000000
planetlab-04.vt.nodes.planet-lab.org,pl1.eecs.utk.edu,file1KB.txt,2015/09/30 10:45:14,2015/09/30 10:45:14,685.000000
planetlab-04.vt.nodes.planet-lab.org,pl1.eecs.utk.edu,file256KB.txt,2015/09/30 10:45:14,2015/09/30 10:45:45,31465.000000
planetlab-04.vt.nodes.planet-lab.org,pl1.eecs.utk.edu,file512KB.txt,2015/09/30 10:45:45,2015/09/30 10:46:47,61610.000000
planetlab-04.vt.nodes.planet-lab.org,pl1.eecs.utk.edu,file1MB.txt,2015/09/30 10:46:47,2015/09/30 10:48:28,101236.000000
planetlab-4.eecs.cwru.edu,pl1.eecs.utk.edu,file32B.txt,2015/09/30 10:48:28,2015/09/30 10:48:29,1402.000000
planetlab-4.eecs.cwru.edu,pl1.eecs.utk.edu,file1KB.txt,2015/09/30 10:48:29,2015/09/30 10:48:29,531.000000
planetlab-4.eecs.cwru.edu,pl1.eecs.utk.edu,file256KB.txt,2015/09/30 10:48:29,2015/09/30 10:48:59,30001.000000
planetlab-4.eecs.cwru.edu,pl1.eecs.utk.edu,file512KB.txt,2015/09/30 10:48:59,2015/09/30 10:50:02,63321.000000
planetlab-4.eecs.cwru.edu,pl1.eecs.utk.edu,file1MB.txt,2015/09/30 10:50:02,2015/09/30 10:52:18,135509.000000
planetlab01.cs.washington.edu,pl1.eecs.utk.edu,file32B.txt,2015/09/30 10:52:18,2015/09/30 10:52:19,1181.000000
planetlab01.cs.washington.edu,pl1.eecs.utk.edu,file1KB.txt,2015/09/30 10:52:19,2015/09/30 10:52:20,1039.000000
planetlab01.cs.washington.edu,pl1.eecs.utk.edu,file256KB.txt,2015/09/30 10:52:20,2015/09/30 10:53:11,51442.000000
planetlab01.cs.washington.edu,pl1.eecs.utk.edu,file512KB.txt,2015/09/30 10:53:11,2015/09/30 10:54:44,92449.000000
planetlab01.cs.washington.edu,pl1.eecs.utk.edu,file1MB.txt,2015/09/30 10:54:44,2015/09/30 10:57:54,190415.000000
planetlab02.cs.washington.edu,pl1.eecs.utk.edu,file32B.txt,2015/09/30 10:57:54,2015/09/30 10:57:55,974.000000
planetlab02.cs.washington.edu,pl1.eecs.utk.edu,file1KB.txt,2015/09/30 10:57:55,2015/09/30 10:57:56,825.000000
planetlab02.cs.washington.edu,pl1.eecs.utk.edu,file256KB.txt,2015/09/30 10:57:56,2015/09/30 10:58:46,49833.000000
planetlab02.cs.washington.edu,pl1.eecs.utk.edu,file512KB.txt,2015/09/30 10:58:46,2015/09/30 11:00:25,99192.000000
planetlab02.cs.washington.edu,pl1.eecs.utk.edu,file1MB.txt,2015/09/30 11:00:25,2015/09/30 11:03:40,194936.000000
planetlab1.arizona-gigapop.net,pl1.eecs.utk.edu,file32B.txt,2015/09/30 11:03:40,2015/09/30 11:03:41,935.000000
planetlab1.arizona-gigapop.net,pl1.eecs.utk.edu,file1KB.txt,2015/09/30 11:03:41,2015/09/30 11:03:42,1152.000000
planetlab1.arizona-gigapop.net,pl1.eecs.utk.edu,file256KB.txt,2015/09/30 11:03:42,2015/09/30 11:04:24,41862.000000
planetlab1.arizona-gigapop.net,pl1.eecs.utk.edu,file512KB.txt,2015/09/30 11:04:24,2015/09/30 11:05:46,81980.000000
planetlab1.arizona-gigapop.net,pl1.eecs.utk.edu,file1MB.txt,2015/09/30 11:05:46,2015/09/30 11:08:28,162637.000000
planetlab1.cs.unc.edu,pl1.eecs.utk.edu,file32B.txt,2015/09/30 11:08:28,2015/09/30 11:08:28,474.000000
planetlab1.cs.unc.edu,pl1.eecs.utk.edu,file1KB.txt,2015/09/30 11:08:28,2015/09/30 11:08:29,1504.000000
planetlab1.cs.unc.edu,pl1.eecs.utk.edu,file256KB.txt,2015/09/30 11:08:29,2015/09/30 11:08:51,21275.000000
planetlab1.cs.unc.edu,pl1.eecs.utk.edu,file512KB.txt,2015/09/30 11:08:51,2015/09/30 11:09:36,45633.000000
planetlab1.cs.unc.edu,pl1.eecs.utk.edu,file1MB.txt,2015/09/30 11:09:36,2015/09/30 11:11:16,99252.000000
