ebb.colgate.edu,planetlab3.rutgers.edu,file32B.txt,2015/09/30 04:13:31,2015/09/30 04:13:33,2282.000000
ebb.colgate.edu,planetlab3.rutgers.edu,file1KB.txt,2015/09/30 04:13:33,2015/09/30 04:13:33,173.000000
ebb.colgate.edu,planetlab3.rutgers.edu,file256KB.txt,2015/09/30 04:13:33,2015/09/30 04:14:02,28398.000000
ebb.colgate.edu,planetlab3.rutgers.edu,file512KB.txt,2015/09/30 04:14:02,2015/09/30 04:14:55,53686.000000
ebb.colgate.edu,planetlab3.rutgers.edu,file1MB.txt,2015/09/30 04:14:55,2015/09/30 04:16:46,111210.000000
kc-sce-plab2.umkc.edu,planetlab3.rutgers.edu,file32B.txt,2015/09/30 04:16:46,2015/09/30 04:16:46,488.000000
kc-sce-plab2.umkc.edu,planetlab3.rutgers.edu,file1KB.txt,2015/09/30 04:16:46,2015/09/30 04:16:47,1521.000000
kc-sce-plab2.umkc.edu,planetlab3.rutgers.edu,file256KB.txt,2015/09/30 04:16:47,2015/09/30 04:17:21,33585.000000
kc-sce-plab2.umkc.edu,planetlab3.rutgers.edu,file512KB.txt,2015/09/30 04:17:21,2015/09/30 04:19:25,124337.000000
kc-sce-plab2.umkc.edu,planetlab3.rutgers.edu,file1MB.txt,2015/09/30 04:19:25,2015/09/30 04:25:56,390281.000000
node1.planetlab.mathcs.emory.edu,planetlab3.rutgers.edu,file32B.txt,2015/09/30 04:25:56,2015/09/30 04:25:56,168.000000
node1.planetlab.mathcs.emory.edu,planetlab3.rutgers.edu,file1KB.txt,2015/09/30 04:25:56,2015/09/30 04:25:57,1852.000000
node1.planetlab.mathcs.emory.edu,planetlab3.rutgers.edu,file256KB.txt,2015/09/30 04:25:57,2015/09/30 04:26:07,9398.000000
node1.planetlab.mathcs.emory.edu,planetlab3.rutgers.edu,file512KB.txt,2015/09/30 04:26:07,2015/09/30 04:26:28,21017.000000
node1.planetlab.mathcs.emory.edu,planetlab3.rutgers.edu,file1MB.txt,2015/09/30 04:26:28,2015/09/30 04:27:10,41896.000000
pl3.cs.unm.edu,planetlab3.rutgers.edu,file32B.txt,2015/09/30 04:27:31,2015/09/30 04:27:33,2763.000000
pl3.cs.unm.edu,planetlab3.rutgers.edu,file1KB.txt,2015/09/30 04:27:33,2015/09/30 04:27:33,376.000000
pl3.cs.unm.edu,planetlab3.rutgers.edu,file256KB.txt,2015/09/30 04:27:33,2015/09/30 04:28:01,28197.000000
pl3.cs.unm.edu,planetlab3.rutgers.edu,file512KB.txt,2015/09/30 04:28:01,2015/09/30 04:28:56,54676.000000
pl3.cs.unm.edu,planetlab3.rutgers.edu,file1MB.txt,2015/09/30 04:28:56,2015/09/30 04:30:47,111379.000000
plab3.eece.ksu.edu,planetlab3.rutgers.edu,file32B.txt,2015/09/30 04:30:47,2015/09/30 04:30:47,274.000000
plab3.eece.ksu.edu,planetlab3.rutgers.edu,file1KB.txt,2015/09/30 04:30:47,2015/09/30 04:30:47,272.000000
plab3.eece.ksu.edu,planetlab3.rutgers.edu,file256KB.txt,2015/09/30 04:30:47,2015/09/30 04:31:07,20184.000000
plab3.eece.ksu.edu,planetlab3.rutgers.edu,file512KB.txt,2015/09/30 04:31:07,2015/09/30 04:31:46,38687.000000
plab3.eece.ksu.edu,planetlab3.rutgers.edu,file1MB.txt,2015/09/30 04:31:46,2015/09/30 04:33:05,79487.000000
planetlab-02.bu.edu,planetlab3.rutgers.edu,file32B.txt,2015/09/30 04:33:05,2015/09/30 04:33:05,149.000000
planetlab-02.bu.edu,planetlab3.rutgers.edu,file1KB.txt,2015/09/30 04:33:05,2015/09/30 04:33:05,160.000000
planetlab-02.bu.edu,planetlab3.rutgers.edu,file256KB.txt,2015/09/30 04:33:05,2015/09/30 04:33:16,11288.000000
planetlab-02.bu.edu,planetlab3.rutgers.edu,file512KB.txt,2015/09/30 04:33:16,2015/09/30 04:33:35,18841.000000
planetlab-02.bu.edu,planetlab3.rutgers.edu,file1MB.txt,2015/09/30 04:33:35,2015/09/30 04:34:15,40106.000000
planetlab1.clemson.edu,planetlab3.rutgers.edu,file32B.txt,2015/09/30 04:34:36,2015/09/30 04:34:37,1812.000000
planetlab1.clemson.edu,planetlab3.rutgers.edu,file1KB.txt,2015/09/30 04:34:37,2015/09/30 04:34:37,161.000000
planetlab1.clemson.edu,planetlab3.rutgers.edu,file256KB.txt,2015/09/30 04:34:37,2015/09/30 04:34:48,10320.000000
planetlab1.clemson.edu,planetlab3.rutgers.edu,file512KB.txt,2015/09/30 04:34:48,2015/09/30 04:35:12,24626.000000
planetlab1.clemson.edu,planetlab3.rutgers.edu,file1MB.txt,2015/09/30 04:35:12,2015/09/30 04:35:58,45451.000000
planetlab1.cs.du.edu,planetlab3.rutgers.edu,file32B.txt,2015/09/30 04:35:58,2015/09/30 04:35:59,1703.000000
planetlab1.cs.du.edu,planetlab3.rutgers.edu,file1KB.txt,2015/09/30 04:35:59,2015/09/30 04:35:59,329.000000
planetlab1.cs.du.edu,planetlab3.rutgers.edu,file256KB.txt,2015/09/30 04:35:59,2015/09/30 04:36:23,23988.000000
planetlab1.cs.du.edu,planetlab3.rutgers.edu,file512KB.txt,2015/09/30 04:36:23,2015/09/30 04:37:11,48230.000000
planetlab1.cs.du.edu,planetlab3.rutgers.edu,file1MB.txt,2015/09/30 04:37:11,2015/09/30 04:38:47,-96359.000000
planetlab-1.cse.ohio-state.edu,planetlab3.rutgers.edu,file32B.txt,2015/09/30 04:38:47,2015/09/30 04:38:48,774.000000
planetlab-1.cse.ohio-state.edu,planetlab3.rutgers.edu,file1KB.txt,2015/09/30 04:38:48,2015/09/30 04:38:50,2294.000000
planetlab-1.cse.ohio-state.edu,planetlab3.rutgers.edu,file256KB.txt,2015/09/30 04:38:50,2015/09/30 04:43:13,262231.000000
planetlab-1.cse.ohio-state.edu,planetlab3.rutgers.edu,file512KB.txt,2015/09/30 04:43:13,2015/09/30 05:27:37,-1631071.000000
planetlab-1.cse.ohio-state.edu,planetlab3.rutgers.edu,file1MB.txt,2015/09/30 05:27:37,2015/09/30 07:38:27,739919.000000
planetlab1.cs.okstate.edu,planetlab3.rutgers.edu,file32B.txt,2015/09/30 07:38:27,2015/09/30 07:38:28,1651.000000
planetlab1.cs.okstate.edu,planetlab3.rutgers.edu,file1KB.txt,2015/09/30 07:38:28,2015/09/30 07:38:28,343.000000
planetlab1.cs.okstate.edu,planetlab3.rutgers.edu,file256KB.txt,2015/09/30 07:38:28,2015/09/30 07:38:53,25042.000000
planetlab1.cs.okstate.edu,planetlab3.rutgers.edu,file512KB.txt,2015/09/30 07:38:53,2015/09/30 07:39:43,50316.000000
planetlab1.cs.okstate.edu,planetlab3.rutgers.edu,file1MB.txt,2015/09/30 07:39:43,2015/09/30 07:41:22,98587.000000
planetlab1.cs.ucla.edu,planetlab3.rutgers.edu,file32B.txt,2015/09/30 07:41:22,2015/09/30 07:41:23,1529.000000
planetlab1.cs.ucla.edu,planetlab3.rutgers.edu,file1KB.txt,2015/09/30 07:41:23,2015/09/30 07:41:23,536.000000
planetlab1.cs.ucla.edu,planetlab3.rutgers.edu,file256KB.txt,2015/09/30 07:41:23,2015/09/30 07:42:03,40523.000000
planetlab1.cs.ucla.edu,planetlab3.rutgers.edu,file512KB.txt,2015/09/30 07:42:03,2015/09/30 07:43:23,80133.000000
planetlab1.cs.ucla.edu,planetlab3.rutgers.edu,file1MB.txt,2015/09/30 07:43:23,2015/09/30 07:46:03,159292.000000
planetlab1.csuohio.edu,planetlab3.rutgers.edu,file32B.txt,2015/09/30 07:46:03,2015/09/30 07:46:03,215.000000
planetlab1.csuohio.edu,planetlab3.rutgers.edu,file1KB.txt,2015/09/30 07:46:03,2015/09/30 07:46:04,1791.000000
planetlab1.csuohio.edu,planetlab3.rutgers.edu,file256KB.txt,2015/09/30 07:46:04,2015/09/30 07:46:20,15943.000000
planetlab1.csuohio.edu,planetlab3.rutgers.edu,file512KB.txt,2015/09/30 07:46:20,2015/09/30 07:46:51,30899.000000
planetlab1.csuohio.edu,planetlab3.rutgers.edu,file1MB.txt,2015/09/30 07:46:51,2015/09/30 07:47:53,62238.000000
planetlab1.ucsd.edu,planetlab3.rutgers.edu,file32B.txt,2015/09/30 07:48:14,2015/09/30 07:48:14,553.000000
planetlab1.ucsd.edu,planetlab3.rutgers.edu,file1KB.txt,2015/09/30 07:48:14,2015/09/30 07:48:15,1443.000000
planetlab1.ucsd.edu,planetlab3.rutgers.edu,file256KB.txt,2015/09/30 07:48:15,2015/09/30 07:48:56,41202.000000
planetlab1.ucsd.edu,planetlab3.rutgers.edu,file512KB.txt,2015/09/30 07:48:56,2015/09/30 07:50:17,80615.000000
planetlab1.ucsd.edu,planetlab3.rutgers.edu,file1MB.txt,2015/09/30 07:50:17,2015/09/30 07:52:59,161874.000000
planetlab2.acis.ufl.edu,planetlab3.rutgers.edu,file32B.txt,2015/09/30 07:52:59,2015/09/30 07:53:00,1298.000000
planetlab2.acis.ufl.edu,planetlab3.rutgers.edu,file1KB.txt,2015/09/30 07:53:00,2015/09/30 07:53:00,241.000000
planetlab2.acis.ufl.edu,planetlab3.rutgers.edu,file256KB.txt,2015/09/30 07:53:00,2015/09/30 07:53:17,16679.000000
planetlab2.acis.ufl.edu,planetlab3.rutgers.edu,file512KB.txt,2015/09/30 07:53:17,2015/09/30 07:53:52,35508.000000
planetlab2.acis.ufl.edu,planetlab3.rutgers.edu,file1MB.txt,2015/09/30 07:53:52,2015/09/30 07:55:01,69012.000000
planetlab2.arizona-gigapop.net,planetlab3.rutgers.edu,file32B.txt,2015/09/30 07:55:01,2015/09/30 07:55:02,1264.000000
planetlab2.arizona-gigapop.net,planetlab3.rutgers.edu,file1KB.txt,2015/09/30 07:55:02,2015/09/30 07:55:02,478.000000
planetlab2.arizona-gigapop.net,planetlab3.rutgers.edu,file256KB.txt,2015/09/30 07:55:02,2015/09/30 07:55:37,35106.000000
planetlab2.arizona-gigapop.net,planetlab3.rutgers.edu,file512KB.txt,2015/09/30 07:55:37,2015/09/30 07:56:46,68827.000000
planetlab2.arizona-gigapop.net,planetlab3.rutgers.edu,file1MB.txt,2015/09/30 07:56:46,2015/09/30 07:59:04,137645.000000
planetlab2.citadel.edu,planetlab3.rutgers.edu,file32B.txt,2015/09/30 07:59:04,2015/09/30 07:59:05,1777.000000
planetlab2.citadel.edu,planetlab3.rutgers.edu,file1KB.txt,2015/09/30 07:59:05,2015/09/30 07:59:05,219.000000
planetlab2.citadel.edu,planetlab3.rutgers.edu,file256KB.txt,2015/09/30 07:59:05,2015/09/30 07:59:21,16375.000000
planetlab2.citadel.edu,planetlab3.rutgers.edu,file512KB.txt,2015/09/30 07:59:21,2015/09/30 07:59:52,30823.000000
planetlab2.citadel.edu,planetlab3.rutgers.edu,file1MB.txt,2015/09/30 07:59:52,2015/09/30 08:00:54,61853.000000
planetlab2.cs.pitt.edu,planetlab3.rutgers.edu,file32B.txt,2015/09/30 08:00:54,2015/09/30 08:00:54,117.000000
planetlab2.cs.pitt.edu,planetlab3.rutgers.edu,file1KB.txt,2015/09/30 08:00:54,2015/09/30 08:00:54,107.000000
planetlab2.cs.pitt.edu,planetlab3.rutgers.edu,file256KB.txt,2015/09/30 08:00:54,2015/09/30 08:01:02,8603.000000
planetlab2.cs.pitt.edu,planetlab3.rutgers.edu,file512KB.txt,2015/09/30 08:01:02,2015/09/30 08:01:16,13147.000000
planetlab2.cs.pitt.edu,planetlab3.rutgers.edu,file1MB.txt,2015/09/30 08:01:16,2015/09/30 08:01:47,31493.000000
planetlab2.cs.purdue.edu,planetlab3.rutgers.edu,file32B.txt,2015/09/30 08:01:47,2015/09/30 08:01:47,307.000000
planetlab2.cs.purdue.edu,planetlab3.rutgers.edu,file1KB.txt,2015/09/30 08:01:47,2015/09/30 08:01:48,1649.000000
planetlab2.cs.purdue.edu,planetlab3.rutgers.edu,file256KB.txt,2015/09/30 08:01:48,2015/09/30 08:02:11,22633.000000
planetlab2.cs.purdue.edu,planetlab3.rutgers.edu,file512KB.txt,2015/09/30 08:02:11,2015/09/30 08:03:04,52645.000000
planetlab2.cs.purdue.edu,planetlab3.rutgers.edu,file1MB.txt,2015/09/30 08:03:04,2015/09/30 08:04:55,111193.000000
planetlab2.cs.uml.edu,planetlab3.rutgers.edu,file32B.txt,2015/09/30 08:05:37,2015/09/30 08:05:38,1458.000000
planetlab2.cs.uml.edu,planetlab3.rutgers.edu,file1KB.txt,2015/09/30 08:05:38,2015/09/30 08:05:39,1416.000000
planetlab2.cs.uml.edu,planetlab3.rutgers.edu,file256KB.txt,2015/09/30 08:05:39,2015/09/30 08:05:56,16302.000000
planetlab2.cs.uml.edu,planetlab3.rutgers.edu,file512KB.txt,2015/09/30 08:05:56,2015/09/30 08:06:12,16107.000000
planetlab2.cs.uml.edu,planetlab3.rutgers.edu,file1MB.txt,2015/09/30 08:06:12,2015/09/30 08:06:44,31925.000000
planetlab2.cs.unc.edu,planetlab3.rutgers.edu,file32B.txt,2015/09/30 08:06:44,2015/09/30 08:06:44,156.000000
planetlab2.cs.unc.edu,planetlab3.rutgers.edu,file1KB.txt,2015/09/30 08:06:44,2015/09/30 08:06:45,1838.000000
planetlab2.cs.unc.edu,planetlab3.rutgers.edu,file256KB.txt,2015/09/30 08:06:45,2015/09/30 08:06:56,10441.000000
planetlab2.cs.unc.edu,planetlab3.rutgers.edu,file512KB.txt,2015/09/30 08:06:56,2015/09/30 08:07:19,23104.000000
planetlab2.cs.unc.edu,planetlab3.rutgers.edu,file1MB.txt,2015/09/30 08:07:19,2015/09/30 08:09:07,107932.000000
planetlab2.cs.uoregon.edu,planetlab3.rutgers.edu,file32B.txt,2015/09/30 08:09:07,2015/09/30 08:09:09,2379.000000
planetlab2.cs.uoregon.edu,planetlab3.rutgers.edu,file1KB.txt,2015/09/30 08:09:09,2015/09/30 08:09:10,265.000000
planetlab2.cs.uoregon.edu,planetlab3.rutgers.edu,file256KB.txt,2015/09/30 08:09:10,2015/09/30 08:10:53,103035.000000
planetlab2.cs.uoregon.edu,planetlab3.rutgers.edu,file512KB.txt,2015/09/30 08:10:53,2015/09/30 08:14:29,-216671.000000
planetlab2.cs.uoregon.edu,planetlab3.rutgers.edu,file1MB.txt,2015/09/30 08:14:29,2015/09/30 08:21:41,431697.000000
planetlab2.temple.edu,planetlab3.rutgers.edu,file32B.txt,2015/09/30 08:21:41,2015/09/30 08:21:42,1063.000000
planetlab2.temple.edu,planetlab3.rutgers.edu,file1KB.txt,2015/09/30 08:21:42,2015/09/30 08:21:43,841.000000
planetlab2.temple.edu,planetlab3.rutgers.edu,file256KB.txt,2015/09/30 08:21:43,2015/09/30 08:22:36,53340.000000
planetlab2.temple.edu,planetlab3.rutgers.edu,file512KB.txt,2015/09/30 08:22:36,2015/09/30 08:24:20,103937.000000
planetlab2.temple.edu,planetlab3.rutgers.edu,file1MB.txt,2015/09/30 08:24:20,2015/09/30 08:26:46,146178.000000
planetlab2.unl.edu,planetlab3.rutgers.edu,file32B.txt,2015/09/30 08:26:46,2015/09/30 08:26:46,743.000000
planetlab2.unl.edu,planetlab3.rutgers.edu,file1KB.txt,2015/09/30 08:26:46,2015/09/30 08:26:47,1298.000000
planetlab2.unl.edu,planetlab3.rutgers.edu,file256KB.txt,2015/09/30 08:26:47,2015/09/30 08:27:35,48235.000000
planetlab2.unl.edu,planetlab3.rutgers.edu,file512KB.txt,2015/09/30 08:27:35,2015/09/30 08:30:18,162772.000000
planetlab2.unl.edu,planetlab3.rutgers.edu,file1MB.txt,2015/09/30 08:30:18,2015/09/30 08:35:53,334898.000000
planetlab2.unr.edu,planetlab3.rutgers.edu,file32B.txt,2015/09/30 08:35:53,2015/09/30 08:35:55,2659.000000
planetlab2.unr.edu,planetlab3.rutgers.edu,file1KB.txt,2015/09/30 08:35:55,2015/09/30 08:35:56,648.000000
planetlab2.unr.edu,planetlab3.rutgers.edu,file256KB.txt,2015/09/30 08:35:56,2015/09/30 08:37:07,70722.000000
planetlab2.unr.edu,planetlab3.rutgers.edu,file512KB.txt,2015/09/30 08:37:07,2015/09/30 08:38:32,85032.000000
planetlab2.unr.edu,planetlab3.rutgers.edu,file1MB.txt,2015/09/30 08:38:32,2015/09/30 08:42:00,208002.000000
planetlab2.uta.edu,planetlab3.rutgers.edu,file32B.txt,2015/09/30 08:42:00,2015/09/30 08:42:00,366.000000
planetlab2.uta.edu,planetlab3.rutgers.edu,file1KB.txt,2015/09/30 08:42:00,2015/09/30 08:42:01,1635.000000
planetlab2.uta.edu,planetlab3.rutgers.edu,file256KB.txt,2015/09/30 08:42:01,2015/09/30 08:42:30,29285.000000
planetlab2.uta.edu,planetlab3.rutgers.edu,file512KB.txt,2015/09/30 08:42:30,2015/09/30 08:43:32,61225.000000
planetlab2.uta.edu,planetlab3.rutgers.edu,file1MB.txt,2015/09/30 08:43:32,2015/09/30 08:45:29,117749.000000
planetlab2.utdallas.edu,planetlab3.rutgers.edu,file32B.txt,2015/09/30 08:45:29,2015/09/30 08:45:29,327.000000
planetlab2.utdallas.edu,planetlab3.rutgers.edu,file1KB.txt,2015/09/30 08:45:29,2015/09/30 08:45:29,328.000000
planetlab2.utdallas.edu,planetlab3.rutgers.edu,file256KB.txt,2015/09/30 08:45:29,2015/09/30 08:45:53,24216.000000
planetlab2.utdallas.edu,planetlab3.rutgers.edu,file512KB.txt,2015/09/30 08:45:53,2015/09/30 08:46:40,46684.000000
planetlab2.utdallas.edu,planetlab3.rutgers.edu,file1MB.txt,2015/09/30 08:46:40,2015/09/30 08:48:27,107535.000000
planetlab3.eecs.umich.edu,planetlab3.rutgers.edu,file32B.txt,2015/09/30 08:48:27,2015/09/30 08:48:27,227.000000
planetlab3.eecs.umich.edu,planetlab3.rutgers.edu,file1KB.txt,2015/09/30 08:48:27,2015/09/30 08:48:27,232.000000
planetlab3.eecs.umich.edu,planetlab3.rutgers.edu,file256KB.txt,2015/09/30 08:48:27,2015/09/30 08:48:43,15928.000000
planetlab3.eecs.umich.edu,planetlab3.rutgers.edu,file512KB.txt,2015/09/30 08:48:43,2015/09/30 08:49:16,32998.000000
planetlab3.eecs.umich.edu,planetlab3.rutgers.edu,file1MB.txt,2015/09/30 08:49:16,2015/09/30 08:50:18,62479.000000
planetlab3.rutgers.edu,planetlab3.rutgers.edu,file32B.txt,2015/09/30 08:50:18,2015/09/30 08:50:18,1.000000
planetlab3.rutgers.edu,planetlab3.rutgers.edu,file1KB.txt,2015/09/30 08:50:18,2015/09/30 08:50:18,1.000000
planetlab3.rutgers.edu,planetlab3.rutgers.edu,file256KB.txt,2015/09/30 08:50:18,2015/09/30 08:50:18,25.000000
planetlab3.rutgers.edu,planetlab3.rutgers.edu,file512KB.txt,2015/09/30 08:50:18,2015/09/30 08:50:18,50.000000
planetlab3.rutgers.edu,planetlab3.rutgers.edu,file1MB.txt,2015/09/30 08:50:18,2015/09/30 08:50:18,98.000000
planetlab3.wail.wisc.edu,planetlab3.rutgers.edu,file32B.txt,2015/09/30 08:50:18,2015/09/30 08:50:18,374.000000
planetlab3.wail.wisc.edu,planetlab3.rutgers.edu,file1KB.txt,2015/09/30 08:50:18,2015/09/30 08:50:19,1702.000000
planetlab3.wail.wisc.edu,planetlab3.rutgers.edu,file256KB.txt,2015/09/30 08:50:19,2015/09/30 08:50:40,20314.000000
planetlab3.wail.wisc.edu,planetlab3.rutgers.edu,file512KB.txt,2015/09/30 08:50:40,2015/09/30 08:51:24,43934.000000
planetlab3.wail.wisc.edu,planetlab3.rutgers.edu,file1MB.txt,2015/09/30 08:51:24,2015/09/30 08:53:18,114060.000000
planetlab4.tamu.edu,planetlab3.rutgers.edu,file32B.txt,2015/09/30 08:53:18,2015/09/30 08:53:19,966.000000
planetlab4.tamu.edu,planetlab3.rutgers.edu,file1KB.txt,2015/09/30 08:53:19,2015/09/30 08:53:21,2791.000000
planetlab4.tamu.edu,planetlab3.rutgers.edu,file256KB.txt,2015/09/30 08:53:21,2015/09/30 08:54:04,42478.000000
planetlab4.tamu.edu,planetlab3.rutgers.edu,file512KB.txt,2015/09/30 08:54:04,2015/09/30 08:55:18,74206.000000
planetlab4.tamu.edu,planetlab3.rutgers.edu,file1MB.txt,2015/09/30 08:55:18,2015/09/30 08:58:08,170435.000000
planetlab-5.eecs.cwru.edu,planetlab3.rutgers.edu,file32B.txt,2015/09/30 08:58:08,2015/09/30 08:58:08,138.000000
planetlab-5.eecs.cwru.edu,planetlab3.rutgers.edu,file1KB.txt,2015/09/30 08:58:08,2015/09/30 08:58:08,112.000000
planetlab-5.eecs.cwru.edu,planetlab3.rutgers.edu,file256KB.txt,2015/09/30 08:58:08,2015/09/30 08:58:16,7854.000000
planetlab-5.eecs.cwru.edu,planetlab3.rutgers.edu,file512KB.txt,2015/09/30 08:58:16,2015/09/30 08:58:32,15884.000000
planetlab-5.eecs.cwru.edu,planetlab3.rutgers.edu,file1MB.txt,2015/09/30 08:58:32,2015/09/30 08:59:05,32899.000000
planetlabone.ccs.neu.edu,planetlab3.rutgers.edu,file32B.txt,2015/09/30 08:59:05,2015/09/30 08:59:05,100.000000
planetlabone.ccs.neu.edu,planetlab3.rutgers.edu,file1KB.txt,2015/09/30 08:59:05,2015/09/30 08:59:05,80.000000
planetlabone.ccs.neu.edu,planetlab3.rutgers.edu,file256KB.txt,2015/09/30 08:59:05,2015/09/30 08:59:12,7048.000000
planetlabone.ccs.neu.edu,planetlab3.rutgers.edu,file512KB.txt,2015/09/30 08:59:12,2015/09/30 08:59:26,14001.000000
planetlabone.ccs.neu.edu,planetlab3.rutgers.edu,file1MB.txt,2015/09/30 08:59:26,2015/09/30 08:59:53,27131.000000
pl-node-0.csl.sri.com,planetlab3.rutgers.edu,file32B.txt,2015/09/30 08:59:53,2015/09/30 08:59:54,1411.000000
pl-node-0.csl.sri.com,planetlab3.rutgers.edu,file1KB.txt,2015/09/30 08:59:54,2015/09/30 08:59:54,511.000000
pl-node-0.csl.sri.com,planetlab3.rutgers.edu,file256KB.txt,2015/09/30 08:59:54,2015/09/30 09:00:35,40858.000000
pl-node-0.csl.sri.com,planetlab3.rutgers.edu,file512KB.txt,2015/09/30 09:00:35,2015/09/30 09:02:10,95476.000000
pl-node-0.csl.sri.com,planetlab3.rutgers.edu,file1MB.txt,2015/09/30 09:02:10,2015/09/30 09:05:08,177683.000000
ricepl-5.cs.rice.edu,planetlab3.rutgers.edu,file32B.txt,2015/09/30 09:05:08,2015/09/30 09:05:09,1668.000000
ricepl-5.cs.rice.edu,planetlab3.rutgers.edu,file1KB.txt,2015/09/30 09:05:09,2015/09/30 09:05:09,343.000000
ricepl-5.cs.rice.edu,planetlab3.rutgers.edu,file256KB.txt,2015/09/30 09:05:09,2015/09/30 09:05:32,22684.000000
ricepl-5.cs.rice.edu,planetlab3.rutgers.edu,file512KB.txt,2015/09/30 09:05:32,2015/09/30 09:06:19,47149.000000
ricepl-5.cs.rice.edu,planetlab3.rutgers.edu,file1MB.txt,2015/09/30 09:06:19,2015/09/30 09:07:51,92479.000000
salt.planetlab.cs.umd.edu,planetlab3.rutgers.edu,file32B.txt,2015/09/30 09:07:51,2015/09/30 09:07:51,80.000000
salt.planetlab.cs.umd.edu,planetlab3.rutgers.edu,file1KB.txt,2015/09/30 09:07:51,2015/09/30 09:07:51,73.000000
salt.planetlab.cs.umd.edu,planetlab3.rutgers.edu,file256KB.txt,2015/09/30 09:07:51,2015/09/30 09:07:56,5243.000000
salt.planetlab.cs.umd.edu,planetlab3.rutgers.edu,file512KB.txt,2015/09/30 09:07:56,2015/09/30 09:08:04,7147.000000
salt.planetlab.cs.umd.edu,planetlab3.rutgers.edu,file1MB.txt,2015/09/30 09:08:04,2015/09/30 09:08:22,18862.000000
pl1.eecs.utk.edu,planetlab3.rutgers.edu,file32B.txt,2015/09/30 09:08:22,2015/09/30 09:08:22,750.000000
pl1.eecs.utk.edu,planetlab3.rutgers.edu,file1KB.txt,2015/09/30 09:08:22,2015/09/30 09:08:24,2820.000000
pl1.eecs.utk.edu,planetlab3.rutgers.edu,file256KB.txt,2015/09/30 09:08:24,2015/09/30 09:10:52,147083.000000
pl1.eecs.utk.edu,planetlab3.rutgers.edu,file512KB.txt,2015/09/30 09:10:52,2015/09/30 09:17:37,405237.000000
pl1.eecs.utk.edu,planetlab3.rutgers.edu,file1MB.txt,2015/09/30 09:17:37,2015/09/30 09:26:31,-534547.000000
planetlab-01.vt.nodes.planet-lab.org,planetlab3.rutgers.edu,file32B.txt,2015/09/30 09:26:31,2015/09/30 09:26:31,130.000000
planetlab-01.vt.nodes.planet-lab.org,planetlab3.rutgers.edu,file1KB.txt,2015/09/30 09:26:31,2015/09/30 09:26:31,119.000000
planetlab-01.vt.nodes.planet-lab.org,planetlab3.rutgers.edu,file256KB.txt,2015/09/30 09:26:31,2015/09/30 09:26:39,7794.000000
planetlab-01.vt.nodes.planet-lab.org,planetlab3.rutgers.edu,file512KB.txt,2015/09/30 09:26:39,2015/09/30 09:26:56,16629.000000
planetlab-01.vt.nodes.planet-lab.org,planetlab3.rutgers.edu,file1MB.txt,2015/09/30 09:26:56,2015/09/30 09:27:30,34746.000000
planetlab-04.vt.nodes.planet-lab.org,planetlab3.rutgers.edu,file32B.txt,2015/09/30 09:27:30,2015/09/30 09:27:30,111.000000
planetlab-04.vt.nodes.planet-lab.org,planetlab3.rutgers.edu,file1KB.txt,2015/09/30 09:27:30,2015/09/30 09:27:30,119.000000
planetlab-04.vt.nodes.planet-lab.org,planetlab3.rutgers.edu,file256KB.txt,2015/09/30 09:27:30,2015/09/30 09:27:38,7980.000000
planetlab-04.vt.nodes.planet-lab.org,planetlab3.rutgers.edu,file512KB.txt,2015/09/30 09:27:38,2015/09/30 09:27:54,16152.000000
planetlab-04.vt.nodes.planet-lab.org,planetlab3.rutgers.edu,file1MB.txt,2015/09/30 09:27:54,2015/09/30 09:28:26,31390.000000
planetlab-4.eecs.cwru.edu,planetlab3.rutgers.edu,file32B.txt,2015/09/30 09:28:26,2015/09/30 09:28:27,1888.000000
planetlab-4.eecs.cwru.edu,planetlab3.rutgers.edu,file1KB.txt,2015/09/30 09:28:27,2015/09/30 09:28:27,111.000000
planetlab-4.eecs.cwru.edu,planetlab3.rutgers.edu,file256KB.txt,2015/09/30 09:28:27,2015/09/30 09:28:35,7659.000000
planetlab-4.eecs.cwru.edu,planetlab3.rutgers.edu,file512KB.txt,2015/09/30 09:28:35,2015/09/30 09:28:51,16266.000000
planetlab-4.eecs.cwru.edu,planetlab3.rutgers.edu,file1MB.txt,2015/09/30 09:28:51,2015/09/30 09:29:25,34191.000000
planetlab01.cs.washington.edu,planetlab3.rutgers.edu,file32B.txt,2015/09/30 09:29:25,2015/09/30 09:29:25,612.000000
planetlab01.cs.washington.edu,planetlab3.rutgers.edu,file1KB.txt,2015/09/30 09:29:25,2015/09/30 09:29:26,1493.000000
planetlab01.cs.washington.edu,planetlab3.rutgers.edu,file256KB.txt,2015/09/30 09:29:26,2015/09/30 09:30:03,37101.000000
planetlab01.cs.washington.edu,planetlab3.rutgers.edu,file512KB.txt,2015/09/30 09:30:03,2015/09/30 09:31:16,72293.000000
planetlab01.cs.washington.edu,planetlab3.rutgers.edu,file1MB.txt,2015/09/30 09:31:16,2015/09/30 09:33:43,147511.000000
planetlab02.cs.washington.edu,planetlab3.rutgers.edu,file32B.txt,2015/09/30 09:33:43,2015/09/30 09:33:43,502.000000
planetlab02.cs.washington.edu,planetlab3.rutgers.edu,file1KB.txt,2015/09/30 09:33:43,2015/09/30 09:33:44,1490.000000
planetlab02.cs.washington.edu,planetlab3.rutgers.edu,file256KB.txt,2015/09/30 09:33:44,2015/09/30 09:34:21,37080.000000
planetlab02.cs.washington.edu,planetlab3.rutgers.edu,file512KB.txt,2015/09/30 09:34:21,2015/09/30 09:35:34,72433.000000
planetlab02.cs.washington.edu,planetlab3.rutgers.edu,file1MB.txt,2015/09/30 09:35:34,2015/09/30 09:38:01,147183.000000
planetlab1.arizona-gigapop.net,planetlab3.rutgers.edu,file32B.txt,2015/09/30 09:38:01,2015/09/30 09:38:02,1523.000000
planetlab1.arizona-gigapop.net,planetlab3.rutgers.edu,file1KB.txt,2015/09/30 09:38:02,2015/09/30 09:38:02,473.000000
planetlab1.arizona-gigapop.net,planetlab3.rutgers.edu,file256KB.txt,2015/09/30 09:38:02,2015/09/30 09:38:37,35298.000000
planetlab1.arizona-gigapop.net,planetlab3.rutgers.edu,file512KB.txt,2015/09/30 09:38:37,2015/09/30 09:39:46,69020.000000
planetlab1.arizona-gigapop.net,planetlab3.rutgers.edu,file1MB.txt,2015/09/30 09:39:46,2015/09/30 09:42:04,138177.000000
planetlab1.cs.unc.edu,planetlab3.rutgers.edu,file32B.txt,2015/09/30 09:42:04,2015/09/30 09:42:04,146.000000
planetlab1.cs.unc.edu,planetlab3.rutgers.edu,file1KB.txt,2015/09/30 09:42:04,2015/09/30 09:42:04,150.000000
planetlab1.cs.unc.edu,planetlab3.rutgers.edu,file256KB.txt,2015/09/30 09:42:04,2015/09/30 09:42:15,11302.000000
planetlab1.cs.unc.edu,planetlab3.rutgers.edu,file512KB.txt,2015/09/30 09:42:15,2015/09/30 09:42:36,20777.000000
planetlab1.cs.unc.edu,planetlab3.rutgers.edu,file1MB.txt,2015/09/30 09:42:36,2015/09/30 09:43:18,42005.000000
