ebb.colgate.edu,planetlab4.tamu.edu,file32B.txt,2015/09/30 04:13:33,2015/09/30 04:13:34,1365.000000
ebb.colgate.edu,planetlab4.tamu.edu,file1KB.txt,2015/09/30 04:13:34,2015/09/30 04:13:34,675.000000
ebb.colgate.edu,planetlab4.tamu.edu,file256KB.txt,2015/09/30 04:13:34,2015/09/30 04:14:25,51780.000000
ebb.colgate.edu,planetlab4.tamu.edu,file512KB.txt,2015/09/30 04:14:25,2015/09/30 04:16:16,110446.000000
ebb.colgate.edu,planetlab4.tamu.edu,file1MB.txt,2015/09/30 04:16:16,2015/09/30 04:19:22,186437.000000
kc-sce-plab2.umkc.edu,planetlab4.tamu.edu,file32B.txt,2015/09/30 04:19:22,2015/09/30 04:19:22,790.000000
kc-sce-plab2.umkc.edu,planetlab4.tamu.edu,file1KB.txt,2015/09/30 04:19:22,2015/09/30 04:19:23,1073.000000
kc-sce-plab2.umkc.edu,planetlab4.tamu.edu,file256KB.txt,2015/09/30 04:19:23,2015/09/30 04:20:30,66907.000000
kc-sce-plab2.umkc.edu,planetlab4.tamu.edu,file512KB.txt,2015/09/30 04:20:30,2015/09/30 04:23:48,198704.000000
kc-sce-plab2.umkc.edu,planetlab4.tamu.edu,file1MB.txt,2015/09/30 04:23:48,2015/09/30 04:28:27,278799.000000
node1.planetlab.mathcs.emory.edu,planetlab4.tamu.edu,file32B.txt,2015/09/30 04:28:27,2015/09/30 04:28:27,301.000000
node1.planetlab.mathcs.emory.edu,planetlab4.tamu.edu,file1KB.txt,2015/09/30 04:28:27,2015/09/30 04:28:28,1659.000000
node1.planetlab.mathcs.emory.edu,planetlab4.tamu.edu,file256KB.txt,2015/09/30 04:28:28,2015/09/30 04:28:50,21403.000000
node1.planetlab.mathcs.emory.edu,planetlab4.tamu.edu,file512KB.txt,2015/09/30 04:28:50,2015/09/30 04:29:36,46259.000000
node1.planetlab.mathcs.emory.edu,planetlab4.tamu.edu,file1MB.txt,2015/09/30 04:29:36,2015/09/30 04:31:06,90067.000000
pl3.cs.unm.edu,planetlab4.tamu.edu,file32B.txt,2015/09/30 04:31:27,2015/09/30 04:31:27,374.000000
pl3.cs.unm.edu,planetlab4.tamu.edu,file1KB.txt,2015/09/30 04:31:27,2015/09/30 04:31:28,1571.000000
pl3.cs.unm.edu,planetlab4.tamu.edu,file256KB.txt,2015/09/30 04:31:28,2015/09/30 04:31:56,27670.000000
pl3.cs.unm.edu,planetlab4.tamu.edu,file512KB.txt,2015/09/30 04:31:56,2015/09/30 04:32:52,55658.000000
pl3.cs.unm.edu,planetlab4.tamu.edu,file1MB.txt,2015/09/30 04:32:52,2015/09/30 04:34:45,113671.000000
plab3.eece.ksu.edu,planetlab4.tamu.edu,file32B.txt,2015/09/30 04:34:45,2015/09/30 04:34:45,225.000000
plab3.eece.ksu.edu,planetlab4.tamu.edu,file1KB.txt,2015/09/30 04:34:45,2015/09/30 04:34:45,171.000000
plab3.eece.ksu.edu,planetlab4.tamu.edu,file256KB.txt,2015/09/30 04:34:45,2015/09/30 04:34:54,9242.000000
plab3.eece.ksu.edu,planetlab4.tamu.edu,file512KB.txt,2015/09/30 04:34:54,2015/09/30 04:35:12,18218.000000
plab3.eece.ksu.edu,planetlab4.tamu.edu,file1MB.txt,2015/09/30 04:35:12,2015/09/30 04:35:47,35163.000000
planetlab-02.bu.edu,planetlab4.tamu.edu,file32B.txt,2015/09/30 04:35:47,2015/09/30 04:35:47,364.000000
planetlab-02.bu.edu,planetlab4.tamu.edu,file1KB.txt,2015/09/30 04:35:47,2015/09/30 04:35:47,375.000000
planetlab-02.bu.edu,planetlab4.tamu.edu,file256KB.txt,2015/09/30 04:35:47,2015/09/30 04:36:14,27725.000000
planetlab-02.bu.edu,planetlab4.tamu.edu,file512KB.txt,2015/09/30 04:36:14,2015/09/30 04:37:07,53040.000000
planetlab-02.bu.edu,planetlab4.tamu.edu,file1MB.txt,2015/09/30 04:37:07,2015/09/30 04:38:52,-104983.000000
planetlab1.clemson.edu,planetlab4.tamu.edu,file32B.txt,2015/09/30 04:39:13,2015/09/30 04:39:13,328.000000
planetlab1.clemson.edu,planetlab4.tamu.edu,file1KB.txt,2015/09/30 04:39:13,2015/09/30 04:39:14,1618.000000
planetlab1.clemson.edu,planetlab4.tamu.edu,file256KB.txt,2015/09/30 04:39:14,2015/09/30 04:39:37,22227.000000
planetlab1.clemson.edu,planetlab4.tamu.edu,file512KB.txt,2015/09/30 04:39:37,2015/09/30 04:40:25,48647.000000
planetlab1.clemson.edu,planetlab4.tamu.edu,file1MB.txt,2015/09/30 04:40:25,2015/09/30 04:41:59,93690.000000
planetlab1.cs.du.edu,planetlab4.tamu.edu,file32B.txt,2015/09/30 04:41:59,2015/09/30 04:42:00,1690.000000
planetlab1.cs.du.edu,planetlab4.tamu.edu,file1KB.txt,2015/09/30 04:42:00,2015/09/30 04:42:00,354.000000
planetlab1.cs.du.edu,planetlab4.tamu.edu,file256KB.txt,2015/09/30 04:42:00,2015/09/30 04:42:24,23537.000000
planetlab1.cs.du.edu,planetlab4.tamu.edu,file512KB.txt,2015/09/30 04:42:24,2015/09/30 04:43:13,49237.000000
planetlab1.cs.du.edu,planetlab4.tamu.edu,file1MB.txt,2015/09/30 04:43:13,2015/09/30 04:44:51,98336.000000
planetlab-1.cse.ohio-state.edu,planetlab4.tamu.edu,file32B.txt,2015/09/30 04:44:51,2015/09/30 04:44:55,3909.000000
planetlab-1.cse.ohio-state.edu,planetlab4.tamu.edu,file1KB.txt,2015/09/30 04:44:55,2015/09/30 04:45:04,9113.000000
planetlab-1.cse.ohio-state.edu,planetlab4.tamu.edu,file256KB.txt,2015/09/30 04:45:04,2015/09/30 05:06:22,1278276.000000
planetlab-1.cse.ohio-state.edu,planetlab4.tamu.edu,file512KB.txt,2015/09/30 05:06:22,2015/09/30 06:06:29,688440.000000
planetlab-1.cse.ohio-state.edu,planetlab4.tamu.edu,file1MB.txt,2015/09/30 06:06:29,2015/09/30 08:10:00,-1179221.000000
planetlab1.cs.okstate.edu,planetlab4.tamu.edu,file32B.txt,2015/09/30 08:10:00,2015/09/30 08:10:01,1838.000000
planetlab1.cs.okstate.edu,planetlab4.tamu.edu,file1KB.txt,2015/09/30 08:10:01,2015/09/30 08:10:01,180.000000
planetlab1.cs.okstate.edu,planetlab4.tamu.edu,file256KB.txt,2015/09/30 08:10:01,2015/09/30 08:10:11,9694.000000
planetlab1.cs.okstate.edu,planetlab4.tamu.edu,file512KB.txt,2015/09/30 08:10:11,2015/09/30 08:10:32,21516.000000
planetlab1.cs.okstate.edu,planetlab4.tamu.edu,file1MB.txt,2015/09/30 08:10:32,2015/09/30 08:11:12,39275.000000
planetlab1.cs.ucla.edu,planetlab4.tamu.edu,file32B.txt,2015/09/30 08:11:12,2015/09/30 08:11:13,1665.000000
planetlab1.cs.ucla.edu,planetlab4.tamu.edu,file1KB.txt,2015/09/30 08:11:13,2015/09/30 08:11:13,318.000000
planetlab1.cs.ucla.edu,planetlab4.tamu.edu,file256KB.txt,2015/09/30 08:11:13,2015/09/30 08:11:32,19216.000000
planetlab1.cs.ucla.edu,planetlab4.tamu.edu,file512KB.txt,2015/09/30 08:11:32,2015/09/30 08:12:09,36757.000000
planetlab1.cs.ucla.edu,planetlab4.tamu.edu,file1MB.txt,2015/09/30 08:12:09,2015/09/30 08:13:23,-73801.000000
planetlab1.csuohio.edu,planetlab4.tamu.edu,file32B.txt,2015/09/30 08:13:23,2015/09/30 08:13:24,1190.000000
planetlab1.csuohio.edu,planetlab4.tamu.edu,file1KB.txt,2015/09/30 08:13:24,2015/09/30 08:13:25,1082.000000
planetlab1.csuohio.edu,planetlab4.tamu.edu,file256KB.txt,2015/09/30 08:13:25,2015/09/30 08:13:57,31515.000000
planetlab1.csuohio.edu,planetlab4.tamu.edu,file512KB.txt,2015/09/30 08:13:57,2015/09/30 08:14:56,58962.000000
planetlab1.csuohio.edu,planetlab4.tamu.edu,file1MB.txt,2015/09/30 08:14:56,2015/09/30 08:16:54,118068.000000
planetlab1.ucsd.edu,planetlab4.tamu.edu,file32B.txt,2015/09/30 08:17:16,2015/09/30 08:17:16,294.000000
planetlab1.ucsd.edu,planetlab4.tamu.edu,file1KB.txt,2015/09/30 08:17:16,2015/09/30 08:17:16,332.000000
planetlab1.ucsd.edu,planetlab4.tamu.edu,file256KB.txt,2015/09/30 08:17:16,2015/09/30 08:17:36,19988.000000
planetlab1.ucsd.edu,planetlab4.tamu.edu,file512KB.txt,2015/09/30 08:17:36,2015/09/30 08:18:16,40187.000000
planetlab1.ucsd.edu,planetlab4.tamu.edu,file1MB.txt,2015/09/30 08:18:16,2015/09/30 08:19:35,78492.000000
planetlab2.acis.ufl.edu,planetlab4.tamu.edu,file32B.txt,2015/09/30 08:19:35,2015/09/30 08:19:36,1692.000000
planetlab2.acis.ufl.edu,planetlab4.tamu.edu,file1KB.txt,2015/09/30 08:19:36,2015/09/30 08:19:37,1264.000000
planetlab2.acis.ufl.edu,planetlab4.tamu.edu,file256KB.txt,2015/09/30 08:19:37,2015/09/30 08:20:01,23238.000000
planetlab2.acis.ufl.edu,planetlab4.tamu.edu,file512KB.txt,2015/09/30 08:20:01,2015/09/30 08:20:44,43285.000000
planetlab2.acis.ufl.edu,planetlab4.tamu.edu,file1MB.txt,2015/09/30 08:20:44,2015/09/30 08:22:09,85229.000000
planetlab2.arizona-gigapop.net,planetlab4.tamu.edu,file32B.txt,2015/09/30 08:22:09,2015/09/30 08:22:09,268.000000
planetlab2.arizona-gigapop.net,planetlab4.tamu.edu,file1KB.txt,2015/09/30 08:22:09,2015/09/30 08:22:09,226.000000
planetlab2.arizona-gigapop.net,planetlab4.tamu.edu,file256KB.txt,2015/09/30 08:22:09,2015/09/30 08:22:25,16320.000000
planetlab2.arizona-gigapop.net,planetlab4.tamu.edu,file512KB.txt,2015/09/30 08:22:25,2015/09/30 08:22:56,30795.000000
planetlab2.arizona-gigapop.net,planetlab4.tamu.edu,file1MB.txt,2015/09/30 08:22:56,2015/09/30 08:23:58,61793.000000
planetlab2.citadel.edu,planetlab4.tamu.edu,file32B.txt,2015/09/30 08:23:58,2015/09/30 08:23:59,1617.000000
planetlab2.citadel.edu,planetlab4.tamu.edu,file1KB.txt,2015/09/30 08:23:59,2015/09/30 08:23:59,393.000000
planetlab2.citadel.edu,planetlab4.tamu.edu,file256KB.txt,2015/09/30 08:23:59,2015/09/30 08:24:27,28054.000000
planetlab2.citadel.edu,planetlab4.tamu.edu,file512KB.txt,2015/09/30 08:24:27,2015/09/30 08:25:22,54685.000000
planetlab2.citadel.edu,planetlab4.tamu.edu,file1MB.txt,2015/09/30 08:25:22,2015/09/30 08:27:13,111783.000000
planetlab2.cs.pitt.edu,planetlab4.tamu.edu,file32B.txt,2015/09/30 08:27:13,2015/09/30 08:27:13,352.000000
planetlab2.cs.pitt.edu,planetlab4.tamu.edu,file1KB.txt,2015/09/30 08:27:13,2015/09/30 08:27:13,339.000000
planetlab2.cs.pitt.edu,planetlab4.tamu.edu,file256KB.txt,2015/09/30 08:27:13,2015/09/30 08:27:34,21066.000000
planetlab2.cs.pitt.edu,planetlab4.tamu.edu,file512KB.txt,2015/09/30 08:27:34,2015/09/30 08:28:15,40826.000000
planetlab2.cs.pitt.edu,planetlab4.tamu.edu,file1MB.txt,2015/09/30 08:28:15,2015/09/30 08:29:38,83743.000000
planetlab2.cs.purdue.edu,planetlab4.tamu.edu,file32B.txt,2015/09/30 08:29:38,2015/09/30 08:29:38,672.000000
planetlab2.cs.purdue.edu,planetlab4.tamu.edu,file1KB.txt,2015/09/30 08:29:38,2015/09/30 08:29:39,981.000000
planetlab2.cs.purdue.edu,planetlab4.tamu.edu,file256KB.txt,2015/09/30 08:29:39,2015/09/30 08:32:01,142409.000000
planetlab2.cs.purdue.edu,planetlab4.tamu.edu,file512KB.txt,2015/09/30 08:32:01,2015/09/30 08:37:18,316817.000000
planetlab2.cs.purdue.edu,planetlab4.tamu.edu,file1MB.txt,2015/09/30 08:37:18,2015/09/30 08:48:37,679592.000000
planetlab2.cs.uml.edu,planetlab4.tamu.edu,file32B.txt,2015/09/30 08:49:19,2015/09/30 08:49:20,1135.000000
planetlab2.cs.uml.edu,planetlab4.tamu.edu,file1KB.txt,2015/09/30 08:49:20,2015/09/30 08:49:21,1007.000000
planetlab2.cs.uml.edu,planetlab4.tamu.edu,file256KB.txt,2015/09/30 08:49:21,2015/09/30 08:49:52,30444.000000
planetlab2.cs.uml.edu,planetlab4.tamu.edu,file512KB.txt,2015/09/30 08:49:52,2015/09/30 08:50:45,53079.000000
planetlab2.cs.uml.edu,planetlab4.tamu.edu,file1MB.txt,2015/09/30 08:50:45,2015/09/30 08:53:23,158250.000000
planetlab2.cs.unc.edu,planetlab4.tamu.edu,file32B.txt,2015/09/30 08:53:23,2015/09/30 08:53:23,374.000000
planetlab2.cs.unc.edu,planetlab4.tamu.edu,file1KB.txt,2015/09/30 08:53:23,2015/09/30 08:53:24,1556.000000
planetlab2.cs.unc.edu,planetlab4.tamu.edu,file256KB.txt,2015/09/30 08:53:24,2015/09/30 08:53:47,22623.000000
planetlab2.cs.unc.edu,planetlab4.tamu.edu,file512KB.txt,2015/09/30 08:53:47,2015/09/30 08:54:33,45860.000000
planetlab2.cs.unc.edu,planetlab4.tamu.edu,file1MB.txt,2015/09/30 08:54:33,2015/09/30 08:56:05,91942.000000
planetlab2.cs.uoregon.edu,planetlab4.tamu.edu,file32B.txt,2015/09/30 08:56:05,2015/09/30 08:56:06,1555.000000
planetlab2.cs.uoregon.edu,planetlab4.tamu.edu,file1KB.txt,2015/09/30 08:56:06,2015/09/30 08:56:06,496.000000
planetlab2.cs.uoregon.edu,planetlab4.tamu.edu,file256KB.txt,2015/09/30 08:56:06,2015/09/30 08:56:38,31786.000000
planetlab2.cs.uoregon.edu,planetlab4.tamu.edu,file512KB.txt,2015/09/30 08:56:38,2015/09/30 08:57:43,65506.000000
planetlab2.cs.uoregon.edu,planetlab4.tamu.edu,file1MB.txt,2015/09/30 08:57:43,2015/09/30 08:59:51,128091.000000
planetlab2.temple.edu,planetlab4.tamu.edu,file32B.txt,2015/09/30 08:59:51,2015/09/30 08:59:51,427.000000
planetlab2.temple.edu,planetlab4.tamu.edu,file1KB.txt,2015/09/30 08:59:51,2015/09/30 08:59:52,1692.000000
planetlab2.temple.edu,planetlab4.tamu.edu,file256KB.txt,2015/09/30 08:59:52,2015/09/30 09:00:13,20274.000000
planetlab2.temple.edu,planetlab4.tamu.edu,file512KB.txt,2015/09/30 09:00:13,2015/09/30 09:00:56,42964.000000
planetlab2.temple.edu,planetlab4.tamu.edu,file1MB.txt,2015/09/30 09:00:56,2015/09/30 09:02:22,86205.000000
planetlab2.unl.edu,planetlab4.tamu.edu,file32B.txt,2015/09/30 09:02:22,2015/09/30 09:02:22,153.000000
planetlab2.unl.edu,planetlab4.tamu.edu,file1KB.txt,2015/09/30 09:02:22,2015/09/30 09:02:22,170.000000
planetlab2.unl.edu,planetlab4.tamu.edu,file256KB.txt,2015/09/30 09:02:22,2015/09/30 09:02:32,10550.000000
planetlab2.unl.edu,planetlab4.tamu.edu,file512KB.txt,2015/09/30 09:02:32,2015/09/30 09:02:51,19086.000000
planetlab2.unl.edu,planetlab4.tamu.edu,file1MB.txt,2015/09/30 09:02:51,2015/09/30 09:03:28,36391.000000
planetlab2.unr.edu,planetlab4.tamu.edu,file32B.txt,2015/09/30 09:03:28,2015/09/30 09:03:29,1636.000000
planetlab2.unr.edu,planetlab4.tamu.edu,file1KB.txt,2015/09/30 09:03:29,2015/09/30 09:03:29,380.000000
planetlab2.unr.edu,planetlab4.tamu.edu,file256KB.txt,2015/09/30 09:03:29,2015/09/30 09:03:51,21756.000000
planetlab2.unr.edu,planetlab4.tamu.edu,file512KB.txt,2015/09/30 09:03:51,2015/09/30 09:04:35,44081.000000
planetlab2.unr.edu,planetlab4.tamu.edu,file1MB.txt,2015/09/30 09:04:35,2015/09/30 09:06:03,88209.000000
planetlab2.uta.edu,planetlab4.tamu.edu,file32B.txt,2015/09/30 09:06:03,2015/09/30 09:06:03,58.000000
planetlab2.uta.edu,planetlab4.tamu.edu,file1KB.txt,2015/09/30 09:06:03,2015/09/30 09:06:03,40.000000
planetlab2.uta.edu,planetlab4.tamu.edu,file256KB.txt,2015/09/30 09:06:03,2015/09/30 09:06:06,3376.000000
planetlab2.uta.edu,planetlab4.tamu.edu,file512KB.txt,2015/09/30 09:06:06,2015/09/30 09:06:11,4867.000000
planetlab2.uta.edu,planetlab4.tamu.edu,file1MB.txt,2015/09/30 09:06:11,2015/09/30 09:06:21,9679.000000
planetlab2.utdallas.edu,planetlab4.tamu.edu,file32B.txt,2015/09/30 09:06:21,2015/09/30 09:06:21,86.000000
planetlab2.utdallas.edu,planetlab4.tamu.edu,file1KB.txt,2015/09/30 09:06:21,2015/09/30 09:06:21,123.000000
planetlab2.utdallas.edu,planetlab4.tamu.edu,file256KB.txt,2015/09/30 09:06:21,2015/09/30 09:06:24,3472.000000
planetlab2.utdallas.edu,planetlab4.tamu.edu,file512KB.txt,2015/09/30 09:06:24,2015/09/30 09:06:29,5041.000000
planetlab2.utdallas.edu,planetlab4.tamu.edu,file1MB.txt,2015/09/30 09:06:29,2015/09/30 09:06:39,10131.000000
planetlab3.eecs.umich.edu,planetlab4.tamu.edu,file32B.txt,2015/09/30 09:06:39,2015/09/30 09:06:39,229.000000
planetlab3.eecs.umich.edu,planetlab4.tamu.edu,file1KB.txt,2015/09/30 09:06:39,2015/09/30 09:06:39,281.000000
planetlab3.eecs.umich.edu,planetlab4.tamu.edu,file256KB.txt,2015/09/30 09:06:39,2015/09/30 09:06:56,17558.000000
planetlab3.eecs.umich.edu,planetlab4.tamu.edu,file512KB.txt,2015/09/30 09:06:56,2015/09/30 09:07:28,31294.000000
planetlab3.eecs.umich.edu,planetlab4.tamu.edu,file1MB.txt,2015/09/30 09:07:28,2015/09/30 09:08:34,66728.000000
planetlab3.rutgers.edu,planetlab4.tamu.edu,file32B.txt,2015/09/30 09:08:34,2015/09/30 09:08:34,423.000000
planetlab3.rutgers.edu,planetlab4.tamu.edu,file1KB.txt,2015/09/30 09:08:34,2015/09/30 09:08:35,1529.000000
planetlab3.rutgers.edu,planetlab4.tamu.edu,file256KB.txt,2015/09/30 09:08:35,2015/09/30 09:09:00,24139.000000
planetlab3.rutgers.edu,planetlab4.tamu.edu,file512KB.txt,2015/09/30 09:09:00,2015/09/30 09:09:52,52982.000000
planetlab3.rutgers.edu,planetlab4.tamu.edu,file1MB.txt,2015/09/30 09:09:52,2015/09/30 09:11:32,99019.000000
planetlab3.wail.wisc.edu,planetlab4.tamu.edu,file32B.txt,2015/09/30 09:11:32,2015/09/30 09:11:33,1671.000000
planetlab3.wail.wisc.edu,planetlab4.tamu.edu,file1KB.txt,2015/09/30 09:11:33,2015/09/30 09:11:33,368.000000
planetlab3.wail.wisc.edu,planetlab4.tamu.edu,file256KB.txt,2015/09/30 09:11:33,2015/09/30 09:11:55,22046.000000
planetlab3.wail.wisc.edu,planetlab4.tamu.edu,file512KB.txt,2015/09/30 09:11:55,2015/09/30 09:12:39,44211.000000
planetlab3.wail.wisc.edu,planetlab4.tamu.edu,file1MB.txt,2015/09/30 09:12:39,2015/09/30 09:14:06,86858.000000
planetlab4.tamu.edu,planetlab4.tamu.edu,file32B.txt,2015/09/30 09:14:06,2015/09/30 09:14:06,3.000000
planetlab4.tamu.edu,planetlab4.tamu.edu,file1KB.txt,2015/09/30 09:14:06,2015/09/30 09:14:06,2.000000
planetlab4.tamu.edu,planetlab4.tamu.edu,file256KB.txt,2015/09/30 09:14:06,2015/09/30 09:14:06,93.000000
planetlab4.tamu.edu,planetlab4.tamu.edu,file512KB.txt,2015/09/30 09:14:06,2015/09/30 09:14:06,92.000000
planetlab4.tamu.edu,planetlab4.tamu.edu,file1MB.txt,2015/09/30 09:14:06,2015/09/30 09:14:07,1736.000000
planetlab-5.eecs.cwru.edu,planetlab4.tamu.edu,file32B.txt,2015/09/30 09:14:07,2015/09/30 09:14:07,479.000000
planetlab-5.eecs.cwru.edu,planetlab4.tamu.edu,file1KB.txt,2015/09/30 09:14:07,2015/09/30 09:14:07,379.000000
planetlab-5.eecs.cwru.edu,planetlab4.tamu.edu,file256KB.txt,2015/09/30 09:14:07,2015/09/30 09:14:30,23770.000000
planetlab-5.eecs.cwru.edu,planetlab4.tamu.edu,file512KB.txt,2015/09/30 09:14:30,2015/09/30 09:15:14,43635.000000
planetlab-5.eecs.cwru.edu,planetlab4.tamu.edu,file1MB.txt,2015/09/30 09:15:14,2015/09/30 09:16:42,87816.000000
planetlabone.ccs.neu.edu,planetlab4.tamu.edu,file32B.txt,2015/09/30 09:16:42,2015/09/30 09:16:43,1620.000000
planetlabone.ccs.neu.edu,planetlab4.tamu.edu,file1KB.txt,2015/09/30 09:16:43,2015/09/30 09:16:43,489.000000
planetlabone.ccs.neu.edu,planetlab4.tamu.edu,file256KB.txt,2015/09/30 09:16:43,2015/09/30 09:17:19,36188.000000
planetlabone.ccs.neu.edu,planetlab4.tamu.edu,file512KB.txt,2015/09/30 09:17:19,2015/09/30 09:18:31,71923.000000
planetlabone.ccs.neu.edu,planetlab4.tamu.edu,file1MB.txt,2015/09/30 09:18:31,2015/09/30 09:20:24,112930.000000
pl-node-0.csl.sri.com,planetlab4.tamu.edu,file32B.txt,2015/09/30 09:20:24,2015/09/30 09:20:25,1402.000000
pl-node-0.csl.sri.com,planetlab4.tamu.edu,file1KB.txt,2015/09/30 09:20:25,2015/09/30 09:20:25,452.000000
pl-node-0.csl.sri.com,planetlab4.tamu.edu,file256KB.txt,2015/09/30 09:20:25,2015/09/30 09:20:59,33991.000000
pl-node-0.csl.sri.com,planetlab4.tamu.edu,file512KB.txt,2015/09/30 09:20:59,2015/09/30 09:22:09,70518.000000
pl-node-0.csl.sri.com,planetlab4.tamu.edu,file1MB.txt,2015/09/30 09:22:09,2015/09/30 09:24:23,133523.000000
ricepl-5.cs.rice.edu,planetlab4.tamu.edu,file32B.txt,2015/09/30 09:24:23,2015/09/30 09:24:23,72.000000
ricepl-5.cs.rice.edu,planetlab4.tamu.edu,file1KB.txt,2015/09/30 09:24:23,2015/09/30 09:24:23,54.000000
ricepl-5.cs.rice.edu,planetlab4.tamu.edu,file256KB.txt,2015/09/30 09:24:23,2015/09/30 09:24:25,2555.000000
ricepl-5.cs.rice.edu,planetlab4.tamu.edu,file512KB.txt,2015/09/30 09:24:25,2015/09/30 09:24:28,3116.000000
ricepl-5.cs.rice.edu,planetlab4.tamu.edu,file1MB.txt,2015/09/30 09:24:28,2015/09/30 09:24:33,4306.000000
salt.planetlab.cs.umd.edu,planetlab4.tamu.edu,file32B.txt,2015/09/30 09:24:33,2015/09/30 09:24:34,1694.000000
salt.planetlab.cs.umd.edu,planetlab4.tamu.edu,file1KB.txt,2015/09/30 09:24:34,2015/09/30 09:24:34,734.000000
salt.planetlab.cs.umd.edu,planetlab4.tamu.edu,file256KB.txt,2015/09/30 09:24:34,2015/09/30 09:24:56,-22385.000000
salt.planetlab.cs.umd.edu,planetlab4.tamu.edu,file512KB.txt,2015/09/30 09:24:56,2015/09/30 09:25:39,42954.000000
salt.planetlab.cs.umd.edu,planetlab4.tamu.edu,file1MB.txt,2015/09/30 09:25:39,2015/09/30 09:27:05,86062.000000
pl1.eecs.utk.edu,planetlab4.tamu.edu,file32B.txt,2015/09/30 09:27:05,2015/09/30 09:27:06,1172.000000
pl1.eecs.utk.edu,planetlab4.tamu.edu,file1KB.txt,2015/09/30 09:27:06,2015/09/30 09:27:08,1893.000000
pl1.eecs.utk.edu,planetlab4.tamu.edu,file256KB.txt,2015/09/30 09:27:08,2015/09/30 09:29:34,145963.000000
pl1.eecs.utk.edu,planetlab4.tamu.edu,file512KB.txt,2015/09/30 09:29:34,2015/09/30 09:36:05,391487.000000
pl1.eecs.utk.edu,planetlab4.tamu.edu,file1MB.txt,2015/09/30 09:36:05,2015/09/30 09:56:14,1208063.000000
planetlab-01.vt.nodes.planet-lab.org,planetlab4.tamu.edu,file32B.txt,2015/09/30 09:56:14,2015/09/30 09:56:15,1552.000000
planetlab-01.vt.nodes.planet-lab.org,planetlab4.tamu.edu,file1KB.txt,2015/09/30 09:56:15,2015/09/30 09:56:15,414.000000
planetlab-01.vt.nodes.planet-lab.org,planetlab4.tamu.edu,file256KB.txt,2015/09/30 09:56:15,2015/09/30 09:56:41,26134.000000
planetlab-01.vt.nodes.planet-lab.org,planetlab4.tamu.edu,file512KB.txt,2015/09/30 09:56:41,2015/09/30 09:57:33,52585.000000
planetlab-01.vt.nodes.planet-lab.org,planetlab4.tamu.edu,file1MB.txt,2015/09/30 09:57:33,2015/09/30 09:59:15,101558.000000
planetlab-04.vt.nodes.planet-lab.org,planetlab4.tamu.edu,file32B.txt,2015/09/30 09:59:15,2015/09/30 09:59:15,363.000000
planetlab-04.vt.nodes.planet-lab.org,planetlab4.tamu.edu,file1KB.txt,2015/09/30 09:59:15,2015/09/30 09:59:16,1589.000000
planetlab-04.vt.nodes.planet-lab.org,planetlab4.tamu.edu,file256KB.txt,2015/09/30 09:59:16,2015/09/30 09:59:42,26201.000000
planetlab-04.vt.nodes.planet-lab.org,planetlab4.tamu.edu,file512KB.txt,2015/09/30 09:59:42,2015/09/30 10:00:33,50824.000000
planetlab-04.vt.nodes.planet-lab.org,planetlab4.tamu.edu,file1MB.txt,2015/09/30 10:00:33,2015/09/30 10:02:15,101513.000000
planetlab-4.eecs.cwru.edu,planetlab4.tamu.edu,file32B.txt,2015/09/30 10:02:15,2015/09/30 10:02:16,1696.000000
planetlab-4.eecs.cwru.edu,planetlab4.tamu.edu,file1KB.txt,2015/09/30 10:02:16,2015/09/30 10:02:16,317.000000
planetlab-4.eecs.cwru.edu,planetlab4.tamu.edu,file256KB.txt,2015/09/30 10:02:16,2015/09/30 10:02:38,21784.000000
planetlab-4.eecs.cwru.edu,planetlab4.tamu.edu,file512KB.txt,2015/09/30 10:02:38,2015/09/30 10:03:22,43829.000000
planetlab-4.eecs.cwru.edu,planetlab4.tamu.edu,file1MB.txt,2015/09/30 10:03:22,2015/09/30 10:04:50,87861.000000
planetlab01.cs.washington.edu,planetlab4.tamu.edu,file32B.txt,2015/09/30 10:04:50,2015/09/30 10:04:51,1632.000000
planetlab01.cs.washington.edu,planetlab4.tamu.edu,file1KB.txt,2015/09/30 10:04:51,2015/09/30 10:04:51,416.000000
planetlab01.cs.washington.edu,planetlab4.tamu.edu,file256KB.txt,2015/09/30 10:04:51,2015/09/30 10:05:17,25925.000000
planetlab01.cs.washington.edu,planetlab4.tamu.edu,file512KB.txt,2015/09/30 10:05:17,2015/09/30 10:06:09,52208.000000
planetlab01.cs.washington.edu,planetlab4.tamu.edu,file1MB.txt,2015/09/30 10:06:09,2015/09/30 10:07:52,102755.000000
planetlab02.cs.washington.edu,planetlab4.tamu.edu,file32B.txt,2015/09/30 10:07:52,2015/09/30 10:07:53,1589.000000
planetlab02.cs.washington.edu,planetlab4.tamu.edu,file1KB.txt,2015/09/30 10:07:53,2015/09/30 10:07:53,415.000000
planetlab02.cs.washington.edu,planetlab4.tamu.edu,file256KB.txt,2015/09/30 10:07:53,2015/09/30 10:08:19,25850.000000
planetlab02.cs.washington.edu,planetlab4.tamu.edu,file512KB.txt,2015/09/30 10:08:19,2015/09/30 10:09:11,52107.000000
planetlab02.cs.washington.edu,planetlab4.tamu.edu,file1MB.txt,2015/09/30 10:09:11,2015/09/30 10:10:55,104515.000000
planetlab1.arizona-gigapop.net,planetlab4.tamu.edu,file32B.txt,2015/09/30 10:10:55,2015/09/30 10:10:55,392.000000
planetlab1.arizona-gigapop.net,planetlab4.tamu.edu,file1KB.txt,2015/09/30 10:10:55,2015/09/30 10:10:55,308.000000
planetlab1.arizona-gigapop.net,planetlab4.tamu.edu,file256KB.txt,2015/09/30 10:10:55,2015/09/30 10:11:11,16413.000000
planetlab1.arizona-gigapop.net,planetlab4.tamu.edu,file512KB.txt,2015/09/30 10:11:11,2015/09/30 10:11:42,30985.000000
planetlab1.arizona-gigapop.net,planetlab4.tamu.edu,file1MB.txt,2015/09/30 10:11:42,2015/09/30 10:12:44,62111.000000
planetlab1.cs.unc.edu,planetlab4.tamu.edu,file32B.txt,2015/09/30 10:12:44,2015/09/30 10:12:44,357.000000
planetlab1.cs.unc.edu,planetlab4.tamu.edu,file1KB.txt,2015/09/30 10:12:44,2015/09/30 10:12:45,1660.000000
planetlab1.cs.unc.edu,planetlab4.tamu.edu,file256KB.txt,2015/09/30 10:12:45,2015/09/30 10:13:07,21436.000000
planetlab1.cs.unc.edu,planetlab4.tamu.edu,file512KB.txt,2015/09/30 10:13:07,2015/09/30 10:13:52,45301.000000
planetlab1.cs.unc.edu,planetlab4.tamu.edu,file1MB.txt,2015/09/30 10:13:52,2015/09/30 10:15:20,87608.000000
