ebb.colgate.edu,planetlab01.cs.washington.edu,file32B.txt,2015/09/30 04:13:58,2015/09/30 04:13:58,544.000000
ebb.colgate.edu,planetlab01.cs.washington.edu,file1KB.txt,2015/09/30 04:13:58,2015/09/30 04:13:59,1024.000000
ebb.colgate.edu,planetlab01.cs.washington.edu,file256KB.txt,2015/09/30 04:13:59,2015/09/30 04:15:07,68292.000000
ebb.colgate.edu,planetlab01.cs.washington.edu,file512KB.txt,2015/09/30 04:15:07,2015/09/30 04:17:21,134008.000000
ebb.colgate.edu,planetlab01.cs.washington.edu,file1MB.txt,2015/09/30 04:17:21,2015/09/30 04:21:35,254129.000000
kc-sce-plab2.umkc.edu,planetlab01.cs.washington.edu,file32B.txt,2015/09/30 04:21:35,2015/09/30 04:21:36,937.000000
kc-sce-plab2.umkc.edu,planetlab01.cs.washington.edu,file1KB.txt,2015/09/30 04:21:36,2015/09/30 04:21:37,688.000000
kc-sce-plab2.umkc.edu,planetlab01.cs.washington.edu,file256KB.txt,2015/09/30 04:21:37,2015/09/30 04:23:49,132548.000000
kc-sce-plab2.umkc.edu,planetlab01.cs.washington.edu,file512KB.txt,2015/09/30 04:23:49,2015/09/30 04:26:50,180404.000000
kc-sce-plab2.umkc.edu,planetlab01.cs.washington.edu,file1MB.txt,2015/09/30 04:26:50,2015/09/30 04:29:54,184173.000000
node1.planetlab.mathcs.emory.edu,planetlab01.cs.washington.edu,file32B.txt,2015/09/30 04:29:54,2015/09/30 04:29:55,1451.000000
node1.planetlab.mathcs.emory.edu,planetlab01.cs.washington.edu,file1KB.txt,2015/09/30 04:29:55,2015/09/30 04:29:55,476.000000
node1.planetlab.mathcs.emory.edu,planetlab01.cs.washington.edu,file256KB.txt,2015/09/30 04:29:55,2015/09/30 04:30:30,34828.000000
node1.planetlab.mathcs.emory.edu,planetlab01.cs.washington.edu,file512KB.txt,2015/09/30 04:30:30,2015/09/30 04:31:41,71554.000000
node1.planetlab.mathcs.emory.edu,planetlab01.cs.washington.edu,file1MB.txt,2015/09/30 04:31:41,2015/09/30 04:34:00,138510.000000
pl3.cs.unm.edu,planetlab01.cs.washington.edu,file32B.txt,2015/09/30 04:34:21,2015/09/30 04:34:22,1526.000000
pl3.cs.unm.edu,planetlab01.cs.washington.edu,file1KB.txt,2015/09/30 04:34:22,2015/09/30 04:34:22,405.000000
pl3.cs.unm.edu,planetlab01.cs.washington.edu,file256KB.txt,2015/09/30 04:34:22,2015/09/30 04:34:52,30141.000000
pl3.cs.unm.edu,planetlab01.cs.washington.edu,file512KB.txt,2015/09/30 04:34:52,2015/09/30 04:35:52,59988.000000
pl3.cs.unm.edu,planetlab01.cs.washington.edu,file1MB.txt,2015/09/30 04:35:52,2015/09/30 04:37:51,119383.000000
plab3.eece.ksu.edu,planetlab01.cs.washington.edu,file32B.txt,2015/09/30 04:37:51,2015/09/30 04:37:51,367.000000
plab3.eece.ksu.edu,planetlab01.cs.washington.edu,file1KB.txt,2015/09/30 04:37:51,2015/09/30 04:37:51,289.000000
plab3.eece.ksu.edu,planetlab01.cs.washington.edu,file256KB.txt,2015/09/30 04:37:51,2015/09/30 04:38:13,22814.000000
plab3.eece.ksu.edu,planetlab01.cs.washington.edu,file512KB.txt,2015/09/30 04:38:13,2015/09/30 04:38:55,-41905.000000
plab3.eece.ksu.edu,planetlab01.cs.washington.edu,file1MB.txt,2015/09/30 04:38:55,2015/09/30 04:40:19,83764.000000
planetlab-02.bu.edu,planetlab01.cs.washington.edu,file32B.txt,2015/09/30 04:40:19,2015/09/30 04:40:20,1419.000000
planetlab-02.bu.edu,planetlab01.cs.washington.edu,file1KB.txt,2015/09/30 04:40:20,2015/09/30 04:40:20,590.000000
planetlab-02.bu.edu,planetlab01.cs.washington.edu,file256KB.txt,2015/09/30 04:40:20,2015/09/30 04:41:03,43352.000000
planetlab-02.bu.edu,planetlab01.cs.washington.edu,file512KB.txt,2015/09/30 04:41:03,2015/09/30 04:42:29,86218.000000
planetlab-02.bu.edu,planetlab01.cs.washington.edu,file1MB.txt,2015/09/30 04:42:29,2015/09/30 04:45:21,171730.000000
planetlab1.clemson.edu,planetlab01.cs.washington.edu,file32B.txt,2015/09/30 04:45:42,2015/09/30 04:45:43,1448.000000
planetlab1.clemson.edu,planetlab01.cs.washington.edu,file1KB.txt,2015/09/30 04:45:43,2015/09/30 04:45:43,493.000000
planetlab1.clemson.edu,planetlab01.cs.washington.edu,file256KB.txt,2015/09/30 04:45:43,2015/09/30 04:46:20,37676.000000
planetlab1.clemson.edu,planetlab01.cs.washington.edu,file512KB.txt,2015/09/30 04:46:20,2015/09/30 04:47:32,71719.000000
planetlab1.clemson.edu,planetlab01.cs.washington.edu,file1MB.txt,2015/09/30 04:47:32,2015/09/30 04:49:56,143997.000000
planetlab1.cs.du.edu,planetlab01.cs.washington.edu,file32B.txt,2015/09/30 04:49:56,2015/09/30 04:49:57,1826.000000
planetlab1.cs.du.edu,planetlab01.cs.washington.edu,file1KB.txt,2015/09/30 04:49:57,2015/09/30 04:49:57,194.000000
planetlab1.cs.du.edu,planetlab01.cs.washington.edu,file256KB.txt,2015/09/30 04:49:57,2015/09/30 04:50:11,13534.000000
planetlab1.cs.du.edu,planetlab01.cs.washington.edu,file512KB.txt,2015/09/30 04:50:11,2015/09/30 04:50:40,29531.000000
planetlab1.cs.du.edu,planetlab01.cs.washington.edu,file1MB.txt,2015/09/30 04:50:40,2015/09/30 04:51:36,55542.000000
planetlab-1.cse.ohio-state.edu,planetlab01.cs.washington.edu,file32B.txt,2015/09/30 04:51:36,2015/09/30 04:51:43,6921.000000
planetlab-1.cse.ohio-state.edu,planetlab01.cs.washington.edu,file1KB.txt,2015/09/30 04:51:43,2015/09/30 04:52:31,48626.000000
planetlab-1.cse.ohio-state.edu,planetlab01.cs.washington.edu,file256KB.txt,2015/09/30 04:52:31,2015/09/30 05:13:10,1238330.000000
planetlab-1.cse.ohio-state.edu,planetlab01.cs.washington.edu,file512KB.txt,2015/09/30 05:13:10,2015/09/30 05:54:39,1805147.000000
planetlab-1.cse.ohio-state.edu,planetlab01.cs.washington.edu,file1MB.txt,2015/09/30 05:54:39,2015/09/30 07:15:42,567278.000000
planetlab1.cs.okstate.edu,planetlab01.cs.washington.edu,file32B.txt,2015/09/30 07:15:42,2015/09/30 07:15:43,1544.000000
planetlab1.cs.okstate.edu,planetlab01.cs.washington.edu,file1KB.txt,2015/09/30 07:15:43,2015/09/30 07:15:43,308.000000
planetlab1.cs.okstate.edu,planetlab01.cs.washington.edu,file256KB.txt,2015/09/30 07:15:43,2015/09/30 07:16:06,23221.000000
planetlab1.cs.okstate.edu,planetlab01.cs.washington.edu,file512KB.txt,2015/09/30 07:16:06,2015/09/30 07:16:51,44738.000000
planetlab1.cs.okstate.edu,planetlab01.cs.washington.edu,file1MB.txt,2015/09/30 07:16:51,2015/09/30 07:18:21,89800.000000
planetlab1.cs.ucla.edu,planetlab01.cs.washington.edu,file32B.txt,2015/09/30 07:18:21,2015/09/30 07:18:21,161.000000
planetlab1.cs.ucla.edu,planetlab01.cs.washington.edu,file1KB.txt,2015/09/30 07:18:21,2015/09/30 07:18:22,1813.000000
planetlab1.cs.ucla.edu,planetlab01.cs.washington.edu,file256KB.txt,2015/09/30 07:18:22,2015/09/30 07:18:35,12324.000000
planetlab1.cs.ucla.edu,planetlab01.cs.washington.edu,file512KB.txt,2015/09/30 07:18:35,2015/09/30 07:19:03,28779.000000
planetlab1.cs.ucla.edu,planetlab01.cs.washington.edu,file1MB.txt,2015/09/30 07:19:03,2015/09/30 07:19:58,54901.000000
planetlab1.csuohio.edu,planetlab01.cs.washington.edu,file32B.txt,2015/09/30 07:19:58,2015/09/30 07:19:58,380.000000
planetlab1.csuohio.edu,planetlab01.cs.washington.edu,file1KB.txt,2015/09/30 07:19:58,2015/09/30 07:19:58,412.000000
planetlab1.csuohio.edu,planetlab01.cs.washington.edu,file256KB.txt,2015/09/30 07:19:58,2015/09/30 07:20:29,31367.000000
planetlab1.csuohio.edu,planetlab01.cs.washington.edu,file512KB.txt,2015/09/30 07:20:29,2015/09/30 07:21:30,60993.000000
planetlab1.csuohio.edu,planetlab01.cs.washington.edu,file1MB.txt,2015/09/30 07:21:30,2015/09/30 07:23:32,122464.000000
planetlab1.ucsd.edu,planetlab01.cs.washington.edu,file32B.txt,2015/09/30 07:23:53,2015/09/30 07:23:53,238.000000
planetlab1.ucsd.edu,planetlab01.cs.washington.edu,file1KB.txt,2015/09/30 07:23:53,2015/09/30 07:23:53,204.000000
planetlab1.ucsd.edu,planetlab01.cs.washington.edu,file256KB.txt,2015/09/30 07:23:53,2015/09/30 07:24:08,15156.000000
planetlab1.ucsd.edu,planetlab01.cs.washington.edu,file512KB.txt,2015/09/30 07:24:08,2015/09/30 07:24:37,28500.000000
planetlab1.ucsd.edu,planetlab01.cs.washington.edu,file1MB.txt,2015/09/30 07:24:37,2015/09/30 07:25:44,67841.000000
planetlab2.acis.ufl.edu,planetlab01.cs.washington.edu,file32B.txt,2015/09/30 07:25:44,2015/09/30 07:25:44,699.000000
planetlab2.acis.ufl.edu,planetlab01.cs.washington.edu,file1KB.txt,2015/09/30 07:25:44,2015/09/30 07:25:45,1433.000000
planetlab2.acis.ufl.edu,planetlab01.cs.washington.edu,file256KB.txt,2015/09/30 07:25:45,2015/09/30 07:26:27,42350.000000
planetlab2.acis.ufl.edu,planetlab01.cs.washington.edu,file512KB.txt,2015/09/30 07:26:27,2015/09/30 07:27:50,83030.000000
planetlab2.acis.ufl.edu,planetlab01.cs.washington.edu,file1MB.txt,2015/09/30 07:27:50,2015/09/30 07:30:36,165223.000000
planetlab2.arizona-gigapop.net,planetlab01.cs.washington.edu,file32B.txt,2015/09/30 07:30:36,2015/09/30 07:30:37,1713.000000
planetlab2.arizona-gigapop.net,planetlab01.cs.washington.edu,file1KB.txt,2015/09/30 07:30:37,2015/09/30 07:30:37,266.000000
planetlab2.arizona-gigapop.net,planetlab01.cs.washington.edu,file256KB.txt,2015/09/30 07:30:37,2015/09/30 07:30:56,18575.000000
planetlab2.arizona-gigapop.net,planetlab01.cs.washington.edu,file512KB.txt,2015/09/30 07:30:56,2015/09/30 07:31:35,39209.000000
planetlab2.arizona-gigapop.net,planetlab01.cs.washington.edu,file1MB.txt,2015/09/30 07:31:35,2015/09/30 07:32:52,76975.000000
planetlab2.citadel.edu,planetlab01.cs.washington.edu,file32B.txt,2015/09/30 07:32:52,2015/09/30 07:32:53,1526.000000
planetlab2.citadel.edu,planetlab01.cs.washington.edu,file1KB.txt,2015/09/30 07:32:53,2015/09/30 07:32:53,550.000000
planetlab2.citadel.edu,planetlab01.cs.washington.edu,file256KB.txt,2015/09/30 07:32:53,2015/09/30 07:33:34,41620.000000
planetlab2.citadel.edu,planetlab01.cs.washington.edu,file512KB.txt,2015/09/30 07:33:34,2015/09/30 07:34:54,79969.000000
planetlab2.citadel.edu,planetlab01.cs.washington.edu,file1MB.txt,2015/09/30 07:34:54,2015/09/30 07:37:34,159536.000000
planetlab2.cs.pitt.edu,planetlab01.cs.washington.edu,file32B.txt,2015/09/30 07:37:34,2015/09/30 07:37:35,1488.000000
planetlab2.cs.pitt.edu,planetlab01.cs.washington.edu,file1KB.txt,2015/09/30 07:37:35,2015/09/30 07:37:35,444.000000
planetlab2.cs.pitt.edu,planetlab01.cs.washington.edu,file256KB.txt,2015/09/30 07:37:35,2015/09/30 07:38:08,33227.000000
planetlab2.cs.pitt.edu,planetlab01.cs.washington.edu,file512KB.txt,2015/09/30 07:38:08,2015/09/30 07:39:14,66043.000000
planetlab2.cs.pitt.edu,planetlab01.cs.washington.edu,file1MB.txt,2015/09/30 07:39:14,2015/09/30 07:41:24,129588.000000
planetlab2.cs.purdue.edu,planetlab01.cs.washington.edu,file32B.txt,2015/09/30 07:41:24,2015/09/30 07:41:25,1605.000000
planetlab2.cs.purdue.edu,planetlab01.cs.washington.edu,file1KB.txt,2015/09/30 07:41:25,2015/09/30 07:41:25,488.000000
planetlab2.cs.purdue.edu,planetlab01.cs.washington.edu,file256KB.txt,2015/09/30 07:41:25,2015/09/30 07:42:00,35619.000000
planetlab2.cs.purdue.edu,planetlab01.cs.washington.edu,file512KB.txt,2015/09/30 07:42:00,2015/09/30 07:43:06,65527.000000
planetlab2.cs.purdue.edu,planetlab01.cs.washington.edu,file1MB.txt,2015/09/30 07:43:06,2015/09/30 07:45:21,135685.000000
planetlab2.cs.uml.edu,planetlab01.cs.washington.edu,file32B.txt,2015/09/30 07:46:03,2015/09/30 07:46:03,532.000000
planetlab2.cs.uml.edu,planetlab01.cs.washington.edu,file1KB.txt,2015/09/30 07:46:03,2015/09/30 07:46:04,1469.000000
planetlab2.cs.uml.edu,planetlab01.cs.washington.edu,file256KB.txt,2015/09/30 07:46:04,2015/09/30 07:46:58,54099.000000
planetlab2.cs.uml.edu,planetlab01.cs.washington.edu,file512KB.txt,2015/09/30 07:46:58,2015/09/30 07:48:15,76718.000000
planetlab2.cs.uml.edu,planetlab01.cs.washington.edu,file1MB.txt,2015/09/30 07:48:15,2015/09/30 07:50:49,153702.000000
planetlab2.cs.unc.edu,planetlab01.cs.washington.edu,file32B.txt,2015/09/30 07:50:49,2015/09/30 07:50:50,1517.000000
planetlab2.cs.unc.edu,planetlab01.cs.washington.edu,file1KB.txt,2015/09/30 07:50:50,2015/09/30 07:50:50,565.000000
planetlab2.cs.unc.edu,planetlab01.cs.washington.edu,file256KB.txt,2015/09/30 07:50:50,2015/09/30 07:51:32,42722.000000
planetlab2.cs.unc.edu,planetlab01.cs.washington.edu,file512KB.txt,2015/09/30 07:51:32,2015/09/30 07:52:54,81313.000000
planetlab2.cs.unc.edu,planetlab01.cs.washington.edu,file1MB.txt,2015/09/30 07:52:54,2015/09/30 07:55:38,163843.000000
planetlab2.cs.uoregon.edu,planetlab01.cs.washington.edu,file32B.txt,2015/09/30 07:55:38,2015/09/30 07:55:39,1948.000000
planetlab2.cs.uoregon.edu,planetlab01.cs.washington.edu,file1KB.txt,2015/09/30 07:55:39,2015/09/30 07:55:39,56.000000
planetlab2.cs.uoregon.edu,planetlab01.cs.washington.edu,file256KB.txt,2015/09/30 07:55:39,2015/09/30 07:55:43,3964.000000
planetlab2.cs.uoregon.edu,planetlab01.cs.washington.edu,file512KB.txt,2015/09/30 07:55:43,2015/09/30 07:55:50,6499.000000
planetlab2.cs.uoregon.edu,planetlab01.cs.washington.edu,file1MB.txt,2015/09/30 07:55:50,2015/09/30 07:56:05,15070.000000
planetlab2.temple.edu,planetlab01.cs.washington.edu,file32B.txt,2015/09/30 07:56:05,2015/09/30 07:56:06,1493.000000
planetlab2.temple.edu,planetlab01.cs.washington.edu,file1KB.txt,2015/09/30 07:56:06,2015/09/30 07:56:06,502.000000
planetlab2.temple.edu,planetlab01.cs.washington.edu,file256KB.txt,2015/09/30 07:56:06,2015/09/30 07:56:43,37086.000000
planetlab2.temple.edu,planetlab01.cs.washington.edu,file512KB.txt,2015/09/30 07:56:43,2015/09/30 07:57:56,73273.000000
planetlab2.temple.edu,planetlab01.cs.washington.edu,file1MB.txt,2015/09/30 07:57:56,2015/09/30 08:00:22,146129.000000
planetlab2.unl.edu,planetlab01.cs.washington.edu,file32B.txt,2015/09/30 08:00:22,2015/09/30 08:00:22,328.000000
planetlab2.unl.edu,planetlab01.cs.washington.edu,file1KB.txt,2015/09/30 08:00:22,2015/09/30 08:00:22,381.000000
planetlab2.unl.edu,planetlab01.cs.washington.edu,file256KB.txt,2015/09/30 08:00:22,2015/09/30 08:00:50,27897.000000
planetlab2.unl.edu,planetlab01.cs.washington.edu,file512KB.txt,2015/09/30 08:00:50,2015/09/30 08:01:46,56155.000000
planetlab2.unl.edu,planetlab01.cs.washington.edu,file1MB.txt,2015/09/30 08:01:46,2015/09/30 08:03:38,112570.000000
planetlab2.unr.edu,planetlab01.cs.washington.edu,file32B.txt,2015/09/30 08:03:38,2015/09/30 08:03:38,190.000000
planetlab2.unr.edu,planetlab01.cs.washington.edu,file1KB.txt,2015/09/30 08:03:38,2015/09/30 08:03:38,175.000000
planetlab2.unr.edu,planetlab01.cs.washington.edu,file256KB.txt,2015/09/30 08:03:38,2015/09/30 08:03:51,13190.000000
planetlab2.unr.edu,planetlab01.cs.washington.edu,file512KB.txt,2015/09/30 08:03:51,2015/09/30 08:04:16,24715.000000
planetlab2.unr.edu,planetlab01.cs.washington.edu,file1MB.txt,2015/09/30 08:04:16,2015/09/30 08:05:07,51551.000000
planetlab2.uta.edu,planetlab01.cs.washington.edu,file32B.txt,2015/09/30 08:05:07,2015/09/30 08:05:07,342.000000
planetlab2.uta.edu,planetlab01.cs.washington.edu,file1KB.txt,2015/09/30 08:05:07,2015/09/30 08:05:07,350.000000
planetlab2.uta.edu,planetlab01.cs.washington.edu,file256KB.txt,2015/09/30 08:05:07,2015/09/30 08:05:36,29779.000000
planetlab2.uta.edu,planetlab01.cs.washington.edu,file512KB.txt,2015/09/30 08:05:36,2015/09/30 08:06:32,55413.000000
planetlab2.uta.edu,planetlab01.cs.washington.edu,file1MB.txt,2015/09/30 08:06:32,2015/09/30 08:08:22,110485.000000
planetlab2.utdallas.edu,planetlab01.cs.washington.edu,file32B.txt,2015/09/30 08:08:22,2015/09/30 08:08:22,403.000000
planetlab2.utdallas.edu,planetlab01.cs.washington.edu,file1KB.txt,2015/09/30 08:08:22,2015/09/30 08:08:22,396.000000
planetlab2.utdallas.edu,planetlab01.cs.washington.edu,file256KB.txt,2015/09/30 08:08:22,2015/09/30 08:08:51,28999.000000
planetlab2.utdallas.edu,planetlab01.cs.washington.edu,file512KB.txt,2015/09/30 08:08:51,2015/09/30 08:09:49,58176.000000
planetlab2.utdallas.edu,planetlab01.cs.washington.edu,file1MB.txt,2015/09/30 08:09:49,2015/09/30 08:11:44,114776.000000
planetlab3.eecs.umich.edu,planetlab01.cs.washington.edu,file32B.txt,2015/09/30 08:11:44,2015/09/30 08:11:45,1614.000000
planetlab3.eecs.umich.edu,planetlab01.cs.washington.edu,file1KB.txt,2015/09/30 08:11:45,2015/09/30 08:11:45,381.000000
planetlab3.eecs.umich.edu,planetlab01.cs.washington.edu,file256KB.txt,2015/09/30 08:11:45,2015/09/30 08:12:13,27964.000000
planetlab3.eecs.umich.edu,planetlab01.cs.washington.edu,file512KB.txt,2015/09/30 08:12:13,2015/09/30 08:13:09,-56169.000000
planetlab3.eecs.umich.edu,planetlab01.cs.washington.edu,file1MB.txt,2015/09/30 08:13:09,2015/09/30 08:15:00,110984.000000
planetlab3.rutgers.edu,planetlab01.cs.washington.edu,file32B.txt,2015/09/30 08:15:00,2015/09/30 08:15:01,858.000000
planetlab3.rutgers.edu,planetlab01.cs.washington.edu,file1KB.txt,2015/09/30 08:15:01,2015/09/30 08:15:02,827.000000
planetlab3.rutgers.edu,planetlab01.cs.washington.edu,file256KB.txt,2015/09/30 08:15:02,2015/09/30 08:16:46,104731.000000
planetlab3.rutgers.edu,planetlab01.cs.washington.edu,file512KB.txt,2015/09/30 08:16:46,2015/09/30 08:19:51,184588.000000
planetlab3.rutgers.edu,planetlab01.cs.washington.edu,file1MB.txt,2015/09/30 08:19:51,2015/09/30 08:25:37,345868.000000
planetlab3.wail.wisc.edu,planetlab01.cs.washington.edu,file32B.txt,2015/09/30 08:25:37,2015/09/30 08:25:38,1460.000000
planetlab3.wail.wisc.edu,planetlab01.cs.washington.edu,file1KB.txt,2015/09/30 08:25:38,2015/09/30 08:25:38,466.000000
planetlab3.wail.wisc.edu,planetlab01.cs.washington.edu,file256KB.txt,2015/09/30 08:25:38,2015/09/30 08:26:13,35603.000000
planetlab3.wail.wisc.edu,planetlab01.cs.washington.edu,file512KB.txt,2015/09/30 08:26:13,2015/09/30 08:27:21,67504.000000
planetlab3.wail.wisc.edu,planetlab01.cs.washington.edu,file1MB.txt,2015/09/30 08:27:21,2015/09/30 08:29:38,137558.000000
planetlab4.tamu.edu,planetlab01.cs.washington.edu,file32B.txt,2015/09/30 08:29:38,2015/09/30 08:29:38,406.000000
planetlab4.tamu.edu,planetlab01.cs.washington.edu,file1KB.txt,2015/09/30 08:29:38,2015/09/30 08:29:38,355.000000
planetlab4.tamu.edu,planetlab01.cs.washington.edu,file256KB.txt,2015/09/30 08:29:38,2015/09/30 08:30:05,27861.000000
planetlab4.tamu.edu,planetlab01.cs.washington.edu,file512KB.txt,2015/09/30 08:30:05,2015/09/30 08:30:56,50139.000000
planetlab4.tamu.edu,planetlab01.cs.washington.edu,file1MB.txt,2015/09/30 08:30:56,2015/09/30 08:32:40,104573.000000
planetlab-5.eecs.cwru.edu,planetlab01.cs.washington.edu,file32B.txt,2015/09/30 08:32:40,2015/09/30 08:32:40,546.000000
planetlab-5.eecs.cwru.edu,planetlab01.cs.washington.edu,file1KB.txt,2015/09/30 08:32:40,2015/09/30 08:32:41,1515.000000
planetlab-5.eecs.cwru.edu,planetlab01.cs.washington.edu,file256KB.txt,2015/09/30 08:32:41,2015/09/30 08:33:16,34834.000000
planetlab-5.eecs.cwru.edu,planetlab01.cs.washington.edu,file512KB.txt,2015/09/30 08:33:16,2015/09/30 08:34:26,70146.000000
planetlab-5.eecs.cwru.edu,planetlab01.cs.washington.edu,file1MB.txt,2015/09/30 08:34:26,2015/09/30 08:36:46,140333.000000
planetlabone.ccs.neu.edu,planetlab01.cs.washington.edu,file32B.txt,2015/09/30 08:36:46,2015/09/30 08:36:46,606.000000
planetlabone.ccs.neu.edu,planetlab01.cs.washington.edu,file1KB.txt,2015/09/30 08:36:46,2015/09/30 08:36:47,1202.000000
planetlabone.ccs.neu.edu,planetlab01.cs.washington.edu,file256KB.txt,2015/09/30 08:36:47,2015/09/30 08:37:49,62372.000000
planetlabone.ccs.neu.edu,planetlab01.cs.washington.edu,file512KB.txt,2015/09/30 08:37:49,2015/09/30 08:39:13,83736.000000
planetlabone.ccs.neu.edu,planetlab01.cs.washington.edu,file1MB.txt,2015/09/30 08:39:13,2015/09/30 08:41:47,153707.000000
pl-node-0.csl.sri.com,planetlab01.cs.washington.edu,file32B.txt,2015/09/30 08:41:47,2015/09/30 08:41:47,127.000000
pl-node-0.csl.sri.com,planetlab01.cs.washington.edu,file1KB.txt,2015/09/30 08:41:47,2015/09/30 08:41:47,147.000000
pl-node-0.csl.sri.com,planetlab01.cs.washington.edu,file256KB.txt,2015/09/30 08:41:47,2015/09/30 08:41:58,11245.000000
pl-node-0.csl.sri.com,planetlab01.cs.washington.edu,file512KB.txt,2015/09/30 08:41:58,2015/09/30 08:42:20,22576.000000
pl-node-0.csl.sri.com,planetlab01.cs.washington.edu,file1MB.txt,2015/09/30 08:42:20,2015/09/30 08:43:03,43036.000000
ricepl-5.cs.rice.edu,planetlab01.cs.washington.edu,file32B.txt,2015/09/30 08:43:03,2015/09/30 08:43:03,318.000000
ricepl-5.cs.rice.edu,planetlab01.cs.washington.edu,file1KB.txt,2015/09/30 08:43:03,2015/09/30 08:43:03,370.000000
ricepl-5.cs.rice.edu,planetlab01.cs.washington.edu,file256KB.txt,2015/09/30 08:43:03,2015/09/30 08:43:30,27069.000000
ricepl-5.cs.rice.edu,planetlab01.cs.washington.edu,file512KB.txt,2015/09/30 08:43:30,2015/09/30 08:44:24,54430.000000
ricepl-5.cs.rice.edu,planetlab01.cs.washington.edu,file1MB.txt,2015/09/30 08:44:24,2015/09/30 08:46:11,106849.000000
salt.planetlab.cs.umd.edu,planetlab01.cs.washington.edu,file32B.txt,2015/09/30 08:46:11,2015/09/30 08:46:12,1382.000000
salt.planetlab.cs.umd.edu,planetlab01.cs.washington.edu,file1KB.txt,2015/09/30 08:46:12,2015/09/30 08:46:12,482.000000
salt.planetlab.cs.umd.edu,planetlab01.cs.washington.edu,file256KB.txt,2015/09/30 08:46:12,2015/09/30 08:46:47,34930.000000
salt.planetlab.cs.umd.edu,planetlab01.cs.washington.edu,file512KB.txt,2015/09/30 08:46:47,2015/09/30 08:47:57,70233.000000
salt.planetlab.cs.umd.edu,planetlab01.cs.washington.edu,file1MB.txt,2015/09/30 08:47:57,2015/09/30 08:50:16,139016.000000
pl1.eecs.utk.edu,planetlab01.cs.washington.edu,file32B.txt,2015/09/30 08:50:16,2015/09/30 08:50:17,842.000000
pl1.eecs.utk.edu,planetlab01.cs.washington.edu,file1KB.txt,2015/09/30 08:50:17,2015/09/30 08:50:19,2605.000000
pl1.eecs.utk.edu,planetlab01.cs.washington.edu,file256KB.txt,2015/09/30 08:50:19,2015/09/30 08:52:33,133334.000000
pl1.eecs.utk.edu,planetlab01.cs.washington.edu,file512KB.txt,2015/09/30 08:52:33,2015/09/30 08:56:32,238834.000000
pl1.eecs.utk.edu,planetlab01.cs.washington.edu,file1MB.txt,2015/09/30 08:56:32,2015/09/30 09:03:59,447002.000000
planetlab-01.vt.nodes.planet-lab.org,planetlab01.cs.washington.edu,file32B.txt,2015/09/30 09:03:59,2015/09/30 09:04:00,1359.000000
planetlab-01.vt.nodes.planet-lab.org,planetlab01.cs.washington.edu,file1KB.txt,2015/09/30 09:04:00,2015/09/30 09:04:01,1442.000000
planetlab-01.vt.nodes.planet-lab.org,planetlab01.cs.washington.edu,file256KB.txt,2015/09/30 09:04:01,2015/09/30 09:04:42,40739.000000
planetlab-01.vt.nodes.planet-lab.org,planetlab01.cs.washington.edu,file512KB.txt,2015/09/30 09:04:42,2015/09/30 09:06:04,81781.000000
planetlab-01.vt.nodes.planet-lab.org,planetlab01.cs.washington.edu,file1MB.txt,2015/09/30 09:06:04,2015/09/30 09:08:49,165394.000000
planetlab-04.vt.nodes.planet-lab.org,planetlab01.cs.washington.edu,file32B.txt,2015/09/30 09:08:49,2015/09/30 09:08:49,626.000000
planetlab-04.vt.nodes.planet-lab.org,planetlab01.cs.washington.edu,file1KB.txt,2015/09/30 09:08:49,2015/09/30 09:08:50,1438.000000
planetlab-04.vt.nodes.planet-lab.org,planetlab01.cs.washington.edu,file256KB.txt,2015/09/30 09:08:50,2015/09/30 09:09:31,40767.000000
planetlab-04.vt.nodes.planet-lab.org,planetlab01.cs.washington.edu,file512KB.txt,2015/09/30 09:09:31,2015/09/30 09:10:53,82404.000000
planetlab-04.vt.nodes.planet-lab.org,planetlab01.cs.washington.edu,file1MB.txt,2015/09/30 09:10:53,2015/09/30 09:13:36,162515.000000
planetlab-4.eecs.cwru.edu,planetlab01.cs.washington.edu,file32B.txt,2015/09/30 09:13:36,2015/09/30 09:13:37,1511.000000
planetlab-4.eecs.cwru.edu,planetlab01.cs.washington.edu,file1KB.txt,2015/09/30 09:13:37,2015/09/30 09:13:37,478.000000
planetlab-4.eecs.cwru.edu,planetlab01.cs.washington.edu,file256KB.txt,2015/09/30 09:13:37,2015/09/30 09:14:12,34886.000000
planetlab-4.eecs.cwru.edu,planetlab01.cs.washington.edu,file512KB.txt,2015/09/30 09:14:12,2015/09/30 09:15:22,70025.000000
planetlab-4.eecs.cwru.edu,planetlab01.cs.washington.edu,file1MB.txt,2015/09/30 09:15:22,2015/09/30 09:17:42,140042.000000
planetlab01.cs.washington.edu,planetlab01.cs.washington.edu,file32B.txt,2015/09/30 09:17:42,2015/09/30 09:17:42,1.000000
planetlab01.cs.washington.edu,planetlab01.cs.washington.edu,file1KB.txt,2015/09/30 09:17:42,2015/09/30 09:17:42,1.000000
planetlab01.cs.washington.edu,planetlab01.cs.washington.edu,file256KB.txt,2015/09/30 09:17:42,2015/09/30 09:17:42,32.000000
planetlab01.cs.washington.edu,planetlab01.cs.washington.edu,file512KB.txt,2015/09/30 09:17:42,2015/09/30 09:17:42,63.000000
planetlab01.cs.washington.edu,planetlab01.cs.washington.edu,file1MB.txt,2015/09/30 09:17:42,2015/09/30 09:17:42,126.000000
planetlab02.cs.washington.edu,planetlab01.cs.washington.edu,file32B.txt,2015/09/30 09:17:42,2015/09/30 09:17:42,5.000000
planetlab02.cs.washington.edu,planetlab01.cs.washington.edu,file1KB.txt,2015/09/30 09:17:42,2015/09/30 09:17:42,4.000000
planetlab02.cs.washington.edu,planetlab01.cs.washington.edu,file256KB.txt,2015/09/30 09:17:42,2015/09/30 09:17:43,1896.000000
planetlab02.cs.washington.edu,planetlab01.cs.washington.edu,file512KB.txt,2015/09/30 09:17:43,2015/09/30 09:17:43,208.000000
planetlab02.cs.washington.edu,planetlab01.cs.washington.edu,file1MB.txt,2015/09/30 09:17:43,2015/09/30 09:17:43,411.000000
planetlab1.arizona-gigapop.net,planetlab01.cs.washington.edu,file32B.txt,2015/09/30 09:17:43,2015/09/30 09:17:43,227.000000
planetlab1.arizona-gigapop.net,planetlab01.cs.washington.edu,file1KB.txt,2015/09/30 09:17:43,2015/09/30 09:17:44,1736.000000
planetlab1.arizona-gigapop.net,planetlab01.cs.washington.edu,file256KB.txt,2015/09/30 09:17:44,2015/09/30 09:18:03,18618.000000
planetlab1.arizona-gigapop.net,planetlab01.cs.washington.edu,file512KB.txt,2015/09/30 09:18:03,2015/09/30 09:18:41,37625.000000
planetlab1.arizona-gigapop.net,planetlab01.cs.washington.edu,file1MB.txt,2015/09/30 09:18:41,2015/09/30 09:19:58,77239.000000
planetlab1.cs.unc.edu,planetlab01.cs.washington.edu,file32B.txt,2015/09/30 09:19:58,2015/09/30 09:19:59,1523.000000
planetlab1.cs.unc.edu,planetlab01.cs.washington.edu,file1KB.txt,2015/09/30 09:19:59,2015/09/30 09:19:59,554.000000
planetlab1.cs.unc.edu,planetlab01.cs.washington.edu,file256KB.txt,2015/09/30 09:19:59,2015/09/30 09:20:40,41151.000000
planetlab1.cs.unc.edu,planetlab01.cs.washington.edu,file512KB.txt,2015/09/30 09:20:40,2015/09/30 09:22:01,80841.000000
planetlab1.cs.unc.edu,planetlab01.cs.washington.edu,file1MB.txt,2015/09/30 09:22:01,2015/09/30 09:24:43,-162131.000000
