ebb.colgate.edu,planetlab2.cs.uml.edu,file32B.txt,2015/09/30 04:12:52,2015/09/30 04:12:52,421.000000
ebb.colgate.edu,planetlab2.cs.uml.edu,file1KB.txt,2015/09/30 04:12:52,2015/09/30 04:12:53,1607.000000
ebb.colgate.edu,planetlab2.cs.uml.edu,file256KB.txt,2015/09/30 04:12:53,2015/09/30 04:13:18,24379.000000
ebb.colgate.edu,planetlab2.cs.uml.edu,file512KB.txt,2015/09/30 04:13:18,2015/09/30 04:14:10,52067.000000
ebb.colgate.edu,planetlab2.cs.uml.edu,file1MB.txt,2015/09/30 04:14:10,2015/09/30 04:15:57,107410.000000
kc-sce-plab2.umkc.edu,planetlab2.cs.uml.edu,file32B.txt,2015/09/30 04:15:57,2015/09/30 04:15:58,856.000000
kc-sce-plab2.umkc.edu,planetlab2.cs.uml.edu,file1KB.txt,2015/09/30 04:15:58,2015/09/30 04:15:59,1120.000000
kc-sce-plab2.umkc.edu,planetlab2.cs.uml.edu,file256KB.txt,2015/09/30 04:15:59,2015/09/30 04:16:20,21294.000000
kc-sce-plab2.umkc.edu,planetlab2.cs.uml.edu,file512KB.txt,2015/09/30 04:16:20,2015/09/30 04:17:19,58329.000000
kc-sce-plab2.umkc.edu,planetlab2.cs.uml.edu,file1MB.txt,2015/09/30 04:17:19,2015/09/30 04:22:46,327152.000000
node1.planetlab.mathcs.emory.edu,planetlab2.cs.uml.edu,file32B.txt,2015/09/30 04:22:46,2015/09/30 04:22:47,976.000000
node1.planetlab.mathcs.emory.edu,planetlab2.cs.uml.edu,file1KB.txt,2015/09/30 04:22:47,2015/09/30 04:22:48,1537.000000
node1.planetlab.mathcs.emory.edu,planetlab2.cs.uml.edu,file256KB.txt,2015/09/30 04:22:48,2015/09/30 04:23:12,23547.000000
node1.planetlab.mathcs.emory.edu,planetlab2.cs.uml.edu,file512KB.txt,2015/09/30 04:23:12,2015/09/30 04:24:01,49563.000000
node1.planetlab.mathcs.emory.edu,planetlab2.cs.uml.edu,file1MB.txt,2015/09/30 04:24:01,2015/09/30 04:25:37,95444.000000
pl3.cs.unm.edu,planetlab2.cs.uml.edu,file32B.txt,2015/09/30 04:25:58,2015/09/30 04:25:59,1446.000000
pl3.cs.unm.edu,planetlab2.cs.uml.edu,file1KB.txt,2015/09/30 04:25:59,2015/09/30 04:26:00,1450.000000
pl3.cs.unm.edu,planetlab2.cs.uml.edu,file256KB.txt,2015/09/30 04:26:00,2015/09/30 04:26:29,28095.000000
pl3.cs.unm.edu,planetlab2.cs.uml.edu,file512KB.txt,2015/09/30 04:26:29,2015/09/30 04:27:29,60736.000000
pl3.cs.unm.edu,planetlab2.cs.uml.edu,file1MB.txt,2015/09/30 04:27:29,2015/09/30 04:29:28,118463.000000
plab3.eece.ksu.edu,planetlab2.cs.uml.edu,file32B.txt,2015/09/30 04:29:28,2015/09/30 04:29:29,1338.000000
plab3.eece.ksu.edu,planetlab2.cs.uml.edu,file1KB.txt,2015/09/30 04:29:29,2015/09/30 04:29:29,466.000000
plab3.eece.ksu.edu,planetlab2.cs.uml.edu,file256KB.txt,2015/09/30 04:29:29,2015/09/30 04:29:51,22319.000000
plab3.eece.ksu.edu,planetlab2.cs.uml.edu,file512KB.txt,2015/09/30 04:29:51,2015/09/30 04:30:35,44068.000000
plab3.eece.ksu.edu,planetlab2.cs.uml.edu,file1MB.txt,2015/09/30 04:30:35,2015/09/30 04:32:01,86188.000000
planetlab-02.bu.edu,planetlab2.cs.uml.edu,file32B.txt,2015/09/30 04:32:01,2015/09/30 04:32:01,229.000000
planetlab-02.bu.edu,planetlab2.cs.uml.edu,file1KB.txt,2015/09/30 04:32:01,2015/09/30 04:32:02,1713.000000
planetlab-02.bu.edu,planetlab2.cs.uml.edu,file256KB.txt,2015/09/30 04:32:02,2015/09/30 04:32:13,10367.000000
planetlab-02.bu.edu,planetlab2.cs.uml.edu,file512KB.txt,2015/09/30 04:32:13,2015/09/30 04:32:36,22904.000000
planetlab-02.bu.edu,planetlab2.cs.uml.edu,file1MB.txt,2015/09/30 04:32:36,2015/09/30 04:33:24,48008.000000
planetlab1.clemson.edu,planetlab2.cs.uml.edu,file32B.txt,2015/09/30 04:33:49,2015/09/30 04:33:50,1592.000000
planetlab1.clemson.edu,planetlab2.cs.uml.edu,file1KB.txt,2015/09/30 04:33:50,2015/09/30 04:33:50,451.000000
planetlab1.clemson.edu,planetlab2.cs.uml.edu,file256KB.txt,2015/09/30 04:33:50,2015/09/30 04:34:16,26333.000000
planetlab1.clemson.edu,planetlab2.cs.uml.edu,file512KB.txt,2015/09/30 04:34:16,2015/09/30 04:35:06,49669.000000
planetlab1.clemson.edu,planetlab2.cs.uml.edu,file1MB.txt,2015/09/30 04:35:06,2015/09/30 04:36:46,100323.000000
planetlab1.cs.du.edu,planetlab2.cs.uml.edu,file32B.txt,2015/09/30 04:36:48,2015/09/30 04:36:49,1389.000000
planetlab1.cs.du.edu,planetlab2.cs.uml.edu,file1KB.txt,2015/09/30 04:36:49,2015/09/30 04:36:55,5592.000000
planetlab1.cs.du.edu,planetlab2.cs.uml.edu,file256KB.txt,2015/09/30 04:36:55,2015/09/30 04:37:21,26000.000000
planetlab1.cs.du.edu,planetlab2.cs.uml.edu,file512KB.txt,2015/09/30 04:37:21,2015/09/30 04:38:13,52427.000000
planetlab1.cs.du.edu,planetlab2.cs.uml.edu,file1MB.txt,2015/09/30 04:38:13,2015/09/30 04:39:56,-103007.000000
planetlab-1.cse.ohio-state.edu,planetlab2.cs.uml.edu,file32B.txt,2015/09/30 04:39:56,2015/09/30 04:39:57,741.000000
planetlab-1.cse.ohio-state.edu,planetlab2.cs.uml.edu,file1KB.txt,2015/09/30 04:39:57,2015/09/30 04:39:59,2545.000000
planetlab-1.cse.ohio-state.edu,planetlab2.cs.uml.edu,file256KB.txt,2015/09/30 04:39:59,2015/09/30 04:51:34,694233.000000
planetlab-1.cse.ohio-state.edu,planetlab2.cs.uml.edu,file512KB.txt,2015/09/30 04:51:34,2015/09/30 05:39:38,-1410445.000000
planetlab-1.cse.ohio-state.edu,planetlab2.cs.uml.edu,file1MB.txt,2015/09/30 05:39:38,2015/09/30 07:47:05,942761.000000
planetlab1.cs.okstate.edu,planetlab2.cs.uml.edu,file32B.txt,2015/09/30 07:47:05,2015/09/30 07:47:05,443.000000
planetlab1.cs.okstate.edu,planetlab2.cs.uml.edu,file1KB.txt,2015/09/30 07:47:05,2015/09/30 07:47:06,1539.000000
planetlab1.cs.okstate.edu,planetlab2.cs.uml.edu,file256KB.txt,2015/09/30 07:47:06,2015/09/30 07:47:29,22671.000000
planetlab1.cs.okstate.edu,planetlab2.cs.uml.edu,file512KB.txt,2015/09/30 07:47:29,2015/09/30 07:48:15,45999.000000
planetlab1.cs.okstate.edu,planetlab2.cs.uml.edu,file1MB.txt,2015/09/30 07:48:15,2015/09/30 07:49:47,92269.000000
planetlab1.cs.ucla.edu,planetlab2.cs.uml.edu,file32B.txt,2015/09/30 07:49:47,2015/09/30 07:49:47,689.000000
planetlab1.cs.ucla.edu,planetlab2.cs.uml.edu,file1KB.txt,2015/09/30 07:49:47,2015/09/30 07:49:48,1292.000000
planetlab1.cs.ucla.edu,planetlab2.cs.uml.edu,file256KB.txt,2015/09/30 07:49:48,2015/09/30 07:50:34,46429.000000
planetlab1.cs.ucla.edu,planetlab2.cs.uml.edu,file512KB.txt,2015/09/30 07:50:34,2015/09/30 07:52:22,107888.000000
planetlab1.cs.ucla.edu,planetlab2.cs.uml.edu,file1MB.txt,2015/09/30 07:52:22,2015/09/30 07:55:46,203940.000000
planetlab1.csuohio.edu,planetlab2.cs.uml.edu,file32B.txt,2015/09/30 07:55:46,2015/09/30 07:55:46,543.000000
planetlab1.csuohio.edu,planetlab2.cs.uml.edu,file1KB.txt,2015/09/30 07:55:46,2015/09/30 07:55:47,1683.000000
planetlab1.csuohio.edu,planetlab2.cs.uml.edu,file256KB.txt,2015/09/30 07:55:47,2015/09/30 07:56:01,13857.000000
planetlab1.csuohio.edu,planetlab2.cs.uml.edu,file512KB.txt,2015/09/30 07:56:01,2015/09/30 07:56:44,42553.000000
planetlab1.csuohio.edu,planetlab2.cs.uml.edu,file1MB.txt,2015/09/30 07:56:44,2015/09/30 07:57:54,69925.000000
planetlab1.ucsd.edu,planetlab2.cs.uml.edu,file32B.txt,2015/09/30 07:58:20,2015/09/30 07:58:20,766.000000
planetlab1.ucsd.edu,planetlab2.cs.uml.edu,file1KB.txt,2015/09/30 07:58:20,2015/09/30 07:58:21,1271.000000
planetlab1.ucsd.edu,planetlab2.cs.uml.edu,file256KB.txt,2015/09/30 07:58:21,2015/09/30 07:59:22,61400.000000
planetlab1.ucsd.edu,planetlab2.cs.uml.edu,file512KB.txt,2015/09/30 07:59:22,2015/09/30 08:00:55,92450.000000
planetlab1.ucsd.edu,planetlab2.cs.uml.edu,file1MB.txt,2015/09/30 08:00:55,2015/09/30 08:04:58,243657.000000
planetlab2.acis.ufl.edu,planetlab2.cs.uml.edu,file32B.txt,2015/09/30 08:04:58,2015/09/30 08:04:58,537.000000
planetlab2.acis.ufl.edu,planetlab2.cs.uml.edu,file1KB.txt,2015/09/30 08:04:58,2015/09/30 08:04:59,887.000000
planetlab2.acis.ufl.edu,planetlab2.cs.uml.edu,file256KB.txt,2015/09/30 08:04:59,2015/09/30 08:05:55,56363.000000
planetlab2.acis.ufl.edu,planetlab2.cs.uml.edu,file512KB.txt,2015/09/30 08:05:55,2015/09/30 08:06:41,45471.000000
planetlab2.acis.ufl.edu,planetlab2.cs.uml.edu,file1MB.txt,2015/09/30 08:06:41,2015/09/30 08:08:11,90035.000000
planetlab2.arizona-gigapop.net,planetlab2.cs.uml.edu,file32B.txt,2015/09/30 08:08:11,2015/09/30 08:08:12,1350.000000
planetlab2.arizona-gigapop.net,planetlab2.cs.uml.edu,file1KB.txt,2015/09/30 08:08:12,2015/09/30 08:08:13,1363.000000
planetlab2.arizona-gigapop.net,planetlab2.cs.uml.edu,file256KB.txt,2015/09/30 08:08:13,2015/09/30 08:08:53,39109.000000
planetlab2.arizona-gigapop.net,planetlab2.cs.uml.edu,file512KB.txt,2015/09/30 08:08:53,2015/09/30 08:10:15,82387.000000
planetlab2.arizona-gigapop.net,planetlab2.cs.uml.edu,file1MB.txt,2015/09/30 08:10:15,2015/09/30 08:13:06,-171498.000000
planetlab2.citadel.edu,planetlab2.cs.uml.edu,file32B.txt,2015/09/30 08:13:06,2015/09/30 08:13:06,-713.000000
planetlab2.citadel.edu,planetlab2.cs.uml.edu,file1KB.txt,2015/09/30 08:13:06,2015/09/30 08:13:07,-1488.000000
planetlab2.citadel.edu,planetlab2.cs.uml.edu,file256KB.txt,2015/09/30 08:13:07,2015/09/30 08:13:36,28839.000000
planetlab2.citadel.edu,planetlab2.cs.uml.edu,file512KB.txt,2015/09/30 08:13:36,2015/09/30 08:14:34,57963.000000
planetlab2.citadel.edu,planetlab2.cs.uml.edu,file1MB.txt,2015/09/30 08:14:34,2015/09/30 08:16:30,115789.000000
planetlab2.cs.pitt.edu,planetlab2.cs.uml.edu,file32B.txt,2015/09/30 08:16:31,2015/09/30 08:16:31,232.000000
planetlab2.cs.pitt.edu,planetlab2.cs.uml.edu,file1KB.txt,2015/09/30 08:16:31,2015/09/30 08:16:31,288.000000
planetlab2.cs.pitt.edu,planetlab2.cs.uml.edu,file256KB.txt,2015/09/30 08:16:31,2015/09/30 08:16:43,11884.000000
planetlab2.cs.pitt.edu,planetlab2.cs.uml.edu,file512KB.txt,2015/09/30 08:16:43,2015/09/30 08:17:07,24088.000000
planetlab2.cs.pitt.edu,planetlab2.cs.uml.edu,file1MB.txt,2015/09/30 08:17:07,2015/09/30 08:17:55,48254.000000
planetlab2.cs.purdue.edu,planetlab2.cs.uml.edu,file32B.txt,2015/09/30 08:17:55,2015/09/30 08:17:55,394.000000
planetlab2.cs.purdue.edu,planetlab2.cs.uml.edu,file1KB.txt,2015/09/30 08:17:55,2015/09/30 08:17:56,1533.000000
planetlab2.cs.purdue.edu,planetlab2.cs.uml.edu,file256KB.txt,2015/09/30 08:17:56,2015/09/30 08:18:24,27883.000000
planetlab2.cs.purdue.edu,planetlab2.cs.uml.edu,file512KB.txt,2015/09/30 08:18:24,2015/09/30 08:19:15,50975.000000
planetlab2.cs.purdue.edu,planetlab2.cs.uml.edu,file1MB.txt,2015/09/30 08:19:15,2015/09/30 08:21:48,153243.000000
planetlab2.cs.uml.edu,planetlab2.cs.uml.edu,file32B.txt,2015/09/30 08:22:30,2015/09/30 08:22:30,1.000000
planetlab2.cs.uml.edu,planetlab2.cs.uml.edu,file1KB.txt,2015/09/30 08:22:30,2015/09/30 08:22:30,1.000000
planetlab2.cs.uml.edu,planetlab2.cs.uml.edu,file256KB.txt,2015/09/30 08:22:30,2015/09/30 08:22:30,27.000000
planetlab2.cs.uml.edu,planetlab2.cs.uml.edu,file512KB.txt,2015/09/30 08:22:30,2015/09/30 08:22:30,47.000000
planetlab2.cs.uml.edu,planetlab2.cs.uml.edu,file1MB.txt,2015/09/30 08:22:30,2015/09/30 08:22:31,1887.000000
planetlab2.cs.unc.edu,planetlab2.cs.uml.edu,file32B.txt,2015/09/30 08:22:31,2015/09/30 08:22:31,272.000000
planetlab2.cs.unc.edu,planetlab2.cs.uml.edu,file1KB.txt,2015/09/30 08:22:31,2015/09/30 08:22:31,270.000000
planetlab2.cs.unc.edu,planetlab2.cs.uml.edu,file256KB.txt,2015/09/30 08:22:31,2015/09/30 08:22:47,15629.000000
planetlab2.cs.unc.edu,planetlab2.cs.uml.edu,file512KB.txt,2015/09/30 08:22:47,2015/09/30 08:23:22,35123.000000
planetlab2.cs.unc.edu,planetlab2.cs.uml.edu,file1MB.txt,2015/09/30 08:23:22,2015/09/30 08:24:31,69563.000000
planetlab2.cs.uoregon.edu,planetlab2.cs.uml.edu,file32B.txt,2015/09/30 08:24:31,2015/09/30 08:24:31,652.000000
planetlab2.cs.uoregon.edu,planetlab2.cs.uml.edu,file1KB.txt,2015/09/30 08:24:31,2015/09/30 08:24:32,1268.000000
planetlab2.cs.uoregon.edu,planetlab2.cs.uml.edu,file256KB.txt,2015/09/30 08:24:32,2015/09/30 08:25:14,42231.000000
planetlab2.cs.uoregon.edu,planetlab2.cs.uml.edu,file512KB.txt,2015/09/30 08:25:14,2015/09/30 08:26:37,82952.000000
planetlab2.cs.uoregon.edu,planetlab2.cs.uml.edu,file1MB.txt,2015/09/30 08:26:37,2015/09/30 08:29:37,180001.000000
planetlab2.temple.edu,planetlab2.cs.uml.edu,file32B.txt,2015/09/30 08:29:37,2015/09/30 08:29:37,219.000000
planetlab2.temple.edu,planetlab2.cs.uml.edu,file1KB.txt,2015/09/30 08:29:37,2015/09/30 08:29:37,190.000000
planetlab2.temple.edu,planetlab2.cs.uml.edu,file256KB.txt,2015/09/30 08:29:37,2015/09/30 08:29:46,9075.000000
planetlab2.temple.edu,planetlab2.cs.uml.edu,file512KB.txt,2015/09/30 08:29:46,2015/09/30 08:30:04,18287.000000
planetlab2.temple.edu,planetlab2.cs.uml.edu,file1MB.txt,2015/09/30 08:30:04,2015/09/30 08:30:39,34834.000000
planetlab2.unl.edu,planetlab2.cs.uml.edu,file32B.txt,2015/09/30 08:30:39,2015/09/30 08:30:40,1640.000000
planetlab2.unl.edu,planetlab2.cs.uml.edu,file1KB.txt,2015/09/30 08:30:40,2015/09/30 08:30:40,447.000000
planetlab2.unl.edu,planetlab2.cs.uml.edu,file256KB.txt,2015/09/30 08:30:40,2015/09/30 08:31:02,21520.000000
planetlab2.unl.edu,planetlab2.cs.uml.edu,file512KB.txt,2015/09/30 08:31:02,2015/09/30 08:31:47,45584.000000
planetlab2.unl.edu,planetlab2.cs.uml.edu,file1MB.txt,2015/09/30 08:31:47,2015/09/30 08:33:16,89288.000000
planetlab2.unr.edu,planetlab2.cs.uml.edu,file32B.txt,2015/09/30 08:33:16,2015/09/30 08:33:16,606.000000
planetlab2.unr.edu,planetlab2.cs.uml.edu,file1KB.txt,2015/09/30 08:33:16,2015/09/30 08:33:17,1338.000000
planetlab2.unr.edu,planetlab2.cs.uml.edu,file256KB.txt,2015/09/30 08:33:17,2015/09/30 08:33:52,34757.000000
planetlab2.unr.edu,planetlab2.cs.uml.edu,file512KB.txt,2015/09/30 08:33:52,2015/09/30 08:35:02,70492.000000
planetlab2.unr.edu,planetlab2.cs.uml.edu,file1MB.txt,2015/09/30 08:35:02,2015/09/30 08:37:33,150633.000000
planetlab2.uta.edu,planetlab2.cs.uml.edu,file32B.txt,2015/09/30 08:37:33,2015/09/30 08:37:33,457.000000
planetlab2.uta.edu,planetlab2.cs.uml.edu,file1KB.txt,2015/09/30 08:37:33,2015/09/30 08:37:34,1527.000000
planetlab2.uta.edu,planetlab2.cs.uml.edu,file256KB.txt,2015/09/30 08:37:34,2015/09/30 08:38:03,28622.000000
planetlab2.uta.edu,planetlab2.cs.uml.edu,file512KB.txt,2015/09/30 08:38:03,2015/09/30 08:38:59,56810.000000
planetlab2.uta.edu,planetlab2.cs.uml.edu,file1MB.txt,2015/09/30 08:38:59,2015/09/30 08:41:00,120638.000000
planetlab2.utdallas.edu,planetlab2.cs.uml.edu,file32B.txt,2015/09/30 08:41:00,2015/09/30 08:41:00,496.000000
planetlab2.utdallas.edu,planetlab2.cs.uml.edu,file1KB.txt,2015/09/30 08:41:00,2015/09/30 08:41:01,1312.000000
planetlab2.utdallas.edu,planetlab2.cs.uml.edu,file256KB.txt,2015/09/30 08:41:01,2015/09/30 08:41:30,28915.000000
planetlab2.utdallas.edu,planetlab2.cs.uml.edu,file512KB.txt,2015/09/30 08:41:30,2015/09/30 08:42:28,58264.000000
planetlab2.utdallas.edu,planetlab2.cs.uml.edu,file1MB.txt,2015/09/30 08:42:28,2015/09/30 08:44:23,115089.000000
planetlab3.eecs.umich.edu,planetlab2.cs.uml.edu,file32B.txt,2015/09/30 08:44:23,2015/09/30 08:44:23,358.000000
planetlab3.eecs.umich.edu,planetlab2.cs.uml.edu,file1KB.txt,2015/09/30 08:44:23,2015/09/30 08:44:23,322.000000
planetlab3.eecs.umich.edu,planetlab2.cs.uml.edu,file256KB.txt,2015/09/30 08:44:23,2015/09/30 08:44:40,17267.000000
planetlab3.eecs.umich.edu,planetlab2.cs.uml.edu,file512KB.txt,2015/09/30 08:44:40,2015/09/30 08:45:13,32731.000000
planetlab3.eecs.umich.edu,planetlab2.cs.uml.edu,file1MB.txt,2015/09/30 08:45:13,2015/09/30 08:46:38,85191.000000
planetlab3.rutgers.edu,planetlab2.cs.uml.edu,file32B.txt,2015/09/30 08:46:38,2015/09/30 08:46:39,1631.000000
planetlab3.rutgers.edu,planetlab2.cs.uml.edu,file1KB.txt,2015/09/30 08:46:39,2015/09/30 08:46:39,302.000000
planetlab3.rutgers.edu,planetlab2.cs.uml.edu,file256KB.txt,2015/09/30 08:46:39,2015/09/30 08:46:48,8921.000000
planetlab3.rutgers.edu,planetlab2.cs.uml.edu,file512KB.txt,2015/09/30 08:46:48,2015/09/30 08:47:06,17708.000000
planetlab3.rutgers.edu,planetlab2.cs.uml.edu,file1MB.txt,2015/09/30 08:47:06,2015/09/30 08:47:54,48574.000000
planetlab3.wail.wisc.edu,planetlab2.cs.uml.edu,file32B.txt,2015/09/30 08:47:54,2015/09/30 08:47:54,723.000000
planetlab3.wail.wisc.edu,planetlab2.cs.uml.edu,file1KB.txt,2015/09/30 08:47:54,2015/09/30 08:47:55,1574.000000
planetlab3.wail.wisc.edu,planetlab2.cs.uml.edu,file256KB.txt,2015/09/30 08:47:55,2015/09/30 08:48:24,28941.000000
planetlab3.wail.wisc.edu,planetlab2.cs.uml.edu,file512KB.txt,2015/09/30 08:48:24,2015/09/30 08:49:18,53967.000000
planetlab3.wail.wisc.edu,planetlab2.cs.uml.edu,file1MB.txt,2015/09/30 08:49:18,2015/09/30 08:50:56,97812.000000
planetlab4.tamu.edu,planetlab2.cs.uml.edu,file32B.txt,2015/09/30 08:50:56,2015/09/30 08:50:57,1514.000000
planetlab4.tamu.edu,planetlab2.cs.uml.edu,file1KB.txt,2015/09/30 08:50:57,2015/09/30 08:50:57,534.000000
planetlab4.tamu.edu,planetlab2.cs.uml.edu,file256KB.txt,2015/09/30 08:50:57,2015/09/30 08:51:24,27528.000000
planetlab4.tamu.edu,planetlab2.cs.uml.edu,file512KB.txt,2015/09/30 08:51:24,2015/09/30 08:53:01,96428.000000
planetlab4.tamu.edu,planetlab2.cs.uml.edu,file1MB.txt,2015/09/30 08:53:01,2015/09/30 08:56:26,205629.000000
planetlab-5.eecs.cwru.edu,planetlab2.cs.uml.edu,file32B.txt,2015/09/30 08:56:26,2015/09/30 08:56:26,344.000000
planetlab-5.eecs.cwru.edu,planetlab2.cs.uml.edu,file1KB.txt,2015/09/30 08:56:26,2015/09/30 08:56:26,284.000000
planetlab-5.eecs.cwru.edu,planetlab2.cs.uml.edu,file256KB.txt,2015/09/30 08:56:26,2015/09/30 08:56:40,14568.000000
planetlab-5.eecs.cwru.edu,planetlab2.cs.uml.edu,file512KB.txt,2015/09/30 08:56:40,2015/09/30 08:57:20,39686.000000
planetlab-5.eecs.cwru.edu,planetlab2.cs.uml.edu,file1MB.txt,2015/09/30 08:57:20,2015/09/30 08:58:51,90963.000000
planetlabone.ccs.neu.edu,planetlab2.cs.uml.edu,file32B.txt,2015/09/30 08:58:51,2015/09/30 08:58:51,419.000000
planetlabone.ccs.neu.edu,planetlab2.cs.uml.edu,file1KB.txt,2015/09/30 08:58:51,2015/09/30 08:58:52,1501.000000
planetlabone.ccs.neu.edu,planetlab2.cs.uml.edu,file256KB.txt,2015/09/30 08:58:52,2015/09/30 08:59:01,9095.000000
planetlabone.ccs.neu.edu,planetlab2.cs.uml.edu,file512KB.txt,2015/09/30 08:59:01,2015/09/30 08:59:10,9220.000000
planetlabone.ccs.neu.edu,planetlab2.cs.uml.edu,file1MB.txt,2015/09/30 08:59:10,2015/09/30 08:59:37,26497.000000
pl-node-0.csl.sri.com,planetlab2.cs.uml.edu,file32B.txt,2015/09/30 08:59:37,2015/09/30 08:59:38,1329.000000
pl-node-0.csl.sri.com,planetlab2.cs.uml.edu,file1KB.txt,2015/09/30 08:59:38,2015/09/30 08:59:39,1250.000000
pl-node-0.csl.sri.com,planetlab2.cs.uml.edu,file256KB.txt,2015/09/30 08:59:39,2015/09/30 09:00:26,46577.000000
pl-node-0.csl.sri.com,planetlab2.cs.uml.edu,file512KB.txt,2015/09/30 09:00:26,2015/09/30 09:01:58,92203.000000
pl-node-0.csl.sri.com,planetlab2.cs.uml.edu,file1MB.txt,2015/09/30 09:01:58,2015/09/30 09:04:59,180651.000000
ricepl-5.cs.rice.edu,planetlab2.cs.uml.edu,file32B.txt,2015/09/30 09:04:59,2015/09/30 09:05:00,1509.000000
ricepl-5.cs.rice.edu,planetlab2.cs.uml.edu,file1KB.txt,2015/09/30 09:05:00,2015/09/30 09:05:00,454.000000
ricepl-5.cs.rice.edu,planetlab2.cs.uml.edu,file256KB.txt,2015/09/30 09:05:00,2015/09/30 09:05:28,27788.000000
ricepl-5.cs.rice.edu,planetlab2.cs.uml.edu,file512KB.txt,2015/09/30 09:05:28,2015/09/30 09:06:23,55298.000000
ricepl-5.cs.rice.edu,planetlab2.cs.uml.edu,file1MB.txt,2015/09/30 09:06:23,2015/09/30 09:08:12,109085.000000
salt.planetlab.cs.umd.edu,planetlab2.cs.uml.edu,file32B.txt,2015/09/30 09:08:12,2015/09/30 09:08:12,237.000000
salt.planetlab.cs.umd.edu,planetlab2.cs.uml.edu,file1KB.txt,2015/09/30 09:08:12,2015/09/30 09:08:13,1752.000000
salt.planetlab.cs.umd.edu,planetlab2.cs.uml.edu,file256KB.txt,2015/09/30 09:08:13,2015/09/30 09:08:23,9473.000000
salt.planetlab.cs.umd.edu,planetlab2.cs.uml.edu,file512KB.txt,2015/09/30 09:08:23,2015/09/30 09:08:46,23409.000000
salt.planetlab.cs.umd.edu,planetlab2.cs.uml.edu,file1MB.txt,2015/09/30 09:08:46,2015/09/30 09:09:28,41310.000000
pl1.eecs.utk.edu,planetlab2.cs.uml.edu,file32B.txt,2015/09/30 09:09:29,2015/09/30 09:09:31,1878.000000
pl1.eecs.utk.edu,planetlab2.cs.uml.edu,file1KB.txt,2015/09/30 09:09:31,2015/09/30 09:09:33,2082.000000
pl1.eecs.utk.edu,planetlab2.cs.uml.edu,file256KB.txt,2015/09/30 09:09:33,2015/09/30 09:12:54,200848.000000
pl1.eecs.utk.edu,planetlab2.cs.uml.edu,file512KB.txt,2015/09/30 09:12:54,2015/09/30 09:18:57,363313.000000
pl1.eecs.utk.edu,planetlab2.cs.uml.edu,file1MB.txt,2015/09/30 09:18:57,2015/09/30 09:28:51,-593089.000000
planetlab-01.vt.nodes.planet-lab.org,planetlab2.cs.uml.edu,file32B.txt,2015/09/30 09:28:51,2015/09/30 09:28:52,1703.000000
planetlab-01.vt.nodes.planet-lab.org,planetlab2.cs.uml.edu,file1KB.txt,2015/09/30 09:28:52,2015/09/30 09:28:52,268.000000
planetlab-01.vt.nodes.planet-lab.org,planetlab2.cs.uml.edu,file256KB.txt,2015/09/30 09:28:52,2015/09/30 09:29:05,13272.000000
planetlab-01.vt.nodes.planet-lab.org,planetlab2.cs.uml.edu,file512KB.txt,2015/09/30 09:29:05,2015/09/30 09:29:30,24777.000000
planetlab-01.vt.nodes.planet-lab.org,planetlab2.cs.uml.edu,file1MB.txt,2015/09/30 09:29:30,2015/09/30 09:30:20,50065.000000
planetlab-04.vt.nodes.planet-lab.org,planetlab2.cs.uml.edu,file32B.txt,2015/09/30 09:30:20,2015/09/30 09:30:20,280.000000
planetlab-04.vt.nodes.planet-lab.org,planetlab2.cs.uml.edu,file1KB.txt,2015/09/30 09:30:20,2015/09/30 09:30:20,260.000000
planetlab-04.vt.nodes.planet-lab.org,planetlab2.cs.uml.edu,file256KB.txt,2015/09/30 09:30:20,2015/09/30 09:30:33,13510.000000
planetlab-04.vt.nodes.planet-lab.org,planetlab2.cs.uml.edu,file512KB.txt,2015/09/30 09:30:33,2015/09/30 09:30:58,25364.000000
planetlab-04.vt.nodes.planet-lab.org,planetlab2.cs.uml.edu,file1MB.txt,2015/09/30 09:30:58,2015/09/30 09:31:50,51426.000000
planetlab-4.eecs.cwru.edu,planetlab2.cs.uml.edu,file32B.txt,2015/09/30 09:31:50,2015/09/30 09:31:50,318.000000
planetlab-4.eecs.cwru.edu,planetlab2.cs.uml.edu,file1KB.txt,2015/09/30 09:31:50,2015/09/30 09:31:51,1668.000000
planetlab-4.eecs.cwru.edu,planetlab2.cs.uml.edu,file256KB.txt,2015/09/30 09:31:51,2015/09/30 09:32:04,12484.000000
planetlab-4.eecs.cwru.edu,planetlab2.cs.uml.edu,file512KB.txt,2015/09/30 09:32:04,2015/09/30 09:32:31,27167.000000
planetlab-4.eecs.cwru.edu,planetlab2.cs.uml.edu,file1MB.txt,2015/09/30 09:32:31,2015/09/30 09:33:27,55887.000000
planetlab01.cs.washington.edu,planetlab2.cs.uml.edu,file32B.txt,2015/09/30 09:33:27,2015/09/30 09:33:28,1315.000000
planetlab01.cs.washington.edu,planetlab2.cs.uml.edu,file1KB.txt,2015/09/30 09:33:28,2015/09/30 09:33:29,1309.000000
planetlab01.cs.washington.edu,planetlab2.cs.uml.edu,file256KB.txt,2015/09/30 09:33:29,2015/09/30 09:34:08,38877.000000
planetlab01.cs.washington.edu,planetlab2.cs.uml.edu,file512KB.txt,2015/09/30 09:34:08,2015/09/30 09:35:26,78096.000000
planetlab01.cs.washington.edu,planetlab2.cs.uml.edu,file1MB.txt,2015/09/30 09:35:26,2015/09/30 09:38:02,155824.000000
planetlab02.cs.washington.edu,planetlab2.cs.uml.edu,file32B.txt,2015/09/30 09:38:02,2015/09/30 09:38:02,616.000000
planetlab02.cs.washington.edu,planetlab2.cs.uml.edu,file1KB.txt,2015/09/30 09:38:02,2015/09/30 09:38:03,1332.000000
planetlab02.cs.washington.edu,planetlab2.cs.uml.edu,file256KB.txt,2015/09/30 09:38:03,2015/09/30 09:38:42,38833.000000
planetlab02.cs.washington.edu,planetlab2.cs.uml.edu,file512KB.txt,2015/09/30 09:38:42,2015/09/30 09:40:00,77916.000000
planetlab02.cs.washington.edu,planetlab2.cs.uml.edu,file1MB.txt,2015/09/30 09:40:00,2015/09/30 09:42:36,156060.000000
planetlab1.arizona-gigapop.net,planetlab2.cs.uml.edu,file32B.txt,2015/09/30 09:42:36,2015/09/30 09:42:37,1099.000000
planetlab1.arizona-gigapop.net,planetlab2.cs.uml.edu,file1KB.txt,2015/09/30 09:42:37,2015/09/30 09:42:38,1215.000000
planetlab1.arizona-gigapop.net,planetlab2.cs.uml.edu,file256KB.txt,2015/09/30 09:42:38,2015/09/30 09:43:18,39806.000000
planetlab1.arizona-gigapop.net,planetlab2.cs.uml.edu,file512KB.txt,2015/09/30 09:43:18,2015/09/30 09:44:38,79989.000000
planetlab1.arizona-gigapop.net,planetlab2.cs.uml.edu,file1MB.txt,2015/09/30 09:44:38,2015/09/30 09:47:17,158707.000000
planetlab1.cs.unc.edu,planetlab2.cs.uml.edu,file32B.txt,2015/09/30 09:47:17,2015/09/30 09:47:18,1602.000000
planetlab1.cs.unc.edu,planetlab2.cs.uml.edu,file1KB.txt,2015/09/30 09:47:18,2015/09/30 09:47:18,285.000000
planetlab1.cs.unc.edu,planetlab2.cs.uml.edu,file256KB.txt,2015/09/30 09:47:18,2015/09/30 09:47:34,15995.000000
planetlab1.cs.unc.edu,planetlab2.cs.uml.edu,file512KB.txt,2015/09/30 09:47:34,2015/09/30 09:48:05,31629.000000
planetlab1.cs.unc.edu,planetlab2.cs.uml.edu,file1MB.txt,2015/09/30 09:48:05,2015/09/30 09:49:05,59260.000000
