ebb.colgate.edu,planetlab3.eecs.umich.edu,file32B.txt,2015/09/30 04:13:30,2015/09/30 04:13:30,247.000000
ebb.colgate.edu,planetlab3.eecs.umich.edu,file1KB.txt,2015/09/30 04:13:30,2015/09/30 04:13:30,283.000000
ebb.colgate.edu,planetlab3.eecs.umich.edu,file256KB.txt,2015/09/30 04:13:30,2015/09/30 04:14:07,37339.000000
ebb.colgate.edu,planetlab3.eecs.umich.edu,file512KB.txt,2015/09/30 04:14:07,2015/09/30 04:15:19,71720.000000
ebb.colgate.edu,planetlab3.eecs.umich.edu,file1MB.txt,2015/09/30 04:15:19,2015/09/30 04:17:46,147573.000000
kc-sce-plab2.umkc.edu,planetlab3.eecs.umich.edu,file32B.txt,2015/09/30 04:17:46,2015/09/30 04:17:48,2027.000000
kc-sce-plab2.umkc.edu,planetlab3.eecs.umich.edu,file1KB.txt,2015/09/30 04:17:48,2015/09/30 04:17:50,2237.000000
kc-sce-plab2.umkc.edu,planetlab3.eecs.umich.edu,file256KB.txt,2015/09/30 04:17:50,2015/09/30 04:18:46,55957.000000
kc-sce-plab2.umkc.edu,planetlab3.eecs.umich.edu,file512KB.txt,2015/09/30 04:18:46,2015/09/30 04:21:08,141630.000000
kc-sce-plab2.umkc.edu,planetlab3.eecs.umich.edu,file1MB.txt,2015/09/30 04:21:08,2015/09/30 04:27:08,359588.000000
node1.planetlab.mathcs.emory.edu,planetlab3.eecs.umich.edu,file32B.txt,2015/09/30 04:27:08,2015/09/30 04:27:10,2195.000000
node1.planetlab.mathcs.emory.edu,planetlab3.eecs.umich.edu,file1KB.txt,2015/09/30 04:27:10,2015/09/30 04:27:16,5920.000000
node1.planetlab.mathcs.emory.edu,planetlab3.eecs.umich.edu,file256KB.txt,2015/09/30 04:27:16,2015/09/30 04:27:31,15510.000000
node1.planetlab.mathcs.emory.edu,planetlab3.eecs.umich.edu,file512KB.txt,2015/09/30 04:27:31,2015/09/30 04:27:58,26489.000000
node1.planetlab.mathcs.emory.edu,planetlab3.eecs.umich.edu,file1MB.txt,2015/09/30 04:27:58,2015/09/30 04:28:52,54669.000000
pl3.cs.unm.edu,planetlab3.eecs.umich.edu,file32B.txt,2015/09/30 04:29:14,2015/09/30 04:29:16,2283.000000
pl3.cs.unm.edu,planetlab3.eecs.umich.edu,file1KB.txt,2015/09/30 04:29:16,2015/09/30 04:29:17,573.000000
pl3.cs.unm.edu,planetlab3.eecs.umich.edu,file256KB.txt,2015/09/30 04:29:17,2015/09/30 04:29:37,20048.000000
pl3.cs.unm.edu,planetlab3.eecs.umich.edu,file512KB.txt,2015/09/30 04:29:37,2015/09/30 04:30:16,39032.000000
pl3.cs.unm.edu,planetlab3.eecs.umich.edu,file1MB.txt,2015/09/30 04:30:16,2015/09/30 04:31:32,76161.000000
plab3.eece.ksu.edu,planetlab3.eecs.umich.edu,file32B.txt,2015/09/30 04:31:32,2015/09/30 04:31:33,514.000000
plab3.eece.ksu.edu,planetlab3.eecs.umich.edu,file1KB.txt,2015/09/30 04:31:33,2015/09/30 04:31:35,2649.000000
plab3.eece.ksu.edu,planetlab3.eecs.umich.edu,file256KB.txt,2015/09/30 04:31:35,2015/09/30 04:31:47,12026.000000
plab3.eece.ksu.edu,planetlab3.eecs.umich.edu,file512KB.txt,2015/09/30 04:31:47,2015/09/30 04:32:09,21405.000000
plab3.eece.ksu.edu,planetlab3.eecs.umich.edu,file1MB.txt,2015/09/30 04:32:09,2015/09/30 04:32:53,44184.000000
planetlab-02.bu.edu,planetlab3.eecs.umich.edu,file32B.txt,2015/09/30 04:32:56,2015/09/30 04:32:57,387.000000
planetlab-02.bu.edu,planetlab3.eecs.umich.edu,file1KB.txt,2015/09/30 04:32:57,2015/09/30 04:32:59,2504.000000
planetlab-02.bu.edu,planetlab3.eecs.umich.edu,file256KB.txt,2015/09/30 04:32:59,2015/09/30 04:33:21,22062.000000
planetlab-02.bu.edu,planetlab3.eecs.umich.edu,file512KB.txt,2015/09/30 04:33:21,2015/09/30 04:34:02,40110.000000
planetlab-02.bu.edu,planetlab3.eecs.umich.edu,file1MB.txt,2015/09/30 04:34:02,2015/09/30 04:35:26,84494.000000
planetlab1.clemson.edu,planetlab3.eecs.umich.edu,file32B.txt,2015/09/30 04:35:50,2015/09/30 04:35:51,550.000000
planetlab1.clemson.edu,planetlab3.eecs.umich.edu,file1KB.txt,2015/09/30 04:35:51,2015/09/30 04:35:53,2597.000000
planetlab1.clemson.edu,planetlab3.eecs.umich.edu,file256KB.txt,2015/09/30 04:35:53,2015/09/30 04:36:08,14428.000000
planetlab1.clemson.edu,planetlab3.eecs.umich.edu,file512KB.txt,2015/09/30 04:36:08,2015/09/30 04:36:38,30346.000000
planetlab1.clemson.edu,planetlab3.eecs.umich.edu,file1MB.txt,2015/09/30 04:36:38,2015/09/30 04:37:36,57626.000000
planetlab1.cs.du.edu,planetlab3.eecs.umich.edu,file32B.txt,2015/09/30 04:37:39,2015/09/30 04:37:41,2463.000000
planetlab1.cs.du.edu,planetlab3.eecs.umich.edu,file1KB.txt,2015/09/30 04:37:41,2015/09/30 04:37:42,672.000000
planetlab1.cs.du.edu,planetlab3.eecs.umich.edu,file256KB.txt,2015/09/30 04:37:42,2015/09/30 04:37:58,15942.000000
planetlab1.cs.du.edu,planetlab3.eecs.umich.edu,file512KB.txt,2015/09/30 04:37:58,2015/09/30 04:38:29,-30623.000000
planetlab1.cs.du.edu,planetlab3.eecs.umich.edu,file1MB.txt,2015/09/30 04:38:29,2015/09/30 04:39:30,61425.000000
planetlab-1.cse.ohio-state.edu,planetlab3.eecs.umich.edu,file32B.txt,2015/09/30 04:39:31,2015/09/30 04:39:34,3210.000000
planetlab-1.cse.ohio-state.edu,planetlab3.eecs.umich.edu,file1KB.txt,2015/09/30 04:39:34,2015/09/30 04:39:37,3750.000000
planetlab-1.cse.ohio-state.edu,planetlab3.eecs.umich.edu,file256KB.txt,2015/09/30 04:39:37,2015/09/30 04:50:52,675004.000000
planetlab-1.cse.ohio-state.edu,planetlab3.eecs.umich.edu,file512KB.txt,2015/09/30 04:50:52,2015/09/30 05:39:36,-1371910.000000
planetlab-1.cse.ohio-state.edu,planetlab3.eecs.umich.edu,file1MB.txt,2015/09/30 05:39:36,2015/09/30 07:42:04,1241908.000000
planetlab1.cs.okstate.edu,planetlab3.eecs.umich.edu,file32B.txt,2015/09/30 07:42:04,2015/09/30 07:42:05,1822.000000
planetlab1.cs.okstate.edu,planetlab3.eecs.umich.edu,file1KB.txt,2015/09/30 07:42:05,2015/09/30 07:42:05,168.000000
planetlab1.cs.okstate.edu,planetlab3.eecs.umich.edu,file256KB.txt,2015/09/30 07:42:05,2015/09/30 07:42:17,11670.000000
planetlab1.cs.okstate.edu,planetlab3.eecs.umich.edu,file512KB.txt,2015/09/30 07:42:17,2015/09/30 07:42:42,25301.000000
planetlab1.cs.okstate.edu,planetlab3.eecs.umich.edu,file1MB.txt,2015/09/30 07:42:42,2015/09/30 07:43:31,48960.000000
planetlab1.cs.ucla.edu,planetlab3.eecs.umich.edu,file32B.txt,2015/09/30 07:43:31,2015/09/30 07:43:31,465.000000
planetlab1.cs.ucla.edu,planetlab3.eecs.umich.edu,file1KB.txt,2015/09/30 07:43:31,2015/09/30 07:43:32,1538.000000
planetlab1.cs.ucla.edu,planetlab3.eecs.umich.edu,file256KB.txt,2015/09/30 07:43:32,2015/09/30 07:44:05,32320.000000
planetlab1.cs.ucla.edu,planetlab3.eecs.umich.edu,file512KB.txt,2015/09/30 07:44:05,2015/09/30 07:45:17,72355.000000
planetlab1.cs.ucla.edu,planetlab3.eecs.umich.edu,file1MB.txt,2015/09/30 07:45:17,2015/09/30 07:47:31,134567.000000
planetlab1.csuohio.edu,planetlab3.eecs.umich.edu,file32B.txt,2015/09/30 07:47:31,2015/09/30 07:47:31,158.000000
planetlab1.csuohio.edu,planetlab3.eecs.umich.edu,file1KB.txt,2015/09/30 07:47:31,2015/09/30 07:47:31,158.000000
planetlab1.csuohio.edu,planetlab3.eecs.umich.edu,file256KB.txt,2015/09/30 07:47:31,2015/09/30 07:47:39,7777.000000
planetlab1.csuohio.edu,planetlab3.eecs.umich.edu,file512KB.txt,2015/09/30 07:47:39,2015/09/30 07:47:55,15741.000000
planetlab1.csuohio.edu,planetlab3.eecs.umich.edu,file1MB.txt,2015/09/30 07:47:55,2015/09/30 07:48:27,31826.000000
planetlab1.ucsd.edu,planetlab3.eecs.umich.edu,file32B.txt,2015/09/30 07:48:49,2015/09/30 07:48:49,557.000000
planetlab1.ucsd.edu,planetlab3.eecs.umich.edu,file1KB.txt,2015/09/30 07:48:49,2015/09/30 07:48:50,1515.000000
planetlab1.ucsd.edu,planetlab3.eecs.umich.edu,file256KB.txt,2015/09/30 07:48:50,2015/09/30 07:49:30,39191.000000
planetlab1.ucsd.edu,planetlab3.eecs.umich.edu,file512KB.txt,2015/09/30 07:49:30,2015/09/30 07:50:40,70218.000000
planetlab1.ucsd.edu,planetlab3.eecs.umich.edu,file1MB.txt,2015/09/30 07:50:40,2015/09/30 07:52:59,139046.000000
planetlab2.acis.ufl.edu,planetlab3.eecs.umich.edu,file32B.txt,2015/09/30 07:52:59,2015/09/30 07:53:00,1621.000000
planetlab2.acis.ufl.edu,planetlab3.eecs.umich.edu,file1KB.txt,2015/09/30 07:53:00,2015/09/30 07:53:00,275.000000
planetlab2.acis.ufl.edu,planetlab3.eecs.umich.edu,file256KB.txt,2015/09/30 07:53:00,2015/09/30 07:53:37,36532.000000
planetlab2.acis.ufl.edu,planetlab3.eecs.umich.edu,file512KB.txt,2015/09/30 07:53:37,2015/09/30 07:54:17,40098.000000
planetlab2.acis.ufl.edu,planetlab3.eecs.umich.edu,file1MB.txt,2015/09/30 07:54:17,2015/09/30 07:55:37,79684.000000
planetlab2.arizona-gigapop.net,planetlab3.eecs.umich.edu,file32B.txt,2015/09/30 07:55:37,2015/09/30 07:55:38,1539.000000
planetlab2.arizona-gigapop.net,planetlab3.eecs.umich.edu,file1KB.txt,2015/09/30 07:55:38,2015/09/30 07:55:38,395.000000
planetlab2.arizona-gigapop.net,planetlab3.eecs.umich.edu,file256KB.txt,2015/09/30 07:55:38,2015/09/30 07:56:07,29026.000000
planetlab2.arizona-gigapop.net,planetlab3.eecs.umich.edu,file512KB.txt,2015/09/30 07:56:07,2015/09/30 07:57:05,58317.000000
planetlab2.arizona-gigapop.net,planetlab3.eecs.umich.edu,file1MB.txt,2015/09/30 07:57:05,2015/09/30 07:59:00,114932.000000
planetlab2.citadel.edu,planetlab3.eecs.umich.edu,file32B.txt,2015/09/30 07:59:00,2015/09/30 07:59:00,257.000000
planetlab2.citadel.edu,planetlab3.eecs.umich.edu,file1KB.txt,2015/09/30 07:59:00,2015/09/30 07:59:01,1746.000000
planetlab2.citadel.edu,planetlab3.eecs.umich.edu,file256KB.txt,2015/09/30 07:59:01,2015/09/30 07:59:19,17756.000000
planetlab2.citadel.edu,planetlab3.eecs.umich.edu,file512KB.txt,2015/09/30 07:59:19,2015/09/30 07:59:55,35667.000000
planetlab2.citadel.edu,planetlab3.eecs.umich.edu,file1MB.txt,2015/09/30 07:59:55,2015/09/30 08:01:08,73432.000000
planetlab2.cs.pitt.edu,planetlab3.eecs.umich.edu,file32B.txt,2015/09/30 08:01:08,2015/09/30 08:01:08,149.000000
planetlab2.cs.pitt.edu,planetlab3.eecs.umich.edu,file1KB.txt,2015/09/30 08:01:08,2015/09/30 08:01:08,160.000000
planetlab2.cs.pitt.edu,planetlab3.eecs.umich.edu,file256KB.txt,2015/09/30 08:01:08,2015/09/30 08:01:19,11072.000000
planetlab2.cs.pitt.edu,planetlab3.eecs.umich.edu,file512KB.txt,2015/09/30 08:01:19,2015/09/30 08:01:41,22154.000000
planetlab2.cs.pitt.edu,planetlab3.eecs.umich.edu,file1MB.txt,2015/09/30 08:01:41,2015/09/30 08:02:24,42765.000000
planetlab2.cs.purdue.edu,planetlab3.eecs.umich.edu,file32B.txt,2015/09/30 08:02:24,2015/09/30 08:02:24,249.000000
planetlab2.cs.purdue.edu,planetlab3.eecs.umich.edu,file1KB.txt,2015/09/30 08:02:24,2015/09/30 08:02:25,1745.000000
planetlab2.cs.purdue.edu,planetlab3.eecs.umich.edu,file256KB.txt,2015/09/30 08:02:25,2015/09/30 08:02:46,20343.000000
planetlab2.cs.purdue.edu,planetlab3.eecs.umich.edu,file512KB.txt,2015/09/30 08:02:46,2015/09/30 08:03:30,44625.000000
planetlab2.cs.purdue.edu,planetlab3.eecs.umich.edu,file1MB.txt,2015/09/30 08:03:30,2015/09/30 08:04:54,83245.000000
planetlab2.cs.uml.edu,planetlab3.eecs.umich.edu,file32B.txt,2015/09/30 08:05:37,2015/09/30 08:05:37,606.000000
planetlab2.cs.uml.edu,planetlab3.eecs.umich.edu,file1KB.txt,2015/09/30 08:05:37,2015/09/30 08:05:38,1381.000000
planetlab2.cs.uml.edu,planetlab3.eecs.umich.edu,file256KB.txt,2015/09/30 08:05:38,2015/09/30 08:06:03,24802.000000
planetlab2.cs.uml.edu,planetlab3.eecs.umich.edu,file512KB.txt,2015/09/30 08:06:03,2015/09/30 08:06:36,32807.000000
planetlab2.cs.uml.edu,planetlab3.eecs.umich.edu,file1MB.txt,2015/09/30 08:06:36,2015/09/30 08:07:42,65992.000000
planetlab2.cs.unc.edu,planetlab3.eecs.umich.edu,file32B.txt,2015/09/30 08:07:42,2015/09/30 08:07:43,1742.000000
planetlab2.cs.unc.edu,planetlab3.eecs.umich.edu,file1KB.txt,2015/09/30 08:07:43,2015/09/30 08:07:43,259.000000
planetlab2.cs.unc.edu,planetlab3.eecs.umich.edu,file256KB.txt,2015/09/30 08:07:43,2015/09/30 08:08:02,19043.000000
planetlab2.cs.unc.edu,planetlab3.eecs.umich.edu,file512KB.txt,2015/09/30 08:08:02,2015/09/30 08:08:39,36279.000000
planetlab2.cs.unc.edu,planetlab3.eecs.umich.edu,file1MB.txt,2015/09/30 08:08:39,2015/09/30 08:09:55,76802.000000
planetlab2.cs.uoregon.edu,planetlab3.eecs.umich.edu,file32B.txt,2015/09/30 08:09:55,2015/09/30 08:09:55,486.000000
planetlab2.cs.uoregon.edu,planetlab3.eecs.umich.edu,file1KB.txt,2015/09/30 08:09:55,2015/09/30 08:09:56,1580.000000
planetlab2.cs.uoregon.edu,planetlab3.eecs.umich.edu,file256KB.txt,2015/09/30 08:09:56,2015/09/30 08:10:26,29179.000000
planetlab2.cs.uoregon.edu,planetlab3.eecs.umich.edu,file512KB.txt,2015/09/30 08:10:26,2015/09/30 08:11:28,62874.000000
planetlab2.cs.uoregon.edu,planetlab3.eecs.umich.edu,file1MB.txt,2015/09/30 08:11:28,2015/09/30 08:13:30,-121987.000000
planetlab2.temple.edu,planetlab3.eecs.umich.edu,file32B.txt,2015/09/30 08:13:30,2015/09/30 08:13:30,244.000000
planetlab2.temple.edu,planetlab3.eecs.umich.edu,file1KB.txt,2015/09/30 08:13:30,2015/09/30 08:13:30,229.000000
planetlab2.temple.edu,planetlab3.eecs.umich.edu,file256KB.txt,2015/09/30 08:13:30,2015/09/30 08:13:47,17342.000000
planetlab2.temple.edu,planetlab3.eecs.umich.edu,file512KB.txt,2015/09/30 08:13:47,2015/09/30 08:14:20,32850.000000
planetlab2.temple.edu,planetlab3.eecs.umich.edu,file1MB.txt,2015/09/30 08:14:20,2015/09/30 08:15:26,65783.000000
planetlab2.unl.edu,planetlab3.eecs.umich.edu,file32B.txt,2015/09/30 08:15:26,2015/09/30 08:15:26,213.000000
planetlab2.unl.edu,planetlab3.eecs.umich.edu,file1KB.txt,2015/09/30 08:15:26,2015/09/30 08:15:26,210.000000
planetlab2.unl.edu,planetlab3.eecs.umich.edu,file256KB.txt,2015/09/30 08:15:26,2015/09/30 08:15:42,16695.000000
planetlab2.unl.edu,planetlab3.eecs.umich.edu,file512KB.txt,2015/09/30 08:15:42,2015/09/30 08:16:12,29530.000000
planetlab2.unl.edu,planetlab3.eecs.umich.edu,file1MB.txt,2015/09/30 08:16:12,2015/09/30 08:17:13,61225.000000
planetlab2.unr.edu,planetlab3.eecs.umich.edu,file32B.txt,2015/09/30 08:17:13,2015/09/30 08:17:13,331.000000
planetlab2.unr.edu,planetlab3.eecs.umich.edu,file1KB.txt,2015/09/30 08:17:13,2015/09/30 08:17:14,1672.000000
planetlab2.unr.edu,planetlab3.eecs.umich.edu,file256KB.txt,2015/09/30 08:17:14,2015/09/30 08:17:38,23963.000000
planetlab2.unr.edu,planetlab3.eecs.umich.edu,file512KB.txt,2015/09/30 08:17:38,2015/09/30 08:18:25,46198.000000
planetlab2.unr.edu,planetlab3.eecs.umich.edu,file1MB.txt,2015/09/30 08:18:25,2015/09/30 08:20:01,96613.000000
planetlab2.uta.edu,planetlab3.eecs.umich.edu,file32B.txt,2015/09/30 08:20:01,2015/09/30 08:20:01,198.000000
planetlab2.uta.edu,planetlab3.eecs.umich.edu,file1KB.txt,2015/09/30 08:20:01,2015/09/30 08:20:01,195.000000
planetlab2.uta.edu,planetlab3.eecs.umich.edu,file256KB.txt,2015/09/30 08:20:01,2015/09/30 08:20:15,13786.000000
planetlab2.uta.edu,planetlab3.eecs.umich.edu,file512KB.txt,2015/09/30 08:20:15,2015/09/30 08:20:44,29936.000000
planetlab2.uta.edu,planetlab3.eecs.umich.edu,file1MB.txt,2015/09/30 08:20:44,2015/09/30 08:21:40,55987.000000
planetlab2.utdallas.edu,planetlab3.eecs.umich.edu,file32B.txt,2015/09/30 08:21:40,2015/09/30 08:21:40,198.000000
planetlab2.utdallas.edu,planetlab3.eecs.umich.edu,file1KB.txt,2015/09/30 08:21:40,2015/09/30 08:21:40,195.000000
planetlab2.utdallas.edu,planetlab3.eecs.umich.edu,file256KB.txt,2015/09/30 08:21:40,2015/09/30 08:21:54,13959.000000
planetlab2.utdallas.edu,planetlab3.eecs.umich.edu,file512KB.txt,2015/09/30 08:21:54,2015/09/30 08:22:22,27945.000000
planetlab2.utdallas.edu,planetlab3.eecs.umich.edu,file1MB.txt,2015/09/30 08:22:22,2015/09/30 08:23:18,56103.000000
planetlab3.eecs.umich.edu,planetlab3.eecs.umich.edu,file32B.txt,2015/09/30 08:23:18,2015/09/30 08:23:18,5.000000
planetlab3.eecs.umich.edu,planetlab3.eecs.umich.edu,file1KB.txt,2015/09/30 08:23:18,2015/09/30 08:23:18,2.000000
planetlab3.eecs.umich.edu,planetlab3.eecs.umich.edu,file256KB.txt,2015/09/30 08:23:18,2015/09/30 08:23:18,25.000000
planetlab3.eecs.umich.edu,planetlab3.eecs.umich.edu,file512KB.txt,2015/09/30 08:23:18,2015/09/30 08:23:18,46.000000
planetlab3.eecs.umich.edu,planetlab3.eecs.umich.edu,file1MB.txt,2015/09/30 08:23:18,2015/09/30 08:23:18,91.000000
planetlab3.rutgers.edu,planetlab3.eecs.umich.edu,file32B.txt,2015/09/30 08:23:18,2015/09/30 08:23:19,1208.000000
planetlab3.rutgers.edu,planetlab3.eecs.umich.edu,file1KB.txt,2015/09/30 08:23:19,2015/09/30 08:23:20,1128.000000
planetlab3.rutgers.edu,planetlab3.eecs.umich.edu,file256KB.txt,2015/09/30 08:23:20,2015/09/30 08:24:26,65914.000000
planetlab3.rutgers.edu,planetlab3.eecs.umich.edu,file512KB.txt,2015/09/30 08:24:26,2015/09/30 08:26:15,109123.000000
planetlab3.rutgers.edu,planetlab3.eecs.umich.edu,file1MB.txt,2015/09/30 08:26:15,2015/09/30 08:30:01,225606.000000
planetlab3.wail.wisc.edu,planetlab3.eecs.umich.edu,file32B.txt,2015/09/30 08:30:01,2015/09/30 08:30:01,205.000000
planetlab3.wail.wisc.edu,planetlab3.eecs.umich.edu,file1KB.txt,2015/09/30 08:30:01,2015/09/30 08:30:02,1828.000000
planetlab3.wail.wisc.edu,planetlab3.eecs.umich.edu,file256KB.txt,2015/09/30 08:30:02,2015/09/30 08:30:14,11428.000000
planetlab3.wail.wisc.edu,planetlab3.eecs.umich.edu,file512KB.txt,2015/09/30 08:30:14,2015/09/30 08:30:39,25248.000000
planetlab3.wail.wisc.edu,planetlab3.eecs.umich.edu,file1MB.txt,2015/09/30 08:30:39,2015/09/30 08:31:28,48692.000000
planetlab4.tamu.edu,planetlab3.eecs.umich.edu,file32B.txt,2015/09/30 08:31:28,2015/09/30 08:31:28,228.000000
planetlab4.tamu.edu,planetlab3.eecs.umich.edu,file1KB.txt,2015/09/30 08:31:28,2015/09/30 08:31:29,1774.000000
planetlab4.tamu.edu,planetlab3.eecs.umich.edu,file256KB.txt,2015/09/30 08:31:29,2015/09/30 08:31:45,15561.000000
planetlab4.tamu.edu,planetlab3.eecs.umich.edu,file512KB.txt,2015/09/30 08:31:45,2015/09/30 08:32:18,33417.000000
planetlab4.tamu.edu,planetlab3.eecs.umich.edu,file1MB.txt,2015/09/30 08:32:18,2015/09/30 08:33:23,64845.000000
planetlab-5.eecs.cwru.edu,planetlab3.eecs.umich.edu,file32B.txt,2015/09/30 08:33:23,2015/09/30 08:33:23,191.000000
planetlab-5.eecs.cwru.edu,planetlab3.eecs.umich.edu,file1KB.txt,2015/09/30 08:33:23,2015/09/30 08:33:23,183.000000
planetlab-5.eecs.cwru.edu,planetlab3.eecs.umich.edu,file256KB.txt,2015/09/30 08:33:23,2015/09/30 08:33:37,14629.000000
planetlab-5.eecs.cwru.edu,planetlab3.eecs.umich.edu,file512KB.txt,2015/09/30 08:33:37,2015/09/30 08:34:03,25377.000000
planetlab-5.eecs.cwru.edu,planetlab3.eecs.umich.edu,file1MB.txt,2015/09/30 08:34:03,2015/09/30 08:34:56,52889.000000
planetlabone.ccs.neu.edu,planetlab3.eecs.umich.edu,file32B.txt,2015/09/30 08:34:56,2015/09/30 08:34:57,1555.000000
planetlabone.ccs.neu.edu,planetlab3.eecs.umich.edu,file1KB.txt,2015/09/30 08:34:57,2015/09/30 08:34:57,219.000000
planetlabone.ccs.neu.edu,planetlab3.eecs.umich.edu,file256KB.txt,2015/09/30 08:34:57,2015/09/30 08:35:21,23849.000000
planetlabone.ccs.neu.edu,planetlab3.eecs.umich.edu,file512KB.txt,2015/09/30 08:35:21,2015/09/30 08:36:19,58445.000000
planetlabone.ccs.neu.edu,planetlab3.eecs.umich.edu,file1MB.txt,2015/09/30 08:36:19,2015/09/30 08:38:26,127052.000000
pl-node-0.csl.sri.com,planetlab3.eecs.umich.edu,file32B.txt,2015/09/30 08:38:26,2015/09/30 08:38:26,723.000000
pl-node-0.csl.sri.com,planetlab3.eecs.umich.edu,file1KB.txt,2015/09/30 08:38:26,2015/09/30 08:38:27,1491.000000
pl-node-0.csl.sri.com,planetlab3.eecs.umich.edu,file256KB.txt,2015/09/30 08:38:27,2015/09/30 08:39:04,36591.000000
pl-node-0.csl.sri.com,planetlab3.eecs.umich.edu,file512KB.txt,2015/09/30 08:39:04,2015/09/30 08:40:19,75491.000000
pl-node-0.csl.sri.com,planetlab3.eecs.umich.edu,file1MB.txt,2015/09/30 08:40:19,2015/09/30 08:42:47,147363.000000
ricepl-5.cs.rice.edu,planetlab3.eecs.umich.edu,file32B.txt,2015/09/30 08:42:47,2015/09/30 08:42:48,1769.000000
ricepl-5.cs.rice.edu,planetlab3.eecs.umich.edu,file1KB.txt,2015/09/30 08:42:48,2015/09/30 08:42:48,230.000000
ricepl-5.cs.rice.edu,planetlab3.eecs.umich.edu,file256KB.txt,2015/09/30 08:42:48,2015/09/30 08:43:04,15509.000000
ricepl-5.cs.rice.edu,planetlab3.eecs.umich.edu,file512KB.txt,2015/09/30 08:43:04,2015/09/30 08:43:37,33167.000000
ricepl-5.cs.rice.edu,planetlab3.eecs.umich.edu,file1MB.txt,2015/09/30 08:43:37,2015/09/30 08:44:43,66540.000000
salt.planetlab.cs.umd.edu,planetlab3.eecs.umich.edu,file32B.txt,2015/09/30 08:44:43,2015/09/30 08:44:43,226.000000
salt.planetlab.cs.umd.edu,planetlab3.eecs.umich.edu,file1KB.txt,2015/09/30 08:44:43,2015/09/30 08:44:43,188.000000
salt.planetlab.cs.umd.edu,planetlab3.eecs.umich.edu,file256KB.txt,2015/09/30 08:44:43,2015/09/30 08:44:57,14552.000000
salt.planetlab.cs.umd.edu,planetlab3.eecs.umich.edu,file512KB.txt,2015/09/30 08:44:57,2015/09/30 08:45:23,25106.000000
salt.planetlab.cs.umd.edu,planetlab3.eecs.umich.edu,file1MB.txt,2015/09/30 08:45:23,2015/09/30 08:46:17,54697.000000
pl1.eecs.utk.edu,planetlab3.eecs.umich.edu,file32B.txt,2015/09/30 08:46:17,2015/09/30 08:46:18,1114.000000
pl1.eecs.utk.edu,planetlab3.eecs.umich.edu,file1KB.txt,2015/09/30 08:46:18,2015/09/30 08:46:18,744.000000
pl1.eecs.utk.edu,planetlab3.eecs.umich.edu,file256KB.txt,2015/09/30 08:46:18,2015/09/30 08:47:28,70545.000000
pl1.eecs.utk.edu,planetlab3.eecs.umich.edu,file512KB.txt,2015/09/30 08:47:28,2015/09/30 08:49:44,135472.000000
pl1.eecs.utk.edu,planetlab3.eecs.umich.edu,file1MB.txt,2015/09/30 08:49:44,2015/09/30 08:57:34,470564.000000
planetlab-01.vt.nodes.planet-lab.org,planetlab3.eecs.umich.edu,file32B.txt,2015/09/30 08:57:34,2015/09/30 08:57:34,304.000000
planetlab-01.vt.nodes.planet-lab.org,planetlab3.eecs.umich.edu,file1KB.txt,2015/09/30 08:57:34,2015/09/30 08:57:34,241.000000
planetlab-01.vt.nodes.planet-lab.org,planetlab3.eecs.umich.edu,file256KB.txt,2015/09/30 08:57:34,2015/09/30 08:57:52,18006.000000
planetlab-01.vt.nodes.planet-lab.org,planetlab3.eecs.umich.edu,file512KB.txt,2015/09/30 08:57:52,2015/09/30 08:58:28,36241.000000
planetlab-01.vt.nodes.planet-lab.org,planetlab3.eecs.umich.edu,file1MB.txt,2015/09/30 08:58:28,2015/09/30 08:59:39,70738.000000
planetlab-04.vt.nodes.planet-lab.org,planetlab3.eecs.umich.edu,file32B.txt,2015/09/30 08:59:39,2015/09/30 08:59:40,1651.000000
planetlab-04.vt.nodes.planet-lab.org,planetlab3.eecs.umich.edu,file1KB.txt,2015/09/30 08:59:40,2015/09/30 08:59:40,239.000000
planetlab-04.vt.nodes.planet-lab.org,planetlab3.eecs.umich.edu,file256KB.txt,2015/09/30 08:59:40,2015/09/30 08:59:58,18261.000000
planetlab-04.vt.nodes.planet-lab.org,planetlab3.eecs.umich.edu,file512KB.txt,2015/09/30 08:59:58,2015/09/30 09:00:33,35064.000000
planetlab-04.vt.nodes.planet-lab.org,planetlab3.eecs.umich.edu,file1MB.txt,2015/09/30 09:00:33,2015/09/30 09:01:43,69423.000000
planetlab-4.eecs.cwru.edu,planetlab3.eecs.umich.edu,file32B.txt,2015/09/30 09:01:43,2015/09/30 09:01:44,1810.000000
planetlab-4.eecs.cwru.edu,planetlab3.eecs.umich.edu,file1KB.txt,2015/09/30 09:01:44,2015/09/30 09:01:44,184.000000
planetlab-4.eecs.cwru.edu,planetlab3.eecs.umich.edu,file256KB.txt,2015/09/30 09:01:44,2015/09/30 09:01:57,12605.000000
planetlab-4.eecs.cwru.edu,planetlab3.eecs.umich.edu,file512KB.txt,2015/09/30 09:01:57,2015/09/30 09:02:24,27302.000000
planetlab-4.eecs.cwru.edu,planetlab3.eecs.umich.edu,file1MB.txt,2015/09/30 09:02:24,2015/09/30 09:03:17,52595.000000
planetlab01.cs.washington.edu,planetlab3.eecs.umich.edu,file32B.txt,2015/09/30 09:03:17,2015/09/30 09:03:18,1614.000000
planetlab01.cs.washington.edu,planetlab3.eecs.umich.edu,file1KB.txt,2015/09/30 09:03:18,2015/09/30 09:03:18,381.000000
planetlab01.cs.washington.edu,planetlab3.eecs.umich.edu,file256KB.txt,2015/09/30 09:03:18,2015/09/30 09:03:46,27998.000000
planetlab01.cs.washington.edu,planetlab3.eecs.umich.edu,file512KB.txt,2015/09/30 09:03:46,2015/09/30 09:04:42,56251.000000
planetlab01.cs.washington.edu,planetlab3.eecs.umich.edu,file1MB.txt,2015/09/30 09:04:42,2015/09/30 09:06:33,110448.000000
planetlab02.cs.washington.edu,planetlab3.eecs.umich.edu,file32B.txt,2015/09/30 09:06:33,2015/09/30 09:06:34,1614.000000
planetlab02.cs.washington.edu,planetlab3.eecs.umich.edu,file1KB.txt,2015/09/30 09:06:34,2015/09/30 09:06:34,382.000000
planetlab02.cs.washington.edu,planetlab3.eecs.umich.edu,file256KB.txt,2015/09/30 09:06:34,2015/09/30 09:07:02,27933.000000
planetlab02.cs.washington.edu,planetlab3.eecs.umich.edu,file512KB.txt,2015/09/30 09:07:02,2015/09/30 09:07:58,56180.000000
planetlab02.cs.washington.edu,planetlab3.eecs.umich.edu,file1MB.txt,2015/09/30 09:07:58,2015/09/30 09:09:49,110769.000000
planetlab1.arizona-gigapop.net,planetlab3.eecs.umich.edu,file32B.txt,2015/09/30 09:09:49,2015/09/30 09:09:50,1599.000000
planetlab1.arizona-gigapop.net,planetlab3.eecs.umich.edu,file1KB.txt,2015/09/30 09:09:50,2015/09/30 09:09:50,392.000000
planetlab1.arizona-gigapop.net,planetlab3.eecs.umich.edu,file256KB.txt,2015/09/30 09:09:50,2015/09/30 09:10:19,29104.000000
planetlab1.arizona-gigapop.net,planetlab3.eecs.umich.edu,file512KB.txt,2015/09/30 09:10:19,2015/09/30 09:11:16,56541.000000
planetlab1.arizona-gigapop.net,planetlab3.eecs.umich.edu,file1MB.txt,2015/09/30 09:11:16,2015/09/30 09:13:11,115240.000000
planetlab1.cs.unc.edu,planetlab3.eecs.umich.edu,file32B.txt,2015/09/30 09:13:11,2015/09/30 09:13:11,254.000000
planetlab1.cs.unc.edu,planetlab3.eecs.umich.edu,file1KB.txt,2015/09/30 09:13:11,2015/09/30 09:13:12,1749.000000
planetlab1.cs.unc.edu,planetlab3.eecs.umich.edu,file256KB.txt,2015/09/30 09:13:12,2015/09/30 09:13:30,17987.000000
planetlab1.cs.unc.edu,planetlab3.eecs.umich.edu,file512KB.txt,2015/09/30 09:13:30,2015/09/30 09:14:05,34080.000000
planetlab1.cs.unc.edu,planetlab3.eecs.umich.edu,file1MB.txt,2015/09/30 09:14:05,2015/09/30 09:15:17,72366.000000
