ebb.colgate.edu,planetlabone.ccs.neu.edu,file32B.txt,2015/09/30 04:13:36,2015/09/30 04:13:36,449.000000
ebb.colgate.edu,planetlabone.ccs.neu.edu,file1KB.txt,2015/09/30 04:13:36,2015/09/30 04:13:37,1357.000000
ebb.colgate.edu,planetlabone.ccs.neu.edu,file256KB.txt,2015/09/30 04:13:37,2015/09/30 04:14:00,23243.000000
ebb.colgate.edu,planetlabone.ccs.neu.edu,file512KB.txt,2015/09/30 04:14:00,2015/09/30 04:14:42,41210.000000
ebb.colgate.edu,planetlabone.ccs.neu.edu,file1MB.txt,2015/09/30 04:14:42,2015/09/30 04:16:31,109799.000000
kc-sce-plab2.umkc.edu,planetlabone.ccs.neu.edu,file32B.txt,2015/09/30 04:16:31,2015/09/30 04:16:31,377.000000
kc-sce-plab2.umkc.edu,planetlabone.ccs.neu.edu,file1KB.txt,2015/09/30 04:16:31,2015/09/30 04:16:31,420.000000
kc-sce-plab2.umkc.edu,planetlabone.ccs.neu.edu,file256KB.txt,2015/09/30 04:16:31,2015/09/30 04:17:03,31980.000000
kc-sce-plab2.umkc.edu,planetlabone.ccs.neu.edu,file512KB.txt,2015/09/30 04:17:03,2015/09/30 04:18:46,103820.000000
kc-sce-plab2.umkc.edu,planetlabone.ccs.neu.edu,file1MB.txt,2015/09/30 04:18:46,2015/09/30 04:25:14,387728.000000
node1.planetlab.mathcs.emory.edu,planetlabone.ccs.neu.edu,file32B.txt,2015/09/30 04:25:14,2015/09/30 04:25:14,391.000000
node1.planetlab.mathcs.emory.edu,planetlabone.ccs.neu.edu,file1KB.txt,2015/09/30 04:25:14,2015/09/30 04:25:15,1530.000000
node1.planetlab.mathcs.emory.edu,planetlabone.ccs.neu.edu,file256KB.txt,2015/09/30 04:25:15,2015/09/30 04:25:37,21711.000000
node1.planetlab.mathcs.emory.edu,planetlabone.ccs.neu.edu,file512KB.txt,2015/09/30 04:25:37,2015/09/30 04:26:21,43657.000000
node1.planetlab.mathcs.emory.edu,planetlabone.ccs.neu.edu,file1MB.txt,2015/09/30 04:26:21,2015/09/30 04:27:49,88295.000000
pl3.cs.unm.edu,planetlabone.ccs.neu.edu,file32B.txt,2015/09/30 04:28:10,2015/09/30 04:28:11,1404.000000
pl3.cs.unm.edu,planetlabone.ccs.neu.edu,file1KB.txt,2015/09/30 04:28:11,2015/09/30 04:28:12,1418.000000
pl3.cs.unm.edu,planetlabone.ccs.neu.edu,file256KB.txt,2015/09/30 04:28:12,2015/09/30 04:28:39,26083.000000
pl3.cs.unm.edu,planetlabone.ccs.neu.edu,file512KB.txt,2015/09/30 04:28:39,2015/09/30 04:29:35,56534.000000
pl3.cs.unm.edu,planetlabone.ccs.neu.edu,file1MB.txt,2015/09/30 04:29:35,2015/09/30 04:31:26,111370.000000
plab3.eece.ksu.edu,planetlabone.ccs.neu.edu,file32B.txt,2015/09/30 04:31:26,2015/09/30 04:31:26,581.000000
plab3.eece.ksu.edu,planetlabone.ccs.neu.edu,file1KB.txt,2015/09/30 04:31:26,2015/09/30 04:31:27,1508.000000
plab3.eece.ksu.edu,planetlabone.ccs.neu.edu,file256KB.txt,2015/09/30 04:31:27,2015/09/30 04:31:47,20053.000000
plab3.eece.ksu.edu,planetlabone.ccs.neu.edu,file512KB.txt,2015/09/30 04:31:47,2015/09/30 04:32:26,38466.000000
plab3.eece.ksu.edu,planetlabone.ccs.neu.edu,file1MB.txt,2015/09/30 04:32:26,2015/09/30 04:33:45,79426.000000
planetlab-02.bu.edu,planetlabone.ccs.neu.edu,file32B.txt,2015/09/30 04:33:45,2015/09/30 04:33:45,227.000000
planetlab-02.bu.edu,planetlabone.ccs.neu.edu,file1KB.txt,2015/09/30 04:33:45,2015/09/30 04:33:45,172.000000
planetlab-02.bu.edu,planetlabone.ccs.neu.edu,file256KB.txt,2015/09/30 04:33:45,2015/09/30 04:33:50,5037.000000
planetlab-02.bu.edu,planetlabone.ccs.neu.edu,file512KB.txt,2015/09/30 04:33:50,2015/09/30 04:34:00,10307.000000
planetlab-02.bu.edu,planetlabone.ccs.neu.edu,file1MB.txt,2015/09/30 04:34:00,2015/09/30 04:34:19,19094.000000
planetlab1.clemson.edu,planetlabone.ccs.neu.edu,file32B.txt,2015/09/30 04:34:41,2015/09/30 04:34:41,458.000000
planetlab1.clemson.edu,planetlabone.ccs.neu.edu,file1KB.txt,2015/09/30 04:34:41,2015/09/30 04:34:42,1449.000000
planetlab1.clemson.edu,planetlabone.ccs.neu.edu,file256KB.txt,2015/09/30 04:34:42,2015/09/30 04:35:05,22526.000000
planetlab1.clemson.edu,planetlabone.ccs.neu.edu,file512KB.txt,2015/09/30 04:35:05,2015/09/30 04:35:52,47586.000000
planetlab1.clemson.edu,planetlabone.ccs.neu.edu,file1MB.txt,2015/09/30 04:35:52,2015/09/30 04:37:24,91538.000000
planetlab1.cs.du.edu,planetlabone.ccs.neu.edu,file32B.txt,2015/09/30 04:37:25,2015/09/30 04:37:25,466.000000
planetlab1.cs.du.edu,planetlabone.ccs.neu.edu,file1KB.txt,2015/09/30 04:37:25,2015/09/30 04:37:25,457.000000
planetlab1.cs.du.edu,planetlabone.ccs.neu.edu,file256KB.txt,2015/09/30 04:37:25,2015/09/30 04:37:50,25788.000000
planetlab1.cs.du.edu,planetlabone.ccs.neu.edu,file512KB.txt,2015/09/30 04:37:50,2015/09/30 04:38:37,-46309.000000
planetlab1.cs.du.edu,planetlabone.ccs.neu.edu,file1MB.txt,2015/09/30 04:38:37,2015/09/30 04:40:13,96614.000000
planetlab-1.cse.ohio-state.edu,planetlabone.ccs.neu.edu,file32B.txt,2015/09/30 04:40:13,2015/09/30 04:40:16,3317.000000
planetlab-1.cse.ohio-state.edu,planetlabone.ccs.neu.edu,file1KB.txt,2015/09/30 04:40:16,2015/09/30 04:40:18,1938.000000
planetlab-1.cse.ohio-state.edu,planetlabone.ccs.neu.edu,file256KB.txt,2015/09/30 04:40:18,2015/09/30 04:56:29,970308.000000
planetlab-1.cse.ohio-state.edu,planetlabone.ccs.neu.edu,file512KB.txt,2015/09/30 04:56:29,2015/09/30 05:51:13,1010910.000000
planetlab-1.cse.ohio-state.edu,planetlabone.ccs.neu.edu,file1MB.txt,2015/09/30 05:51:13,2015/09/30 08:01:44,-758738.000000
planetlab1.cs.okstate.edu,planetlabone.ccs.neu.edu,file32B.txt,2015/09/30 08:01:44,2015/09/30 08:01:45,1454.000000
planetlab1.cs.okstate.edu,planetlabone.ccs.neu.edu,file1KB.txt,2015/09/30 08:01:45,2015/09/30 08:01:45,456.000000
planetlab1.cs.okstate.edu,planetlabone.ccs.neu.edu,file256KB.txt,2015/09/30 08:01:45,2015/09/30 08:02:07,22638.000000
planetlab1.cs.okstate.edu,planetlabone.ccs.neu.edu,file512KB.txt,2015/09/30 08:02:07,2015/09/30 08:02:49,41627.000000
planetlab1.cs.okstate.edu,planetlabone.ccs.neu.edu,file1MB.txt,2015/09/30 08:02:49,2015/09/30 08:04:13,83428.000000
planetlab1.cs.ucla.edu,planetlabone.ccs.neu.edu,file32B.txt,2015/09/30 08:04:13,2015/09/30 08:04:14,1340.000000
planetlab1.cs.ucla.edu,planetlabone.ccs.neu.edu,file1KB.txt,2015/09/30 08:04:14,2015/09/30 08:04:15,1289.000000
planetlab1.cs.ucla.edu,planetlabone.ccs.neu.edu,file256KB.txt,2015/09/30 08:04:15,2015/09/30 08:04:57,41888.000000
planetlab1.cs.ucla.edu,planetlabone.ccs.neu.edu,file512KB.txt,2015/09/30 08:04:57,2015/09/30 08:06:22,84618.000000
planetlab1.cs.ucla.edu,planetlabone.ccs.neu.edu,file1MB.txt,2015/09/30 08:06:22,2015/09/30 08:09:10,168404.000000
planetlab1.csuohio.edu,planetlabone.ccs.neu.edu,file32B.txt,2015/09/30 08:09:10,2015/09/30 08:09:10,411.000000
planetlab1.csuohio.edu,planetlabone.ccs.neu.edu,file1KB.txt,2015/09/30 08:09:10,2015/09/30 08:09:11,1641.000000
planetlab1.csuohio.edu,planetlabone.ccs.neu.edu,file256KB.txt,2015/09/30 08:09:11,2015/09/30 08:09:27,15583.000000
planetlab1.csuohio.edu,planetlabone.ccs.neu.edu,file512KB.txt,2015/09/30 08:09:27,2015/09/30 08:10:00,33269.000000
planetlab1.csuohio.edu,planetlabone.ccs.neu.edu,file1MB.txt,2015/09/30 08:10:00,2015/09/30 08:11:05,65199.000000
planetlab1.ucsd.edu,planetlabone.ccs.neu.edu,file32B.txt,2015/09/30 08:11:26,2015/09/30 08:11:27,1354.000000
planetlab1.ucsd.edu,planetlabone.ccs.neu.edu,file1KB.txt,2015/09/30 08:11:27,2015/09/30 08:11:27,695.000000
planetlab1.ucsd.edu,planetlabone.ccs.neu.edu,file256KB.txt,2015/09/30 08:11:27,2015/09/30 08:12:11,44483.000000
planetlab1.ucsd.edu,planetlabone.ccs.neu.edu,file512KB.txt,2015/09/30 08:12:11,2015/09/30 08:13:37,-85705.000000
planetlab1.ucsd.edu,planetlabone.ccs.neu.edu,file1MB.txt,2015/09/30 08:13:37,2015/09/30 08:16:29,171757.000000
planetlab2.acis.ufl.edu,planetlabone.ccs.neu.edu,file32B.txt,2015/09/30 08:16:29,2015/09/30 08:16:30,1626.000000
planetlab2.acis.ufl.edu,planetlabone.ccs.neu.edu,file1KB.txt,2015/09/30 08:16:30,2015/09/30 08:16:30,415.000000
planetlab2.acis.ufl.edu,planetlabone.ccs.neu.edu,file256KB.txt,2015/09/30 08:16:30,2015/09/30 08:16:50,19851.000000
planetlab2.acis.ufl.edu,planetlabone.ccs.neu.edu,file512KB.txt,2015/09/30 08:16:50,2015/09/30 08:17:30,40249.000000
planetlab2.acis.ufl.edu,planetlabone.ccs.neu.edu,file1MB.txt,2015/09/30 08:17:30,2015/09/30 08:18:49,78595.000000
planetlab2.arizona-gigapop.net,planetlabone.ccs.neu.edu,file32B.txt,2015/09/30 08:18:49,2015/09/30 08:18:50,1326.000000
planetlab2.arizona-gigapop.net,planetlabone.ccs.neu.edu,file1KB.txt,2015/09/30 08:18:50,2015/09/30 08:18:51,1388.000000
planetlab2.arizona-gigapop.net,planetlabone.ccs.neu.edu,file256KB.txt,2015/09/30 08:18:51,2015/09/30 08:19:28,36483.000000
planetlab2.arizona-gigapop.net,planetlabone.ccs.neu.edu,file512KB.txt,2015/09/30 08:19:28,2015/09/30 08:20:43,75275.000000
planetlab2.arizona-gigapop.net,planetlabone.ccs.neu.edu,file1MB.txt,2015/09/30 08:20:43,2015/09/30 08:23:15,151932.000000
planetlab2.citadel.edu,planetlabone.ccs.neu.edu,file32B.txt,2015/09/30 08:23:15,2015/09/30 08:23:16,1299.000000
planetlab2.citadel.edu,planetlabone.ccs.neu.edu,file1KB.txt,2015/09/30 08:23:16,2015/09/30 08:23:16,598.000000
planetlab2.citadel.edu,planetlabone.ccs.neu.edu,file256KB.txt,2015/09/30 08:23:16,2015/09/30 08:23:49,33074.000000
planetlab2.citadel.edu,planetlabone.ccs.neu.edu,file512KB.txt,2015/09/30 08:23:49,2015/09/30 08:24:52,63263.000000
planetlab2.citadel.edu,planetlabone.ccs.neu.edu,file1MB.txt,2015/09/30 08:24:52,2015/09/30 08:26:54,121776.000000
planetlab2.cs.pitt.edu,planetlabone.ccs.neu.edu,file32B.txt,2015/09/30 08:26:54,2015/09/30 08:26:55,1714.000000
planetlab2.cs.pitt.edu,planetlabone.ccs.neu.edu,file1KB.txt,2015/09/30 08:26:55,2015/09/30 08:26:55,256.000000
planetlab2.cs.pitt.edu,planetlabone.ccs.neu.edu,file256KB.txt,2015/09/30 08:26:55,2015/09/30 08:27:06,10822.000000
planetlab2.cs.pitt.edu,planetlabone.ccs.neu.edu,file512KB.txt,2015/09/30 08:27:06,2015/09/30 08:27:28,21804.000000
planetlab2.cs.pitt.edu,planetlabone.ccs.neu.edu,file1MB.txt,2015/09/30 08:27:28,2015/09/30 08:28:12,43940.000000
planetlab2.cs.purdue.edu,planetlabone.ccs.neu.edu,file32B.txt,2015/09/30 08:28:12,2015/09/30 08:28:13,1217.000000
planetlab2.cs.purdue.edu,planetlabone.ccs.neu.edu,file1KB.txt,2015/09/30 08:28:13,2015/09/30 08:28:14,972.000000
planetlab2.cs.purdue.edu,planetlabone.ccs.neu.edu,file256KB.txt,2015/09/30 08:28:14,2015/09/30 08:29:25,71568.000000
planetlab2.cs.purdue.edu,planetlabone.ccs.neu.edu,file512KB.txt,2015/09/30 08:29:25,2015/09/30 08:33:56,270788.000000
planetlab2.cs.purdue.edu,planetlabone.ccs.neu.edu,file1MB.txt,2015/09/30 08:33:56,2015/09/30 08:46:09,732432.000000
planetlab2.cs.uml.edu,planetlabone.ccs.neu.edu,file32B.txt,2015/09/30 08:46:52,2015/09/30 08:46:52,193.000000
planetlab2.cs.uml.edu,planetlabone.ccs.neu.edu,file1KB.txt,2015/09/30 08:46:52,2015/09/30 08:46:52,501.000000
planetlab2.cs.uml.edu,planetlabone.ccs.neu.edu,file256KB.txt,2015/09/30 08:46:52,2015/09/30 08:47:02,10899.000000
planetlab2.cs.uml.edu,planetlabone.ccs.neu.edu,file512KB.txt,2015/09/30 08:47:02,2015/09/30 08:47:10,7906.000000
planetlab2.cs.uml.edu,planetlabone.ccs.neu.edu,file1MB.txt,2015/09/30 08:47:10,2015/09/30 08:47:26,15399.000000
planetlab2.cs.unc.edu,planetlabone.ccs.neu.edu,file32B.txt,2015/09/30 08:47:26,2015/09/30 08:47:27,1751.000000
planetlab2.cs.unc.edu,planetlabone.ccs.neu.edu,file1KB.txt,2015/09/30 08:47:27,2015/09/30 08:47:27,268.000000
planetlab2.cs.unc.edu,planetlabone.ccs.neu.edu,file256KB.txt,2015/09/30 08:47:27,2015/09/30 08:47:42,14945.000000
planetlab2.cs.unc.edu,planetlabone.ccs.neu.edu,file512KB.txt,2015/09/30 08:47:42,2015/09/30 08:48:13,31296.000000
planetlab2.cs.unc.edu,planetlabone.ccs.neu.edu,file1MB.txt,2015/09/30 08:48:13,2015/09/30 08:49:11,57266.000000
planetlab2.cs.uoregon.edu,planetlabone.ccs.neu.edu,file32B.txt,2015/09/30 08:49:11,2015/09/30 08:49:12,1347.000000
planetlab2.cs.uoregon.edu,planetlabone.ccs.neu.edu,file1KB.txt,2015/09/30 08:49:12,2015/09/30 08:49:13,1344.000000
planetlab2.cs.uoregon.edu,planetlabone.ccs.neu.edu,file256KB.txt,2015/09/30 08:49:13,2015/09/30 08:50:00,47060.000000
planetlab2.cs.uoregon.edu,planetlabone.ccs.neu.edu,file512KB.txt,2015/09/30 08:50:00,2015/09/30 08:51:19,78807.000000
planetlab2.cs.uoregon.edu,planetlabone.ccs.neu.edu,file1MB.txt,2015/09/30 08:51:19,2015/09/30 08:54:08,168531.000000
planetlab2.temple.edu,planetlabone.ccs.neu.edu,file32B.txt,2015/09/30 08:54:08,2015/09/30 08:54:09,1510.000000
planetlab2.temple.edu,planetlabone.ccs.neu.edu,file1KB.txt,2015/09/30 08:54:09,2015/09/30 08:54:09,180.000000
planetlab2.temple.edu,planetlabone.ccs.neu.edu,file256KB.txt,2015/09/30 08:54:09,2015/09/30 08:54:15,5577.000000
planetlab2.temple.edu,planetlabone.ccs.neu.edu,file512KB.txt,2015/09/30 08:54:15,2015/09/30 08:54:28,13502.000000
planetlab2.temple.edu,planetlabone.ccs.neu.edu,file1MB.txt,2015/09/30 08:54:28,2015/09/30 08:54:53,25248.000000
planetlab2.unl.edu,planetlabone.ccs.neu.edu,file32B.txt,2015/09/30 08:54:53,2015/09/30 08:54:53,411.000000
planetlab2.unl.edu,planetlabone.ccs.neu.edu,file1KB.txt,2015/09/30 08:54:53,2015/09/30 08:54:53,431.000000
planetlab2.unl.edu,planetlabone.ccs.neu.edu,file256KB.txt,2015/09/30 08:54:53,2015/09/30 08:55:15,22036.000000
planetlab2.unl.edu,planetlabone.ccs.neu.edu,file512KB.txt,2015/09/30 08:55:15,2015/09/30 08:55:58,42985.000000
planetlab2.unl.edu,planetlabone.ccs.neu.edu,file1MB.txt,2015/09/30 08:55:58,2015/09/30 08:57:25,87246.000000
planetlab2.unr.edu,planetlabone.ccs.neu.edu,file32B.txt,2015/09/30 08:57:25,2015/09/30 08:57:26,1283.000000
planetlab2.unr.edu,planetlabone.ccs.neu.edu,file1KB.txt,2015/09/30 08:57:26,2015/09/30 08:57:26,555.000000
planetlab2.unr.edu,planetlabone.ccs.neu.edu,file256KB.txt,2015/09/30 08:57:26,2015/09/30 08:58:02,36079.000000
planetlab2.unr.edu,planetlabone.ccs.neu.edu,file512KB.txt,2015/09/30 08:58:02,2015/09/30 08:59:19,77801.000000
planetlab2.unr.edu,planetlabone.ccs.neu.edu,file1MB.txt,2015/09/30 08:59:19,2015/09/30 09:02:03,163293.000000
planetlab2.uta.edu,planetlabone.ccs.neu.edu,file32B.txt,2015/09/30 09:02:03,2015/09/30 09:02:04,1550.000000
planetlab2.uta.edu,planetlabone.ccs.neu.edu,file1KB.txt,2015/09/30 09:02:04,2015/09/30 09:02:04,453.000000
planetlab2.uta.edu,planetlabone.ccs.neu.edu,file256KB.txt,2015/09/30 09:02:04,2015/09/30 09:02:35,31120.000000
planetlab2.uta.edu,planetlabone.ccs.neu.edu,file512KB.txt,2015/09/30 09:02:35,2015/09/30 09:03:36,61267.000000
planetlab2.uta.edu,planetlabone.ccs.neu.edu,file1MB.txt,2015/09/30 09:03:36,2015/09/30 09:05:40,124107.000000
planetlab2.utdallas.edu,planetlabone.ccs.neu.edu,file32B.txt,2015/09/30 09:05:40,2015/09/30 09:05:40,794.000000
planetlab2.utdallas.edu,planetlabone.ccs.neu.edu,file1KB.txt,2015/09/30 09:05:40,2015/09/30 09:05:41,1166.000000
planetlab2.utdallas.edu,planetlabone.ccs.neu.edu,file256KB.txt,2015/09/30 09:05:41,2015/09/30 09:06:16,35713.000000
planetlab2.utdallas.edu,planetlabone.ccs.neu.edu,file512KB.txt,2015/09/30 09:06:16,2015/09/30 09:07:19,62998.000000
planetlab2.utdallas.edu,planetlabone.ccs.neu.edu,file1MB.txt,2015/09/30 09:07:19,2015/09/30 09:09:21,121713.000000
planetlab3.eecs.umich.edu,planetlabone.ccs.neu.edu,file32B.txt,2015/09/30 09:09:21,2015/09/30 09:09:21,329.000000
planetlab3.eecs.umich.edu,planetlabone.ccs.neu.edu,file1KB.txt,2015/09/30 09:09:21,2015/09/30 09:09:22,1610.000000
planetlab3.eecs.umich.edu,planetlabone.ccs.neu.edu,file256KB.txt,2015/09/30 09:09:22,2015/09/30 09:09:43,20450.000000
planetlab3.eecs.umich.edu,planetlabone.ccs.neu.edu,file512KB.txt,2015/09/30 09:09:43,2015/09/30 09:10:22,38771.000000
planetlab3.eecs.umich.edu,planetlabone.ccs.neu.edu,file1MB.txt,2015/09/30 09:10:22,2015/09/30 09:11:22,60144.000000
planetlab3.rutgers.edu,planetlabone.ccs.neu.edu,file32B.txt,2015/09/30 09:11:22,2015/09/30 09:11:23,1577.000000
planetlab3.rutgers.edu,planetlabone.ccs.neu.edu,file1KB.txt,2015/09/30 09:11:23,2015/09/30 09:11:23,298.000000
planetlab3.rutgers.edu,planetlabone.ccs.neu.edu,file256KB.txt,2015/09/30 09:11:23,2015/09/30 09:11:29,5564.000000
planetlab3.rutgers.edu,planetlabone.ccs.neu.edu,file512KB.txt,2015/09/30 09:11:29,2015/09/30 09:11:41,12409.000000
planetlab3.rutgers.edu,planetlabone.ccs.neu.edu,file1MB.txt,2015/09/30 09:11:41,2015/09/30 09:12:05,24381.000000
planetlab3.wail.wisc.edu,planetlabone.ccs.neu.edu,file32B.txt,2015/09/30 09:12:05,2015/09/30 09:12:05,452.000000
planetlab3.wail.wisc.edu,planetlabone.ccs.neu.edu,file1KB.txt,2015/09/30 09:12:05,2015/09/30 09:12:05,428.000000
planetlab3.wail.wisc.edu,planetlabone.ccs.neu.edu,file256KB.txt,2015/09/30 09:12:05,2015/09/30 09:12:28,23417.000000
planetlab3.wail.wisc.edu,planetlabone.ccs.neu.edu,file512KB.txt,2015/09/30 09:12:28,2015/09/30 09:13:13,45251.000000
planetlab3.wail.wisc.edu,planetlabone.ccs.neu.edu,file1MB.txt,2015/09/30 09:13:13,2015/09/30 09:14:42,88887.000000
planetlab4.tamu.edu,planetlabone.ccs.neu.edu,file32B.txt,2015/09/30 09:14:42,2015/09/30 09:14:42,491.000000
planetlab4.tamu.edu,planetlabone.ccs.neu.edu,file1KB.txt,2015/09/30 09:14:42,2015/09/30 09:14:43,1486.000000
planetlab4.tamu.edu,planetlabone.ccs.neu.edu,file256KB.txt,2015/09/30 09:14:43,2015/09/30 09:15:11,28310.000000
planetlab4.tamu.edu,planetlabone.ccs.neu.edu,file512KB.txt,2015/09/30 09:15:11,2015/09/30 09:16:07,55085.000000
planetlab4.tamu.edu,planetlabone.ccs.neu.edu,file1MB.txt,2015/09/30 09:16:07,2015/09/30 09:18:03,116016.000000
planetlab-5.eecs.cwru.edu,planetlabone.ccs.neu.edu,file32B.txt,2015/09/30 09:18:03,2015/09/30 09:18:04,1693.000000
planetlab-5.eecs.cwru.edu,planetlabone.ccs.neu.edu,file1KB.txt,2015/09/30 09:18:04,2015/09/30 09:18:04,325.000000
planetlab-5.eecs.cwru.edu,planetlabone.ccs.neu.edu,file256KB.txt,2015/09/30 09:18:04,2015/09/30 09:18:18,14191.000000
planetlab-5.eecs.cwru.edu,planetlabone.ccs.neu.edu,file512KB.txt,2015/09/30 09:18:18,2015/09/30 09:18:43,24423.000000
planetlab-5.eecs.cwru.edu,planetlabone.ccs.neu.edu,file1MB.txt,2015/09/30 09:18:43,2015/09/30 09:19:30,47243.000000
planetlabone.ccs.neu.edu,planetlabone.ccs.neu.edu,file32B.txt,2015/09/30 09:19:30,2015/09/30 09:19:30,1.000000
planetlabone.ccs.neu.edu,planetlabone.ccs.neu.edu,file1KB.txt,2015/09/30 09:19:30,2015/09/30 09:19:30,0.000000
planetlabone.ccs.neu.edu,planetlabone.ccs.neu.edu,file256KB.txt,2015/09/30 09:19:30,2015/09/30 09:19:30,20.000000
planetlabone.ccs.neu.edu,planetlabone.ccs.neu.edu,file512KB.txt,2015/09/30 09:19:30,2015/09/30 09:19:30,41.000000
planetlabone.ccs.neu.edu,planetlabone.ccs.neu.edu,file1MB.txt,2015/09/30 09:19:30,2015/09/30 09:19:30,81.000000
pl-node-0.csl.sri.com,planetlabone.ccs.neu.edu,file32B.txt,2015/09/30 09:19:30,2015/09/30 09:19:31,1387.000000
pl-node-0.csl.sri.com,planetlabone.ccs.neu.edu,file1KB.txt,2015/09/30 09:19:31,2015/09/30 09:19:32,1301.000000
pl-node-0.csl.sri.com,planetlabone.ccs.neu.edu,file256KB.txt,2015/09/30 09:19:32,2015/09/30 09:20:16,43218.000000
pl-node-0.csl.sri.com,planetlabone.ccs.neu.edu,file512KB.txt,2015/09/30 09:20:16,2015/09/30 09:21:51,95609.000000
pl-node-0.csl.sri.com,planetlabone.ccs.neu.edu,file1MB.txt,2015/09/30 09:21:51,2015/09/30 09:24:42,-171294.000000
ricepl-5.cs.rice.edu,planetlabone.ccs.neu.edu,file32B.txt,2015/09/30 09:24:42,2015/09/30 09:24:42,485.000000
ricepl-5.cs.rice.edu,planetlabone.ccs.neu.edu,file1KB.txt,2015/09/30 09:24:42,2015/09/30 09:24:43,1484.000000
ricepl-5.cs.rice.edu,planetlabone.ccs.neu.edu,file256KB.txt,2015/09/30 09:24:43,2015/09/30 09:25:09,26270.000000
ricepl-5.cs.rice.edu,planetlabone.ccs.neu.edu,file512KB.txt,2015/09/30 09:25:09,2015/09/30 09:26:00,50954.000000
ricepl-5.cs.rice.edu,planetlabone.ccs.neu.edu,file1MB.txt,2015/09/30 09:26:00,2015/09/30 09:27:45,104939.000000
salt.planetlab.cs.umd.edu,planetlabone.ccs.neu.edu,file32B.txt,2015/09/30 09:27:45,2015/09/30 09:27:45,222.000000
salt.planetlab.cs.umd.edu,planetlabone.ccs.neu.edu,file1KB.txt,2015/09/30 09:27:45,2015/09/30 09:27:45,341.000000
salt.planetlab.cs.umd.edu,planetlabone.ccs.neu.edu,file256KB.txt,2015/09/30 09:27:45,2015/09/30 09:27:53,7845.000000
salt.planetlab.cs.umd.edu,planetlabone.ccs.neu.edu,file512KB.txt,2015/09/30 09:27:53,2015/09/30 09:28:08,14923.000000
salt.planetlab.cs.umd.edu,planetlabone.ccs.neu.edu,file1MB.txt,2015/09/30 09:28:08,2015/09/30 09:28:46,38529.000000
pl1.eecs.utk.edu,planetlabone.ccs.neu.edu,file32B.txt,2015/09/30 09:28:46,2015/09/30 09:28:48,1839.000000
pl1.eecs.utk.edu,planetlabone.ccs.neu.edu,file1KB.txt,2015/09/30 09:28:48,2015/09/30 09:28:50,1983.000000
pl1.eecs.utk.edu,planetlabone.ccs.neu.edu,file256KB.txt,2015/09/30 09:28:50,2015/09/30 09:32:11,201263.000000
pl1.eecs.utk.edu,planetlabone.ccs.neu.edu,file512KB.txt,2015/09/30 09:32:11,2015/09/30 09:38:43,391717.000000
pl1.eecs.utk.edu,planetlabone.ccs.neu.edu,file1MB.txt,2015/09/30 09:38:43,2015/09/30 09:58:58,1215682.000000
planetlab-01.vt.nodes.planet-lab.org,planetlabone.ccs.neu.edu,file32B.txt,2015/09/30 09:58:58,2015/09/30 09:58:58,431.000000
planetlab-01.vt.nodes.planet-lab.org,planetlabone.ccs.neu.edu,file1KB.txt,2015/09/30 09:58:58,2015/09/30 09:58:58,466.000000
planetlab-01.vt.nodes.planet-lab.org,planetlabone.ccs.neu.edu,file256KB.txt,2015/09/30 09:58:58,2015/09/30 09:59:18,20397.000000
planetlab-01.vt.nodes.planet-lab.org,planetlabone.ccs.neu.edu,file512KB.txt,2015/09/30 09:59:18,2015/09/30 09:59:56,38257.000000
planetlab-01.vt.nodes.planet-lab.org,planetlabone.ccs.neu.edu,file1MB.txt,2015/09/30 09:59:56,2015/09/30 10:01:15,79237.000000
planetlab-04.vt.nodes.planet-lab.org,planetlabone.ccs.neu.edu,file32B.txt,2015/09/30 10:01:15,2015/09/30 10:01:15,573.000000
planetlab-04.vt.nodes.planet-lab.org,planetlabone.ccs.neu.edu,file1KB.txt,2015/09/30 10:01:15,2015/09/30 10:01:16,1525.000000
planetlab-04.vt.nodes.planet-lab.org,planetlabone.ccs.neu.edu,file256KB.txt,2015/09/30 10:01:16,2015/09/30 10:01:36,19824.000000
planetlab-04.vt.nodes.planet-lab.org,planetlabone.ccs.neu.edu,file512KB.txt,2015/09/30 10:01:36,2015/09/30 10:02:15,39018.000000
planetlab-04.vt.nodes.planet-lab.org,planetlabone.ccs.neu.edu,file1MB.txt,2015/09/30 10:02:15,2015/09/30 10:03:33,77843.000000
planetlab-4.eecs.cwru.edu,planetlabone.ccs.neu.edu,file32B.txt,2015/09/30 10:03:33,2015/09/30 10:03:33,266.000000
planetlab-4.eecs.cwru.edu,planetlabone.ccs.neu.edu,file1KB.txt,2015/09/30 10:03:33,2015/09/30 10:03:34,1680.000000
planetlab-4.eecs.cwru.edu,planetlabone.ccs.neu.edu,file256KB.txt,2015/09/30 10:03:34,2015/09/30 10:03:45,10949.000000
planetlab-4.eecs.cwru.edu,planetlabone.ccs.neu.edu,file512KB.txt,2015/09/30 10:03:45,2015/09/30 10:04:06,20292.000000
planetlab-4.eecs.cwru.edu,planetlabone.ccs.neu.edu,file1MB.txt,2015/09/30 10:04:06,2015/09/30 10:04:49,43198.000000
planetlab01.cs.washington.edu,planetlabone.ccs.neu.edu,file32B.txt,2015/09/30 10:04:49,2015/09/30 10:04:50,1248.000000
planetlab01.cs.washington.edu,planetlabone.ccs.neu.edu,file1KB.txt,2015/09/30 10:04:50,2015/09/30 10:04:51,1349.000000
planetlab01.cs.washington.edu,planetlabone.ccs.neu.edu,file256KB.txt,2015/09/30 10:04:51,2015/09/30 10:05:28,36403.000000
planetlab01.cs.washington.edu,planetlabone.ccs.neu.edu,file512KB.txt,2015/09/30 10:05:28,2015/09/30 10:06:42,74227.000000
planetlab01.cs.washington.edu,planetlabone.ccs.neu.edu,file1MB.txt,2015/09/30 10:06:42,2015/09/30 10:09:11,148988.000000
planetlab02.cs.washington.edu,planetlabone.ccs.neu.edu,file32B.txt,2015/09/30 10:09:11,2015/09/30 10:09:11,578.000000
planetlab02.cs.washington.edu,planetlabone.ccs.neu.edu,file1KB.txt,2015/09/30 10:09:11,2015/09/30 10:09:12,1329.000000
planetlab02.cs.washington.edu,planetlabone.ccs.neu.edu,file256KB.txt,2015/09/30 10:09:12,2015/09/30 10:09:51,39070.000000
planetlab02.cs.washington.edu,planetlabone.ccs.neu.edu,file512KB.txt,2015/09/30 10:09:51,2015/09/30 10:11:07,75866.000000
planetlab02.cs.washington.edu,planetlabone.ccs.neu.edu,file1MB.txt,2015/09/30 10:11:07,2015/09/30 10:13:35,147962.000000
planetlab1.arizona-gigapop.net,planetlabone.ccs.neu.edu,file32B.txt,2015/09/30 10:13:35,2015/09/30 10:13:36,1359.000000
planetlab1.arizona-gigapop.net,planetlabone.ccs.neu.edu,file1KB.txt,2015/09/30 10:13:36,2015/09/30 10:13:36,610.000000
planetlab1.arizona-gigapop.net,planetlabone.ccs.neu.edu,file256KB.txt,2015/09/30 10:13:36,2015/09/30 10:14:14,38594.000000
planetlab1.arizona-gigapop.net,planetlabone.ccs.neu.edu,file512KB.txt,2015/09/30 10:14:14,2015/09/30 10:15:28,73503.000000
planetlab1.arizona-gigapop.net,planetlabone.ccs.neu.edu,file1MB.txt,2015/09/30 10:15:28,2015/09/30 10:17:57,149486.000000
planetlab1.cs.unc.edu,planetlabone.ccs.neu.edu,file32B.txt,2015/09/30 10:17:57,2015/09/30 10:17:57,220.000000
planetlab1.cs.unc.edu,planetlabone.ccs.neu.edu,file1KB.txt,2015/09/30 10:17:57,2015/09/30 10:17:57,246.000000
planetlab1.cs.unc.edu,planetlabone.ccs.neu.edu,file256KB.txt,2015/09/30 10:17:57,2015/09/30 10:18:10,13178.000000
planetlab1.cs.unc.edu,planetlabone.ccs.neu.edu,file512KB.txt,2015/09/30 10:18:10,2015/09/30 10:18:43,33428.000000
planetlab1.cs.unc.edu,planetlabone.ccs.neu.edu,file1MB.txt,2015/09/30 10:18:43,2015/09/30 10:20:06,82422.000000
