ebb.colgate.edu,planetlab1.cs.du.edu,file32B.txt,2015/09/30 04:11:50,2015/09/30 04:11:54,4083.000000
ebb.colgate.edu,planetlab1.cs.du.edu,file1KB.txt,2015/09/30 04:11:54,2015/09/30 04:11:55,1351.000000
ebb.colgate.edu,planetlab1.cs.du.edu,file256KB.txt,2015/09/30 04:11:55,2015/09/30 04:12:50,55261.000000
ebb.colgate.edu,planetlab1.cs.du.edu,file512KB.txt,2015/09/30 04:12:50,2015/09/30 04:14:36,105766.000000
ebb.colgate.edu,planetlab1.cs.du.edu,file1MB.txt,2015/09/30 04:14:36,2015/09/30 04:17:46,190176.000000
kc-sce-plab2.umkc.edu,planetlab1.cs.du.edu,file32B.txt,2015/09/30 04:17:46,2015/09/30 04:17:46,672.000000
kc-sce-plab2.umkc.edu,planetlab1.cs.du.edu,file1KB.txt,2015/09/30 04:17:46,2015/09/30 04:17:47,1211.000000
kc-sce-plab2.umkc.edu,planetlab1.cs.du.edu,file256KB.txt,2015/09/30 04:17:47,2015/09/30 04:18:50,62825.000000
kc-sce-plab2.umkc.edu,planetlab1.cs.du.edu,file512KB.txt,2015/09/30 04:18:50,2015/09/30 04:21:32,162293.000000
kc-sce-plab2.umkc.edu,planetlab1.cs.du.edu,file1MB.txt,2015/09/30 04:21:32,2015/09/30 04:27:55,383471.000000
node1.planetlab.mathcs.emory.edu,planetlab1.cs.du.edu,file32B.txt,2015/09/30 04:27:55,2015/09/30 04:27:57,1393.000000
node1.planetlab.mathcs.emory.edu,planetlab1.cs.du.edu,file1KB.txt,2015/09/30 04:27:57,2015/09/30 04:27:58,1597.000000
node1.planetlab.mathcs.emory.edu,planetlab1.cs.du.edu,file256KB.txt,2015/09/30 04:27:58,2015/09/30 04:28:20,22014.000000
node1.planetlab.mathcs.emory.edu,planetlab1.cs.du.edu,file512KB.txt,2015/09/30 04:28:20,2015/09/30 04:29:03,42192.000000
node1.planetlab.mathcs.emory.edu,planetlab1.cs.du.edu,file1MB.txt,2015/09/30 04:29:03,2015/09/30 04:30:31,88205.000000
pl3.cs.unm.edu,planetlab1.cs.du.edu,file32B.txt,2015/09/30 04:30:52,2015/09/30 04:30:53,1563.000000
pl3.cs.unm.edu,planetlab1.cs.du.edu,file1KB.txt,2015/09/30 04:30:53,2015/09/30 04:30:53,378.000000
pl3.cs.unm.edu,planetlab1.cs.du.edu,file256KB.txt,2015/09/30 04:30:53,2015/09/30 04:31:22,29421.000000
pl3.cs.unm.edu,planetlab1.cs.du.edu,file512KB.txt,2015/09/30 04:31:22,2015/09/30 04:32:17,54943.000000
pl3.cs.unm.edu,planetlab1.cs.du.edu,file1MB.txt,2015/09/30 04:32:17,2015/09/30 04:34:07,109600.000000
plab3.eece.ksu.edu,planetlab1.cs.du.edu,file32B.txt,2015/09/30 04:34:07,2015/09/30 04:34:08,1550.000000
plab3.eece.ksu.edu,planetlab1.cs.du.edu,file1KB.txt,2015/09/30 04:34:08,2015/09/30 04:34:08,312.000000
plab3.eece.ksu.edu,planetlab1.cs.du.edu,file256KB.txt,2015/09/30 04:34:08,2015/09/30 04:34:27,18373.000000
plab3.eece.ksu.edu,planetlab1.cs.du.edu,file512KB.txt,2015/09/30 04:34:27,2015/09/30 04:35:07,40838.000000
plab3.eece.ksu.edu,planetlab1.cs.du.edu,file1MB.txt,2015/09/30 04:35:07,2015/09/30 04:36:25,77791.000000
planetlab-02.bu.edu,planetlab1.cs.du.edu,file32B.txt,2015/09/30 04:36:25,2015/09/30 04:36:26,1552.000000
planetlab-02.bu.edu,planetlab1.cs.du.edu,file1KB.txt,2015/09/30 04:36:26,2015/09/30 04:36:26,409.000000
planetlab-02.bu.edu,planetlab1.cs.du.edu,file256KB.txt,2015/09/30 04:36:26,2015/09/30 04:36:56,30065.000000
planetlab-02.bu.edu,planetlab1.cs.du.edu,file512KB.txt,2015/09/30 04:36:56,2015/09/30 04:37:56,60125.000000
planetlab-02.bu.edu,planetlab1.cs.du.edu,file1MB.txt,2015/09/30 04:37:56,2015/09/30 04:39:56,-119537.000000
planetlab1.clemson.edu,planetlab1.cs.du.edu,file32B.txt,2015/09/30 04:40:17,2015/09/30 04:40:18,1592.000000
planetlab1.clemson.edu,planetlab1.cs.du.edu,file1KB.txt,2015/09/30 04:40:18,2015/09/30 04:40:18,362.000000
planetlab1.clemson.edu,planetlab1.cs.du.edu,file256KB.txt,2015/09/30 04:40:18,2015/09/30 04:40:41,22940.000000
planetlab1.clemson.edu,planetlab1.cs.du.edu,file512KB.txt,2015/09/30 04:40:41,2015/09/30 04:41:27,46173.000000
planetlab1.clemson.edu,planetlab1.cs.du.edu,file1MB.txt,2015/09/30 04:41:27,2015/09/30 04:42:59,92520.000000
planetlab1.cs.du.edu,planetlab1.cs.du.edu,file32B.txt,2015/09/30 04:42:59,2015/09/30 04:42:59,1.000000
planetlab1.cs.du.edu,planetlab1.cs.du.edu,file1KB.txt,2015/09/30 04:42:59,2015/09/30 04:42:59,1.000000
planetlab1.cs.du.edu,planetlab1.cs.du.edu,file256KB.txt,2015/09/30 04:42:59,2015/09/30 04:42:59,29.000000
planetlab1.cs.du.edu,planetlab1.cs.du.edu,file512KB.txt,2015/09/30 04:42:59,2015/09/30 04:42:59,47.000000
planetlab1.cs.du.edu,planetlab1.cs.du.edu,file1MB.txt,2015/09/30 04:42:59,2015/09/30 04:42:59,115.000000
planetlab-1.cse.ohio-state.edu,planetlab1.cs.du.edu,file32B.txt,2015/09/30 04:42:59,2015/09/30 04:43:02,3648.000000
planetlab-1.cse.ohio-state.edu,planetlab1.cs.du.edu,file1KB.txt,2015/09/30 04:43:02,2015/09/30 04:43:05,2287.000000
planetlab-1.cse.ohio-state.edu,planetlab1.cs.du.edu,file256KB.txt,2015/09/30 04:43:06,2015/09/30 05:03:16,1209943.000000
planetlab-1.cse.ohio-state.edu,planetlab1.cs.du.edu,file512KB.txt,2015/09/30 05:03:16,2015/09/30 06:01:14,816421.000000
planetlab-1.cse.ohio-state.edu,planetlab1.cs.du.edu,file1MB.txt,2015/09/30 06:01:14,2015/09/30 08:03:38,-1246833.000000
planetlab1.cs.okstate.edu,planetlab1.cs.du.edu,file32B.txt,2015/09/30 08:03:38,2015/09/30 08:03:39,1707.000000
planetlab1.cs.okstate.edu,planetlab1.cs.du.edu,file1KB.txt,2015/09/30 08:03:39,2015/09/30 08:03:39,417.000000
planetlab1.cs.okstate.edu,planetlab1.cs.du.edu,file256KB.txt,2015/09/30 08:03:39,2015/09/30 08:04:00,20847.000000
planetlab1.cs.okstate.edu,planetlab1.cs.du.edu,file512KB.txt,2015/09/30 08:04:00,2015/09/30 08:04:42,41977.000000
planetlab1.cs.okstate.edu,planetlab1.cs.du.edu,file1MB.txt,2015/09/30 08:04:42,2015/09/30 08:06:07,85328.000000
planetlab1.cs.ucla.edu,planetlab1.cs.du.edu,file32B.txt,2015/09/30 08:06:07,2015/09/30 08:06:07,500.000000
planetlab1.cs.ucla.edu,planetlab1.cs.du.edu,file1KB.txt,2015/09/30 08:06:08,2015/09/30 08:06:08,451.000000
planetlab1.cs.ucla.edu,planetlab1.cs.du.edu,file256KB.txt,2015/09/30 08:06:08,2015/09/30 08:06:35,27232.000000
planetlab1.cs.ucla.edu,planetlab1.cs.du.edu,file512KB.txt,2015/09/30 08:06:35,2015/09/30 08:07:29,53644.000000
planetlab1.cs.ucla.edu,planetlab1.cs.du.edu,file1MB.txt,2015/09/30 08:07:29,2015/09/30 08:09:16,106899.000000
planetlab1.csuohio.edu,planetlab1.cs.du.edu,file32B.txt,2015/09/30 08:09:16,2015/09/30 08:09:17,1583.000000
planetlab1.csuohio.edu,planetlab1.cs.du.edu,file1KB.txt,2015/09/30 08:09:17,2015/09/30 08:09:17,420.000000
planetlab1.csuohio.edu,planetlab1.cs.du.edu,file256KB.txt,2015/09/30 08:09:17,2015/09/30 08:09:39,21827.000000
planetlab1.csuohio.edu,planetlab1.cs.du.edu,file512KB.txt,2015/09/30 08:09:39,2015/09/30 08:10:25,46611.000000
planetlab1.csuohio.edu,planetlab1.cs.du.edu,file1MB.txt,2015/09/30 08:10:25,2015/09/30 08:11:55,89317.000000
planetlab1.ucsd.edu,planetlab1.cs.du.edu,file32B.txt,2015/09/30 08:12:17,2015/09/30 08:12:17,445.000000
planetlab1.ucsd.edu,planetlab1.cs.du.edu,file1KB.txt,2015/09/30 08:12:17,2015/09/30 08:12:18,1615.000000
planetlab1.ucsd.edu,planetlab1.cs.du.edu,file256KB.txt,2015/09/30 08:12:18,2015/09/30 08:12:46,27843.000000
planetlab1.ucsd.edu,planetlab1.cs.du.edu,file512KB.txt,2015/09/30 08:12:46,2015/09/30 08:13:41,-54241.000000
planetlab1.ucsd.edu,planetlab1.cs.du.edu,file1MB.txt,2015/09/30 08:13:41,2015/09/30 08:15:56,135650.000000
planetlab2.acis.ufl.edu,planetlab1.cs.du.edu,file32B.txt,2015/09/30 08:15:56,2015/09/30 08:15:56,452.000000
planetlab2.acis.ufl.edu,planetlab1.cs.du.edu,file1KB.txt,2015/09/30 08:15:56,2015/09/30 08:15:57,1472.000000
planetlab2.acis.ufl.edu,planetlab1.cs.du.edu,file256KB.txt,2015/09/30 08:15:57,2015/09/30 08:16:26,29063.000000
planetlab2.acis.ufl.edu,planetlab1.cs.du.edu,file512KB.txt,2015/09/30 08:16:26,2015/09/30 08:17:55,88206.000000
planetlab2.acis.ufl.edu,planetlab1.cs.du.edu,file1MB.txt,2015/09/30 08:17:55,2015/09/30 08:19:54,119914.000000
planetlab2.arizona-gigapop.net,planetlab1.cs.du.edu,file32B.txt,2015/09/30 08:19:54,2015/09/30 08:19:54,557.000000
planetlab2.arizona-gigapop.net,planetlab1.cs.du.edu,file1KB.txt,2015/09/30 08:19:54,2015/09/30 08:19:55,1432.000000
planetlab2.arizona-gigapop.net,planetlab1.cs.du.edu,file256KB.txt,2015/09/30 08:19:55,2015/09/30 08:20:27,31359.000000
planetlab2.arizona-gigapop.net,planetlab1.cs.du.edu,file512KB.txt,2015/09/30 08:20:27,2015/09/30 08:21:32,65428.000000
planetlab2.arizona-gigapop.net,planetlab1.cs.du.edu,file1MB.txt,2015/09/30 08:21:32,2015/09/30 08:23:41,128860.000000
planetlab2.citadel.edu,planetlab1.cs.du.edu,file32B.txt,2015/09/30 08:23:41,2015/09/30 08:23:41,423.000000
planetlab2.citadel.edu,planetlab1.cs.du.edu,file1KB.txt,2015/09/30 08:23:41,2015/09/30 08:23:42,1482.000000
planetlab2.citadel.edu,planetlab1.cs.du.edu,file256KB.txt,2015/09/30 08:23:42,2015/09/30 08:24:09,26794.000000
planetlab2.citadel.edu,planetlab1.cs.du.edu,file512KB.txt,2015/09/30 08:24:09,2015/09/30 08:25:05,55901.000000
planetlab2.citadel.edu,planetlab1.cs.du.edu,file1MB.txt,2015/09/30 08:25:05,2015/09/30 08:26:53,107949.000000
planetlab2.cs.pitt.edu,planetlab1.cs.du.edu,file32B.txt,2015/09/30 08:26:53,2015/09/30 08:26:54,1680.000000
planetlab2.cs.pitt.edu,planetlab1.cs.du.edu,file1KB.txt,2015/09/30 08:26:54,2015/09/30 08:26:54,353.000000
planetlab2.cs.pitt.edu,planetlab1.cs.du.edu,file256KB.txt,2015/09/30 08:26:54,2015/09/30 08:27:14,19740.000000
planetlab2.cs.pitt.edu,planetlab1.cs.du.edu,file512KB.txt,2015/09/30 08:27:14,2015/09/30 08:27:55,41769.000000
planetlab2.cs.pitt.edu,planetlab1.cs.du.edu,file1MB.txt,2015/09/30 08:27:55,2015/09/30 08:29:16,80868.000000
planetlab2.cs.purdue.edu,planetlab1.cs.du.edu,file32B.txt,2015/09/30 08:29:16,2015/09/30 08:29:17,1296.000000
planetlab2.cs.purdue.edu,planetlab1.cs.du.edu,file1KB.txt,2015/09/30 08:29:17,2015/09/30 08:29:17,738.000000
planetlab2.cs.purdue.edu,planetlab1.cs.du.edu,file256KB.txt,2015/09/30 08:29:17,2015/09/30 08:31:34,137773.000000
planetlab2.cs.purdue.edu,planetlab1.cs.du.edu,file512KB.txt,2015/09/30 08:31:34,2015/09/30 08:36:51,316923.000000
planetlab2.cs.purdue.edu,planetlab1.cs.du.edu,file1MB.txt,2015/09/30 08:36:51,2015/09/30 08:48:16,684193.000000
planetlab2.cs.uml.edu,planetlab1.cs.du.edu,file32B.txt,2015/09/30 08:48:59,2015/09/30 08:48:59,431.000000
planetlab2.cs.uml.edu,planetlab1.cs.du.edu,file1KB.txt,2015/09/30 08:48:59,2015/09/30 08:49:00,1542.000000
planetlab2.cs.uml.edu,planetlab1.cs.du.edu,file256KB.txt,2015/09/30 08:49:00,2015/09/30 08:49:38,37962.000000
planetlab2.cs.uml.edu,planetlab1.cs.du.edu,file512KB.txt,2015/09/30 08:49:38,2015/09/30 08:50:29,50173.000000
planetlab2.cs.uml.edu,planetlab1.cs.du.edu,file1MB.txt,2015/09/30 08:50:29,2015/09/30 08:52:36,127807.000000
planetlab2.cs.unc.edu,planetlab1.cs.du.edu,file32B.txt,2015/09/30 08:52:36,2015/09/30 08:52:36,381.000000
planetlab2.cs.unc.edu,planetlab1.cs.du.edu,file1KB.txt,2015/09/30 08:52:36,2015/09/30 08:52:36,389.000000
planetlab2.cs.unc.edu,planetlab1.cs.du.edu,file256KB.txt,2015/09/30 08:52:36,2015/09/30 08:53:04,28060.000000
planetlab2.cs.unc.edu,planetlab1.cs.du.edu,file512KB.txt,2015/09/30 08:53:04,2015/09/30 08:54:00,56425.000000
planetlab2.cs.unc.edu,planetlab1.cs.du.edu,file1MB.txt,2015/09/30 08:54:00,2015/09/30 08:55:51,111024.000000
planetlab2.cs.uoregon.edu,planetlab1.cs.du.edu,file32B.txt,2015/09/30 08:55:51,2015/09/30 08:55:51,250.000000
planetlab2.cs.uoregon.edu,planetlab1.cs.du.edu,file1KB.txt,2015/09/30 08:55:51,2015/09/30 08:55:51,281.000000
planetlab2.cs.uoregon.edu,planetlab1.cs.du.edu,file256KB.txt,2015/09/30 08:55:51,2015/09/30 08:56:08,17110.000000
planetlab2.cs.uoregon.edu,planetlab1.cs.du.edu,file512KB.txt,2015/09/30 08:56:08,2015/09/30 08:56:42,34317.000000
planetlab2.cs.uoregon.edu,planetlab1.cs.du.edu,file1MB.txt,2015/09/30 08:56:42,2015/09/30 08:57:49,66751.000000
planetlab2.temple.edu,planetlab1.cs.du.edu,file32B.txt,2015/09/30 08:57:49,2015/09/30 08:57:50,1629.000000
planetlab2.temple.edu,planetlab1.cs.du.edu,file1KB.txt,2015/09/30 08:57:50,2015/09/30 08:57:50,414.000000
planetlab2.temple.edu,planetlab1.cs.du.edu,file256KB.txt,2015/09/30 08:57:51,2015/09/30 08:58:14,22739.000000
planetlab2.temple.edu,planetlab1.cs.du.edu,file512KB.txt,2015/09/30 08:58:14,2015/09/30 08:59:00,45886.000000
planetlab2.temple.edu,planetlab1.cs.du.edu,file1MB.txt,2015/09/30 08:59:00,2015/09/30 09:00:41,100896.000000
planetlab2.unl.edu,planetlab1.cs.du.edu,file32B.txt,2015/09/30 09:00:41,2015/09/30 09:00:42,1718.000000
planetlab2.unl.edu,planetlab1.cs.du.edu,file1KB.txt,2015/09/30 09:00:42,2015/09/30 09:00:42,280.000000
planetlab2.unl.edu,planetlab1.cs.du.edu,file256KB.txt,2015/09/30 09:00:42,2015/09/30 09:01:02,19641.000000
planetlab2.unl.edu,planetlab1.cs.du.edu,file512KB.txt,2015/09/30 09:01:02,2015/09/30 09:01:43,41448.000000
planetlab2.unl.edu,planetlab1.cs.du.edu,file1MB.txt,2015/09/30 09:01:43,2015/09/30 09:03:04,80997.000000
planetlab2.unr.edu,planetlab1.cs.du.edu,file32B.txt,2015/09/30 09:03:04,2015/09/30 09:03:04,540.000000
planetlab2.unr.edu,planetlab1.cs.du.edu,file1KB.txt,2015/09/30 09:03:04,2015/09/30 09:03:05,1546.000000
planetlab2.unr.edu,planetlab1.cs.du.edu,file256KB.txt,2015/09/30 09:03:05,2015/09/30 09:03:30,24262.000000
planetlab2.unr.edu,planetlab1.cs.du.edu,file512KB.txt,2015/09/30 09:03:30,2015/09/30 09:04:22,52743.000000
planetlab2.unr.edu,planetlab1.cs.du.edu,file1MB.txt,2015/09/30 09:04:22,2015/09/30 09:06:04,101677.000000
planetlab2.uta.edu,planetlab1.cs.du.edu,file32B.txt,2015/09/30 09:06:04,2015/09/30 09:06:04,298.000000
planetlab2.uta.edu,planetlab1.cs.du.edu,file1KB.txt,2015/09/30 09:06:04,2015/09/30 09:06:05,1683.000000
planetlab2.uta.edu,planetlab1.cs.du.edu,file256KB.txt,2015/09/30 09:06:05,2015/09/30 09:06:28,23028.000000
planetlab2.uta.edu,planetlab1.cs.du.edu,file512KB.txt,2015/09/30 09:06:28,2015/09/30 09:07:13,44241.000000
planetlab2.uta.edu,planetlab1.cs.du.edu,file1MB.txt,2015/09/30 09:07:13,2015/09/30 09:08:45,92667.000000
planetlab2.utdallas.edu,planetlab1.cs.du.edu,file32B.txt,2015/09/30 09:08:45,2015/09/30 09:08:45,294.000000
planetlab2.utdallas.edu,planetlab1.cs.du.edu,file1KB.txt,2015/09/30 09:08:45,2015/09/30 09:08:45,415.000000
planetlab2.utdallas.edu,planetlab1.cs.du.edu,file256KB.txt,2015/09/30 09:08:45,2015/09/30 09:09:09,24726.000000
planetlab2.utdallas.edu,planetlab1.cs.du.edu,file512KB.txt,2015/09/30 09:09:09,2015/09/30 09:09:54,44361.000000
planetlab2.utdallas.edu,planetlab1.cs.du.edu,file1MB.txt,2015/09/30 09:09:54,2015/09/30 09:11:26,92767.000000
planetlab3.eecs.umich.edu,planetlab1.cs.du.edu,file32B.txt,2015/09/30 09:11:26,2015/09/30 09:11:26,316.000000
planetlab3.eecs.umich.edu,planetlab1.cs.du.edu,file1KB.txt,2015/09/30 09:11:26,2015/09/30 09:11:26,207.000000
planetlab3.eecs.umich.edu,planetlab1.cs.du.edu,file256KB.txt,2015/09/30 09:11:26,2015/09/30 09:11:41,15012.000000
planetlab3.eecs.umich.edu,planetlab1.cs.du.edu,file512KB.txt,2015/09/30 09:11:41,2015/09/30 09:12:11,30171.000000
planetlab3.eecs.umich.edu,planetlab1.cs.du.edu,file1MB.txt,2015/09/30 09:12:11,2015/09/30 09:13:11,59644.000000
planetlab3.rutgers.edu,planetlab1.cs.du.edu,file32B.txt,2015/09/30 09:13:11,2015/09/30 09:13:12,1640.000000
planetlab3.rutgers.edu,planetlab1.cs.du.edu,file1KB.txt,2015/09/30 09:13:12,2015/09/30 09:13:12,408.000000
planetlab3.rutgers.edu,planetlab1.cs.du.edu,file256KB.txt,2015/09/30 09:13:12,2015/09/30 09:13:36,24025.000000
planetlab3.rutgers.edu,planetlab1.cs.du.edu,file512KB.txt,2015/09/30 09:13:36,2015/09/30 09:14:24,48030.000000
planetlab3.rutgers.edu,planetlab1.cs.du.edu,file1MB.txt,2015/09/30 09:14:24,2015/09/30 09:16:00,96083.000000
planetlab3.wail.wisc.edu,planetlab1.cs.du.edu,file32B.txt,2015/09/30 09:16:00,2015/09/30 09:16:01,1619.000000
planetlab3.wail.wisc.edu,planetlab1.cs.du.edu,file1KB.txt,2015/09/30 09:16:01,2015/09/30 09:16:01,377.000000
planetlab3.wail.wisc.edu,planetlab1.cs.du.edu,file256KB.txt,2015/09/30 09:16:01,2015/09/30 09:16:22,20652.000000
planetlab3.wail.wisc.edu,planetlab1.cs.du.edu,file512KB.txt,2015/09/30 09:16:22,2015/09/30 09:17:05,43226.000000
planetlab3.wail.wisc.edu,planetlab1.cs.du.edu,file1MB.txt,2015/09/30 09:17:05,2015/09/30 09:18:30,85180.000000
planetlab4.tamu.edu,planetlab1.cs.du.edu,file32B.txt,2015/09/30 09:18:30,2015/09/30 09:18:30,390.000000
planetlab4.tamu.edu,planetlab1.cs.du.edu,file1KB.txt,2015/09/30 09:18:30,2015/09/30 09:18:31,1628.000000
planetlab4.tamu.edu,planetlab1.cs.du.edu,file256KB.txt,2015/09/30 09:18:31,2015/09/30 09:18:55,23545.000000
planetlab4.tamu.edu,planetlab1.cs.du.edu,file512KB.txt,2015/09/30 09:18:55,2015/09/30 09:19:44,49265.000000
planetlab4.tamu.edu,planetlab1.cs.du.edu,file1MB.txt,2015/09/30 09:19:44,2015/09/30 09:21:21,96636.000000
planetlab-5.eecs.cwru.edu,planetlab1.cs.du.edu,file32B.txt,2015/09/30 09:21:21,2015/09/30 09:21:22,1649.000000
planetlab-5.eecs.cwru.edu,planetlab1.cs.du.edu,file1KB.txt,2015/09/30 09:21:22,2015/09/30 09:21:22,304.000000
planetlab-5.eecs.cwru.edu,planetlab1.cs.du.edu,file256KB.txt,2015/09/30 09:21:22,2015/09/30 09:21:44,21906.000000
planetlab-5.eecs.cwru.edu,planetlab1.cs.du.edu,file512KB.txt,2015/09/30 09:21:44,2015/09/30 09:22:28,43951.000000
planetlab-5.eecs.cwru.edu,planetlab1.cs.du.edu,file1MB.txt,2015/09/30 09:22:28,2015/09/30 09:23:57,89601.000000
planetlabone.ccs.neu.edu,planetlab1.cs.du.edu,file32B.txt,2015/09/30 09:23:57,2015/09/30 09:23:57,413.000000
planetlabone.ccs.neu.edu,planetlab1.cs.du.edu,file1KB.txt,2015/09/30 09:23:57,2015/09/30 09:23:58,1457.000000
planetlabone.ccs.neu.edu,planetlab1.cs.du.edu,file256KB.txt,2015/09/30 09:23:58,2015/09/30 09:24:22,24045.000000
planetlabone.ccs.neu.edu,planetlab1.cs.du.edu,file512KB.txt,2015/09/30 09:24:22,2015/09/30 09:25:10,-47321.000000
planetlabone.ccs.neu.edu,planetlab1.cs.du.edu,file1MB.txt,2015/09/30 09:25:10,2015/09/30 09:26:47,97490.000000
pl-node-0.csl.sri.com,planetlab1.cs.du.edu,file32B.txt,2015/09/30 09:26:47,2015/09/30 09:26:48,1382.000000
pl-node-0.csl.sri.com,planetlab1.cs.du.edu,file1KB.txt,2015/09/30 09:26:48,2015/09/30 09:26:49,1531.000000
pl-node-0.csl.sri.com,planetlab1.cs.du.edu,file256KB.txt,2015/09/30 09:26:49,2015/09/30 09:27:20,30532.000000
pl-node-0.csl.sri.com,planetlab1.cs.du.edu,file512KB.txt,2015/09/30 09:27:20,2015/09/30 09:28:25,65539.000000
pl-node-0.csl.sri.com,planetlab1.cs.du.edu,file1MB.txt,2015/09/30 09:28:25,2015/09/30 09:30:25,119351.000000
ricepl-5.cs.rice.edu,planetlab1.cs.du.edu,file32B.txt,2015/09/30 09:30:25,2015/09/30 09:30:32,7259.000000
ricepl-5.cs.rice.edu,planetlab1.cs.du.edu,file1KB.txt,2015/09/30 09:30:33,2015/09/30 09:30:33,590.000000
ricepl-5.cs.rice.edu,planetlab1.cs.du.edu,file256KB.txt,2015/09/30 09:30:33,2015/09/30 09:30:59,26534.000000
ricepl-5.cs.rice.edu,planetlab1.cs.du.edu,file512KB.txt,2015/09/30 09:30:59,2015/09/30 09:31:49,49432.000000
ricepl-5.cs.rice.edu,planetlab1.cs.du.edu,file1MB.txt,2015/09/30 09:31:49,2015/09/30 09:33:30,101319.000000
salt.planetlab.cs.umd.edu,planetlab1.cs.du.edu,file32B.txt,2015/09/30 09:33:30,2015/09/30 09:33:30,483.000000
salt.planetlab.cs.umd.edu,planetlab1.cs.du.edu,file1KB.txt,2015/09/30 09:33:30,2015/09/30 09:33:31,1610.000000
salt.planetlab.cs.umd.edu,planetlab1.cs.du.edu,file256KB.txt,2015/09/30 09:33:31,2015/09/30 09:33:53,22047.000000
salt.planetlab.cs.umd.edu,planetlab1.cs.du.edu,file512KB.txt,2015/09/30 09:33:53,2015/09/30 09:34:37,43975.000000
salt.planetlab.cs.umd.edu,planetlab1.cs.du.edu,file1MB.txt,2015/09/30 09:34:37,2015/09/30 09:36:04,86488.000000
pl1.eecs.utk.edu,planetlab1.cs.du.edu,file32B.txt,2015/09/30 09:36:04,2015/09/30 09:36:07,3032.000000
pl1.eecs.utk.edu,planetlab1.cs.du.edu,file1KB.txt,2015/09/30 09:36:08,2015/09/30 09:36:10,1466.000000
pl1.eecs.utk.edu,planetlab1.cs.du.edu,file256KB.txt,2015/09/30 09:36:10,2015/09/30 09:40:16,246352.000000
pl1.eecs.utk.edu,planetlab1.cs.du.edu,file512KB.txt,2015/09/30 09:40:16,2015/09/30 09:49:50,574563.000000
pl1.eecs.utk.edu,planetlab1.cs.du.edu,file1MB.txt,2015/09/30 09:49:50,2015/09/30 10:13:06,1395218.000000
planetlab-01.vt.nodes.planet-lab.org,planetlab1.cs.du.edu,file32B.txt,2015/09/30 10:13:06,2015/09/30 10:13:07,1575.000000
planetlab-01.vt.nodes.planet-lab.org,planetlab1.cs.du.edu,file1KB.txt,2015/09/30 10:13:07,2015/09/30 10:13:07,347.000000
planetlab-01.vt.nodes.planet-lab.org,planetlab1.cs.du.edu,file256KB.txt,2015/09/30 10:13:07,2015/09/30 10:13:33,26517.000000
planetlab-01.vt.nodes.planet-lab.org,planetlab1.cs.du.edu,file512KB.txt,2015/09/30 10:13:33,2015/09/30 10:14:24,50837.000000
planetlab-01.vt.nodes.planet-lab.org,planetlab1.cs.du.edu,file1MB.txt,2015/09/30 10:14:24,2015/09/30 10:16:05,100395.000000
planetlab-04.vt.nodes.planet-lab.org,planetlab1.cs.du.edu,file32B.txt,2015/09/30 10:16:05,2015/09/30 10:16:06,1540.000000
planetlab-04.vt.nodes.planet-lab.org,planetlab1.cs.du.edu,file1KB.txt,2015/09/30 10:16:06,2015/09/30 10:16:06,391.000000
planetlab-04.vt.nodes.planet-lab.org,planetlab1.cs.du.edu,file256KB.txt,2015/09/30 10:16:06,2015/09/30 10:16:32,26643.000000
planetlab-04.vt.nodes.planet-lab.org,planetlab1.cs.du.edu,file512KB.txt,2015/09/30 10:16:32,2015/09/30 10:17:22,49328.000000
planetlab-04.vt.nodes.planet-lab.org,planetlab1.cs.du.edu,file1MB.txt,2015/09/30 10:17:22,2015/09/30 10:19:03,101133.000000
planetlab-4.eecs.cwru.edu,planetlab1.cs.du.edu,file32B.txt,2015/09/30 10:19:03,2015/09/30 10:19:03,306.000000
planetlab-4.eecs.cwru.edu,planetlab1.cs.du.edu,file1KB.txt,2015/09/30 10:19:03,2015/09/30 10:19:04,1651.000000
planetlab-4.eecs.cwru.edu,planetlab1.cs.du.edu,file256KB.txt,2015/09/30 10:19:04,2015/09/30 10:19:26,21831.000000
planetlab-4.eecs.cwru.edu,planetlab1.cs.du.edu,file512KB.txt,2015/09/30 10:19:26,2015/09/30 10:20:10,43872.000000
planetlab-4.eecs.cwru.edu,planetlab1.cs.du.edu,file1MB.txt,2015/09/30 10:20:10,2015/09/30 10:21:38,87881.000000
planetlab01.cs.washington.edu,planetlab1.cs.du.edu,file32B.txt,2015/09/30 10:21:38,2015/09/30 10:21:38,233.000000
planetlab01.cs.washington.edu,planetlab1.cs.du.edu,file1KB.txt,2015/09/30 10:21:38,2015/09/30 10:21:39,1775.000000
planetlab01.cs.washington.edu,planetlab1.cs.du.edu,file256KB.txt,2015/09/30 10:21:39,2015/09/30 10:21:53,13821.000000
planetlab01.cs.washington.edu,planetlab1.cs.du.edu,file512KB.txt,2015/09/30 10:21:53,2015/09/30 10:22:21,27740.000000
planetlab01.cs.washington.edu,planetlab1.cs.du.edu,file1MB.txt,2015/09/30 10:22:21,2015/09/30 10:23:17,55787.000000
planetlab02.cs.washington.edu,planetlab1.cs.du.edu,file32B.txt,2015/09/30 10:23:17,2015/09/30 10:23:18,1561.000000
planetlab02.cs.washington.edu,planetlab1.cs.du.edu,file1KB.txt,2015/09/30 10:23:18,2015/09/30 10:23:18,227.000000
planetlab02.cs.washington.edu,planetlab1.cs.du.edu,file256KB.txt,2015/09/30 10:23:18,2015/09/30 10:23:32,13782.000000
planetlab02.cs.washington.edu,planetlab1.cs.du.edu,file512KB.txt,2015/09/30 10:23:32,2015/09/30 10:24:00,27753.000000
planetlab02.cs.washington.edu,planetlab1.cs.du.edu,file1MB.txt,2015/09/30 10:24:00,2015/09/30 10:24:57,57497.000000
planetlab1.arizona-gigapop.net,planetlab1.cs.du.edu,file32B.txt,2015/09/30 10:24:57,2015/09/30 10:24:58,1300.000000
planetlab1.arizona-gigapop.net,planetlab1.cs.du.edu,file1KB.txt,2015/09/30 10:24:58,2015/09/30 10:24:58,506.000000
planetlab1.arizona-gigapop.net,planetlab1.cs.du.edu,file256KB.txt,2015/09/30 10:24:58,2015/09/30 10:25:31,33515.000000
planetlab1.arizona-gigapop.net,planetlab1.cs.du.edu,file512KB.txt,2015/09/30 10:25:31,2015/09/30 10:26:35,63456.000000
planetlab1.arizona-gigapop.net,planetlab1.cs.du.edu,file1MB.txt,2015/09/30 10:26:35,2015/09/30 10:28:44,129512.000000
planetlab1.cs.unc.edu,planetlab1.cs.du.edu,file32B.txt,2015/09/30 10:28:44,2015/09/30 10:28:44,370.000000
planetlab1.cs.unc.edu,planetlab1.cs.du.edu,file1KB.txt,2015/09/30 10:28:44,2015/09/30 10:28:44,369.000000
planetlab1.cs.unc.edu,planetlab1.cs.du.edu,file256KB.txt,2015/09/30 10:28:44,2015/09/30 10:29:13,29598.000000
planetlab1.cs.unc.edu,planetlab1.cs.du.edu,file512KB.txt,2015/09/30 10:29:13,2015/09/30 10:30:09,55596.000000
planetlab1.cs.unc.edu,planetlab1.cs.du.edu,file1MB.txt,2015/09/30 10:30:09,2015/09/30 10:31:57,108616.000000
