kc-sce-plab2.umkc.edu,planetlab2.cs.unc.edu,file32B.txt,2015/09/30 04:13:14,2015/09/30 04:13:15,1676.000000
kc-sce-plab2.umkc.edu,planetlab2.cs.unc.edu,file1KB.txt,2015/09/30 04:13:15,2015/09/30 04:13:15,311.000000
kc-sce-plab2.umkc.edu,planetlab2.cs.unc.edu,file256KB.txt,2015/09/30 04:13:15,2015/09/30 04:13:38,22907.000000
kc-sce-plab2.umkc.edu,planetlab2.cs.unc.edu,file512KB.txt,2015/09/30 04:13:38,2015/09/30 04:14:23,44495.000000
kc-sce-plab2.umkc.edu,planetlab2.cs.unc.edu,file1MB.txt,2015/09/30 04:14:23,2015/09/30 04:16:16,113345.000000
node1.planetlab.mathcs.emory.edu,planetlab2.cs.unc.edu,file32B.txt,2015/09/30 04:16:16,2015/09/30 04:16:16,136.000000
node1.planetlab.mathcs.emory.edu,planetlab2.cs.unc.edu,file1KB.txt,2015/09/30 04:16:16,2015/09/30 04:16:16,135.000000
node1.planetlab.mathcs.emory.edu,planetlab2.cs.unc.edu,file256KB.txt,2015/09/30 04:16:16,2015/09/30 04:16:24,8217.000000
node1.planetlab.mathcs.emory.edu,planetlab2.cs.unc.edu,file512KB.txt,2015/09/30 04:16:24,2015/09/30 04:16:40,16453.000000
node1.planetlab.mathcs.emory.edu,planetlab2.cs.unc.edu,file1MB.txt,2015/09/30 04:16:40,2015/09/30 04:17:11,31123.000000
pl3.cs.unm.edu,planetlab2.cs.unc.edu,file32B.txt,2015/09/30 04:17:32,2015/09/30 04:17:32,655.000000
pl3.cs.unm.edu,planetlab2.cs.unc.edu,file1KB.txt,2015/09/30 04:17:32,2015/09/30 04:17:33,1422.000000
pl3.cs.unm.edu,planetlab2.cs.unc.edu,file256KB.txt,2015/09/30 04:17:33,2015/09/30 04:18:17,43582.000000
pl3.cs.unm.edu,planetlab2.cs.unc.edu,file512KB.txt,2015/09/30 04:18:17,2015/09/30 04:19:42,85695.000000
pl3.cs.unm.edu,planetlab2.cs.unc.edu,file1MB.txt,2015/09/30 04:19:42,2015/09/30 04:22:38,175282.000000
plab3.eece.ksu.edu,planetlab2.cs.unc.edu,file32B.txt,2015/09/30 04:22:38,2015/09/30 04:22:39,1566.000000
plab3.eece.ksu.edu,planetlab2.cs.unc.edu,file1KB.txt,2015/09/30 04:22:39,2015/09/30 04:22:39,328.000000
plab3.eece.ksu.edu,planetlab2.cs.unc.edu,file256KB.txt,2015/09/30 04:22:39,2015/09/30 04:23:02,23118.000000
plab3.eece.ksu.edu,planetlab2.cs.unc.edu,file512KB.txt,2015/09/30 04:23:02,2015/09/30 04:23:47,45035.000000
plab3.eece.ksu.edu,planetlab2.cs.unc.edu,file1MB.txt,2015/09/30 04:23:47,2015/09/30 04:25:17,89798.000000
planetlab-02.bu.edu,planetlab2.cs.unc.edu,file32B.txt,2015/09/30 04:25:17,2015/09/30 04:25:18,1764.000000
planetlab-02.bu.edu,planetlab2.cs.unc.edu,file1KB.txt,2015/09/30 04:25:18,2015/09/30 04:25:18,235.000000
planetlab-02.bu.edu,planetlab2.cs.unc.edu,file256KB.txt,2015/09/30 04:25:18,2015/09/30 04:25:34,15275.000000
planetlab-02.bu.edu,planetlab2.cs.unc.edu,file512KB.txt,2015/09/30 04:25:34,2015/09/30 04:26:08,34979.000000
planetlab-02.bu.edu,planetlab2.cs.unc.edu,file1MB.txt,2015/09/30 04:26:08,2015/09/30 04:27:14,66011.000000
planetlab1.clemson.edu,planetlab2.cs.unc.edu,file32B.txt,2015/09/30 04:27:35,2015/09/30 04:27:35,273.000000
planetlab1.clemson.edu,planetlab2.cs.unc.edu,file1KB.txt,2015/09/30 04:27:35,2015/09/30 04:27:35,198.000000
planetlab1.clemson.edu,planetlab2.cs.unc.edu,file256KB.txt,2015/09/30 04:27:35,2015/09/30 04:27:47,12213.000000
planetlab1.clemson.edu,planetlab2.cs.unc.edu,file512KB.txt,2015/09/30 04:27:47,2015/09/30 04:28:10,22584.000000
planetlab1.clemson.edu,planetlab2.cs.unc.edu,file1MB.txt,2015/09/30 04:28:10,2015/09/30 04:28:57,47582.000000
planetlab1.cs.du.edu,planetlab2.cs.unc.edu,file32B.txt,2015/09/30 04:28:57,2015/09/30 04:28:58,1608.000000
planetlab1.cs.du.edu,planetlab2.cs.unc.edu,file1KB.txt,2015/09/30 04:28:58,2015/09/30 04:28:58,392.000000
planetlab1.cs.du.edu,planetlab2.cs.unc.edu,file256KB.txt,2015/09/30 04:28:58,2015/09/30 04:29:26,28206.000000
planetlab1.cs.du.edu,planetlab2.cs.unc.edu,file512KB.txt,2015/09/30 04:29:26,2015/09/30 04:30:21,54451.000000
planetlab1.cs.du.edu,planetlab2.cs.unc.edu,file1MB.txt,2015/09/30 04:30:21,2015/09/30 04:32:12,111081.000000
planetlab-1.cse.ohio-state.edu,planetlab2.cs.unc.edu,file32B.txt,2015/09/30 04:32:12,2015/09/30 04:32:13,1476.000000
planetlab-1.cse.ohio-state.edu,planetlab2.cs.unc.edu,file1KB.txt,2015/09/30 04:32:13,2015/09/30 04:32:13,407.000000
planetlab-1.cse.ohio-state.edu,planetlab2.cs.unc.edu,file256KB.txt,2015/09/30 04:32:13,2015/09/30 04:32:40,27820.000000
planetlab-1.cse.ohio-state.edu,planetlab2.cs.unc.edu,file512KB.txt,2015/09/30 04:32:40,2015/09/30 04:33:33,52530.000000
planetlab-1.cse.ohio-state.edu,planetlab2.cs.unc.edu,file1MB.txt,2015/09/30 04:33:33,2015/09/30 04:37:28,235093.000000
planetlab1.cs.okstate.edu,planetlab2.cs.unc.edu,file32B.txt,2015/09/30 04:37:28,2015/09/30 04:37:28,376.000000
planetlab1.cs.okstate.edu,planetlab2.cs.unc.edu,file1KB.txt,2015/09/30 04:37:28,2015/09/30 04:37:29,1660.000000
planetlab1.cs.okstate.edu,planetlab2.cs.unc.edu,file256KB.txt,2015/09/30 04:37:29,2015/09/30 04:37:53,23294.000000
planetlab1.cs.okstate.edu,planetlab2.cs.unc.edu,file512KB.txt,2015/09/30 04:37:53,2015/09/30 04:38:43,-50745.000000
planetlab1.cs.okstate.edu,planetlab2.cs.unc.edu,file1MB.txt,2015/09/30 04:38:43,2015/09/30 04:40:22,98948.000000
planetlab1.cs.ucla.edu,planetlab2.cs.unc.edu,file32B.txt,2015/09/30 04:40:22,2015/09/30 04:40:22,485.000000
planetlab1.cs.ucla.edu,planetlab2.cs.unc.edu,file1KB.txt,2015/09/30 04:40:22,2015/09/30 04:40:23,1460.000000
planetlab1.cs.ucla.edu,planetlab2.cs.unc.edu,file256KB.txt,2015/09/30 04:40:23,2015/09/30 04:41:03,40090.000000
planetlab1.cs.ucla.edu,planetlab2.cs.unc.edu,file512KB.txt,2015/09/30 04:41:03,2015/09/30 04:42:21,77732.000000
planetlab1.cs.ucla.edu,planetlab2.cs.unc.edu,file1MB.txt,2015/09/30 04:42:21,2015/09/30 04:44:58,156721.000000
planetlab1.csuohio.edu,planetlab2.cs.unc.edu,file32B.txt,2015/09/30 04:44:58,2015/09/30 04:44:58,326.000000
planetlab1.csuohio.edu,planetlab2.cs.unc.edu,file1KB.txt,2015/09/30 04:44:58,2015/09/30 04:44:59,1694.000000
planetlab1.csuohio.edu,planetlab2.cs.unc.edu,file256KB.txt,2015/09/30 04:44:59,2015/09/30 04:45:21,21418.000000
planetlab1.csuohio.edu,planetlab2.cs.unc.edu,file512KB.txt,2015/09/30 04:45:21,2015/09/30 04:46:06,45441.000000
planetlab1.csuohio.edu,planetlab2.cs.unc.edu,file1MB.txt,2015/09/30 04:46:06,2015/09/30 04:47:36,89425.000000
planetlab1.ucsd.edu,planetlab2.cs.unc.edu,file32B.txt,2015/09/30 04:47:58,2015/09/30 04:47:58,591.000000
planetlab1.ucsd.edu,planetlab2.cs.unc.edu,file1KB.txt,2015/09/30 04:47:58,2015/09/30 04:47:59,1429.000000
planetlab1.ucsd.edu,planetlab2.cs.unc.edu,file256KB.txt,2015/09/30 04:47:59,2015/09/30 04:48:40,41102.000000
planetlab1.ucsd.edu,planetlab2.cs.unc.edu,file512KB.txt,2015/09/30 04:48:40,2015/09/30 04:50:03,83227.000000
planetlab1.ucsd.edu,planetlab2.cs.unc.edu,file1MB.txt,2015/09/30 04:50:03,2015/09/30 04:52:45,161265.000000
planetlab2.acis.ufl.edu,planetlab2.cs.unc.edu,file32B.txt,2015/09/30 04:52:45,2015/09/30 04:52:46,1626.000000
planetlab2.acis.ufl.edu,planetlab2.cs.unc.edu,file1KB.txt,2015/09/30 04:52:46,2015/09/30 04:52:46,379.000000
planetlab2.acis.ufl.edu,planetlab2.cs.unc.edu,file256KB.txt,2015/09/30 04:52:46,2015/09/30 04:53:13,26765.000000
planetlab2.acis.ufl.edu,planetlab2.cs.unc.edu,file512KB.txt,2015/09/30 04:53:13,2015/09/30 04:54:07,54392.000000
planetlab2.acis.ufl.edu,planetlab2.cs.unc.edu,file1MB.txt,2015/09/30 04:54:07,2015/09/30 04:55:54,107126.000000
planetlab2.arizona-gigapop.net,planetlab2.cs.unc.edu,file32B.txt,2015/09/30 04:55:54,2015/09/30 04:55:54,517.000000
planetlab2.arizona-gigapop.net,planetlab2.cs.unc.edu,file1KB.txt,2015/09/30 04:55:54,2015/09/30 04:55:55,1507.000000
planetlab2.arizona-gigapop.net,planetlab2.cs.unc.edu,file256KB.txt,2015/09/30 04:55:55,2015/09/30 04:56:30,34492.000000
planetlab2.arizona-gigapop.net,planetlab2.cs.unc.edu,file512KB.txt,2015/09/30 04:56:30,2015/09/30 04:57:41,71302.000000
planetlab2.arizona-gigapop.net,planetlab2.cs.unc.edu,file1MB.txt,2015/09/30 04:57:41,2015/09/30 05:00:02,141132.000000
planetlab2.citadel.edu,planetlab2.cs.unc.edu,file32B.txt,2015/09/30 05:00:02,2015/09/30 05:00:02,209.000000
planetlab2.citadel.edu,planetlab2.cs.unc.edu,file1KB.txt,2015/09/30 05:00:02,2015/09/30 05:00:02,195.000000
planetlab2.citadel.edu,planetlab2.cs.unc.edu,file256KB.txt,2015/09/30 05:00:02,2015/09/30 05:00:15,13359.000000
planetlab2.citadel.edu,planetlab2.cs.unc.edu,file512KB.txt,2015/09/30 05:00:15,2015/09/30 05:00:40,25160.000000
planetlab2.citadel.edu,planetlab2.cs.unc.edu,file1MB.txt,2015/09/30 05:00:40,2015/09/30 05:01:29,48397.000000
planetlab2.cs.pitt.edu,planetlab2.cs.unc.edu,file32B.txt,2015/09/30 05:01:29,2015/09/30 05:01:30,1807.000000
planetlab2.cs.pitt.edu,planetlab2.cs.unc.edu,file1KB.txt,2015/09/30 05:01:30,2015/09/30 05:01:30,179.000000
planetlab2.cs.pitt.edu,planetlab2.cs.unc.edu,file256KB.txt,2015/09/30 05:01:30,2015/09/30 05:01:42,11357.000000
planetlab2.cs.pitt.edu,planetlab2.cs.unc.edu,file512KB.txt,2015/09/30 05:01:42,2015/09/30 05:02:08,26795.000000
planetlab2.cs.pitt.edu,planetlab2.cs.unc.edu,file1MB.txt,2015/09/30 05:02:08,2015/09/30 05:02:59,50248.000000
planetlab2.cs.purdue.edu,planetlab2.cs.unc.edu,file32B.txt,2015/09/30 05:02:59,2015/09/30 05:03:00,1655.000000
planetlab2.cs.purdue.edu,planetlab2.cs.unc.edu,file1KB.txt,2015/09/30 05:03:00,2015/09/30 05:03:00,295.000000
planetlab2.cs.purdue.edu,planetlab2.cs.unc.edu,file256KB.txt,2015/09/30 05:03:00,2015/09/30 05:03:21,20799.000000
planetlab2.cs.purdue.edu,planetlab2.cs.unc.edu,file512KB.txt,2015/09/30 05:03:21,2015/09/30 05:04:05,44747.000000
planetlab2.cs.purdue.edu,planetlab2.cs.unc.edu,file1MB.txt,2015/09/30 05:04:05,2015/09/30 05:05:32,86408.000000
planetlab2.cs.uml.edu,planetlab2.cs.unc.edu,file32B.txt,2015/09/30 05:06:14,2015/09/30 05:06:15,1749.000000
planetlab2.cs.uml.edu,planetlab2.cs.unc.edu,file1KB.txt,2015/09/30 05:06:15,2015/09/30 05:06:15,239.000000
planetlab2.cs.uml.edu,planetlab2.cs.unc.edu,file256KB.txt,2015/09/30 05:06:15,2015/09/30 05:06:32,16944.000000
planetlab2.cs.uml.edu,planetlab2.cs.unc.edu,file512KB.txt,2015/09/30 05:06:32,2015/09/30 05:07:04,31557.000000
planetlab2.cs.uml.edu,planetlab2.cs.unc.edu,file1MB.txt,2015/09/30 05:07:04,2015/09/30 05:08:12,68301.000000
planetlab2.cs.unc.edu,planetlab2.cs.unc.edu,file32B.txt,2015/09/30 05:08:12,2015/09/30 05:08:12,26.000000
planetlab2.cs.unc.edu,planetlab2.cs.unc.edu,file1KB.txt,2015/09/30 05:08:12,2015/09/30 05:08:12,25.000000
planetlab2.cs.unc.edu,planetlab2.cs.unc.edu,file256KB.txt,2015/09/30 05:08:12,2015/09/30 05:08:14,2480.000000
planetlab2.cs.unc.edu,planetlab2.cs.unc.edu,file512KB.txt,2015/09/30 05:08:14,2015/09/30 05:08:17,2751.000000
planetlab2.cs.unc.edu,planetlab2.cs.unc.edu,file1MB.txt,2015/09/30 05:08:17,2015/09/30 05:08:23,5847.000000
planetlab2.cs.uoregon.edu,planetlab2.cs.unc.edu,file32B.txt,2015/09/30 05:08:23,2015/09/30 05:08:24,1298.000000
planetlab2.cs.uoregon.edu,planetlab2.cs.unc.edu,file1KB.txt,2015/09/30 05:08:24,2015/09/30 05:08:24,694.000000
planetlab2.cs.uoregon.edu,planetlab2.cs.unc.edu,file256KB.txt,2015/09/30 05:08:24,2015/09/30 05:09:15,51638.000000
planetlab2.cs.uoregon.edu,planetlab2.cs.unc.edu,file512KB.txt,2015/09/30 05:09:15,2015/09/30 05:10:56,100758.000000
planetlab2.cs.uoregon.edu,planetlab2.cs.unc.edu,file1MB.txt,2015/09/30 05:10:56,2015/09/30 05:14:17,200878.000000
planetlab2.temple.edu,planetlab2.cs.unc.edu,file32B.txt,2015/09/30 05:14:17,2015/09/30 05:14:17,210.000000
planetlab2.temple.edu,planetlab2.cs.unc.edu,file1KB.txt,2015/09/30 05:14:17,2015/09/30 05:14:17,170.000000
planetlab2.temple.edu,planetlab2.cs.unc.edu,file256KB.txt,2015/09/30 05:14:17,2015/09/30 05:14:29,12244.000000
planetlab2.temple.edu,planetlab2.cs.unc.edu,file512KB.txt,2015/09/30 05:14:29,2015/09/30 05:14:49,20424.000000
planetlab2.temple.edu,planetlab2.cs.unc.edu,file1MB.txt,2015/09/30 05:14:49,2015/09/30 05:15:29,40155.000000
planetlab2.unl.edu,planetlab2.cs.unc.edu,file32B.txt,2015/09/30 05:15:29,2015/09/30 05:15:29,496.000000
planetlab2.unl.edu,planetlab2.cs.unc.edu,file1KB.txt,2015/09/30 05:15:29,2015/09/30 05:15:30,1510.000000
planetlab2.unl.edu,planetlab2.cs.unc.edu,file256KB.txt,2015/09/30 05:15:30,2015/09/30 05:16:05,34540.000000
planetlab2.unl.edu,planetlab2.cs.unc.edu,file512KB.txt,2015/09/30 05:16:05,2015/09/30 05:17:16,71299.000000
planetlab2.unl.edu,planetlab2.cs.unc.edu,file1MB.txt,2015/09/30 05:17:16,2015/09/30 05:19:37,140705.000000
planetlab2.unr.edu,planetlab2.cs.unc.edu,file32B.txt,2015/09/30 05:19:37,2015/09/30 05:19:38,1393.000000
planetlab2.unr.edu,planetlab2.cs.unc.edu,file1KB.txt,2015/09/30 05:19:38,2015/09/30 05:19:38,610.000000
planetlab2.unr.edu,planetlab2.cs.unc.edu,file256KB.txt,2015/09/30 05:19:38,2015/09/30 05:20:23,45675.000000
planetlab2.unr.edu,planetlab2.cs.unc.edu,file512KB.txt,2015/09/30 05:20:23,2015/09/30 05:21:51,88010.000000
planetlab2.unr.edu,planetlab2.cs.unc.edu,file1MB.txt,2015/09/30 05:21:51,2015/09/30 05:24:46,175075.000000
planetlab2.uta.edu,planetlab2.cs.unc.edu,file32B.txt,2015/09/30 05:24:46,2015/09/30 05:24:46,373.000000
planetlab2.uta.edu,planetlab2.cs.unc.edu,file1KB.txt,2015/09/30 05:24:46,2015/09/30 05:24:46,573.000000
planetlab2.uta.edu,planetlab2.cs.unc.edu,file256KB.txt,2015/09/30 05:24:46,2015/09/30 05:25:12,26045.000000
planetlab2.uta.edu,planetlab2.cs.unc.edu,file512KB.txt,2015/09/30 05:25:12,2015/09/30 05:26:06,54595.000000
planetlab2.uta.edu,planetlab2.cs.unc.edu,file1MB.txt,2015/09/30 05:26:06,2015/09/30 05:27:52,105924.000000
planetlab2.utdallas.edu,planetlab2.cs.unc.edu,file32B.txt,2015/09/30 05:27:52,2015/09/30 05:27:52,279.000000
planetlab2.utdallas.edu,planetlab2.cs.unc.edu,file1KB.txt,2015/09/30 05:27:52,2015/09/30 05:27:52,272.000000
planetlab2.utdallas.edu,planetlab2.cs.unc.edu,file256KB.txt,2015/09/30 05:27:52,2015/09/30 05:28:12,20126.000000
planetlab2.utdallas.edu,planetlab2.cs.unc.edu,file512KB.txt,2015/09/30 05:28:12,2015/09/30 05:28:51,39117.000000
planetlab2.utdallas.edu,planetlab2.cs.unc.edu,file1MB.txt,2015/09/30 05:28:51,2015/09/30 05:30:08,76913.000000
planetlab3.eecs.umich.edu,planetlab2.cs.unc.edu,file32B.txt,2015/09/30 05:30:08,2015/09/30 05:30:09,1691.000000
planetlab3.eecs.umich.edu,planetlab2.cs.unc.edu,file1KB.txt,2015/09/30 05:30:09,2015/09/30 05:30:09,265.000000
planetlab3.eecs.umich.edu,planetlab2.cs.unc.edu,file256KB.txt,2015/09/30 05:30:09,2015/09/30 05:30:28,19026.000000
planetlab3.eecs.umich.edu,planetlab2.cs.unc.edu,file512KB.txt,2015/09/30 05:30:28,2015/09/30 05:31:06,38326.000000
planetlab3.eecs.umich.edu,planetlab2.cs.unc.edu,file1MB.txt,2015/09/30 05:31:06,2015/09/30 05:32:21,74957.000000
planetlab3.rutgers.edu,planetlab2.cs.unc.edu,file32B.txt,2015/09/30 05:32:21,2015/09/30 05:32:21,253.000000
planetlab3.rutgers.edu,planetlab2.cs.unc.edu,file1KB.txt,2015/09/30 05:32:21,2015/09/30 05:32:21,142.000000
planetlab3.rutgers.edu,planetlab2.cs.unc.edu,file256KB.txt,2015/09/30 05:32:21,2015/09/30 05:32:31,10044.000000
planetlab3.rutgers.edu,planetlab2.cs.unc.edu,file512KB.txt,2015/09/30 05:32:31,2015/09/30 05:32:51,20252.000000
planetlab3.rutgers.edu,planetlab2.cs.unc.edu,file1MB.txt,2015/09/30 05:32:51,2015/09/30 05:33:30,38905.000000
planetlab3.wail.wisc.edu,planetlab2.cs.unc.edu,file32B.txt,2015/09/30 05:33:30,2015/09/30 05:33:30,375.000000
planetlab3.wail.wisc.edu,planetlab2.cs.unc.edu,file1KB.txt,2015/09/30 05:33:30,2015/09/30 05:33:30,321.000000
planetlab3.wail.wisc.edu,planetlab2.cs.unc.edu,file256KB.txt,2015/09/30 05:33:30,2015/09/30 05:33:54,24787.000000
planetlab3.wail.wisc.edu,planetlab2.cs.unc.edu,file512KB.txt,2015/09/30 05:33:54,2015/09/30 05:34:39,44249.000000
planetlab3.wail.wisc.edu,planetlab2.cs.unc.edu,file1MB.txt,2015/09/30 05:34:39,2015/09/30 05:36:13,94757.000000
planetlab4.tamu.edu,planetlab2.cs.unc.edu,file32B.txt,2015/09/30 05:36:13,2015/09/30 05:36:13,291.000000
planetlab4.tamu.edu,planetlab2.cs.unc.edu,file1KB.txt,2015/09/30 05:36:13,2015/09/30 05:36:13,271.000000
planetlab4.tamu.edu,planetlab2.cs.unc.edu,file256KB.txt,2015/09/30 05:36:13,2015/09/30 05:36:36,23081.000000
planetlab4.tamu.edu,planetlab2.cs.unc.edu,file512KB.txt,2015/09/30 05:36:36,2015/09/30 05:37:22,45837.000000
planetlab4.tamu.edu,planetlab2.cs.unc.edu,file1MB.txt,2015/09/30 05:37:22,2015/09/30 05:38:54,92323.000000
planetlab-5.eecs.cwru.edu,planetlab2.cs.unc.edu,file32B.txt,2015/09/30 05:38:54,2015/09/30 05:38:54,177.000000
planetlab-5.eecs.cwru.edu,planetlab2.cs.unc.edu,file1KB.txt,2015/09/30 05:38:54,2015/09/30 05:38:54,162.000000
planetlab-5.eecs.cwru.edu,planetlab2.cs.unc.edu,file256KB.txt,2015/09/30 05:38:54,2015/09/30 05:39:06,12497.000000
planetlab-5.eecs.cwru.edu,planetlab2.cs.unc.edu,file512KB.txt,2015/09/30 05:39:06,2015/09/30 05:39:29,23221.000000
planetlab-5.eecs.cwru.edu,planetlab2.cs.unc.edu,file1MB.txt,2015/09/30 05:39:29,2015/09/30 05:40:14,44494.000000
planetlabone.ccs.neu.edu,planetlab2.cs.unc.edu,file32B.txt,2015/09/30 05:40:14,2015/09/30 05:40:14,214.000000
planetlabone.ccs.neu.edu,planetlab2.cs.unc.edu,file1KB.txt,2015/09/30 05:40:14,2015/09/30 05:40:15,1804.000000
planetlabone.ccs.neu.edu,planetlab2.cs.unc.edu,file256KB.txt,2015/09/30 05:40:15,2015/09/30 05:40:28,12277.000000
planetlabone.ccs.neu.edu,planetlab2.cs.unc.edu,file512KB.txt,2015/09/30 05:40:28,2015/09/30 05:40:56,28504.000000
planetlabone.ccs.neu.edu,planetlab2.cs.unc.edu,file1MB.txt,2015/09/30 05:40:56,2015/09/30 05:41:50,53730.000000
pl-node-0.csl.sri.com,planetlab2.cs.unc.edu,file32B.txt,2015/09/30 05:41:50,2015/09/30 05:41:51,1263.000000
pl-node-0.csl.sri.com,planetlab2.cs.unc.edu,file1KB.txt,2015/09/30 05:41:51,2015/09/30 05:41:51,572.000000
pl-node-0.csl.sri.com,planetlab2.cs.unc.edu,file256KB.txt,2015/09/30 05:41:51,2015/09/30 05:42:36,45770.000000
pl-node-0.csl.sri.com,planetlab2.cs.unc.edu,file512KB.txt,2015/09/30 05:42:36,2015/09/30 05:44:05,88414.000000
pl-node-0.csl.sri.com,planetlab2.cs.unc.edu,file1MB.txt,2015/09/30 05:44:05,2015/09/30 05:47:22,197223.000000
ricepl-5.cs.rice.edu,planetlab2.cs.unc.edu,file32B.txt,2015/09/30 05:47:22,2015/09/30 05:47:24,2322.000000
ricepl-5.cs.rice.edu,planetlab2.cs.unc.edu,file1KB.txt,2015/09/30 05:47:24,2015/09/30 05:47:26,2242.000000
ricepl-5.cs.rice.edu,planetlab2.cs.unc.edu,file256KB.txt,2015/09/30 05:47:26,2015/09/30 05:48:01,35070.000000
ricepl-5.cs.rice.edu,planetlab2.cs.unc.edu,file512KB.txt,2015/09/30 05:48:01,2015/09/30 05:48:37,35930.000000
ricepl-5.cs.rice.edu,planetlab2.cs.unc.edu,file1MB.txt,2015/09/30 05:48:37,2015/09/30 05:49:47,69904.000000
salt.planetlab.cs.umd.edu,planetlab2.cs.unc.edu,file32B.txt,2015/09/30 05:49:47,2015/09/30 05:49:47,145.000000
salt.planetlab.cs.umd.edu,planetlab2.cs.unc.edu,file1KB.txt,2015/09/30 05:49:47,2015/09/30 05:49:47,127.000000
salt.planetlab.cs.umd.edu,planetlab2.cs.unc.edu,file256KB.txt,2015/09/30 05:49:47,2015/09/30 05:49:56,-8995.000000
salt.planetlab.cs.umd.edu,planetlab2.cs.unc.edu,file512KB.txt,2015/09/30 05:49:56,2015/09/30 05:50:14,18085.000000
salt.planetlab.cs.umd.edu,planetlab2.cs.unc.edu,file1MB.txt,2015/09/30 05:50:14,2015/09/30 05:50:46,31753.000000
pl1.eecs.utk.edu,planetlab2.cs.unc.edu,file32B.txt,2015/09/30 05:50:46,2015/09/30 05:50:47,1730.000000
pl1.eecs.utk.edu,planetlab2.cs.unc.edu,file1KB.txt,2015/09/30 05:50:47,2015/09/30 05:50:47,287.000000
pl1.eecs.utk.edu,planetlab2.cs.unc.edu,file256KB.txt,2015/09/30 05:50:47,2015/09/30 05:51:19,31840.000000
pl1.eecs.utk.edu,planetlab2.cs.unc.edu,file512KB.txt,2015/09/30 05:51:19,2015/09/30 05:52:16,57554.000000
pl1.eecs.utk.edu,planetlab2.cs.unc.edu,file1MB.txt,2015/09/30 05:52:16,2015/09/30 05:53:47,90611.000000
planetlab-01.vt.nodes.planet-lab.org,planetlab2.cs.unc.edu,file32B.txt,2015/09/30 05:53:47,2015/09/30 05:53:47,242.000000
planetlab-01.vt.nodes.planet-lab.org,planetlab2.cs.unc.edu,file1KB.txt,2015/09/30 05:53:47,2015/09/30 05:53:47,224.000000
planetlab-01.vt.nodes.planet-lab.org,planetlab2.cs.unc.edu,file256KB.txt,2015/09/30 05:53:47,2015/09/30 05:54:03,16853.000000
planetlab-01.vt.nodes.planet-lab.org,planetlab2.cs.unc.edu,file512KB.txt,2015/09/30 05:54:03,2015/09/30 05:54:33,29849.000000
planetlab-01.vt.nodes.planet-lab.org,planetlab2.cs.unc.edu,file1MB.txt,2015/09/30 05:54:33,2015/09/30 05:55:33,59770.000000
planetlab-04.vt.nodes.planet-lab.org,planetlab2.cs.unc.edu,file32B.txt,2015/09/30 05:55:33,2015/09/30 05:55:33,258.000000
planetlab-04.vt.nodes.planet-lab.org,planetlab2.cs.unc.edu,file1KB.txt,2015/09/30 05:55:33,2015/09/30 05:55:33,219.000000
planetlab-04.vt.nodes.planet-lab.org,planetlab2.cs.unc.edu,file256KB.txt,2015/09/30 05:55:33,2015/09/30 05:55:49,16649.000000
planetlab-04.vt.nodes.planet-lab.org,planetlab2.cs.unc.edu,file512KB.txt,2015/09/30 05:55:49,2015/09/30 05:56:19,29893.000000
planetlab-04.vt.nodes.planet-lab.org,planetlab2.cs.unc.edu,file1MB.txt,2015/09/30 05:56:19,2015/09/30 05:57:19,59655.000000
planetlab-4.eecs.cwru.edu,planetlab2.cs.unc.edu,file32B.txt,2015/09/30 05:57:19,2015/09/30 05:57:19,205.000000
planetlab-4.eecs.cwru.edu,planetlab2.cs.unc.edu,file1KB.txt,2015/09/30 05:57:19,2015/09/30 05:57:20,1836.000000
planetlab-4.eecs.cwru.edu,planetlab2.cs.unc.edu,file256KB.txt,2015/09/30 05:57:20,2015/09/30 05:57:31,10667.000000
planetlab-4.eecs.cwru.edu,planetlab2.cs.unc.edu,file512KB.txt,2015/09/30 05:57:31,2015/09/30 05:57:54,23394.000000
planetlab-4.eecs.cwru.edu,planetlab2.cs.unc.edu,file1MB.txt,2015/09/30 05:57:54,2015/09/30 05:58:39,44440.000000
planetlab01.cs.washington.edu,planetlab2.cs.unc.edu,file32B.txt,2015/09/30 05:58:39,2015/09/30 05:58:40,1419.000000
planetlab01.cs.washington.edu,planetlab2.cs.unc.edu,file1KB.txt,2015/09/30 05:58:40,2015/09/30 05:58:40,570.000000
planetlab01.cs.washington.edu,planetlab2.cs.unc.edu,file256KB.txt,2015/09/30 05:58:40,2015/09/30 05:59:22,42360.000000
planetlab01.cs.washington.edu,planetlab2.cs.unc.edu,file512KB.txt,2015/09/30 05:59:22,2015/09/30 06:00:45,82968.000000
planetlab01.cs.washington.edu,planetlab2.cs.unc.edu,file1MB.txt,2015/09/30 06:00:45,2015/09/30 06:03:30,164847.000000
planetlab02.cs.washington.edu,planetlab2.cs.unc.edu,file32B.txt,2015/09/30 06:03:30,2015/09/30 06:03:31,1413.000000
planetlab02.cs.washington.edu,planetlab2.cs.unc.edu,file1KB.txt,2015/09/30 06:03:31,2015/09/30 06:03:31,578.000000
planetlab02.cs.washington.edu,planetlab2.cs.unc.edu,file256KB.txt,2015/09/30 06:03:31,2015/09/30 06:04:13,41976.000000
planetlab02.cs.washington.edu,planetlab2.cs.unc.edu,file512KB.txt,2015/09/30 06:04:13,2015/09/30 06:05:37,84510.000000
planetlab02.cs.washington.edu,planetlab2.cs.unc.edu,file1MB.txt,2015/09/30 06:05:37,2015/09/30 06:08:22,164368.000000
planetlab1.arizona-gigapop.net,planetlab2.cs.unc.edu,file32B.txt,2015/09/30 06:08:22,2015/09/30 06:08:23,1477.000000
planetlab1.arizona-gigapop.net,planetlab2.cs.unc.edu,file1KB.txt,2015/09/30 06:08:23,2015/09/30 06:08:23,489.000000
planetlab1.arizona-gigapop.net,planetlab2.cs.unc.edu,file256KB.txt,2015/09/30 06:08:23,2015/09/30 06:08:59,36576.000000
planetlab1.arizona-gigapop.net,planetlab2.cs.unc.edu,file512KB.txt,2015/09/30 06:08:59,2015/09/30 06:10:09,69490.000000
planetlab1.arizona-gigapop.net,planetlab2.cs.unc.edu,file1MB.txt,2015/09/30 06:10:09,2015/09/30 06:12:30,141658.000000
planetlab1.cs.unc.edu,planetlab2.cs.unc.edu,file32B.txt,2015/09/30 06:12:30,2015/09/30 06:12:30,22.000000
planetlab1.cs.unc.edu,planetlab2.cs.unc.edu,file1KB.txt,2015/09/30 06:12:30,2015/09/30 06:12:30,24.000000
planetlab1.cs.unc.edu,planetlab2.cs.unc.edu,file256KB.txt,2015/09/30 06:12:30,2015/09/30 06:12:31,1020.000000
planetlab1.cs.unc.edu,planetlab2.cs.unc.edu,file512KB.txt,2015/09/30 06:12:31,2015/09/30 06:12:33,1966.000000
planetlab1.cs.unc.edu,planetlab2.cs.unc.edu,file1MB.txt,2015/09/30 06:12:33,2015/09/30 06:12:37,3852.000000
