ebb.colgate.edu,planetlab-02.bu.edu,file32B.txt,2015/09/30 04:11:48,2015/09/30 04:11:48,732.000000
ebb.colgate.edu,planetlab-02.bu.edu,file1KB.txt,2015/09/30 04:11:48,2015/09/30 04:11:49,1511.000000
ebb.colgate.edu,planetlab-02.bu.edu,file256KB.txt,2015/09/30 04:11:49,2015/09/30 04:12:34,44991.000000
ebb.colgate.edu,planetlab-02.bu.edu,file512KB.txt,2015/09/30 04:12:34,2015/09/30 04:13:45,70749.000000
ebb.colgate.edu,planetlab-02.bu.edu,file1MB.txt,2015/09/30 04:13:45,2015/09/30 04:16:08,143595.000000
kc-sce-plab2.umkc.edu,planetlab-02.bu.edu,file32B.txt,2015/09/30 04:16:08,2015/09/30 04:16:08,391.000000
kc-sce-plab2.umkc.edu,planetlab-02.bu.edu,file1KB.txt,2015/09/30 04:16:08,2015/09/30 04:16:08,400.000000
kc-sce-plab2.umkc.edu,planetlab-02.bu.edu,file256KB.txt,2015/09/30 04:16:08,2015/09/30 04:16:39,31237.000000
kc-sce-plab2.umkc.edu,planetlab-02.bu.edu,file512KB.txt,2015/09/30 04:16:39,2015/09/30 04:18:28,109241.000000
kc-sce-plab2.umkc.edu,planetlab-02.bu.edu,file1MB.txt,2015/09/30 04:18:28,2015/09/30 04:25:30,421766.000000
node1.planetlab.mathcs.emory.edu,planetlab-02.bu.edu,file32B.txt,2015/09/30 04:25:30,2015/09/30 04:25:30,290.000000
node1.planetlab.mathcs.emory.edu,planetlab-02.bu.edu,file1KB.txt,2015/09/30 04:25:30,2015/09/30 04:25:31,1774.000000
node1.planetlab.mathcs.emory.edu,planetlab-02.bu.edu,file256KB.txt,2015/09/30 04:25:31,2015/09/30 04:25:47,15776.000000
node1.planetlab.mathcs.emory.edu,planetlab-02.bu.edu,file512KB.txt,2015/09/30 04:25:47,2015/09/30 04:26:19,31572.000000
node1.planetlab.mathcs.emory.edu,planetlab-02.bu.edu,file1MB.txt,2015/09/30 04:26:19,2015/09/30 04:27:24,65441.000000
pl3.cs.unm.edu,planetlab-02.bu.edu,file32B.txt,2015/09/30 04:27:45,2015/09/30 04:27:46,1317.000000
pl3.cs.unm.edu,planetlab-02.bu.edu,file1KB.txt,2015/09/30 04:27:46,2015/09/30 04:27:46,647.000000
pl3.cs.unm.edu,planetlab-02.bu.edu,file256KB.txt,2015/09/30 04:27:46,2015/09/30 04:28:36,50651.000000
pl3.cs.unm.edu,planetlab-02.bu.edu,file512KB.txt,2015/09/30 04:28:36,2015/09/30 04:30:07,90203.000000
pl3.cs.unm.edu,planetlab-02.bu.edu,file1MB.txt,2015/09/30 04:30:07,2015/09/30 04:33:13,186280.000000
plab3.eece.ksu.edu,planetlab-02.bu.edu,file32B.txt,2015/09/30 04:33:13,2015/09/30 04:33:14,1508.000000
plab3.eece.ksu.edu,planetlab-02.bu.edu,file1KB.txt,2015/09/30 04:33:14,2015/09/30 04:33:14,505.000000
plab3.eece.ksu.edu,planetlab-02.bu.edu,file256KB.txt,2015/09/30 04:33:14,2015/09/30 04:33:51,37494.000000
plab3.eece.ksu.edu,planetlab-02.bu.edu,file512KB.txt,2015/09/30 04:33:51,2015/09/30 04:35:03,71790.000000
plab3.eece.ksu.edu,planetlab-02.bu.edu,file1MB.txt,2015/09/30 04:35:03,2015/09/30 04:37:27,144205.000000
planetlab-02.bu.edu,planetlab-02.bu.edu,file32B.txt,2015/09/30 04:37:27,2015/09/30 04:37:27,34.000000
planetlab-02.bu.edu,planetlab-02.bu.edu,file1KB.txt,2015/09/30 04:37:27,2015/09/30 04:37:27,27.000000
planetlab-02.bu.edu,planetlab-02.bu.edu,file256KB.txt,2015/09/30 04:37:27,2015/09/30 04:37:28,453.000000
planetlab-02.bu.edu,planetlab-02.bu.edu,file512KB.txt,2015/09/30 04:37:28,2015/09/30 04:37:31,2967.000000
planetlab-02.bu.edu,planetlab-02.bu.edu,file1MB.txt,2015/09/30 04:37:31,2015/09/30 04:37:37,6031.000000
planetlab1.clemson.edu,planetlab-02.bu.edu,file32B.txt,2015/09/30 04:37:59,2015/09/30 04:37:59,322.000000
planetlab1.clemson.edu,planetlab-02.bu.edu,file1KB.txt,2015/09/30 04:37:59,2015/09/30 04:37:59,319.000000
planetlab1.clemson.edu,planetlab-02.bu.edu,file256KB.txt,2015/09/30 04:37:59,2015/09/30 04:38:22,-23018.000000
planetlab1.clemson.edu,planetlab-02.bu.edu,file512KB.txt,2015/09/30 04:38:22,2015/09/30 04:39:07,44797.000000
planetlab1.clemson.edu,planetlab-02.bu.edu,file1MB.txt,2015/09/30 04:39:07,2015/09/30 04:40:37,90963.000000
planetlab1.cs.du.edu,planetlab-02.bu.edu,file32B.txt,2015/09/30 04:40:37,2015/09/30 04:40:37,359.000000
planetlab1.cs.du.edu,planetlab-02.bu.edu,file1KB.txt,2015/09/30 04:40:37,2015/09/30 04:40:37,432.000000
planetlab1.cs.du.edu,planetlab-02.bu.edu,file256KB.txt,2015/09/30 04:40:37,2015/09/30 04:41:08,31858.000000
planetlab1.cs.du.edu,planetlab-02.bu.edu,file512KB.txt,2015/09/30 04:41:08,2015/09/30 04:42:08,60028.000000
planetlab1.cs.du.edu,planetlab-02.bu.edu,file1MB.txt,2015/09/30 04:42:08,2015/09/30 04:44:06,117719.000000
planetlab-1.cse.ohio-state.edu,planetlab-02.bu.edu,file32B.txt,2015/09/30 04:44:06,2015/09/30 04:44:07,684.000000
planetlab-1.cse.ohio-state.edu,planetlab-02.bu.edu,file1KB.txt,2015/09/30 04:44:07,2015/09/30 04:44:11,3964.000000
planetlab-1.cse.ohio-state.edu,planetlab-02.bu.edu,file256KB.txt,2015/09/30 04:44:11,2015/09/30 04:57:58,827590.000000
planetlab1.cs.okstate.edu,planetlab-02.bu.edu,file32B.txt,2015/09/30 04:58:19,2015/09/30 04:58:19,395.000000
planetlab1.cs.okstate.edu,planetlab-02.bu.edu,file1KB.txt,2015/09/30 04:58:19,2015/09/30 04:58:20,1525.000000
planetlab1.cs.okstate.edu,planetlab-02.bu.edu,file256KB.txt,2015/09/30 04:58:20,2015/09/30 04:58:49,28433.000000
planetlab1.cs.okstate.edu,planetlab-02.bu.edu,file512KB.txt,2015/09/30 04:58:49,2015/09/30 04:59:56,66665.000000
planetlab1.cs.okstate.edu,planetlab-02.bu.edu,file1MB.txt,2015/09/30 04:59:56,2015/09/30 05:01:55,119717.000000
planetlab1.cs.ucla.edu,planetlab-02.bu.edu,file32B.txt,2015/09/30 05:01:55,2015/09/30 05:01:55,561.000000
planetlab1.cs.ucla.edu,planetlab-02.bu.edu,file1KB.txt,2015/09/30 05:01:55,2015/09/30 05:01:56,1385.000000
planetlab1.cs.ucla.edu,planetlab-02.bu.edu,file256KB.txt,2015/09/30 05:01:56,2015/09/30 05:02:41,45084.000000
planetlab1.cs.ucla.edu,planetlab-02.bu.edu,file512KB.txt,2015/09/30 05:02:41,2015/09/30 05:04:12,91012.000000
planetlab1.cs.ucla.edu,planetlab-02.bu.edu,file1MB.txt,2015/09/30 05:04:12,2015/09/30 05:07:08,175416.000000
planetlab1.csuohio.edu,planetlab-02.bu.edu,file32B.txt,2015/09/30 05:07:08,2015/09/30 05:07:09,977.000000
planetlab1.csuohio.edu,planetlab-02.bu.edu,file1KB.txt,2015/09/30 05:07:09,2015/09/30 05:07:10,1766.000000
planetlab1.csuohio.edu,planetlab-02.bu.edu,file256KB.txt,2015/09/30 05:07:10,2015/09/30 05:07:26,15479.000000
planetlab1.csuohio.edu,planetlab-02.bu.edu,file512KB.txt,2015/09/30 05:07:26,2015/09/30 05:07:59,33223.000000
planetlab1.csuohio.edu,planetlab-02.bu.edu,file1MB.txt,2015/09/30 05:07:59,2015/09/30 05:09:05,66392.000000
planetlab1.ucsd.edu,planetlab-02.bu.edu,file32B.txt,2015/09/30 05:09:26,2015/09/30 05:09:26,627.000000
planetlab1.ucsd.edu,planetlab-02.bu.edu,file1KB.txt,2015/09/30 05:09:26,2015/09/30 05:09:27,1358.000000
planetlab1.ucsd.edu,planetlab-02.bu.edu,file256KB.txt,2015/09/30 05:09:27,2015/09/30 05:10:14,47399.000000
planetlab1.ucsd.edu,planetlab-02.bu.edu,file512KB.txt,2015/09/30 05:10:14,2015/09/30 05:11:46,91327.000000
planetlab1.ucsd.edu,planetlab-02.bu.edu,file1MB.txt,2015/09/30 05:11:46,2015/09/30 05:14:50,184671.000000
planetlab2.acis.ufl.edu,planetlab-02.bu.edu,file32B.txt,2015/09/30 05:14:50,2015/09/30 05:14:50,404.000000
planetlab2.acis.ufl.edu,planetlab-02.bu.edu,file1KB.txt,2015/09/30 05:14:50,2015/09/30 05:14:51,1513.000000
planetlab2.acis.ufl.edu,planetlab-02.bu.edu,file256KB.txt,2015/09/30 05:14:51,2015/09/30 05:15:22,30667.000000
planetlab2.acis.ufl.edu,planetlab-02.bu.edu,file512KB.txt,2015/09/30 05:15:22,2015/09/30 05:16:23,60830.000000
planetlab2.acis.ufl.edu,planetlab-02.bu.edu,file1MB.txt,2015/09/30 05:16:23,2015/09/30 05:18:26,123057.000000
planetlab2.arizona-gigapop.net,planetlab-02.bu.edu,file32B.txt,2015/09/30 05:18:26,2015/09/30 05:18:27,1383.000000
planetlab2.arizona-gigapop.net,planetlab-02.bu.edu,file1KB.txt,2015/09/30 05:18:27,2015/09/30 05:18:27,598.000000
planetlab2.arizona-gigapop.net,planetlab-02.bu.edu,file256KB.txt,2015/09/30 05:18:27,2015/09/30 05:19:11,44536.000000
planetlab2.arizona-gigapop.net,planetlab-02.bu.edu,file512KB.txt,2015/09/30 05:19:11,2015/09/30 05:20:39,88015.000000
planetlab2.arizona-gigapop.net,planetlab-02.bu.edu,file1MB.txt,2015/09/30 05:20:39,2015/09/30 05:23:44,184731.000000
planetlab2.citadel.edu,planetlab-02.bu.edu,file32B.txt,2015/09/30 05:23:44,2015/09/30 05:23:44,358.000000
planetlab2.citadel.edu,planetlab-02.bu.edu,file1KB.txt,2015/09/30 05:23:44,2015/09/30 05:23:45,1632.000000
planetlab2.citadel.edu,planetlab-02.bu.edu,file256KB.txt,2015/09/30 05:23:45,2015/09/30 05:24:10,24674.000000
planetlab2.citadel.edu,planetlab-02.bu.edu,file512KB.txt,2015/09/30 05:24:10,2015/09/30 05:25:00,49759.000000
planetlab2.citadel.edu,planetlab-02.bu.edu,file1MB.txt,2015/09/30 05:25:00,2015/09/30 05:26:41,101527.000000
planetlab2.cs.pitt.edu,planetlab-02.bu.edu,file32B.txt,2015/09/30 05:26:41,2015/09/30 05:26:41,260.000000
planetlab2.cs.pitt.edu,planetlab-02.bu.edu,file1KB.txt,2015/09/30 05:26:41,2015/09/30 05:26:41,277.000000
planetlab2.cs.pitt.edu,planetlab-02.bu.edu,file256KB.txt,2015/09/30 05:26:41,2015/09/30 05:26:54,13285.000000
planetlab2.cs.pitt.edu,planetlab-02.bu.edu,file512KB.txt,2015/09/30 05:26:54,2015/09/30 05:27:33,38772.000000
planetlab2.cs.pitt.edu,planetlab-02.bu.edu,file1MB.txt,2015/09/30 05:27:33,2015/09/30 05:28:52,79207.000000
planetlab2.cs.purdue.edu,planetlab-02.bu.edu,file32B.txt,2015/09/30 05:28:52,2015/09/30 05:28:52,400.000000
planetlab2.cs.purdue.edu,planetlab-02.bu.edu,file1KB.txt,2015/09/30 05:28:52,2015/09/30 05:28:53,1632.000000
planetlab2.cs.purdue.edu,planetlab-02.bu.edu,file256KB.txt,2015/09/30 05:28:53,2015/09/30 05:29:19,25917.000000
planetlab2.cs.purdue.edu,planetlab-02.bu.edu,file512KB.txt,2015/09/30 05:29:19,2015/09/30 05:30:09,50241.000000
planetlab2.cs.purdue.edu,planetlab-02.bu.edu,file1MB.txt,2015/09/30 05:30:09,2015/09/30 05:31:47,97618.000000
planetlab2.cs.uml.edu,planetlab-02.bu.edu,file32B.txt,2015/09/30 05:32:29,2015/09/30 05:32:29,200.000000
planetlab2.cs.uml.edu,planetlab-02.bu.edu,file1KB.txt,2015/09/30 05:32:29,2015/09/30 05:32:30,1828.000000
planetlab2.cs.uml.edu,planetlab-02.bu.edu,file256KB.txt,2015/09/30 05:32:30,2015/09/30 05:32:41,10550.000000
planetlab2.cs.uml.edu,planetlab-02.bu.edu,file512KB.txt,2015/09/30 05:32:41,2015/09/30 05:33:04,23106.000000
planetlab2.cs.uml.edu,planetlab-02.bu.edu,file1MB.txt,2015/09/30 05:33:04,2015/09/30 05:33:50,46211.000000
planetlab2.cs.unc.edu,planetlab-02.bu.edu,file32B.txt,2015/09/30 05:33:50,2015/09/30 05:33:50,206.000000
planetlab2.cs.unc.edu,planetlab-02.bu.edu,file1KB.txt,2015/09/30 05:33:50,2015/09/30 05:33:50,215.000000
planetlab2.cs.unc.edu,planetlab-02.bu.edu,file256KB.txt,2015/09/30 05:33:50,2015/09/30 05:34:05,14673.000000
planetlab2.cs.unc.edu,planetlab-02.bu.edu,file512KB.txt,2015/09/30 05:34:05,2015/09/30 05:34:36,31763.000000
planetlab2.cs.unc.edu,planetlab-02.bu.edu,file1MB.txt,2015/09/30 05:34:36,2015/09/30 05:35:37,61143.000000
planetlab2.cs.uoregon.edu,planetlab-02.bu.edu,file32B.txt,2015/09/30 05:35:37,2015/09/30 05:35:37,638.000000
planetlab2.cs.uoregon.edu,planetlab-02.bu.edu,file1KB.txt,2015/09/30 05:35:37,2015/09/30 05:35:38,1354.000000
planetlab2.cs.uoregon.edu,planetlab-02.bu.edu,file256KB.txt,2015/09/30 05:35:38,2015/09/30 05:36:25,46436.000000
planetlab2.cs.uoregon.edu,planetlab-02.bu.edu,file512KB.txt,2015/09/30 05:36:25,2015/09/30 05:38:01,96694.000000
planetlab2.cs.uoregon.edu,planetlab-02.bu.edu,file1MB.txt,2015/09/30 05:38:01,2015/09/30 05:41:09,187646.000000
planetlab2.temple.edu,planetlab-02.bu.edu,file32B.txt,2015/09/30 05:41:09,2015/09/30 05:41:09,148.000000
planetlab2.temple.edu,planetlab-02.bu.edu,file1KB.txt,2015/09/30 05:41:09,2015/09/30 05:41:09,158.000000
planetlab2.temple.edu,planetlab-02.bu.edu,file256KB.txt,2015/09/30 05:41:09,2015/09/30 05:41:20,11506.000000
planetlab2.temple.edu,planetlab-02.bu.edu,file512KB.txt,2015/09/30 05:41:20,2015/09/30 05:41:41,20936.000000
planetlab2.temple.edu,planetlab-02.bu.edu,file1MB.txt,2015/09/30 05:41:41,2015/09/30 05:42:23,42422.000000
planetlab2.unl.edu,planetlab-02.bu.edu,file32B.txt,2015/09/30 05:42:23,2015/09/30 05:42:23,451.000000
planetlab2.unl.edu,planetlab-02.bu.edu,file1KB.txt,2015/09/30 05:42:23,2015/09/30 05:42:23,486.000000
planetlab2.unl.edu,planetlab-02.bu.edu,file256KB.txt,2015/09/30 05:42:23,2015/09/30 05:42:58,35309.000000
planetlab2.unl.edu,planetlab-02.bu.edu,file512KB.txt,2015/09/30 05:42:58,2015/09/30 05:44:07,68981.000000
planetlab2.unl.edu,planetlab-02.bu.edu,file1MB.txt,2015/09/30 05:44:07,2015/09/30 05:46:25,138491.000000
planetlab2.unr.edu,planetlab-02.bu.edu,file32B.txt,2015/09/30 05:46:25,2015/09/30 05:46:25,608.000000
planetlab2.unr.edu,planetlab-02.bu.edu,file1KB.txt,2015/09/30 05:46:25,2015/09/30 05:46:26,1349.000000
planetlab2.unr.edu,planetlab-02.bu.edu,file256KB.txt,2015/09/30 05:46:26,2015/09/30 05:47:12,45902.000000
planetlab2.unr.edu,planetlab-02.bu.edu,file512KB.txt,2015/09/30 05:47:12,2015/09/30 05:48:49,96553.000000
planetlab2.unr.edu,planetlab-02.bu.edu,file1MB.txt,2015/09/30 05:48:49,2015/09/30 05:51:59,-190753.000000
planetlab2.uta.edu,planetlab-02.bu.edu,file32B.txt,2015/09/30 05:51:59,2015/09/30 05:51:59,416.000000
planetlab2.uta.edu,planetlab-02.bu.edu,file1KB.txt,2015/09/30 05:51:59,2015/09/30 05:52:00,1575.000000
planetlab2.uta.edu,planetlab-02.bu.edu,file256KB.txt,2015/09/30 05:52:00,2015/09/30 05:52:32,31560.000000
planetlab2.uta.edu,planetlab-02.bu.edu,file512KB.txt,2015/09/30 05:52:32,2015/09/30 05:53:38,66394.000000
planetlab2.uta.edu,planetlab-02.bu.edu,file1MB.txt,2015/09/30 05:53:38,2015/09/30 05:55:48,129962.000000
planetlab2.utdallas.edu,planetlab-02.bu.edu,file32B.txt,2015/09/30 05:55:48,2015/09/30 05:55:48,361.000000
planetlab2.utdallas.edu,planetlab-02.bu.edu,file1KB.txt,2015/09/30 05:55:48,2015/09/30 05:55:48,361.000000
planetlab2.utdallas.edu,planetlab-02.bu.edu,file256KB.txt,2015/09/30 05:55:48,2015/09/30 05:56:14,26411.000000
planetlab2.utdallas.edu,planetlab-02.bu.edu,file512KB.txt,2015/09/30 05:56:14,2015/09/30 05:57:04,49511.000000
planetlab2.utdallas.edu,planetlab-02.bu.edu,file1MB.txt,2015/09/30 05:57:04,2015/09/30 05:58:45,101879.000000
planetlab3.eecs.umich.edu,planetlab-02.bu.edu,file32B.txt,2015/09/30 05:58:45,2015/09/30 05:58:45,299.000000
planetlab3.eecs.umich.edu,planetlab-02.bu.edu,file1KB.txt,2015/09/30 05:58:45,2015/09/30 05:58:45,275.000000
planetlab3.eecs.umich.edu,planetlab-02.bu.edu,file256KB.txt,2015/09/30 05:58:45,2015/09/30 05:59:05,20374.000000
planetlab3.eecs.umich.edu,planetlab-02.bu.edu,file512KB.txt,2015/09/30 05:59:05,2015/09/30 05:59:44,38919.000000
planetlab3.eecs.umich.edu,planetlab-02.bu.edu,file1MB.txt,2015/09/30 05:59:44,2015/09/30 06:01:03,79323.000000
planetlab3.rutgers.edu,planetlab-02.bu.edu,file32B.txt,2015/09/30 06:01:03,2015/09/30 06:01:03,135.000000
planetlab3.rutgers.edu,planetlab-02.bu.edu,file1KB.txt,2015/09/30 06:01:03,2015/09/30 06:01:03,140.000000
planetlab3.rutgers.edu,planetlab-02.bu.edu,file256KB.txt,2015/09/30 06:01:03,2015/09/30 06:01:12,8697.000000
planetlab3.rutgers.edu,planetlab-02.bu.edu,file512KB.txt,2015/09/30 06:01:12,2015/09/30 06:01:31,19026.000000
planetlab3.rutgers.edu,planetlab-02.bu.edu,file1MB.txt,2015/09/30 06:01:31,2015/09/30 06:02:08,37211.000000
planetlab3.wail.wisc.edu,planetlab-02.bu.edu,file32B.txt,2015/09/30 06:02:08,2015/09/30 06:02:08,378.000000
planetlab3.wail.wisc.edu,planetlab-02.bu.edu,file1KB.txt,2015/09/30 06:02:08,2015/09/30 06:02:09,1665.000000
planetlab3.wail.wisc.edu,planetlab-02.bu.edu,file256KB.txt,2015/09/30 06:02:09,2015/09/30 06:02:33,24059.000000
planetlab3.wail.wisc.edu,planetlab-02.bu.edu,file512KB.txt,2015/09/30 06:02:33,2015/09/30 06:03:20,46435.000000
planetlab3.wail.wisc.edu,planetlab-02.bu.edu,file1MB.txt,2015/09/30 06:03:20,2015/09/30 06:04:54,93778.000000
planetlab4.tamu.edu,planetlab-02.bu.edu,file32B.txt,2015/09/30 06:04:54,2015/09/30 06:04:55,1639.000000
planetlab4.tamu.edu,planetlab-02.bu.edu,file1KB.txt,2015/09/30 06:04:55,2015/09/30 06:04:55,368.000000
planetlab4.tamu.edu,planetlab-02.bu.edu,file256KB.txt,2015/09/30 06:04:55,2015/09/30 06:05:22,27353.000000
planetlab4.tamu.edu,planetlab-02.bu.edu,file512KB.txt,2015/09/30 06:05:22,2015/09/30 06:06:24,61719.000000
planetlab4.tamu.edu,planetlab-02.bu.edu,file1MB.txt,2015/09/30 06:06:24,2015/09/30 06:08:10,105500.000000
planetlab-5.eecs.cwru.edu,planetlab-02.bu.edu,file32B.txt,2015/09/30 06:08:10,2015/09/30 06:08:11,1731.000000
planetlab-5.eecs.cwru.edu,planetlab-02.bu.edu,file1KB.txt,2015/09/30 06:08:11,2015/09/30 06:08:11,240.000000
planetlab-5.eecs.cwru.edu,planetlab-02.bu.edu,file256KB.txt,2015/09/30 06:08:11,2015/09/30 06:08:28,17061.000000
planetlab-5.eecs.cwru.edu,planetlab-02.bu.edu,file512KB.txt,2015/09/30 06:08:28,2015/09/30 06:09:02,34140.000000
planetlab-5.eecs.cwru.edu,planetlab-02.bu.edu,file1MB.txt,2015/09/30 06:09:02,2015/09/30 06:10:10,68218.000000
planetlabone.ccs.neu.edu,planetlab-02.bu.edu,file32B.txt,2015/09/30 06:10:10,2015/09/30 06:10:10,69.000000
planetlabone.ccs.neu.edu,planetlab-02.bu.edu,file1KB.txt,2015/09/30 06:10:10,2015/09/30 06:10:10,79.000000
planetlabone.ccs.neu.edu,planetlab-02.bu.edu,file256KB.txt,2015/09/30 06:10:10,2015/09/30 06:10:14,3367.000000
planetlabone.ccs.neu.edu,planetlab-02.bu.edu,file512KB.txt,2015/09/30 06:10:14,2015/09/30 06:10:24,10695.000000
planetlabone.ccs.neu.edu,planetlab-02.bu.edu,file1MB.txt,2015/09/30 06:10:24,2015/09/30 06:10:42,18041.000000
pl-node-0.csl.sri.com,planetlab-02.bu.edu,file32B.txt,2015/09/30 06:10:42,2015/09/30 06:10:42,648.000000
pl-node-0.csl.sri.com,planetlab-02.bu.edu,file1KB.txt,2015/09/30 06:10:42,2015/09/30 06:10:43,1426.000000
pl-node-0.csl.sri.com,planetlab-02.bu.edu,file256KB.txt,2015/09/30 06:10:43,2015/09/30 06:11:29,45812.000000
pl-node-0.csl.sri.com,planetlab-02.bu.edu,file512KB.txt,2015/09/30 06:11:29,2015/09/30 06:12:58,88877.000000
pl-node-0.csl.sri.com,planetlab-02.bu.edu,file1MB.txt,2015/09/30 06:12:58,2015/09/30 06:15:57,179391.000000
ricepl-5.cs.rice.edu,planetlab-02.bu.edu,file32B.txt,2015/09/30 06:15:57,2015/09/30 06:15:57,409.000000
ricepl-5.cs.rice.edu,planetlab-02.bu.edu,file1KB.txt,2015/09/30 06:15:57,2015/09/30 06:15:58,1604.000000
ricepl-5.cs.rice.edu,planetlab-02.bu.edu,file256KB.txt,2015/09/30 06:15:58,2015/09/30 06:16:25,26370.000000
ricepl-5.cs.rice.edu,planetlab-02.bu.edu,file512KB.txt,2015/09/30 06:16:25,2015/09/30 06:17:20,54768.000000
ricepl-5.cs.rice.edu,planetlab-02.bu.edu,file1MB.txt,2015/09/30 06:17:20,2015/09/30 06:19:12,112919.000000
salt.planetlab.cs.umd.edu,planetlab-02.bu.edu,file32B.txt,2015/09/30 06:19:12,2015/09/30 06:19:12,209.000000
salt.planetlab.cs.umd.edu,planetlab-02.bu.edu,file1KB.txt,2015/09/30 06:19:12,2015/09/30 06:19:12,159.000000
salt.planetlab.cs.umd.edu,planetlab-02.bu.edu,file256KB.txt,2015/09/30 06:19:12,2015/09/30 06:19:23,10932.000000
salt.planetlab.cs.umd.edu,planetlab-02.bu.edu,file512KB.txt,2015/09/30 06:19:23,2015/09/30 06:19:45,22219.000000
salt.planetlab.cs.umd.edu,planetlab-02.bu.edu,file1MB.txt,2015/09/30 06:19:45,2015/09/30 06:20:29,44181.000000
pl1.eecs.utk.edu,planetlab-02.bu.edu,file32B.txt,2015/09/30 06:20:29,2015/09/30 06:20:29,472.000000
pl1.eecs.utk.edu,planetlab-02.bu.edu,file1KB.txt,2015/09/30 06:20:29,2015/09/30 06:20:30,1570.000000
pl1.eecs.utk.edu,planetlab-02.bu.edu,file256KB.txt,2015/09/30 06:20:30,2015/09/30 06:21:07,36706.000000
pl1.eecs.utk.edu,planetlab-02.bu.edu,file512KB.txt,2015/09/30 06:21:07,2015/09/30 06:22:44,96862.000000
pl1.eecs.utk.edu,planetlab-02.bu.edu,file1MB.txt,2015/09/30 06:22:44,2015/09/30 06:25:25,161170.000000
planetlab-01.vt.nodes.planet-lab.org,planetlab-02.bu.edu,file32B.txt,2015/09/30 06:25:25,2015/09/30 06:25:25,200.000000
planetlab-01.vt.nodes.planet-lab.org,planetlab-02.bu.edu,file1KB.txt,2015/09/30 06:25:25,2015/09/30 06:25:25,211.000000
planetlab-01.vt.nodes.planet-lab.org,planetlab-02.bu.edu,file256KB.txt,2015/09/30 06:25:25,2015/09/30 06:25:39,13812.000000
planetlab-01.vt.nodes.planet-lab.org,planetlab-02.bu.edu,file512KB.txt,2015/09/30 06:25:39,2015/09/30 06:26:08,29412.000000
planetlab-01.vt.nodes.planet-lab.org,planetlab-02.bu.edu,file1MB.txt,2015/09/30 06:26:08,2015/09/30 06:27:05,57434.000000
planetlab-04.vt.nodes.planet-lab.org,planetlab-02.bu.edu,file32B.txt,2015/09/30 06:27:05,2015/09/30 06:27:05,205.000000
planetlab-04.vt.nodes.planet-lab.org,planetlab-02.bu.edu,file1KB.txt,2015/09/30 06:27:05,2015/09/30 06:27:05,205.000000
planetlab-04.vt.nodes.planet-lab.org,planetlab-02.bu.edu,file256KB.txt,2015/09/30 06:27:05,2015/09/30 06:27:19,13961.000000
planetlab-04.vt.nodes.planet-lab.org,planetlab-02.bu.edu,file512KB.txt,2015/09/30 06:27:19,2015/09/30 06:27:47,27780.000000
planetlab-04.vt.nodes.planet-lab.org,planetlab-02.bu.edu,file1MB.txt,2015/09/30 06:27:47,2015/09/30 06:28:43,55717.000000
planetlab-4.eecs.cwru.edu,planetlab-02.bu.edu,file32B.txt,2015/09/30 06:28:43,2015/09/30 06:28:44,1347.000000
planetlab-4.eecs.cwru.edu,planetlab-02.bu.edu,file1KB.txt,2015/09/30 06:28:44,2015/09/30 06:28:46,1991.000000
planetlab-4.eecs.cwru.edu,planetlab-02.bu.edu,file256KB.txt,2015/09/30 06:28:46,2015/09/30 06:38:29,583490.000000
planetlab-4.eecs.cwru.edu,planetlab-02.bu.edu,file512KB.txt,2015/09/30 06:38:29,2015/09/30 07:03:36,-1506806.000000
planetlab01.cs.washington.edu,planetlab-02.bu.edu,file32B.txt,2015/09/30 07:03:36,2015/09/30 07:03:36,574.000000
planetlab01.cs.washington.edu,planetlab-02.bu.edu,file1KB.txt,2015/09/30 07:03:36,2015/09/30 07:03:37,1420.000000
planetlab01.cs.washington.edu,planetlab-02.bu.edu,file256KB.txt,2015/09/30 07:03:37,2015/09/30 07:04:19,41919.000000
planetlab01.cs.washington.edu,planetlab-02.bu.edu,file512KB.txt,2015/09/30 07:04:19,2015/09/30 07:05:44,85055.000000
planetlab01.cs.washington.edu,planetlab-02.bu.edu,file1MB.txt,2015/09/30 07:05:44,2015/09/30 07:08:39,175011.000000
planetlab02.cs.washington.edu,planetlab-02.bu.edu,file32B.txt,2015/09/30 07:08:39,2015/09/30 07:08:40,1417.000000
planetlab02.cs.washington.edu,planetlab-02.bu.edu,file1KB.txt,2015/09/30 07:08:40,2015/09/30 07:08:40,600.000000
planetlab02.cs.washington.edu,planetlab-02.bu.edu,file256KB.txt,2015/09/30 07:08:40,2015/09/30 07:09:22,41925.000000
planetlab02.cs.washington.edu,planetlab-02.bu.edu,file512KB.txt,2015/09/30 07:09:22,2015/09/30 07:10:50,88006.000000
planetlab02.cs.washington.edu,planetlab-02.bu.edu,file1MB.txt,2015/09/30 07:10:50,2015/09/30 07:13:42,171952.000000
planetlab1.arizona-gigapop.net,planetlab-02.bu.edu,file32B.txt,2015/09/30 07:13:42,2015/09/30 07:13:43,1409.000000
planetlab1.arizona-gigapop.net,planetlab-02.bu.edu,file1KB.txt,2015/09/30 07:13:43,2015/09/30 07:13:44,1388.000000
planetlab1.arizona-gigapop.net,planetlab-02.bu.edu,file256KB.txt,2015/09/30 07:13:44,2015/09/30 07:14:27,42066.000000
planetlab1.arizona-gigapop.net,planetlab-02.bu.edu,file512KB.txt,2015/09/30 07:14:27,2015/09/30 07:15:56,89426.000000
planetlab1.arizona-gigapop.net,planetlab-02.bu.edu,file1MB.txt,2015/09/30 07:15:56,2015/09/30 07:18:53,176883.000000
planetlab1.cs.unc.edu,planetlab-02.bu.edu,file32B.txt,2015/09/30 07:18:53,2015/09/30 07:18:53,246.000000
planetlab1.cs.unc.edu,planetlab-02.bu.edu,file1KB.txt,2015/09/30 07:18:53,2015/09/30 07:18:54,1717.000000
planetlab1.cs.unc.edu,planetlab-02.bu.edu,file256KB.txt,2015/09/30 07:18:54,2015/09/30 07:19:11,16545.000000
planetlab1.cs.unc.edu,planetlab-02.bu.edu,file512KB.txt,2015/09/30 07:19:11,2015/09/30 07:19:44,32726.000000
planetlab1.cs.unc.edu,planetlab-02.bu.edu,file1MB.txt,2015/09/30 07:19:44,2015/09/30 07:20:54,70597.000000
