ebb.colgate.edu,planetlab2.cs.uoregon.edu,file32B.txt,2015/09/30 04:12:55,2015/09/30 04:12:57,2224.000000
ebb.colgate.edu,planetlab2.cs.uoregon.edu,file1KB.txt,2015/09/30 04:12:57,2015/09/30 04:12:57,643.000000
ebb.colgate.edu,planetlab2.cs.uoregon.edu,file256KB.txt,2015/09/30 04:12:57,2015/09/30 04:14:13,76810.000000
ebb.colgate.edu,planetlab2.cs.uoregon.edu,file512KB.txt,2015/09/30 04:14:13,2015/09/30 04:16:45,152091.000000
ebb.colgate.edu,planetlab2.cs.uoregon.edu,file1MB.txt,2015/09/30 04:16:45,2015/09/30 04:21:33,287564.000000
kc-sce-plab2.umkc.edu,planetlab2.cs.uoregon.edu,file32B.txt,2015/09/30 04:21:33,2015/09/30 04:21:34,920.000000
kc-sce-plab2.umkc.edu,planetlab2.cs.uoregon.edu,file1KB.txt,2015/09/30 04:21:34,2015/09/30 04:21:35,676.000000
kc-sce-plab2.umkc.edu,planetlab2.cs.uoregon.edu,file256KB.txt,2015/09/30 04:21:35,2015/09/30 04:23:49,134609.000000
kc-sce-plab2.umkc.edu,planetlab2.cs.uoregon.edu,file512KB.txt,2015/09/30 04:23:49,2015/09/30 04:26:55,186041.000000
kc-sce-plab2.umkc.edu,planetlab2.cs.uoregon.edu,file1MB.txt,2015/09/30 04:26:55,2015/09/30 04:30:02,187170.000000
node1.planetlab.mathcs.emory.edu,planetlab2.cs.uoregon.edu,file32B.txt,2015/09/30 04:30:02,2015/09/30 04:30:02,632.000000
node1.planetlab.mathcs.emory.edu,planetlab2.cs.uoregon.edu,file1KB.txt,2015/09/30 04:30:02,2015/09/30 04:30:03,1471.000000
node1.planetlab.mathcs.emory.edu,planetlab2.cs.uoregon.edu,file256KB.txt,2015/09/30 04:30:03,2015/09/30 04:30:41,38201.000000
node1.planetlab.mathcs.emory.edu,planetlab2.cs.uoregon.edu,file512KB.txt,2015/09/30 04:30:41,2015/09/30 04:31:56,74578.000000
node1.planetlab.mathcs.emory.edu,planetlab2.cs.uoregon.edu,file1MB.txt,2015/09/30 04:31:56,2015/09/30 04:34:26,149616.000000
pl3.cs.unm.edu,planetlab2.cs.uoregon.edu,file32B.txt,2015/09/30 04:34:47,2015/09/30 04:34:48,1290.000000
pl3.cs.unm.edu,planetlab2.cs.uoregon.edu,file1KB.txt,2015/09/30 04:34:48,2015/09/30 04:34:49,1412.000000
pl3.cs.unm.edu,planetlab2.cs.uoregon.edu,file256KB.txt,2015/09/30 04:34:49,2015/09/30 04:35:32,42364.000000
pl3.cs.unm.edu,planetlab2.cs.uoregon.edu,file512KB.txt,2015/09/30 04:35:32,2015/09/30 04:36:59,87588.000000
pl3.cs.unm.edu,planetlab2.cs.uoregon.edu,file1MB.txt,2015/09/30 04:36:59,2015/09/30 04:39:51,-171654.000000
plab3.eece.ksu.edu,planetlab2.cs.uoregon.edu,file32B.txt,2015/09/30 04:39:51,2015/09/30 04:39:52,1555.000000
plab3.eece.ksu.edu,planetlab2.cs.uoregon.edu,file1KB.txt,2015/09/30 04:39:52,2015/09/30 04:39:52,324.000000
plab3.eece.ksu.edu,planetlab2.cs.uoregon.edu,file256KB.txt,2015/09/30 04:39:52,2015/09/30 04:40:16,24105.000000
plab3.eece.ksu.edu,planetlab2.cs.uoregon.edu,file512KB.txt,2015/09/30 04:40:16,2015/09/30 04:41:03,46470.000000
plab3.eece.ksu.edu,planetlab2.cs.uoregon.edu,file1MB.txt,2015/09/30 04:41:03,2015/09/30 04:42:38,95182.000000
planetlab-02.bu.edu,planetlab2.cs.uoregon.edu,file32B.txt,2015/09/30 04:42:39,2015/09/30 04:42:39,648.000000
planetlab-02.bu.edu,planetlab2.cs.uoregon.edu,file1KB.txt,2015/09/30 04:42:39,2015/09/30 04:42:40,1346.000000
planetlab-02.bu.edu,planetlab2.cs.uoregon.edu,file256KB.txt,2015/09/30 04:42:40,2015/09/30 04:43:29,49599.000000
planetlab-02.bu.edu,planetlab2.cs.uoregon.edu,file512KB.txt,2015/09/30 04:43:29,2015/09/30 04:45:03,93764.000000
planetlab-02.bu.edu,planetlab2.cs.uoregon.edu,file1MB.txt,2015/09/30 04:45:03,2015/09/30 04:48:11,187754.000000
planetlab1.clemson.edu,planetlab2.cs.uoregon.edu,file32B.txt,2015/09/30 04:48:32,2015/09/30 04:48:33,1373.000000
planetlab1.clemson.edu,planetlab2.cs.uoregon.edu,file1KB.txt,2015/09/30 04:48:33,2015/09/30 04:48:34,1443.000000
planetlab1.clemson.edu,planetlab2.cs.uoregon.edu,file256KB.txt,2015/09/30 04:48:34,2015/09/30 04:49:12,37070.000000
planetlab1.clemson.edu,planetlab2.cs.uoregon.edu,file512KB.txt,2015/09/30 04:49:12,2015/09/30 04:50:30,78468.000000
planetlab1.clemson.edu,planetlab2.cs.uoregon.edu,file1MB.txt,2015/09/30 04:50:30,2015/09/30 04:53:05,155164.000000
planetlab1.cs.du.edu,planetlab2.cs.uoregon.edu,file32B.txt,2015/09/30 04:53:05,2015/09/30 04:53:06,1767.000000
planetlab1.cs.du.edu,planetlab2.cs.uoregon.edu,file1KB.txt,2015/09/30 04:53:06,2015/09/30 04:53:06,231.000000
planetlab1.cs.du.edu,planetlab2.cs.uoregon.edu,file256KB.txt,2015/09/30 04:53:06,2015/09/30 04:53:23,17089.000000
planetlab1.cs.du.edu,planetlab2.cs.uoregon.edu,file512KB.txt,2015/09/30 04:53:23,2015/09/30 04:53:56,32278.000000
planetlab1.cs.du.edu,planetlab2.cs.uoregon.edu,file1MB.txt,2015/09/30 04:53:56,2015/09/30 04:55:04,68579.000000
planetlab-1.cse.ohio-state.edu,planetlab2.cs.uoregon.edu,file32B.txt,2015/09/30 04:55:04,2015/09/30 04:55:11,6782.000000
planetlab-1.cse.ohio-state.edu,planetlab2.cs.uoregon.edu,file1KB.txt,2015/09/30 04:55:11,2015/09/30 04:55:22,10890.000000
planetlab-1.cse.ohio-state.edu,planetlab2.cs.uoregon.edu,file256KB.txt,2015/09/30 04:55:22,2015/09/30 05:19:55,1473745.000000
planetlab-1.cse.ohio-state.edu,planetlab2.cs.uoregon.edu,file512KB.txt,2015/09/30 05:19:55,2015/09/30 06:15:59,931513.000000
planetlab-1.cse.ohio-state.edu,planetlab2.cs.uoregon.edu,file1MB.txt,2015/09/30 06:15:59,2015/09/30 08:08:56,-1812861.000000
planetlab1.cs.okstate.edu,planetlab2.cs.uoregon.edu,file32B.txt,2015/09/30 08:08:56,2015/09/30 08:08:57,1459.000000
planetlab1.cs.okstate.edu,planetlab2.cs.uoregon.edu,file1KB.txt,2015/09/30 08:08:57,2015/09/30 08:08:57,414.000000
planetlab1.cs.okstate.edu,planetlab2.cs.uoregon.edu,file256KB.txt,2015/09/30 08:08:57,2015/09/30 08:09:28,31409.000000
planetlab1.cs.okstate.edu,planetlab2.cs.uoregon.edu,file512KB.txt,2015/09/30 08:09:28,2015/09/30 08:10:29,60997.000000
planetlab1.cs.okstate.edu,planetlab2.cs.uoregon.edu,file1MB.txt,2015/09/30 08:10:29,2015/09/30 08:12:30,120378.000000
planetlab1.cs.ucla.edu,planetlab2.cs.uoregon.edu,file32B.txt,2015/09/30 08:12:30,2015/09/30 08:12:31,1685.000000
planetlab1.cs.ucla.edu,planetlab2.cs.uoregon.edu,file1KB.txt,2015/09/30 08:12:31,2015/09/30 08:12:31,175.000000
planetlab1.cs.ucla.edu,planetlab2.cs.uoregon.edu,file256KB.txt,2015/09/30 08:12:31,2015/09/30 08:12:44,13063.000000
planetlab1.cs.ucla.edu,planetlab2.cs.uoregon.edu,file512KB.txt,2015/09/30 08:12:44,2015/09/30 08:13:09,-24247.000000
planetlab1.cs.ucla.edu,planetlab2.cs.uoregon.edu,file1MB.txt,2015/09/30 08:13:09,2015/09/30 08:14:08,59863.000000
planetlab1.csuohio.edu,planetlab2.cs.uoregon.edu,file32B.txt,2015/09/30 08:14:08,2015/09/30 08:14:08,587.000000
planetlab1.csuohio.edu,planetlab2.cs.uoregon.edu,file1KB.txt,2015/09/30 08:14:08,2015/09/30 08:14:09,1529.000000
planetlab1.csuohio.edu,planetlab2.cs.uoregon.edu,file256KB.txt,2015/09/30 08:14:09,2015/09/30 08:14:44,34263.000000
planetlab1.csuohio.edu,planetlab2.cs.uoregon.edu,file512KB.txt,2015/09/30 08:14:44,2015/09/30 08:15:55,71837.000000
planetlab1.csuohio.edu,planetlab2.cs.uoregon.edu,file1MB.txt,2015/09/30 08:15:55,2015/09/30 08:18:23,147995.000000
planetlab1.ucsd.edu,planetlab2.cs.uoregon.edu,file32B.txt,2015/09/30 08:18:44,2015/09/30 08:18:44,252.000000
planetlab1.ucsd.edu,planetlab2.cs.uoregon.edu,file1KB.txt,2015/09/30 08:18:44,2015/09/30 08:18:44,207.000000
planetlab1.ucsd.edu,planetlab2.cs.uoregon.edu,file256KB.txt,2015/09/30 08:18:44,2015/09/30 08:18:59,15755.000000
planetlab1.ucsd.edu,planetlab2.cs.uoregon.edu,file512KB.txt,2015/09/30 08:18:59,2015/09/30 08:19:27,27656.000000
planetlab1.ucsd.edu,planetlab2.cs.uoregon.edu,file1MB.txt,2015/09/30 08:19:27,2015/09/30 08:20:24,57415.000000
planetlab2.acis.ufl.edu,planetlab2.cs.uoregon.edu,file32B.txt,2015/09/30 08:20:24,2015/09/30 08:20:24,781.000000
planetlab2.acis.ufl.edu,planetlab2.cs.uoregon.edu,file1KB.txt,2015/09/30 08:20:24,2015/09/30 08:20:25,1331.000000
planetlab2.acis.ufl.edu,planetlab2.cs.uoregon.edu,file256KB.txt,2015/09/30 08:20:25,2015/09/30 08:21:21,56114.000000
planetlab2.acis.ufl.edu,planetlab2.cs.uoregon.edu,file512KB.txt,2015/09/30 08:21:21,2015/09/30 08:22:59,98264.000000
planetlab2.acis.ufl.edu,planetlab2.cs.uoregon.edu,file1MB.txt,2015/09/30 08:22:59,2015/09/30 08:26:14,195052.000000
planetlab2.arizona-gigapop.net,planetlab2.cs.uoregon.edu,file32B.txt,2015/09/30 08:26:14,2015/09/30 08:26:14,372.000000
planetlab2.arizona-gigapop.net,planetlab2.cs.uoregon.edu,file1KB.txt,2015/09/30 08:26:14,2015/09/30 08:26:14,261.000000
planetlab2.arizona-gigapop.net,planetlab2.cs.uoregon.edu,file256KB.txt,2015/09/30 08:26:14,2015/09/30 08:26:33,19208.000000
planetlab2.arizona-gigapop.net,planetlab2.cs.uoregon.edu,file512KB.txt,2015/09/30 08:26:33,2015/09/30 08:27:10,36764.000000
planetlab2.arizona-gigapop.net,planetlab2.cs.uoregon.edu,file1MB.txt,2015/09/30 08:27:10,2015/09/30 08:28:25,75718.000000
planetlab2.citadel.edu,planetlab2.cs.uoregon.edu,file32B.txt,2015/09/30 08:28:25,2015/09/30 08:28:25,808.000000
planetlab2.citadel.edu,planetlab2.cs.uoregon.edu,file1KB.txt,2015/09/30 08:28:25,2015/09/30 08:28:26,1413.000000
planetlab2.citadel.edu,planetlab2.cs.uoregon.edu,file256KB.txt,2015/09/30 08:28:26,2015/09/30 08:29:09,43097.000000
planetlab2.citadel.edu,planetlab2.cs.uoregon.edu,file512KB.txt,2015/09/30 08:29:09,2015/09/30 08:30:34,84525.000000
planetlab2.citadel.edu,planetlab2.cs.uoregon.edu,file1MB.txt,2015/09/30 08:30:34,2015/09/30 08:33:25,171527.000000
planetlab2.cs.pitt.edu,planetlab2.cs.uoregon.edu,file32B.txt,2015/09/30 08:33:25,2015/09/30 08:33:26,1185.000000
planetlab2.cs.pitt.edu,planetlab2.cs.uoregon.edu,file1KB.txt,2015/09/30 08:33:26,2015/09/30 08:33:27,1286.000000
planetlab2.cs.pitt.edu,planetlab2.cs.uoregon.edu,file256KB.txt,2015/09/30 08:33:27,2015/09/30 08:34:19,51299.000000
planetlab2.cs.pitt.edu,planetlab2.cs.uoregon.edu,file512KB.txt,2015/09/30 08:34:19,2015/09/30 08:36:04,104905.000000
planetlab2.cs.pitt.edu,planetlab2.cs.uoregon.edu,file1MB.txt,2015/09/30 08:36:04,2015/09/30 08:39:34,210599.000000
planetlab2.cs.purdue.edu,planetlab2.cs.uoregon.edu,file32B.txt,2015/09/30 08:39:34,2015/09/30 08:39:35,575.000000
planetlab2.cs.purdue.edu,planetlab2.cs.uoregon.edu,file1KB.txt,2015/09/30 08:39:35,2015/09/30 08:39:38,3167.000000
planetlab2.cs.purdue.edu,planetlab2.cs.uoregon.edu,file256KB.txt,2015/09/30 08:39:38,2015/09/30 08:43:23,225382.000000
planetlab2.cs.purdue.edu,planetlab2.cs.uoregon.edu,file512KB.txt,2015/09/30 08:43:23,2015/09/30 08:48:53,329693.000000
planetlab2.cs.purdue.edu,planetlab2.cs.uoregon.edu,file1MB.txt,2015/09/30 08:48:53,2015/09/30 08:55:09,375603.000000
planetlab2.cs.uml.edu,planetlab2.cs.uoregon.edu,file32B.txt,2015/09/30 08:55:52,2015/09/30 08:55:53,1214.000000
planetlab2.cs.uml.edu,planetlab2.cs.uoregon.edu,file1KB.txt,2015/09/30 08:55:53,2015/09/30 08:55:54,1012.000000
planetlab2.cs.uml.edu,planetlab2.cs.uoregon.edu,file256KB.txt,2015/09/30 08:55:54,2015/09/30 08:56:37,42330.000000
planetlab2.cs.uml.edu,planetlab2.cs.uoregon.edu,file512KB.txt,2015/09/30 08:56:37,2015/09/30 08:58:20,103440.000000
planetlab2.cs.uml.edu,planetlab2.cs.uoregon.edu,file1MB.txt,2015/09/30 08:58:20,2015/09/30 09:01:14,174038.000000
planetlab2.cs.unc.edu,planetlab2.cs.uoregon.edu,file32B.txt,2015/09/30 09:01:14,2015/09/30 09:01:14,722.000000
planetlab2.cs.unc.edu,planetlab2.cs.uoregon.edu,file1KB.txt,2015/09/30 09:01:14,2015/09/30 09:01:15,1315.000000
planetlab2.cs.unc.edu,planetlab2.cs.uoregon.edu,file256KB.txt,2015/09/30 09:01:15,2015/09/30 09:02:06,51386.000000
planetlab2.cs.unc.edu,planetlab2.cs.uoregon.edu,file512KB.txt,2015/09/30 09:02:06,2015/09/30 09:03:47,101175.000000
planetlab2.cs.unc.edu,planetlab2.cs.uoregon.edu,file1MB.txt,2015/09/30 09:03:47,2015/09/30 09:07:08,200965.000000
planetlab2.cs.uoregon.edu,planetlab2.cs.uoregon.edu,file32B.txt,2015/09/30 09:07:08,2015/09/30 09:07:08,3.000000
planetlab2.cs.uoregon.edu,planetlab2.cs.uoregon.edu,file1KB.txt,2015/09/30 09:07:08,2015/09/30 09:07:08,2.000000
planetlab2.cs.uoregon.edu,planetlab2.cs.uoregon.edu,file256KB.txt,2015/09/30 09:07:08,2015/09/30 09:07:08,32.000000
planetlab2.cs.uoregon.edu,planetlab2.cs.uoregon.edu,file512KB.txt,2015/09/30 09:07:08,2015/09/30 09:07:08,65.000000
planetlab2.cs.uoregon.edu,planetlab2.cs.uoregon.edu,file1MB.txt,2015/09/30 09:07:08,2015/09/30 09:07:08,116.000000
planetlab2.temple.edu,planetlab2.cs.uoregon.edu,file32B.txt,2015/09/30 09:07:08,2015/09/30 09:07:09,1075.000000
planetlab2.temple.edu,planetlab2.cs.uoregon.edu,file1KB.txt,2015/09/30 09:07:09,2015/09/30 09:07:09,615.000000
planetlab2.temple.edu,planetlab2.cs.uoregon.edu,file256KB.txt,2015/09/30 09:07:09,2015/09/30 09:07:54,44990.000000
planetlab2.temple.edu,planetlab2.cs.uoregon.edu,file512KB.txt,2015/09/30 09:07:54,2015/09/30 09:09:25,91914.000000
planetlab2.temple.edu,planetlab2.cs.uoregon.edu,file1MB.txt,2015/09/30 09:09:25,2015/09/30 09:12:24,178392.000000
planetlab2.unl.edu,planetlab2.cs.uoregon.edu,file32B.txt,2015/09/30 09:12:24,2015/09/30 09:12:24,350.000000
planetlab2.unl.edu,planetlab2.cs.uoregon.edu,file1KB.txt,2015/09/30 09:12:24,2015/09/30 09:12:25,1666.000000
planetlab2.unl.edu,planetlab2.cs.uoregon.edu,file256KB.txt,2015/09/30 09:12:25,2015/09/30 09:12:49,23398.000000
planetlab2.unl.edu,planetlab2.cs.uoregon.edu,file512KB.txt,2015/09/30 09:12:49,2015/09/30 09:13:38,48986.000000
planetlab2.unl.edu,planetlab2.cs.uoregon.edu,file1MB.txt,2015/09/30 09:13:38,2015/09/30 09:15:16,98215.000000
planetlab2.unr.edu,planetlab2.cs.uoregon.edu,file32B.txt,2015/09/30 09:15:16,2015/09/30 09:15:17,1643.000000
planetlab2.unr.edu,planetlab2.cs.uoregon.edu,file1KB.txt,2015/09/30 09:15:17,2015/09/30 09:15:17,210.000000
planetlab2.unr.edu,planetlab2.cs.uoregon.edu,file256KB.txt,2015/09/30 09:15:17,2015/09/30 09:15:32,14561.000000
planetlab2.unr.edu,planetlab2.cs.uoregon.edu,file512KB.txt,2015/09/30 09:15:32,2015/09/30 09:16:03,31213.000000
planetlab2.unr.edu,planetlab2.cs.uoregon.edu,file1MB.txt,2015/09/30 09:16:03,2015/09/30 09:17:04,60788.000000
planetlab2.uta.edu,planetlab2.cs.uoregon.edu,file32B.txt,2015/09/30 09:17:04,2015/09/30 09:17:05,1539.000000
planetlab2.uta.edu,planetlab2.cs.uoregon.edu,file1KB.txt,2015/09/30 09:17:05,2015/09/30 09:17:05,440.000000
planetlab2.uta.edu,planetlab2.cs.uoregon.edu,file256KB.txt,2015/09/30 09:17:05,2015/09/30 09:17:38,33574.000000
planetlab2.uta.edu,planetlab2.cs.uoregon.edu,file512KB.txt,2015/09/30 09:17:38,2015/09/30 09:18:42,63508.000000
planetlab2.uta.edu,planetlab2.cs.uoregon.edu,file1MB.txt,2015/09/30 09:18:42,2015/09/30 09:20:51,129348.000000
planetlab2.utdallas.edu,planetlab2.cs.uoregon.edu,file32B.txt,2015/09/30 09:20:51,2015/09/30 09:20:51,482.000000
planetlab2.utdallas.edu,planetlab2.cs.uoregon.edu,file1KB.txt,2015/09/30 09:20:51,2015/09/30 09:20:52,1536.000000
planetlab2.utdallas.edu,planetlab2.cs.uoregon.edu,file256KB.txt,2015/09/30 09:20:52,2015/09/30 09:21:26,33847.000000
planetlab2.utdallas.edu,planetlab2.cs.uoregon.edu,file512KB.txt,2015/09/30 09:21:26,2015/09/30 09:22:34,68001.000000
planetlab2.utdallas.edu,planetlab2.cs.uoregon.edu,file1MB.txt,2015/09/30 09:22:34,2015/09/30 09:24:50,-136238.000000
planetlab3.eecs.umich.edu,planetlab2.cs.uoregon.edu,file32B.txt,2015/09/30 09:24:50,2015/09/30 09:24:50,419.000000
planetlab3.eecs.umich.edu,planetlab2.cs.uoregon.edu,file1KB.txt,2015/09/30 09:24:50,2015/09/30 09:24:50,417.000000
planetlab3.eecs.umich.edu,planetlab2.cs.uoregon.edu,file256KB.txt,2015/09/30 09:24:50,2015/09/30 09:25:21,31227.000000
planetlab3.eecs.umich.edu,planetlab2.cs.uoregon.edu,file512KB.txt,2015/09/30 09:25:21,2015/09/30 09:26:22,60785.000000
planetlab3.eecs.umich.edu,planetlab2.cs.uoregon.edu,file1MB.txt,2015/09/30 09:26:22,2015/09/30 09:28:25,123872.000000
planetlab3.rutgers.edu,planetlab2.cs.uoregon.edu,file32B.txt,2015/09/30 09:28:25,2015/09/30 09:28:25,744.000000
planetlab3.rutgers.edu,planetlab2.cs.uoregon.edu,file1KB.txt,2015/09/30 09:28:25,2015/09/30 09:28:26,1301.000000
planetlab3.rutgers.edu,planetlab2.cs.uoregon.edu,file256KB.txt,2015/09/30 09:28:26,2015/09/30 09:29:17,50641.000000
planetlab3.rutgers.edu,planetlab2.cs.uoregon.edu,file512KB.txt,2015/09/30 09:29:17,2015/09/30 09:31:00,102881.000000
planetlab3.rutgers.edu,planetlab2.cs.uoregon.edu,file1MB.txt,2015/09/30 09:31:00,2015/09/30 09:34:24,204232.000000
planetlab3.wail.wisc.edu,planetlab2.cs.uoregon.edu,file32B.txt,2015/09/30 09:34:24,2015/09/30 09:34:25,1405.000000
planetlab3.wail.wisc.edu,planetlab2.cs.uoregon.edu,file1KB.txt,2015/09/30 09:34:25,2015/09/30 09:34:25,503.000000
planetlab3.wail.wisc.edu,planetlab2.cs.uoregon.edu,file256KB.txt,2015/09/30 09:34:25,2015/09/30 09:35:02,36875.000000
planetlab3.wail.wisc.edu,planetlab2.cs.uoregon.edu,file512KB.txt,2015/09/30 09:35:02,2015/09/30 09:36:17,75871.000000
planetlab3.wail.wisc.edu,planetlab2.cs.uoregon.edu,file1MB.txt,2015/09/30 09:36:17,2015/09/30 09:38:44,146741.000000
planetlab4.tamu.edu,planetlab2.cs.uoregon.edu,file32B.txt,2015/09/30 09:38:44,2015/09/30 09:38:44,544.000000
planetlab4.tamu.edu,planetlab2.cs.uoregon.edu,file1KB.txt,2015/09/30 09:38:44,2015/09/30 09:38:45,1561.000000
planetlab4.tamu.edu,planetlab2.cs.uoregon.edu,file256KB.txt,2015/09/30 09:38:45,2015/09/30 09:39:17,31756.000000
planetlab4.tamu.edu,planetlab2.cs.uoregon.edu,file512KB.txt,2015/09/30 09:39:17,2015/09/30 09:40:21,63760.000000
planetlab4.tamu.edu,planetlab2.cs.uoregon.edu,file1MB.txt,2015/09/30 09:40:21,2015/09/30 09:42:29,128136.000000
planetlab-5.eecs.cwru.edu,planetlab2.cs.uoregon.edu,file32B.txt,2015/09/30 09:42:29,2015/09/30 09:42:30,1268.000000
planetlab-5.eecs.cwru.edu,planetlab2.cs.uoregon.edu,file1KB.txt,2015/09/30 09:42:30,2015/09/30 09:42:31,1408.000000
planetlab-5.eecs.cwru.edu,planetlab2.cs.uoregon.edu,file256KB.txt,2015/09/30 09:42:31,2015/09/30 09:43:14,42355.000000
planetlab-5.eecs.cwru.edu,planetlab2.cs.uoregon.edu,file512KB.txt,2015/09/30 09:43:14,2015/09/30 09:44:41,87114.000000
planetlab-5.eecs.cwru.edu,planetlab2.cs.uoregon.edu,file1MB.txt,2015/09/30 09:44:41,2015/09/30 09:47:35,174472.000000
planetlabone.ccs.neu.edu,planetlab2.cs.uoregon.edu,file32B.txt,2015/09/30 09:47:35,2015/09/30 09:47:35,698.000000
planetlabone.ccs.neu.edu,planetlab2.cs.uoregon.edu,file1KB.txt,2015/09/30 09:47:35,2015/09/30 09:47:36,1140.000000
planetlabone.ccs.neu.edu,planetlab2.cs.uoregon.edu,file256KB.txt,2015/09/30 09:47:36,2015/09/30 09:49:00,83681.000000
planetlabone.ccs.neu.edu,planetlab2.cs.uoregon.edu,file512KB.txt,2015/09/30 09:49:00,2015/09/30 09:52:00,180557.000000
planetlabone.ccs.neu.edu,planetlab2.cs.uoregon.edu,file1MB.txt,2015/09/30 09:52:00,2015/09/30 09:56:13,252520.000000
pl-node-0.csl.sri.com,planetlab2.cs.uoregon.edu,file32B.txt,2015/09/30 09:56:13,2015/09/30 09:56:14,1778.000000
pl-node-0.csl.sri.com,planetlab2.cs.uoregon.edu,file1KB.txt,2015/09/30 09:56:14,2015/09/30 09:56:14,364.000000
pl-node-0.csl.sri.com,planetlab2.cs.uoregon.edu,file256KB.txt,2015/09/30 09:56:14,2015/09/30 09:56:29,15324.000000
pl-node-0.csl.sri.com,planetlab2.cs.uoregon.edu,file512KB.txt,2015/09/30 09:56:29,2015/09/30 09:56:58,28475.000000
pl-node-0.csl.sri.com,planetlab2.cs.uoregon.edu,file1MB.txt,2015/09/30 09:56:58,2015/09/30 09:57:57,59309.000000
ricepl-5.cs.rice.edu,planetlab2.cs.uoregon.edu,file32B.txt,2015/09/30 09:57:57,2015/09/30 09:57:57,349.000000
ricepl-5.cs.rice.edu,planetlab2.cs.uoregon.edu,file1KB.txt,2015/09/30 09:57:57,2015/09/30 09:57:58,1592.000000
ricepl-5.cs.rice.edu,planetlab2.cs.uoregon.edu,file256KB.txt,2015/09/30 09:57:58,2015/09/30 09:58:28,30270.000000
ricepl-5.cs.rice.edu,planetlab2.cs.uoregon.edu,file512KB.txt,2015/09/30 09:58:28,2015/09/30 09:59:27,58851.000000
ricepl-5.cs.rice.edu,planetlab2.cs.uoregon.edu,file1MB.txt,2015/09/30 09:59:27,2015/09/30 10:01:26,119111.000000
salt.planetlab.cs.umd.edu,planetlab2.cs.uoregon.edu,file32B.txt,2015/09/30 10:01:26,2015/09/30 10:01:26,792.000000
salt.planetlab.cs.umd.edu,planetlab2.cs.uoregon.edu,file1KB.txt,2015/09/30 10:01:26,2015/09/30 10:01:27,1329.000000
salt.planetlab.cs.umd.edu,planetlab2.cs.uoregon.edu,file256KB.txt,2015/09/30 10:01:27,2015/09/30 10:02:16,48630.000000
salt.planetlab.cs.umd.edu,planetlab2.cs.uoregon.edu,file512KB.txt,2015/09/30 10:02:16,2015/09/30 10:03:55,99773.000000
salt.planetlab.cs.umd.edu,planetlab2.cs.uoregon.edu,file1MB.txt,2015/09/30 10:03:55,2015/09/30 10:07:11,195992.000000
pl1.eecs.utk.edu,planetlab2.cs.uoregon.edu,file32B.txt,2015/09/30 10:07:11,2015/09/30 10:07:13,2052.000000
pl1.eecs.utk.edu,planetlab2.cs.uoregon.edu,file1KB.txt,2015/09/30 10:07:13,2015/09/30 10:07:16,2772.000000
pl1.eecs.utk.edu,planetlab2.cs.uoregon.edu,file256KB.txt,2015/09/30 10:07:16,2015/09/30 10:13:11,355169.000000
pl1.eecs.utk.edu,planetlab2.cs.uoregon.edu,file512KB.txt,2015/09/30 10:13:11,2015/09/30 10:23:05,594021.000000
pl1.eecs.utk.edu,planetlab2.cs.uoregon.edu,file1MB.txt,2015/09/30 10:23:05,2015/09/30 10:32:46,580768.000000
planetlab-01.vt.nodes.planet-lab.org,planetlab2.cs.uoregon.edu,file32B.txt,2015/09/30 10:32:46,2015/09/30 10:32:47,1171.000000
planetlab-01.vt.nodes.planet-lab.org,planetlab2.cs.uoregon.edu,file1KB.txt,2015/09/30 10:32:47,2015/09/30 10:32:48,1367.000000
planetlab-01.vt.nodes.planet-lab.org,planetlab2.cs.uoregon.edu,file256KB.txt,2015/09/30 10:32:48,2015/09/30 10:33:35,46849.000000
planetlab-01.vt.nodes.planet-lab.org,planetlab2.cs.uoregon.edu,file512KB.txt,2015/09/30 10:33:35,2015/09/30 10:35:08,92476.000000
planetlab-01.vt.nodes.planet-lab.org,planetlab2.cs.uoregon.edu,file1MB.txt,2015/09/30 10:35:08,2015/09/30 10:38:14,-186732.000000
planetlab-04.vt.nodes.planet-lab.org,planetlab2.cs.uoregon.edu,file32B.txt,2015/09/30 10:38:14,2015/09/30 10:38:14,752.000000
planetlab-04.vt.nodes.planet-lab.org,planetlab2.cs.uoregon.edu,file1KB.txt,2015/09/30 10:38:14,2015/09/30 10:38:15,1358.000000
planetlab-04.vt.nodes.planet-lab.org,planetlab2.cs.uoregon.edu,file256KB.txt,2015/09/30 10:38:15,2015/09/30 10:39:03,48436.000000
planetlab-04.vt.nodes.planet-lab.org,planetlab2.cs.uoregon.edu,file512KB.txt,2015/09/30 10:39:03,2015/09/30 10:40:36,92107.000000
planetlab-04.vt.nodes.planet-lab.org,planetlab2.cs.uoregon.edu,file1MB.txt,2015/09/30 10:40:36,2015/09/30 10:43:43,187592.000000
planetlab-4.eecs.cwru.edu,planetlab2.cs.uoregon.edu,file32B.txt,2015/09/30 10:43:43,2015/09/30 10:43:44,1302.000000
planetlab-4.eecs.cwru.edu,planetlab2.cs.uoregon.edu,file1KB.txt,2015/09/30 10:43:44,2015/09/30 10:43:44,592.000000
planetlab-4.eecs.cwru.edu,planetlab2.cs.uoregon.edu,file256KB.txt,2015/09/30 10:43:44,2015/09/30 10:44:28,44366.000000
planetlab-4.eecs.cwru.edu,planetlab2.cs.uoregon.edu,file512KB.txt,2015/09/30 10:44:28,2015/09/30 10:45:55,87097.000000
planetlab-4.eecs.cwru.edu,planetlab2.cs.uoregon.edu,file1MB.txt,2015/09/30 10:45:55,2015/09/30 10:48:48,172710.000000
planetlab01.cs.washington.edu,planetlab2.cs.uoregon.edu,file32B.txt,2015/09/30 10:48:48,2015/09/30 10:48:48,182.000000
planetlab01.cs.washington.edu,planetlab2.cs.uoregon.edu,file1KB.txt,2015/09/30 10:48:48,2015/09/30 10:48:48,56.000000
planetlab01.cs.washington.edu,planetlab2.cs.uoregon.edu,file256KB.txt,2015/09/30 10:48:48,2015/09/30 10:48:52,4205.000000
planetlab01.cs.washington.edu,planetlab2.cs.uoregon.edu,file512KB.txt,2015/09/30 10:48:52,2015/09/30 10:49:00,7961.000000
planetlab01.cs.washington.edu,planetlab2.cs.uoregon.edu,file1MB.txt,2015/09/30 10:49:00,2015/09/30 10:49:16,16087.000000
planetlab02.cs.washington.edu,planetlab2.cs.uoregon.edu,file32B.txt,2015/09/30 10:49:16,2015/09/30 10:49:16,45.000000
planetlab02.cs.washington.edu,planetlab2.cs.uoregon.edu,file1KB.txt,2015/09/30 10:49:16,2015/09/30 10:49:16,52.000000
planetlab02.cs.washington.edu,planetlab2.cs.uoregon.edu,file256KB.txt,2015/09/30 10:49:16,2015/09/30 10:49:20,3946.000000
planetlab02.cs.washington.edu,planetlab2.cs.uoregon.edu,file512KB.txt,2015/09/30 10:49:20,2015/09/30 10:49:28,7897.000000
planetlab02.cs.washington.edu,planetlab2.cs.uoregon.edu,file1MB.txt,2015/09/30 10:49:28,2015/09/30 10:49:43,14958.000000
planetlab1.arizona-gigapop.net,planetlab2.cs.uoregon.edu,file32B.txt,2015/09/30 10:49:43,2015/09/30 10:49:43,217.000000
planetlab1.arizona-gigapop.net,planetlab2.cs.uoregon.edu,file1KB.txt,2015/09/30 10:49:43,2015/09/30 10:49:44,1746.000000
planetlab1.arizona-gigapop.net,planetlab2.cs.uoregon.edu,file256KB.txt,2015/09/30 10:49:44,2015/09/30 10:50:02,17393.000000
planetlab1.arizona-gigapop.net,planetlab2.cs.uoregon.edu,file512KB.txt,2015/09/30 10:50:02,2015/09/30 10:50:39,36861.000000
planetlab1.arizona-gigapop.net,planetlab2.cs.uoregon.edu,file1MB.txt,2015/09/30 10:50:39,2015/09/30 10:51:53,74180.000000
planetlab1.cs.unc.edu,planetlab2.cs.uoregon.edu,file32B.txt,2015/09/30 10:51:53,2015/09/30 10:51:54,1417.000000
planetlab1.cs.unc.edu,planetlab2.cs.uoregon.edu,file1KB.txt,2015/09/30 10:51:54,2015/09/30 10:51:55,1325.000000
planetlab1.cs.unc.edu,planetlab2.cs.uoregon.edu,file256KB.txt,2015/09/30 10:51:55,2015/09/30 10:52:45,50048.000000
planetlab1.cs.unc.edu,planetlab2.cs.uoregon.edu,file512KB.txt,2015/09/30 10:52:45,2015/09/30 10:54:24,98498.000000
planetlab1.cs.unc.edu,planetlab2.cs.uoregon.edu,file1MB.txt,2015/09/30 10:54:24,2015/09/30 10:57:42,197583.000000
