ebb.colgate.edu,planetlab-1.cse.ohio-state.edu,file32B.txt,2015/09/30 04:59:46,2015/09/30 05:00:03,17292.000000
ebb.colgate.edu,planetlab-1.cse.ohio-state.edu,file1KB.txt,2015/09/30 05:00:03,2015/09/30 05:01:10,67307.000000
ebb.colgate.edu,planetlab-1.cse.ohio-state.edu,file256KB.txt,2015/09/30 05:01:10,2015/09/30 05:30:26,1755771.000000
ebb.colgate.edu,planetlab-1.cse.ohio-state.edu,file512KB.txt,2015/09/30 05:30:26,2015/09/30 06:39:48,133392.000000
ebb.colgate.edu,planetlab-1.cse.ohio-state.edu,file1MB.txt,2015/09/30 06:39:48,2015/09/30 08:13:42,-1339631.000000
kc-sce-plab2.umkc.edu,planetlab-1.cse.ohio-state.edu,file32B.txt,2015/09/30 08:13:42,2015/09/30 08:13:45,2363.000000
kc-sce-plab2.umkc.edu,planetlab-1.cse.ohio-state.edu,file1KB.txt,2015/09/30 08:13:45,2015/09/30 08:13:48,3436.000000
kc-sce-plab2.umkc.edu,planetlab-1.cse.ohio-state.edu,file256KB.txt,2015/09/30 08:13:48,2015/09/30 08:15:16,88345.000000
kc-sce-plab2.umkc.edu,planetlab-1.cse.ohio-state.edu,file512KB.txt,2015/09/30 08:15:16,2015/09/30 08:18:07,170579.000000
kc-sce-plab2.umkc.edu,planetlab-1.cse.ohio-state.edu,file1MB.txt,2015/09/30 08:18:07,2015/09/30 08:24:04,356926.000000
node1.planetlab.mathcs.emory.edu,planetlab-1.cse.ohio-state.edu,file32B.txt,2015/09/30 08:24:04,2015/09/30 08:24:05,807.000000
node1.planetlab.mathcs.emory.edu,planetlab-1.cse.ohio-state.edu,file1KB.txt,2015/09/30 08:24:05,2015/09/30 08:24:07,2485.000000
node1.planetlab.mathcs.emory.edu,planetlab-1.cse.ohio-state.edu,file256KB.txt,2015/09/30 08:24:07,2015/09/30 08:25:44,97206.000000
node1.planetlab.mathcs.emory.edu,planetlab-1.cse.ohio-state.edu,file512KB.txt,2015/09/30 08:25:44,2015/09/30 08:27:20,96202.000000
node1.planetlab.mathcs.emory.edu,planetlab-1.cse.ohio-state.edu,file1MB.txt,2015/09/30 08:27:20,2015/09/30 08:32:36,315260.000000
pl3.cs.unm.edu,planetlab-1.cse.ohio-state.edu,file32B.txt,2015/09/30 08:32:58,2015/09/30 08:32:59,658.000000
pl3.cs.unm.edu,planetlab-1.cse.ohio-state.edu,file1KB.txt,2015/09/30 08:32:59,2015/09/30 08:33:01,2564.000000
pl3.cs.unm.edu,planetlab-1.cse.ohio-state.edu,file256KB.txt,2015/09/30 08:33:01,2015/09/30 08:33:50,48848.000000
pl3.cs.unm.edu,planetlab-1.cse.ohio-state.edu,file512KB.txt,2015/09/30 08:33:50,2015/09/30 08:36:30,159503.000000
pl3.cs.unm.edu,planetlab-1.cse.ohio-state.edu,file1MB.txt,2015/09/30 08:36:30,2015/09/30 08:41:33,303221.000000
plab3.eece.ksu.edu,planetlab-1.cse.ohio-state.edu,file32B.txt,2015/09/30 08:41:33,2015/09/30 08:41:34,1104.000000
plab3.eece.ksu.edu,planetlab-1.cse.ohio-state.edu,file1KB.txt,2015/09/30 08:41:34,2015/09/30 08:41:35,1231.000000
plab3.eece.ksu.edu,planetlab-1.cse.ohio-state.edu,file256KB.txt,2015/09/30 08:41:35,2015/09/30 08:42:28,52513.000000
plab3.eece.ksu.edu,planetlab-1.cse.ohio-state.edu,file512KB.txt,2015/09/30 08:42:28,2015/09/30 08:44:51,142847.000000
plab3.eece.ksu.edu,planetlab-1.cse.ohio-state.edu,file1MB.txt,2015/09/30 08:44:51,2015/09/30 08:53:52,540913.000000
planetlab-02.bu.edu,planetlab-1.cse.ohio-state.edu,file32B.txt,2015/09/30 08:53:53,2015/09/30 08:53:54,1247.000000
planetlab-02.bu.edu,planetlab-1.cse.ohio-state.edu,file1KB.txt,2015/09/30 08:53:54,2015/09/30 08:53:55,808.000000
planetlab-02.bu.edu,planetlab-1.cse.ohio-state.edu,file256KB.txt,2015/09/30 08:53:55,2015/09/30 08:55:37,102098.000000
planetlab-02.bu.edu,planetlab-1.cse.ohio-state.edu,file512KB.txt,2015/09/30 08:55:37,2015/09/30 08:58:41,184073.000000
planetlab-02.bu.edu,planetlab-1.cse.ohio-state.edu,file1MB.txt,2015/09/30 08:58:41,2015/09/30 09:02:23,222189.000000
planetlab1.cs.du.edu,planetlab-1.cse.ohio-state.edu,file32B.txt,2015/09/30 09:02:45,2015/09/30 09:02:46,939.000000
planetlab1.cs.du.edu,planetlab-1.cse.ohio-state.edu,file1KB.txt,2015/09/30 09:02:46,2015/09/30 09:02:47,734.000000
planetlab1.cs.du.edu,planetlab-1.cse.ohio-state.edu,file256KB.txt,2015/09/30 09:02:47,2015/09/30 09:03:39,51947.000000
planetlab1.cs.du.edu,planetlab-1.cse.ohio-state.edu,file512KB.txt,2015/09/30 09:03:39,2015/09/30 09:06:15,156240.000000
planetlab1.cs.du.edu,planetlab-1.cse.ohio-state.edu,file1MB.txt,2015/09/30 09:06:15,2015/09/30 09:12:10,355323.000000
planetlab-1.cse.ohio-state.edu,planetlab-1.cse.ohio-state.edu,file32B.txt,2015/09/30 09:12:10,2015/09/30 09:12:11,1315.000000
planetlab-1.cse.ohio-state.edu,planetlab-1.cse.ohio-state.edu,file1KB.txt,2015/09/30 09:12:11,2015/09/30 09:12:12,1076.000000
planetlab-1.cse.ohio-state.edu,planetlab-1.cse.ohio-state.edu,file256KB.txt,2015/09/30 09:12:12,2015/09/30 09:13:14,61773.000000
planetlab-1.cse.ohio-state.edu,planetlab-1.cse.ohio-state.edu,file512KB.txt,2015/09/30 09:13:14,2015/09/30 09:15:54,160322.000000
planetlab-1.cse.ohio-state.edu,planetlab-1.cse.ohio-state.edu,file1MB.txt,2015/09/30 09:15:54,2015/09/30 09:20:19,264360.000000
planetlab1.cs.okstate.edu,planetlab-1.cse.ohio-state.edu,file32B.txt,2015/09/30 09:20:19,2015/09/30 09:20:20,1306.000000
planetlab1.cs.okstate.edu,planetlab-1.cse.ohio-state.edu,file1KB.txt,2015/09/30 09:20:20,2015/09/30 09:20:21,1033.000000
planetlab1.cs.okstate.edu,planetlab-1.cse.ohio-state.edu,file256KB.txt,2015/09/30 09:20:21,2015/09/30 09:21:05,44060.000000
planetlab1.cs.okstate.edu,planetlab-1.cse.ohio-state.edu,file512KB.txt,2015/09/30 09:21:05,2015/09/30 09:23:25,140040.000000
planetlab1.cs.okstate.edu,planetlab-1.cse.ohio-state.edu,file1MB.txt,2015/09/30 09:23:25,2015/09/30 09:27:06,-220390.000000
planetlab1.cs.ucla.edu,planetlab-1.cse.ohio-state.edu,file32B.txt,2015/09/30 09:27:06,2015/09/30 09:27:07,1166.000000
planetlab1.cs.ucla.edu,planetlab-1.cse.ohio-state.edu,file1KB.txt,2015/09/30 09:27:07,2015/09/30 09:27:08,1134.000000
planetlab1.cs.ucla.edu,planetlab-1.cse.ohio-state.edu,file256KB.txt,2015/09/30 09:27:08,2015/09/30 09:28:00,52339.000000
planetlab1.cs.ucla.edu,planetlab-1.cse.ohio-state.edu,file512KB.txt,2015/09/30 09:28:00,2015/09/30 09:30:41,160358.000000
planetlab1.cs.ucla.edu,planetlab-1.cse.ohio-state.edu,file1MB.txt,2015/09/30 09:30:41,2015/09/30 09:37:28,407400.000000
planetlab1.csuohio.edu,planetlab-1.cse.ohio-state.edu,file32B.txt,2015/09/30 09:37:28,2015/09/30 09:37:29,1032.000000
planetlab1.csuohio.edu,planetlab-1.cse.ohio-state.edu,file1KB.txt,2015/09/30 09:37:29,2015/09/30 09:37:30,1231.000000
planetlab1.csuohio.edu,planetlab-1.cse.ohio-state.edu,file256KB.txt,2015/09/30 09:37:30,2015/09/30 09:38:10,39524.000000
planetlab1.csuohio.edu,planetlab-1.cse.ohio-state.edu,file512KB.txt,2015/09/30 09:38:10,2015/09/30 09:40:18,128487.000000
planetlab1.csuohio.edu,planetlab-1.cse.ohio-state.edu,file1MB.txt,2015/09/30 09:40:18,2015/09/30 09:44:39,260534.000000
planetlab1.ucsd.edu,planetlab-1.cse.ohio-state.edu,file32B.txt,2015/09/30 09:45:01,2015/09/30 09:45:02,1118.000000
planetlab1.ucsd.edu,planetlab-1.cse.ohio-state.edu,file1KB.txt,2015/09/30 09:45:02,2015/09/30 09:45:03,903.000000
planetlab1.ucsd.edu,planetlab-1.cse.ohio-state.edu,file256KB.txt,2015/09/30 09:45:03,2015/09/30 09:46:30,86765.000000
planetlab1.ucsd.edu,planetlab-1.cse.ohio-state.edu,file512KB.txt,2015/09/30 09:46:30,2015/09/30 09:48:09,99235.000000
planetlab1.ucsd.edu,planetlab-1.cse.ohio-state.edu,file1MB.txt,2015/09/30 09:48:09,2015/09/30 09:53:56,347174.000000
planetlab2.acis.ufl.edu,planetlab-1.cse.ohio-state.edu,file32B.txt,2015/09/30 09:53:56,2015/09/30 09:53:57,1082.000000
planetlab2.acis.ufl.edu,planetlab-1.cse.ohio-state.edu,file1KB.txt,2015/09/30 09:53:57,2015/09/30 09:53:57,795.000000
planetlab2.acis.ufl.edu,planetlab-1.cse.ohio-state.edu,file256KB.txt,2015/09/30 09:53:57,2015/09/30 09:55:16,79737.000000
planetlab2.acis.ufl.edu,planetlab-1.cse.ohio-state.edu,file512KB.txt,2015/09/30 09:55:16,2015/09/30 09:56:27,70449.000000
planetlab2.acis.ufl.edu,planetlab-1.cse.ohio-state.edu,file1MB.txt,2015/09/30 09:56:27,2015/09/30 10:01:54,327459.000000
planetlab2.arizona-gigapop.net,planetlab-1.cse.ohio-state.edu,file32B.txt,2015/09/30 10:01:54,2015/09/30 10:01:55,1106.000000
planetlab2.arizona-gigapop.net,planetlab-1.cse.ohio-state.edu,file1KB.txt,2015/09/30 10:01:55,2015/09/30 10:01:55,832.000000
planetlab2.arizona-gigapop.net,planetlab-1.cse.ohio-state.edu,file256KB.txt,2015/09/30 10:01:55,2015/09/30 10:02:40,45005.000000
planetlab2.arizona-gigapop.net,planetlab-1.cse.ohio-state.edu,file512KB.txt,2015/09/30 10:02:40,2015/09/30 10:12:11,571779.000000
planetlab2.arizona-gigapop.net,planetlab-1.cse.ohio-state.edu,file1MB.txt,2015/09/30 10:12:11,2015/09/30 10:16:09,238037.000000
planetlab2.citadel.edu,planetlab-1.cse.ohio-state.edu,file32B.txt,2015/09/30 10:16:09,2015/09/30 10:16:09,654.000000
planetlab2.citadel.edu,planetlab-1.cse.ohio-state.edu,file1KB.txt,2015/09/30 10:16:09,2015/09/30 10:16:10,1118.000000
planetlab2.citadel.edu,planetlab-1.cse.ohio-state.edu,file256KB.txt,2015/09/30 10:16:10,2015/09/30 10:17:35,84863.000000
planetlab2.citadel.edu,planetlab-1.cse.ohio-state.edu,file512KB.txt,2015/09/30 10:17:35,2015/09/30 10:19:45,130431.000000
planetlab2.citadel.edu,planetlab-1.cse.ohio-state.edu,file1MB.txt,2015/09/30 10:19:45,2015/09/30 10:23:15,210200.000000
planetlab2.cs.pitt.edu,planetlab-1.cse.ohio-state.edu,file32B.txt,2015/09/30 10:23:15,2015/09/30 10:23:15,647.000000
planetlab2.cs.pitt.edu,planetlab-1.cse.ohio-state.edu,file1KB.txt,2015/09/30 10:23:15,2015/09/30 10:23:16,1557.000000
planetlab2.cs.pitt.edu,planetlab-1.cse.ohio-state.edu,file256KB.txt,2015/09/30 10:23:16,2015/09/30 10:23:45,28538.000000
planetlab2.cs.pitt.edu,planetlab-1.cse.ohio-state.edu,file512KB.txt,2015/09/30 10:23:45,2015/09/30 10:24:37,52774.000000
planetlab2.cs.pitt.edu,planetlab-1.cse.ohio-state.edu,file1MB.txt,2015/09/30 10:24:37,2015/09/30 10:29:03,266092.000000
planetlab2.cs.purdue.edu,planetlab-1.cse.ohio-state.edu,file32B.txt,2015/09/30 10:29:03,2015/09/30 10:29:03,561.000000
planetlab2.cs.purdue.edu,planetlab-1.cse.ohio-state.edu,file1KB.txt,2015/09/30 10:29:03,2015/09/30 10:29:04,1487.000000
planetlab2.cs.purdue.edu,planetlab-1.cse.ohio-state.edu,file256KB.txt,2015/09/30 10:29:04,2015/09/30 10:29:32,27473.000000
planetlab2.cs.purdue.edu,planetlab-1.cse.ohio-state.edu,file512KB.txt,2015/09/30 10:29:32,2015/09/30 10:31:34,122440.000000
planetlab2.cs.purdue.edu,planetlab-1.cse.ohio-state.edu,file1MB.txt,2015/09/30 10:31:34,2015/09/30 10:33:52,137414.000000
planetlab2.cs.uml.edu,planetlab-1.cse.ohio-state.edu,file32B.txt,2015/09/30 10:35:04,2015/09/30 10:35:05,1166.000000
planetlab2.cs.uml.edu,planetlab-1.cse.ohio-state.edu,file1KB.txt,2015/09/30 10:35:05,2015/09/30 10:35:06,908.000000
planetlab2.cs.uml.edu,planetlab-1.cse.ohio-state.edu,file256KB.txt,2015/09/30 10:35:06,2015/09/30 10:35:49,42897.000000
planetlab2.cs.uml.edu,planetlab-1.cse.ohio-state.edu,file512KB.txt,2015/09/30 10:35:49,2015/09/30 10:37:02,-73157.000000
planetlab2.cs.uml.edu,planetlab-1.cse.ohio-state.edu,file1MB.txt,2015/09/30 10:37:02,2015/09/30 10:42:22,320284.000000
planetlab2.cs.unc.edu,planetlab-1.cse.ohio-state.edu,file32B.txt,2015/09/30 10:42:22,2015/09/30 10:42:22,660.000000
planetlab2.cs.unc.edu,planetlab-1.cse.ohio-state.edu,file1KB.txt,2015/09/30 10:42:22,2015/09/30 10:42:23,1212.000000
planetlab2.cs.unc.edu,planetlab-1.cse.ohio-state.edu,file256KB.txt,2015/09/30 10:42:23,2015/09/30 10:42:55,31847.000000
planetlab2.cs.unc.edu,planetlab-1.cse.ohio-state.edu,file512KB.txt,2015/09/30 10:42:55,2015/09/30 10:45:15,140198.000000
planetlab2.cs.unc.edu,planetlab-1.cse.ohio-state.edu,file1MB.txt,2015/09/30 10:45:15,2015/09/30 10:48:38,203423.000000
planetlab2.cs.uoregon.edu,planetlab-1.cse.ohio-state.edu,file32B.txt,2015/09/30 10:48:38,2015/09/30 10:48:39,1125.000000
planetlab2.cs.uoregon.edu,planetlab-1.cse.ohio-state.edu,file1KB.txt,2015/09/30 10:48:39,2015/09/30 10:48:39,793.000000
planetlab2.cs.uoregon.edu,planetlab-1.cse.ohio-state.edu,file256KB.txt,2015/09/30 10:48:39,2015/09/30 10:50:01,82057.000000
planetlab2.cs.uoregon.edu,planetlab-1.cse.ohio-state.edu,file512KB.txt,2015/09/30 10:50:01,2015/09/30 10:51:52,111475.000000
planetlab2.cs.uoregon.edu,planetlab-1.cse.ohio-state.edu,file1MB.txt,2015/09/30 10:51:52,2015/09/30 10:59:40,467767.000000
planetlab2.temple.edu,planetlab-1.cse.ohio-state.edu,file32B.txt,2015/09/30 10:59:40,2015/09/30 10:59:41,1072.000000
planetlab2.temple.edu,planetlab-1.cse.ohio-state.edu,file1KB.txt,2015/09/30 10:59:41,2015/09/30 10:59:42,1038.000000
planetlab2.temple.edu,planetlab-1.cse.ohio-state.edu,file256KB.txt,2015/09/30 10:59:42,2015/09/30 11:01:43,121297.000000
planetlab2.temple.edu,planetlab-1.cse.ohio-state.edu,file512KB.txt,2015/09/30 11:01:43,2015/09/30 11:03:27,103773.000000
planetlab2.temple.edu,planetlab-1.cse.ohio-state.edu,file1MB.txt,2015/09/30 11:03:27,2015/09/30 11:08:39,311621.000000
planetlab2.unl.edu,planetlab-1.cse.ohio-state.edu,file32B.txt,2015/09/30 11:08:39,2015/09/30 11:08:40,1114.000000
planetlab2.unl.edu,planetlab-1.cse.ohio-state.edu,file1KB.txt,2015/09/30 11:08:40,2015/09/30 11:08:41,953.000000
planetlab2.unl.edu,planetlab-1.cse.ohio-state.edu,file256KB.txt,2015/09/30 11:08:41,2015/09/30 11:09:27,46105.000000
planetlab2.unl.edu,planetlab-1.cse.ohio-state.edu,file512KB.txt,2015/09/30 11:09:27,2015/09/30 11:11:45,138402.000000
planetlab2.unl.edu,planetlab-1.cse.ohio-state.edu,file1MB.txt,2015/09/30 11:11:45,2015/09/30 11:18:28,402683.000000
planetlab2.unr.edu,planetlab-1.cse.ohio-state.edu,file32B.txt,2015/09/30 11:18:28,2015/09/30 11:18:30,2586.000000
planetlab2.unr.edu,planetlab-1.cse.ohio-state.edu,file1KB.txt,2015/09/30 11:18:30,2015/09/30 11:18:31,833.000000
planetlab2.unr.edu,planetlab-1.cse.ohio-state.edu,file256KB.txt,2015/09/30 11:18:31,2015/09/30 11:20:18,107081.000000
planetlab2.unr.edu,planetlab-1.cse.ohio-state.edu,file512KB.txt,2015/09/30 11:20:18,2015/09/30 11:22:15,116895.000000
planetlab2.unr.edu,planetlab-1.cse.ohio-state.edu,file1MB.txt,2015/09/30 11:22:15,2015/09/30 11:47:44,1529069.000000
planetlab2.uta.edu,planetlab-1.cse.ohio-state.edu,file32B.txt,2015/09/30 11:47:44,2015/09/30 11:47:47,2928.000000
planetlab2.uta.edu,planetlab-1.cse.ohio-state.edu,file1KB.txt,2015/09/30 11:47:47,2015/09/30 11:47:47,728.000000
planetlab2.uta.edu,planetlab-1.cse.ohio-state.edu,file256KB.txt,2015/09/30 11:47:47,2015/09/30 11:49:19,-92468.000000
planetlab2.uta.edu,planetlab-1.cse.ohio-state.edu,file512KB.txt,2015/09/30 11:49:19,2015/09/30 11:50:58,98746.000000
planetlab2.uta.edu,planetlab-1.cse.ohio-state.edu,file1MB.txt,2015/09/30 11:50:58,2015/09/30 11:56:59,360785.000000
planetlab2.utdallas.edu,planetlab-1.cse.ohio-state.edu,file32B.txt,2015/09/30 11:56:59,2015/09/30 11:57:01,2823.000000
planetlab2.utdallas.edu,planetlab-1.cse.ohio-state.edu,file1KB.txt,2015/09/30 11:57:01,2015/09/30 11:57:02,637.000000
planetlab2.utdallas.edu,planetlab-1.cse.ohio-state.edu,file256KB.txt,2015/09/30 11:57:02,2015/09/30 11:57:57,54693.000000
planetlab2.utdallas.edu,planetlab-1.cse.ohio-state.edu,file512KB.txt,2015/09/30 11:57:57,2015/09/30 12:00:17,140190.000000
planetlab2.utdallas.edu,planetlab-1.cse.ohio-state.edu,file1MB.txt,2015/09/30 12:00:17,2015/09/30 12:07:26,429543.000000
planetlab3.eecs.umich.edu,planetlab-1.cse.ohio-state.edu,file32B.txt,2015/09/30 12:07:26,2015/09/30 12:07:28,1714.000000
planetlab3.eecs.umich.edu,planetlab-1.cse.ohio-state.edu,file1KB.txt,2015/09/30 12:07:28,2015/09/30 12:07:32,3988.000000
planetlab3.eecs.umich.edu,planetlab-1.cse.ohio-state.edu,file256KB.txt,2015/09/30 12:07:32,2015/09/30 12:08:42,69590.000000
planetlab3.eecs.umich.edu,planetlab-1.cse.ohio-state.edu,file512KB.txt,2015/09/30 12:08:42,2015/09/30 12:12:20,218075.000000
planetlab3.eecs.umich.edu,planetlab-1.cse.ohio-state.edu,file1MB.txt,2015/09/30 12:12:20,2015/09/30 12:23:38,677785.000000
planetlab3.rutgers.edu,planetlab-1.cse.ohio-state.edu,file32B.txt,2015/09/30 12:23:38,2015/09/30 12:23:39,1194.000000
planetlab3.rutgers.edu,planetlab-1.cse.ohio-state.edu,file1KB.txt,2015/09/30 12:23:39,2015/09/30 12:23:40,1340.000000
planetlab3.rutgers.edu,planetlab-1.cse.ohio-state.edu,file256KB.txt,2015/09/30 12:23:40,2015/09/30 12:24:26,46112.000000
planetlab3.rutgers.edu,planetlab-1.cse.ohio-state.edu,file512KB.txt,2015/09/30 12:24:26,2015/09/30 12:28:08,221732.000000
planetlab3.rutgers.edu,planetlab-1.cse.ohio-state.edu,file1MB.txt,2015/09/30 12:28:08,2015/09/30 12:36:23,494973.000000
planetlab3.wail.wisc.edu,planetlab-1.cse.ohio-state.edu,file32B.txt,2015/09/30 12:36:23,2015/09/30 12:36:24,699.000000
planetlab3.wail.wisc.edu,planetlab-1.cse.ohio-state.edu,file1KB.txt,2015/09/30 12:36:24,2015/09/30 12:36:25,1144.000000
planetlab3.wail.wisc.edu,planetlab-1.cse.ohio-state.edu,file256KB.txt,2015/09/30 12:36:25,2015/09/30 12:39:27,182302.000000
planetlab3.wail.wisc.edu,planetlab-1.cse.ohio-state.edu,file512KB.txt,2015/09/30 12:39:27,2015/09/30 12:41:56,148628.000000
planetlab3.wail.wisc.edu,planetlab-1.cse.ohio-state.edu,file1MB.txt,2015/09/30 12:41:56,2015/09/30 12:47:05,309453.000000
planetlab4.tamu.edu,planetlab-1.cse.ohio-state.edu,file32B.txt,2015/09/30 12:47:05,2015/09/30 12:47:06,1215.000000
planetlab4.tamu.edu,planetlab-1.cse.ohio-state.edu,file1KB.txt,2015/09/30 12:47:06,2015/09/30 12:47:07,929.000000
planetlab4.tamu.edu,planetlab-1.cse.ohio-state.edu,file256KB.txt,2015/09/30 12:47:07,2015/09/30 12:47:46,38685.000000
planetlab4.tamu.edu,planetlab-1.cse.ohio-state.edu,file512KB.txt,2015/09/30 12:47:46,2015/09/30 12:49:02,76129.000000
planetlab4.tamu.edu,planetlab-1.cse.ohio-state.edu,file1MB.txt,2015/09/30 12:49:02,2015/09/30 12:53:41,278727.000000
planetlab-5.eecs.cwru.edu,planetlab-1.cse.ohio-state.edu,file32B.txt,2015/09/30 12:53:41,2015/09/30 12:53:42,1173.000000
planetlab-5.eecs.cwru.edu,planetlab-1.cse.ohio-state.edu,file1KB.txt,2015/09/30 12:53:42,2015/09/30 12:53:43,1232.000000
planetlab-5.eecs.cwru.edu,planetlab-1.cse.ohio-state.edu,file256KB.txt,2015/09/30 12:53:43,2015/09/30 12:54:17,33397.000000
planetlab-5.eecs.cwru.edu,planetlab-1.cse.ohio-state.edu,file512KB.txt,2015/09/30 12:54:17,2015/09/30 12:56:34,137601.000000
planetlab-5.eecs.cwru.edu,planetlab-1.cse.ohio-state.edu,file1MB.txt,2015/09/30 12:56:34,2015/09/30 13:02:25,-351154.000000
planetlabone.ccs.neu.edu,planetlab-1.cse.ohio-state.edu,file32B.txt,2015/09/30 13:02:25,2015/09/30 13:02:28,2492.000000
planetlabone.ccs.neu.edu,planetlab-1.cse.ohio-state.edu,file1KB.txt,2015/09/30 13:02:28,2015/09/30 13:02:30,2539.000000
planetlabone.ccs.neu.edu,planetlab-1.cse.ohio-state.edu,file256KB.txt,2015/09/30 13:02:30,2015/09/30 13:03:41,70717.000000
planetlabone.ccs.neu.edu,planetlab-1.cse.ohio-state.edu,file512KB.txt,2015/09/30 13:03:41,2015/09/30 13:06:21,160112.000000
planetlabone.ccs.neu.edu,planetlab-1.cse.ohio-state.edu,file1MB.txt,2015/09/30 13:06:21,2015/09/30 13:13:02,401318.000000
pl-node-0.csl.sri.com,planetlab-1.cse.ohio-state.edu,file32B.txt,2015/09/30 13:13:02,2015/09/30 13:13:03,259.000000
pl-node-0.csl.sri.com,planetlab-1.cse.ohio-state.edu,file1KB.txt,2015/09/30 13:13:03,2015/09/30 13:13:05,2001.000000
pl-node-0.csl.sri.com,planetlab-1.cse.ohio-state.edu,file256KB.txt,2015/09/30 13:13:05,2015/09/30 13:14:53,108779.000000
pl-node-0.csl.sri.com,planetlab-1.cse.ohio-state.edu,file512KB.txt,2015/09/30 13:14:53,2015/09/30 13:20:40,347097.000000
pl-node-0.csl.sri.com,planetlab-1.cse.ohio-state.edu,file1MB.txt,2015/09/30 13:20:40,2015/09/30 13:31:55,674969.000000
ricepl-5.cs.rice.edu,planetlab-1.cse.ohio-state.edu,file32B.txt,2015/09/30 13:31:55,2015/09/30 13:31:56,1258.000000
ricepl-5.cs.rice.edu,planetlab-1.cse.ohio-state.edu,file1KB.txt,2015/09/30 13:31:56,2015/09/30 13:31:56,871.000000
ricepl-5.cs.rice.edu,planetlab-1.cse.ohio-state.edu,file256KB.txt,2015/09/30 13:31:56,2015/09/30 13:32:37,41073.000000
ricepl-5.cs.rice.edu,planetlab-1.cse.ohio-state.edu,file512KB.txt,2015/09/30 13:32:37,2015/09/30 13:33:57,79978.000000
ricepl-5.cs.rice.edu,planetlab-1.cse.ohio-state.edu,file1MB.txt,2015/09/30 13:33:57,2015/09/30 13:37:42,225811.000000
salt.planetlab.cs.umd.edu,planetlab-1.cse.ohio-state.edu,file32B.txt,2015/09/30 13:37:42,2015/09/30 13:38:13,30695.000000
salt.planetlab.cs.umd.edu,planetlab-1.cse.ohio-state.edu,file1KB.txt,2015/09/30 13:38:13,2015/09/30 13:38:14,1186.000000
salt.planetlab.cs.umd.edu,planetlab-1.cse.ohio-state.edu,file256KB.txt,2015/09/30 13:38:14,2015/09/30 13:38:53,38456.000000
salt.planetlab.cs.umd.edu,planetlab-1.cse.ohio-state.edu,file512KB.txt,2015/09/30 13:38:53,2015/09/30 13:41:13,140325.000000
salt.planetlab.cs.umd.edu,planetlab-1.cse.ohio-state.edu,file1MB.txt,2015/09/30 13:41:13,2015/09/30 13:52:30,676727.000000
pl1.eecs.utk.edu,planetlab-1.cse.ohio-state.edu,file32B.txt,2015/09/30 13:52:31,2015/09/30 13:52:32,615.000000
pl1.eecs.utk.edu,planetlab-1.cse.ohio-state.edu,file1KB.txt,2015/09/30 13:52:32,2015/09/30 13:52:33,930.000000
pl1.eecs.utk.edu,planetlab-1.cse.ohio-state.edu,file256KB.txt,2015/09/30 13:52:33,2015/09/30 13:53:13,40745.000000
pl1.eecs.utk.edu,planetlab-1.cse.ohio-state.edu,file512KB.txt,2015/09/30 13:53:13,2015/09/30 13:55:56,162689.000000
pl1.eecs.utk.edu,planetlab-1.cse.ohio-state.edu,file1MB.txt,2015/09/30 13:55:56,2015/09/30 13:59:56,239949.000000
planetlab-01.vt.nodes.planet-lab.org,planetlab-1.cse.ohio-state.edu,file32B.txt,2015/09/30 13:59:56,2015/09/30 13:59:59,3107.000000
planetlab-01.vt.nodes.planet-lab.org,planetlab-1.cse.ohio-state.edu,file1KB.txt,2015/09/30 13:59:59,2015/09/30 14:00:00,1239.000000
planetlab-01.vt.nodes.planet-lab.org,planetlab-1.cse.ohio-state.edu,file256KB.txt,2015/09/30 14:00:00,2015/09/30 14:00:55,54870.000000
planetlab-01.vt.nodes.planet-lab.org,planetlab-1.cse.ohio-state.edu,file512KB.txt,2015/09/30 14:00:55,2015/09/30 14:03:18,142640.000000
planetlab-01.vt.nodes.planet-lab.org,planetlab-1.cse.ohio-state.edu,file1MB.txt,2015/09/30 14:03:18,2015/09/30 14:07:19,241337.000000
planetlab-04.vt.nodes.planet-lab.org,planetlab-1.cse.ohio-state.edu,file32B.txt,2015/09/30 14:07:19,2015/09/30 14:08:50,91442.000000
planetlab-04.vt.nodes.planet-lab.org,planetlab-1.cse.ohio-state.edu,file1KB.txt,2015/09/30 14:08:50,2015/09/30 14:08:50,904.000000
planetlab-04.vt.nodes.planet-lab.org,planetlab-1.cse.ohio-state.edu,file256KB.txt,2015/09/30 14:08:50,2015/09/30 14:10:23,93024.000000
planetlab-04.vt.nodes.planet-lab.org,planetlab-1.cse.ohio-state.edu,file512KB.txt,2015/09/30 14:10:23,2015/09/30 14:12:31,-128101.000000
planetlab-04.vt.nodes.planet-lab.org,planetlab-1.cse.ohio-state.edu,file1MB.txt,2015/09/30 14:12:31,2015/09/30 14:25:22,771494.000000
planetlab01.cs.washington.edu,planetlab-1.cse.ohio-state.edu,file32B.txt,2015/09/30 14:25:22,2015/09/30 14:25:23,1127.000000
planetlab01.cs.washington.edu,planetlab-1.cse.ohio-state.edu,file1KB.txt,2015/09/30 14:25:23,2015/09/30 14:25:24,1041.000000
planetlab01.cs.washington.edu,planetlab-1.cse.ohio-state.edu,file256KB.txt,2015/09/30 14:25:24,2015/09/30 14:26:54,90186.000000
planetlab01.cs.washington.edu,planetlab-1.cse.ohio-state.edu,file512KB.txt,2015/09/30 14:26:54,2015/09/30 14:29:06,131576.000000
planetlab01.cs.washington.edu,planetlab-1.cse.ohio-state.edu,file1MB.txt,2015/09/30 14:29:06,2015/09/30 14:33:46,280471.000000
planetlab02.cs.washington.edu,planetlab-1.cse.ohio-state.edu,file32B.txt,2015/09/30 14:33:46,2015/09/30 14:33:47,470.000000
planetlab02.cs.washington.edu,planetlab-1.cse.ohio-state.edu,file1KB.txt,2015/09/30 14:33:47,2015/09/30 14:33:49,2574.000000
planetlab02.cs.washington.edu,planetlab-1.cse.ohio-state.edu,file256KB.txt,2015/09/30 14:33:49,2015/09/30 14:35:57,127522.000000
planetlab02.cs.washington.edu,planetlab-1.cse.ohio-state.edu,file512KB.txt,2015/09/30 14:35:57,2015/09/30 14:38:50,172936.000000
planetlab02.cs.washington.edu,planetlab-1.cse.ohio-state.edu,file1MB.txt,2015/09/30 14:38:50,2015/09/30 14:45:12,382282.000000
planetlab1.arizona-gigapop.net,planetlab-1.cse.ohio-state.edu,file32B.txt,2015/09/30 14:45:12,2015/09/30 14:45:14,2417.000000
planetlab1.arizona-gigapop.net,planetlab-1.cse.ohio-state.edu,file1KB.txt,2015/09/30 14:45:14,2015/09/30 14:45:16,1555.000000
planetlab1.arizona-gigapop.net,planetlab-1.cse.ohio-state.edu,file256KB.txt,2015/09/30 14:45:16,2015/09/30 14:47:45,149110.000000
planetlab1.arizona-gigapop.net,planetlab-1.cse.ohio-state.edu,file512KB.txt,2015/09/30 14:47:45,2015/09/30 14:50:54,189064.000000
planetlab1.arizona-gigapop.net,planetlab-1.cse.ohio-state.edu,file1MB.txt,2015/09/30 14:50:54,2015/09/30 14:59:51,536842.000000
planetlab1.cs.unc.edu,planetlab-1.cse.ohio-state.edu,file32B.txt,2015/09/30 14:59:51,2015/09/30 14:59:52,1399.000000
planetlab1.cs.unc.edu,planetlab-1.cse.ohio-state.edu,file1KB.txt,2015/09/30 14:59:52,2015/09/30 14:59:53,862.000000
planetlab1.cs.unc.edu,planetlab-1.cse.ohio-state.edu,file256KB.txt,2015/09/30 14:59:53,2015/09/30 15:00:30,36293.000000
planetlab1.cs.unc.edu,planetlab-1.cse.ohio-state.edu,file512KB.txt,2015/09/30 15:00:30,2015/09/30 15:03:04,154685.000000
planetlab1.cs.unc.edu,planetlab-1.cse.ohio-state.edu,file1MB.txt,2015/09/30 15:03:04,2015/09/30 15:06:20,196159.000000
