ebb.colgate.edu,planetlab2.unr.edu,file32B.txt,2015/09/30 04:13:00,2015/09/30 04:13:00,906.000000
ebb.colgate.edu,planetlab2.unr.edu,file1KB.txt,2015/09/30 04:13:00,2015/09/30 04:13:01,1105.000000
ebb.colgate.edu,planetlab2.unr.edu,file256KB.txt,2015/09/30 04:13:01,2015/09/30 04:14:21,80331.000000
ebb.colgate.edu,planetlab2.unr.edu,file512KB.txt,2015/09/30 04:14:21,2015/09/30 04:16:55,153560.000000
ebb.colgate.edu,planetlab2.unr.edu,file1MB.txt,2015/09/30 04:16:55,2015/09/30 04:21:45,290401.000000
kc-sce-plab2.umkc.edu,planetlab2.unr.edu,file32B.txt,2015/09/30 04:21:45,2015/09/30 04:21:46,727.000000
kc-sce-plab2.umkc.edu,planetlab2.unr.edu,file1KB.txt,2015/09/30 04:21:46,2015/09/30 04:21:48,2203.000000
kc-sce-plab2.umkc.edu,planetlab2.unr.edu,file256KB.txt,2015/09/30 04:21:48,2015/09/30 04:23:57,129389.000000
kc-sce-plab2.umkc.edu,planetlab2.unr.edu,file512KB.txt,2015/09/30 04:23:57,2015/09/30 04:26:51,173647.000000
kc-sce-plab2.umkc.edu,planetlab2.unr.edu,file1MB.txt,2015/09/30 04:26:51,2015/09/30 04:29:48,177109.000000
node1.planetlab.mathcs.emory.edu,planetlab2.unr.edu,file32B.txt,2015/09/30 04:29:48,2015/09/30 04:29:49,1362.000000
node1.planetlab.mathcs.emory.edu,planetlab2.unr.edu,file1KB.txt,2015/09/30 04:29:49,2015/09/30 04:29:49,533.000000
node1.planetlab.mathcs.emory.edu,planetlab2.unr.edu,file256KB.txt,2015/09/30 04:29:49,2015/09/30 04:30:21,32204.000000
node1.planetlab.mathcs.emory.edu,planetlab2.unr.edu,file512KB.txt,2015/09/30 04:30:21,2015/09/30 04:31:23,61837.000000
node1.planetlab.mathcs.emory.edu,planetlab2.unr.edu,file1MB.txt,2015/09/30 04:31:23,2015/09/30 04:33:27,123863.000000
pl3.cs.unm.edu,planetlab2.unr.edu,file32B.txt,2015/09/30 04:33:49,2015/09/30 04:33:49,678.000000
pl3.cs.unm.edu,planetlab2.unr.edu,file1KB.txt,2015/09/30 04:33:49,2015/09/30 04:33:50,1352.000000
pl3.cs.unm.edu,planetlab2.unr.edu,file256KB.txt,2015/09/30 04:33:50,2015/09/30 04:34:27,37073.000000
pl3.cs.unm.edu,planetlab2.unr.edu,file512KB.txt,2015/09/30 04:34:27,2015/09/30 04:35:40,72466.000000
pl3.cs.unm.edu,planetlab2.unr.edu,file1MB.txt,2015/09/30 04:35:40,2015/09/30 04:38:06,145928.000000
plab3.eece.ksu.edu,planetlab2.unr.edu,file32B.txt,2015/09/30 04:38:06,2015/09/30 04:38:07,1571.000000
plab3.eece.ksu.edu,planetlab2.unr.edu,file1KB.txt,2015/09/30 04:38:07,2015/09/30 04:38:07,388.000000
plab3.eece.ksu.edu,planetlab2.unr.edu,file256KB.txt,2015/09/30 04:38:07,2015/09/30 04:38:25,-18635.000000
plab3.eece.ksu.edu,planetlab2.unr.edu,file512KB.txt,2015/09/30 04:38:25,2015/09/30 04:38:59,33559.000000
plab3.eece.ksu.edu,planetlab2.unr.edu,file1MB.txt,2015/09/30 04:38:59,2015/09/30 04:40:07,67667.000000
planetlab-02.bu.edu,planetlab2.unr.edu,file32B.txt,2015/09/30 04:40:08,2015/09/30 04:40:09,1148.000000
planetlab-02.bu.edu,planetlab2.unr.edu,file1KB.txt,2015/09/30 04:40:09,2015/09/30 04:40:10,1043.000000
planetlab-02.bu.edu,planetlab2.unr.edu,file256KB.txt,2015/09/30 04:40:10,2015/09/30 04:40:57,46559.000000
planetlab-02.bu.edu,planetlab2.unr.edu,file512KB.txt,2015/09/30 04:40:57,2015/09/30 04:42:29,92879.000000
planetlab-02.bu.edu,planetlab2.unr.edu,file1MB.txt,2015/09/30 04:42:29,2015/09/30 04:45:36,186348.000000
planetlab1.clemson.edu,planetlab2.unr.edu,file32B.txt,2015/09/30 04:45:58,2015/09/30 04:45:59,692.000000
planetlab1.clemson.edu,planetlab2.unr.edu,file1KB.txt,2015/09/30 04:45:59,2015/09/30 04:46:00,1348.000000
planetlab1.clemson.edu,planetlab2.unr.edu,file256KB.txt,2015/09/30 04:46:00,2015/09/30 04:46:32,31560.000000
planetlab1.clemson.edu,planetlab2.unr.edu,file512KB.txt,2015/09/30 04:46:32,2015/09/30 04:47:37,65555.000000
planetlab1.clemson.edu,planetlab2.unr.edu,file1MB.txt,2015/09/30 04:47:37,2015/09/30 04:49:45,127629.000000
planetlab1.cs.du.edu,planetlab2.unr.edu,file32B.txt,2015/09/30 04:49:46,2015/09/30 04:49:46,564.000000
planetlab1.cs.du.edu,planetlab2.unr.edu,file1KB.txt,2015/09/30 04:49:46,2015/09/30 04:49:47,1496.000000
planetlab1.cs.du.edu,planetlab2.unr.edu,file256KB.txt,2015/09/30 04:49:47,2015/09/30 04:50:13,25974.000000
planetlab1.cs.du.edu,planetlab2.unr.edu,file512KB.txt,2015/09/30 04:50:13,2015/09/30 04:51:05,52366.000000
planetlab1.cs.du.edu,planetlab2.unr.edu,file1MB.txt,2015/09/30 04:51:05,2015/09/30 04:52:48,103059.000000
planetlab-1.cse.ohio-state.edu,planetlab2.unr.edu,file32B.txt,2015/09/30 04:52:48,2015/09/30 04:52:54,6203.000000
planetlab-1.cse.ohio-state.edu,planetlab2.unr.edu,file1KB.txt,2015/09/30 04:52:54,2015/09/30 04:53:00,5788.000000
planetlab-1.cse.ohio-state.edu,planetlab2.unr.edu,file256KB.txt,2015/09/30 04:53:00,2015/09/30 05:19:53,1612560.000000
planetlab-1.cse.ohio-state.edu,planetlab2.unr.edu,file512KB.txt,2015/09/30 05:19:53,2015/09/30 06:17:58,809757.000000
planetlab-1.cse.ohio-state.edu,planetlab2.unr.edu,file1MB.txt,2015/09/30 06:17:58,2015/09/30 08:09:47,-1880235.000000
planetlab1.cs.okstate.edu,planetlab2.unr.edu,file32B.txt,2015/09/30 08:09:47,2015/09/30 08:09:47,486.000000
planetlab1.cs.okstate.edu,planetlab2.unr.edu,file1KB.txt,2015/09/30 08:09:47,2015/09/30 08:09:47,454.000000
planetlab1.cs.okstate.edu,planetlab2.unr.edu,file256KB.txt,2015/09/30 08:09:47,2015/09/30 08:10:06,19005.000000
planetlab1.cs.okstate.edu,planetlab2.unr.edu,file512KB.txt,2015/09/30 08:10:06,2015/09/30 08:10:44,38545.000000
planetlab1.cs.okstate.edu,planetlab2.unr.edu,file1MB.txt,2015/09/30 08:10:44,2015/09/30 08:11:58,73492.000000
planetlab1.cs.ucla.edu,planetlab2.unr.edu,file32B.txt,2015/09/30 08:11:58,2015/09/30 08:11:59,1576.000000
planetlab1.cs.ucla.edu,planetlab2.unr.edu,file1KB.txt,2015/09/30 08:11:59,2015/09/30 08:11:59,290.000000
planetlab1.cs.ucla.edu,planetlab2.unr.edu,file256KB.txt,2015/09/30 08:11:59,2015/09/30 08:12:11,11703.000000
planetlab1.cs.ucla.edu,planetlab2.unr.edu,file512KB.txt,2015/09/30 08:12:11,2015/09/30 08:12:36,25661.000000
planetlab1.cs.ucla.edu,planetlab2.unr.edu,file1MB.txt,2015/09/30 08:12:36,2015/09/30 08:13:24,-47477.000000
planetlab1.csuohio.edu,planetlab2.unr.edu,file32B.txt,2015/09/30 08:13:24,2015/09/30 08:13:26,2648.000000
planetlab1.csuohio.edu,planetlab2.unr.edu,file1KB.txt,2015/09/30 08:13:26,2015/09/30 08:13:27,1026.000000
planetlab1.csuohio.edu,planetlab2.unr.edu,file256KB.txt,2015/09/30 08:13:27,2015/09/30 08:14:06,39062.000000
planetlab1.csuohio.edu,planetlab2.unr.edu,file512KB.txt,2015/09/30 08:14:06,2015/09/30 08:15:20,73898.000000
planetlab1.csuohio.edu,planetlab2.unr.edu,file1MB.txt,2015/09/30 08:15:20,2015/09/30 08:17:56,156080.000000
planetlab1.ucsd.edu,planetlab2.unr.edu,file32B.txt,2015/09/30 08:18:17,2015/09/30 08:18:17,319.000000
planetlab1.ucsd.edu,planetlab2.unr.edu,file1KB.txt,2015/09/30 08:18:17,2015/09/30 08:18:18,1689.000000
planetlab1.ucsd.edu,planetlab2.unr.edu,file256KB.txt,2015/09/30 08:18:18,2015/09/30 08:18:36,17713.000000
planetlab1.ucsd.edu,planetlab2.unr.edu,file512KB.txt,2015/09/30 08:18:36,2015/09/30 08:19:03,26952.000000
planetlab1.ucsd.edu,planetlab2.unr.edu,file1MB.txt,2015/09/30 08:19:03,2015/09/30 08:19:57,54068.000000
planetlab2.acis.ufl.edu,planetlab2.unr.edu,file32B.txt,2015/09/30 08:19:57,2015/09/30 08:19:58,1353.000000
planetlab2.acis.ufl.edu,planetlab2.unr.edu,file1KB.txt,2015/09/30 08:19:58,2015/09/30 08:19:58,678.000000
planetlab2.acis.ufl.edu,planetlab2.unr.edu,file256KB.txt,2015/09/30 08:19:58,2015/09/30 08:20:37,39696.000000
planetlab2.acis.ufl.edu,planetlab2.unr.edu,file512KB.txt,2015/09/30 08:20:37,2015/09/30 08:21:52,74336.000000
planetlab2.acis.ufl.edu,planetlab2.unr.edu,file1MB.txt,2015/09/30 08:21:52,2015/09/30 08:24:23,151175.000000
planetlab2.arizona-gigapop.net,planetlab2.unr.edu,file32B.txt,2015/09/30 08:24:23,2015/09/30 08:24:24,1470.000000
planetlab2.arizona-gigapop.net,planetlab2.unr.edu,file1KB.txt,2015/09/30 08:24:24,2015/09/30 08:24:24,330.000000
planetlab2.arizona-gigapop.net,planetlab2.unr.edu,file256KB.txt,2015/09/30 08:24:24,2015/09/30 08:24:42,17826.000000
planetlab2.arizona-gigapop.net,planetlab2.unr.edu,file512KB.txt,2015/09/30 08:24:42,2015/09/30 08:25:18,36121.000000
planetlab2.arizona-gigapop.net,planetlab2.unr.edu,file1MB.txt,2015/09/30 08:25:18,2015/09/30 08:26:30,72109.000000
planetlab2.citadel.edu,planetlab2.unr.edu,file32B.txt,2015/09/30 08:26:30,2015/09/30 08:26:31,1268.000000
planetlab2.citadel.edu,planetlab2.unr.edu,file1KB.txt,2015/09/30 08:26:31,2015/09/30 08:26:31,799.000000
planetlab2.citadel.edu,planetlab2.unr.edu,file256KB.txt,2015/09/30 08:26:31,2015/09/30 08:27:08,37562.000000
planetlab2.citadel.edu,planetlab2.unr.edu,file512KB.txt,2015/09/30 08:27:08,2015/09/30 08:28:20,71783.000000
planetlab2.citadel.edu,planetlab2.unr.edu,file1MB.txt,2015/09/30 08:28:20,2015/09/30 08:30:44,143996.000000
planetlab2.cs.pitt.edu,planetlab2.unr.edu,file32B.txt,2015/09/30 08:30:44,2015/09/30 08:30:45,1414.000000
planetlab2.cs.pitt.edu,planetlab2.unr.edu,file1KB.txt,2015/09/30 08:30:45,2015/09/30 08:30:46,1321.000000
planetlab2.cs.pitt.edu,planetlab2.unr.edu,file256KB.txt,2015/09/30 08:30:46,2015/09/30 08:31:15,28758.000000
planetlab2.cs.pitt.edu,planetlab2.unr.edu,file512KB.txt,2015/09/30 08:31:15,2015/09/30 08:32:13,57805.000000
planetlab2.cs.pitt.edu,planetlab2.unr.edu,file1MB.txt,2015/09/30 08:32:13,2015/09/30 08:34:09,116282.000000
planetlab2.cs.purdue.edu,planetlab2.unr.edu,file32B.txt,2015/09/30 08:34:09,2015/09/30 08:34:10,367.000000
planetlab2.cs.purdue.edu,planetlab2.unr.edu,file1KB.txt,2015/09/30 08:34:10,2015/09/30 08:34:14,4930.000000
planetlab2.cs.purdue.edu,planetlab2.unr.edu,file256KB.txt,2015/09/30 08:34:14,2015/09/30 08:37:16,181686.000000
planetlab2.cs.purdue.edu,planetlab2.unr.edu,file512KB.txt,2015/09/30 08:37:16,2015/09/30 08:43:23,367292.000000
planetlab2.cs.purdue.edu,planetlab2.unr.edu,file1MB.txt,2015/09/30 08:43:23,2015/09/30 08:52:59,575218.000000
planetlab2.cs.uml.edu,planetlab2.unr.edu,file32B.txt,2015/09/30 08:53:42,2015/09/30 08:53:43,827.000000
planetlab2.cs.uml.edu,planetlab2.unr.edu,file1KB.txt,2015/09/30 08:53:43,2015/09/30 08:53:44,912.000000
planetlab2.cs.uml.edu,planetlab2.unr.edu,file256KB.txt,2015/09/30 08:53:44,2015/09/30 08:54:54,70057.000000
planetlab2.cs.uml.edu,planetlab2.unr.edu,file512KB.txt,2015/09/30 08:54:54,2015/09/30 08:56:30,96205.000000
planetlab2.cs.uml.edu,planetlab2.unr.edu,file1MB.txt,2015/09/30 08:56:30,2015/09/30 08:59:21,170702.000000
planetlab2.cs.unc.edu,planetlab2.unr.edu,file32B.txt,2015/09/30 08:59:21,2015/09/30 08:59:22,1256.000000
planetlab2.cs.unc.edu,planetlab2.unr.edu,file1KB.txt,2015/09/30 08:59:22,2015/09/30 08:59:23,1257.000000
planetlab2.cs.unc.edu,planetlab2.unr.edu,file256KB.txt,2015/09/30 08:59:23,2015/09/30 09:00:06,42555.000000
planetlab2.cs.unc.edu,planetlab2.unr.edu,file512KB.txt,2015/09/30 09:00:06,2015/09/30 09:01:34,87628.000000
planetlab2.cs.unc.edu,planetlab2.unr.edu,file1MB.txt,2015/09/30 09:01:34,2015/09/30 09:04:31,177287.000000
planetlab2.cs.uoregon.edu,planetlab2.unr.edu,file32B.txt,2015/09/30 09:04:31,2015/09/30 09:04:31,333.000000
planetlab2.cs.uoregon.edu,planetlab2.unr.edu,file1KB.txt,2015/09/30 09:04:31,2015/09/30 09:04:32,1652.000000
planetlab2.cs.uoregon.edu,planetlab2.unr.edu,file256KB.txt,2015/09/30 09:04:32,2015/09/30 09:04:47,14493.000000
planetlab2.cs.uoregon.edu,planetlab2.unr.edu,file512KB.txt,2015/09/30 09:04:47,2015/09/30 09:05:18,31117.000000
planetlab2.cs.uoregon.edu,planetlab2.unr.edu,file1MB.txt,2015/09/30 09:05:18,2015/09/30 09:06:20,62554.000000
planetlab2.temple.edu,planetlab2.unr.edu,file32B.txt,2015/09/30 09:06:20,2015/09/30 09:06:20,596.000000
planetlab2.temple.edu,planetlab2.unr.edu,file1KB.txt,2015/09/30 09:06:20,2015/09/30 09:06:21,1205.000000
planetlab2.temple.edu,planetlab2.unr.edu,file256KB.txt,2015/09/30 09:06:21,2015/09/30 09:06:53,31691.000000
planetlab2.temple.edu,planetlab2.unr.edu,file512KB.txt,2015/09/30 09:06:53,2015/09/30 09:07:57,63874.000000
planetlab2.temple.edu,planetlab2.unr.edu,file1MB.txt,2015/09/30 09:07:57,2015/09/30 09:10:05,128138.000000
planetlab2.unl.edu,planetlab2.unr.edu,file32B.txt,2015/09/30 09:10:05,2015/09/30 09:10:06,1607.000000
planetlab2.unl.edu,planetlab2.unr.edu,file1KB.txt,2015/09/30 09:10:06,2015/09/30 09:10:06,476.000000
planetlab2.unl.edu,planetlab2.unr.edu,file256KB.txt,2015/09/30 09:10:06,2015/09/30 09:10:24,17949.000000
planetlab2.unl.edu,planetlab2.unr.edu,file512KB.txt,2015/09/30 09:10:24,2015/09/30 09:11:00,36260.000000
planetlab2.unl.edu,planetlab2.unr.edu,file1MB.txt,2015/09/30 09:11:00,2015/09/30 09:12:11,70724.000000
planetlab2.unr.edu,planetlab2.unr.edu,file32B.txt,2015/09/30 09:12:11,2015/09/30 09:12:11,1.000000
planetlab2.unr.edu,planetlab2.unr.edu,file1KB.txt,2015/09/30 09:12:11,2015/09/30 09:12:11,0.000000
planetlab2.unr.edu,planetlab2.unr.edu,file256KB.txt,2015/09/30 09:12:11,2015/09/30 09:12:11,22.000000
planetlab2.unr.edu,planetlab2.unr.edu,file512KB.txt,2015/09/30 09:12:11,2015/09/30 09:12:11,44.000000
planetlab2.unr.edu,planetlab2.unr.edu,file1MB.txt,2015/09/30 09:12:11,2015/09/30 09:12:11,90.000000
planetlab2.uta.edu,planetlab2.unr.edu,file32B.txt,2015/09/30 09:12:11,2015/09/30 09:12:12,1565.000000
planetlab2.uta.edu,planetlab2.unr.edu,file1KB.txt,2015/09/30 09:12:12,2015/09/30 09:12:12,469.000000
planetlab2.uta.edu,planetlab2.unr.edu,file256KB.txt,2015/09/30 09:12:12,2015/09/30 09:12:42,30691.000000
planetlab2.uta.edu,planetlab2.unr.edu,file512KB.txt,2015/09/30 09:12:42,2015/09/30 09:13:34,51489.000000
planetlab2.uta.edu,planetlab2.unr.edu,file1MB.txt,2015/09/30 09:13:34,2015/09/30 09:15:18,104547.000000
planetlab2.utdallas.edu,planetlab2.unr.edu,file32B.txt,2015/09/30 09:15:18,2015/09/30 09:15:18,420.000000
planetlab2.utdallas.edu,planetlab2.unr.edu,file1KB.txt,2015/09/30 09:15:18,2015/09/30 09:15:19,1429.000000
planetlab2.utdallas.edu,planetlab2.unr.edu,file256KB.txt,2015/09/30 09:15:19,2015/09/30 09:15:39,19263.000000
planetlab2.utdallas.edu,planetlab2.unr.edu,file512KB.txt,2015/09/30 09:15:39,2015/09/30 09:16:20,40944.000000
planetlab2.utdallas.edu,planetlab2.unr.edu,file1MB.txt,2015/09/30 09:16:20,2015/09/30 09:17:42,82261.000000
planetlab3.eecs.umich.edu,planetlab2.unr.edu,file32B.txt,2015/09/30 09:17:42,2015/09/30 09:17:43,1529.000000
planetlab3.eecs.umich.edu,planetlab2.unr.edu,file1KB.txt,2015/09/30 09:17:43,2015/09/30 09:17:43,445.000000
planetlab3.eecs.umich.edu,planetlab2.unr.edu,file256KB.txt,2015/09/30 09:17:43,2015/09/30 09:18:07,23723.000000
planetlab3.eecs.umich.edu,planetlab2.unr.edu,file512KB.txt,2015/09/30 09:18:07,2015/09/30 09:18:55,48020.000000
planetlab3.eecs.umich.edu,planetlab2.unr.edu,file1MB.txt,2015/09/30 09:18:55,2015/09/30 09:20:31,96405.000000
planetlab3.rutgers.edu,planetlab2.unr.edu,file32B.txt,2015/09/30 09:20:31,2015/09/30 09:20:32,1205.000000
planetlab3.rutgers.edu,planetlab2.unr.edu,file1KB.txt,2015/09/30 09:20:32,2015/09/30 09:20:32,713.000000
planetlab3.rutgers.edu,planetlab2.unr.edu,file256KB.txt,2015/09/30 09:20:32,2015/09/30 09:21:06,34660.000000
planetlab3.rutgers.edu,planetlab2.unr.edu,file512KB.txt,2015/09/30 09:21:06,2015/09/30 09:22:13,66869.000000
planetlab3.rutgers.edu,planetlab2.unr.edu,file1MB.txt,2015/09/30 09:22:13,2015/09/30 09:24:24,130647.000000
planetlab3.wail.wisc.edu,planetlab2.unr.edu,file32B.txt,2015/09/30 09:24:24,2015/09/30 09:24:25,1272.000000
planetlab3.wail.wisc.edu,planetlab2.unr.edu,file1KB.txt,2015/09/30 09:24:25,2015/09/30 09:24:26,1263.000000
planetlab3.wail.wisc.edu,planetlab2.unr.edu,file256KB.txt,2015/09/30 09:24:26,2015/09/30 09:24:56,-29491.000000
planetlab3.wail.wisc.edu,planetlab2.unr.edu,file512KB.txt,2015/09/30 09:24:56,2015/09/30 09:25:57,61395.000000
planetlab3.wail.wisc.edu,planetlab2.unr.edu,file1MB.txt,2015/09/30 09:25:57,2015/09/30 09:27:58,120883.000000
planetlab4.tamu.edu,planetlab2.unr.edu,file32B.txt,2015/09/30 09:27:58,2015/09/30 09:27:58,495.000000
planetlab4.tamu.edu,planetlab2.unr.edu,file1KB.txt,2015/09/30 09:27:58,2015/09/30 09:27:59,1502.000000
planetlab4.tamu.edu,planetlab2.unr.edu,file256KB.txt,2015/09/30 09:27:59,2015/09/30 09:28:21,21783.000000
planetlab4.tamu.edu,planetlab2.unr.edu,file512KB.txt,2015/09/30 09:28:21,2015/09/30 09:29:05,43994.000000
planetlab4.tamu.edu,planetlab2.unr.edu,file1MB.txt,2015/09/30 09:29:05,2015/09/30 09:30:33,88154.000000
planetlab-5.eecs.cwru.edu,planetlab2.unr.edu,file32B.txt,2015/09/30 09:30:33,2015/09/30 09:30:34,626.000000
planetlab-5.eecs.cwru.edu,planetlab2.unr.edu,file1KB.txt,2015/09/30 09:30:34,2015/09/30 09:30:35,1309.000000
planetlab-5.eecs.cwru.edu,planetlab2.unr.edu,file256KB.txt,2015/09/30 09:30:35,2015/09/30 09:31:06,30634.000000
planetlab-5.eecs.cwru.edu,planetlab2.unr.edu,file512KB.txt,2015/09/30 09:31:06,2015/09/30 09:32:08,61894.000000
planetlab-5.eecs.cwru.edu,planetlab2.unr.edu,file1MB.txt,2015/09/30 09:32:08,2015/09/30 09:34:12,124299.000000
planetlabone.ccs.neu.edu,planetlab2.unr.edu,file32B.txt,2015/09/30 09:34:12,2015/09/30 09:34:14,2035.000000
planetlabone.ccs.neu.edu,planetlab2.unr.edu,file1KB.txt,2015/09/30 09:34:14,2015/09/30 09:34:15,1194.000000
planetlabone.ccs.neu.edu,planetlab2.unr.edu,file256KB.txt,2015/09/30 09:34:15,2015/09/30 09:35:00,45125.000000
planetlabone.ccs.neu.edu,planetlab2.unr.edu,file512KB.txt,2015/09/30 09:35:00,2015/09/30 09:36:13,72906.000000
planetlabone.ccs.neu.edu,planetlab2.unr.edu,file1MB.txt,2015/09/30 09:36:13,2015/09/30 09:38:24,130557.000000
pl-node-0.csl.sri.com,planetlab2.unr.edu,file32B.txt,2015/09/30 09:38:24,2015/09/30 09:38:25,1658.000000
pl-node-0.csl.sri.com,planetlab2.unr.edu,file1KB.txt,2015/09/30 09:38:25,2015/09/30 09:38:25,452.000000
pl-node-0.csl.sri.com,planetlab2.unr.edu,file256KB.txt,2015/09/30 09:38:25,2015/09/30 09:38:40,15055.000000
pl-node-0.csl.sri.com,planetlab2.unr.edu,file512KB.txt,2015/09/30 09:38:40,2015/09/30 09:39:13,32769.000000
pl-node-0.csl.sri.com,planetlab2.unr.edu,file1MB.txt,2015/09/30 09:39:13,2015/09/30 09:40:19,65858.000000
ricepl-5.cs.rice.edu,planetlab2.unr.edu,file32B.txt,2015/09/30 09:40:20,2015/09/30 09:40:20,495.000000
ricepl-5.cs.rice.edu,planetlab2.unr.edu,file1KB.txt,2015/09/30 09:40:20,2015/09/30 09:40:21,1405.000000
ricepl-5.cs.rice.edu,planetlab2.unr.edu,file256KB.txt,2015/09/30 09:40:21,2015/09/30 09:40:44,22870.000000
ricepl-5.cs.rice.edu,planetlab2.unr.edu,file512KB.txt,2015/09/30 09:40:44,2015/09/30 09:41:30,46183.000000
ricepl-5.cs.rice.edu,planetlab2.unr.edu,file1MB.txt,2015/09/30 09:41:30,2015/09/30 09:43:01,90768.000000
salt.planetlab.cs.umd.edu,planetlab2.unr.edu,file32B.txt,2015/09/30 09:43:01,2015/09/30 09:43:01,564.000000
salt.planetlab.cs.umd.edu,planetlab2.unr.edu,file1KB.txt,2015/09/30 09:43:01,2015/09/30 09:43:02,1167.000000
salt.planetlab.cs.umd.edu,planetlab2.unr.edu,file256KB.txt,2015/09/30 09:43:02,2015/09/30 09:43:34,32797.000000
salt.planetlab.cs.umd.edu,planetlab2.unr.edu,file512KB.txt,2015/09/30 09:43:34,2015/09/30 09:44:35,60099.000000
salt.planetlab.cs.umd.edu,planetlab2.unr.edu,file1MB.txt,2015/09/30 09:44:35,2015/09/30 09:46:39,124304.000000
pl1.eecs.utk.edu,planetlab2.unr.edu,file32B.txt,2015/09/30 09:46:39,2015/09/30 09:46:41,2175.000000
pl1.eecs.utk.edu,planetlab2.unr.edu,file1KB.txt,2015/09/30 09:46:41,2015/09/30 09:46:44,3505.000000
pl1.eecs.utk.edu,planetlab2.unr.edu,file256KB.txt,2015/09/30 09:46:44,2015/09/30 09:51:23,278998.000000
pl1.eecs.utk.edu,planetlab2.unr.edu,file512KB.txt,2015/09/30 09:51:23,2015/09/30 10:02:56,693240.000000
pl1.eecs.utk.edu,planetlab2.unr.edu,file1MB.txt,2015/09/30 10:02:56,2015/09/30 10:23:24,1227253.000000
planetlab-01.vt.nodes.planet-lab.org,planetlab2.unr.edu,file32B.txt,2015/09/30 10:23:24,2015/09/30 10:23:25,1235.000000
planetlab-01.vt.nodes.planet-lab.org,planetlab2.unr.edu,file1KB.txt,2015/09/30 10:23:25,2015/09/30 10:23:26,1268.000000
planetlab-01.vt.nodes.planet-lab.org,planetlab2.unr.edu,file256KB.txt,2015/09/30 10:23:26,2015/09/30 10:24:08,41458.000000
planetlab-01.vt.nodes.planet-lab.org,planetlab2.unr.edu,file512KB.txt,2015/09/30 10:24:08,2015/09/30 10:25:32,84135.000000
planetlab-01.vt.nodes.planet-lab.org,planetlab2.unr.edu,file1MB.txt,2015/09/30 10:25:32,2015/09/30 10:28:19,166904.000000
planetlab-04.vt.nodes.planet-lab.org,planetlab2.unr.edu,file32B.txt,2015/09/30 10:28:19,2015/09/30 10:28:20,1229.000000
planetlab-04.vt.nodes.planet-lab.org,planetlab2.unr.edu,file1KB.txt,2015/09/30 10:28:20,2015/09/30 10:28:21,1229.000000
planetlab-04.vt.nodes.planet-lab.org,planetlab2.unr.edu,file256KB.txt,2015/09/30 10:28:21,2015/09/30 10:29:03,41914.000000
planetlab-04.vt.nodes.planet-lab.org,planetlab2.unr.edu,file512KB.txt,2015/09/30 10:29:03,2015/09/30 10:30:27,84248.000000
planetlab-04.vt.nodes.planet-lab.org,planetlab2.unr.edu,file1MB.txt,2015/09/30 10:30:27,2015/09/30 10:33:13,165378.000000
planetlab-4.eecs.cwru.edu,planetlab2.unr.edu,file32B.txt,2015/09/30 10:33:13,2015/09/30 10:33:14,1376.000000
planetlab-4.eecs.cwru.edu,planetlab2.unr.edu,file1KB.txt,2015/09/30 10:33:14,2015/09/30 10:33:14,536.000000
planetlab-4.eecs.cwru.edu,planetlab2.unr.edu,file256KB.txt,2015/09/30 10:33:14,2015/09/30 10:33:46,32684.000000
planetlab-4.eecs.cwru.edu,planetlab2.unr.edu,file512KB.txt,2015/09/30 10:33:46,2015/09/30 10:34:48,61687.000000
planetlab-4.eecs.cwru.edu,planetlab2.unr.edu,file1MB.txt,2015/09/30 10:34:48,2015/09/30 10:36:52,-124016.000000
planetlab01.cs.washington.edu,planetlab2.unr.edu,file32B.txt,2015/09/30 10:36:52,2015/09/30 10:36:52,286.000000
planetlab01.cs.washington.edu,planetlab2.unr.edu,file1KB.txt,2015/09/30 10:36:52,2015/09/30 10:36:53,1728.000000
planetlab01.cs.washington.edu,planetlab2.unr.edu,file256KB.txt,2015/09/30 10:36:53,2015/09/30 10:37:05,11207.000000
planetlab01.cs.washington.edu,planetlab2.unr.edu,file512KB.txt,2015/09/30 10:37:05,2015/09/30 10:37:31,26603.000000
planetlab01.cs.washington.edu,planetlab2.unr.edu,file1MB.txt,2015/09/30 10:37:31,2015/09/30 10:38:21,49572.000000
planetlab02.cs.washington.edu,planetlab2.unr.edu,file32B.txt,2015/09/30 10:38:21,2015/09/30 10:38:22,1702.000000
planetlab02.cs.washington.edu,planetlab2.unr.edu,file1KB.txt,2015/09/30 10:38:22,2015/09/30 10:38:22,271.000000
planetlab02.cs.washington.edu,planetlab2.unr.edu,file256KB.txt,2015/09/30 10:38:22,2015/09/30 10:38:35,13198.000000
planetlab02.cs.washington.edu,planetlab2.unr.edu,file512KB.txt,2015/09/30 10:38:35,2015/09/30 10:39:00,24540.000000
planetlab02.cs.washington.edu,planetlab2.unr.edu,file1MB.txt,2015/09/30 10:39:00,2015/09/30 10:39:51,51499.000000
planetlab1.arizona-gigapop.net,planetlab2.unr.edu,file32B.txt,2015/09/30 10:39:51,2015/09/30 10:39:51,472.000000
planetlab1.arizona-gigapop.net,planetlab2.unr.edu,file1KB.txt,2015/09/30 10:39:51,2015/09/30 10:39:52,1529.000000
planetlab1.arizona-gigapop.net,planetlab2.unr.edu,file256KB.txt,2015/09/30 10:39:52,2015/09/30 10:40:09,16056.000000
planetlab1.arizona-gigapop.net,planetlab2.unr.edu,file512KB.txt,2015/09/30 10:40:09,2015/09/30 10:40:45,36224.000000
planetlab1.arizona-gigapop.net,planetlab2.unr.edu,file1MB.txt,2015/09/30 10:40:45,2015/09/30 10:41:57,72683.000000
planetlab1.cs.unc.edu,planetlab2.unr.edu,file32B.txt,2015/09/30 10:41:57,2015/09/30 10:41:57,870.000000
planetlab1.cs.unc.edu,planetlab2.unr.edu,file1KB.txt,2015/09/30 10:41:57,2015/09/30 10:41:58,1267.000000
planetlab1.cs.unc.edu,planetlab2.unr.edu,file256KB.txt,2015/09/30 10:41:58,2015/09/30 10:42:41,43599.000000
planetlab1.cs.unc.edu,planetlab2.unr.edu,file512KB.txt,2015/09/30 10:42:41,2015/09/30 10:44:06,84125.000000
planetlab1.cs.unc.edu,planetlab2.unr.edu,file1MB.txt,2015/09/30 10:44:06,2015/09/30 10:46:59,173935.000000
