ebb.colgate.edu,planetlab02.cs.washington.edu,file32B.txt,2015/09/30 04:13:59,2015/09/30 04:14:00,1193.000000
ebb.colgate.edu,planetlab02.cs.washington.edu,file1KB.txt,2015/09/30 04:14:00,2015/09/30 04:14:01,1407.000000
ebb.colgate.edu,planetlab02.cs.washington.edu,file256KB.txt,2015/09/30 04:14:01,2015/09/30 04:15:12,70219.000000
ebb.colgate.edu,planetlab02.cs.washington.edu,file512KB.txt,2015/09/30 04:15:12,2015/09/30 04:17:28,136389.000000
ebb.colgate.edu,planetlab02.cs.washington.edu,file1MB.txt,2015/09/30 04:17:28,2015/09/30 04:21:49,261227.000000
kc-sce-plab2.umkc.edu,planetlab02.cs.washington.edu,file32B.txt,2015/09/30 04:21:49,2015/09/30 04:21:51,2203.000000
kc-sce-plab2.umkc.edu,planetlab02.cs.washington.edu,file1KB.txt,2015/09/30 04:21:51,2015/09/30 04:21:55,3937.000000
kc-sce-plab2.umkc.edu,planetlab02.cs.washington.edu,file256KB.txt,2015/09/30 04:21:55,2015/09/30 04:24:03,127417.000000
kc-sce-plab2.umkc.edu,planetlab02.cs.washington.edu,file512KB.txt,2015/09/30 04:24:03,2015/09/30 04:27:02,179092.000000
kc-sce-plab2.umkc.edu,planetlab02.cs.washington.edu,file1MB.txt,2015/09/30 04:27:02,2015/09/30 04:29:58,176549.000000
node1.planetlab.mathcs.emory.edu,planetlab02.cs.washington.edu,file32B.txt,2015/09/30 04:29:58,2015/09/30 04:29:58,408.000000
node1.planetlab.mathcs.emory.edu,planetlab02.cs.washington.edu,file1KB.txt,2015/09/30 04:29:58,2015/09/30 04:29:58,478.000000
node1.planetlab.mathcs.emory.edu,planetlab02.cs.washington.edu,file256KB.txt,2015/09/30 04:29:58,2015/09/30 04:30:34,36334.000000
node1.planetlab.mathcs.emory.edu,planetlab02.cs.washington.edu,file512KB.txt,2015/09/30 04:30:34,2015/09/30 04:31:44,69864.000000
node1.planetlab.mathcs.emory.edu,planetlab02.cs.washington.edu,file1MB.txt,2015/09/30 04:31:44,2015/09/30 04:34:05,141568.000000
pl3.cs.unm.edu,planetlab02.cs.washington.edu,file32B.txt,2015/09/30 04:34:26,2015/09/30 04:34:26,350.000000
pl3.cs.unm.edu,planetlab02.cs.washington.edu,file1KB.txt,2015/09/30 04:34:26,2015/09/30 04:34:26,409.000000
pl3.cs.unm.edu,planetlab02.cs.washington.edu,file256KB.txt,2015/09/30 04:34:26,2015/09/30 04:34:56,30060.000000
pl3.cs.unm.edu,planetlab02.cs.washington.edu,file512KB.txt,2015/09/30 04:34:56,2015/09/30 04:35:56,60185.000000
pl3.cs.unm.edu,planetlab02.cs.washington.edu,file1MB.txt,2015/09/30 04:35:56,2015/09/30 04:37:56,120154.000000
plab3.eece.ksu.edu,planetlab02.cs.washington.edu,file32B.txt,2015/09/30 04:37:56,2015/09/30 04:37:56,251.000000
plab3.eece.ksu.edu,planetlab02.cs.washington.edu,file1KB.txt,2015/09/30 04:37:56,2015/09/30 04:37:57,1709.000000
plab3.eece.ksu.edu,planetlab02.cs.washington.edu,file256KB.txt,2015/09/30 04:37:57,2015/09/30 04:38:18,20800.000000
plab3.eece.ksu.edu,planetlab02.cs.washington.edu,file512KB.txt,2015/09/30 04:38:18,2015/09/30 04:39:00,-41533.000000
plab3.eece.ksu.edu,planetlab02.cs.washington.edu,file1MB.txt,2015/09/30 04:39:00,2015/09/30 04:40:27,87680.000000
planetlab-02.bu.edu,planetlab02.cs.washington.edu,file32B.txt,2015/09/30 04:40:27,2015/09/30 04:40:28,1490.000000
planetlab-02.bu.edu,planetlab02.cs.washington.edu,file1KB.txt,2015/09/30 04:40:28,2015/09/30 04:40:28,597.000000
planetlab-02.bu.edu,planetlab02.cs.washington.edu,file256KB.txt,2015/09/30 04:40:28,2015/09/30 04:41:15,47297.000000
planetlab-02.bu.edu,planetlab02.cs.washington.edu,file512KB.txt,2015/09/30 04:41:15,2015/09/30 04:42:45,90196.000000
planetlab-02.bu.edu,planetlab02.cs.washington.edu,file1MB.txt,2015/09/30 04:42:45,2015/09/30 04:45:41,176107.000000
planetlab1.clemson.edu,planetlab02.cs.washington.edu,file32B.txt,2015/09/30 04:46:02,2015/09/30 04:46:02,426.000000
planetlab1.clemson.edu,planetlab02.cs.washington.edu,file1KB.txt,2015/09/30 04:46:02,2015/09/30 04:46:02,493.000000
planetlab1.clemson.edu,planetlab02.cs.washington.edu,file256KB.txt,2015/09/30 04:46:02,2015/09/30 04:46:39,37570.000000
planetlab1.clemson.edu,planetlab02.cs.washington.edu,file512KB.txt,2015/09/30 04:46:39,2015/09/30 04:47:51,71460.000000
planetlab1.clemson.edu,planetlab02.cs.washington.edu,file1MB.txt,2015/09/30 04:47:51,2015/09/30 04:50:16,145355.000000
planetlab1.cs.du.edu,planetlab02.cs.washington.edu,file32B.txt,2015/09/30 04:50:16,2015/09/30 04:50:16,169.000000
planetlab1.cs.du.edu,planetlab02.cs.washington.edu,file1KB.txt,2015/09/30 04:50:16,2015/09/30 04:50:17,1800.000000
planetlab1.cs.du.edu,planetlab02.cs.washington.edu,file256KB.txt,2015/09/30 04:50:17,2015/09/30 04:50:32,14300.000000
planetlab1.cs.du.edu,planetlab02.cs.washington.edu,file512KB.txt,2015/09/30 04:50:32,2015/09/30 04:51:02,30506.000000
planetlab1.cs.du.edu,planetlab02.cs.washington.edu,file1MB.txt,2015/09/30 04:51:02,2015/09/30 04:52:01,59209.000000
planetlab1.cs.okstate.edu,planetlab02.cs.washington.edu,file32B.txt,2015/09/30 04:52:22,2015/09/30 04:52:22,409.000000
planetlab1.cs.okstate.edu,planetlab02.cs.washington.edu,file1KB.txt,2015/09/30 04:52:22,2015/09/30 04:52:22,316.000000
planetlab1.cs.okstate.edu,planetlab02.cs.washington.edu,file256KB.txt,2015/09/30 04:52:22,2015/09/30 04:52:46,24881.000000
planetlab1.cs.okstate.edu,planetlab02.cs.washington.edu,file512KB.txt,2015/09/30 04:52:46,2015/09/30 04:53:34,47365.000000
planetlab1.cs.okstate.edu,planetlab02.cs.washington.edu,file1MB.txt,2015/09/30 04:53:34,2015/09/30 04:55:06,91827.000000
planetlab1.cs.ucla.edu,planetlab02.cs.washington.edu,file32B.txt,2015/09/30 04:55:06,2015/09/30 04:55:07,1809.000000
planetlab1.cs.ucla.edu,planetlab02.cs.washington.edu,file1KB.txt,2015/09/30 04:55:07,2015/09/30 04:55:07,188.000000
planetlab1.cs.ucla.edu,planetlab02.cs.washington.edu,file256KB.txt,2015/09/30 04:55:07,2015/09/30 04:55:21,13954.000000
planetlab1.cs.ucla.edu,planetlab02.cs.washington.edu,file512KB.txt,2015/09/30 04:55:21,2015/09/30 04:55:48,26448.000000
planetlab1.cs.ucla.edu,planetlab02.cs.washington.edu,file1MB.txt,2015/09/30 04:55:48,2015/09/30 04:56:44,56536.000000
planetlab1.csuohio.edu,planetlab02.cs.washington.edu,file32B.txt,2015/09/30 04:56:44,2015/09/30 04:56:44,486.000000
planetlab1.csuohio.edu,planetlab02.cs.washington.edu,file1KB.txt,2015/09/30 04:56:44,2015/09/30 04:56:45,1522.000000
planetlab1.csuohio.edu,planetlab02.cs.washington.edu,file256KB.txt,2015/09/30 04:56:45,2015/09/30 04:57:17,31372.000000
planetlab1.csuohio.edu,planetlab02.cs.washington.edu,file512KB.txt,2015/09/30 04:57:17,2015/09/30 04:58:19,62614.000000
planetlab1.csuohio.edu,planetlab02.cs.washington.edu,file1MB.txt,2015/09/30 04:58:19,2015/09/30 05:00:22,122450.000000
planetlab1.ucsd.edu,planetlab02.cs.washington.edu,file32B.txt,2015/09/30 05:00:44,2015/09/30 05:00:45,1759.000000
planetlab1.ucsd.edu,planetlab02.cs.washington.edu,file1KB.txt,2015/09/30 05:00:45,2015/09/30 05:00:45,206.000000
planetlab1.ucsd.edu,planetlab02.cs.washington.edu,file256KB.txt,2015/09/30 05:00:45,2015/09/30 05:01:02,16416.000000
planetlab1.ucsd.edu,planetlab02.cs.washington.edu,file512KB.txt,2015/09/30 05:01:02,2015/09/30 05:01:32,30079.000000
planetlab1.ucsd.edu,planetlab02.cs.washington.edu,file1MB.txt,2015/09/30 05:01:32,2015/09/30 05:02:33,60972.000000
planetlab2.acis.ufl.edu,planetlab02.cs.washington.edu,file32B.txt,2015/09/30 05:02:33,2015/09/30 05:02:34,1426.000000
planetlab2.acis.ufl.edu,planetlab02.cs.washington.edu,file1KB.txt,2015/09/30 05:02:34,2015/09/30 05:02:34,573.000000
planetlab2.acis.ufl.edu,planetlab02.cs.washington.edu,file256KB.txt,2015/09/30 05:02:34,2015/09/30 05:03:17,43942.000000
planetlab2.acis.ufl.edu,planetlab02.cs.washington.edu,file512KB.txt,2015/09/30 05:03:17,2015/09/30 05:04:41,83351.000000
planetlab2.acis.ufl.edu,planetlab02.cs.washington.edu,file1MB.txt,2015/09/30 05:04:41,2015/09/30 05:07:29,167782.000000
planetlab2.arizona-gigapop.net,planetlab02.cs.washington.edu,file32B.txt,2015/09/30 05:07:29,2015/09/30 05:07:30,1726.000000
planetlab2.arizona-gigapop.net,planetlab02.cs.washington.edu,file1KB.txt,2015/09/30 05:07:30,2015/09/30 05:07:30,266.000000
planetlab2.arizona-gigapop.net,planetlab02.cs.washington.edu,file256KB.txt,2015/09/30 05:07:30,2015/09/30 05:07:49,18512.000000
planetlab2.arizona-gigapop.net,planetlab02.cs.washington.edu,file512KB.txt,2015/09/30 05:07:49,2015/09/30 05:08:29,40651.000000
planetlab2.arizona-gigapop.net,planetlab02.cs.washington.edu,file1MB.txt,2015/09/30 05:08:29,2015/09/30 05:09:51,81531.000000
planetlab2.citadel.edu,planetlab02.cs.washington.edu,file32B.txt,2015/09/30 05:09:51,2015/09/30 05:09:53,1772.000000
planetlab2.citadel.edu,planetlab02.cs.washington.edu,file1KB.txt,2015/09/30 05:09:53,2015/09/30 05:09:54,1447.000000
planetlab2.citadel.edu,planetlab02.cs.washington.edu,file256KB.txt,2015/09/30 05:09:54,2015/09/30 05:10:35,41022.000000
planetlab2.citadel.edu,planetlab02.cs.washington.edu,file512KB.txt,2015/09/30 05:10:35,2015/09/30 05:11:56,81459.000000
planetlab2.citadel.edu,planetlab02.cs.washington.edu,file1MB.txt,2015/09/30 05:11:56,2015/09/30 05:14:38,161637.000000
planetlab2.cs.pitt.edu,planetlab02.cs.washington.edu,file32B.txt,2015/09/30 05:14:38,2015/09/30 05:14:39,1296.000000
planetlab2.cs.pitt.edu,planetlab02.cs.washington.edu,file1KB.txt,2015/09/30 05:14:39,2015/09/30 05:14:39,449.000000
planetlab2.cs.pitt.edu,planetlab02.cs.washington.edu,file256KB.txt,2015/09/30 05:14:39,2015/09/30 05:15:13,34411.000000
planetlab2.cs.pitt.edu,planetlab02.cs.washington.edu,file512KB.txt,2015/09/30 05:15:13,2015/09/30 05:16:19,65501.000000
planetlab2.cs.pitt.edu,planetlab02.cs.washington.edu,file1MB.txt,2015/09/30 05:16:19,2015/09/30 05:18:31,132415.000000
planetlab2.cs.purdue.edu,planetlab02.cs.washington.edu,file32B.txt,2015/09/30 05:18:31,2015/09/30 05:18:31,473.000000
planetlab2.cs.purdue.edu,planetlab02.cs.washington.edu,file1KB.txt,2015/09/30 05:18:31,2015/09/30 05:18:32,1514.000000
planetlab2.cs.purdue.edu,planetlab02.cs.washington.edu,file256KB.txt,2015/09/30 05:18:32,2015/09/30 05:19:06,33649.000000
planetlab2.cs.purdue.edu,planetlab02.cs.washington.edu,file512KB.txt,2015/09/30 05:19:06,2015/09/30 05:20:15,69272.000000
planetlab2.cs.purdue.edu,planetlab02.cs.washington.edu,file1MB.txt,2015/09/30 05:20:15,2015/09/30 05:22:35,140336.000000
planetlab2.cs.uml.edu,planetlab02.cs.washington.edu,file32B.txt,2015/09/30 05:23:17,2015/09/30 05:23:17,534.000000
planetlab2.cs.uml.edu,planetlab02.cs.washington.edu,file1KB.txt,2015/09/30 05:23:17,2015/09/30 05:23:18,1470.000000
planetlab2.cs.uml.edu,planetlab02.cs.washington.edu,file256KB.txt,2015/09/30 05:23:18,2015/09/30 05:23:57,39079.000000
planetlab2.cs.uml.edu,planetlab02.cs.washington.edu,file512KB.txt,2015/09/30 05:23:57,2015/09/30 05:25:14,76468.000000
planetlab2.cs.uml.edu,planetlab02.cs.washington.edu,file1MB.txt,2015/09/30 05:25:14,2015/09/30 05:27:50,156876.000000
planetlab2.cs.unc.edu,planetlab02.cs.washington.edu,file32B.txt,2015/09/30 05:27:50,2015/09/30 05:27:50,555.000000
planetlab2.cs.unc.edu,planetlab02.cs.washington.edu,file1KB.txt,2015/09/30 05:27:50,2015/09/30 05:27:51,1459.000000
planetlab2.cs.unc.edu,planetlab02.cs.washington.edu,file256KB.txt,2015/09/30 05:27:51,2015/09/30 05:28:30,38569.000000
planetlab2.cs.unc.edu,planetlab02.cs.washington.edu,file512KB.txt,2015/09/30 05:28:30,2015/09/30 05:29:49,79046.000000
planetlab2.cs.unc.edu,planetlab02.cs.washington.edu,file1MB.txt,2015/09/30 05:29:49,2015/09/30 05:32:25,156030.000000
planetlab2.cs.uoregon.edu,planetlab02.cs.washington.edu,file32B.txt,2015/09/30 05:32:25,2015/09/30 05:32:27,2324.000000
planetlab2.cs.uoregon.edu,planetlab02.cs.washington.edu,file1KB.txt,2015/09/30 05:32:27,2015/09/30 05:32:27,57.000000
planetlab2.cs.uoregon.edu,planetlab02.cs.washington.edu,file256KB.txt,2015/09/30 05:32:27,2015/09/30 05:32:31,4187.000000
planetlab2.cs.uoregon.edu,planetlab02.cs.washington.edu,file512KB.txt,2015/09/30 05:32:31,2015/09/30 05:32:39,7891.000000
planetlab2.cs.uoregon.edu,planetlab02.cs.washington.edu,file1MB.txt,2015/09/30 05:32:39,2015/09/30 05:32:55,15852.000000
planetlab2.temple.edu,planetlab02.cs.washington.edu,file32B.txt,2015/09/30 05:32:55,2015/09/30 05:32:56,1044.000000
planetlab2.temple.edu,planetlab02.cs.washington.edu,file1KB.txt,2015/09/30 05:32:56,2015/09/30 05:32:56,510.000000
planetlab2.temple.edu,planetlab02.cs.washington.edu,file256KB.txt,2015/09/30 05:32:56,2015/09/30 05:33:35,39310.000000
planetlab2.temple.edu,planetlab02.cs.washington.edu,file512KB.txt,2015/09/30 05:33:35,2015/09/30 05:34:49,73881.000000
planetlab2.temple.edu,planetlab02.cs.washington.edu,file1MB.txt,2015/09/30 05:34:49,2015/09/30 05:37:16,147297.000000
planetlab2.unl.edu,planetlab02.cs.washington.edu,file32B.txt,2015/09/30 05:37:16,2015/09/30 05:37:16,400.000000
planetlab2.unl.edu,planetlab02.cs.washington.edu,file1KB.txt,2015/09/30 05:37:16,2015/09/30 05:37:17,1617.000000
planetlab2.unl.edu,planetlab02.cs.washington.edu,file256KB.txt,2015/09/30 05:37:17,2015/09/30 05:37:45,27880.000000
planetlab2.unl.edu,planetlab02.cs.washington.edu,file512KB.txt,2015/09/30 05:37:45,2015/09/30 05:38:41,55956.000000
planetlab2.unl.edu,planetlab02.cs.washington.edu,file1MB.txt,2015/09/30 05:38:41,2015/09/30 05:40:33,112132.000000
planetlab2.unr.edu,planetlab02.cs.washington.edu,file32B.txt,2015/09/30 05:40:33,2015/09/30 05:40:33,178.000000
planetlab2.unr.edu,planetlab02.cs.washington.edu,file1KB.txt,2015/09/30 05:40:33,2015/09/30 05:40:33,175.000000
planetlab2.unr.edu,planetlab02.cs.washington.edu,file256KB.txt,2015/09/30 05:40:33,2015/09/30 05:40:46,13206.000000
planetlab2.unr.edu,planetlab02.cs.washington.edu,file512KB.txt,2015/09/30 05:40:46,2015/09/30 05:41:11,24383.000000
planetlab2.unr.edu,planetlab02.cs.washington.edu,file1MB.txt,2015/09/30 05:41:11,2015/09/30 05:42:02,51393.000000
planetlab2.uta.edu,planetlab02.cs.washington.edu,file32B.txt,2015/09/30 05:42:02,2015/09/30 05:42:02,342.000000
planetlab2.uta.edu,planetlab02.cs.washington.edu,file1KB.txt,2015/09/30 05:42:02,2015/09/30 05:42:03,1653.000000
planetlab2.uta.edu,planetlab02.cs.washington.edu,file256KB.txt,2015/09/30 05:42:03,2015/09/30 05:42:31,27820.000000
planetlab2.uta.edu,planetlab02.cs.washington.edu,file512KB.txt,2015/09/30 05:42:31,2015/09/30 05:43:26,54930.000000
planetlab2.uta.edu,planetlab02.cs.washington.edu,file1MB.txt,2015/09/30 05:43:26,2015/09/30 05:45:14,108317.000000
planetlab2.utdallas.edu,planetlab02.cs.washington.edu,file32B.txt,2015/09/30 05:45:14,2015/09/30 05:45:14,402.000000
planetlab2.utdallas.edu,planetlab02.cs.washington.edu,file1KB.txt,2015/09/30 05:45:14,2015/09/30 05:45:14,398.000000
planetlab2.utdallas.edu,planetlab02.cs.washington.edu,file256KB.txt,2015/09/30 05:45:14,2015/09/30 05:45:45,31136.000000
planetlab2.utdallas.edu,planetlab02.cs.washington.edu,file512KB.txt,2015/09/30 05:45:45,2015/09/30 05:46:43,58281.000000
planetlab2.utdallas.edu,planetlab02.cs.washington.edu,file1MB.txt,2015/09/30 05:46:43,2015/09/30 05:48:38,114817.000000
planetlab3.eecs.umich.edu,planetlab02.cs.washington.edu,file32B.txt,2015/09/30 05:48:38,2015/09/30 05:48:39,1615.000000
planetlab3.eecs.umich.edu,planetlab02.cs.washington.edu,file1KB.txt,2015/09/30 05:48:39,2015/09/30 05:48:39,380.000000
planetlab3.eecs.umich.edu,planetlab02.cs.washington.edu,file256KB.txt,2015/09/30 05:48:39,2015/09/30 05:49:07,28001.000000
planetlab3.eecs.umich.edu,planetlab02.cs.washington.edu,file512KB.txt,2015/09/30 05:49:07,2015/09/30 05:50:03,-56083.000000
planetlab3.eecs.umich.edu,planetlab02.cs.washington.edu,file1MB.txt,2015/09/30 05:50:03,2015/09/30 05:51:54,110706.000000
planetlab3.rutgers.edu,planetlab02.cs.washington.edu,file32B.txt,2015/09/30 05:51:54,2015/09/30 05:51:55,682.000000
planetlab3.rutgers.edu,planetlab02.cs.washington.edu,file1KB.txt,2015/09/30 05:51:55,2015/09/30 05:51:56,1499.000000
planetlab3.rutgers.edu,planetlab02.cs.washington.edu,file256KB.txt,2015/09/30 05:51:56,2015/09/30 05:52:33,36969.000000
planetlab3.rutgers.edu,planetlab02.cs.washington.edu,file512KB.txt,2015/09/30 05:52:33,2015/09/30 05:53:47,74389.000000
planetlab3.rutgers.edu,planetlab02.cs.washington.edu,file1MB.txt,2015/09/30 05:53:47,2015/09/30 05:56:14,146929.000000
planetlab3.wail.wisc.edu,planetlab02.cs.washington.edu,file32B.txt,2015/09/30 05:56:14,2015/09/30 05:56:14,540.000000
planetlab3.wail.wisc.edu,planetlab02.cs.washington.edu,file1KB.txt,2015/09/30 05:56:14,2015/09/30 05:56:15,1532.000000
planetlab3.wail.wisc.edu,planetlab02.cs.washington.edu,file256KB.txt,2015/09/30 05:56:15,2015/09/30 05:56:49,33618.000000
planetlab3.wail.wisc.edu,planetlab02.cs.washington.edu,file512KB.txt,2015/09/30 05:56:49,2015/09/30 05:57:58,69576.000000
planetlab3.wail.wisc.edu,planetlab02.cs.washington.edu,file1MB.txt,2015/09/30 05:57:58,2015/09/30 06:00:15,136940.000000
planetlab4.tamu.edu,planetlab02.cs.washington.edu,file32B.txt,2015/09/30 06:00:15,2015/09/30 06:00:16,792.000000
planetlab4.tamu.edu,planetlab02.cs.washington.edu,file1KB.txt,2015/09/30 06:00:16,2015/09/30 06:00:16,355.000000
planetlab4.tamu.edu,planetlab02.cs.washington.edu,file256KB.txt,2015/09/30 06:00:16,2015/09/30 06:00:42,25912.000000
planetlab4.tamu.edu,planetlab02.cs.washington.edu,file512KB.txt,2015/09/30 06:00:42,2015/09/30 06:01:34,51898.000000
planetlab4.tamu.edu,planetlab02.cs.washington.edu,file1MB.txt,2015/09/30 06:01:34,2015/09/30 06:03:18,104656.000000
planetlab-5.eecs.cwru.edu,planetlab02.cs.washington.edu,file32B.txt,2015/09/30 06:03:18,2015/09/30 06:03:18,505.000000
planetlab-5.eecs.cwru.edu,planetlab02.cs.washington.edu,file1KB.txt,2015/09/30 06:03:18,2015/09/30 06:03:19,1520.000000
planetlab-5.eecs.cwru.edu,planetlab02.cs.washington.edu,file256KB.txt,2015/09/30 06:03:19,2015/09/30 06:03:54,34808.000000
planetlab-5.eecs.cwru.edu,planetlab02.cs.washington.edu,file512KB.txt,2015/09/30 06:03:54,2015/09/30 06:05:04,70052.000000
planetlab-5.eecs.cwru.edu,planetlab02.cs.washington.edu,file1MB.txt,2015/09/30 06:05:04,2015/09/30 06:07:24,140264.000000
planetlabone.ccs.neu.edu,planetlab02.cs.washington.edu,file32B.txt,2015/09/30 06:07:24,2015/09/30 06:07:24,653.000000
planetlabone.ccs.neu.edu,planetlab02.cs.washington.edu,file1KB.txt,2015/09/30 06:07:24,2015/09/30 06:07:25,1493.000000
planetlabone.ccs.neu.edu,planetlab02.cs.washington.edu,file256KB.txt,2015/09/30 06:07:25,2015/09/30 06:08:02,36995.000000
planetlabone.ccs.neu.edu,planetlab02.cs.washington.edu,file512KB.txt,2015/09/30 06:08:02,2015/09/30 06:09:40,97771.000000
planetlabone.ccs.neu.edu,planetlab02.cs.washington.edu,file1MB.txt,2015/09/30 06:09:40,2015/09/30 06:12:07,146691.000000
pl-node-0.csl.sri.com,planetlab02.cs.washington.edu,file32B.txt,2015/09/30 06:12:07,2015/09/30 06:12:07,245.000000
pl-node-0.csl.sri.com,planetlab02.cs.washington.edu,file1KB.txt,2015/09/30 06:12:07,2015/09/30 06:12:08,1848.000000
pl-node-0.csl.sri.com,planetlab02.cs.washington.edu,file256KB.txt,2015/09/30 06:12:08,2015/09/30 06:12:21,13093.000000
pl-node-0.csl.sri.com,planetlab02.cs.washington.edu,file512KB.txt,2015/09/30 06:12:21,2015/09/30 06:12:47,25617.000000
pl-node-0.csl.sri.com,planetlab02.cs.washington.edu,file1MB.txt,2015/09/30 06:12:47,2015/09/30 06:13:40,53133.000000
ricepl-5.cs.rice.edu,planetlab02.cs.washington.edu,file32B.txt,2015/09/30 06:13:40,2015/09/30 06:13:40,431.000000
ricepl-5.cs.rice.edu,planetlab02.cs.washington.edu,file1KB.txt,2015/09/30 06:13:40,2015/09/30 06:13:41,1626.000000
ricepl-5.cs.rice.edu,planetlab02.cs.washington.edu,file256KB.txt,2015/09/30 06:13:41,2015/09/30 06:14:08,27015.000000
ricepl-5.cs.rice.edu,planetlab02.cs.washington.edu,file512KB.txt,2015/09/30 06:14:08,2015/09/30 06:15:02,54094.000000
ricepl-5.cs.rice.edu,planetlab02.cs.washington.edu,file1MB.txt,2015/09/30 06:15:02,2015/09/30 06:16:49,106535.000000
salt.planetlab.cs.umd.edu,planetlab02.cs.washington.edu,file32B.txt,2015/09/30 06:16:49,2015/09/30 06:16:50,1447.000000
salt.planetlab.cs.umd.edu,planetlab02.cs.washington.edu,file1KB.txt,2015/09/30 06:16:50,2015/09/30 06:16:50,477.000000
salt.planetlab.cs.umd.edu,planetlab02.cs.washington.edu,file256KB.txt,2015/09/30 06:16:50,2015/09/30 06:17:25,34977.000000
salt.planetlab.cs.umd.edu,planetlab02.cs.washington.edu,file512KB.txt,2015/09/30 06:17:25,2015/09/30 06:18:35,70411.000000
salt.planetlab.cs.umd.edu,planetlab02.cs.washington.edu,file1MB.txt,2015/09/30 06:18:35,2015/09/30 06:20:54,139119.000000
pl1.eecs.utk.edu,planetlab02.cs.washington.edu,file32B.txt,2015/09/30 06:20:54,2015/09/30 06:20:55,1062.000000
pl1.eecs.utk.edu,planetlab02.cs.washington.edu,file1KB.txt,2015/09/30 06:20:55,2015/09/30 06:20:55,721.000000
pl1.eecs.utk.edu,planetlab02.cs.washington.edu,file256KB.txt,2015/09/30 06:20:55,2015/09/30 06:22:06,71924.000000
pl1.eecs.utk.edu,planetlab02.cs.washington.edu,file512KB.txt,2015/09/30 06:22:06,2015/09/30 06:24:11,124701.000000
pl1.eecs.utk.edu,planetlab02.cs.washington.edu,file1MB.txt,2015/09/30 06:24:11,2015/09/30 06:27:41,210097.000000
planetlab-01.vt.nodes.planet-lab.org,planetlab02.cs.washington.edu,file32B.txt,2015/09/30 06:27:41,2015/09/30 06:27:41,685.000000
planetlab-01.vt.nodes.planet-lab.org,planetlab02.cs.washington.edu,file1KB.txt,2015/09/30 06:27:41,2015/09/30 06:27:42,1434.000000
planetlab-01.vt.nodes.planet-lab.org,planetlab02.cs.washington.edu,file256KB.txt,2015/09/30 06:27:42,2015/09/30 06:28:23,40615.000000
planetlab-01.vt.nodes.planet-lab.org,planetlab02.cs.washington.edu,file512KB.txt,2015/09/30 06:28:23,2015/09/30 06:29:46,83517.000000
planetlab-01.vt.nodes.planet-lab.org,planetlab02.cs.washington.edu,file1MB.txt,2015/09/30 06:29:46,2015/09/30 06:32:30,164125.000000
planetlab-04.vt.nodes.planet-lab.org,planetlab02.cs.washington.edu,file32B.txt,2015/09/30 06:32:30,2015/09/30 06:32:30,624.000000
planetlab-04.vt.nodes.planet-lab.org,planetlab02.cs.washington.edu,file1KB.txt,2015/09/30 06:32:30,2015/09/30 06:32:31,1442.000000
planetlab-04.vt.nodes.planet-lab.org,planetlab02.cs.washington.edu,file256KB.txt,2015/09/30 06:32:31,2015/09/30 06:33:12,40551.000000
planetlab-04.vt.nodes.planet-lab.org,planetlab02.cs.washington.edu,file512KB.txt,2015/09/30 06:33:12,2015/09/30 06:34:34,82221.000000
planetlab-04.vt.nodes.planet-lab.org,planetlab02.cs.washington.edu,file1MB.txt,2015/09/30 06:34:34,2015/09/30 06:37:17,163177.000000
planetlab-4.eecs.cwru.edu,planetlab02.cs.washington.edu,file32B.txt,2015/09/30 06:37:17,2015/09/30 06:37:17,484.000000
planetlab-4.eecs.cwru.edu,planetlab02.cs.washington.edu,file1KB.txt,2015/09/30 06:37:17,2015/09/30 06:37:18,1520.000000
planetlab-4.eecs.cwru.edu,planetlab02.cs.washington.edu,file256KB.txt,2015/09/30 06:37:18,2015/09/30 06:37:53,34840.000000
planetlab-4.eecs.cwru.edu,planetlab02.cs.washington.edu,file512KB.txt,2015/09/30 06:37:53,2015/09/30 06:39:03,69763.000000
planetlab-4.eecs.cwru.edu,planetlab02.cs.washington.edu,file1MB.txt,2015/09/30 06:39:03,2015/09/30 06:41:23,140158.000000
planetlab01.cs.washington.edu,planetlab02.cs.washington.edu,file32B.txt,2015/09/30 06:41:23,2015/09/30 06:41:23,4.000000
planetlab01.cs.washington.edu,planetlab02.cs.washington.edu,file1KB.txt,2015/09/30 06:41:23,2015/09/30 06:41:23,3.000000
planetlab01.cs.washington.edu,planetlab02.cs.washington.edu,file256KB.txt,2015/09/30 06:41:23,2015/09/30 06:41:23,125.000000
planetlab01.cs.washington.edu,planetlab02.cs.washington.edu,file512KB.txt,2015/09/30 06:41:23,2015/09/30 06:41:24,1760.000000
planetlab01.cs.washington.edu,planetlab02.cs.washington.edu,file1MB.txt,2015/09/30 06:41:24,2015/09/30 06:41:24,441.000000
planetlab02.cs.washington.edu,planetlab02.cs.washington.edu,file32B.txt,2015/09/30 06:41:24,2015/09/30 06:41:24,2.000000
planetlab02.cs.washington.edu,planetlab02.cs.washington.edu,file1KB.txt,2015/09/30 06:41:24,2015/09/30 06:41:24,1.000000
planetlab02.cs.washington.edu,planetlab02.cs.washington.edu,file256KB.txt,2015/09/30 06:41:24,2015/09/30 06:41:24,32.000000
planetlab02.cs.washington.edu,planetlab02.cs.washington.edu,file512KB.txt,2015/09/30 06:41:24,2015/09/30 06:41:24,64.000000
planetlab02.cs.washington.edu,planetlab02.cs.washington.edu,file1MB.txt,2015/09/30 06:41:24,2015/09/30 06:41:24,127.000000
planetlab1.arizona-gigapop.net,planetlab02.cs.washington.edu,file32B.txt,2015/09/30 06:41:24,2015/09/30 06:41:24,226.000000
planetlab1.arizona-gigapop.net,planetlab02.cs.washington.edu,file1KB.txt,2015/09/30 06:41:24,2015/09/30 06:41:25,1733.000000
planetlab1.arizona-gigapop.net,planetlab02.cs.washington.edu,file256KB.txt,2015/09/30 06:41:25,2015/09/30 06:41:44,18677.000000
planetlab1.arizona-gigapop.net,planetlab02.cs.washington.edu,file512KB.txt,2015/09/30 06:41:44,2015/09/30 06:42:23,39449.000000
planetlab1.arizona-gigapop.net,planetlab02.cs.washington.edu,file1MB.txt,2015/09/30 06:42:23,2015/09/30 06:43:39,75164.000000
planetlab1.cs.unc.edu,planetlab02.cs.washington.edu,file32B.txt,2015/09/30 06:43:39,2015/09/30 06:43:40,1520.000000
planetlab1.cs.unc.edu,planetlab02.cs.washington.edu,file1KB.txt,2015/09/30 06:43:40,2015/09/30 06:43:40,557.000000
planetlab1.cs.unc.edu,planetlab02.cs.washington.edu,file256KB.txt,2015/09/30 06:43:40,2015/09/30 06:44:21,41061.000000
planetlab1.cs.unc.edu,planetlab02.cs.washington.edu,file512KB.txt,2015/09/30 06:44:21,2015/09/30 06:45:43,82013.000000
planetlab1.cs.unc.edu,planetlab02.cs.washington.edu,file1MB.txt,2015/09/30 06:45:43,2015/09/30 06:48:26,163245.000000
