ebb.colgate.edu,pl-node-0.csl.sri.com,file32B.txt,2015/09/30 04:13:38,2015/09/30 04:13:39,251.000000
ebb.colgate.edu,pl-node-0.csl.sri.com,file1KB.txt,2015/09/30 04:13:39,2015/09/30 04:13:41,2210.000000
ebb.colgate.edu,pl-node-0.csl.sri.com,file256KB.txt,2015/09/30 04:13:41,2015/09/30 04:14:52,71529.000000
ebb.colgate.edu,pl-node-0.csl.sri.com,file512KB.txt,2015/09/30 04:14:52,2015/09/30 04:17:15,142488.000000
ebb.colgate.edu,pl-node-0.csl.sri.com,file1MB.txt,2015/09/30 04:17:15,2015/09/30 04:21:29,253593.000000
kc-sce-plab2.umkc.edu,pl-node-0.csl.sri.com,file32B.txt,2015/09/30 04:21:29,2015/09/30 04:21:32,3666.000000
kc-sce-plab2.umkc.edu,pl-node-0.csl.sri.com,file1KB.txt,2015/09/30 04:21:32,2015/09/30 04:21:34,1746.000000
kc-sce-plab2.umkc.edu,pl-node-0.csl.sri.com,file256KB.txt,2015/09/30 04:21:34,2015/09/30 04:23:56,142010.000000
kc-sce-plab2.umkc.edu,pl-node-0.csl.sri.com,file512KB.txt,2015/09/30 04:23:56,2015/09/30 04:27:44,228345.000000
kc-sce-plab2.umkc.edu,pl-node-0.csl.sri.com,file1MB.txt,2015/09/30 04:27:44,2015/09/30 04:30:45,181042.000000
node1.planetlab.mathcs.emory.edu,pl-node-0.csl.sri.com,file32B.txt,2015/09/30 04:30:45,2015/09/30 04:30:46,824.000000
node1.planetlab.mathcs.emory.edu,pl-node-0.csl.sri.com,file1KB.txt,2015/09/30 04:30:46,2015/09/30 04:30:47,813.000000
node1.planetlab.mathcs.emory.edu,pl-node-0.csl.sri.com,file256KB.txt,2015/09/30 04:30:47,2015/09/30 04:31:24,36607.000000
node1.planetlab.mathcs.emory.edu,pl-node-0.csl.sri.com,file512KB.txt,2015/09/30 04:31:24,2015/09/30 04:32:38,74541.000000
node1.planetlab.mathcs.emory.edu,pl-node-0.csl.sri.com,file1MB.txt,2015/09/30 04:32:38,2015/09/30 04:35:06,147887.000000
pl3.cs.unm.edu,pl-node-0.csl.sri.com,file32B.txt,2015/09/30 04:35:27,2015/09/30 04:35:27,316.000000
pl3.cs.unm.edu,pl-node-0.csl.sri.com,file1KB.txt,2015/09/30 04:35:27,2015/09/30 04:35:28,1631.000000
pl3.cs.unm.edu,pl-node-0.csl.sri.com,file256KB.txt,2015/09/30 04:35:28,2015/09/30 04:35:50,22070.000000
pl3.cs.unm.edu,pl-node-0.csl.sri.com,file512KB.txt,2015/09/30 04:35:50,2015/09/30 04:36:33,43075.000000
pl3.cs.unm.edu,pl-node-0.csl.sri.com,file1MB.txt,2015/09/30 04:36:33,2015/09/30 04:38:05,92120.000000
plab3.eece.ksu.edu,pl-node-0.csl.sri.com,file32B.txt,2015/09/30 04:38:05,2015/09/30 04:38:05,649.000000
plab3.eece.ksu.edu,pl-node-0.csl.sri.com,file1KB.txt,2015/09/30 04:38:05,2015/09/30 04:38:06,1326.000000
plab3.eece.ksu.edu,pl-node-0.csl.sri.com,file256KB.txt,2015/09/30 04:38:06,2015/09/30 04:38:44,-38361.000000
plab3.eece.ksu.edu,pl-node-0.csl.sri.com,file512KB.txt,2015/09/30 04:38:44,2015/09/30 04:40:09,84417.000000
plab3.eece.ksu.edu,pl-node-0.csl.sri.com,file1MB.txt,2015/09/30 04:40:09,2015/09/30 04:42:37,147812.000000
planetlab-02.bu.edu,pl-node-0.csl.sri.com,file32B.txt,2015/09/30 04:42:38,2015/09/30 04:42:39,1254.000000
planetlab-02.bu.edu,pl-node-0.csl.sri.com,file1KB.txt,2015/09/30 04:42:39,2015/09/30 04:42:39,749.000000
planetlab-02.bu.edu,pl-node-0.csl.sri.com,file256KB.txt,2015/09/30 04:42:39,2015/09/30 04:43:27,48839.000000
planetlab-02.bu.edu,pl-node-0.csl.sri.com,file512KB.txt,2015/09/30 04:43:27,2015/09/30 04:45:00,92244.000000
planetlab-02.bu.edu,pl-node-0.csl.sri.com,file1MB.txt,2015/09/30 04:45:00,2015/09/30 04:48:21,201425.000000
planetlab1.clemson.edu,pl-node-0.csl.sri.com,file32B.txt,2015/09/30 04:48:42,2015/09/30 04:48:43,1441.000000
planetlab1.clemson.edu,pl-node-0.csl.sri.com,file1KB.txt,2015/09/30 04:48:43,2015/09/30 04:48:43,643.000000
planetlab1.clemson.edu,pl-node-0.csl.sri.com,file256KB.txt,2015/09/30 04:48:43,2015/09/30 04:49:27,44756.000000
planetlab1.clemson.edu,pl-node-0.csl.sri.com,file512KB.txt,2015/09/30 04:49:27,2015/09/30 04:50:53,86193.000000
planetlab1.clemson.edu,pl-node-0.csl.sri.com,file1MB.txt,2015/09/30 04:50:53,2015/09/30 04:53:42,168399.000000
planetlab1.cs.du.edu,pl-node-0.csl.sri.com,file32B.txt,2015/09/30 04:53:43,2015/09/30 04:53:43,473.000000
planetlab1.cs.du.edu,pl-node-0.csl.sri.com,file1KB.txt,2015/09/30 04:53:43,2015/09/30 04:53:44,1560.000000
planetlab1.cs.du.edu,pl-node-0.csl.sri.com,file256KB.txt,2015/09/30 04:53:44,2015/09/30 04:54:15,30923.000000
planetlab1.cs.du.edu,pl-node-0.csl.sri.com,file512KB.txt,2015/09/30 04:54:15,2015/09/30 04:55:28,72998.000000
planetlab1.cs.du.edu,pl-node-0.csl.sri.com,file1MB.txt,2015/09/30 04:55:28,2015/09/30 05:00:41,313209.000000
planetlab-1.cse.ohio-state.edu,pl-node-0.csl.sri.com,file32B.txt,2015/09/30 05:00:42,2015/09/30 05:01:05,22999.000000
planetlab-1.cse.ohio-state.edu,pl-node-0.csl.sri.com,file1KB.txt,2015/09/30 05:01:05,2015/09/30 05:01:15,9661.000000
planetlab-1.cse.ohio-state.edu,pl-node-0.csl.sri.com,file256KB.txt,2015/09/30 05:01:15,2015/09/30 05:24:25,1389578.000000
planetlab-1.cse.ohio-state.edu,pl-node-0.csl.sri.com,file512KB.txt,2015/09/30 05:24:25,2015/09/30 06:23:14,765301.000000
planetlab-1.cse.ohio-state.edu,pl-node-0.csl.sri.com,file1MB.txt,2015/09/30 06:23:14,2015/09/30 08:10:26,2136341.000000
planetlab1.cs.okstate.edu,pl-node-0.csl.sri.com,file32B.txt,2015/09/30 08:10:26,2015/09/30 08:10:27,1595.000000
planetlab1.cs.okstate.edu,pl-node-0.csl.sri.com,file1KB.txt,2015/09/30 08:10:27,2015/09/30 08:10:27,523.000000
planetlab1.cs.okstate.edu,pl-node-0.csl.sri.com,file256KB.txt,2015/09/30 08:10:27,2015/09/30 08:10:56,29516.000000
planetlab1.cs.okstate.edu,pl-node-0.csl.sri.com,file512KB.txt,2015/09/30 08:10:56,2015/09/30 08:11:54,57373.000000
planetlab1.cs.okstate.edu,pl-node-0.csl.sri.com,file1MB.txt,2015/09/30 08:11:54,2015/09/30 08:13:54,-120908.000000
planetlab1.cs.ucla.edu,pl-node-0.csl.sri.com,file32B.txt,2015/09/30 08:13:54,2015/09/30 08:13:54,248.000000
planetlab1.cs.ucla.edu,pl-node-0.csl.sri.com,file1KB.txt,2015/09/30 08:13:54,2015/09/30 08:13:54,172.000000
planetlab1.cs.ucla.edu,pl-node-0.csl.sri.com,file256KB.txt,2015/09/30 08:13:54,2015/09/30 08:14:03,9235.000000
planetlab1.cs.ucla.edu,pl-node-0.csl.sri.com,file512KB.txt,2015/09/30 08:14:03,2015/09/30 08:14:19,15703.000000
planetlab1.cs.ucla.edu,pl-node-0.csl.sri.com,file1MB.txt,2015/09/30 08:14:19,2015/09/30 08:14:51,31742.000000
planetlab1.csuohio.edu,pl-node-0.csl.sri.com,file32B.txt,2015/09/30 08:14:51,2015/09/30 08:14:52,1441.000000
planetlab1.csuohio.edu,pl-node-0.csl.sri.com,file1KB.txt,2015/09/30 08:14:52,2015/09/30 08:14:53,1144.000000
planetlab1.csuohio.edu,pl-node-0.csl.sri.com,file256KB.txt,2015/09/30 08:14:53,2015/09/30 08:15:35,41398.000000
planetlab1.csuohio.edu,pl-node-0.csl.sri.com,file512KB.txt,2015/09/30 08:15:35,2015/09/30 08:17:02,87558.000000
planetlab1.csuohio.edu,pl-node-0.csl.sri.com,file1MB.txt,2015/09/30 08:17:02,2015/09/30 08:19:58,176132.000000
planetlab1.ucsd.edu,pl-node-0.csl.sri.com,file32B.txt,2015/09/30 08:20:19,2015/09/30 08:20:20,1735.000000
planetlab1.ucsd.edu,pl-node-0.csl.sri.com,file1KB.txt,2015/09/30 08:20:20,2015/09/30 08:20:20,186.000000
planetlab1.ucsd.edu,pl-node-0.csl.sri.com,file256KB.txt,2015/09/30 08:20:20,2015/09/30 08:20:30,10179.000000
planetlab1.ucsd.edu,pl-node-0.csl.sri.com,file512KB.txt,2015/09/30 08:20:30,2015/09/30 08:20:48,17455.000000
planetlab1.ucsd.edu,pl-node-0.csl.sri.com,file1MB.txt,2015/09/30 08:20:48,2015/09/30 08:21:27,39662.000000
planetlab2.acis.ufl.edu,pl-node-0.csl.sri.com,file32B.txt,2015/09/30 08:21:27,2015/09/30 08:21:27,650.000000
planetlab2.acis.ufl.edu,pl-node-0.csl.sri.com,file1KB.txt,2015/09/30 08:21:27,2015/09/30 08:21:28,1018.000000
planetlab2.acis.ufl.edu,pl-node-0.csl.sri.com,file256KB.txt,2015/09/30 08:21:28,2015/09/30 08:22:19,51158.000000
planetlab2.acis.ufl.edu,pl-node-0.csl.sri.com,file512KB.txt,2015/09/30 08:22:19,2015/09/30 08:23:57,97982.000000
planetlab2.acis.ufl.edu,pl-node-0.csl.sri.com,file1MB.txt,2015/09/30 08:23:57,2015/09/30 08:27:12,195018.000000
planetlab2.arizona-gigapop.net,pl-node-0.csl.sri.com,file32B.txt,2015/09/30 08:27:12,2015/09/30 08:27:13,1550.000000
planetlab2.arizona-gigapop.net,pl-node-0.csl.sri.com,file1KB.txt,2015/09/30 08:27:13,2015/09/30 08:27:13,259.000000
planetlab2.arizona-gigapop.net,pl-node-0.csl.sri.com,file256KB.txt,2015/09/30 08:27:13,2015/09/30 08:27:25,11975.000000
planetlab2.arizona-gigapop.net,pl-node-0.csl.sri.com,file512KB.txt,2015/09/30 08:27:25,2015/09/30 08:27:49,24288.000000
planetlab2.arizona-gigapop.net,pl-node-0.csl.sri.com,file1MB.txt,2015/09/30 08:27:49,2015/09/30 08:28:36,46521.000000
planetlab2.citadel.edu,pl-node-0.csl.sri.com,file32B.txt,2015/09/30 08:28:36,2015/09/30 08:28:37,1330.000000
planetlab2.citadel.edu,pl-node-0.csl.sri.com,file1KB.txt,2015/09/30 08:28:37,2015/09/30 08:28:37,644.000000
planetlab2.citadel.edu,pl-node-0.csl.sri.com,file256KB.txt,2015/09/30 08:28:37,2015/09/30 08:29:20,43161.000000
planetlab2.citadel.edu,pl-node-0.csl.sri.com,file512KB.txt,2015/09/30 08:29:20,2015/09/30 08:30:41,80855.000000
planetlab2.citadel.edu,pl-node-0.csl.sri.com,file1MB.txt,2015/09/30 08:30:41,2015/09/30 08:33:23,162499.000000
planetlab2.cs.pitt.edu,pl-node-0.csl.sri.com,file32B.txt,2015/09/30 08:33:23,2015/09/30 08:33:24,1469.000000
planetlab2.cs.pitt.edu,pl-node-0.csl.sri.com,file1KB.txt,2015/09/30 08:33:24,2015/09/30 08:33:24,605.000000
planetlab2.cs.pitt.edu,pl-node-0.csl.sri.com,file256KB.txt,2015/09/30 08:33:24,2015/09/30 08:34:02,38088.000000
planetlab2.cs.pitt.edu,pl-node-0.csl.sri.com,file512KB.txt,2015/09/30 08:34:02,2015/09/30 08:35:16,74278.000000
planetlab2.cs.pitt.edu,pl-node-0.csl.sri.com,file1MB.txt,2015/09/30 08:35:16,2015/09/30 08:37:43,146607.000000
planetlab2.cs.purdue.edu,pl-node-0.csl.sri.com,file32B.txt,2015/09/30 08:37:43,2015/09/30 08:37:45,2511.000000
planetlab2.cs.purdue.edu,pl-node-0.csl.sri.com,file1KB.txt,2015/09/30 08:37:45,2015/09/30 08:37:46,397.000000
planetlab2.cs.purdue.edu,pl-node-0.csl.sri.com,file256KB.txt,2015/09/30 08:37:46,2015/09/30 08:40:58,192577.000000
planetlab2.cs.purdue.edu,pl-node-0.csl.sri.com,file512KB.txt,2015/09/30 08:40:58,2015/09/30 08:47:10,372257.000000
planetlab2.cs.purdue.edu,pl-node-0.csl.sri.com,file1MB.txt,2015/09/30 08:47:10,2015/09/30 08:54:37,446186.000000
planetlab2.cs.uml.edu,pl-node-0.csl.sri.com,file32B.txt,2015/09/30 08:55:20,2015/09/30 08:55:21,1004.000000
planetlab2.cs.uml.edu,pl-node-0.csl.sri.com,file1KB.txt,2015/09/30 08:55:21,2015/09/30 08:55:22,810.000000
planetlab2.cs.uml.edu,pl-node-0.csl.sri.com,file256KB.txt,2015/09/30 08:55:22,2015/09/30 08:56:17,54401.000000
planetlab2.cs.uml.edu,pl-node-0.csl.sri.com,file512KB.txt,2015/09/30 08:56:17,2015/09/30 08:58:00,103243.000000
planetlab2.cs.uml.edu,pl-node-0.csl.sri.com,file1MB.txt,2015/09/30 08:58:00,2015/09/30 09:01:08,188362.000000
planetlab2.cs.unc.edu,pl-node-0.csl.sri.com,file32B.txt,2015/09/30 09:01:08,2015/09/30 09:01:09,1304.000000
planetlab2.cs.unc.edu,pl-node-0.csl.sri.com,file1KB.txt,2015/09/30 09:01:09,2015/09/30 09:01:09,850.000000
planetlab2.cs.unc.edu,pl-node-0.csl.sri.com,file256KB.txt,2015/09/30 09:01:09,2015/09/30 09:01:55,46577.000000
planetlab2.cs.unc.edu,pl-node-0.csl.sri.com,file512KB.txt,2015/09/30 09:01:55,2015/09/30 09:03:25,89376.000000
planetlab2.cs.unc.edu,pl-node-0.csl.sri.com,file1MB.txt,2015/09/30 09:03:25,2015/09/30 09:06:26,181776.000000
planetlab2.cs.uoregon.edu,pl-node-0.csl.sri.com,file32B.txt,2015/09/30 09:06:26,2015/09/30 09:06:26,467.000000
planetlab2.cs.uoregon.edu,pl-node-0.csl.sri.com,file1KB.txt,2015/09/30 09:06:26,2015/09/30 09:06:26,352.000000
planetlab2.cs.uoregon.edu,pl-node-0.csl.sri.com,file256KB.txt,2015/09/30 09:06:26,2015/09/30 09:06:43,17867.000000
planetlab2.cs.uoregon.edu,pl-node-0.csl.sri.com,file512KB.txt,2015/09/30 09:06:43,2015/09/30 09:07:14,30892.000000
planetlab2.cs.uoregon.edu,pl-node-0.csl.sri.com,file1MB.txt,2015/09/30 09:07:14,2015/09/30 09:08:17,62928.000000
planetlab2.temple.edu,pl-node-0.csl.sri.com,file32B.txt,2015/09/30 09:08:17,2015/09/30 09:08:17,668.000000
planetlab2.temple.edu,pl-node-0.csl.sri.com,file1KB.txt,2015/09/30 09:08:17,2015/09/30 09:08:18,1373.000000
planetlab2.temple.edu,pl-node-0.csl.sri.com,file256KB.txt,2015/09/30 09:08:18,2015/09/30 09:09:04,46253.000000
planetlab2.temple.edu,pl-node-0.csl.sri.com,file512KB.txt,2015/09/30 09:09:04,2015/09/30 09:10:34,89949.000000
planetlab2.temple.edu,pl-node-0.csl.sri.com,file1MB.txt,2015/09/30 09:10:34,2015/09/30 09:13:34,180281.000000
planetlab2.unl.edu,pl-node-0.csl.sri.com,file32B.txt,2015/09/30 09:13:34,2015/09/30 09:13:34,503.000000
planetlab2.unl.edu,pl-node-0.csl.sri.com,file1KB.txt,2015/09/30 09:13:34,2015/09/30 09:13:35,1449.000000
planetlab2.unl.edu,pl-node-0.csl.sri.com,file256KB.txt,2015/09/30 09:13:35,2015/09/30 09:14:11,35373.000000
planetlab2.unl.edu,pl-node-0.csl.sri.com,file512KB.txt,2015/09/30 09:14:11,2015/09/30 09:15:25,74218.000000
planetlab2.unl.edu,pl-node-0.csl.sri.com,file1MB.txt,2015/09/30 09:15:25,2015/09/30 09:17:52,147559.000000
planetlab2.unr.edu,pl-node-0.csl.sri.com,file32B.txt,2015/09/30 09:17:52,2015/09/30 09:17:52,496.000000
planetlab2.unr.edu,pl-node-0.csl.sri.com,file1KB.txt,2015/09/30 09:17:52,2015/09/30 09:17:52,396.000000
planetlab2.unr.edu,pl-node-0.csl.sri.com,file256KB.txt,2015/09/30 09:17:52,2015/09/30 09:18:09,17839.000000
planetlab2.unr.edu,pl-node-0.csl.sri.com,file512KB.txt,2015/09/30 09:18:09,2015/09/30 09:18:41,31319.000000
planetlab2.unr.edu,pl-node-0.csl.sri.com,file1MB.txt,2015/09/30 09:18:41,2015/09/30 09:19:48,67473.000000
planetlab2.uta.edu,pl-node-0.csl.sri.com,file32B.txt,2015/09/30 09:19:48,2015/09/30 09:19:49,406.000000
planetlab2.uta.edu,pl-node-0.csl.sri.com,file1KB.txt,2015/09/30 09:19:49,2015/09/30 09:19:50,1323.000000
planetlab2.uta.edu,pl-node-0.csl.sri.com,file256KB.txt,2015/09/30 09:19:50,2015/09/30 09:20:43,52564.000000
planetlab2.uta.edu,pl-node-0.csl.sri.com,file512KB.txt,2015/09/30 09:20:43,2015/09/30 09:22:40,117517.000000
planetlab2.uta.edu,pl-node-0.csl.sri.com,file1MB.txt,2015/09/30 09:22:40,2015/09/30 09:26:19,-218499.000000
planetlab2.utdallas.edu,pl-node-0.csl.sri.com,file32B.txt,2015/09/30 09:26:19,2015/09/30 09:26:20,1520.000000
planetlab2.utdallas.edu,pl-node-0.csl.sri.com,file1KB.txt,2015/09/30 09:26:20,2015/09/30 09:26:20,396.000000
planetlab2.utdallas.edu,pl-node-0.csl.sri.com,file256KB.txt,2015/09/30 09:26:20,2015/09/30 09:26:48,27949.000000
planetlab2.utdallas.edu,pl-node-0.csl.sri.com,file512KB.txt,2015/09/30 09:26:48,2015/09/30 09:27:49,61819.000000
planetlab2.utdallas.edu,pl-node-0.csl.sri.com,file1MB.txt,2015/09/30 09:27:49,2015/09/30 09:29:45,115318.000000
planetlab3.eecs.umich.edu,pl-node-0.csl.sri.com,file32B.txt,2015/09/30 09:29:45,2015/09/30 09:29:46,1300.000000
planetlab3.eecs.umich.edu,pl-node-0.csl.sri.com,file1KB.txt,2015/09/30 09:29:46,2015/09/30 09:29:47,1288.000000
planetlab3.eecs.umich.edu,pl-node-0.csl.sri.com,file256KB.txt,2015/09/30 09:29:47,2015/09/30 09:30:29,41573.000000
planetlab3.eecs.umich.edu,pl-node-0.csl.sri.com,file512KB.txt,2015/09/30 09:30:29,2015/09/30 09:31:51,82011.000000
planetlab3.eecs.umich.edu,pl-node-0.csl.sri.com,file1MB.txt,2015/09/30 09:31:51,2015/09/30 09:34:37,166482.000000
planetlab3.rutgers.edu,pl-node-0.csl.sri.com,file32B.txt,2015/09/30 09:34:37,2015/09/30 09:34:37,668.000000
planetlab3.rutgers.edu,pl-node-0.csl.sri.com,file1KB.txt,2015/09/30 09:34:37,2015/09/30 09:34:38,1219.000000
planetlab3.rutgers.edu,pl-node-0.csl.sri.com,file256KB.txt,2015/09/30 09:34:38,2015/09/30 09:35:20,42110.000000
planetlab3.rutgers.edu,pl-node-0.csl.sri.com,file512KB.txt,2015/09/30 09:35:20,2015/09/30 09:36:42,82128.000000
planetlab3.rutgers.edu,pl-node-0.csl.sri.com,file1MB.txt,2015/09/30 09:36:42,2015/09/30 09:39:21,159365.000000
planetlab3.wail.wisc.edu,pl-node-0.csl.sri.com,file32B.txt,2015/09/30 09:39:21,2015/09/30 09:39:21,685.000000
planetlab3.wail.wisc.edu,pl-node-0.csl.sri.com,file1KB.txt,2015/09/30 09:39:21,2015/09/30 09:39:22,1288.000000
planetlab3.wail.wisc.edu,pl-node-0.csl.sri.com,file256KB.txt,2015/09/30 09:39:22,2015/09/30 09:40:14,51710.000000
planetlab3.wail.wisc.edu,pl-node-0.csl.sri.com,file512KB.txt,2015/09/30 09:40:14,2015/09/30 09:41:58,104074.000000
planetlab3.wail.wisc.edu,pl-node-0.csl.sri.com,file1MB.txt,2015/09/30 09:41:58,2015/09/30 09:44:49,170898.000000
planetlab4.tamu.edu,pl-node-0.csl.sri.com,file32B.txt,2015/09/30 09:44:49,2015/09/30 09:44:50,1522.000000
planetlab4.tamu.edu,pl-node-0.csl.sri.com,file1KB.txt,2015/09/30 09:44:50,2015/09/30 09:44:50,679.000000
planetlab4.tamu.edu,pl-node-0.csl.sri.com,file256KB.txt,2015/09/30 09:44:50,2015/09/30 09:45:23,33484.000000
planetlab4.tamu.edu,pl-node-0.csl.sri.com,file512KB.txt,2015/09/30 09:45:23,2015/09/30 09:46:24,60974.000000
planetlab4.tamu.edu,pl-node-0.csl.sri.com,file1MB.txt,2015/09/30 09:46:24,2015/09/30 09:48:42,137546.000000
planetlab-5.eecs.cwru.edu,pl-node-0.csl.sri.com,file32B.txt,2015/09/30 09:48:42,2015/09/30 09:48:43,1318.000000
planetlab-5.eecs.cwru.edu,pl-node-0.csl.sri.com,file1KB.txt,2015/09/30 09:48:43,2015/09/30 09:48:44,1382.000000
planetlab-5.eecs.cwru.edu,pl-node-0.csl.sri.com,file256KB.txt,2015/09/30 09:48:44,2015/09/30 09:49:27,42717.000000
planetlab-5.eecs.cwru.edu,pl-node-0.csl.sri.com,file512KB.txt,2015/09/30 09:49:27,2015/09/30 09:50:52,84893.000000
planetlab-5.eecs.cwru.edu,pl-node-0.csl.sri.com,file1MB.txt,2015/09/30 09:50:52,2015/09/30 09:53:54,182201.000000
planetlabone.ccs.neu.edu,pl-node-0.csl.sri.com,file32B.txt,2015/09/30 09:53:54,2015/09/30 09:53:55,1192.000000
planetlabone.ccs.neu.edu,pl-node-0.csl.sri.com,file1KB.txt,2015/09/30 09:53:55,2015/09/30 09:53:56,571.000000
planetlabone.ccs.neu.edu,pl-node-0.csl.sri.com,file256KB.txt,2015/09/30 09:53:56,2015/09/30 09:54:56,59692.000000
planetlabone.ccs.neu.edu,pl-node-0.csl.sri.com,file512KB.txt,2015/09/30 09:54:56,2015/09/30 09:56:28,92268.000000
planetlabone.ccs.neu.edu,pl-node-0.csl.sri.com,file1MB.txt,2015/09/30 09:56:28,2015/09/30 09:59:34,185910.000000
pl-node-0.csl.sri.com,pl-node-0.csl.sri.com,file32B.txt,2015/09/30 09:59:34,2015/09/30 09:59:34,1.000000
pl-node-0.csl.sri.com,pl-node-0.csl.sri.com,file1KB.txt,2015/09/30 09:59:34,2015/09/30 09:59:34,0.000000
pl-node-0.csl.sri.com,pl-node-0.csl.sri.com,file256KB.txt,2015/09/30 09:59:34,2015/09/30 09:59:34,25.000000
pl-node-0.csl.sri.com,pl-node-0.csl.sri.com,file512KB.txt,2015/09/30 09:59:34,2015/09/30 09:59:34,52.000000
pl-node-0.csl.sri.com,pl-node-0.csl.sri.com,file1MB.txt,2015/09/30 09:59:34,2015/09/30 09:59:34,98.000000
ricepl-5.cs.rice.edu,pl-node-0.csl.sri.com,file32B.txt,2015/09/30 09:59:35,2015/09/30 09:59:35,581.000000
ricepl-5.cs.rice.edu,pl-node-0.csl.sri.com,file1KB.txt,2015/09/30 09:59:35,2015/09/30 09:59:36,1314.000000
ricepl-5.cs.rice.edu,pl-node-0.csl.sri.com,file256KB.txt,2015/09/30 09:59:36,2015/09/30 10:00:23,46734.000000
ricepl-5.cs.rice.edu,pl-node-0.csl.sri.com,file512KB.txt,2015/09/30 10:00:23,2015/09/30 10:01:53,89936.000000
ricepl-5.cs.rice.edu,pl-node-0.csl.sri.com,file1MB.txt,2015/09/30 10:01:53,2015/09/30 10:04:53,180630.000000
salt.planetlab.cs.umd.edu,pl-node-0.csl.sri.com,file32B.txt,2015/09/30 10:04:53,2015/09/30 10:04:53,723.000000
salt.planetlab.cs.umd.edu,pl-node-0.csl.sri.com,file1KB.txt,2015/09/30 10:04:53,2015/09/30 10:04:54,1287.000000
salt.planetlab.cs.umd.edu,pl-node-0.csl.sri.com,file256KB.txt,2015/09/30 10:04:54,2015/09/30 10:05:37,43505.000000
salt.planetlab.cs.umd.edu,pl-node-0.csl.sri.com,file512KB.txt,2015/09/30 10:05:37,2015/09/30 10:07:03,85875.000000
salt.planetlab.cs.umd.edu,pl-node-0.csl.sri.com,file1MB.txt,2015/09/30 10:07:03,2015/09/30 10:09:53,169698.000000
pl1.eecs.utk.edu,pl-node-0.csl.sri.com,file32B.txt,2015/09/30 10:09:53,2015/09/30 10:09:56,2836.000000
pl1.eecs.utk.edu,pl-node-0.csl.sri.com,file1KB.txt,2015/09/30 10:09:56,2015/09/30 10:09:59,3372.000000
pl1.eecs.utk.edu,pl-node-0.csl.sri.com,file256KB.txt,2015/09/30 10:09:59,2015/09/30 10:16:17,378491.000000
pl1.eecs.utk.edu,pl-node-0.csl.sri.com,file512KB.txt,2015/09/30 10:16:17,2015/09/30 10:24:43,505529.000000
pl1.eecs.utk.edu,pl-node-0.csl.sri.com,file1MB.txt,2015/09/30 10:24:43,2015/09/30 10:33:07,504246.000000
planetlab-01.vt.nodes.planet-lab.org,pl-node-0.csl.sri.com,file32B.txt,2015/09/30 10:33:07,2015/09/30 10:33:08,1238.000000
planetlab-01.vt.nodes.planet-lab.org,pl-node-0.csl.sri.com,file1KB.txt,2015/09/30 10:33:08,2015/09/30 10:33:08,738.000000
planetlab-01.vt.nodes.planet-lab.org,pl-node-0.csl.sri.com,file256KB.txt,2015/09/30 10:33:08,2015/09/30 10:33:54,46315.000000
planetlab-01.vt.nodes.planet-lab.org,pl-node-0.csl.sri.com,file512KB.txt,2015/09/30 10:33:54,2015/09/30 10:35:24,90249.000000
planetlab-01.vt.nodes.planet-lab.org,pl-node-0.csl.sri.com,file1MB.txt,2015/09/30 10:35:24,2015/09/30 10:38:33,-188473.000000
planetlab-04.vt.nodes.planet-lab.org,pl-node-0.csl.sri.com,file32B.txt,2015/09/30 10:38:33,2015/09/30 10:38:34,1233.000000
planetlab-04.vt.nodes.planet-lab.org,pl-node-0.csl.sri.com,file1KB.txt,2015/09/30 10:38:34,2015/09/30 10:38:35,1243.000000
planetlab-04.vt.nodes.planet-lab.org,pl-node-0.csl.sri.com,file256KB.txt,2015/09/30 10:38:35,2015/09/30 10:39:20,45035.000000
planetlab-04.vt.nodes.planet-lab.org,pl-node-0.csl.sri.com,file512KB.txt,2015/09/30 10:39:20,2015/09/30 10:40:50,89789.000000
planetlab-04.vt.nodes.planet-lab.org,pl-node-0.csl.sri.com,file1MB.txt,2015/09/30 10:40:50,2015/09/30 10:43:49,178878.000000
planetlab01.cs.washington.edu,pl-node-0.csl.sri.com,file32B.txt,2015/09/30 10:43:49,2015/09/30 10:43:49,209.000000
planetlab01.cs.washington.edu,pl-node-0.csl.sri.com,file1KB.txt,2015/09/30 10:43:49,2015/09/30 10:43:50,1783.000000
planetlab01.cs.washington.edu,pl-node-0.csl.sri.com,file256KB.txt,2015/09/30 10:43:50,2015/09/30 10:44:02,12183.000000
planetlab01.cs.washington.edu,pl-node-0.csl.sri.com,file512KB.txt,2015/09/30 10:44:02,2015/09/30 10:44:25,22801.000000
planetlab01.cs.washington.edu,pl-node-0.csl.sri.com,file1MB.txt,2015/09/30 10:44:25,2015/09/30 10:45:11,45486.000000
planetlab02.cs.washington.edu,pl-node-0.csl.sri.com,file32B.txt,2015/09/30 10:45:11,2015/09/30 10:45:11,230.000000
planetlab02.cs.washington.edu,pl-node-0.csl.sri.com,file1KB.txt,2015/09/30 10:45:11,2015/09/30 10:45:12,1797.000000
planetlab02.cs.washington.edu,pl-node-0.csl.sri.com,file256KB.txt,2015/09/30 10:45:12,2015/09/30 10:45:23,10169.000000
planetlab02.cs.washington.edu,pl-node-0.csl.sri.com,file512KB.txt,2015/09/30 10:45:23,2015/09/30 10:45:47,24422.000000
planetlab02.cs.washington.edu,pl-node-0.csl.sri.com,file1MB.txt,2015/09/30 10:45:47,2015/09/30 10:46:34,46878.000000
planetlab1.arizona-gigapop.net,pl-node-0.csl.sri.com,file32B.txt,2015/09/30 10:46:34,2015/09/30 10:46:35,1733.000000
planetlab1.arizona-gigapop.net,pl-node-0.csl.sri.com,file1KB.txt,2015/09/30 10:46:35,2015/09/30 10:46:35,344.000000
planetlab1.arizona-gigapop.net,pl-node-0.csl.sri.com,file256KB.txt,2015/09/30 10:46:35,2015/09/30 10:46:48,12625.000000
planetlab1.arizona-gigapop.net,pl-node-0.csl.sri.com,file512KB.txt,2015/09/30 10:46:48,2015/09/30 10:47:16,28847.000000
planetlab1.arizona-gigapop.net,pl-node-0.csl.sri.com,file1MB.txt,2015/09/30 10:47:16,2015/09/30 10:48:09,52934.000000
planetlab1.cs.unc.edu,pl-node-0.csl.sri.com,file32B.txt,2015/09/30 10:48:09,2015/09/30 10:48:09,594.000000
planetlab1.cs.unc.edu,pl-node-0.csl.sri.com,file1KB.txt,2015/09/30 10:48:09,2015/09/30 10:48:10,1424.000000
planetlab1.cs.unc.edu,pl-node-0.csl.sri.com,file256KB.txt,2015/09/30 10:48:10,2015/09/30 10:48:52,41865.000000
planetlab1.cs.unc.edu,pl-node-0.csl.sri.com,file512KB.txt,2015/09/30 10:48:52,2015/09/30 10:50:16,83752.000000
planetlab1.cs.unc.edu,pl-node-0.csl.sri.com,file1MB.txt,2015/09/30 10:50:16,2015/09/30 10:53:14,178465.000000
