ebb.colgate.edu,plab3.eece.ksu.edu,file32B.txt,2015/09/30 04:11:46,2015/09/30 04:11:47,1423.000000
ebb.colgate.edu,plab3.eece.ksu.edu,file1KB.txt,2015/09/30 04:11:47,2015/09/30 04:11:52,5475.000000
ebb.colgate.edu,plab3.eece.ksu.edu,file256KB.txt,2015/09/30 04:11:52,2015/09/30 04:12:57,64412.000000
ebb.colgate.edu,plab3.eece.ksu.edu,file512KB.txt,2015/09/30 04:12:57,2015/09/30 04:14:39,102232.000000
ebb.colgate.edu,plab3.eece.ksu.edu,file1MB.txt,2015/09/30 04:14:39,2015/09/30 04:18:02,202747.000000
kc-sce-plab2.umkc.edu,plab3.eece.ksu.edu,file32B.txt,2015/09/30 04:18:02,2015/09/30 04:18:03,1336.000000
kc-sce-plab2.umkc.edu,plab3.eece.ksu.edu,file1KB.txt,2015/09/30 04:18:03,2015/09/30 04:18:04,1228.000000
kc-sce-plab2.umkc.edu,plab3.eece.ksu.edu,file256KB.txt,2015/09/30 04:18:04,2015/09/30 04:18:55,51082.000000
kc-sce-plab2.umkc.edu,plab3.eece.ksu.edu,file512KB.txt,2015/09/30 04:18:55,2015/09/30 04:21:03,127666.000000
kc-sce-plab2.umkc.edu,plab3.eece.ksu.edu,file1MB.txt,2015/09/30 04:21:03,2015/09/30 04:26:45,342303.000000
node1.planetlab.mathcs.emory.edu,plab3.eece.ksu.edu,file32B.txt,2015/09/30 04:26:45,2015/09/30 04:26:50,4588.000000
node1.planetlab.mathcs.emory.edu,plab3.eece.ksu.edu,file1KB.txt,2015/09/30 04:26:50,2015/09/30 04:26:50,367.000000
node1.planetlab.mathcs.emory.edu,plab3.eece.ksu.edu,file256KB.txt,2015/09/30 04:26:50,2015/09/30 04:27:08,18056.000000
node1.planetlab.mathcs.emory.edu,plab3.eece.ksu.edu,file512KB.txt,2015/09/30 04:27:08,2015/09/30 04:27:44,36441.000000
node1.planetlab.mathcs.emory.edu,plab3.eece.ksu.edu,file1MB.txt,2015/09/30 04:27:44,2015/09/30 04:28:54,69324.000000
pl3.cs.unm.edu,plab3.eece.ksu.edu,file32B.txt,2015/09/30 04:29:16,2015/09/30 04:29:17,737.000000
pl3.cs.unm.edu,plab3.eece.ksu.edu,file1KB.txt,2015/09/30 04:29:17,2015/09/30 04:29:17,401.000000
pl3.cs.unm.edu,plab3.eece.ksu.edu,file256KB.txt,2015/09/30 04:29:17,2015/09/30 04:29:41,24384.000000
pl3.cs.unm.edu,plab3.eece.ksu.edu,file512KB.txt,2015/09/30 04:29:41,2015/09/30 04:30:28,46980.000000
pl3.cs.unm.edu,plab3.eece.ksu.edu,file1MB.txt,2015/09/30 04:30:28,2015/09/30 04:32:01,92801.000000
plab3.eece.ksu.edu,plab3.eece.ksu.edu,file32B.txt,2015/09/30 04:32:01,2015/09/30 04:32:01,1.000000
plab3.eece.ksu.edu,plab3.eece.ksu.edu,file1KB.txt,2015/09/30 04:32:01,2015/09/30 04:32:01,0.000000
plab3.eece.ksu.edu,plab3.eece.ksu.edu,file256KB.txt,2015/09/30 04:32:01,2015/09/30 04:32:01,28.000000
plab3.eece.ksu.edu,plab3.eece.ksu.edu,file512KB.txt,2015/09/30 04:32:01,2015/09/30 04:32:01,61.000000
plab3.eece.ksu.edu,plab3.eece.ksu.edu,file1MB.txt,2015/09/30 04:32:01,2015/09/30 04:32:02,1872.000000
planetlab-02.bu.edu,plab3.eece.ksu.edu,file32B.txt,2015/09/30 04:32:03,2015/09/30 04:32:03,609.000000
planetlab-02.bu.edu,plab3.eece.ksu.edu,file1KB.txt,2015/09/30 04:32:03,2015/09/30 04:32:04,1317.000000
planetlab-02.bu.edu,plab3.eece.ksu.edu,file256KB.txt,2015/09/30 04:32:04,2015/09/30 04:32:40,36036.000000
planetlab-02.bu.edu,plab3.eece.ksu.edu,file512KB.txt,2015/09/30 04:32:40,2015/09/30 04:33:52,71973.000000
planetlab-02.bu.edu,plab3.eece.ksu.edu,file1MB.txt,2015/09/30 04:33:52,2015/09/30 04:36:15,142869.000000
planetlab1.clemson.edu,plab3.eece.ksu.edu,file32B.txt,2015/09/30 04:36:37,2015/09/30 04:36:37,406.000000
planetlab1.clemson.edu,plab3.eece.ksu.edu,file1KB.txt,2015/09/30 04:36:37,2015/09/30 04:36:38,1598.000000
planetlab1.clemson.edu,plab3.eece.ksu.edu,file256KB.txt,2015/09/30 04:36:38,2015/09/30 04:36:57,18915.000000
planetlab1.clemson.edu,plab3.eece.ksu.edu,file512KB.txt,2015/09/30 04:36:57,2015/09/30 04:37:34,36139.000000
planetlab1.clemson.edu,plab3.eece.ksu.edu,file1MB.txt,2015/09/30 04:37:34,2015/09/30 04:38:50,-76556.000000
planetlab1.cs.du.edu,plab3.eece.ksu.edu,file32B.txt,2015/09/30 04:38:50,2015/09/30 04:38:51,1612.000000
planetlab1.cs.du.edu,plab3.eece.ksu.edu,file1KB.txt,2015/09/30 04:38:51,2015/09/30 04:38:51,567.000000
planetlab1.cs.du.edu,plab3.eece.ksu.edu,file256KB.txt,2015/09/30 04:38:51,2015/09/30 04:39:11,20296.000000
planetlab1.cs.du.edu,plab3.eece.ksu.edu,file512KB.txt,2015/09/30 04:39:11,2015/09/30 04:39:51,40447.000000
planetlab1.cs.du.edu,plab3.eece.ksu.edu,file1MB.txt,2015/09/30 04:39:51,2015/09/30 04:41:10,78602.000000
planetlab-1.cse.ohio-state.edu,plab3.eece.ksu.edu,file32B.txt,2015/09/30 04:41:10,2015/09/30 04:41:12,2097.000000
planetlab-1.cse.ohio-state.edu,plab3.eece.ksu.edu,file1KB.txt,2015/09/30 04:41:12,2015/09/30 04:41:15,2806.000000
planetlab-1.cse.ohio-state.edu,plab3.eece.ksu.edu,file256KB.txt,2015/09/30 04:41:15,2015/09/30 04:57:19,964010.000000
planetlab-1.cse.ohio-state.edu,plab3.eece.ksu.edu,file512KB.txt,2015/09/30 04:57:19,2015/09/30 05:53:54,899193.000000
planetlab-1.cse.ohio-state.edu,plab3.eece.ksu.edu,file1MB.txt,2015/09/30 05:53:54,2015/09/30 07:57:35,-1169020.000000
planetlab1.cs.okstate.edu,plab3.eece.ksu.edu,file32B.txt,2015/09/30 07:57:35,2015/09/30 07:57:35,200.000000
planetlab1.cs.okstate.edu,plab3.eece.ksu.edu,file1KB.txt,2015/09/30 07:57:35,2015/09/30 07:57:35,183.000000
planetlab1.cs.okstate.edu,plab3.eece.ksu.edu,file256KB.txt,2015/09/30 07:57:35,2015/09/30 07:57:41,6508.000000
planetlab1.cs.okstate.edu,plab3.eece.ksu.edu,file512KB.txt,2015/09/30 07:57:41,2015/09/30 07:57:52,10973.000000
planetlab1.cs.okstate.edu,plab3.eece.ksu.edu,file1MB.txt,2015/09/30 07:57:52,2015/09/30 07:58:13,20596.000000
planetlab1.cs.ucla.edu,plab3.eece.ksu.edu,file32B.txt,2015/09/30 07:58:13,2015/09/30 07:58:13,459.000000
planetlab1.cs.ucla.edu,plab3.eece.ksu.edu,file1KB.txt,2015/09/30 07:58:13,2015/09/30 07:58:14,1492.000000
planetlab1.cs.ucla.edu,plab3.eece.ksu.edu,file256KB.txt,2015/09/30 07:58:14,2015/09/30 07:58:41,27070.000000
planetlab1.cs.ucla.edu,plab3.eece.ksu.edu,file512KB.txt,2015/09/30 07:58:41,2015/09/30 07:59:34,52603.000000
planetlab1.cs.ucla.edu,plab3.eece.ksu.edu,file1MB.txt,2015/09/30 07:59:34,2015/09/30 08:01:21,107474.000000
planetlab1.csuohio.edu,plab3.eece.ksu.edu,file32B.txt,2015/09/30 08:01:21,2015/09/30 08:01:22,640.000000
planetlab1.csuohio.edu,plab3.eece.ksu.edu,file1KB.txt,2015/09/30 08:01:22,2015/09/30 08:01:23,1451.000000
planetlab1.csuohio.edu,plab3.eece.ksu.edu,file256KB.txt,2015/09/30 08:01:23,2015/09/30 08:01:56,32433.000000
planetlab1.csuohio.edu,plab3.eece.ksu.edu,file512KB.txt,2015/09/30 08:01:56,2015/09/30 08:03:05,69723.000000
planetlab1.csuohio.edu,plab3.eece.ksu.edu,file1MB.txt,2015/09/30 08:03:05,2015/09/30 08:05:37,151295.000000
planetlab1.ucsd.edu,plab3.eece.ksu.edu,file32B.txt,2015/09/30 08:05:59,2015/09/30 08:05:59,519.000000
planetlab1.ucsd.edu,plab3.eece.ksu.edu,file1KB.txt,2015/09/30 08:05:59,2015/09/30 08:06:00,1431.000000
planetlab1.ucsd.edu,plab3.eece.ksu.edu,file256KB.txt,2015/09/30 08:06:00,2015/09/30 08:06:28,27549.000000
planetlab1.ucsd.edu,plab3.eece.ksu.edu,file512KB.txt,2015/09/30 08:06:28,2015/09/30 08:07:24,55862.000000
planetlab1.ucsd.edu,plab3.eece.ksu.edu,file1MB.txt,2015/09/30 08:07:24,2015/09/30 08:09:16,112183.000000
planetlab2.acis.ufl.edu,plab3.eece.ksu.edu,file32B.txt,2015/09/30 08:09:16,2015/09/30 08:09:17,1528.000000
planetlab2.acis.ufl.edu,plab3.eece.ksu.edu,file1KB.txt,2015/09/30 08:09:17,2015/09/30 08:09:17,527.000000
planetlab2.acis.ufl.edu,plab3.eece.ksu.edu,file256KB.txt,2015/09/30 08:09:17,2015/09/30 08:09:42,25198.000000
planetlab2.acis.ufl.edu,plab3.eece.ksu.edu,file512KB.txt,2015/09/30 08:09:42,2015/09/30 08:10:31,48456.000000
planetlab2.acis.ufl.edu,plab3.eece.ksu.edu,file1MB.txt,2015/09/30 08:10:31,2015/09/30 08:12:09,97987.000000
planetlab2.arizona-gigapop.net,plab3.eece.ksu.edu,file32B.txt,2015/09/30 08:12:09,2015/09/30 08:12:10,1541.000000
planetlab2.arizona-gigapop.net,plab3.eece.ksu.edu,file1KB.txt,2015/09/30 08:12:10,2015/09/30 08:12:10,458.000000
planetlab2.arizona-gigapop.net,plab3.eece.ksu.edu,file256KB.txt,2015/09/30 08:12:10,2015/09/30 08:12:33,23751.000000
planetlab2.arizona-gigapop.net,plab3.eece.ksu.edu,file512KB.txt,2015/09/30 08:12:33,2015/09/30 08:13:17,-43407.000000
planetlab2.arizona-gigapop.net,plab3.eece.ksu.edu,file1MB.txt,2015/09/30 08:13:17,2015/09/30 08:14:45,87997.000000
planetlab2.citadel.edu,plab3.eece.ksu.edu,file32B.txt,2015/09/30 08:14:45,2015/09/30 08:14:46,1552.000000
planetlab2.citadel.edu,plab3.eece.ksu.edu,file1KB.txt,2015/09/30 08:14:46,2015/09/30 08:14:46,469.000000
planetlab2.citadel.edu,plab3.eece.ksu.edu,file256KB.txt,2015/09/30 08:14:46,2015/09/30 08:15:09,22793.000000
planetlab2.citadel.edu,plab3.eece.ksu.edu,file512KB.txt,2015/09/30 08:15:09,2015/09/30 08:15:56,47842.000000
planetlab2.citadel.edu,plab3.eece.ksu.edu,file1MB.txt,2015/09/30 08:15:56,2015/09/30 08:17:26,89098.000000
planetlab2.cs.pitt.edu,plab3.eece.ksu.edu,file32B.txt,2015/09/30 08:17:27,2015/09/30 08:17:27,393.000000
planetlab2.cs.pitt.edu,plab3.eece.ksu.edu,file1KB.txt,2015/09/30 08:17:27,2015/09/30 08:17:28,1633.000000
planetlab2.cs.pitt.edu,plab3.eece.ksu.edu,file256KB.txt,2015/09/30 08:17:28,2015/09/30 08:17:43,14070.000000
planetlab2.cs.pitt.edu,plab3.eece.ksu.edu,file512KB.txt,2015/09/30 08:17:43,2015/09/30 08:18:15,32570.000000
planetlab2.cs.pitt.edu,plab3.eece.ksu.edu,file1MB.txt,2015/09/30 08:18:15,2015/09/30 08:19:17,61594.000000
planetlab2.cs.purdue.edu,plab3.eece.ksu.edu,file32B.txt,2015/09/30 08:19:17,2015/09/30 08:19:18,1589.000000
planetlab2.cs.purdue.edu,plab3.eece.ksu.edu,file1KB.txt,2015/09/30 08:19:18,2015/09/30 08:19:18,449.000000
planetlab2.cs.purdue.edu,plab3.eece.ksu.edu,file256KB.txt,2015/09/30 08:19:18,2015/09/30 08:19:43,25278.000000
planetlab2.cs.purdue.edu,plab3.eece.ksu.edu,file512KB.txt,2015/09/30 08:19:43,2015/09/30 08:20:54,71127.000000
planetlab2.cs.purdue.edu,plab3.eece.ksu.edu,file1MB.txt,2015/09/30 08:20:54,2015/09/30 08:23:13,139024.000000
planetlab2.cs.uml.edu,plab3.eece.ksu.edu,file32B.txt,2015/09/30 08:23:55,2015/09/30 08:23:56,1537.000000
planetlab2.cs.uml.edu,plab3.eece.ksu.edu,file1KB.txt,2015/09/30 08:23:56,2015/09/30 08:23:56,485.000000
planetlab2.cs.uml.edu,plab3.eece.ksu.edu,file256KB.txt,2015/09/30 08:23:56,2015/09/30 08:24:18,21602.000000
planetlab2.cs.uml.edu,plab3.eece.ksu.edu,file512KB.txt,2015/09/30 08:24:18,2015/09/30 08:25:01,43180.000000
planetlab2.cs.uml.edu,plab3.eece.ksu.edu,file1MB.txt,2015/09/30 08:25:01,2015/09/30 08:26:27,86277.000000
planetlab2.cs.unc.edu,plab3.eece.ksu.edu,file32B.txt,2015/09/30 08:26:27,2015/09/30 08:26:28,1472.000000
planetlab2.cs.unc.edu,plab3.eece.ksu.edu,file1KB.txt,2015/09/30 08:26:28,2015/09/30 08:26:28,558.000000
planetlab2.cs.unc.edu,plab3.eece.ksu.edu,file256KB.txt,2015/09/30 08:26:28,2015/09/30 08:26:55,26735.000000
planetlab2.cs.unc.edu,plab3.eece.ksu.edu,file512KB.txt,2015/09/30 08:26:55,2015/09/30 08:27:50,55785.000000
planetlab2.cs.unc.edu,plab3.eece.ksu.edu,file1MB.txt,2015/09/30 08:27:50,2015/09/30 08:29:38,107717.000000
planetlab2.cs.uoregon.edu,plab3.eece.ksu.edu,file32B.txt,2015/09/30 08:29:38,2015/09/30 08:29:38,488.000000
planetlab2.cs.uoregon.edu,plab3.eece.ksu.edu,file1KB.txt,2015/09/30 08:29:38,2015/09/30 08:29:39,1465.000000
planetlab2.cs.uoregon.edu,plab3.eece.ksu.edu,file256KB.txt,2015/09/30 08:29:39,2015/09/30 08:30:03,24014.000000
planetlab2.cs.uoregon.edu,plab3.eece.ksu.edu,file512KB.txt,2015/09/30 08:30:03,2015/09/30 08:30:50,46463.000000
planetlab2.cs.uoregon.edu,plab3.eece.ksu.edu,file1MB.txt,2015/09/30 08:30:50,2015/09/30 08:32:25,95307.000000
planetlab2.temple.edu,plab3.eece.ksu.edu,file32B.txt,2015/09/30 08:32:25,2015/09/30 08:32:26,1466.000000
planetlab2.temple.edu,plab3.eece.ksu.edu,file1KB.txt,2015/09/30 08:32:26,2015/09/30 08:32:26,521.000000
planetlab2.temple.edu,plab3.eece.ksu.edu,file256KB.txt,2015/09/30 08:32:26,2015/09/30 08:32:54,28604.000000
planetlab2.temple.edu,plab3.eece.ksu.edu,file512KB.txt,2015/09/30 08:32:54,2015/09/30 08:33:48,53587.000000
planetlab2.temple.edu,plab3.eece.ksu.edu,file1MB.txt,2015/09/30 08:33:48,2015/09/30 08:35:36,107658.000000
planetlab2.unl.edu,plab3.eece.ksu.edu,file32B.txt,2015/09/30 08:35:36,2015/09/30 08:35:37,1780.000000
planetlab2.unl.edu,plab3.eece.ksu.edu,file1KB.txt,2015/09/30 08:35:37,2015/09/30 08:35:37,225.000000
planetlab2.unl.edu,plab3.eece.ksu.edu,file256KB.txt,2015/09/30 08:35:37,2015/09/30 08:35:41,3396.000000
planetlab2.unl.edu,plab3.eece.ksu.edu,file512KB.txt,2015/09/30 08:35:41,2015/09/30 08:35:50,8977.000000
planetlab2.unl.edu,plab3.eece.ksu.edu,file1MB.txt,2015/09/30 08:35:50,2015/09/30 08:36:08,18164.000000
planetlab2.unr.edu,plab3.eece.ksu.edu,file32B.txt,2015/09/30 08:36:08,2015/09/30 08:36:09,1552.000000
planetlab2.unr.edu,plab3.eece.ksu.edu,file1KB.txt,2015/09/30 08:36:09,2015/09/30 08:36:09,365.000000
planetlab2.unr.edu,plab3.eece.ksu.edu,file256KB.txt,2015/09/30 08:36:09,2015/09/30 08:36:26,16723.000000
planetlab2.unr.edu,plab3.eece.ksu.edu,file512KB.txt,2015/09/30 08:36:26,2015/09/30 08:37:01,35762.000000
planetlab2.unr.edu,plab3.eece.ksu.edu,file1MB.txt,2015/09/30 08:37:01,2015/09/30 08:38:09,67859.000000
planetlab2.uta.edu,plab3.eece.ksu.edu,file32B.txt,2015/09/30 08:38:09,2015/09/30 08:38:09,257.000000
planetlab2.uta.edu,plab3.eece.ksu.edu,file1KB.txt,2015/09/30 08:38:09,2015/09/30 08:38:09,300.000000
planetlab2.uta.edu,plab3.eece.ksu.edu,file256KB.txt,2015/09/30 08:38:09,2015/09/30 08:38:19,9902.000000
planetlab2.uta.edu,plab3.eece.ksu.edu,file512KB.txt,2015/09/30 08:38:19,2015/09/30 08:38:38,19594.000000
planetlab2.uta.edu,plab3.eece.ksu.edu,file1MB.txt,2015/09/30 08:38:38,2015/09/30 08:39:15,37050.000000
planetlab2.utdallas.edu,plab3.eece.ksu.edu,file32B.txt,2015/09/30 08:39:15,2015/09/30 08:39:15,268.000000
planetlab2.utdallas.edu,plab3.eece.ksu.edu,file1KB.txt,2015/09/30 08:39:15,2015/09/30 08:39:15,258.000000
planetlab2.utdallas.edu,plab3.eece.ksu.edu,file256KB.txt,2015/09/30 08:39:15,2015/09/30 08:39:28,13507.000000
planetlab2.utdallas.edu,plab3.eece.ksu.edu,file512KB.txt,2015/09/30 08:39:28,2015/09/30 08:39:52,23251.000000
planetlab2.utdallas.edu,plab3.eece.ksu.edu,file1MB.txt,2015/09/30 08:39:52,2015/09/30 08:40:42,50634.000000
planetlab3.eecs.umich.edu,plab3.eece.ksu.edu,file32B.txt,2015/09/30 08:40:42,2015/09/30 08:40:42,293.000000
planetlab3.eecs.umich.edu,plab3.eece.ksu.edu,file1KB.txt,2015/09/30 08:40:42,2015/09/30 08:40:42,282.000000
planetlab3.eecs.umich.edu,plab3.eece.ksu.edu,file256KB.txt,2015/09/30 08:40:42,2015/09/30 08:40:53,11229.000000
planetlab3.eecs.umich.edu,plab3.eece.ksu.edu,file512KB.txt,2015/09/30 08:40:53,2015/09/30 08:41:15,22650.000000
planetlab3.eecs.umich.edu,plab3.eece.ksu.edu,file1MB.txt,2015/09/30 08:41:15,2015/09/30 08:41:57,41417.000000
planetlab3.rutgers.edu,plab3.eece.ksu.edu,file32B.txt,2015/09/30 08:41:57,2015/09/30 08:41:57,381.000000
planetlab3.rutgers.edu,plab3.eece.ksu.edu,file1KB.txt,2015/09/30 08:41:57,2015/09/30 08:41:58,1624.000000
planetlab3.rutgers.edu,plab3.eece.ksu.edu,file256KB.txt,2015/09/30 08:41:58,2015/09/30 08:42:18,20141.000000
planetlab3.rutgers.edu,plab3.eece.ksu.edu,file512KB.txt,2015/09/30 08:42:18,2015/09/30 08:43:05,46321.000000
planetlab3.rutgers.edu,plab3.eece.ksu.edu,file1MB.txt,2015/09/30 08:43:05,2015/09/30 08:44:25,80667.000000
planetlab3.wail.wisc.edu,plab3.eece.ksu.edu,file32B.txt,2015/09/30 08:44:25,2015/09/30 08:44:25,414.000000
planetlab3.wail.wisc.edu,plab3.eece.ksu.edu,file1KB.txt,2015/09/30 08:44:25,2015/09/30 08:44:26,1589.000000
planetlab3.wail.wisc.edu,plab3.eece.ksu.edu,file256KB.txt,2015/09/30 08:44:26,2015/09/30 08:44:43,16774.000000
planetlab3.wail.wisc.edu,plab3.eece.ksu.edu,file512KB.txt,2015/09/30 08:44:43,2015/09/30 08:45:17,33584.000000
planetlab3.wail.wisc.edu,plab3.eece.ksu.edu,file1MB.txt,2015/09/30 08:45:17,2015/09/30 08:46:25,68203.000000
planetlab4.tamu.edu,plab3.eece.ksu.edu,file32B.txt,2015/09/30 08:46:25,2015/09/30 08:46:25,223.000000
planetlab4.tamu.edu,plab3.eece.ksu.edu,file1KB.txt,2015/09/30 08:46:25,2015/09/30 08:46:25,233.000000
planetlab4.tamu.edu,plab3.eece.ksu.edu,file256KB.txt,2015/09/30 08:46:25,2015/09/30 08:46:34,9273.000000
planetlab4.tamu.edu,plab3.eece.ksu.edu,file512KB.txt,2015/09/30 08:46:34,2015/09/30 08:46:52,18656.000000
planetlab4.tamu.edu,plab3.eece.ksu.edu,file1MB.txt,2015/09/30 08:46:52,2015/09/30 08:47:26,33491.000000
planetlab-5.eecs.cwru.edu,plab3.eece.ksu.edu,file32B.txt,2015/09/30 08:47:26,2015/09/30 08:47:26,447.000000
planetlab-5.eecs.cwru.edu,plab3.eece.ksu.edu,file1KB.txt,2015/09/30 08:47:26,2015/09/30 08:47:27,1520.000000
planetlab-5.eecs.cwru.edu,plab3.eece.ksu.edu,file256KB.txt,2015/09/30 08:47:27,2015/09/30 08:47:45,18122.000000
planetlab-5.eecs.cwru.edu,plab3.eece.ksu.edu,file512KB.txt,2015/09/30 08:47:45,2015/09/30 08:48:20,34496.000000
planetlab-5.eecs.cwru.edu,plab3.eece.ksu.edu,file1MB.txt,2015/09/30 08:48:20,2015/09/30 08:49:31,71247.000000
planetlabone.ccs.neu.edu,plab3.eece.ksu.edu,file32B.txt,2015/09/30 08:49:31,2015/09/30 08:49:32,746.000000
planetlabone.ccs.neu.edu,plab3.eece.ksu.edu,file1KB.txt,2015/09/30 08:49:32,2015/09/30 08:49:33,1548.000000
planetlabone.ccs.neu.edu,plab3.eece.ksu.edu,file256KB.txt,2015/09/30 08:49:33,2015/09/30 08:49:54,20321.000000
planetlabone.ccs.neu.edu,plab3.eece.ksu.edu,file512KB.txt,2015/09/30 08:49:54,2015/09/30 08:50:34,40757.000000
planetlabone.ccs.neu.edu,plab3.eece.ksu.edu,file1MB.txt,2015/09/30 08:50:34,2015/09/30 08:51:52,77539.000000
pl-node-0.csl.sri.com,plab3.eece.ksu.edu,file32B.txt,2015/09/30 08:51:52,2015/09/30 08:51:53,1394.000000
pl-node-0.csl.sri.com,plab3.eece.ksu.edu,file1KB.txt,2015/09/30 08:51:53,2015/09/30 08:51:53,602.000000
pl-node-0.csl.sri.com,plab3.eece.ksu.edu,file256KB.txt,2015/09/30 08:51:53,2015/09/30 08:52:29,36192.000000
pl-node-0.csl.sri.com,plab3.eece.ksu.edu,file512KB.txt,2015/09/30 08:52:29,2015/09/30 08:53:40,70987.000000
pl-node-0.csl.sri.com,plab3.eece.ksu.edu,file1MB.txt,2015/09/30 08:53:40,2015/09/30 08:56:02,142571.000000
ricepl-5.cs.rice.edu,plab3.eece.ksu.edu,file32B.txt,2015/09/30 08:56:02,2015/09/30 08:56:02,242.000000
ricepl-5.cs.rice.edu,plab3.eece.ksu.edu,file1KB.txt,2015/09/30 08:56:02,2015/09/30 08:56:02,262.000000
ricepl-5.cs.rice.edu,plab3.eece.ksu.edu,file256KB.txt,2015/09/30 08:56:02,2015/09/30 08:56:12,10249.000000
ricepl-5.cs.rice.edu,plab3.eece.ksu.edu,file512KB.txt,2015/09/30 08:56:12,2015/09/30 08:56:31,18854.000000
ricepl-5.cs.rice.edu,plab3.eece.ksu.edu,file1MB.txt,2015/09/30 08:56:31,2015/09/30 08:57:09,37915.000000
salt.planetlab.cs.umd.edu,plab3.eece.ksu.edu,file32B.txt,2015/09/30 08:57:09,2015/09/30 08:57:10,1616.000000
salt.planetlab.cs.umd.edu,plab3.eece.ksu.edu,file1KB.txt,2015/09/30 08:57:10,2015/09/30 08:57:10,397.000000
salt.planetlab.cs.umd.edu,plab3.eece.ksu.edu,file256KB.txt,2015/09/30 08:57:10,2015/09/30 08:57:28,18203.000000
salt.planetlab.cs.umd.edu,plab3.eece.ksu.edu,file512KB.txt,2015/09/30 08:57:28,2015/09/30 08:58:03,34777.000000
salt.planetlab.cs.umd.edu,plab3.eece.ksu.edu,file1MB.txt,2015/09/30 08:58:03,2015/09/30 08:59:13,69759.000000
pl1.eecs.utk.edu,plab3.eece.ksu.edu,file32B.txt,2015/09/30 08:59:14,2015/09/30 08:59:15,663.000000
pl1.eecs.utk.edu,plab3.eece.ksu.edu,file1KB.txt,2015/09/30 08:59:15,2015/09/30 08:59:17,2125.000000
pl1.eecs.utk.edu,plab3.eece.ksu.edu,file256KB.txt,2015/09/30 08:59:17,2015/09/30 09:01:47,150052.000000
pl1.eecs.utk.edu,plab3.eece.ksu.edu,file512KB.txt,2015/09/30 09:01:47,2015/09/30 09:06:17,269961.000000
pl1.eecs.utk.edu,plab3.eece.ksu.edu,file1MB.txt,2015/09/30 09:06:17,2015/09/30 09:17:11,653999.000000
planetlab-01.vt.nodes.planet-lab.org,plab3.eece.ksu.edu,file32B.txt,2015/09/30 09:17:11,2015/09/30 09:17:11,473.000000
planetlab-01.vt.nodes.planet-lab.org,plab3.eece.ksu.edu,file1KB.txt,2015/09/30 09:17:11,2015/09/30 09:17:12,1507.000000
planetlab-01.vt.nodes.planet-lab.org,plab3.eece.ksu.edu,file256KB.txt,2015/09/30 09:17:12,2015/09/30 09:17:32,19847.000000
planetlab-01.vt.nodes.planet-lab.org,plab3.eece.ksu.edu,file512KB.txt,2015/09/30 09:17:32,2015/09/30 09:18:12,40364.000000
planetlab-01.vt.nodes.planet-lab.org,plab3.eece.ksu.edu,file1MB.txt,2015/09/30 09:18:12,2015/09/30 09:19:31,78782.000000
planetlab-04.vt.nodes.planet-lab.org,plab3.eece.ksu.edu,file32B.txt,2015/09/30 09:19:31,2015/09/30 09:19:31,464.000000
planetlab-04.vt.nodes.planet-lab.org,plab3.eece.ksu.edu,file1KB.txt,2015/09/30 09:19:31,2015/09/30 09:19:32,1622.000000
planetlab-04.vt.nodes.planet-lab.org,plab3.eece.ksu.edu,file256KB.txt,2015/09/30 09:19:32,2015/09/30 09:19:52,20098.000000
planetlab-04.vt.nodes.planet-lab.org,plab3.eece.ksu.edu,file512KB.txt,2015/09/30 09:19:52,2015/09/30 09:20:31,38526.000000
planetlab-04.vt.nodes.planet-lab.org,plab3.eece.ksu.edu,file1MB.txt,2015/09/30 09:20:31,2015/09/30 09:21:49,77530.000000
planetlab-4.eecs.cwru.edu,plab3.eece.ksu.edu,file32B.txt,2015/09/30 09:21:49,2015/09/30 09:21:50,1543.000000
planetlab-4.eecs.cwru.edu,plab3.eece.ksu.edu,file1KB.txt,2015/09/30 09:21:50,2015/09/30 09:21:50,423.000000
planetlab-4.eecs.cwru.edu,plab3.eece.ksu.edu,file256KB.txt,2015/09/30 09:21:50,2015/09/30 09:22:08,17912.000000
planetlab-4.eecs.cwru.edu,plab3.eece.ksu.edu,file512KB.txt,2015/09/30 09:22:08,2015/09/30 09:22:44,36344.000000
planetlab-4.eecs.cwru.edu,plab3.eece.ksu.edu,file1MB.txt,2015/09/30 09:22:44,2015/09/30 09:23:55,70941.000000
planetlab01.cs.washington.edu,plab3.eece.ksu.edu,file32B.txt,2015/09/30 09:23:55,2015/09/30 09:23:56,1562.000000
planetlab01.cs.washington.edu,plab3.eece.ksu.edu,file1KB.txt,2015/09/30 09:23:56,2015/09/30 09:23:56,398.000000
planetlab01.cs.washington.edu,plab3.eece.ksu.edu,file256KB.txt,2015/09/30 09:23:56,2015/09/30 09:24:17,20798.000000
planetlab01.cs.washington.edu,plab3.eece.ksu.edu,file512KB.txt,2015/09/30 09:24:17,2015/09/30 09:24:59,-41887.000000
planetlab01.cs.washington.edu,plab3.eece.ksu.edu,file1MB.txt,2015/09/30 09:24:59,2015/09/30 09:26:23,83894.000000
planetlab02.cs.washington.edu,plab3.eece.ksu.edu,file32B.txt,2015/09/30 09:26:23,2015/09/30 09:26:24,1552.000000
planetlab02.cs.washington.edu,plab3.eece.ksu.edu,file1KB.txt,2015/09/30 09:26:24,2015/09/30 09:26:24,413.000000
planetlab02.cs.washington.edu,plab3.eece.ksu.edu,file256KB.txt,2015/09/30 09:26:24,2015/09/30 09:26:46,22684.000000
planetlab02.cs.washington.edu,plab3.eece.ksu.edu,file512KB.txt,2015/09/30 09:26:46,2015/09/30 09:27:28,41706.000000
planetlab02.cs.washington.edu,plab3.eece.ksu.edu,file1MB.txt,2015/09/30 09:27:28,2015/09/30 09:28:52,83619.000000
planetlab1.arizona-gigapop.net,plab3.eece.ksu.edu,file32B.txt,2015/09/30 09:28:52,2015/09/30 09:28:53,1518.000000
planetlab1.arizona-gigapop.net,plab3.eece.ksu.edu,file1KB.txt,2015/09/30 09:28:53,2015/09/30 09:28:53,489.000000
planetlab1.arizona-gigapop.net,plab3.eece.ksu.edu,file256KB.txt,2015/09/30 09:28:53,2015/09/30 09:29:15,21825.000000
planetlab1.arizona-gigapop.net,plab3.eece.ksu.edu,file512KB.txt,2015/09/30 09:29:15,2015/09/30 09:29:59,43991.000000
planetlab1.arizona-gigapop.net,plab3.eece.ksu.edu,file1MB.txt,2015/09/30 09:29:59,2015/09/30 09:31:27,88543.000000
planetlab1.cs.unc.edu,plab3.eece.ksu.edu,file32B.txt,2015/09/30 09:31:27,2015/09/30 09:31:27,510.000000
planetlab1.cs.unc.edu,plab3.eece.ksu.edu,file1KB.txt,2015/09/30 09:31:27,2015/09/30 09:31:28,1587.000000
planetlab1.cs.unc.edu,plab3.eece.ksu.edu,file256KB.txt,2015/09/30 09:31:28,2015/09/30 09:31:54,25725.000000
planetlab1.cs.unc.edu,plab3.eece.ksu.edu,file512KB.txt,2015/09/30 09:31:54,2015/09/30 09:32:46,51774.000000
planetlab1.cs.unc.edu,plab3.eece.ksu.edu,file1MB.txt,2015/09/30 09:32:46,2015/09/30 09:34:31,105041.000000
