ebb.colgate.edu,planetlab2.cs.pitt.edu,file32B.txt,2015/09/30 04:12:49,2015/09/30 04:12:50,1533.000000
ebb.colgate.edu,planetlab2.cs.pitt.edu,file1KB.txt,2015/09/30 04:12:50,2015/09/30 04:12:50,936.000000
ebb.colgate.edu,planetlab2.cs.pitt.edu,file256KB.txt,2015/09/30 04:12:50,2015/09/30 04:13:33,42956.000000
ebb.colgate.edu,planetlab2.cs.pitt.edu,file512KB.txt,2015/09/30 04:13:33,2015/09/30 04:14:37,64741.000000
ebb.colgate.edu,planetlab2.cs.pitt.edu,file1MB.txt,2015/09/30 04:14:37,2015/09/30 04:16:38,120619.000000
kc-sce-plab2.umkc.edu,planetlab2.cs.pitt.edu,file32B.txt,2015/09/30 04:16:38,2015/09/30 04:16:38,370.000000
kc-sce-plab2.umkc.edu,planetlab2.cs.pitt.edu,file1KB.txt,2015/09/30 04:16:38,2015/09/30 04:16:39,1501.000000
kc-sce-plab2.umkc.edu,planetlab2.cs.pitt.edu,file256KB.txt,2015/09/30 04:16:39,2015/09/30 04:17:09,30470.000000
kc-sce-plab2.umkc.edu,planetlab2.cs.pitt.edu,file512KB.txt,2015/09/30 04:17:09,2015/09/30 04:18:45,95626.000000
kc-sce-plab2.umkc.edu,planetlab2.cs.pitt.edu,file1MB.txt,2015/09/30 04:18:45,2015/09/30 04:24:58,373259.000000
node1.planetlab.mathcs.emory.edu,planetlab2.cs.pitt.edu,file32B.txt,2015/09/30 04:24:58,2015/09/30 04:24:58,227.000000
node1.planetlab.mathcs.emory.edu,planetlab2.cs.pitt.edu,file1KB.txt,2015/09/30 04:24:58,2015/09/30 04:24:58,235.000000
node1.planetlab.mathcs.emory.edu,planetlab2.cs.pitt.edu,file256KB.txt,2015/09/30 04:24:58,2015/09/30 04:25:10,11829.000000
node1.planetlab.mathcs.emory.edu,planetlab2.cs.pitt.edu,file512KB.txt,2015/09/30 04:25:10,2015/09/30 04:25:34,24099.000000
node1.planetlab.mathcs.emory.edu,planetlab2.cs.pitt.edu,file1MB.txt,2015/09/30 04:25:34,2015/09/30 04:26:22,48560.000000
pl3.cs.unm.edu,planetlab2.cs.pitt.edu,file32B.txt,2015/09/30 04:26:43,2015/09/30 04:26:43,358.000000
pl3.cs.unm.edu,planetlab2.cs.pitt.edu,file1KB.txt,2015/09/30 04:26:43,2015/09/30 04:26:43,384.000000
pl3.cs.unm.edu,planetlab2.cs.pitt.edu,file256KB.txt,2015/09/30 04:26:43,2015/09/30 04:27:07,24107.000000
pl3.cs.unm.edu,planetlab2.cs.pitt.edu,file512KB.txt,2015/09/30 04:27:07,2015/09/30 04:27:55,48503.000000
pl3.cs.unm.edu,planetlab2.cs.pitt.edu,file1MB.txt,2015/09/30 04:27:55,2015/09/30 04:29:30,95090.000000
plab3.eece.ksu.edu,planetlab2.cs.pitt.edu,file32B.txt,2015/09/30 04:29:30,2015/09/30 04:29:31,1208.000000
plab3.eece.ksu.edu,planetlab2.cs.pitt.edu,file1KB.txt,2015/09/30 04:29:31,2015/09/30 04:29:32,953.000000
plab3.eece.ksu.edu,planetlab2.cs.pitt.edu,file256KB.txt,2015/09/30 04:29:32,2015/09/30 04:29:47,14194.000000
plab3.eece.ksu.edu,planetlab2.cs.pitt.edu,file512KB.txt,2015/09/30 04:29:47,2015/09/30 04:30:19,32301.000000
plab3.eece.ksu.edu,planetlab2.cs.pitt.edu,file1MB.txt,2015/09/30 04:30:19,2015/09/30 04:31:26,67336.000000
planetlab-02.bu.edu,planetlab2.cs.pitt.edu,file32B.txt,2015/09/30 04:31:26,2015/09/30 04:31:26,245.000000
planetlab-02.bu.edu,planetlab2.cs.pitt.edu,file1KB.txt,2015/09/30 04:31:26,2015/09/30 04:31:27,1732.000000
planetlab-02.bu.edu,planetlab2.cs.pitt.edu,file256KB.txt,2015/09/30 04:31:27,2015/09/30 04:31:47,19947.000000
planetlab-02.bu.edu,planetlab2.cs.pitt.edu,file512KB.txt,2015/09/30 04:31:47,2015/09/30 04:32:41,53895.000000
planetlab-02.bu.edu,planetlab2.cs.pitt.edu,file1MB.txt,2015/09/30 04:32:41,2015/09/30 04:34:02,81140.000000
planetlab1.clemson.edu,planetlab2.cs.pitt.edu,file32B.txt,2015/09/30 04:34:23,2015/09/30 04:34:23,233.000000
planetlab1.clemson.edu,planetlab2.cs.pitt.edu,file1KB.txt,2015/09/30 04:34:23,2015/09/30 04:34:23,279.000000
planetlab1.clemson.edu,planetlab2.cs.pitt.edu,file256KB.txt,2015/09/30 04:34:23,2015/09/30 04:34:37,14799.000000
planetlab1.clemson.edu,planetlab2.cs.pitt.edu,file512KB.txt,2015/09/30 04:34:37,2015/09/30 04:35:03,25632.000000
planetlab1.clemson.edu,planetlab2.cs.pitt.edu,file1MB.txt,2015/09/30 04:35:03,2015/09/30 04:35:56,53140.000000
planetlab1.cs.du.edu,planetlab2.cs.pitt.edu,file32B.txt,2015/09/30 04:35:56,2015/09/30 04:35:56,342.000000
planetlab1.cs.du.edu,planetlab2.cs.pitt.edu,file1KB.txt,2015/09/30 04:35:56,2015/09/30 04:35:57,1620.000000
planetlab1.cs.du.edu,planetlab2.cs.pitt.edu,file256KB.txt,2015/09/30 04:35:57,2015/09/30 04:36:17,19781.000000
planetlab1.cs.du.edu,planetlab2.cs.pitt.edu,file512KB.txt,2015/09/30 04:36:17,2015/09/30 04:36:57,39862.000000
planetlab1.cs.du.edu,planetlab2.cs.pitt.edu,file1MB.txt,2015/09/30 04:36:57,2015/09/30 04:38:17,80492.000000
planetlab-1.cse.ohio-state.edu,planetlab2.cs.pitt.edu,file32B.txt,2015/09/30 04:38:17,2015/09/30 04:38:18,1191.000000
planetlab-1.cse.ohio-state.edu,planetlab2.cs.pitt.edu,file1KB.txt,2015/09/30 04:38:18,2015/09/30 04:38:19,818.000000
planetlab-1.cse.ohio-state.edu,planetlab2.cs.pitt.edu,file256KB.txt,2015/09/30 04:38:19,2015/09/30 04:39:38,-78449.000000
planetlab-1.cse.ohio-state.edu,planetlab2.cs.pitt.edu,file512KB.txt,2015/09/30 04:39:38,2015/09/30 04:58:42,1144872.000000
planetlab-1.cse.ohio-state.edu,planetlab2.cs.pitt.edu,file1MB.txt,2015/09/30 04:58:42,2015/09/30 06:22:05,707998.000000
planetlab1.cs.okstate.edu,planetlab2.cs.pitt.edu,file32B.txt,2015/09/30 06:22:05,2015/09/30 06:22:07,1663.000000
planetlab1.cs.okstate.edu,planetlab2.cs.pitt.edu,file1KB.txt,2015/09/30 06:22:07,2015/09/30 06:22:07,308.000000
planetlab1.cs.okstate.edu,planetlab2.cs.pitt.edu,file256KB.txt,2015/09/30 06:22:07,2015/09/30 06:22:25,18280.000000
planetlab1.cs.okstate.edu,planetlab2.cs.pitt.edu,file512KB.txt,2015/09/30 06:22:25,2015/09/30 06:23:00,35321.000000
planetlab1.cs.okstate.edu,planetlab2.cs.pitt.edu,file1MB.txt,2015/09/30 06:23:00,2015/09/30 06:24:09,68739.000000
planetlab1.cs.ucla.edu,planetlab2.cs.pitt.edu,file32B.txt,2015/09/30 06:24:09,2015/09/30 06:24:10,1308.000000
planetlab1.cs.ucla.edu,planetlab2.cs.pitt.edu,file1KB.txt,2015/09/30 06:24:10,2015/09/30 06:24:10,663.000000
planetlab1.cs.ucla.edu,planetlab2.cs.pitt.edu,file256KB.txt,2015/09/30 06:24:10,2015/09/30 06:24:51,41118.000000
planetlab1.cs.ucla.edu,planetlab2.cs.pitt.edu,file512KB.txt,2015/09/30 06:24:51,2015/09/30 06:26:13,82674.000000
planetlab1.cs.ucla.edu,planetlab2.cs.pitt.edu,file1MB.txt,2015/09/30 06:26:13,2015/09/30 06:28:55,161368.000000
planetlab1.csuohio.edu,planetlab2.cs.pitt.edu,file32B.txt,2015/09/30 06:28:55,2015/09/30 06:28:55,202.000000
planetlab1.csuohio.edu,planetlab2.cs.pitt.edu,file1KB.txt,2015/09/30 06:28:55,2015/09/30 06:28:56,1834.000000
planetlab1.csuohio.edu,planetlab2.cs.pitt.edu,file256KB.txt,2015/09/30 06:28:56,2015/09/30 06:28:59,2224.000000
planetlab1.csuohio.edu,planetlab2.cs.pitt.edu,file512KB.txt,2015/09/30 06:28:59,2015/09/30 06:29:07,8595.000000
planetlab1.csuohio.edu,planetlab2.cs.pitt.edu,file1MB.txt,2015/09/30 06:29:07,2015/09/30 06:29:21,13653.000000
planetlab1.ucsd.edu,planetlab2.cs.pitt.edu,file32B.txt,2015/09/30 06:29:42,2015/09/30 06:29:43,1365.000000
planetlab1.ucsd.edu,planetlab2.cs.pitt.edu,file1KB.txt,2015/09/30 06:29:43,2015/09/30 06:29:44,1294.000000
planetlab1.ucsd.edu,planetlab2.cs.pitt.edu,file256KB.txt,2015/09/30 06:29:44,2015/09/30 06:30:26,42132.000000
planetlab1.ucsd.edu,planetlab2.cs.pitt.edu,file512KB.txt,2015/09/30 06:30:26,2015/09/30 06:31:49,83022.000000
planetlab1.ucsd.edu,planetlab2.cs.pitt.edu,file1MB.txt,2015/09/30 06:31:49,2015/09/30 06:34:35,165545.000000
planetlab2.acis.ufl.edu,planetlab2.cs.pitt.edu,file32B.txt,2015/09/30 06:34:35,2015/09/30 06:34:35,344.000000
planetlab2.acis.ufl.edu,planetlab2.cs.pitt.edu,file1KB.txt,2015/09/30 06:34:35,2015/09/30 06:34:36,1679.000000
planetlab2.acis.ufl.edu,planetlab2.cs.pitt.edu,file256KB.txt,2015/09/30 06:34:36,2015/09/30 06:34:54,17776.000000
planetlab2.acis.ufl.edu,planetlab2.cs.pitt.edu,file512KB.txt,2015/09/30 06:34:54,2015/09/30 06:35:31,37130.000000
planetlab2.acis.ufl.edu,planetlab2.cs.pitt.edu,file1MB.txt,2015/09/30 06:35:31,2015/09/30 06:36:42,70393.000000
planetlab2.arizona-gigapop.net,planetlab2.cs.pitt.edu,file32B.txt,2015/09/30 06:36:42,2015/09/30 06:36:43,1428.000000
planetlab2.arizona-gigapop.net,planetlab2.cs.pitt.edu,file1KB.txt,2015/09/30 06:36:43,2015/09/30 06:36:44,1193.000000
planetlab2.arizona-gigapop.net,planetlab2.cs.pitt.edu,file256KB.txt,2015/09/30 06:36:44,2015/09/30 06:37:20,35757.000000
planetlab2.arizona-gigapop.net,planetlab2.cs.pitt.edu,file512KB.txt,2015/09/30 06:37:20,2015/09/30 06:38:32,72008.000000
planetlab2.arizona-gigapop.net,planetlab2.cs.pitt.edu,file1MB.txt,2015/09/30 06:38:32,2015/09/30 06:40:56,143995.000000
planetlab2.citadel.edu,planetlab2.cs.pitt.edu,file32B.txt,2015/09/30 06:40:56,2015/09/30 06:40:56,300.000000
planetlab2.citadel.edu,planetlab2.cs.pitt.edu,file1KB.txt,2015/09/30 06:40:56,2015/09/30 06:40:57,1631.000000
planetlab2.citadel.edu,planetlab2.cs.pitt.edu,file256KB.txt,2015/09/30 06:40:57,2015/09/30 06:41:14,16790.000000
planetlab2.citadel.edu,planetlab2.cs.pitt.edu,file512KB.txt,2015/09/30 06:41:14,2015/09/30 06:41:48,33962.000000
planetlab2.citadel.edu,planetlab2.cs.pitt.edu,file1MB.txt,2015/09/30 06:41:48,2015/09/30 06:42:56,67855.000000
planetlab2.cs.pitt.edu,planetlab2.cs.pitt.edu,file32B.txt,2015/09/30 06:42:56,2015/09/30 06:42:56,28.000000
planetlab2.cs.pitt.edu,planetlab2.cs.pitt.edu,file1KB.txt,2015/09/30 06:42:56,2015/09/30 06:42:56,35.000000
planetlab2.cs.pitt.edu,planetlab2.cs.pitt.edu,file256KB.txt,2015/09/30 06:42:56,2015/09/30 06:42:58,2737.000000
planetlab2.cs.pitt.edu,planetlab2.cs.pitt.edu,file512KB.txt,2015/09/30 06:42:58,2015/09/30 06:43:00,1830.000000
planetlab2.cs.pitt.edu,planetlab2.cs.pitt.edu,file1MB.txt,2015/09/30 06:43:00,2015/09/30 06:43:04,3482.000000
planetlab2.cs.purdue.edu,planetlab2.cs.pitt.edu,file32B.txt,2015/09/30 06:43:04,2015/09/30 06:43:05,1667.000000
planetlab2.cs.purdue.edu,planetlab2.cs.pitt.edu,file1KB.txt,2015/09/30 06:43:05,2015/09/30 06:43:05,313.000000
planetlab2.cs.purdue.edu,planetlab2.cs.pitt.edu,file256KB.txt,2015/09/30 06:43:05,2015/09/30 06:43:21,15872.000000
planetlab2.cs.purdue.edu,planetlab2.cs.pitt.edu,file512KB.txt,2015/09/30 06:43:21,2015/09/30 06:43:52,30578.000000
planetlab2.cs.purdue.edu,planetlab2.cs.pitt.edu,file1MB.txt,2015/09/30 06:43:52,2015/09/30 06:44:53,61065.000000
planetlab2.cs.uml.edu,planetlab2.cs.pitt.edu,file32B.txt,2015/09/30 06:45:36,2015/09/30 06:45:36,247.000000
planetlab2.cs.uml.edu,planetlab2.cs.pitt.edu,file1KB.txt,2015/09/30 06:45:36,2015/09/30 06:45:36,293.000000
planetlab2.cs.uml.edu,planetlab2.cs.pitt.edu,file256KB.txt,2015/09/30 06:45:36,2015/09/30 06:45:48,11917.000000
planetlab2.cs.uml.edu,planetlab2.cs.pitt.edu,file512KB.txt,2015/09/30 06:45:48,2015/09/30 06:46:13,24807.000000
planetlab2.cs.uml.edu,planetlab2.cs.pitt.edu,file1MB.txt,2015/09/30 06:46:13,2015/09/30 06:47:20,67512.000000
planetlab2.cs.unc.edu,planetlab2.cs.pitt.edu,file32B.txt,2015/09/30 06:47:20,2015/09/30 06:47:20,211.000000
planetlab2.cs.unc.edu,planetlab2.cs.pitt.edu,file1KB.txt,2015/09/30 06:47:20,2015/09/30 06:47:20,235.000000
planetlab2.cs.unc.edu,planetlab2.cs.pitt.edu,file256KB.txt,2015/09/30 06:47:20,2015/09/30 06:47:33,13349.000000
planetlab2.cs.unc.edu,planetlab2.cs.pitt.edu,file512KB.txt,2015/09/30 06:47:33,2015/09/30 06:47:59,26348.000000
planetlab2.cs.unc.edu,planetlab2.cs.pitt.edu,file1MB.txt,2015/09/30 06:47:59,2015/09/30 06:48:49,49432.000000
planetlab2.cs.uoregon.edu,planetlab2.cs.pitt.edu,file32B.txt,2015/09/30 06:48:49,2015/09/30 06:48:50,1232.000000
planetlab2.cs.uoregon.edu,planetlab2.cs.pitt.edu,file1KB.txt,2015/09/30 06:48:50,2015/09/30 06:48:51,1139.000000
planetlab2.cs.uoregon.edu,planetlab2.cs.pitt.edu,file256KB.txt,2015/09/30 06:48:51,2015/09/30 06:49:44,53237.000000
planetlab2.cs.uoregon.edu,planetlab2.cs.pitt.edu,file512KB.txt,2015/09/30 06:49:44,2015/09/30 06:51:29,104927.000000
planetlab2.cs.uoregon.edu,planetlab2.cs.pitt.edu,file1MB.txt,2015/09/30 06:51:29,2015/09/30 06:54:58,208547.000000
planetlab2.temple.edu,planetlab2.cs.pitt.edu,file32B.txt,2015/09/30 06:54:58,2015/09/30 06:54:58,164.000000
planetlab2.temple.edu,planetlab2.cs.pitt.edu,file1KB.txt,2015/09/30 06:54:58,2015/09/30 06:54:59,1828.000000
planetlab2.temple.edu,planetlab2.cs.pitt.edu,file256KB.txt,2015/09/30 06:54:59,2015/09/30 06:55:13,13628.000000
planetlab2.temple.edu,planetlab2.cs.pitt.edu,file512KB.txt,2015/09/30 06:55:13,2015/09/30 06:55:27,13927.000000
planetlab2.temple.edu,planetlab2.cs.pitt.edu,file1MB.txt,2015/09/30 06:55:27,2015/09/30 06:56:23,56116.000000
planetlab2.unl.edu,planetlab2.cs.pitt.edu,file32B.txt,2015/09/30 06:56:23,2015/09/30 06:56:23,375.000000
planetlab2.unl.edu,planetlab2.cs.pitt.edu,file1KB.txt,2015/09/30 06:56:23,2015/09/30 06:56:24,1664.000000
planetlab2.unl.edu,planetlab2.cs.pitt.edu,file256KB.txt,2015/09/30 06:56:24,2015/09/30 06:56:40,15437.000000
planetlab2.unl.edu,planetlab2.cs.pitt.edu,file512KB.txt,2015/09/30 06:56:40,2015/09/30 06:57:13,32997.000000
planetlab2.unl.edu,planetlab2.cs.pitt.edu,file1MB.txt,2015/09/30 06:57:13,2015/09/30 06:58:19,66375.000000
planetlab2.unr.edu,planetlab2.cs.pitt.edu,file32B.txt,2015/09/30 06:58:19,2015/09/30 06:58:19,618.000000
planetlab2.unr.edu,planetlab2.cs.pitt.edu,file1KB.txt,2015/09/30 06:58:19,2015/09/30 06:58:20,1436.000000
planetlab2.unr.edu,planetlab2.cs.pitt.edu,file256KB.txt,2015/09/30 06:58:20,2015/09/30 06:58:49,28965.000000
planetlab2.unr.edu,planetlab2.cs.pitt.edu,file512KB.txt,2015/09/30 06:58:49,2015/09/30 06:59:47,58005.000000
planetlab2.unr.edu,planetlab2.cs.pitt.edu,file1MB.txt,2015/09/30 06:59:47,2015/09/30 07:01:44,-116817.000000
planetlab2.uta.edu,planetlab2.cs.pitt.edu,file32B.txt,2015/09/30 07:01:44,2015/09/30 07:01:45,1606.000000
planetlab2.uta.edu,planetlab2.cs.pitt.edu,file1KB.txt,2015/09/30 07:01:45,2015/09/30 07:01:45,392.000000
planetlab2.uta.edu,planetlab2.cs.pitt.edu,file256KB.txt,2015/09/30 07:01:45,2015/09/30 07:02:04,18805.000000
planetlab2.uta.edu,planetlab2.cs.pitt.edu,file512KB.txt,2015/09/30 07:02:04,2015/09/30 07:02:42,37988.000000
planetlab2.uta.edu,planetlab2.cs.pitt.edu,file1MB.txt,2015/09/30 07:02:42,2015/09/30 07:03:58,75688.000000
planetlab2.utdallas.edu,planetlab2.cs.pitt.edu,file32B.txt,2015/09/30 07:03:58,2015/09/30 07:03:59,1610.000000
planetlab2.utdallas.edu,planetlab2.cs.pitt.edu,file1KB.txt,2015/09/30 07:03:59,2015/09/30 07:03:59,408.000000
planetlab2.utdallas.edu,planetlab2.cs.pitt.edu,file256KB.txt,2015/09/30 07:03:59,2015/09/30 07:04:19,19795.000000
planetlab2.utdallas.edu,planetlab2.cs.pitt.edu,file512KB.txt,2015/09/30 07:04:19,2015/09/30 07:05:00,41493.000000
planetlab2.utdallas.edu,planetlab2.cs.pitt.edu,file1MB.txt,2015/09/30 07:05:00,2015/09/30 07:06:21,80702.000000
planetlab3.eecs.umich.edu,planetlab2.cs.pitt.edu,file32B.txt,2015/09/30 07:06:21,2015/09/30 07:06:22,1292.000000
planetlab3.eecs.umich.edu,planetlab2.cs.pitt.edu,file1KB.txt,2015/09/30 07:06:22,2015/09/30 07:06:22,247.000000
planetlab3.eecs.umich.edu,planetlab2.cs.pitt.edu,file256KB.txt,2015/09/30 07:06:22,2015/09/30 07:06:33,11021.000000
planetlab3.eecs.umich.edu,planetlab2.cs.pitt.edu,file512KB.txt,2015/09/30 07:06:33,2015/09/30 07:06:55,22172.000000
planetlab3.eecs.umich.edu,planetlab2.cs.pitt.edu,file1MB.txt,2015/09/30 07:06:55,2015/09/30 07:07:39,44134.000000
planetlab3.rutgers.edu,planetlab2.cs.pitt.edu,file32B.txt,2015/09/30 07:07:39,2015/09/30 07:07:39,255.000000
planetlab3.rutgers.edu,planetlab2.cs.pitt.edu,file1KB.txt,2015/09/30 07:07:39,2015/09/30 07:07:39,189.000000
planetlab3.rutgers.edu,planetlab2.cs.pitt.edu,file256KB.txt,2015/09/30 07:07:39,2015/09/30 07:07:47,8055.000000
planetlab3.rutgers.edu,planetlab2.cs.pitt.edu,file512KB.txt,2015/09/30 07:07:47,2015/09/30 07:08:04,16966.000000
planetlab3.rutgers.edu,planetlab2.cs.pitt.edu,file1MB.txt,2015/09/30 07:08:04,2015/09/30 07:08:34,29856.000000
planetlab3.wail.wisc.edu,planetlab2.cs.pitt.edu,file32B.txt,2015/09/30 07:08:35,2015/09/30 07:08:35,400.000000
planetlab3.wail.wisc.edu,planetlab2.cs.pitt.edu,file1KB.txt,2015/09/30 07:08:35,2015/09/30 07:08:35,443.000000
planetlab3.wail.wisc.edu,planetlab2.cs.pitt.edu,file256KB.txt,2015/09/30 07:08:35,2015/09/30 07:08:53,18531.000000
planetlab3.wail.wisc.edu,planetlab2.cs.pitt.edu,file512KB.txt,2015/09/30 07:08:53,2015/09/30 07:09:28,34981.000000
planetlab3.wail.wisc.edu,planetlab2.cs.pitt.edu,file1MB.txt,2015/09/30 07:09:28,2015/09/30 07:10:37,68369.000000
planetlab4.tamu.edu,planetlab2.cs.pitt.edu,file32B.txt,2015/09/30 07:10:37,2015/09/30 07:10:38,1644.000000
planetlab4.tamu.edu,planetlab2.cs.pitt.edu,file1KB.txt,2015/09/30 07:10:38,2015/09/30 07:10:38,440.000000
planetlab4.tamu.edu,planetlab2.cs.pitt.edu,file256KB.txt,2015/09/30 07:10:38,2015/09/30 07:10:59,21262.000000
planetlab4.tamu.edu,planetlab2.cs.pitt.edu,file512KB.txt,2015/09/30 07:10:59,2015/09/30 07:11:40,40767.000000
planetlab4.tamu.edu,planetlab2.cs.pitt.edu,file1MB.txt,2015/09/30 07:11:40,2015/09/30 07:13:02,81958.000000
planetlab-5.eecs.cwru.edu,planetlab2.cs.pitt.edu,file32B.txt,2015/09/30 07:13:02,2015/09/30 07:13:02,212.000000
planetlab-5.eecs.cwru.edu,planetlab2.cs.pitt.edu,file1KB.txt,2015/09/30 07:13:02,2015/09/30 07:13:03,1792.000000
planetlab-5.eecs.cwru.edu,planetlab2.cs.pitt.edu,file256KB.txt,2015/09/30 07:13:03,2015/09/30 07:13:09,5338.000000
planetlab-5.eecs.cwru.edu,planetlab2.cs.pitt.edu,file512KB.txt,2015/09/30 07:13:09,2015/09/30 07:13:22,13267.000000
planetlab-5.eecs.cwru.edu,planetlab2.cs.pitt.edu,file1MB.txt,2015/09/30 07:13:22,2015/09/30 07:13:47,25099.000000
planetlabone.ccs.neu.edu,planetlab2.cs.pitt.edu,file32B.txt,2015/09/30 07:13:47,2015/09/30 07:13:47,321.000000
planetlabone.ccs.neu.edu,planetlab2.cs.pitt.edu,file1KB.txt,2015/09/30 07:13:47,2015/09/30 07:13:48,1683.000000
planetlabone.ccs.neu.edu,planetlab2.cs.pitt.edu,file256KB.txt,2015/09/30 07:13:48,2015/09/30 07:13:58,9915.000000
planetlabone.ccs.neu.edu,planetlab2.cs.pitt.edu,file512KB.txt,2015/09/30 07:13:58,2015/09/30 07:14:18,20099.000000
planetlabone.ccs.neu.edu,planetlab2.cs.pitt.edu,file1MB.txt,2015/09/30 07:14:18,2015/09/30 07:14:59,40966.000000
pl-node-0.csl.sri.com,planetlab2.cs.pitt.edu,file32B.txt,2015/09/30 07:14:59,2015/09/30 07:14:59,542.000000
pl-node-0.csl.sri.com,planetlab2.cs.pitt.edu,file1KB.txt,2015/09/30 07:14:59,2015/09/30 07:15:00,1382.000000
pl-node-0.csl.sri.com,planetlab2.cs.pitt.edu,file256KB.txt,2015/09/30 07:15:00,2015/09/30 07:15:42,41329.000000
pl-node-0.csl.sri.com,planetlab2.cs.pitt.edu,file512KB.txt,2015/09/30 07:15:42,2015/09/30 07:17:08,86878.000000
pl-node-0.csl.sri.com,planetlab2.cs.pitt.edu,file1MB.txt,2015/09/30 07:17:08,2015/09/30 07:20:03,174262.000000
ricepl-5.cs.rice.edu,planetlab2.cs.pitt.edu,file32B.txt,2015/09/30 07:20:03,2015/09/30 07:20:04,1653.000000
ricepl-5.cs.rice.edu,planetlab2.cs.pitt.edu,file1KB.txt,2015/09/30 07:20:04,2015/09/30 07:20:04,406.000000
ricepl-5.cs.rice.edu,planetlab2.cs.pitt.edu,file256KB.txt,2015/09/30 07:20:04,2015/09/30 07:20:26,22067.000000
ricepl-5.cs.rice.edu,planetlab2.cs.pitt.edu,file512KB.txt,2015/09/30 07:20:26,2015/09/30 07:21:09,43138.000000
ricepl-5.cs.rice.edu,planetlab2.cs.pitt.edu,file1MB.txt,2015/09/30 07:21:09,2015/09/30 07:22:36,87164.000000
salt.planetlab.cs.umd.edu,planetlab2.cs.pitt.edu,file32B.txt,2015/09/30 07:22:36,2015/09/30 07:22:36,162.000000
salt.planetlab.cs.umd.edu,planetlab2.cs.pitt.edu,file1KB.txt,2015/09/30 07:22:36,2015/09/30 07:22:36,231.000000
salt.planetlab.cs.umd.edu,planetlab2.cs.pitt.edu,file256KB.txt,2015/09/30 07:22:36,2015/09/30 07:22:42,6397.000000
salt.planetlab.cs.umd.edu,planetlab2.cs.pitt.edu,file512KB.txt,2015/09/30 07:22:42,2015/09/30 07:22:53,11122.000000
salt.planetlab.cs.umd.edu,planetlab2.cs.pitt.edu,file1MB.txt,2015/09/30 07:22:53,2015/09/30 07:23:15,22158.000000
pl1.eecs.utk.edu,planetlab2.cs.pitt.edu,file32B.txt,2015/09/30 07:23:15,2015/09/30 07:23:15,337.000000
pl1.eecs.utk.edu,planetlab2.cs.pitt.edu,file1KB.txt,2015/09/30 07:23:15,2015/09/30 07:23:15,351.000000
pl1.eecs.utk.edu,planetlab2.cs.pitt.edu,file256KB.txt,2015/09/30 07:23:15,2015/09/30 07:23:46,30920.000000
pl1.eecs.utk.edu,planetlab2.cs.pitt.edu,file512KB.txt,2015/09/30 07:23:46,2015/09/30 07:24:50,64639.000000
pl1.eecs.utk.edu,planetlab2.cs.pitt.edu,file1MB.txt,2015/09/30 07:24:50,2015/09/30 07:26:59,128885.000000
planetlab-01.vt.nodes.planet-lab.org,planetlab2.cs.pitt.edu,file32B.txt,2015/09/30 07:26:59,2015/09/30 07:26:59,233.000000
planetlab-01.vt.nodes.planet-lab.org,planetlab2.cs.pitt.edu,file1KB.txt,2015/09/30 07:26:59,2015/09/30 07:26:59,233.000000
planetlab-01.vt.nodes.planet-lab.org,planetlab2.cs.pitt.edu,file256KB.txt,2015/09/30 07:26:59,2015/09/30 07:27:08,8984.000000
planetlab-01.vt.nodes.planet-lab.org,planetlab2.cs.pitt.edu,file512KB.txt,2015/09/30 07:27:08,2015/09/30 07:27:26,18821.000000
planetlab-01.vt.nodes.planet-lab.org,planetlab2.cs.pitt.edu,file1MB.txt,2015/09/30 07:27:26,2015/09/30 07:28:29,62281.000000
planetlab-04.vt.nodes.planet-lab.org,planetlab2.cs.pitt.edu,file32B.txt,2015/09/30 07:28:29,2015/09/30 07:28:30,1778.000000
planetlab-04.vt.nodes.planet-lab.org,planetlab2.cs.pitt.edu,file1KB.txt,2015/09/30 07:28:30,2015/09/30 07:28:30,293.000000
planetlab-04.vt.nodes.planet-lab.org,planetlab2.cs.pitt.edu,file256KB.txt,2015/09/30 07:28:30,2015/09/30 07:28:39,9332.000000
planetlab-04.vt.nodes.planet-lab.org,planetlab2.cs.pitt.edu,file512KB.txt,2015/09/30 07:28:39,2015/09/30 07:28:56,16483.000000
planetlab-04.vt.nodes.planet-lab.org,planetlab2.cs.pitt.edu,file1MB.txt,2015/09/30 07:28:56,2015/09/30 07:29:31,35080.000000
planetlab-4.eecs.cwru.edu,planetlab2.cs.pitt.edu,file32B.txt,2015/09/30 07:29:31,2015/09/30 07:29:31,227.000000
planetlab01.cs.washington.edu,planetlab2.cs.pitt.edu,file32B.txt,2015/09/30 07:29:31,2015/09/30 07:29:32,1397.000000
planetlab01.cs.washington.edu,planetlab2.cs.pitt.edu,file1KB.txt,2015/09/30 07:29:32,2015/09/30 07:29:33,1408.000000
planetlab01.cs.washington.edu,planetlab2.cs.pitt.edu,file256KB.txt,2015/09/30 07:29:33,2015/09/30 07:30:05,31143.000000
planetlab01.cs.washington.edu,planetlab2.cs.pitt.edu,file512KB.txt,2015/09/30 07:30:05,2015/09/30 07:31:11,66676.000000
planetlab01.cs.washington.edu,planetlab2.cs.pitt.edu,file1MB.txt,2015/09/30 07:31:11,2015/09/30 07:33:25,133879.000000
planetlab02.cs.washington.edu,planetlab2.cs.pitt.edu,file32B.txt,2015/09/30 07:33:25,2015/09/30 07:33:25,575.000000
planetlab02.cs.washington.edu,planetlab2.cs.pitt.edu,file1KB.txt,2015/09/30 07:33:25,2015/09/30 07:33:26,1475.000000
planetlab02.cs.washington.edu,planetlab2.cs.pitt.edu,file256KB.txt,2015/09/30 07:33:26,2015/09/30 07:34:03,37323.000000
planetlab02.cs.washington.edu,planetlab2.cs.pitt.edu,file512KB.txt,2015/09/30 07:34:03,2015/09/30 07:35:09,65371.000000
planetlab02.cs.washington.edu,planetlab2.cs.pitt.edu,file1MB.txt,2015/09/30 07:35:09,2015/09/30 07:37:22,133668.000000
planetlab1.arizona-gigapop.net,planetlab2.cs.pitt.edu,file32B.txt,2015/09/30 07:37:22,2015/09/30 07:37:22,638.000000
planetlab1.arizona-gigapop.net,planetlab2.cs.pitt.edu,file1KB.txt,2015/09/30 07:37:22,2015/09/30 07:37:23,1359.000000
planetlab1.arizona-gigapop.net,planetlab2.cs.pitt.edu,file256KB.txt,2015/09/30 07:37:23,2015/09/30 07:37:59,35857.000000
planetlab1.arizona-gigapop.net,planetlab2.cs.pitt.edu,file512KB.txt,2015/09/30 07:37:59,2015/09/30 07:39:11,71808.000000
planetlab1.arizona-gigapop.net,planetlab2.cs.pitt.edu,file1MB.txt,2015/09/30 07:39:11,2015/09/30 07:41:34,142810.000000
planetlab1.cs.unc.edu,planetlab2.cs.pitt.edu,file32B.txt,2015/09/30 07:41:34,2015/09/30 07:41:35,1796.000000
planetlab1.cs.unc.edu,planetlab2.cs.pitt.edu,file1KB.txt,2015/09/30 07:41:35,2015/09/30 07:41:35,206.000000
planetlab1.cs.unc.edu,planetlab2.cs.pitt.edu,file256KB.txt,2015/09/30 07:41:35,2015/09/30 07:41:47,12008.000000
planetlab1.cs.unc.edu,planetlab2.cs.pitt.edu,file512KB.txt,2015/09/30 07:41:47,2015/09/30 07:42:11,24064.000000
planetlab1.cs.unc.edu,planetlab2.cs.pitt.edu,file1MB.txt,2015/09/30 07:42:11,2015/09/30 07:42:59,47567.000000
