ebb.colgate.edu,planetlab2.cs.purdue.edu,file32B.txt,2015/09/30 04:12:50,2015/09/30 04:12:51,1325.000000
ebb.colgate.edu,planetlab2.cs.purdue.edu,file1KB.txt,2015/09/30 04:12:51,2015/09/30 04:12:52,1336.000000
ebb.colgate.edu,planetlab2.cs.purdue.edu,file256KB.txt,2015/09/30 04:12:52,2015/09/30 04:13:39,46248.000000
ebb.colgate.edu,planetlab2.cs.purdue.edu,file512KB.txt,2015/09/30 04:13:39,2015/09/30 04:15:06,87714.000000
ebb.colgate.edu,planetlab2.cs.purdue.edu,file1MB.txt,2015/09/30 04:15:06,2015/09/30 04:17:59,172553.000000
kc-sce-plab2.umkc.edu,planetlab2.cs.purdue.edu,file32B.txt,2015/09/30 04:17:59,2015/09/30 04:18:00,1252.000000
kc-sce-plab2.umkc.edu,planetlab2.cs.purdue.edu,file1KB.txt,2015/09/30 04:18:00,2015/09/30 04:18:01,1188.000000
kc-sce-plab2.umkc.edu,planetlab2.cs.purdue.edu,file256KB.txt,2015/09/30 04:18:01,2015/09/30 04:19:09,68034.000000
kc-sce-plab2.umkc.edu,planetlab2.cs.purdue.edu,file512KB.txt,2015/09/30 04:19:09,2015/09/30 04:21:49,159923.000000
kc-sce-plab2.umkc.edu,planetlab2.cs.purdue.edu,file1MB.txt,2015/09/30 04:21:49,2015/09/30 04:28:00,370313.000000
node1.planetlab.mathcs.emory.edu,planetlab2.cs.purdue.edu,file32B.txt,2015/09/30 04:28:00,2015/09/30 04:28:01,1631.000000
node1.planetlab.mathcs.emory.edu,planetlab2.cs.purdue.edu,file1KB.txt,2015/09/30 04:28:01,2015/09/30 04:28:01,348.000000
node1.planetlab.mathcs.emory.edu,planetlab2.cs.purdue.edu,file256KB.txt,2015/09/30 04:28:01,2015/09/30 04:28:21,20158.000000
node1.planetlab.mathcs.emory.edu,planetlab2.cs.purdue.edu,file512KB.txt,2015/09/30 04:28:21,2015/09/30 04:28:59,37761.000000
node1.planetlab.mathcs.emory.edu,planetlab2.cs.purdue.edu,file1MB.txt,2015/09/30 04:28:59,2015/09/30 04:30:17,78035.000000
pl3.cs.unm.edu,planetlab2.cs.purdue.edu,file32B.txt,2015/09/30 04:30:38,2015/09/30 04:30:39,1556.000000
pl3.cs.unm.edu,planetlab2.cs.purdue.edu,file1KB.txt,2015/09/30 04:30:39,2015/09/30 04:30:39,407.000000
pl3.cs.unm.edu,planetlab2.cs.purdue.edu,file256KB.txt,2015/09/30 04:30:39,2015/09/30 04:31:04,24928.000000
pl3.cs.unm.edu,planetlab2.cs.purdue.edu,file512KB.txt,2015/09/30 04:31:04,2015/09/30 04:31:56,51830.000000
pl3.cs.unm.edu,planetlab2.cs.purdue.edu,file1MB.txt,2015/09/30 04:31:56,2015/09/30 04:33:37,100901.000000
plab3.eece.ksu.edu,planetlab2.cs.purdue.edu,file32B.txt,2015/09/30 04:33:37,2015/09/30 04:33:38,1680.000000
plab3.eece.ksu.edu,planetlab2.cs.purdue.edu,file1KB.txt,2015/09/30 04:33:38,2015/09/30 04:33:38,331.000000
plab3.eece.ksu.edu,planetlab2.cs.purdue.edu,file256KB.txt,2015/09/30 04:33:38,2015/09/30 04:33:55,16824.000000
plab3.eece.ksu.edu,planetlab2.cs.purdue.edu,file512KB.txt,2015/09/30 04:33:55,2015/09/30 04:34:29,33983.000000
plab3.eece.ksu.edu,planetlab2.cs.purdue.edu,file1MB.txt,2015/09/30 04:34:29,2015/09/30 04:35:37,67900.000000
planetlab-02.bu.edu,planetlab2.cs.purdue.edu,file32B.txt,2015/09/30 04:35:38,2015/09/30 04:35:38,386.000000
planetlab-02.bu.edu,planetlab2.cs.purdue.edu,file1KB.txt,2015/09/30 04:35:38,2015/09/30 04:35:39,1614.000000
planetlab-02.bu.edu,planetlab2.cs.purdue.edu,file256KB.txt,2015/09/30 04:35:39,2015/09/30 04:36:03,23997.000000
planetlab-02.bu.edu,planetlab2.cs.purdue.edu,file512KB.txt,2015/09/30 04:36:03,2015/09/30 04:36:51,47545.000000
planetlab-02.bu.edu,planetlab2.cs.purdue.edu,file1MB.txt,2015/09/30 04:36:51,2015/09/30 04:38:28,-97492.000000
planetlab1.clemson.edu,planetlab2.cs.purdue.edu,file32B.txt,2015/09/30 04:38:49,2015/09/30 04:38:49,435.000000
planetlab1.clemson.edu,planetlab2.cs.purdue.edu,file1KB.txt,2015/09/30 04:38:49,2015/09/30 04:38:50,1627.000000
planetlab1.clemson.edu,planetlab2.cs.purdue.edu,file256KB.txt,2015/09/30 04:38:50,2015/09/30 04:39:10,19450.000000
planetlab1.clemson.edu,planetlab2.cs.purdue.edu,file512KB.txt,2015/09/30 04:39:10,2015/09/30 04:39:52,42532.000000
planetlab1.clemson.edu,planetlab2.cs.purdue.edu,file1MB.txt,2015/09/30 04:39:52,2015/09/30 04:41:17,84834.000000
planetlab1.cs.du.edu,planetlab2.cs.purdue.edu,file32B.txt,2015/09/30 04:41:17,2015/09/30 04:41:18,1271.000000
planetlab1.cs.du.edu,planetlab2.cs.purdue.edu,file1KB.txt,2015/09/30 04:41:18,2015/09/30 04:41:18,373.000000
planetlab1.cs.du.edu,planetlab2.cs.purdue.edu,file256KB.txt,2015/09/30 04:41:18,2015/09/30 04:41:41,23144.000000
planetlab1.cs.du.edu,planetlab2.cs.purdue.edu,file512KB.txt,2015/09/30 04:41:41,2015/09/30 04:42:25,43920.000000
planetlab1.cs.du.edu,planetlab2.cs.purdue.edu,file1MB.txt,2015/09/30 04:42:25,2015/09/30 04:43:50,84795.000000
planetlab-1.cse.ohio-state.edu,planetlab2.cs.purdue.edu,file32B.txt,2015/09/30 04:43:51,2015/09/30 04:43:56,4931.000000
planetlab-1.cse.ohio-state.edu,planetlab2.cs.purdue.edu,file1KB.txt,2015/09/30 04:43:56,2015/09/30 04:43:58,2075.000000
planetlab-1.cse.ohio-state.edu,planetlab2.cs.purdue.edu,file256KB.txt,2015/09/30 04:43:58,2015/09/30 04:56:43,764649.000000
planetlab-1.cse.ohio-state.edu,planetlab2.cs.purdue.edu,file512KB.txt,2015/09/30 04:56:43,2015/09/30 05:39:30,-1728246.000000
planetlab-1.cse.ohio-state.edu,planetlab2.cs.purdue.edu,file1MB.txt,2015/09/30 05:39:30,2015/09/30 07:09:03,-1077871.000000
planetlab1.cs.okstate.edu,planetlab2.cs.purdue.edu,file32B.txt,2015/09/30 07:09:03,2015/09/30 07:09:04,1656.000000
planetlab1.cs.okstate.edu,planetlab2.cs.purdue.edu,file1KB.txt,2015/09/30 07:09:04,2015/09/30 07:09:04,473.000000
planetlab1.cs.okstate.edu,planetlab2.cs.purdue.edu,file256KB.txt,2015/09/30 07:09:04,2015/09/30 07:09:23,18898.000000
planetlab1.cs.okstate.edu,planetlab2.cs.purdue.edu,file512KB.txt,2015/09/30 07:09:23,2015/09/30 07:10:01,38547.000000
planetlab1.cs.okstate.edu,planetlab2.cs.purdue.edu,file1MB.txt,2015/09/30 07:10:01,2015/09/30 07:11:17,75852.000000
planetlab1.cs.ucla.edu,planetlab2.cs.purdue.edu,file32B.txt,2015/09/30 07:11:17,2015/09/30 07:11:18,1327.000000
planetlab1.cs.ucla.edu,planetlab2.cs.purdue.edu,file1KB.txt,2015/09/30 07:11:18,2015/09/30 07:11:18,687.000000
planetlab1.cs.ucla.edu,planetlab2.cs.purdue.edu,file256KB.txt,2015/09/30 07:11:18,2015/09/30 07:12:00,42077.000000
planetlab1.cs.ucla.edu,planetlab2.cs.purdue.edu,file512KB.txt,2015/09/30 07:12:00,2015/09/30 07:13:20,80659.000000
planetlab1.cs.ucla.edu,planetlab2.cs.purdue.edu,file1MB.txt,2015/09/30 07:13:20,2015/09/30 07:15:59,158375.000000
planetlab1.csuohio.edu,planetlab2.cs.purdue.edu,file32B.txt,2015/09/30 07:15:59,2015/09/30 07:16:00,1690.000000
planetlab1.csuohio.edu,planetlab2.cs.purdue.edu,file1KB.txt,2015/09/30 07:16:00,2015/09/30 07:16:00,358.000000
planetlab1.csuohio.edu,planetlab2.cs.purdue.edu,file256KB.txt,2015/09/30 07:16:00,2015/09/30 07:16:17,16599.000000
planetlab1.csuohio.edu,planetlab2.cs.purdue.edu,file512KB.txt,2015/09/30 07:16:17,2015/09/30 07:16:52,35495.000000
planetlab1.csuohio.edu,planetlab2.cs.purdue.edu,file1MB.txt,2015/09/30 07:16:52,2015/09/30 07:18:01,68426.000000
planetlab1.ucsd.edu,planetlab2.cs.purdue.edu,file32B.txt,2015/09/30 07:18:23,2015/09/30 07:18:23,571.000000
planetlab1.ucsd.edu,planetlab2.cs.purdue.edu,file1KB.txt,2015/09/30 07:18:23,2015/09/30 07:18:24,1411.000000
planetlab1.ucsd.edu,planetlab2.cs.purdue.edu,file256KB.txt,2015/09/30 07:18:24,2015/09/30 07:19:03,38604.000000
planetlab1.ucsd.edu,planetlab2.cs.purdue.edu,file512KB.txt,2015/09/30 07:19:03,2015/09/30 07:20:22,78737.000000
planetlab1.ucsd.edu,planetlab2.cs.purdue.edu,file1MB.txt,2015/09/30 07:20:22,2015/09/30 07:23:00,158293.000000
planetlab2.acis.ufl.edu,planetlab2.cs.purdue.edu,file32B.txt,2015/09/30 07:23:00,2015/09/30 07:23:01,1497.000000
planetlab2.acis.ufl.edu,planetlab2.cs.purdue.edu,file1KB.txt,2015/09/30 07:23:01,2015/09/30 07:23:01,380.000000
planetlab2.acis.ufl.edu,planetlab2.cs.purdue.edu,file256KB.txt,2015/09/30 07:23:01,2015/09/30 07:23:25,23773.000000
planetlab2.acis.ufl.edu,planetlab2.cs.purdue.edu,file512KB.txt,2015/09/30 07:23:25,2015/09/30 07:24:14,49663.000000
planetlab2.acis.ufl.edu,planetlab2.cs.purdue.edu,file1MB.txt,2015/09/30 07:24:14,2015/09/30 07:26:25,130476.000000
planetlab2.arizona-gigapop.net,planetlab2.cs.purdue.edu,file32B.txt,2015/09/30 07:26:25,2015/09/30 07:26:26,1462.000000
planetlab2.arizona-gigapop.net,planetlab2.cs.purdue.edu,file1KB.txt,2015/09/30 07:26:26,2015/09/30 07:26:26,560.000000
planetlab2.arizona-gigapop.net,planetlab2.cs.purdue.edu,file256KB.txt,2015/09/30 07:26:26,2015/09/30 07:27:01,35076.000000
planetlab2.arizona-gigapop.net,planetlab2.cs.purdue.edu,file512KB.txt,2015/09/30 07:27:01,2015/09/30 07:28:11,70565.000000
planetlab2.arizona-gigapop.net,planetlab2.cs.purdue.edu,file1MB.txt,2015/09/30 07:28:11,2015/09/30 07:30:33,141834.000000
planetlab2.citadel.edu,planetlab2.cs.purdue.edu,file32B.txt,2015/09/30 07:30:33,2015/09/30 07:30:33,411.000000
planetlab2.citadel.edu,planetlab2.cs.purdue.edu,file1KB.txt,2015/09/30 07:30:33,2015/09/30 07:30:34,1540.000000
planetlab2.citadel.edu,planetlab2.cs.purdue.edu,file256KB.txt,2015/09/30 07:30:34,2015/09/30 07:30:58,23246.000000
planetlab2.citadel.edu,planetlab2.cs.purdue.edu,file512KB.txt,2015/09/30 07:30:58,2015/09/30 07:31:50,52743.000000
planetlab2.citadel.edu,planetlab2.cs.purdue.edu,file1MB.txt,2015/09/30 07:31:50,2015/09/30 07:33:27,96916.000000
planetlab2.cs.pitt.edu,planetlab2.cs.purdue.edu,file32B.txt,2015/09/30 07:33:27,2015/09/30 07:33:27,262.000000
planetlab2.cs.pitt.edu,planetlab2.cs.purdue.edu,file1KB.txt,2015/09/30 07:33:27,2015/09/30 07:33:27,283.000000
planetlab2.cs.pitt.edu,planetlab2.cs.purdue.edu,file256KB.txt,2015/09/30 07:33:27,2015/09/30 07:33:43,16642.000000
planetlab2.cs.pitt.edu,planetlab2.cs.purdue.edu,file512KB.txt,2015/09/30 07:33:43,2015/09/30 07:34:21,37910.000000
planetlab2.cs.pitt.edu,planetlab2.cs.purdue.edu,file1MB.txt,2015/09/30 07:34:21,2015/09/30 07:35:32,71105.000000
planetlab2.cs.purdue.edu,planetlab2.cs.purdue.edu,file32B.txt,2015/09/30 07:35:32,2015/09/30 07:35:32,162.000000
planetlab2.cs.purdue.edu,planetlab2.cs.purdue.edu,file1KB.txt,2015/09/30 07:35:32,2015/09/30 07:35:32,162.000000
planetlab2.cs.purdue.edu,planetlab2.cs.purdue.edu,file256KB.txt,2015/09/30 07:35:32,2015/09/30 07:35:42,10447.000000
planetlab2.cs.purdue.edu,planetlab2.cs.purdue.edu,file512KB.txt,2015/09/30 07:35:42,2015/09/30 07:35:59,16727.000000
planetlab2.cs.purdue.edu,planetlab2.cs.purdue.edu,file1MB.txt,2015/09/30 07:35:59,2015/09/30 07:36:32,32959.000000
planetlab2.cs.uml.edu,planetlab2.cs.purdue.edu,file32B.txt,2015/09/30 07:37:14,2015/09/30 07:37:15,1591.000000
planetlab2.cs.uml.edu,planetlab2.cs.purdue.edu,file1KB.txt,2015/09/30 07:37:15,2015/09/30 07:37:15,427.000000
planetlab2.cs.uml.edu,planetlab2.cs.purdue.edu,file256KB.txt,2015/09/30 07:37:15,2015/09/30 07:37:38,22803.000000
planetlab2.cs.uml.edu,planetlab2.cs.purdue.edu,file512KB.txt,2015/09/30 07:37:38,2015/09/30 07:38:24,46377.000000
planetlab2.cs.uml.edu,planetlab2.cs.purdue.edu,file1MB.txt,2015/09/30 07:38:24,2015/09/30 07:39:58,93984.000000
planetlab2.cs.unc.edu,planetlab2.cs.purdue.edu,file32B.txt,2015/09/30 07:39:58,2015/09/30 07:39:58,317.000000
planetlab2.cs.unc.edu,planetlab2.cs.purdue.edu,file1KB.txt,2015/09/30 07:39:58,2015/09/30 07:39:59,1676.000000
planetlab2.cs.unc.edu,planetlab2.cs.purdue.edu,file256KB.txt,2015/09/30 07:39:59,2015/09/30 07:40:21,21362.000000
planetlab2.cs.unc.edu,planetlab2.cs.purdue.edu,file512KB.txt,2015/09/30 07:40:21,2015/09/30 07:41:04,42925.000000
planetlab2.cs.unc.edu,planetlab2.cs.purdue.edu,file1MB.txt,2015/09/30 07:41:04,2015/09/30 07:42:33,89393.000000
planetlab2.cs.uoregon.edu,planetlab2.cs.purdue.edu,file32B.txt,2015/09/30 07:42:33,2015/09/30 07:42:34,1305.000000
planetlab2.cs.uoregon.edu,planetlab2.cs.purdue.edu,file1KB.txt,2015/09/30 07:42:34,2015/09/30 07:42:34,598.000000
planetlab2.cs.uoregon.edu,planetlab2.cs.purdue.edu,file256KB.txt,2015/09/30 07:42:34,2015/09/30 07:43:11,36909.000000
planetlab2.cs.uoregon.edu,planetlab2.cs.purdue.edu,file512KB.txt,2015/09/30 07:43:11,2015/09/30 07:44:27,76656.000000
planetlab2.cs.uoregon.edu,planetlab2.cs.purdue.edu,file1MB.txt,2015/09/30 07:44:27,2015/09/30 07:46:57,149282.000000
planetlab2.temple.edu,planetlab2.cs.purdue.edu,file32B.txt,2015/09/30 07:46:57,2015/09/30 07:46:58,1650.000000
planetlab2.temple.edu,planetlab2.cs.purdue.edu,file1KB.txt,2015/09/30 07:46:58,2015/09/30 07:46:58,353.000000
planetlab2.temple.edu,planetlab2.cs.purdue.edu,file256KB.txt,2015/09/30 07:46:58,2015/09/30 07:47:19,21124.000000
planetlab2.temple.edu,planetlab2.cs.purdue.edu,file512KB.txt,2015/09/30 07:47:19,2015/09/30 07:48:01,42224.000000
planetlab2.temple.edu,planetlab2.cs.purdue.edu,file1MB.txt,2015/09/30 07:48:01,2015/09/30 07:49:26,84986.000000
planetlab2.unl.edu,planetlab2.cs.purdue.edu,file32B.txt,2015/09/30 07:49:26,2015/09/30 07:49:26,355.000000
planetlab2.unl.edu,planetlab2.cs.purdue.edu,file1KB.txt,2015/09/30 07:49:26,2015/09/30 07:49:26,317.000000
planetlab2.unl.edu,planetlab2.cs.purdue.edu,file256KB.txt,2015/09/30 07:49:26,2015/09/30 07:49:45,19367.000000
planetlab2.unl.edu,planetlab2.cs.purdue.edu,file512KB.txt,2015/09/30 07:49:45,2015/09/30 07:50:25,39667.000000
planetlab2.unl.edu,planetlab2.cs.purdue.edu,file1MB.txt,2015/09/30 07:50:25,2015/09/30 07:51:44,79215.000000
planetlab2.unr.edu,planetlab2.cs.purdue.edu,file32B.txt,2015/09/30 07:51:44,2015/09/30 07:51:45,1480.000000
planetlab2.unr.edu,planetlab2.cs.purdue.edu,file1KB.txt,2015/09/30 07:51:45,2015/09/30 07:51:45,535.000000
planetlab2.unr.edu,planetlab2.cs.purdue.edu,file256KB.txt,2015/09/30 07:51:45,2015/09/30 07:52:18,33686.000000
planetlab2.unr.edu,planetlab2.cs.purdue.edu,file512KB.txt,2015/09/30 07:52:18,2015/09/30 07:53:19,60344.000000
planetlab2.unr.edu,planetlab2.cs.purdue.edu,file1MB.txt,2015/09/30 07:53:19,2015/09/30 07:55:23,124274.000000
planetlab2.uta.edu,planetlab2.cs.purdue.edu,file32B.txt,2015/09/30 07:55:23,2015/09/30 07:55:23,487.000000
planetlab2.uta.edu,planetlab2.cs.purdue.edu,file1KB.txt,2015/09/30 07:55:23,2015/09/30 07:55:24,1465.000000
planetlab2.uta.edu,planetlab2.cs.purdue.edu,file256KB.txt,2015/09/30 07:55:24,2015/09/30 07:55:46,21941.000000
planetlab2.uta.edu,planetlab2.cs.purdue.edu,file512KB.txt,2015/09/30 07:55:46,2015/09/30 07:56:29,43442.000000
planetlab2.uta.edu,planetlab2.cs.purdue.edu,file1MB.txt,2015/09/30 07:56:29,2015/09/30 07:57:54,84175.000000
planetlab2.utdallas.edu,planetlab2.cs.purdue.edu,file32B.txt,2015/09/30 07:57:54,2015/09/30 07:57:55,1601.000000
planetlab2.utdallas.edu,planetlab2.cs.purdue.edu,file1KB.txt,2015/09/30 07:57:55,2015/09/30 07:57:55,431.000000
planetlab2.utdallas.edu,planetlab2.cs.purdue.edu,file256KB.txt,2015/09/30 07:57:55,2015/09/30 07:58:16,21319.000000
planetlab2.utdallas.edu,planetlab2.cs.purdue.edu,file512KB.txt,2015/09/30 07:58:16,2015/09/30 07:58:57,40441.000000
planetlab2.utdallas.edu,planetlab2.cs.purdue.edu,file1MB.txt,2015/09/30 07:58:57,2015/09/30 08:00:21,84593.000000
planetlab3.eecs.umich.edu,planetlab2.cs.purdue.edu,file32B.txt,2015/09/30 08:00:21,2015/09/30 08:00:21,316.000000
planetlab3.eecs.umich.edu,planetlab2.cs.purdue.edu,file1KB.txt,2015/09/30 08:00:21,2015/09/30 08:00:21,314.000000
planetlab3.eecs.umich.edu,planetlab2.cs.purdue.edu,file256KB.txt,2015/09/30 08:00:21,2015/09/30 08:00:36,15895.000000
planetlab3.eecs.umich.edu,planetlab2.cs.purdue.edu,file512KB.txt,2015/09/30 08:00:36,2015/09/30 08:01:01,24325.000000
planetlab3.eecs.umich.edu,planetlab2.cs.purdue.edu,file1MB.txt,2015/09/30 08:01:01,2015/09/30 08:01:58,56775.000000
planetlab3.rutgers.edu,planetlab2.cs.purdue.edu,file32B.txt,2015/09/30 08:01:58,2015/09/30 08:01:59,1648.000000
planetlab3.rutgers.edu,planetlab2.cs.purdue.edu,file1KB.txt,2015/09/30 08:01:59,2015/09/30 08:01:59,389.000000
planetlab3.rutgers.edu,planetlab2.cs.purdue.edu,file256KB.txt,2015/09/30 08:01:59,2015/09/30 08:02:23,24309.000000
planetlab3.rutgers.edu,planetlab2.cs.purdue.edu,file512KB.txt,2015/09/30 08:02:23,2015/09/30 08:03:19,56151.000000
planetlab3.rutgers.edu,planetlab2.cs.purdue.edu,file1MB.txt,2015/09/30 08:03:19,2015/09/30 08:05:08,109205.000000
planetlab3.wail.wisc.edu,planetlab2.cs.purdue.edu,file32B.txt,2015/09/30 08:05:08,2015/09/30 08:05:08,417.000000
planetlab3.wail.wisc.edu,planetlab2.cs.purdue.edu,file1KB.txt,2015/09/30 08:05:08,2015/09/30 08:05:08,400.000000
planetlab3.wail.wisc.edu,planetlab2.cs.purdue.edu,file256KB.txt,2015/09/30 08:05:08,2015/09/30 08:05:29,21687.000000
planetlab3.wail.wisc.edu,planetlab2.cs.purdue.edu,file512KB.txt,2015/09/30 08:05:29,2015/09/30 08:06:11,41990.000000
planetlab3.wail.wisc.edu,planetlab2.cs.purdue.edu,file1MB.txt,2015/09/30 08:06:11,2015/09/30 08:07:32,80928.000000
planetlab4.tamu.edu,planetlab2.cs.purdue.edu,file32B.txt,2015/09/30 08:07:32,2015/09/30 08:07:32,464.000000
planetlab4.tamu.edu,planetlab2.cs.purdue.edu,file1KB.txt,2015/09/30 08:07:32,2015/09/30 08:07:33,1582.000000
planetlab4.tamu.edu,planetlab2.cs.purdue.edu,file256KB.txt,2015/09/30 08:07:33,2015/09/30 08:07:56,22280.000000
planetlab4.tamu.edu,planetlab2.cs.purdue.edu,file512KB.txt,2015/09/30 08:07:56,2015/09/30 08:08:43,47593.000000
planetlab4.tamu.edu,planetlab2.cs.purdue.edu,file1MB.txt,2015/09/30 08:08:43,2015/09/30 08:10:16,93264.000000
planetlab-5.eecs.cwru.edu,planetlab2.cs.purdue.edu,file32B.txt,2015/09/30 08:10:16,2015/09/30 08:10:16,395.000000
planetlab-5.eecs.cwru.edu,planetlab2.cs.purdue.edu,file1KB.txt,2015/09/30 08:10:16,2015/09/30 08:10:16,464.000000
planetlab-5.eecs.cwru.edu,planetlab2.cs.purdue.edu,file256KB.txt,2015/09/30 08:10:16,2015/09/30 08:10:39,23557.000000
planetlab-5.eecs.cwru.edu,planetlab2.cs.purdue.edu,file512KB.txt,2015/09/30 08:10:39,2015/09/30 08:11:23,44250.000000
planetlab-5.eecs.cwru.edu,planetlab2.cs.purdue.edu,file1MB.txt,2015/09/30 08:11:23,2015/09/30 08:13:19,-115212.000000
planetlabone.ccs.neu.edu,planetlab2.cs.purdue.edu,file32B.txt,2015/09/30 08:13:19,2015/09/30 08:13:20,1433.000000
planetlabone.ccs.neu.edu,planetlab2.cs.purdue.edu,file1KB.txt,2015/09/30 08:13:20,2015/09/30 08:13:20,461.000000
planetlabone.ccs.neu.edu,planetlab2.cs.purdue.edu,file256KB.txt,2015/09/30 08:13:20,2015/09/30 08:13:47,27576.000000
planetlabone.ccs.neu.edu,planetlab2.cs.purdue.edu,file512KB.txt,2015/09/30 08:13:47,2015/09/30 08:14:38,50446.000000
planetlabone.ccs.neu.edu,planetlab2.cs.purdue.edu,file1MB.txt,2015/09/30 08:14:38,2015/09/30 08:16:17,99126.000000
pl-node-0.csl.sri.com,planetlab2.cs.purdue.edu,file32B.txt,2015/09/30 08:16:17,2015/09/30 08:16:18,1291.000000
pl-node-0.csl.sri.com,planetlab2.cs.purdue.edu,file1KB.txt,2015/09/30 08:16:18,2015/09/30 08:16:19,1009.000000
pl-node-0.csl.sri.com,planetlab2.cs.purdue.edu,file256KB.txt,2015/09/30 08:16:19,2015/09/30 08:17:04,45189.000000
pl-node-0.csl.sri.com,planetlab2.cs.purdue.edu,file512KB.txt,2015/09/30 08:17:04,2015/09/30 08:18:51,107108.000000
pl-node-0.csl.sri.com,planetlab2.cs.purdue.edu,file1MB.txt,2015/09/30 08:18:51,2015/09/30 08:22:05,193807.000000
ricepl-5.cs.rice.edu,planetlab2.cs.purdue.edu,file32B.txt,2015/09/30 08:22:05,2015/09/30 08:22:06,1241.000000
ricepl-5.cs.rice.edu,planetlab2.cs.purdue.edu,file1KB.txt,2015/09/30 08:22:06,2015/09/30 08:22:07,1193.000000
ricepl-5.cs.rice.edu,planetlab2.cs.purdue.edu,file256KB.txt,2015/09/30 08:22:07,2015/09/30 08:22:38,30522.000000
ricepl-5.cs.rice.edu,planetlab2.cs.purdue.edu,file512KB.txt,2015/09/30 08:22:38,2015/09/30 08:23:53,75185.000000
ricepl-5.cs.rice.edu,planetlab2.cs.purdue.edu,file1MB.txt,2015/09/30 08:23:53,2015/09/30 08:26:50,177361.000000
salt.planetlab.cs.umd.edu,planetlab2.cs.purdue.edu,file32B.txt,2015/09/30 08:26:50,2015/09/30 08:26:51,1195.000000
salt.planetlab.cs.umd.edu,planetlab2.cs.purdue.edu,file1KB.txt,2015/09/30 08:26:51,2015/09/30 08:26:51,885.000000
salt.planetlab.cs.umd.edu,planetlab2.cs.purdue.edu,file256KB.txt,2015/09/30 08:26:51,2015/09/30 08:27:34,43773.000000
salt.planetlab.cs.umd.edu,planetlab2.cs.purdue.edu,file512KB.txt,2015/09/30 08:27:34,2015/09/30 08:29:54,139654.000000
salt.planetlab.cs.umd.edu,planetlab2.cs.purdue.edu,file1MB.txt,2015/09/30 08:29:54,2015/09/30 08:40:16,622019.000000
pl1.eecs.utk.edu,planetlab2.cs.purdue.edu,file32B.txt,2015/09/30 08:40:18,2015/09/30 08:40:21,2596.000000
pl1.eecs.utk.edu,planetlab2.cs.purdue.edu,file1KB.txt,2015/09/30 08:40:21,2015/09/30 08:40:26,5100.000000
pl1.eecs.utk.edu,planetlab2.cs.purdue.edu,file256KB.txt,2015/09/30 08:40:26,2015/09/30 08:43:04,158127.000000
pl1.eecs.utk.edu,planetlab2.cs.purdue.edu,file512KB.txt,2015/09/30 08:43:04,2015/09/30 08:47:12,247992.000000
pl1.eecs.utk.edu,planetlab2.cs.purdue.edu,file1MB.txt,2015/09/30 08:47:12,2015/09/30 08:55:48,515755.000000
planetlab-01.vt.nodes.planet-lab.org,planetlab2.cs.purdue.edu,file32B.txt,2015/09/30 08:55:48,2015/09/30 08:55:49,1551.000000
planetlab-01.vt.nodes.planet-lab.org,planetlab2.cs.purdue.edu,file1KB.txt,2015/09/30 08:55:49,2015/09/30 08:55:49,372.000000
planetlab-01.vt.nodes.planet-lab.org,planetlab2.cs.purdue.edu,file256KB.txt,2015/09/30 08:55:49,2015/09/30 08:56:15,25491.000000
planetlab-01.vt.nodes.planet-lab.org,planetlab2.cs.purdue.edu,file512KB.txt,2015/09/30 08:56:15,2015/09/30 08:57:07,52865.000000
planetlab-01.vt.nodes.planet-lab.org,planetlab2.cs.purdue.edu,file1MB.txt,2015/09/30 08:57:07,2015/09/30 08:58:43,95401.000000
planetlab-04.vt.nodes.planet-lab.org,planetlab2.cs.purdue.edu,file32B.txt,2015/09/30 08:58:43,2015/09/30 08:58:44,1566.000000
planetlab-04.vt.nodes.planet-lab.org,planetlab2.cs.purdue.edu,file1KB.txt,2015/09/30 08:58:44,2015/09/30 08:58:44,414.000000
planetlab-04.vt.nodes.planet-lab.org,planetlab2.cs.purdue.edu,file256KB.txt,2015/09/30 08:58:44,2015/09/30 08:59:09,24576.000000
planetlab-04.vt.nodes.planet-lab.org,planetlab2.cs.purdue.edu,file512KB.txt,2015/09/30 08:59:09,2015/09/30 08:59:58,49250.000000
planetlab-04.vt.nodes.planet-lab.org,planetlab2.cs.purdue.edu,file1MB.txt,2015/09/30 08:59:58,2015/09/30 09:01:37,98765.000000
planetlab-4.eecs.cwru.edu,planetlab2.cs.purdue.edu,file32B.txt,2015/09/30 09:01:37,2015/09/30 09:01:38,1624.000000
planetlab-4.eecs.cwru.edu,planetlab2.cs.purdue.edu,file1KB.txt,2015/09/30 09:01:38,2015/09/30 09:01:38,368.000000
planetlab-4.eecs.cwru.edu,planetlab2.cs.purdue.edu,file256KB.txt,2015/09/30 09:01:38,2015/09/30 09:02:01,23042.000000
planetlab-4.eecs.cwru.edu,planetlab2.cs.purdue.edu,file512KB.txt,2015/09/30 09:02:01,2015/09/30 09:02:48,47516.000000
planetlab-4.eecs.cwru.edu,planetlab2.cs.purdue.edu,file1MB.txt,2015/09/30 09:02:48,2015/09/30 09:04:15,86488.000000
planetlab01.cs.washington.edu,planetlab2.cs.purdue.edu,file32B.txt,2015/09/30 09:04:15,2015/09/30 09:04:16,1396.000000
planetlab01.cs.washington.edu,planetlab2.cs.purdue.edu,file1KB.txt,2015/09/30 09:04:16,2015/09/30 09:04:16,570.000000
planetlab01.cs.washington.edu,planetlab2.cs.purdue.edu,file256KB.txt,2015/09/30 09:04:16,2015/09/30 09:04:50,34074.000000
planetlab01.cs.washington.edu,planetlab2.cs.purdue.edu,file512KB.txt,2015/09/30 09:04:50,2015/09/30 09:06:00,70672.000000
planetlab01.cs.washington.edu,planetlab2.cs.purdue.edu,file1MB.txt,2015/09/30 09:06:00,2015/09/30 09:08:17,136865.000000
planetlab02.cs.washington.edu,planetlab2.cs.purdue.edu,file32B.txt,2015/09/30 09:08:17,2015/09/30 09:08:17,519.000000
planetlab02.cs.washington.edu,planetlab2.cs.purdue.edu,file1KB.txt,2015/09/30 09:08:17,2015/09/30 09:08:18,1454.000000
planetlab02.cs.washington.edu,planetlab2.cs.purdue.edu,file256KB.txt,2015/09/30 09:08:18,2015/09/30 09:08:55,36952.000000
planetlab02.cs.washington.edu,planetlab2.cs.purdue.edu,file512KB.txt,2015/09/30 09:08:55,2015/09/30 09:10:07,72075.000000
planetlab02.cs.washington.edu,planetlab2.cs.purdue.edu,file1MB.txt,2015/09/30 09:10:07,2015/09/30 09:12:31,143637.000000
planetlab1.arizona-gigapop.net,planetlab2.cs.purdue.edu,file32B.txt,2015/09/30 09:12:31,2015/09/30 09:12:32,1510.000000
planetlab1.arizona-gigapop.net,planetlab2.cs.purdue.edu,file1KB.txt,2015/09/30 09:12:32,2015/09/30 09:12:32,571.000000
planetlab1.arizona-gigapop.net,planetlab2.cs.purdue.edu,file256KB.txt,2015/09/30 09:12:32,2015/09/30 09:13:09,37098.000000
planetlab1.arizona-gigapop.net,planetlab2.cs.purdue.edu,file512KB.txt,2015/09/30 09:13:09,2015/09/30 09:14:22,72558.000000
planetlab1.arizona-gigapop.net,planetlab2.cs.purdue.edu,file1MB.txt,2015/09/30 09:14:22,2015/09/30 09:16:51,149741.000000
planetlab1.cs.unc.edu,planetlab2.cs.purdue.edu,file32B.txt,2015/09/30 09:16:51,2015/09/30 09:16:51,371.000000
planetlab1.cs.unc.edu,planetlab2.cs.purdue.edu,file1KB.txt,2015/09/30 09:16:51,2015/09/30 09:16:52,1608.000000
planetlab1.cs.unc.edu,planetlab2.cs.purdue.edu,file256KB.txt,2015/09/30 09:16:52,2015/09/30 09:17:13,20148.000000
planetlab1.cs.unc.edu,planetlab2.cs.purdue.edu,file512KB.txt,2015/09/30 09:17:13,2015/09/30 09:17:57,44410.000000
planetlab1.cs.unc.edu,planetlab2.cs.purdue.edu,file1MB.txt,2015/09/30 09:17:57,2015/09/30 09:19:28,90506.000000
