ebb.colgate.edu,planetlab1.ucsd.edu,file32B.txt,2015/09/30 04:12:48,2015/09/30 04:12:54,6437.000000
ebb.colgate.edu,planetlab1.ucsd.edu,file1KB.txt,2015/09/30 04:12:54,2015/09/30 04:13:03,9359.000000
ebb.colgate.edu,planetlab1.ucsd.edu,file256KB.txt,2015/09/30 04:13:03,2015/09/30 04:14:18,74307.000000
ebb.colgate.edu,planetlab1.ucsd.edu,file512KB.txt,2015/09/30 04:14:18,2015/09/30 04:16:50,152490.000000
ebb.colgate.edu,planetlab1.ucsd.edu,file1MB.txt,2015/09/30 04:16:50,2015/09/30 04:21:43,292948.000000
kc-sce-plab2.umkc.edu,planetlab1.ucsd.edu,file32B.txt,2015/09/30 04:21:43,2015/09/30 04:21:49,5528.000000
kc-sce-plab2.umkc.edu,planetlab1.ucsd.edu,file1KB.txt,2015/09/30 04:21:49,2015/09/30 04:21:59,10649.000000
kc-sce-plab2.umkc.edu,planetlab1.ucsd.edu,file256KB.txt,2015/09/30 04:21:59,2015/09/30 04:24:12,132466.000000
kc-sce-plab2.umkc.edu,planetlab1.ucsd.edu,file512KB.txt,2015/09/30 04:24:12,2015/09/30 04:27:23,190792.000000
kc-sce-plab2.umkc.edu,planetlab1.ucsd.edu,file1MB.txt,2015/09/30 04:27:23,2015/09/30 04:30:22,179596.000000
node1.planetlab.mathcs.emory.edu,planetlab1.ucsd.edu,file32B.txt,2015/09/30 04:30:22,2015/09/30 04:30:27,4498.000000
node1.planetlab.mathcs.emory.edu,planetlab1.ucsd.edu,file1KB.txt,2015/09/30 04:30:27,2015/09/30 04:30:33,6563.000000
node1.planetlab.mathcs.emory.edu,planetlab1.ucsd.edu,file256KB.txt,2015/09/30 04:30:33,2015/09/30 04:31:11,37408.000000
node1.planetlab.mathcs.emory.edu,planetlab1.ucsd.edu,file512KB.txt,2015/09/30 04:31:11,2015/09/30 04:32:20,69811.000000
node1.planetlab.mathcs.emory.edu,planetlab1.ucsd.edu,file1MB.txt,2015/09/30 04:32:20,2015/09/30 04:34:37,136296.000000
pl3.cs.unm.edu,planetlab1.ucsd.edu,file32B.txt,2015/09/30 04:35:03,2015/09/30 04:35:09,6805.000000
pl3.cs.unm.edu,planetlab1.ucsd.edu,file1KB.txt,2015/09/30 04:35:09,2015/09/30 04:35:14,4775.000000
pl3.cs.unm.edu,planetlab1.ucsd.edu,file256KB.txt,2015/09/30 04:35:14,2015/09/30 04:35:32,17920.000000
pl3.cs.unm.edu,planetlab1.ucsd.edu,file512KB.txt,2015/09/30 04:35:32,2015/09/30 04:36:03,30981.000000
pl3.cs.unm.edu,planetlab1.ucsd.edu,file1MB.txt,2015/09/30 04:36:03,2015/09/30 04:37:00,57070.000000
plab3.eece.ksu.edu,planetlab1.ucsd.edu,file32B.txt,2015/09/30 04:37:00,2015/09/30 04:37:05,4601.000000
plab3.eece.ksu.edu,planetlab1.ucsd.edu,file1KB.txt,2015/09/30 04:37:05,2015/09/30 04:37:11,6612.000000
plab3.eece.ksu.edu,planetlab1.ucsd.edu,file256KB.txt,2015/09/30 04:37:11,2015/09/30 04:37:44,32860.000000
plab3.eece.ksu.edu,planetlab1.ucsd.edu,file512KB.txt,2015/09/30 04:37:44,2015/09/30 04:38:45,-60991.000000
plab3.eece.ksu.edu,planetlab1.ucsd.edu,file1MB.txt,2015/09/30 04:38:45,2015/09/30 04:40:42,117053.000000
planetlab-02.bu.edu,planetlab1.ucsd.edu,file32B.txt,2015/09/30 04:40:52,2015/09/30 04:40:58,6299.000000
planetlab-02.bu.edu,planetlab1.ucsd.edu,file1KB.txt,2015/09/30 04:40:58,2015/09/30 04:41:03,4327.000000
planetlab-02.bu.edu,planetlab1.ucsd.edu,file256KB.txt,2015/09/30 04:41:03,2015/09/30 04:41:57,54540.000000
planetlab-02.bu.edu,planetlab1.ucsd.edu,file512KB.txt,2015/09/30 04:41:57,2015/09/30 04:43:43,106203.000000
planetlab-02.bu.edu,planetlab1.ucsd.edu,file1MB.txt,2015/09/30 04:43:43,2015/09/30 04:47:03,199999.000000
planetlab1.clemson.edu,planetlab1.ucsd.edu,file32B.txt,2015/09/30 04:47:34,2015/09/30 04:47:39,4475.000000
planetlab1.clemson.edu,planetlab1.ucsd.edu,file1KB.txt,2015/09/30 04:47:39,2015/09/30 04:47:45,6543.000000
planetlab1.clemson.edu,planetlab1.ucsd.edu,file256KB.txt,2015/09/30 04:47:45,2015/09/30 04:48:23,38184.000000
planetlab1.clemson.edu,planetlab1.ucsd.edu,file512KB.txt,2015/09/30 04:48:23,2015/09/30 04:49:36,72310.000000
planetlab1.clemson.edu,planetlab1.ucsd.edu,file1MB.txt,2015/09/30 04:49:36,2015/09/30 04:51:52,136566.000000
planetlab1.cs.du.edu,planetlab1.ucsd.edu,file32B.txt,2015/09/30 04:52:03,2015/09/30 04:52:08,4586.000000
planetlab1.cs.du.edu,planetlab1.ucsd.edu,file1KB.txt,2015/09/30 04:52:08,2015/09/30 04:52:14,6616.000000
planetlab1.cs.du.edu,planetlab1.ucsd.edu,file256KB.txt,2015/09/30 04:52:14,2015/09/30 04:52:47,32667.000000
planetlab1.cs.du.edu,planetlab1.ucsd.edu,file512KB.txt,2015/09/30 04:52:47,2015/09/30 04:53:50,63232.000000
planetlab1.cs.du.edu,planetlab1.ucsd.edu,file1MB.txt,2015/09/30 04:53:50,2015/09/30 04:55:47,116958.000000
planetlab-1.cse.ohio-state.edu,planetlab1.ucsd.edu,file32B.txt,2015/09/30 04:55:52,2015/09/30 04:56:05,13212.000000
planetlab-1.cse.ohio-state.edu,planetlab1.ucsd.edu,file1KB.txt,2015/09/30 04:56:05,2015/09/30 04:56:15,9944.000000
planetlab-1.cse.ohio-state.edu,planetlab1.ucsd.edu,file256KB.txt,2015/09/30 04:56:15,2015/09/30 05:18:05,1309516.000000
planetlab-1.cse.ohio-state.edu,planetlab1.ucsd.edu,file512KB.txt,2015/09/30 05:18:05,2015/09/30 06:00:00,1779653.000000
planetlab-1.cse.ohio-state.edu,planetlab1.ucsd.edu,file1MB.txt,2015/09/30 06:00:00,2015/09/30 07:17:02,326795.000000
planetlab1.cs.okstate.edu,planetlab1.ucsd.edu,file32B.txt,2015/09/30 07:17:02,2015/09/30 07:17:08,6620.000000
planetlab1.cs.okstate.edu,planetlab1.ucsd.edu,file1KB.txt,2015/09/30 07:17:08,2015/09/30 07:17:13,4619.000000
planetlab1.cs.okstate.edu,planetlab1.ucsd.edu,file256KB.txt,2015/09/30 07:17:13,2015/09/30 07:17:46,33516.000000
planetlab1.cs.okstate.edu,planetlab1.ucsd.edu,file512KB.txt,2015/09/30 07:17:46,2015/09/30 07:18:45,58152.000000
planetlab1.cs.okstate.edu,planetlab1.ucsd.edu,file1MB.txt,2015/09/30 07:18:45,2015/09/30 07:20:40,115475.000000
planetlab1.cs.ucla.edu,planetlab1.ucsd.edu,file32B.txt,2015/09/30 07:20:40,2015/09/30 07:20:45,4964.000000
planetlab1.cs.ucla.edu,planetlab1.ucsd.edu,file1KB.txt,2015/09/30 07:20:45,2015/09/30 07:20:50,4962.000000
planetlab1.cs.ucla.edu,planetlab1.ucsd.edu,file256KB.txt,2015/09/30 07:20:50,2015/09/30 07:20:57,6923.000000
planetlab1.cs.ucla.edu,planetlab1.ucsd.edu,file512KB.txt,2015/09/30 07:20:57,2015/09/30 07:21:06,8981.000000
planetlab1.cs.ucla.edu,planetlab1.ucsd.edu,file1MB.txt,2015/09/30 07:21:06,2015/09/30 07:21:20,14601.000000
planetlab1.csuohio.edu,planetlab1.ucsd.edu,file32B.txt,2015/09/30 07:21:20,2015/09/30 07:21:25,4404.000000
planetlab1.csuohio.edu,planetlab1.ucsd.edu,file1KB.txt,2015/09/30 07:21:25,2015/09/30 07:21:31,6426.000000
planetlab1.csuohio.edu,planetlab1.ucsd.edu,file256KB.txt,2015/09/30 07:21:31,2015/09/30 07:22:16,44519.000000
planetlab1.csuohio.edu,planetlab1.ucsd.edu,file512KB.txt,2015/09/30 07:22:16,2015/09/30 07:23:45,89108.000000
planetlab1.csuohio.edu,planetlab1.ucsd.edu,file1MB.txt,2015/09/30 07:23:45,2015/09/30 07:26:36,171274.000000
planetlab1.ucsd.edu,planetlab1.ucsd.edu,file32B.txt,2015/09/30 07:27:07,2015/09/30 07:27:07,9.000000
planetlab1.ucsd.edu,planetlab1.ucsd.edu,file1KB.txt,2015/09/30 07:27:07,2015/09/30 07:27:07,8.000000
planetlab1.ucsd.edu,planetlab1.ucsd.edu,file256KB.txt,2015/09/30 07:27:07,2015/09/30 07:27:08,1577.000000
planetlab1.ucsd.edu,planetlab1.ucsd.edu,file512KB.txt,2015/09/30 07:27:08,2015/09/30 07:27:08,862.000000
planetlab1.ucsd.edu,planetlab1.ucsd.edu,file1MB.txt,2015/09/30 07:27:08,2015/09/30 07:27:10,2348.000000
planetlab2.acis.ufl.edu,planetlab1.ucsd.edu,file32B.txt,2015/09/30 07:27:10,2015/09/30 07:27:16,6561.000000
planetlab2.acis.ufl.edu,planetlab1.ucsd.edu,file1KB.txt,2015/09/30 07:27:16,2015/09/30 07:27:21,4570.000000
planetlab2.acis.ufl.edu,planetlab1.ucsd.edu,file256KB.txt,2015/09/30 07:27:21,2015/09/30 07:27:57,35706.000000
planetlab2.acis.ufl.edu,planetlab1.ucsd.edu,file512KB.txt,2015/09/30 07:27:57,2015/09/30 07:29:05,68745.000000
planetlab2.acis.ufl.edu,planetlab1.ucsd.edu,file1MB.txt,2015/09/30 07:29:05,2015/09/30 07:31:14,128484.000000
planetlab2.arizona-gigapop.net,planetlab1.ucsd.edu,file32B.txt,2015/09/30 07:31:14,2015/09/30 07:31:19,4879.000000
planetlab2.arizona-gigapop.net,planetlab1.ucsd.edu,file1KB.txt,2015/09/30 07:31:19,2015/09/30 07:31:24,4881.000000
planetlab2.arizona-gigapop.net,planetlab1.ucsd.edu,file256KB.txt,2015/09/30 07:31:24,2015/09/30 07:31:38,14824.000000
planetlab2.arizona-gigapop.net,planetlab1.ucsd.edu,file512KB.txt,2015/09/30 07:31:38,2015/09/30 07:31:59,20700.000000
planetlab2.arizona-gigapop.net,planetlab1.ucsd.edu,file1MB.txt,2015/09/30 07:31:59,2015/09/30 07:32:36,36402.000000
planetlab2.citadel.edu,planetlab1.ucsd.edu,file32B.txt,2015/09/30 07:32:36,2015/09/30 07:32:42,6557.000000
planetlab2.citadel.edu,planetlab1.ucsd.edu,file1KB.txt,2015/09/30 07:32:42,2015/09/30 07:32:47,4488.000000
planetlab2.citadel.edu,planetlab1.ucsd.edu,file256KB.txt,2015/09/30 07:32:47,2015/09/30 07:33:29,41975.000000
planetlab2.citadel.edu,planetlab1.ucsd.edu,file512KB.txt,2015/09/30 07:33:29,2015/09/30 07:34:48,79333.000000
planetlab2.citadel.edu,planetlab1.ucsd.edu,file1MB.txt,2015/09/30 07:34:48,2015/09/30 07:37:35,166664.000000
planetlab2.cs.pitt.edu,planetlab1.ucsd.edu,file32B.txt,2015/09/30 07:37:41,2015/09/30 07:37:46,4425.000000
planetlab2.cs.pitt.edu,planetlab1.ucsd.edu,file1KB.txt,2015/09/30 07:37:46,2015/09/30 07:37:52,6427.000000
planetlab2.cs.pitt.edu,planetlab1.ucsd.edu,file256KB.txt,2015/09/30 07:37:52,2015/09/30 07:38:38,47264.000000
planetlab2.cs.pitt.edu,planetlab1.ucsd.edu,file512KB.txt,2015/09/30 07:38:38,2015/09/30 07:40:08,88446.000000
planetlab2.cs.pitt.edu,planetlab1.ucsd.edu,file1MB.txt,2015/09/30 07:40:08,2015/09/30 07:43:00,172397.000000
planetlab2.cs.purdue.edu,planetlab1.ucsd.edu,file32B.txt,2015/09/30 07:43:00,2015/09/30 07:43:05,4457.000000
planetlab2.cs.purdue.edu,planetlab1.ucsd.edu,file1KB.txt,2015/09/30 07:43:05,2015/09/30 07:43:11,6437.000000
planetlab2.cs.purdue.edu,planetlab1.ucsd.edu,file256KB.txt,2015/09/30 07:43:11,2015/09/30 07:43:56,44872.000000
planetlab2.cs.purdue.edu,planetlab1.ucsd.edu,file512KB.txt,2015/09/30 07:43:56,2015/09/30 07:45:21,84639.000000
planetlab2.cs.purdue.edu,planetlab1.ucsd.edu,file1MB.txt,2015/09/30 07:45:21,2015/09/30 07:48:27,186143.000000
planetlab2.cs.uml.edu,planetlab1.ucsd.edu,file32B.txt,2015/09/30 07:49:19,2015/09/30 07:49:25,6365.000000
planetlab2.cs.uml.edu,planetlab1.ucsd.edu,file1KB.txt,2015/09/30 07:49:25,2015/09/30 07:49:30,4364.000000
planetlab2.cs.uml.edu,planetlab1.ucsd.edu,file256KB.txt,2015/09/30 07:49:30,2015/09/30 07:50:22,52115.000000
planetlab2.cs.uml.edu,planetlab1.ucsd.edu,file512KB.txt,2015/09/30 07:50:22,2015/09/30 07:52:11,109099.000000
planetlab2.cs.uml.edu,planetlab1.ucsd.edu,file1MB.txt,2015/09/30 07:52:11,2015/09/30 07:55:27,196328.000000
planetlab2.cs.unc.edu,planetlab1.ucsd.edu,file32B.txt,2015/09/30 07:55:27,2015/09/30 07:55:32,4457.000000
planetlab2.cs.unc.edu,planetlab1.ucsd.edu,file1KB.txt,2015/09/30 07:55:32,2015/09/30 07:55:38,6442.000000
planetlab2.cs.unc.edu,planetlab1.ucsd.edu,file256KB.txt,2015/09/30 07:55:38,2015/09/30 07:56:24,46502.000000
planetlab2.cs.unc.edu,planetlab1.ucsd.edu,file512KB.txt,2015/09/30 07:56:24,2015/09/30 07:57:49,84671.000000
planetlab2.cs.unc.edu,planetlab1.ucsd.edu,file1MB.txt,2015/09/30 07:57:49,2015/09/30 08:00:35,165793.000000
planetlab2.cs.uoregon.edu,planetlab1.ucsd.edu,file32B.txt,2015/09/30 08:00:35,2015/09/30 08:00:40,4788.000000
planetlab2.cs.uoregon.edu,planetlab1.ucsd.edu,file1KB.txt,2015/09/30 08:00:40,2015/09/30 08:00:45,4796.000000
planetlab2.cs.uoregon.edu,planetlab1.ucsd.edu,file256KB.txt,2015/09/30 08:00:45,2015/09/30 08:01:05,20725.000000
planetlab2.cs.uoregon.edu,planetlab1.ucsd.edu,file512KB.txt,2015/09/30 08:01:05,2015/09/30 08:01:38,32801.000000
planetlab2.cs.uoregon.edu,planetlab1.ucsd.edu,file1MB.txt,2015/09/30 08:01:38,2015/09/30 08:02:39,60695.000000
planetlab2.temple.edu,planetlab1.ucsd.edu,file32B.txt,2015/09/30 08:02:39,2015/09/30 08:02:45,6456.000000
planetlab2.temple.edu,planetlab1.ucsd.edu,file1KB.txt,2015/09/30 08:02:45,2015/09/30 08:02:50,4457.000000
planetlab2.temple.edu,planetlab1.ucsd.edu,file256KB.txt,2015/09/30 08:02:50,2015/09/30 08:03:35,45528.000000
planetlab2.temple.edu,planetlab1.ucsd.edu,file512KB.txt,2015/09/30 08:03:35,2015/09/30 08:05:00,84484.000000
planetlab2.temple.edu,planetlab1.ucsd.edu,file1MB.txt,2015/09/30 08:05:00,2015/09/30 08:07:42,162161.000000
planetlab2.unl.edu,planetlab1.ucsd.edu,file32B.txt,2015/09/30 08:07:42,2015/09/30 08:07:48,6602.000000
planetlab2.unl.edu,planetlab1.ucsd.edu,file1KB.txt,2015/09/30 08:07:48,2015/09/30 08:07:53,4490.000000
planetlab2.unl.edu,planetlab1.ucsd.edu,file256KB.txt,2015/09/30 08:07:53,2015/09/30 08:08:27,34104.000000
planetlab2.unl.edu,planetlab1.ucsd.edu,file512KB.txt,2015/09/30 08:08:27,2015/09/30 08:09:29,61492.000000
planetlab2.unl.edu,planetlab1.ucsd.edu,file1MB.txt,2015/09/30 08:09:29,2015/09/30 08:11:31,122327.000000
planetlab2.unr.edu,planetlab1.ucsd.edu,file32B.txt,2015/09/30 08:11:31,2015/09/30 08:11:36,4806.000000
planetlab2.unr.edu,planetlab1.ucsd.edu,file1KB.txt,2015/09/30 08:11:36,2015/09/30 08:11:42,6751.000000
planetlab2.unr.edu,planetlab1.ucsd.edu,file256KB.txt,2015/09/30 08:11:42,2015/09/30 08:12:00,17480.000000
planetlab2.unr.edu,planetlab1.ucsd.edu,file512KB.txt,2015/09/30 08:12:00,2015/09/30 08:12:32,32071.000000
planetlab2.unr.edu,planetlab1.ucsd.edu,file1MB.txt,2015/09/30 08:12:32,2015/09/30 08:13:31,-59242.000000
planetlab2.uta.edu,planetlab1.ucsd.edu,file32B.txt,2015/09/30 08:13:31,2015/09/30 08:13:36,4687.000000
planetlab2.uta.edu,planetlab1.ucsd.edu,file1KB.txt,2015/09/30 08:13:36,2015/09/30 08:13:41,4689.000000
planetlab2.uta.edu,planetlab1.ucsd.edu,file256KB.txt,2015/09/30 08:13:41,2015/09/30 08:14:10,29680.000000
planetlab2.uta.edu,planetlab1.ucsd.edu,file512KB.txt,2015/09/30 08:14:10,2015/09/30 08:15:01,51133.000000
planetlab2.uta.edu,planetlab1.ucsd.edu,file1MB.txt,2015/09/30 08:15:01,2015/09/30 08:16:38,96388.000000
planetlab2.utdallas.edu,planetlab1.ucsd.edu,file32B.txt,2015/09/30 08:16:38,2015/09/30 08:16:44,6716.000000
planetlab2.utdallas.edu,planetlab1.ucsd.edu,file1KB.txt,2015/09/30 08:16:44,2015/09/30 08:16:49,4692.000000
planetlab2.utdallas.edu,planetlab1.ucsd.edu,file256KB.txt,2015/09/30 08:16:49,2015/09/30 08:17:16,26765.000000
planetlab2.utdallas.edu,planetlab1.ucsd.edu,file512KB.txt,2015/09/30 08:17:16,2015/09/30 08:18:05,48721.000000
planetlab2.utdallas.edu,planetlab1.ucsd.edu,file1MB.txt,2015/09/30 08:18:05,2015/09/30 08:19:44,99790.000000
planetlab3.eecs.umich.edu,planetlab1.ucsd.edu,file32B.txt,2015/09/30 08:19:44,2015/09/30 08:19:49,4446.000000
planetlab3.eecs.umich.edu,planetlab1.ucsd.edu,file1KB.txt,2015/09/30 08:19:49,2015/09/30 08:19:55,6515.000000
planetlab3.eecs.umich.edu,planetlab1.ucsd.edu,file256KB.txt,2015/09/30 08:19:55,2015/09/30 08:20:35,39675.000000
planetlab3.eecs.umich.edu,planetlab1.ucsd.edu,file512KB.txt,2015/09/30 08:20:35,2015/09/30 08:21:56,80730.000000
planetlab3.eecs.umich.edu,planetlab1.ucsd.edu,file1MB.txt,2015/09/30 08:21:56,2015/09/30 08:24:21,145400.000000
planetlab3.rutgers.edu,planetlab1.ucsd.edu,file32B.txt,2015/09/30 08:24:21,2015/09/30 08:24:27,5857.000000
planetlab3.rutgers.edu,planetlab1.ucsd.edu,file1KB.txt,2015/09/30 08:24:27,2015/09/30 08:24:33,5698.000000
planetlab3.rutgers.edu,planetlab1.ucsd.edu,file256KB.txt,2015/09/30 08:24:33,2015/09/30 08:25:59,86165.000000
planetlab3.rutgers.edu,planetlab1.ucsd.edu,file512KB.txt,2015/09/30 08:25:59,2015/09/30 08:28:41,162369.000000
planetlab3.rutgers.edu,planetlab1.ucsd.edu,file1MB.txt,2015/09/30 08:28:41,2015/09/30 08:36:08,446222.000000
planetlab3.wail.wisc.edu,planetlab1.ucsd.edu,file32B.txt,2015/09/30 08:36:08,2015/09/30 08:36:14,6356.000000
planetlab3.wail.wisc.edu,planetlab1.ucsd.edu,file1KB.txt,2015/09/30 08:36:14,2015/09/30 08:36:20,6434.000000
planetlab3.wail.wisc.edu,planetlab1.ucsd.edu,file256KB.txt,2015/09/30 08:36:20,2015/09/30 08:37:06,45593.000000
planetlab3.wail.wisc.edu,planetlab1.ucsd.edu,file512KB.txt,2015/09/30 08:37:06,2015/09/30 08:38:33,86682.000000
planetlab3.wail.wisc.edu,planetlab1.ucsd.edu,file1MB.txt,2015/09/30 08:38:33,2015/09/30 08:41:31,178896.000000
planetlab4.tamu.edu,planetlab1.ucsd.edu,file32B.txt,2015/09/30 08:41:31,2015/09/30 08:41:36,4721.000000
planetlab4.tamu.edu,planetlab1.ucsd.edu,file1KB.txt,2015/09/30 08:41:36,2015/09/30 08:41:41,4417.000000
planetlab4.tamu.edu,planetlab1.ucsd.edu,file256KB.txt,2015/09/30 08:41:41,2015/09/30 08:42:06,24941.000000
planetlab4.tamu.edu,planetlab1.ucsd.edu,file512KB.txt,2015/09/30 08:42:06,2015/09/30 08:43:08,62688.000000
planetlab4.tamu.edu,planetlab1.ucsd.edu,file1MB.txt,2015/09/30 08:43:08,2015/09/30 08:44:32,83248.000000
planetlab-5.eecs.cwru.edu,planetlab1.ucsd.edu,file32B.txt,2015/09/30 08:44:32,2015/09/30 08:44:38,6365.000000
planetlab-5.eecs.cwru.edu,planetlab1.ucsd.edu,file1KB.txt,2015/09/30 08:44:38,2015/09/30 08:44:44,6444.000000
planetlab-5.eecs.cwru.edu,planetlab1.ucsd.edu,file256KB.txt,2015/09/30 08:44:44,2015/09/30 08:45:29,44361.000000
planetlab-5.eecs.cwru.edu,planetlab1.ucsd.edu,file512KB.txt,2015/09/30 08:45:29,2015/09/30 08:46:56,87009.000000
planetlab-5.eecs.cwru.edu,planetlab1.ucsd.edu,file1MB.txt,2015/09/30 08:46:56,2015/09/30 08:50:02,186710.000000
planetlabone.ccs.neu.edu,planetlab1.ucsd.edu,file32B.txt,2015/09/30 08:50:02,2015/09/30 08:50:07,4314.000000
planetlabone.ccs.neu.edu,planetlab1.ucsd.edu,file1KB.txt,2015/09/30 08:50:07,2015/09/30 08:50:13,6390.000000
planetlabone.ccs.neu.edu,planetlab1.ucsd.edu,file256KB.txt,2015/09/30 08:50:13,2015/09/30 08:51:02,49342.000000
planetlabone.ccs.neu.edu,planetlab1.ucsd.edu,file512KB.txt,2015/09/30 08:51:02,2015/09/30 08:52:41,98155.000000
planetlabone.ccs.neu.edu,planetlab1.ucsd.edu,file1MB.txt,2015/09/30 08:52:41,2015/09/30 08:55:55,194120.000000
pl-node-0.csl.sri.com,planetlab1.ucsd.edu,file32B.txt,2015/09/30 08:55:55,2015/09/30 08:56:00,4891.000000
pl-node-0.csl.sri.com,planetlab1.ucsd.edu,file1KB.txt,2015/09/30 08:56:00,2015/09/30 08:56:05,4893.000000
pl-node-0.csl.sri.com,planetlab1.ucsd.edu,file256KB.txt,2015/09/30 08:56:05,2015/09/30 08:56:18,13329.000000
pl-node-0.csl.sri.com,planetlab1.ucsd.edu,file512KB.txt,2015/09/30 08:56:18,2015/09/30 08:56:39,21664.000000
pl-node-0.csl.sri.com,planetlab1.ucsd.edu,file1MB.txt,2015/09/30 08:56:39,2015/09/30 08:57:14,34664.000000
ricepl-5.cs.rice.edu,planetlab1.ucsd.edu,file32B.txt,2015/09/30 08:57:19,2015/09/30 08:57:24,4683.000000
ricepl-5.cs.rice.edu,planetlab1.ucsd.edu,file1KB.txt,2015/09/30 08:57:24,2015/09/30 08:57:30,6729.000000
ricepl-5.cs.rice.edu,planetlab1.ucsd.edu,file256KB.txt,2015/09/30 08:57:30,2015/09/30 08:57:54,23735.000000
ricepl-5.cs.rice.edu,planetlab1.ucsd.edu,file512KB.txt,2015/09/30 08:57:54,2015/09/30 08:58:37,42661.000000
ricepl-5.cs.rice.edu,planetlab1.ucsd.edu,file1MB.txt,2015/09/30 08:58:37,2015/09/30 08:59:59,82315.000000
salt.planetlab.cs.umd.edu,planetlab1.ucsd.edu,file32B.txt,2015/09/30 08:59:59,2015/09/30 09:00:07,7685.000000
salt.planetlab.cs.umd.edu,planetlab1.ucsd.edu,file1KB.txt,2015/09/30 09:00:07,2015/09/30 09:00:13,6273.000000
salt.planetlab.cs.umd.edu,planetlab1.ucsd.edu,file256KB.txt,2015/09/30 09:00:13,2015/09/30 09:00:58,45050.000000
salt.planetlab.cs.umd.edu,planetlab1.ucsd.edu,file512KB.txt,2015/09/30 09:00:58,2015/09/30 09:02:43,104814.000000
salt.planetlab.cs.umd.edu,planetlab1.ucsd.edu,file1MB.txt,2015/09/30 09:02:43,2015/09/30 09:05:22,158646.000000
pl1.eecs.utk.edu,planetlab1.ucsd.edu,file32B.txt,2015/09/30 09:05:28,2015/09/30 09:05:34,5541.000000
pl1.eecs.utk.edu,planetlab1.ucsd.edu,file1KB.txt,2015/09/30 09:05:34,2015/09/30 09:05:41,6713.000000
pl1.eecs.utk.edu,planetlab1.ucsd.edu,file256KB.txt,2015/09/30 09:05:41,2015/09/30 09:07:31,110197.000000
pl1.eecs.utk.edu,planetlab1.ucsd.edu,file512KB.txt,2015/09/30 09:07:31,2015/09/30 09:11:28,237097.000000
pl1.eecs.utk.edu,planetlab1.ucsd.edu,file1MB.txt,2015/09/30 09:11:28,2015/09/30 09:20:08,520426.000000
planetlab-01.vt.nodes.planet-lab.org,planetlab1.ucsd.edu,file32B.txt,2015/09/30 09:20:08,2015/09/30 09:20:13,4400.000000
planetlab-01.vt.nodes.planet-lab.org,planetlab1.ucsd.edu,file1KB.txt,2015/09/30 09:20:13,2015/09/30 09:20:19,6433.000000
planetlab-01.vt.nodes.planet-lab.org,planetlab1.ucsd.edu,file256KB.txt,2015/09/30 09:20:19,2015/09/30 09:21:04,44464.000000
planetlab-01.vt.nodes.planet-lab.org,planetlab1.ucsd.edu,file512KB.txt,2015/09/30 09:21:04,2015/09/30 09:22:30,86506.000000
planetlab-01.vt.nodes.planet-lab.org,planetlab1.ucsd.edu,file1MB.txt,2015/09/30 09:22:30,2015/09/30 09:25:24,-174224.000000
planetlab-04.vt.nodes.planet-lab.org,planetlab1.ucsd.edu,file32B.txt,2015/09/30 09:25:24,2015/09/30 09:25:29,4423.000000
planetlab-04.vt.nodes.planet-lab.org,planetlab1.ucsd.edu,file1KB.txt,2015/09/30 09:25:29,2015/09/30 09:25:35,6444.000000
planetlab-04.vt.nodes.planet-lab.org,planetlab1.ucsd.edu,file256KB.txt,2015/09/30 09:25:35,2015/09/30 09:26:20,45176.000000
planetlab-04.vt.nodes.planet-lab.org,planetlab1.ucsd.edu,file512KB.txt,2015/09/30 09:26:20,2015/09/30 09:27:46,85889.000000
planetlab-04.vt.nodes.planet-lab.org,planetlab1.ucsd.edu,file1MB.txt,2015/09/30 09:27:46,2015/09/30 09:30:37,170392.000000
planetlab-4.eecs.cwru.edu,planetlab1.ucsd.edu,file32B.txt,2015/09/30 09:30:37,2015/09/30 09:30:43,6255.000000
planetlab-4.eecs.cwru.edu,planetlab1.ucsd.edu,file1KB.txt,2015/09/30 09:30:43,2015/09/30 09:30:49,6434.000000
planetlab-4.eecs.cwru.edu,planetlab1.ucsd.edu,file256KB.txt,2015/09/30 09:30:49,2015/09/30 09:31:34,44303.000000
planetlab-4.eecs.cwru.edu,planetlab1.ucsd.edu,file512KB.txt,2015/09/30 09:31:34,2015/09/30 09:33:00,86080.000000
planetlab-4.eecs.cwru.edu,planetlab1.ucsd.edu,file1MB.txt,2015/09/30 09:33:00,2015/09/30 09:35:47,167757.000000
planetlab01.cs.washington.edu,planetlab1.ucsd.edu,file32B.txt,2015/09/30 09:35:47,2015/09/30 09:35:52,4788.000000
planetlab01.cs.washington.edu,planetlab1.ucsd.edu,file1KB.txt,2015/09/30 09:35:52,2015/09/30 09:35:57,4791.000000
planetlab01.cs.washington.edu,planetlab1.ucsd.edu,file256KB.txt,2015/09/30 09:35:57,2015/09/30 09:36:17,20129.000000
planetlab01.cs.washington.edu,planetlab1.ucsd.edu,file512KB.txt,2015/09/30 09:36:17,2015/09/30 09:36:52,35220.000000
planetlab01.cs.washington.edu,planetlab1.ucsd.edu,file1MB.txt,2015/09/30 09:36:52,2015/09/30 09:37:56,63497.000000
planetlab02.cs.washington.edu,planetlab1.ucsd.edu,file32B.txt,2015/09/30 09:37:56,2015/09/30 09:38:01,4777.000000
planetlab02.cs.washington.edu,planetlab1.ucsd.edu,file1KB.txt,2015/09/30 09:38:01,2015/09/30 09:38:07,6792.000000
planetlab02.cs.washington.edu,planetlab1.ucsd.edu,file256KB.txt,2015/09/30 09:38:07,2015/09/30 09:38:27,19954.000000
planetlab02.cs.washington.edu,planetlab1.ucsd.edu,file512KB.txt,2015/09/30 09:38:27,2015/09/30 09:39:02,35112.000000
planetlab02.cs.washington.edu,planetlab1.ucsd.edu,file1MB.txt,2015/09/30 09:39:02,2015/09/30 09:40:06,63213.000000
planetlab1.arizona-gigapop.net,planetlab1.ucsd.edu,file32B.txt,2015/09/30 09:40:06,2015/09/30 09:40:11,4813.000000
planetlab1.arizona-gigapop.net,planetlab1.ucsd.edu,file1KB.txt,2015/09/30 09:40:11,2015/09/30 09:40:17,6885.000000
planetlab1.arizona-gigapop.net,planetlab1.ucsd.edu,file256KB.txt,2015/09/30 09:40:17,2015/09/30 09:40:30,12839.000000
planetlab1.arizona-gigapop.net,planetlab1.ucsd.edu,file512KB.txt,2015/09/30 09:40:30,2015/09/30 09:40:51,20868.000000
planetlab1.arizona-gigapop.net,planetlab1.ucsd.edu,file1MB.txt,2015/09/30 09:40:51,2015/09/30 09:41:28,36735.000000
planetlab1.cs.unc.edu,planetlab1.ucsd.edu,file32B.txt,2015/09/30 09:41:28,2015/09/30 09:41:34,6460.000000
planetlab1.cs.unc.edu,planetlab1.ucsd.edu,file1KB.txt,2015/09/30 09:41:34,2015/09/30 09:41:39,4451.000000
planetlab1.cs.unc.edu,planetlab1.ucsd.edu,file256KB.txt,2015/09/30 09:41:39,2015/09/30 09:42:24,45025.000000
planetlab1.cs.unc.edu,planetlab1.ucsd.edu,file512KB.txt,2015/09/30 09:42:24,2015/09/30 09:43:48,83902.000000
planetlab1.cs.unc.edu,planetlab1.ucsd.edu,file1MB.txt,2015/09/30 09:43:48,2015/09/30 09:46:31,162812.000000
