ebb.colgate.edu,ricepl-5.cs.rice.edu,file32B.txt,2015/09/30 04:13:38,2015/09/30 04:13:39,1130.000000
ebb.colgate.edu,ricepl-5.cs.rice.edu,file1KB.txt,2015/09/30 04:13:39,2015/09/30 04:13:41,2410.000000
ebb.colgate.edu,ricepl-5.cs.rice.edu,file256KB.txt,2015/09/30 04:13:41,2015/09/30 04:14:37,55617.000000
ebb.colgate.edu,ricepl-5.cs.rice.edu,file512KB.txt,2015/09/30 04:14:37,2015/09/30 04:16:52,134870.000000
ebb.colgate.edu,ricepl-5.cs.rice.edu,file1MB.txt,2015/09/30 04:16:52,2015/09/30 04:20:46,234484.000000
kc-sce-plab2.umkc.edu,ricepl-5.cs.rice.edu,file32B.txt,2015/09/30 04:20:46,2015/09/30 04:20:47,1019.000000
kc-sce-plab2.umkc.edu,ricepl-5.cs.rice.edu,file1KB.txt,2015/09/30 04:20:47,2015/09/30 04:20:48,955.000000
kc-sce-plab2.umkc.edu,ricepl-5.cs.rice.edu,file256KB.txt,2015/09/30 04:20:48,2015/09/30 04:22:31,102621.000000
kc-sce-plab2.umkc.edu,ricepl-5.cs.rice.edu,file512KB.txt,2015/09/30 04:22:31,2015/09/30 04:25:38,187204.000000
kc-sce-plab2.umkc.edu,ricepl-5.cs.rice.edu,file1MB.txt,2015/09/30 04:25:38,2015/09/30 04:29:10,211998.000000
node1.planetlab.mathcs.emory.edu,ricepl-5.cs.rice.edu,file32B.txt,2015/09/30 04:29:10,2015/09/30 04:29:11,1450.000000
node1.planetlab.mathcs.emory.edu,ricepl-5.cs.rice.edu,file1KB.txt,2015/09/30 04:29:11,2015/09/30 04:29:11,320.000000
node1.planetlab.mathcs.emory.edu,ricepl-5.cs.rice.edu,file256KB.txt,2015/09/30 04:29:11,2015/09/30 04:29:34,22422.000000
node1.planetlab.mathcs.emory.edu,ricepl-5.cs.rice.edu,file512KB.txt,2015/09/30 04:29:34,2015/09/30 04:30:22,48678.000000
node1.planetlab.mathcs.emory.edu,ricepl-5.cs.rice.edu,file1MB.txt,2015/09/30 04:30:22,2015/09/30 04:31:56,94024.000000
pl3.cs.unm.edu,ricepl-5.cs.rice.edu,file32B.txt,2015/09/30 04:32:17,2015/09/30 04:32:18,1480.000000
pl3.cs.unm.edu,ricepl-5.cs.rice.edu,file1KB.txt,2015/09/30 04:32:18,2015/09/30 04:32:18,399.000000
pl3.cs.unm.edu,ricepl-5.cs.rice.edu,file256KB.txt,2015/09/30 04:32:18,2015/09/30 04:32:47,28788.000000
pl3.cs.unm.edu,ricepl-5.cs.rice.edu,file512KB.txt,2015/09/30 04:32:47,2015/09/30 04:33:45,57825.000000
pl3.cs.unm.edu,ricepl-5.cs.rice.edu,file1MB.txt,2015/09/30 04:33:45,2015/09/30 04:35:42,117240.000000
plab3.eece.ksu.edu,ricepl-5.cs.rice.edu,file32B.txt,2015/09/30 04:35:42,2015/09/30 04:35:42,249.000000
plab3.eece.ksu.edu,ricepl-5.cs.rice.edu,file1KB.txt,2015/09/30 04:35:42,2015/09/30 04:35:43,1866.000000
plab3.eece.ksu.edu,ricepl-5.cs.rice.edu,file256KB.txt,2015/09/30 04:35:43,2015/09/30 04:35:52,8164.000000
plab3.eece.ksu.edu,ricepl-5.cs.rice.edu,file512KB.txt,2015/09/30 04:35:52,2015/09/30 04:36:12,20411.000000
plab3.eece.ksu.edu,ricepl-5.cs.rice.edu,file1MB.txt,2015/09/30 04:36:12,2015/09/30 04:36:51,39183.000000
planetlab-02.bu.edu,ricepl-5.cs.rice.edu,file32B.txt,2015/09/30 04:36:51,2015/09/30 04:36:52,1502.000000
planetlab-02.bu.edu,ricepl-5.cs.rice.edu,file1KB.txt,2015/09/30 04:36:52,2015/09/30 04:36:52,371.000000
planetlab-02.bu.edu,ricepl-5.cs.rice.edu,file256KB.txt,2015/09/30 04:36:52,2015/09/30 04:37:15,22959.000000
planetlab-02.bu.edu,ricepl-5.cs.rice.edu,file512KB.txt,2015/09/30 04:37:15,2015/09/30 04:38:02,47346.000000
planetlab-02.bu.edu,ricepl-5.cs.rice.edu,file1MB.txt,2015/09/30 04:38:02,2015/09/30 04:39:34,-92306.000000
planetlab1.clemson.edu,ricepl-5.cs.rice.edu,file32B.txt,2015/09/30 04:39:55,2015/09/30 04:39:55,431.000000
planetlab1.clemson.edu,ricepl-5.cs.rice.edu,file1KB.txt,2015/09/30 04:39:55,2015/09/30 04:39:56,1659.000000
planetlab1.clemson.edu,ricepl-5.cs.rice.edu,file256KB.txt,2015/09/30 04:39:56,2015/09/30 04:40:21,24900.000000
planetlab1.clemson.edu,ricepl-5.cs.rice.edu,file512KB.txt,2015/09/30 04:40:21,2015/09/30 04:41:10,48671.000000
planetlab1.clemson.edu,ricepl-5.cs.rice.edu,file1MB.txt,2015/09/30 04:41:10,2015/09/30 04:42:48,97899.000000
planetlab1.cs.du.edu,ricepl-5.cs.rice.edu,file32B.txt,2015/09/30 04:42:49,2015/09/30 04:42:49,325.000000
planetlab1.cs.du.edu,ricepl-5.cs.rice.edu,file1KB.txt,2015/09/30 04:42:49,2015/09/30 04:42:49,348.000000
planetlab1.cs.du.edu,ricepl-5.cs.rice.edu,file256KB.txt,2015/09/30 04:42:49,2015/09/30 04:43:15,26610.000000
planetlab1.cs.du.edu,ricepl-5.cs.rice.edu,file512KB.txt,2015/09/30 04:43:15,2015/09/30 04:44:05,49474.000000
planetlab1.cs.du.edu,ricepl-5.cs.rice.edu,file1MB.txt,2015/09/30 04:44:05,2015/09/30 04:45:46,100766.000000
planetlab1.cs.okstate.edu,ricepl-5.cs.rice.edu,file32B.txt,2015/09/30 04:46:08,2015/09/30 04:46:08,195.000000
planetlab1.cs.okstate.edu,ricepl-5.cs.rice.edu,file1KB.txt,2015/09/30 04:46:08,2015/09/30 04:46:08,161.000000
planetlab1.cs.okstate.edu,ricepl-5.cs.rice.edu,file256KB.txt,2015/09/30 04:46:08,2015/09/30 04:46:18,10202.000000
planetlab1.cs.okstate.edu,ricepl-5.cs.rice.edu,file512KB.txt,2015/09/30 04:46:18,2015/09/30 04:46:37,18674.000000
planetlab1.cs.okstate.edu,ricepl-5.cs.rice.edu,file1MB.txt,2015/09/30 04:46:37,2015/09/30 04:47:16,39144.000000
planetlab1.cs.ucla.edu,ricepl-5.cs.rice.edu,file32B.txt,2015/09/30 04:47:16,2015/09/30 04:47:17,1614.000000
planetlab1.cs.ucla.edu,ricepl-5.cs.rice.edu,file1KB.txt,2015/09/30 04:47:17,2015/09/30 04:47:17,285.000000
planetlab1.cs.ucla.edu,ricepl-5.cs.rice.edu,file256KB.txt,2015/09/30 04:47:17,2015/09/30 04:47:35,18084.000000
planetlab1.cs.ucla.edu,ricepl-5.cs.rice.edu,file512KB.txt,2015/09/30 04:47:35,2015/09/30 04:48:10,34333.000000
planetlab1.cs.ucla.edu,ricepl-5.cs.rice.edu,file1MB.txt,2015/09/30 04:48:10,2015/09/30 04:49:22,72480.000000
planetlab1.csuohio.edu,ricepl-5.cs.rice.edu,file32B.txt,2015/09/30 04:49:22,2015/09/30 04:49:22,450.000000
planetlab1.csuohio.edu,ricepl-5.cs.rice.edu,file1KB.txt,2015/09/30 04:49:22,2015/09/30 04:49:23,1578.000000
planetlab1.csuohio.edu,ricepl-5.cs.rice.edu,file256KB.txt,2015/09/30 04:49:23,2015/09/30 04:49:50,26701.000000
planetlab1.csuohio.edu,ricepl-5.cs.rice.edu,file512KB.txt,2015/09/30 04:49:50,2015/09/30 04:50:45,54618.000000
planetlab1.csuohio.edu,ricepl-5.cs.rice.edu,file1MB.txt,2015/09/30 04:50:45,2015/09/30 04:52:35,110466.000000
planetlab1.ucsd.edu,ricepl-5.cs.rice.edu,file32B.txt,2015/09/30 04:52:56,2015/09/30 04:52:57,1572.000000
planetlab1.ucsd.edu,ricepl-5.cs.rice.edu,file1KB.txt,2015/09/30 04:52:57,2015/09/30 04:52:57,352.000000
planetlab1.ucsd.edu,ricepl-5.cs.rice.edu,file256KB.txt,2015/09/30 04:52:57,2015/09/30 04:53:16,18824.000000
planetlab1.ucsd.edu,ricepl-5.cs.rice.edu,file512KB.txt,2015/09/30 04:53:16,2015/09/30 04:53:55,39804.000000
planetlab1.ucsd.edu,ricepl-5.cs.rice.edu,file1MB.txt,2015/09/30 04:53:55,2015/09/30 04:55:11,75491.000000
planetlab2.acis.ufl.edu,ricepl-5.cs.rice.edu,file32B.txt,2015/09/30 04:55:11,2015/09/30 04:55:13,2543.000000
planetlab2.acis.ufl.edu,ricepl-5.cs.rice.edu,file1KB.txt,2015/09/30 04:55:13,2015/09/30 04:55:13,289.000000
planetlab2.acis.ufl.edu,ricepl-5.cs.rice.edu,file256KB.txt,2015/09/30 04:55:13,2015/09/30 04:55:34,21180.000000
planetlab2.acis.ufl.edu,ricepl-5.cs.rice.edu,file512KB.txt,2015/09/30 04:55:34,2015/09/30 04:56:15,40708.000000
planetlab2.acis.ufl.edu,ricepl-5.cs.rice.edu,file1MB.txt,2015/09/30 04:56:15,2015/09/30 04:57:37,81536.000000
planetlab2.arizona-gigapop.net,ricepl-5.cs.rice.edu,file32B.txt,2015/09/30 04:57:37,2015/09/30 04:57:38,1691.000000
planetlab2.arizona-gigapop.net,ricepl-5.cs.rice.edu,file1KB.txt,2015/09/30 04:57:38,2015/09/30 04:57:38,186.000000
planetlab2.arizona-gigapop.net,ricepl-5.cs.rice.edu,file256KB.txt,2015/09/30 04:57:38,2015/09/30 04:57:51,12615.000000
planetlab2.arizona-gigapop.net,ricepl-5.cs.rice.edu,file512KB.txt,2015/09/30 04:57:51,2015/09/30 04:58:18,27244.000000
planetlab2.arizona-gigapop.net,ricepl-5.cs.rice.edu,file1MB.txt,2015/09/30 04:58:18,2015/09/30 04:59:11,53093.000000
planetlab2.citadel.edu,ricepl-5.cs.rice.edu,file32B.txt,2015/09/30 04:59:11,2015/09/30 04:59:11,473.000000
planetlab2.citadel.edu,ricepl-5.cs.rice.edu,file1KB.txt,2015/09/30 04:59:11,2015/09/30 04:59:12,1601.000000
planetlab2.citadel.edu,ricepl-5.cs.rice.edu,file256KB.txt,2015/09/30 04:59:12,2015/09/30 04:59:41,29277.000000
planetlab2.citadel.edu,ricepl-5.cs.rice.edu,file512KB.txt,2015/09/30 04:59:41,2015/09/30 05:00:38,56447.000000
planetlab2.citadel.edu,ricepl-5.cs.rice.edu,file1MB.txt,2015/09/30 05:00:38,2015/09/30 05:02:32,113677.000000
planetlab2.cs.pitt.edu,ricepl-5.cs.rice.edu,file32B.txt,2015/09/30 05:02:33,2015/09/30 05:02:33,346.000000
planetlab2.cs.pitt.edu,ricepl-5.cs.rice.edu,file1KB.txt,2015/09/30 05:02:33,2015/09/30 05:02:33,300.000000
planetlab2.cs.pitt.edu,ricepl-5.cs.rice.edu,file256KB.txt,2015/09/30 05:02:33,2015/09/30 05:02:55,22121.000000
planetlab2.cs.pitt.edu,ricepl-5.cs.rice.edu,file512KB.txt,2015/09/30 05:02:55,2015/09/30 05:03:38,42944.000000
planetlab2.cs.pitt.edu,ricepl-5.cs.rice.edu,file1MB.txt,2015/09/30 05:03:38,2015/09/30 05:05:05,87434.000000
planetlab2.cs.purdue.edu,ricepl-5.cs.rice.edu,file32B.txt,2015/09/30 05:05:05,2015/09/30 05:05:05,438.000000
planetlab2.cs.purdue.edu,ricepl-5.cs.rice.edu,file1KB.txt,2015/09/30 05:05:05,2015/09/30 05:05:06,1663.000000
planetlab2.cs.purdue.edu,ricepl-5.cs.rice.edu,file256KB.txt,2015/09/30 05:05:06,2015/09/30 05:05:31,24398.000000
planetlab2.cs.purdue.edu,ricepl-5.cs.rice.edu,file512KB.txt,2015/09/30 05:05:31,2015/09/30 05:06:20,49473.000000
planetlab2.cs.purdue.edu,ricepl-5.cs.rice.edu,file1MB.txt,2015/09/30 05:06:20,2015/09/30 05:07:59,99196.000000
planetlab2.cs.uml.edu,ricepl-5.cs.rice.edu,file32B.txt,2015/09/30 05:08:41,2015/09/30 05:08:41,506.000000
planetlab2.cs.uml.edu,ricepl-5.cs.rice.edu,file1KB.txt,2015/09/30 05:08:41,2015/09/30 05:08:42,1625.000000
planetlab2.cs.uml.edu,ricepl-5.cs.rice.edu,file256KB.txt,2015/09/30 05:08:42,2015/09/30 05:09:09,26602.000000
planetlab2.cs.uml.edu,ricepl-5.cs.rice.edu,file512KB.txt,2015/09/30 05:09:09,2015/09/30 05:10:04,55071.000000
planetlab2.cs.uml.edu,ricepl-5.cs.rice.edu,file1MB.txt,2015/09/30 05:10:04,2015/09/30 05:11:55,111066.000000
planetlab2.cs.unc.edu,ricepl-5.cs.rice.edu,file32B.txt,2015/09/30 05:11:55,2015/09/30 05:11:55,362.000000
planetlab2.cs.unc.edu,ricepl-5.cs.rice.edu,file1KB.txt,2015/09/30 05:11:55,2015/09/30 05:11:56,1706.000000
planetlab2.cs.unc.edu,ricepl-5.cs.rice.edu,file256KB.txt,2015/09/30 05:11:56,2015/09/30 05:12:16,19636.000000
planetlab2.cs.unc.edu,ricepl-5.cs.rice.edu,file512KB.txt,2015/09/30 05:12:16,2015/09/30 05:12:57,41202.000000
planetlab2.cs.unc.edu,ricepl-5.cs.rice.edu,file1MB.txt,2015/09/30 05:12:57,2015/09/30 05:14:19,82070.000000
planetlab2.cs.uoregon.edu,ricepl-5.cs.rice.edu,file32B.txt,2015/09/30 05:14:19,2015/09/30 05:14:19,720.000000
planetlab2.cs.uoregon.edu,ricepl-5.cs.rice.edu,file1KB.txt,2015/09/30 05:14:19,2015/09/30 05:14:20,1590.000000
planetlab2.cs.uoregon.edu,ricepl-5.cs.rice.edu,file256KB.txt,2015/09/30 05:14:20,2015/09/30 05:14:50,30283.000000
planetlab2.cs.uoregon.edu,ricepl-5.cs.rice.edu,file512KB.txt,2015/09/30 05:14:50,2015/09/30 05:15:49,58565.000000
planetlab2.cs.uoregon.edu,ricepl-5.cs.rice.edu,file1MB.txt,2015/09/30 05:15:49,2015/09/30 05:17:47,117942.000000
planetlab2.temple.edu,ricepl-5.cs.rice.edu,file32B.txt,2015/09/30 05:17:47,2015/09/30 05:17:47,424.000000
planetlab2.temple.edu,ricepl-5.cs.rice.edu,file1KB.txt,2015/09/30 05:17:47,2015/09/30 05:17:48,1675.000000
planetlab2.temple.edu,ricepl-5.cs.rice.edu,file256KB.txt,2015/09/30 05:17:48,2015/09/30 05:18:12,24252.000000
planetlab2.temple.edu,ricepl-5.cs.rice.edu,file512KB.txt,2015/09/30 05:18:12,2015/09/30 05:18:59,46605.000000
planetlab2.temple.edu,ricepl-5.cs.rice.edu,file1MB.txt,2015/09/30 05:18:59,2015/09/30 05:20:34,95259.000000
planetlab2.unl.edu,ricepl-5.cs.rice.edu,file32B.txt,2015/09/30 05:20:34,2015/09/30 05:20:34,220.000000
planetlab2.unl.edu,ricepl-5.cs.rice.edu,file1KB.txt,2015/09/30 05:20:34,2015/09/30 05:20:34,151.000000
planetlab2.unl.edu,ricepl-5.cs.rice.edu,file256KB.txt,2015/09/30 05:20:34,2015/09/30 05:20:45,11438.000000
planetlab2.unl.edu,ricepl-5.cs.rice.edu,file512KB.txt,2015/09/30 05:20:45,2015/09/30 05:21:06,21089.000000
planetlab2.unl.edu,ricepl-5.cs.rice.edu,file1MB.txt,2015/09/30 05:21:06,2015/09/30 05:21:47,40261.000000
planetlab2.unr.edu,ricepl-5.cs.rice.edu,file32B.txt,2015/09/30 05:21:47,2015/09/30 05:21:48,1594.000000
planetlab2.unr.edu,ricepl-5.cs.rice.edu,file1KB.txt,2015/09/30 05:21:48,2015/09/30 05:21:48,314.000000
planetlab2.unr.edu,ricepl-5.cs.rice.edu,file256KB.txt,2015/09/30 05:21:48,2015/09/30 05:22:11,23024.000000
planetlab2.unr.edu,ricepl-5.cs.rice.edu,file512KB.txt,2015/09/30 05:22:11,2015/09/30 05:22:57,46234.000000
planetlab2.unr.edu,ricepl-5.cs.rice.edu,file1MB.txt,2015/09/30 05:22:57,2015/09/30 05:24:28,90647.000000
planetlab2.uta.edu,ricepl-5.cs.rice.edu,file32B.txt,2015/09/30 05:24:28,2015/09/30 05:24:28,147.000000
planetlab2.uta.edu,ricepl-5.cs.rice.edu,file1KB.txt,2015/09/30 05:24:28,2015/09/30 05:24:28,50.000000
planetlab2.uta.edu,ricepl-5.cs.rice.edu,file256KB.txt,2015/09/30 05:24:28,2015/09/30 05:24:32,4459.000000
planetlab2.uta.edu,ricepl-5.cs.rice.edu,file512KB.txt,2015/09/30 05:24:32,2015/09/30 05:24:39,7120.000000
planetlab2.uta.edu,ricepl-5.cs.rice.edu,file1MB.txt,2015/09/30 05:24:39,2015/09/30 05:24:52,12380.000000
planetlab2.utdallas.edu,ricepl-5.cs.rice.edu,file32B.txt,2015/09/30 05:24:52,2015/09/30 05:24:52,138.000000
planetlab2.utdallas.edu,ricepl-5.cs.rice.edu,file1KB.txt,2015/09/30 05:24:52,2015/09/30 05:24:53,1949.000000
planetlab2.utdallas.edu,ricepl-5.cs.rice.edu,file256KB.txt,2015/09/30 05:24:53,2015/09/30 05:24:56,2554.000000
planetlab2.utdallas.edu,ricepl-5.cs.rice.edu,file512KB.txt,2015/09/30 05:24:56,2015/09/30 05:25:03,6878.000000
planetlab2.utdallas.edu,ricepl-5.cs.rice.edu,file1MB.txt,2015/09/30 05:25:03,2015/09/30 05:25:19,15828.000000
planetlab3.eecs.umich.edu,ricepl-5.cs.rice.edu,file32B.txt,2015/09/30 05:25:19,2015/09/30 05:25:20,1663.000000
planetlab3.eecs.umich.edu,ricepl-5.cs.rice.edu,file1KB.txt,2015/09/30 05:25:20,2015/09/30 05:25:20,232.000000
planetlab3.eecs.umich.edu,ricepl-5.cs.rice.edu,file256KB.txt,2015/09/30 05:25:20,2015/09/30 05:25:36,15340.000000
planetlab3.eecs.umich.edu,ricepl-5.cs.rice.edu,file512KB.txt,2015/09/30 05:25:36,2015/09/30 05:26:10,34807.000000
planetlab3.eecs.umich.edu,ricepl-5.cs.rice.edu,file1MB.txt,2015/09/30 05:26:10,2015/09/30 05:27:16,66152.000000
planetlab3.rutgers.edu,ricepl-5.cs.rice.edu,file32B.txt,2015/09/30 05:27:16,2015/09/30 05:27:16,565.000000
planetlab3.rutgers.edu,ricepl-5.cs.rice.edu,file1KB.txt,2015/09/30 05:27:16,2015/09/30 05:27:16,311.000000
planetlab3.rutgers.edu,ricepl-5.cs.rice.edu,file256KB.txt,2015/09/30 05:27:16,2015/09/30 05:27:39,23157.000000
planetlab3.rutgers.edu,ricepl-5.cs.rice.edu,file512KB.txt,2015/09/30 05:27:39,2015/09/30 05:28:24,44758.000000
planetlab3.rutgers.edu,ricepl-5.cs.rice.edu,file1MB.txt,2015/09/30 05:28:24,2015/09/30 05:29:56,92705.000000
planetlab3.wail.wisc.edu,ricepl-5.cs.rice.edu,file32B.txt,2015/09/30 05:29:56,2015/09/30 05:29:56,443.000000
planetlab3.wail.wisc.edu,ricepl-5.cs.rice.edu,file1KB.txt,2015/09/30 05:29:56,2015/09/30 05:29:57,1686.000000
planetlab3.wail.wisc.edu,ricepl-5.cs.rice.edu,file256KB.txt,2015/09/30 05:29:57,2015/09/30 05:30:20,22916.000000
planetlab3.wail.wisc.edu,ricepl-5.cs.rice.edu,file512KB.txt,2015/09/30 05:30:20,2015/09/30 05:31:05,44490.000000
planetlab3.wail.wisc.edu,ricepl-5.cs.rice.edu,file1MB.txt,2015/09/30 05:31:05,2015/09/30 05:32:36,90918.000000
planetlab4.tamu.edu,ricepl-5.cs.rice.edu,file32B.txt,2015/09/30 05:32:36,2015/09/30 05:32:36,43.000000
planetlab4.tamu.edu,ricepl-5.cs.rice.edu,file1KB.txt,2015/09/30 05:32:36,2015/09/30 05:32:36,23.000000
planetlab4.tamu.edu,ricepl-5.cs.rice.edu,file256KB.txt,2015/09/30 05:32:36,2015/09/30 05:32:38,2542.000000
planetlab4.tamu.edu,ricepl-5.cs.rice.edu,file512KB.txt,2015/09/30 05:32:38,2015/09/30 05:32:41,3014.000000
planetlab4.tamu.edu,ricepl-5.cs.rice.edu,file1MB.txt,2015/09/30 05:32:41,2015/09/30 05:32:46,4272.000000
planetlab-5.eecs.cwru.edu,ricepl-5.cs.rice.edu,file32B.txt,2015/09/30 05:32:46,2015/09/30 05:32:47,1603.000000
planetlab-5.eecs.cwru.edu,ricepl-5.cs.rice.edu,file1KB.txt,2015/09/30 05:32:47,2015/09/30 05:32:47,308.000000
planetlab-5.eecs.cwru.edu,ricepl-5.cs.rice.edu,file256KB.txt,2015/09/30 05:32:47,2015/09/30 05:33:09,21711.000000
planetlab-5.eecs.cwru.edu,ricepl-5.cs.rice.edu,file512KB.txt,2015/09/30 05:33:09,2015/09/30 05:33:54,45688.000000
planetlab-5.eecs.cwru.edu,ricepl-5.cs.rice.edu,file1MB.txt,2015/09/30 05:33:54,2015/09/30 05:35:25,90751.000000
planetlabone.ccs.neu.edu,ricepl-5.cs.rice.edu,file32B.txt,2015/09/30 05:35:25,2015/09/30 05:35:26,739.000000
planetlabone.ccs.neu.edu,ricepl-5.cs.rice.edu,file1KB.txt,2015/09/30 05:35:26,2015/09/30 05:35:27,1646.000000
planetlabone.ccs.neu.edu,ricepl-5.cs.rice.edu,file256KB.txt,2015/09/30 05:35:27,2015/09/30 05:35:52,24490.000000
planetlabone.ccs.neu.edu,ricepl-5.cs.rice.edu,file512KB.txt,2015/09/30 05:35:52,2015/09/30 05:36:43,51311.000000
planetlabone.ccs.neu.edu,ricepl-5.cs.rice.edu,file1MB.txt,2015/09/30 05:36:43,2015/09/30 05:38:25,101895.000000
pl-node-0.csl.sri.com,ricepl-5.cs.rice.edu,file32B.txt,2015/09/30 05:38:25,2015/09/30 05:38:26,1195.000000
pl-node-0.csl.sri.com,ricepl-5.cs.rice.edu,file1KB.txt,2015/09/30 05:38:26,2015/09/30 05:38:26,568.000000
pl-node-0.csl.sri.com,ricepl-5.cs.rice.edu,file256KB.txt,2015/09/30 05:38:26,2015/09/30 05:39:11,45743.000000
pl-node-0.csl.sri.com,ricepl-5.cs.rice.edu,file512KB.txt,2015/09/30 05:39:11,2015/09/30 05:40:39,87289.000000
pl-node-0.csl.sri.com,ricepl-5.cs.rice.edu,file1MB.txt,2015/09/30 05:40:39,2015/09/30 05:43:38,179154.000000
ricepl-5.cs.rice.edu,ricepl-5.cs.rice.edu,file32B.txt,2015/09/30 05:43:38,2015/09/30 05:43:38,1.000000
ricepl-5.cs.rice.edu,ricepl-5.cs.rice.edu,file1KB.txt,2015/09/30 05:43:38,2015/09/30 05:43:38,0.000000
ricepl-5.cs.rice.edu,ricepl-5.cs.rice.edu,file256KB.txt,2015/09/30 05:43:38,2015/09/30 05:43:38,17.000000
ricepl-5.cs.rice.edu,ricepl-5.cs.rice.edu,file512KB.txt,2015/09/30 05:43:38,2015/09/30 05:43:38,38.000000
ricepl-5.cs.rice.edu,ricepl-5.cs.rice.edu,file1MB.txt,2015/09/30 05:43:38,2015/09/30 05:43:39,1922.000000
salt.planetlab.cs.umd.edu,ricepl-5.cs.rice.edu,file32B.txt,2015/09/30 05:43:39,2015/09/30 05:43:39,426.000000
salt.planetlab.cs.umd.edu,ricepl-5.cs.rice.edu,file1KB.txt,2015/09/30 05:43:39,2015/09/30 05:43:39,287.000000
salt.planetlab.cs.umd.edu,ricepl-5.cs.rice.edu,file256KB.txt,2015/09/30 05:43:39,2015/09/30 05:44:00,21133.000000
salt.planetlab.cs.umd.edu,ricepl-5.cs.rice.edu,file512KB.txt,2015/09/30 05:44:00,2015/09/30 05:44:41,40641.000000
salt.planetlab.cs.umd.edu,ricepl-5.cs.rice.edu,file1MB.txt,2015/09/30 05:44:41,2015/09/30 05:46:05,84743.000000
pl1.eecs.utk.edu,ricepl-5.cs.rice.edu,file32B.txt,2015/09/30 05:46:05,2015/09/30 05:46:06,1317.000000
pl1.eecs.utk.edu,ricepl-5.cs.rice.edu,file1KB.txt,2015/09/30 05:46:06,2015/09/30 05:46:06,658.000000
pl1.eecs.utk.edu,ricepl-5.cs.rice.edu,file256KB.txt,2015/09/30 05:46:06,2015/09/30 05:46:56,50435.000000
pl1.eecs.utk.edu,ricepl-5.cs.rice.edu,file512KB.txt,2015/09/30 05:46:56,2015/09/30 05:48:59,123054.000000
pl1.eecs.utk.edu,ricepl-5.cs.rice.edu,file1MB.txt,2015/09/30 05:48:59,2015/09/30 05:52:03,-183289.000000
planetlab-01.vt.nodes.planet-lab.org,ricepl-5.cs.rice.edu,file32B.txt,2015/09/30 05:52:03,2015/09/30 05:52:04,1573.000000
planetlab-01.vt.nodes.planet-lab.org,ricepl-5.cs.rice.edu,file1KB.txt,2015/09/30 05:52:04,2015/09/30 05:52:05,1231.000000
planetlab-01.vt.nodes.planet-lab.org,ricepl-5.cs.rice.edu,file256KB.txt,2015/09/30 05:52:05,2015/09/30 05:52:26,20675.000000
planetlab-01.vt.nodes.planet-lab.org,ricepl-5.cs.rice.edu,file512KB.txt,2015/09/30 05:52:26,2015/09/30 05:53:09,43208.000000
planetlab-01.vt.nodes.planet-lab.org,ricepl-5.cs.rice.edu,file1MB.txt,2015/09/30 05:53:09,2015/09/30 05:54:34,85122.000000
planetlab-04.vt.nodes.planet-lab.org,ricepl-5.cs.rice.edu,file32B.txt,2015/09/30 05:54:34,2015/09/30 05:54:34,349.000000
planetlab-04.vt.nodes.planet-lab.org,ricepl-5.cs.rice.edu,file1KB.txt,2015/09/30 05:54:34,2015/09/30 05:54:34,353.000000
planetlab-04.vt.nodes.planet-lab.org,ricepl-5.cs.rice.edu,file256KB.txt,2015/09/30 05:54:34,2015/09/30 05:54:56,22713.000000
planetlab-04.vt.nodes.planet-lab.org,ricepl-5.cs.rice.edu,file512KB.txt,2015/09/30 05:54:56,2015/09/30 05:55:38,41295.000000
planetlab-04.vt.nodes.planet-lab.org,ricepl-5.cs.rice.edu,file1MB.txt,2015/09/30 05:55:38,2015/09/30 05:57:05,87680.000000
planetlab-4.eecs.cwru.edu,ricepl-5.cs.rice.edu,file32B.txt,2015/09/30 05:57:05,2015/09/30 05:57:05,450.000000
planetlab-4.eecs.cwru.edu,ricepl-5.cs.rice.edu,file1KB.txt,2015/09/30 05:57:05,2015/09/30 05:57:05,311.000000
planetlab-4.eecs.cwru.edu,ricepl-5.cs.rice.edu,file256KB.txt,2015/09/30 05:57:05,2015/09/30 05:57:28,23622.000000
planetlab-4.eecs.cwru.edu,ricepl-5.cs.rice.edu,file512KB.txt,2015/09/30 05:57:28,2015/09/30 05:58:12,43530.000000
planetlab-4.eecs.cwru.edu,ricepl-5.cs.rice.edu,file1MB.txt,2015/09/30 05:58:12,2015/09/30 05:59:41,89264.000000
planetlab01.cs.washington.edu,ricepl-5.cs.rice.edu,file32B.txt,2015/09/30 05:59:41,2015/09/30 05:59:41,469.000000
planetlab01.cs.washington.edu,ricepl-5.cs.rice.edu,file1KB.txt,2015/09/30 05:59:41,2015/09/30 05:59:42,1628.000000
planetlab01.cs.washington.edu,ricepl-5.cs.rice.edu,file256KB.txt,2015/09/30 05:59:42,2015/09/30 06:00:09,26960.000000
planetlab01.cs.washington.edu,ricepl-5.cs.rice.edu,file512KB.txt,2015/09/30 06:00:09,2015/09/30 06:01:03,54307.000000
planetlab01.cs.washington.edu,ricepl-5.cs.rice.edu,file1MB.txt,2015/09/30 06:01:03,2015/09/30 06:02:50,107000.000000
planetlab02.cs.washington.edu,ricepl-5.cs.rice.edu,file32B.txt,2015/09/30 06:02:50,2015/09/30 06:02:50,429.000000
planetlab02.cs.washington.edu,ricepl-5.cs.rice.edu,file1KB.txt,2015/09/30 06:02:50,2015/09/30 06:02:50,372.000000
planetlab02.cs.washington.edu,ricepl-5.cs.rice.edu,file256KB.txt,2015/09/30 06:02:50,2015/09/30 06:03:17,27031.000000
planetlab02.cs.washington.edu,ricepl-5.cs.rice.edu,file512KB.txt,2015/09/30 06:03:17,2015/09/30 06:04:11,53984.000000
planetlab02.cs.washington.edu,ricepl-5.cs.rice.edu,file1MB.txt,2015/09/30 06:04:11,2015/09/30 06:05:59,108482.000000
planetlab1.arizona-gigapop.net,ricepl-5.cs.rice.edu,file32B.txt,2015/09/30 06:05:59,2015/09/30 06:05:59,379.000000
planetlab1.arizona-gigapop.net,ricepl-5.cs.rice.edu,file1KB.txt,2015/09/30 06:05:59,2015/09/30 06:05:59,242.000000
planetlab1.arizona-gigapop.net,ricepl-5.cs.rice.edu,file256KB.txt,2015/09/30 06:05:59,2015/09/30 06:06:13,14781.000000
planetlab1.arizona-gigapop.net,ricepl-5.cs.rice.edu,file512KB.txt,2015/09/30 06:06:13,2015/09/30 06:06:39,25541.000000
planetlab1.arizona-gigapop.net,ricepl-5.cs.rice.edu,file1MB.txt,2015/09/30 06:06:39,2015/09/30 06:07:32,53515.000000
planetlab1.cs.unc.edu,ricepl-5.cs.rice.edu,file32B.txt,2015/09/30 06:07:32,2015/09/30 06:07:32,267.000000
planetlab1.cs.unc.edu,ricepl-5.cs.rice.edu,file1KB.txt,2015/09/30 06:07:32,2015/09/30 06:07:32,270.000000
planetlab1.cs.unc.edu,ricepl-5.cs.rice.edu,file256KB.txt,2015/09/30 06:07:32,2015/09/30 06:07:52,20341.000000
planetlab1.cs.unc.edu,ricepl-5.cs.rice.edu,file512KB.txt,2015/09/30 06:07:52,2015/09/30 06:08:31,38721.000000
planetlab1.cs.unc.edu,ricepl-5.cs.rice.edu,file1MB.txt,2015/09/30 06:08:31,2015/09/30 06:09:49,77681.000000
