ebb.colgate.edu,planetlab1.arizona-gigapop.net,file32B.txt,2015/09/30 04:14:01,2015/09/30 04:14:01,531.000000
ebb.colgate.edu,planetlab1.arizona-gigapop.net,file1KB.txt,2015/09/30 04:14:01,2015/09/30 04:14:02,951.000000
ebb.colgate.edu,planetlab1.arizona-gigapop.net,file256KB.txt,2015/09/30 04:14:02,2015/09/30 04:15:07,65065.000000
ebb.colgate.edu,planetlab1.arizona-gigapop.net,file512KB.txt,2015/09/30 04:15:07,2015/09/30 04:17:22,134831.000000
ebb.colgate.edu,planetlab1.arizona-gigapop.net,file1MB.txt,2015/09/30 04:17:22,2015/09/30 04:21:38,256373.000000
kc-sce-plab2.umkc.edu,planetlab1.arizona-gigapop.net,file32B.txt,2015/09/30 04:21:38,2015/09/30 04:21:39,842.000000
kc-sce-plab2.umkc.edu,planetlab1.arizona-gigapop.net,file1KB.txt,2015/09/30 04:21:39,2015/09/30 04:21:40,759.000000
kc-sce-plab2.umkc.edu,planetlab1.arizona-gigapop.net,file256KB.txt,2015/09/30 04:21:40,2015/09/30 04:23:53,133017.000000
kc-sce-plab2.umkc.edu,planetlab1.arizona-gigapop.net,file512KB.txt,2015/09/30 04:23:53,2015/09/30 04:26:55,182162.000000
kc-sce-plab2.umkc.edu,planetlab1.arizona-gigapop.net,file1MB.txt,2015/09/30 04:26:55,2015/09/30 04:29:58,183426.000000
node1.planetlab.mathcs.emory.edu,planetlab1.arizona-gigapop.net,file32B.txt,2015/09/30 04:29:58,2015/09/30 04:29:58,300.000000
node1.planetlab.mathcs.emory.edu,planetlab1.arizona-gigapop.net,file1KB.txt,2015/09/30 04:29:58,2015/09/30 04:29:58,349.000000
node1.planetlab.mathcs.emory.edu,planetlab1.arizona-gigapop.net,file256KB.txt,2015/09/30 04:29:58,2015/09/30 04:30:24,26162.000000
node1.planetlab.mathcs.emory.edu,planetlab1.arizona-gigapop.net,file512KB.txt,2015/09/30 04:30:24,2015/09/30 04:31:16,52571.000000
node1.planetlab.mathcs.emory.edu,planetlab1.arizona-gigapop.net,file1MB.txt,2015/09/30 04:31:16,2015/09/30 04:32:58,101421.000000
pl3.cs.unm.edu,planetlab1.arizona-gigapop.net,file32B.txt,2015/09/30 04:36:07,2015/09/30 04:36:08,1512.000000
pl3.cs.unm.edu,planetlab1.arizona-gigapop.net,file1KB.txt,2015/09/30 04:36:08,2015/09/30 04:36:08,565.000000
pl3.cs.unm.edu,planetlab1.arizona-gigapop.net,file256KB.txt,2015/09/30 04:36:08,2015/09/30 04:36:50,42330.000000
pl3.cs.unm.edu,planetlab1.arizona-gigapop.net,file512KB.txt,2015/09/30 04:36:50,2015/09/30 04:38:13,83101.000000
pl3.cs.unm.edu,planetlab1.arizona-gigapop.net,file1MB.txt,2015/09/30 04:38:13,2015/09/30 04:40:58,-164461.000000
plab3.eece.ksu.edu,planetlab1.arizona-gigapop.net,file32B.txt,2015/09/30 04:40:58,2015/09/30 04:40:59,1741.000000
plab3.eece.ksu.edu,planetlab1.arizona-gigapop.net,file1KB.txt,2015/09/30 04:40:59,2015/09/30 04:40:59,300.000000
plab3.eece.ksu.edu,planetlab1.arizona-gigapop.net,file256KB.txt,2015/09/30 04:40:59,2015/09/30 04:41:21,21878.000000
plab3.eece.ksu.edu,planetlab1.arizona-gigapop.net,file512KB.txt,2015/09/30 04:41:21,2015/09/30 04:42:05,44032.000000
plab3.eece.ksu.edu,planetlab1.arizona-gigapop.net,file1MB.txt,2015/09/30 04:42:05,2015/09/30 04:43:33,88186.000000
planetlab-02.bu.edu,planetlab1.arizona-gigapop.net,file32B.txt,2015/09/30 04:43:33,2015/09/30 04:43:34,1464.000000
planetlab-02.bu.edu,planetlab1.arizona-gigapop.net,file1KB.txt,2015/09/30 04:43:34,2015/09/30 04:43:34,623.000000
planetlab-02.bu.edu,planetlab1.arizona-gigapop.net,file256KB.txt,2015/09/30 04:43:34,2015/09/30 04:44:20,46169.000000
planetlab-02.bu.edu,planetlab1.arizona-gigapop.net,file512KB.txt,2015/09/30 04:44:20,2015/09/30 04:45:51,90664.000000
planetlab-02.bu.edu,planetlab1.arizona-gigapop.net,file1MB.txt,2015/09/30 04:45:51,2015/09/30 04:48:56,184839.000000
planetlab1.clemson.edu,planetlab1.arizona-gigapop.net,file32B.txt,2015/09/30 04:52:06,2015/09/30 04:52:06,313.000000
planetlab1.clemson.edu,planetlab1.arizona-gigapop.net,file1KB.txt,2015/09/30 04:52:06,2015/09/30 04:52:06,365.000000
planetlab1.clemson.edu,planetlab1.arizona-gigapop.net,file256KB.txt,2015/09/30 04:52:06,2015/09/30 04:52:33,27127.000000
planetlab1.clemson.edu,planetlab1.arizona-gigapop.net,file512KB.txt,2015/09/30 04:52:33,2015/09/30 04:53:27,54458.000000
planetlab1.clemson.edu,planetlab1.arizona-gigapop.net,file1MB.txt,2015/09/30 04:53:27,2015/09/30 04:55:13,105283.000000
planetlab1.cs.du.edu,planetlab1.arizona-gigapop.net,file32B.txt,2015/09/30 04:55:14,2015/09/30 04:55:14,379.000000
planetlab1.cs.du.edu,planetlab1.arizona-gigapop.net,file1KB.txt,2015/09/30 04:55:14,2015/09/30 04:55:14,439.000000
planetlab1.cs.du.edu,planetlab1.arizona-gigapop.net,file256KB.txt,2015/09/30 04:55:14,2015/09/30 04:55:47,33617.000000
planetlab1.cs.du.edu,planetlab1.arizona-gigapop.net,file512KB.txt,2015/09/30 04:55:47,2015/09/30 04:56:51,63495.000000
planetlab1.cs.du.edu,planetlab1.arizona-gigapop.net,file1MB.txt,2015/09/30 04:56:51,2015/09/30 04:59:00,129387.000000
planetlab-1.cse.ohio-state.edu,planetlab1.arizona-gigapop.net,file32B.txt,2015/09/30 04:59:00,2015/09/30 04:59:04,3658.000000
planetlab-1.cse.ohio-state.edu,planetlab1.arizona-gigapop.net,file1KB.txt,2015/09/30 04:59:04,2015/09/30 04:59:22,18545.000000
planetlab-1.cse.ohio-state.edu,planetlab1.arizona-gigapop.net,file256KB.txt,2015/09/30 04:59:22,2015/09/30 05:25:03,1541024.000000
planetlab-1.cse.ohio-state.edu,planetlab1.arizona-gigapop.net,file512KB.txt,2015/09/30 05:25:03,2015/09/30 06:34:14,144582.000000
planetlab-1.cse.ohio-state.edu,planetlab1.arizona-gigapop.net,file1MB.txt,2015/09/30 06:34:14,2015/09/30 08:13:44,-1675646.000000
planetlab1.cs.okstate.edu,planetlab1.arizona-gigapop.net,file32B.txt,2015/09/30 08:13:44,2015/09/30 08:13:44,250.000000
planetlab1.cs.okstate.edu,planetlab1.arizona-gigapop.net,file1KB.txt,2015/09/30 08:13:44,2015/09/30 08:13:44,290.000000
planetlab1.cs.okstate.edu,planetlab1.arizona-gigapop.net,file256KB.txt,2015/09/30 08:13:44,2015/09/30 08:14:06,22640.000000
planetlab1.cs.okstate.edu,planetlab1.arizona-gigapop.net,file512KB.txt,2015/09/30 08:14:06,2015/09/30 08:14:48,41383.000000
planetlab1.cs.okstate.edu,planetlab1.arizona-gigapop.net,file1MB.txt,2015/09/30 08:14:48,2015/09/30 08:16:13,84964.000000
planetlab1.cs.ucla.edu,planetlab1.arizona-gigapop.net,file32B.txt,2015/09/30 08:16:13,2015/09/30 08:16:13,80.000000
planetlab1.cs.ucla.edu,planetlab1.arizona-gigapop.net,file1KB.txt,2015/09/30 08:16:13,2015/09/30 08:16:13,94.000000
planetlab1.cs.ucla.edu,planetlab1.arizona-gigapop.net,file256KB.txt,2015/09/30 08:16:13,2015/09/30 08:16:20,7232.000000
planetlab1.cs.ucla.edu,planetlab1.arizona-gigapop.net,file512KB.txt,2015/09/30 08:16:20,2015/09/30 08:16:38,18436.000000
planetlab1.cs.ucla.edu,planetlab1.arizona-gigapop.net,file1MB.txt,2015/09/30 08:16:38,2015/09/30 08:17:06,27974.000000
planetlab1.csuohio.edu,planetlab1.arizona-gigapop.net,file32B.txt,2015/09/30 08:17:06,2015/09/30 08:17:06,646.000000
planetlab1.csuohio.edu,planetlab1.arizona-gigapop.net,file1KB.txt,2015/09/30 08:17:06,2015/09/30 08:17:07,1159.000000
planetlab1.csuohio.edu,planetlab1.arizona-gigapop.net,file256KB.txt,2015/09/30 08:17:07,2015/09/30 08:17:39,31757.000000
planetlab1.csuohio.edu,planetlab1.arizona-gigapop.net,file512KB.txt,2015/09/30 08:17:39,2015/09/30 08:18:34,55561.000000
planetlab1.csuohio.edu,planetlab1.arizona-gigapop.net,file1MB.txt,2015/09/30 08:18:34,2015/09/30 08:20:23,109191.000000
planetlab1.ucsd.edu,planetlab1.arizona-gigapop.net,file32B.txt,2015/09/30 08:23:32,2015/09/30 08:23:32,97.000000
planetlab1.ucsd.edu,planetlab1.arizona-gigapop.net,file1KB.txt,2015/09/30 08:23:32,2015/09/30 08:23:32,113.000000
planetlab1.ucsd.edu,planetlab1.arizona-gigapop.net,file256KB.txt,2015/09/30 08:23:32,2015/09/30 08:23:41,9484.000000
planetlab1.ucsd.edu,planetlab1.arizona-gigapop.net,file512KB.txt,2015/09/30 08:23:41,2015/09/30 08:23:57,15824.000000
planetlab1.ucsd.edu,planetlab1.arizona-gigapop.net,file1MB.txt,2015/09/30 08:23:57,2015/09/30 08:24:29,31720.000000
planetlab2.acis.ufl.edu,planetlab1.arizona-gigapop.net,file32B.txt,2015/09/30 08:24:29,2015/09/30 08:24:29,379.000000
planetlab2.acis.ufl.edu,planetlab1.arizona-gigapop.net,file1KB.txt,2015/09/30 08:24:29,2015/09/30 08:24:30,1558.000000
planetlab2.acis.ufl.edu,planetlab1.arizona-gigapop.net,file256KB.txt,2015/09/30 08:24:30,2015/09/30 08:25:02,31546.000000
planetlab2.acis.ufl.edu,planetlab1.arizona-gigapop.net,file512KB.txt,2015/09/30 08:25:02,2015/09/30 08:26:07,65167.000000
planetlab2.acis.ufl.edu,planetlab1.arizona-gigapop.net,file1MB.txt,2015/09/30 08:26:07,2015/09/30 08:28:16,129236.000000
planetlab2.arizona-gigapop.net,planetlab1.arizona-gigapop.net,file32B.txt,2015/09/30 08:28:16,2015/09/30 08:28:16,8.000000
planetlab2.arizona-gigapop.net,planetlab1.arizona-gigapop.net,file1KB.txt,2015/09/30 08:28:16,2015/09/30 08:28:16,4.000000
planetlab2.arizona-gigapop.net,planetlab1.arizona-gigapop.net,file256KB.txt,2015/09/30 08:28:16,2015/09/30 08:28:16,140.000000
planetlab2.arizona-gigapop.net,planetlab1.arizona-gigapop.net,file512KB.txt,2015/09/30 08:28:16,2015/09/30 08:28:16,276.000000
planetlab2.arizona-gigapop.net,planetlab1.arizona-gigapop.net,file1MB.txt,2015/09/30 08:28:16,2015/09/30 08:28:17,1430.000000
planetlab2.citadel.edu,planetlab1.arizona-gigapop.net,file32B.txt,2015/09/30 08:28:17,2015/09/30 08:28:17,362.000000
planetlab2.citadel.edu,planetlab1.arizona-gigapop.net,file1KB.txt,2015/09/30 08:28:17,2015/09/30 08:28:18,1578.000000
planetlab2.citadel.edu,planetlab1.arizona-gigapop.net,file256KB.txt,2015/09/30 08:28:18,2015/09/30 08:28:49,30842.000000
planetlab2.citadel.edu,planetlab1.arizona-gigapop.net,file512KB.txt,2015/09/30 08:28:49,2015/09/30 08:29:50,60511.000000
planetlab2.citadel.edu,planetlab1.arizona-gigapop.net,file1MB.txt,2015/09/30 08:29:50,2015/09/30 08:31:53,123351.000000
planetlab2.cs.pitt.edu,planetlab1.arizona-gigapop.net,file32B.txt,2015/09/30 08:31:53,2015/09/30 08:31:53,424.000000
planetlab2.cs.pitt.edu,planetlab1.arizona-gigapop.net,file1KB.txt,2015/09/30 08:31:53,2015/09/30 08:31:54,1510.000000
planetlab2.cs.pitt.edu,planetlab1.arizona-gigapop.net,file256KB.txt,2015/09/30 08:31:54,2015/09/30 08:32:30,35937.000000
planetlab2.cs.pitt.edu,planetlab1.arizona-gigapop.net,file512KB.txt,2015/09/30 08:32:30,2015/09/30 08:33:42,72404.000000
planetlab2.cs.pitt.edu,planetlab1.arizona-gigapop.net,file1MB.txt,2015/09/30 08:33:42,2015/09/30 08:36:05,142651.000000
planetlab2.cs.purdue.edu,planetlab1.arizona-gigapop.net,file32B.txt,2015/09/30 08:36:05,2015/09/30 08:36:06,712.000000
planetlab2.cs.purdue.edu,planetlab1.arizona-gigapop.net,file1KB.txt,2015/09/30 08:36:06,2015/09/30 08:36:08,2308.000000
planetlab2.cs.purdue.edu,planetlab1.arizona-gigapop.net,file256KB.txt,2015/09/30 08:36:08,2015/09/30 08:38:48,160323.000000
planetlab2.cs.purdue.edu,planetlab1.arizona-gigapop.net,file512KB.txt,2015/09/30 08:38:48,2015/09/30 08:44:54,366033.000000
planetlab2.cs.purdue.edu,planetlab1.arizona-gigapop.net,file1MB.txt,2015/09/30 08:44:54,2015/09/30 08:53:50,535995.000000
planetlab2.cs.uml.edu,planetlab1.arizona-gigapop.net,file32B.txt,2015/09/30 09:00:08,2015/09/30 09:00:08,469.000000
planetlab2.cs.uml.edu,planetlab1.arizona-gigapop.net,file1KB.txt,2015/09/30 09:00:08,2015/09/30 09:00:09,1452.000000
planetlab2.cs.uml.edu,planetlab1.arizona-gigapop.net,file256KB.txt,2015/09/30 09:00:09,2015/09/30 09:00:49,39327.000000
planetlab2.cs.uml.edu,planetlab1.arizona-gigapop.net,file512KB.txt,2015/09/30 09:00:49,2015/09/30 09:02:09,80036.000000
planetlab2.cs.uml.edu,planetlab1.arizona-gigapop.net,file1MB.txt,2015/09/30 09:02:09,2015/09/30 09:04:52,163580.000000
planetlab2.cs.unc.edu,planetlab1.arizona-gigapop.net,file32B.txt,2015/09/30 09:04:52,2015/09/30 09:04:52,414.000000
planetlab2.cs.unc.edu,planetlab1.arizona-gigapop.net,file1KB.txt,2015/09/30 09:04:52,2015/09/30 09:04:53,1511.000000
planetlab2.cs.unc.edu,planetlab1.arizona-gigapop.net,file256KB.txt,2015/09/30 09:04:53,2015/09/30 09:05:28,34520.000000
planetlab2.cs.unc.edu,planetlab1.arizona-gigapop.net,file512KB.txt,2015/09/30 09:05:28,2015/09/30 09:06:38,69545.000000
planetlab2.cs.unc.edu,planetlab1.arizona-gigapop.net,file1MB.txt,2015/09/30 09:06:38,2015/09/30 09:08:59,141283.000000
planetlab2.cs.uoregon.edu,planetlab1.arizona-gigapop.net,file32B.txt,2015/09/30 09:08:59,2015/09/30 09:08:59,218.000000
planetlab2.cs.uoregon.edu,planetlab1.arizona-gigapop.net,file1KB.txt,2015/09/30 09:08:59,2015/09/30 09:09:00,1746.000000
planetlab2.cs.uoregon.edu,planetlab1.arizona-gigapop.net,file256KB.txt,2015/09/30 09:09:00,2015/09/30 09:09:18,17380.000000
planetlab2.cs.uoregon.edu,planetlab1.arizona-gigapop.net,file512KB.txt,2015/09/30 09:09:18,2015/09/30 09:09:55,36958.000000
planetlab2.cs.uoregon.edu,planetlab1.arizona-gigapop.net,file1MB.txt,2015/09/30 09:09:55,2015/09/30 09:11:09,74028.000000
planetlab2.temple.edu,planetlab1.arizona-gigapop.net,file32B.txt,2015/09/30 09:11:09,2015/09/30 09:11:10,1573.000000
planetlab2.temple.edu,planetlab1.arizona-gigapop.net,file1KB.txt,2015/09/30 09:11:10,2015/09/30 09:11:10,496.000000
planetlab2.temple.edu,planetlab1.arizona-gigapop.net,file256KB.txt,2015/09/30 09:11:10,2015/09/30 09:11:47,37517.000000
planetlab2.temple.edu,planetlab1.arizona-gigapop.net,file512KB.txt,2015/09/30 09:11:47,2015/09/30 09:12:59,71457.000000
planetlab2.temple.edu,planetlab1.arizona-gigapop.net,file1MB.txt,2015/09/30 09:12:59,2015/09/30 09:15:25,146724.000000
planetlab2.unl.edu,planetlab1.arizona-gigapop.net,file32B.txt,2015/09/30 09:15:25,2015/09/30 09:15:25,267.000000
planetlab2.unl.edu,planetlab1.arizona-gigapop.net,file1KB.txt,2015/09/30 09:15:25,2015/09/30 09:15:25,311.000000
planetlab2.unl.edu,planetlab1.arizona-gigapop.net,file256KB.txt,2015/09/30 09:15:25,2015/09/30 09:15:48,22826.000000
planetlab2.unl.edu,planetlab1.arizona-gigapop.net,file512KB.txt,2015/09/30 09:15:48,2015/09/30 09:16:34,46587.000000
planetlab2.unl.edu,planetlab1.arizona-gigapop.net,file1MB.txt,2015/09/30 09:16:34,2015/09/30 09:18:04,89477.000000
planetlab2.unr.edu,planetlab1.arizona-gigapop.net,file32B.txt,2015/09/30 09:18:04,2015/09/30 09:18:04,210.000000
planetlab2.unr.edu,planetlab1.arizona-gigapop.net,file1KB.txt,2015/09/30 09:18:04,2015/09/30 09:18:05,1755.000000
planetlab2.unr.edu,planetlab1.arizona-gigapop.net,file256KB.txt,2015/09/30 09:18:05,2015/09/30 09:18:23,18102.000000
planetlab2.unr.edu,planetlab1.arizona-gigapop.net,file512KB.txt,2015/09/30 09:18:23,2015/09/30 09:18:58,34394.000000
planetlab2.unr.edu,planetlab1.arizona-gigapop.net,file1MB.txt,2015/09/30 09:18:58,2015/09/30 09:20:09,70839.000000
planetlab2.uta.edu,planetlab1.arizona-gigapop.net,file32B.txt,2015/09/30 09:20:09,2015/09/30 09:20:10,1814.000000
planetlab2.uta.edu,planetlab1.arizona-gigapop.net,file1KB.txt,2015/09/30 09:20:10,2015/09/30 09:20:10,215.000000
planetlab2.uta.edu,planetlab1.arizona-gigapop.net,file256KB.txt,2015/09/30 09:20:10,2015/09/30 09:20:25,14242.000000
planetlab2.uta.edu,planetlab1.arizona-gigapop.net,file512KB.txt,2015/09/30 09:20:25,2015/09/30 09:20:57,32648.000000
planetlab2.uta.edu,planetlab1.arizona-gigapop.net,file1MB.txt,2015/09/30 09:20:57,2015/09/30 09:21:59,61354.000000
planetlab2.utdallas.edu,planetlab1.arizona-gigapop.net,file32B.txt,2015/09/30 09:21:59,2015/09/30 09:22:00,1815.000000
planetlab2.utdallas.edu,planetlab1.arizona-gigapop.net,file1KB.txt,2015/09/30 09:22:00,2015/09/30 09:22:00,213.000000
planetlab2.utdallas.edu,planetlab1.arizona-gigapop.net,file256KB.txt,2015/09/30 09:22:00,2015/09/30 09:22:16,16329.000000
planetlab2.utdallas.edu,planetlab1.arizona-gigapop.net,file512KB.txt,2015/09/30 09:22:16,2015/09/30 09:22:47,30762.000000
planetlab2.utdallas.edu,planetlab1.arizona-gigapop.net,file1MB.txt,2015/09/30 09:22:47,2015/09/30 09:23:49,61506.000000
planetlab3.eecs.umich.edu,planetlab1.arizona-gigapop.net,file32B.txt,2015/09/30 09:23:49,2015/09/30 09:23:50,1662.000000
planetlab3.eecs.umich.edu,planetlab1.arizona-gigapop.net,file1KB.txt,2015/09/30 09:23:50,2015/09/30 09:23:50,393.000000
planetlab3.eecs.umich.edu,planetlab1.arizona-gigapop.net,file256KB.txt,2015/09/30 09:23:50,2015/09/30 09:24:19,29083.000000
planetlab3.eecs.umich.edu,planetlab1.arizona-gigapop.net,file512KB.txt,2015/09/30 09:24:19,2015/09/30 09:25:17,-58366.000000
planetlab3.eecs.umich.edu,planetlab1.arizona-gigapop.net,file1MB.txt,2015/09/30 09:25:17,2015/09/30 09:27:11,113167.000000
planetlab3.rutgers.edu,planetlab1.arizona-gigapop.net,file32B.txt,2015/09/30 09:27:11,2015/09/30 09:27:12,1595.000000
planetlab3.rutgers.edu,planetlab1.arizona-gigapop.net,file1KB.txt,2015/09/30 09:27:12,2015/09/30 09:27:12,468.000000
planetlab3.rutgers.edu,planetlab1.arizona-gigapop.net,file256KB.txt,2015/09/30 09:27:12,2015/09/30 09:27:47,35357.000000
planetlab3.rutgers.edu,planetlab1.arizona-gigapop.net,file512KB.txt,2015/09/30 09:27:47,2015/09/30 09:28:56,68961.000000
planetlab3.rutgers.edu,planetlab1.arizona-gigapop.net,file1MB.txt,2015/09/30 09:28:56,2015/09/30 09:31:15,139117.000000
planetlab3.wail.wisc.edu,planetlab1.arizona-gigapop.net,file32B.txt,2015/09/30 09:31:15,2015/09/30 09:31:15,411.000000
planetlab3.wail.wisc.edu,planetlab1.arizona-gigapop.net,file1KB.txt,2015/09/30 09:31:15,2015/09/30 09:31:16,1520.000000
planetlab3.wail.wisc.edu,planetlab1.arizona-gigapop.net,file256KB.txt,2015/09/30 09:31:16,2015/09/30 09:31:51,34788.000000
planetlab3.wail.wisc.edu,planetlab1.arizona-gigapop.net,file512KB.txt,2015/09/30 09:31:51,2015/09/30 09:33:01,69899.000000
planetlab3.wail.wisc.edu,planetlab1.arizona-gigapop.net,file1MB.txt,2015/09/30 09:33:01,2015/09/30 09:35:21,139935.000000
planetlab4.tamu.edu,planetlab1.arizona-gigapop.net,file32B.txt,2015/09/30 09:35:21,2015/09/30 09:35:21,183.000000
planetlab4.tamu.edu,planetlab1.arizona-gigapop.net,file1KB.txt,2015/09/30 09:35:21,2015/09/30 09:35:21,213.000000
planetlab4.tamu.edu,planetlab1.arizona-gigapop.net,file256KB.txt,2015/09/30 09:35:21,2015/09/30 09:35:37,16391.000000
planetlab4.tamu.edu,planetlab1.arizona-gigapop.net,file512KB.txt,2015/09/30 09:35:37,2015/09/30 09:36:08,30958.000000
planetlab4.tamu.edu,planetlab1.arizona-gigapop.net,file1MB.txt,2015/09/30 09:36:08,2015/09/30 09:37:10,62101.000000
planetlab-5.eecs.cwru.edu,planetlab1.arizona-gigapop.net,file32B.txt,2015/09/30 09:37:10,2015/09/30 09:37:10,402.000000
planetlab-5.eecs.cwru.edu,planetlab1.arizona-gigapop.net,file1KB.txt,2015/09/30 09:37:10,2015/09/30 09:37:11,1532.000000
planetlab-5.eecs.cwru.edu,planetlab1.arizona-gigapop.net,file256KB.txt,2015/09/30 09:37:11,2015/09/30 09:37:45,33601.000000
planetlab-5.eecs.cwru.edu,planetlab1.arizona-gigapop.net,file512KB.txt,2015/09/30 09:37:45,2015/09/30 09:38:54,69498.000000
planetlab-5.eecs.cwru.edu,planetlab1.arizona-gigapop.net,file1MB.txt,2015/09/30 09:38:54,2015/09/30 09:41:10,135323.000000
planetlabone.ccs.neu.edu,planetlab1.arizona-gigapop.net,file32B.txt,2015/09/30 09:41:10,2015/09/30 09:41:11,1555.000000
planetlabone.ccs.neu.edu,planetlab1.arizona-gigapop.net,file1KB.txt,2015/09/30 09:41:11,2015/09/30 09:41:11,509.000000
planetlabone.ccs.neu.edu,planetlab1.arizona-gigapop.net,file256KB.txt,2015/09/30 09:41:11,2015/09/30 09:41:53,42487.000000
planetlabone.ccs.neu.edu,planetlab1.arizona-gigapop.net,file512KB.txt,2015/09/30 09:41:53,2015/09/30 09:43:09,76259.000000
planetlabone.ccs.neu.edu,planetlab1.arizona-gigapop.net,file1MB.txt,2015/09/30 09:43:09,2015/09/30 09:46:05,175776.000000
pl-node-0.csl.sri.com,planetlab1.arizona-gigapop.net,file32B.txt,2015/09/30 09:46:05,2015/09/30 09:46:05,147.000000
pl-node-0.csl.sri.com,planetlab1.arizona-gigapop.net,file1KB.txt,2015/09/30 09:46:05,2015/09/30 09:46:05,170.000000
pl-node-0.csl.sri.com,planetlab1.arizona-gigapop.net,file256KB.txt,2015/09/30 09:46:05,2015/09/30 09:46:18,13024.000000
pl-node-0.csl.sri.com,planetlab1.arizona-gigapop.net,file512KB.txt,2015/09/30 09:46:18,2015/09/30 09:46:46,28066.000000
pl-node-0.csl.sri.com,planetlab1.arizona-gigapop.net,file1MB.txt,2015/09/30 09:46:46,2015/09/30 09:47:53,67424.000000
ricepl-5.cs.rice.edu,planetlab1.arizona-gigapop.net,file32B.txt,2015/09/30 09:47:53,2015/09/30 09:47:53,156.000000
ricepl-5.cs.rice.edu,planetlab1.arizona-gigapop.net,file1KB.txt,2015/09/30 09:47:53,2015/09/30 09:47:53,183.000000
ricepl-5.cs.rice.edu,planetlab1.arizona-gigapop.net,file256KB.txt,2015/09/30 09:47:53,2015/09/30 09:48:06,12813.000000
ricepl-5.cs.rice.edu,planetlab1.arizona-gigapop.net,file512KB.txt,2015/09/30 09:48:06,2015/09/30 09:48:33,27903.000000
ricepl-5.cs.rice.edu,planetlab1.arizona-gigapop.net,file1MB.txt,2015/09/30 09:48:33,2015/09/30 09:49:25,52004.000000
salt.planetlab.cs.umd.edu,planetlab1.arizona-gigapop.net,file32B.txt,2015/09/30 09:49:25,2015/09/30 09:49:25,576.000000
salt.planetlab.cs.umd.edu,planetlab1.arizona-gigapop.net,file1KB.txt,2015/09/30 09:49:25,2015/09/30 09:49:26,1553.000000
salt.planetlab.cs.umd.edu,planetlab1.arizona-gigapop.net,file256KB.txt,2015/09/30 09:49:26,2015/09/30 09:49:58,31244.000000
salt.planetlab.cs.umd.edu,planetlab1.arizona-gigapop.net,file512KB.txt,2015/09/30 09:49:58,2015/09/30 09:51:03,64894.000000
salt.planetlab.cs.umd.edu,planetlab1.arizona-gigapop.net,file1MB.txt,2015/09/30 09:51:03,2015/09/30 09:53:13,130176.000000
pl1.eecs.utk.edu,planetlab1.arizona-gigapop.net,file32B.txt,2015/09/30 09:53:13,2015/09/30 09:53:17,4965.000000
pl1.eecs.utk.edu,planetlab1.arizona-gigapop.net,file1KB.txt,2015/09/30 09:53:17,2015/09/30 09:53:20,2517.000000
pl1.eecs.utk.edu,planetlab1.arizona-gigapop.net,file256KB.txt,2015/09/30 09:53:20,2015/09/30 09:59:15,354930.000000
pl1.eecs.utk.edu,planetlab1.arizona-gigapop.net,file512KB.txt,2015/09/30 09:59:15,2015/09/30 10:10:28,673137.000000
pl1.eecs.utk.edu,planetlab1.arizona-gigapop.net,file1MB.txt,2015/09/30 10:10:28,2015/09/30 10:28:23,1074495.000000
planetlab-01.vt.nodes.planet-lab.org,planetlab1.arizona-gigapop.net,file32B.txt,2015/09/30 10:28:23,2015/09/30 10:28:24,1450.000000
planetlab-01.vt.nodes.planet-lab.org,planetlab1.arizona-gigapop.net,file1KB.txt,2015/09/30 10:28:24,2015/09/30 10:28:24,472.000000
planetlab-01.vt.nodes.planet-lab.org,planetlab1.arizona-gigapop.net,file256KB.txt,2015/09/30 10:28:24,2015/09/30 10:28:59,35179.000000
planetlab-01.vt.nodes.planet-lab.org,planetlab1.arizona-gigapop.net,file512KB.txt,2015/09/30 10:28:59,2015/09/30 10:30:09,70651.000000
planetlab-01.vt.nodes.planet-lab.org,planetlab1.arizona-gigapop.net,file1MB.txt,2015/09/30 10:30:09,2015/09/30 10:32:27,137762.000000
planetlab-04.vt.nodes.planet-lab.org,planetlab1.arizona-gigapop.net,file32B.txt,2015/09/30 10:32:27,2015/09/30 10:32:27,610.000000
planetlab-04.vt.nodes.planet-lab.org,planetlab1.arizona-gigapop.net,file1KB.txt,2015/09/30 10:32:27,2015/09/30 10:32:28,1528.000000
planetlab-04.vt.nodes.planet-lab.org,planetlab1.arizona-gigapop.net,file256KB.txt,2015/09/30 10:32:28,2015/09/30 10:33:03,35320.000000
planetlab-04.vt.nodes.planet-lab.org,planetlab1.arizona-gigapop.net,file512KB.txt,2015/09/30 10:33:03,2015/09/30 10:34:12,68976.000000
planetlab-04.vt.nodes.planet-lab.org,planetlab1.arizona-gigapop.net,file1MB.txt,2015/09/30 10:34:12,2015/09/30 10:36:29,-136373.000000
planetlab-4.eecs.cwru.edu,planetlab1.arizona-gigapop.net,file32B.txt,2015/09/30 10:36:29,2015/09/30 10:36:30,1411.000000
planetlab-4.eecs.cwru.edu,planetlab1.arizona-gigapop.net,file1KB.txt,2015/09/30 10:36:30,2015/09/30 10:36:30,467.000000
planetlab-4.eecs.cwru.edu,planetlab1.arizona-gigapop.net,file256KB.txt,2015/09/30 10:36:30,2015/09/30 10:37:05,35603.000000
planetlab-4.eecs.cwru.edu,planetlab1.arizona-gigapop.net,file512KB.txt,2015/09/30 10:37:05,2015/09/30 10:38:13,67449.000000
planetlab-4.eecs.cwru.edu,planetlab1.arizona-gigapop.net,file1MB.txt,2015/09/30 10:38:13,2015/09/30 10:40:30,137152.000000
planetlab01.cs.washington.edu,planetlab1.arizona-gigapop.net,file32B.txt,2015/09/30 10:40:30,2015/09/30 10:40:30,307.000000
planetlab01.cs.washington.edu,planetlab1.arizona-gigapop.net,file1KB.txt,2015/09/30 10:40:30,2015/09/30 10:40:31,1737.000000
planetlab01.cs.washington.edu,planetlab1.arizona-gigapop.net,file256KB.txt,2015/09/30 10:40:31,2015/09/30 10:40:50,18773.000000
planetlab01.cs.washington.edu,planetlab1.arizona-gigapop.net,file512KB.txt,2015/09/30 10:40:50,2015/09/30 10:41:28,37690.000000
planetlab01.cs.washington.edu,planetlab1.arizona-gigapop.net,file1MB.txt,2015/09/30 10:41:28,2015/09/30 10:42:45,77571.000000
planetlab02.cs.washington.edu,planetlab1.arizona-gigapop.net,file32B.txt,2015/09/30 10:42:45,2015/09/30 10:42:45,225.000000
planetlab02.cs.washington.edu,planetlab1.arizona-gigapop.net,file1KB.txt,2015/09/30 10:42:45,2015/09/30 10:42:45,262.000000
planetlab02.cs.washington.edu,planetlab1.arizona-gigapop.net,file256KB.txt,2015/09/30 10:42:45,2015/09/30 10:43:04,18718.000000
planetlab02.cs.washington.edu,planetlab1.arizona-gigapop.net,file512KB.txt,2015/09/30 10:43:04,2015/09/30 10:43:43,39558.000000
planetlab02.cs.washington.edu,planetlab1.arizona-gigapop.net,file1MB.txt,2015/09/30 10:43:43,2015/09/30 10:44:59,75476.000000
planetlab1.arizona-gigapop.net,planetlab1.arizona-gigapop.net,file32B.txt,2015/09/30 10:44:59,2015/09/30 10:44:59,1.000000
planetlab1.arizona-gigapop.net,planetlab1.arizona-gigapop.net,file1KB.txt,2015/09/30 10:44:59,2015/09/30 10:44:59,0.000000
planetlab1.arizona-gigapop.net,planetlab1.arizona-gigapop.net,file256KB.txt,2015/09/30 10:44:59,2015/09/30 10:44:59,28.000000
planetlab1.arizona-gigapop.net,planetlab1.arizona-gigapop.net,file512KB.txt,2015/09/30 10:44:59,2015/09/30 10:44:59,56.000000
planetlab1.arizona-gigapop.net,planetlab1.arizona-gigapop.net,file1MB.txt,2015/09/30 10:44:59,2015/09/30 10:45:00,1797.000000
planetlab1.cs.unc.edu,planetlab1.arizona-gigapop.net,file32B.txt,2015/09/30 10:45:00,2015/09/30 10:45:00,409.000000
planetlab1.cs.unc.edu,planetlab1.arizona-gigapop.net,file1KB.txt,2015/09/30 10:45:00,2015/09/30 10:45:01,1524.000000
planetlab1.cs.unc.edu,planetlab1.arizona-gigapop.net,file256KB.txt,2015/09/30 10:45:01,2015/09/30 10:45:35,33113.000000
planetlab1.cs.unc.edu,planetlab1.arizona-gigapop.net,file512KB.txt,2015/09/30 10:45:35,2015/09/30 10:46:45,70556.000000
planetlab1.cs.unc.edu,planetlab1.arizona-gigapop.net,file1MB.txt,2015/09/30 10:46:45,2015/09/30 10:49:03,137544.000000
