ebb.colgate.edu,planetlab1.cs.unc.edu,file32B.txt,2015/09/30 04:14:03,2015/09/30 04:14:03,479.000000
ebb.colgate.edu,planetlab1.cs.unc.edu,file1KB.txt,2015/09/30 04:14:03,2015/09/30 04:14:04,1721.000000
ebb.colgate.edu,planetlab1.cs.unc.edu,file256KB.txt,2015/09/30 04:14:04,2015/09/30 04:14:45,41059.000000
ebb.colgate.edu,planetlab1.cs.unc.edu,file512KB.txt,2015/09/30 04:14:45,2015/09/30 04:16:11,85599.000000
ebb.colgate.edu,planetlab1.cs.unc.edu,file1MB.txt,2015/09/30 04:16:11,2015/09/30 04:18:36,145360.000000
kc-sce-plab2.umkc.edu,planetlab1.cs.unc.edu,file32B.txt,2015/09/30 04:18:36,2015/09/30 04:18:36,816.000000
kc-sce-plab2.umkc.edu,planetlab1.cs.unc.edu,file1KB.txt,2015/09/30 04:18:36,2015/09/30 04:18:37,1014.000000
kc-sce-plab2.umkc.edu,planetlab1.cs.unc.edu,file256KB.txt,2015/09/30 04:18:37,2015/09/30 04:19:56,79847.000000
kc-sce-plab2.umkc.edu,planetlab1.cs.unc.edu,file512KB.txt,2015/09/30 04:19:56,2015/09/30 04:23:30,213449.000000
kc-sce-plab2.umkc.edu,planetlab1.cs.unc.edu,file1MB.txt,2015/09/30 04:23:30,2015/09/30 04:28:53,323498.000000
node1.planetlab.mathcs.emory.edu,planetlab1.cs.unc.edu,file32B.txt,2015/09/30 04:28:53,2015/09/30 04:28:53,85.000000
node1.planetlab.mathcs.emory.edu,planetlab1.cs.unc.edu,file1KB.txt,2015/09/30 04:28:53,2015/09/30 04:28:53,97.000000
node1.planetlab.mathcs.emory.edu,planetlab1.cs.unc.edu,file256KB.txt,2015/09/30 04:28:53,2015/09/30 04:29:00,6990.000000
node1.planetlab.mathcs.emory.edu,planetlab1.cs.unc.edu,file512KB.txt,2015/09/30 04:29:00,2015/09/30 04:29:14,14044.000000
node1.planetlab.mathcs.emory.edu,planetlab1.cs.unc.edu,file1MB.txt,2015/09/30 04:29:14,2015/09/30 04:29:41,26734.000000
pl3.cs.unm.edu,planetlab1.cs.unc.edu,file32B.txt,2015/09/30 04:30:02,2015/09/30 04:30:03,1472.000000
pl3.cs.unm.edu,planetlab1.cs.unc.edu,file1KB.txt,2015/09/30 04:30:03,2015/09/30 04:30:03,584.000000
pl3.cs.unm.edu,planetlab1.cs.unc.edu,file256KB.txt,2015/09/30 04:30:03,2015/09/30 04:30:44,40771.000000
pl3.cs.unm.edu,planetlab1.cs.unc.edu,file512KB.txt,2015/09/30 04:30:44,2015/09/30 04:32:09,85335.000000
pl3.cs.unm.edu,planetlab1.cs.unc.edu,file1MB.txt,2015/09/30 04:32:09,2015/09/30 04:34:57,168513.000000
plab3.eece.ksu.edu,planetlab1.cs.unc.edu,file32B.txt,2015/09/30 04:34:57,2015/09/30 04:34:57,347.000000
plab3.eece.ksu.edu,planetlab1.cs.unc.edu,file1KB.txt,2015/09/30 04:34:57,2015/09/30 04:34:57,298.000000
plab3.eece.ksu.edu,planetlab1.cs.unc.edu,file256KB.txt,2015/09/30 04:34:57,2015/09/30 04:35:19,21980.000000
plab3.eece.ksu.edu,planetlab1.cs.unc.edu,file512KB.txt,2015/09/30 04:35:19,2015/09/30 04:36:03,44201.000000
plab3.eece.ksu.edu,planetlab1.cs.unc.edu,file1MB.txt,2015/09/30 04:36:03,2015/09/30 04:37:30,87304.000000
planetlab-02.bu.edu,planetlab1.cs.unc.edu,file32B.txt,2015/09/30 04:37:30,2015/09/30 04:37:30,225.000000
planetlab-02.bu.edu,planetlab1.cs.unc.edu,file1KB.txt,2015/09/30 04:37:30,2015/09/30 04:37:30,231.000000
planetlab-02.bu.edu,planetlab1.cs.unc.edu,file256KB.txt,2015/09/30 04:37:30,2015/09/30 04:37:47,17483.000000
planetlab-02.bu.edu,planetlab1.cs.unc.edu,file512KB.txt,2015/09/30 04:37:47,2015/09/30 04:38:19,31539.000000
planetlab-02.bu.edu,planetlab1.cs.unc.edu,file1MB.txt,2015/09/30 04:38:19,2015/09/30 04:39:24,-65577.000000
planetlab1.clemson.edu,planetlab1.cs.unc.edu,file32B.txt,2015/09/30 04:39:45,2015/09/30 04:39:45,130.000000
planetlab1.clemson.edu,planetlab1.cs.unc.edu,file1KB.txt,2015/09/30 04:39:45,2015/09/30 04:39:45,151.000000
planetlab1.clemson.edu,planetlab1.cs.unc.edu,file256KB.txt,2015/09/30 04:39:45,2015/09/30 04:39:56,11307.000000
planetlab1.clemson.edu,planetlab1.cs.unc.edu,file512KB.txt,2015/09/30 04:39:56,2015/09/30 04:40:17,20619.000000
planetlab1.clemson.edu,planetlab1.cs.unc.edu,file1MB.txt,2015/09/30 04:40:17,2015/09/30 04:41:00,43564.000000
planetlab1.cs.du.edu,planetlab1.cs.unc.edu,file32B.txt,2015/09/30 04:41:00,2015/09/30 04:41:00,319.000000
planetlab1.cs.du.edu,planetlab1.cs.unc.edu,file1KB.txt,2015/09/30 04:41:00,2015/09/30 04:41:00,369.000000
planetlab1.cs.du.edu,planetlab1.cs.unc.edu,file256KB.txt,2015/09/30 04:41:00,2015/09/30 04:41:27,26853.000000
planetlab1.cs.du.edu,planetlab1.cs.unc.edu,file512KB.txt,2015/09/30 04:41:27,2015/09/30 04:42:21,54127.000000
planetlab1.cs.du.edu,planetlab1.cs.unc.edu,file1MB.txt,2015/09/30 04:42:21,2015/09/30 04:44:09,108478.000000
planetlab-1.cse.ohio-state.edu,planetlab1.cs.unc.edu,file32B.txt,2015/09/30 04:44:09,2015/09/30 04:44:11,2387.000000
planetlab-1.cse.ohio-state.edu,planetlab1.cs.unc.edu,file1KB.txt,2015/09/30 04:44:11,2015/09/30 04:44:13,1126.000000
planetlab-1.cse.ohio-state.edu,planetlab1.cs.unc.edu,file256KB.txt,2015/09/30 04:44:13,2015/09/30 04:59:25,912151.000000
planetlab-1.cse.ohio-state.edu,planetlab1.cs.unc.edu,file512KB.txt,2015/09/30 04:59:25,2015/09/30 05:41:36,-1763773.000000
planetlab-1.cse.ohio-state.edu,planetlab1.cs.unc.edu,file1MB.txt,2015/09/30 05:41:36,2015/09/30 07:11:13,-1081916.000000
planetlab1.cs.okstate.edu,planetlab1.cs.unc.edu,file32B.txt,2015/09/30 07:11:13,2015/09/30 07:11:14,1677.000000
planetlab1.cs.okstate.edu,planetlab1.cs.unc.edu,file1KB.txt,2015/09/30 07:11:14,2015/09/30 07:11:14,331.000000
planetlab1.cs.okstate.edu,planetlab1.cs.unc.edu,file256KB.txt,2015/09/30 07:11:14,2015/09/30 07:11:37,22469.000000
planetlab1.cs.okstate.edu,planetlab1.cs.unc.edu,file512KB.txt,2015/09/30 07:11:37,2015/09/30 07:12:24,47348.000000
planetlab1.cs.okstate.edu,planetlab1.cs.unc.edu,file1MB.txt,2015/09/30 07:12:24,2015/09/30 07:13:57,92908.000000
planetlab1.cs.ucla.edu,planetlab1.cs.unc.edu,file32B.txt,2015/09/30 07:13:57,2015/09/30 07:13:58,1523.000000
planetlab1.cs.ucla.edu,planetlab1.cs.unc.edu,file1KB.txt,2015/09/30 07:13:58,2015/09/30 07:13:58,513.000000
planetlab1.cs.ucla.edu,planetlab1.cs.unc.edu,file256KB.txt,2015/09/30 07:13:58,2015/09/30 07:14:36,38560.000000
planetlab1.cs.ucla.edu,planetlab1.cs.unc.edu,file512KB.txt,2015/09/30 07:14:36,2015/09/30 07:15:51,74758.000000
planetlab1.cs.ucla.edu,planetlab1.cs.unc.edu,file1MB.txt,2015/09/30 07:15:51,2015/09/30 07:18:22,151207.000000
planetlab1.csuohio.edu,planetlab1.cs.unc.edu,file32B.txt,2015/09/30 07:18:22,2015/09/30 07:18:22,293.000000
planetlab1.csuohio.edu,planetlab1.cs.unc.edu,file1KB.txt,2015/09/30 07:18:22,2015/09/30 07:18:22,327.000000
planetlab1.csuohio.edu,planetlab1.cs.unc.edu,file256KB.txt,2015/09/30 07:18:22,2015/09/30 07:18:44,22340.000000
planetlab1.csuohio.edu,planetlab1.cs.unc.edu,file512KB.txt,2015/09/30 07:18:44,2015/09/30 07:19:27,43108.000000
planetlab1.csuohio.edu,planetlab1.cs.unc.edu,file1MB.txt,2015/09/30 07:19:27,2015/09/30 07:20:52,84842.000000
planetlab1.ucsd.edu,planetlab1.cs.unc.edu,file32B.txt,2015/09/30 07:21:13,2015/09/30 07:21:14,1461.000000
planetlab1.ucsd.edu,planetlab1.cs.unc.edu,file1KB.txt,2015/09/30 07:21:14,2015/09/30 07:21:14,544.000000
planetlab1.ucsd.edu,planetlab1.cs.unc.edu,file256KB.txt,2015/09/30 07:21:14,2015/09/30 07:21:54,39992.000000
planetlab1.ucsd.edu,planetlab1.cs.unc.edu,file512KB.txt,2015/09/30 07:21:54,2015/09/30 07:23:14,80632.000000
planetlab1.ucsd.edu,planetlab1.cs.unc.edu,file1MB.txt,2015/09/30 07:23:14,2015/09/30 07:25:52,157865.000000
planetlab2.acis.ufl.edu,planetlab1.cs.unc.edu,file32B.txt,2015/09/30 07:25:52,2015/09/30 07:25:52,424.000000
planetlab2.acis.ufl.edu,planetlab1.cs.unc.edu,file1KB.txt,2015/09/30 07:25:52,2015/09/30 07:25:53,1638.000000
planetlab2.acis.ufl.edu,planetlab1.cs.unc.edu,file256KB.txt,2015/09/30 07:25:53,2015/09/30 07:26:19,25747.000000
planetlab2.arizona-gigapop.net,planetlab1.cs.unc.edu,file32B.txt,2015/09/30 07:26:40,2015/09/30 07:26:40,430.000000
planetlab2.arizona-gigapop.net,planetlab1.cs.unc.edu,file1KB.txt,2015/09/30 07:26:40,2015/09/30 07:26:41,1521.000000
planetlab2.arizona-gigapop.net,planetlab1.cs.unc.edu,file256KB.txt,2015/09/30 07:26:41,2015/09/30 07:27:16,34914.000000
planetlab2.arizona-gigapop.net,planetlab1.cs.unc.edu,file512KB.txt,2015/09/30 07:27:16,2015/09/30 07:28:26,70198.000000
planetlab2.arizona-gigapop.net,planetlab1.cs.unc.edu,file1MB.txt,2015/09/30 07:28:26,2015/09/30 07:30:45,138693.000000
planetlab2.citadel.edu,planetlab1.cs.unc.edu,file32B.txt,2015/09/30 07:30:45,2015/09/30 07:30:45,191.000000
planetlab2.citadel.edu,planetlab1.cs.unc.edu,file1KB.txt,2015/09/30 07:30:45,2015/09/30 07:30:45,162.000000
planetlab2.citadel.edu,planetlab1.cs.unc.edu,file256KB.txt,2015/09/30 07:30:45,2015/09/30 07:30:57,12501.000000
planetlab2.citadel.edu,planetlab1.cs.unc.edu,file512KB.txt,2015/09/30 07:30:57,2015/09/30 07:31:20,23131.000000
planetlab2.citadel.edu,planetlab1.cs.unc.edu,file1MB.txt,2015/09/30 07:31:20,2015/09/30 07:32:05,44202.000000
planetlab2.cs.pitt.edu,planetlab1.cs.unc.edu,file32B.txt,2015/09/30 07:32:06,2015/09/30 07:32:06,164.000000
planetlab2.cs.pitt.edu,planetlab1.cs.unc.edu,file1KB.txt,2015/09/30 07:32:06,2015/09/30 07:32:06,167.000000
planetlab2.cs.pitt.edu,planetlab1.cs.unc.edu,file256KB.txt,2015/09/30 07:32:06,2015/09/30 07:32:18,11739.000000
planetlab2.cs.pitt.edu,planetlab1.cs.unc.edu,file512KB.txt,2015/09/30 07:32:18,2015/09/30 07:32:44,26561.000000
planetlab2.cs.pitt.edu,planetlab1.cs.unc.edu,file1MB.txt,2015/09/30 07:32:44,2015/09/30 07:33:36,51650.000000
planetlab2.cs.purdue.edu,planetlab1.cs.unc.edu,file32B.txt,2015/09/30 07:33:36,2015/09/30 07:33:36,289.000000
planetlab2.cs.purdue.edu,planetlab1.cs.unc.edu,file1KB.txt,2015/09/30 07:33:36,2015/09/30 07:33:36,284.000000
planetlab2.cs.purdue.edu,planetlab1.cs.unc.edu,file256KB.txt,2015/09/30 07:33:36,2015/09/30 07:33:57,21639.000000
planetlab2.cs.purdue.edu,planetlab1.cs.unc.edu,file512KB.txt,2015/09/30 07:33:57,2015/09/30 07:34:43,45838.000000
planetlab2.cs.purdue.edu,planetlab1.cs.unc.edu,file1MB.txt,2015/09/30 07:34:43,2015/09/30 07:36:15,91893.000000
planetlab2.cs.uml.edu,planetlab1.cs.unc.edu,file32B.txt,2015/09/30 07:36:57,2015/09/30 07:36:58,1768.000000
planetlab2.cs.uml.edu,planetlab1.cs.unc.edu,file1KB.txt,2015/09/30 07:36:58,2015/09/30 07:36:58,214.000000
planetlab2.cs.uml.edu,planetlab1.cs.unc.edu,file256KB.txt,2015/09/30 07:36:58,2015/09/30 07:37:13,14768.000000
planetlab2.cs.uml.edu,planetlab1.cs.unc.edu,file512KB.txt,2015/09/30 07:37:13,2015/09/30 07:37:45,32282.000000
planetlab2.cs.uml.edu,planetlab1.cs.unc.edu,file1MB.txt,2015/09/30 07:37:45,2015/09/30 07:38:45,59283.000000
planetlab2.cs.unc.edu,planetlab1.cs.unc.edu,file32B.txt,2015/09/30 07:38:45,2015/09/30 07:38:45,15.000000
planetlab2.cs.unc.edu,planetlab1.cs.unc.edu,file1KB.txt,2015/09/30 07:38:45,2015/09/30 07:38:45,21.000000
planetlab2.cs.unc.edu,planetlab1.cs.unc.edu,file256KB.txt,2015/09/30 07:38:45,2015/09/30 07:38:47,2862.000000
planetlab2.cs.unc.edu,planetlab1.cs.unc.edu,file512KB.txt,2015/09/30 07:38:47,2015/09/30 07:38:49,2058.000000
planetlab2.cs.unc.edu,planetlab1.cs.unc.edu,file1MB.txt,2015/09/30 07:38:49,2015/09/30 07:38:53,3597.000000
planetlab2.cs.uoregon.edu,planetlab1.cs.unc.edu,file32B.txt,2015/09/30 07:38:53,2015/09/30 07:38:54,1418.000000
planetlab2.cs.uoregon.edu,planetlab1.cs.unc.edu,file1KB.txt,2015/09/30 07:38:54,2015/09/30 07:38:54,678.000000
planetlab2.cs.uoregon.edu,planetlab1.cs.unc.edu,file256KB.txt,2015/09/30 07:38:54,2015/09/30 07:39:44,49798.000000
planetlab2.cs.uoregon.edu,planetlab1.cs.unc.edu,file512KB.txt,2015/09/30 07:39:44,2015/09/30 07:41:23,99250.000000
planetlab2.cs.uoregon.edu,planetlab1.cs.unc.edu,file1MB.txt,2015/09/30 07:41:23,2015/09/30 07:44:41,198516.000000
planetlab2.temple.edu,planetlab1.cs.unc.edu,file32B.txt,2015/09/30 07:44:41,2015/09/30 07:44:41,165.000000
planetlab2.temple.edu,planetlab1.cs.unc.edu,file1KB.txt,2015/09/30 07:44:41,2015/09/30 07:44:41,117.000000
planetlab2.temple.edu,planetlab1.cs.unc.edu,file256KB.txt,2015/09/30 07:44:41,2015/09/30 07:44:49,7471.000000
planetlab2.temple.edu,planetlab1.cs.unc.edu,file512KB.txt,2015/09/30 07:44:49,2015/09/30 07:45:06,16951.000000
planetlab2.temple.edu,planetlab1.cs.unc.edu,file1MB.txt,2015/09/30 07:45:06,2015/09/30 07:45:40,34454.000000
planetlab2.unl.edu,planetlab1.cs.unc.edu,file32B.txt,2015/09/30 07:45:40,2015/09/30 07:45:41,1528.000000
planetlab2.unl.edu,planetlab1.cs.unc.edu,file1KB.txt,2015/09/30 07:45:41,2015/09/30 07:45:41,473.000000
planetlab2.unl.edu,planetlab1.cs.unc.edu,file256KB.txt,2015/09/30 07:45:41,2015/09/30 07:46:16,35343.000000
planetlab2.unl.edu,planetlab1.cs.unc.edu,file512KB.txt,2015/09/30 07:46:16,2015/09/30 07:47:25,68995.000000
planetlab2.unl.edu,planetlab1.cs.unc.edu,file1MB.txt,2015/09/30 07:47:25,2015/09/30 07:49:42,136245.000000
planetlab2.unr.edu,planetlab1.cs.unc.edu,file32B.txt,2015/09/30 07:49:42,2015/09/30 07:49:43,1391.000000
planetlab2.unr.edu,planetlab1.cs.unc.edu,file1KB.txt,2015/09/30 07:49:43,2015/09/30 07:49:44,1409.000000
planetlab2.unr.edu,planetlab1.cs.unc.edu,file256KB.txt,2015/09/30 07:49:44,2015/09/30 07:50:27,42609.000000
planetlab2.unr.edu,planetlab1.cs.unc.edu,file512KB.txt,2015/09/30 07:50:27,2015/09/30 07:51:53,86090.000000
planetlab2.unr.edu,planetlab1.cs.unc.edu,file1MB.txt,2015/09/30 07:51:53,2015/09/30 07:54:44,170634.000000
planetlab2.uta.edu,planetlab1.cs.unc.edu,file32B.txt,2015/09/30 07:54:44,2015/09/30 07:54:45,1683.000000
planetlab2.uta.edu,planetlab1.cs.unc.edu,file1KB.txt,2015/09/30 07:54:45,2015/09/30 07:54:45,296.000000
planetlab2.uta.edu,planetlab1.cs.unc.edu,file256KB.txt,2015/09/30 07:54:45,2015/09/30 07:55:07,22021.000000
planetlab2.uta.edu,planetlab1.cs.unc.edu,file512KB.txt,2015/09/30 07:55:07,2015/09/30 07:55:51,44003.000000
planetlab2.uta.edu,planetlab1.cs.unc.edu,file1MB.txt,2015/09/30 07:55:51,2015/09/30 07:57:18,86758.000000
planetlab2.utdallas.edu,planetlab1.cs.unc.edu,file32B.txt,2015/09/30 07:57:18,2015/09/30 07:57:18,328.000000
planetlab2.utdallas.edu,planetlab1.cs.unc.edu,file1KB.txt,2015/09/30 07:57:18,2015/09/30 07:57:19,1688.000000
planetlab2.utdallas.edu,planetlab1.cs.unc.edu,file256KB.txt,2015/09/30 07:57:19,2015/09/30 07:57:41,21333.000000
planetlab2.utdallas.edu,planetlab1.cs.unc.edu,file512KB.txt,2015/09/30 07:57:41,2015/09/30 07:58:26,45246.000000
planetlab2.utdallas.edu,planetlab1.cs.unc.edu,file1MB.txt,2015/09/30 07:58:26,2015/09/30 07:59:55,88703.000000
planetlab3.eecs.umich.edu,planetlab1.cs.unc.edu,file32B.txt,2015/09/30 07:59:55,2015/09/30 07:59:56,1715.000000
planetlab3.eecs.umich.edu,planetlab1.cs.unc.edu,file1KB.txt,2015/09/30 07:59:56,2015/09/30 07:59:56,248.000000
planetlab3.eecs.umich.edu,planetlab1.cs.unc.edu,file256KB.txt,2015/09/30 07:59:56,2015/09/30 08:00:14,17869.000000
planetlab3.eecs.umich.edu,planetlab1.cs.unc.edu,file512KB.txt,2015/09/30 08:00:14,2015/09/30 08:00:50,35704.000000
planetlab3.eecs.umich.edu,planetlab1.cs.unc.edu,file1MB.txt,2015/09/30 08:00:50,2015/09/30 08:02:02,72504.000000
planetlab3.rutgers.edu,planetlab1.cs.unc.edu,file32B.txt,2015/09/30 08:02:02,2015/09/30 08:02:02,196.000000
planetlab3.rutgers.edu,planetlab1.cs.unc.edu,file1KB.txt,2015/09/30 08:02:02,2015/09/30 08:02:02,147.000000
planetlab3.rutgers.edu,planetlab1.cs.unc.edu,file256KB.txt,2015/09/30 08:02:02,2015/09/30 08:02:13,11505.000000
planetlab3.rutgers.edu,planetlab1.cs.unc.edu,file512KB.txt,2015/09/30 08:02:13,2015/09/30 08:02:34,20727.000000
planetlab3.rutgers.edu,planetlab1.cs.unc.edu,file1MB.txt,2015/09/30 08:02:34,2015/09/30 08:03:16,42303.000000
planetlab3.wail.wisc.edu,planetlab1.cs.unc.edu,file32B.txt,2015/09/30 08:03:16,2015/09/30 08:03:16,335.000000
planetlab3.wail.wisc.edu,planetlab1.cs.unc.edu,file1KB.txt,2015/09/30 08:03:16,2015/09/30 08:03:16,321.000000
planetlab3.wail.wisc.edu,planetlab1.cs.unc.edu,file256KB.txt,2015/09/30 08:03:16,2015/09/30 08:03:40,24444.000000
planetlab3.wail.wisc.edu,planetlab1.cs.unc.edu,file512KB.txt,2015/09/30 08:03:40,2015/09/30 08:04:27,47224.000000
planetlab3.wail.wisc.edu,planetlab1.cs.unc.edu,file1MB.txt,2015/09/30 08:04:27,2015/09/30 08:06:00,92775.000000
planetlab4.tamu.edu,planetlab1.cs.unc.edu,file32B.txt,2015/09/30 08:06:00,2015/09/30 08:06:00,306.000000
planetlab4.tamu.edu,planetlab1.cs.unc.edu,file1KB.txt,2015/09/30 08:06:00,2015/09/30 08:06:01,1692.000000
planetlab4.tamu.edu,planetlab1.cs.unc.edu,file256KB.txt,2015/09/30 08:06:01,2015/09/30 08:06:23,21766.000000
planetlab4.tamu.edu,planetlab1.cs.unc.edu,file512KB.txt,2015/09/30 08:06:23,2015/09/30 08:07:07,43838.000000
planetlab4.tamu.edu,planetlab1.cs.unc.edu,file1MB.txt,2015/09/30 08:07:07,2015/09/30 08:08:40,92962.000000
planetlab-5.eecs.cwru.edu,planetlab1.cs.unc.edu,file32B.txt,2015/09/30 08:08:40,2015/09/30 08:08:40,159.000000
planetlab-5.eecs.cwru.edu,planetlab1.cs.unc.edu,file1KB.txt,2015/09/30 08:08:40,2015/09/30 08:08:40,146.000000
planetlab-5.eecs.cwru.edu,planetlab1.cs.unc.edu,file256KB.txt,2015/09/30 08:08:40,2015/09/30 08:08:51,11455.000000
planetlab-5.eecs.cwru.edu,planetlab1.cs.unc.edu,file512KB.txt,2015/09/30 08:08:51,2015/09/30 08:09:12,20968.000000
planetlab-5.eecs.cwru.edu,planetlab1.cs.unc.edu,file1MB.txt,2015/09/30 08:09:12,2015/09/30 08:09:54,41459.000000
planetlabone.ccs.neu.edu,planetlab1.cs.unc.edu,file32B.txt,2015/09/30 08:09:54,2015/09/30 08:09:55,1740.000000
planetlabone.ccs.neu.edu,planetlab1.cs.unc.edu,file1KB.txt,2015/09/30 08:09:55,2015/09/30 08:09:55,178.000000
planetlabone.ccs.neu.edu,planetlab1.cs.unc.edu,file256KB.txt,2015/09/30 08:09:55,2015/09/30 08:10:08,13198.000000
planetlabone.ccs.neu.edu,planetlab1.cs.unc.edu,file512KB.txt,2015/09/30 08:10:08,2015/09/30 08:10:33,24538.000000
planetlabone.ccs.neu.edu,planetlab1.cs.unc.edu,file1MB.txt,2015/09/30 08:10:33,2015/09/30 08:11:24,51384.000000
pl-node-0.csl.sri.com,planetlab1.cs.unc.edu,file32B.txt,2015/09/30 08:11:24,2015/09/30 08:11:24,473.000000
pl-node-0.csl.sri.com,planetlab1.cs.unc.edu,file1KB.txt,2015/09/30 08:11:24,2015/09/30 08:11:25,1415.000000
pl-node-0.csl.sri.com,planetlab1.cs.unc.edu,file256KB.txt,2015/09/30 08:11:25,2015/09/30 08:12:09,43717.000000
pl-node-0.csl.sri.com,planetlab1.cs.unc.edu,file512KB.txt,2015/09/30 08:12:09,2015/09/30 08:13:37,-87795.000000
pl-node-0.csl.sri.com,planetlab1.cs.unc.edu,file1MB.txt,2015/09/30 08:13:37,2015/09/30 08:16:32,174818.000000
ricepl-5.cs.rice.edu,planetlab1.cs.unc.edu,file32B.txt,2015/09/30 08:16:33,2015/09/30 08:16:33,231.000000
ricepl-5.cs.rice.edu,planetlab1.cs.unc.edu,file1KB.txt,2015/09/30 08:16:33,2015/09/30 08:16:33,271.000000
ricepl-5.cs.rice.edu,planetlab1.cs.unc.edu,file256KB.txt,2015/09/30 08:16:33,2015/09/30 08:16:53,20389.000000
ricepl-5.cs.rice.edu,planetlab1.cs.unc.edu,file512KB.txt,2015/09/30 08:16:53,2015/09/30 08:17:31,37406.000000
ricepl-5.cs.rice.edu,planetlab1.cs.unc.edu,file1MB.txt,2015/09/30 08:17:31,2015/09/30 08:18:55,84382.000000
salt.planetlab.cs.umd.edu,planetlab1.cs.unc.edu,file32B.txt,2015/09/30 08:18:55,2015/09/30 08:18:55,108.000000
salt.planetlab.cs.umd.edu,planetlab1.cs.unc.edu,file1KB.txt,2015/09/30 08:18:55,2015/09/30 08:18:55,101.000000
salt.planetlab.cs.umd.edu,planetlab1.cs.unc.edu,file256KB.txt,2015/09/30 08:18:55,2015/09/30 08:19:02,6851.000000
salt.planetlab.cs.umd.edu,planetlab1.cs.unc.edu,file512KB.txt,2015/09/30 08:19:02,2015/09/30 08:19:16,13824.000000
salt.planetlab.cs.umd.edu,planetlab1.cs.unc.edu,file1MB.txt,2015/09/30 08:19:16,2015/09/30 08:19:45,29795.000000
pl1.eecs.utk.edu,planetlab1.cs.unc.edu,file32B.txt,2015/09/30 08:19:45,2015/09/30 08:19:45,359.000000
pl1.eecs.utk.edu,planetlab1.cs.unc.edu,file1KB.txt,2015/09/30 08:19:45,2015/09/30 08:19:45,398.000000
pl1.eecs.utk.edu,planetlab1.cs.unc.edu,file256KB.txt,2015/09/30 08:19:45,2015/09/30 08:20:28,43925.000000
pl1.eecs.utk.edu,planetlab1.cs.unc.edu,file512KB.txt,2015/09/30 08:20:28,2015/09/30 08:22:13,104247.000000
pl1.eecs.utk.edu,planetlab1.cs.unc.edu,file1MB.txt,2015/09/30 08:22:13,2015/09/30 08:24:24,131310.000000
planetlab-01.vt.nodes.planet-lab.org,planetlab1.cs.unc.edu,file32B.txt,2015/09/30 08:24:24,2015/09/30 08:24:24,213.000000
planetlab-01.vt.nodes.planet-lab.org,planetlab1.cs.unc.edu,file1KB.txt,2015/09/30 08:24:24,2015/09/30 08:24:24,200.000000
planetlab-01.vt.nodes.planet-lab.org,planetlab1.cs.unc.edu,file256KB.txt,2015/09/30 08:24:24,2015/09/30 08:24:39,15548.000000
planetlab-01.vt.nodes.planet-lab.org,planetlab1.cs.unc.edu,file512KB.txt,2015/09/30 08:24:39,2015/09/30 08:25:08,29054.000000
planetlab-01.vt.nodes.planet-lab.org,planetlab1.cs.unc.edu,file1MB.txt,2015/09/30 08:25:08,2015/09/30 08:26:05,56570.000000
planetlab-04.vt.nodes.planet-lab.org,planetlab1.cs.unc.edu,file32B.txt,2015/09/30 08:26:05,2015/09/30 08:26:05,244.000000
planetlab-04.vt.nodes.planet-lab.org,planetlab1.cs.unc.edu,file1KB.txt,2015/09/30 08:26:05,2015/09/30 08:26:06,1802.000000
planetlab-04.vt.nodes.planet-lab.org,planetlab1.cs.unc.edu,file256KB.txt,2015/09/30 08:26:06,2015/09/30 08:26:20,13624.000000
planetlab-04.vt.nodes.planet-lab.org,planetlab1.cs.unc.edu,file512KB.txt,2015/09/30 08:26:20,2015/09/30 08:26:49,29388.000000
planetlab-04.vt.nodes.planet-lab.org,planetlab1.cs.unc.edu,file1MB.txt,2015/09/30 08:26:49,2015/09/30 08:27:46,56901.000000
planetlab-4.eecs.cwru.edu,planetlab1.cs.unc.edu,file32B.txt,2015/09/30 08:27:46,2015/09/30 08:27:46,146.000000
planetlab-4.eecs.cwru.edu,planetlab1.cs.unc.edu,file1KB.txt,2015/09/30 08:27:46,2015/09/30 08:27:46,146.000000
planetlab-4.eecs.cwru.edu,planetlab1.cs.unc.edu,file256KB.txt,2015/09/30 08:27:46,2015/09/30 08:27:57,11425.000000
planetlab-4.eecs.cwru.edu,planetlab1.cs.unc.edu,file512KB.txt,2015/09/30 08:27:57,2015/09/30 08:28:18,20979.000000
planetlab-4.eecs.cwru.edu,planetlab1.cs.unc.edu,file1MB.txt,2015/09/30 08:28:18,2015/09/30 08:29:00,42049.000000
planetlab01.cs.washington.edu,planetlab1.cs.unc.edu,file32B.txt,2015/09/30 08:29:00,2015/09/30 08:29:00,476.000000
planetlab01.cs.washington.edu,planetlab1.cs.unc.edu,file1KB.txt,2015/09/30 08:29:00,2015/09/30 08:29:01,1436.000000
planetlab01.cs.washington.edu,planetlab1.cs.unc.edu,file256KB.txt,2015/09/30 08:29:01,2015/09/30 08:29:41,39167.000000
planetlab01.cs.washington.edu,planetlab1.cs.unc.edu,file512KB.txt,2015/09/30 08:29:41,2015/09/30 08:31:03,82731.000000
planetlab01.cs.washington.edu,planetlab1.cs.unc.edu,file1MB.txt,2015/09/30 08:31:03,2015/09/30 08:33:45,161943.000000
planetlab02.cs.washington.edu,planetlab1.cs.unc.edu,file32B.txt,2015/09/30 08:33:45,2015/09/30 08:33:45,478.000000
planetlab02.cs.washington.edu,planetlab1.cs.unc.edu,file1KB.txt,2015/09/30 08:33:45,2015/09/30 08:33:46,1442.000000
planetlab02.cs.washington.edu,planetlab1.cs.unc.edu,file256KB.txt,2015/09/30 08:33:46,2015/09/30 08:34:27,41104.000000
planetlab02.cs.washington.edu,planetlab1.cs.unc.edu,file512KB.txt,2015/09/30 08:34:27,2015/09/30 08:35:48,80518.000000
planetlab02.cs.washington.edu,planetlab1.cs.unc.edu,file1MB.txt,2015/09/30 08:35:48,2015/09/30 08:38:31,163378.000000
planetlab1.arizona-gigapop.net,planetlab1.cs.unc.edu,file32B.txt,2015/09/30 08:38:31,2015/09/30 08:38:31,487.000000
planetlab1.arizona-gigapop.net,planetlab1.cs.unc.edu,file1KB.txt,2015/09/30 08:38:31,2015/09/30 08:38:32,1523.000000
planetlab1.arizona-gigapop.net,planetlab1.cs.unc.edu,file256KB.txt,2015/09/30 08:38:32,2015/09/30 08:39:07,35085.000000
planetlab1.arizona-gigapop.net,planetlab1.cs.unc.edu,file512KB.txt,2015/09/30 08:39:07,2015/09/30 08:40:16,68498.000000
planetlab1.arizona-gigapop.net,planetlab1.cs.unc.edu,file1MB.txt,2015/09/30 08:40:16,2015/09/30 08:42:35,139028.000000
planetlab1.cs.unc.edu,planetlab1.cs.unc.edu,file32B.txt,2015/09/30 08:42:35,2015/09/30 08:42:35,8.000000
planetlab1.cs.unc.edu,planetlab1.cs.unc.edu,file1KB.txt,2015/09/30 08:42:35,2015/09/30 08:42:35,10.000000
planetlab1.cs.unc.edu,planetlab1.cs.unc.edu,file256KB.txt,2015/09/30 08:42:35,2015/09/30 08:42:36,1569.000000
planetlab1.cs.unc.edu,planetlab1.cs.unc.edu,file512KB.txt,2015/09/30 08:42:36,2015/09/30 08:42:36,825.000000
planetlab1.cs.unc.edu,planetlab1.cs.unc.edu,file1MB.txt,2015/09/30 08:42:36,2015/09/30 08:42:38,2371.000000
