ebb.colgate.edu,node1.planetlab.mathcs.emory.edu,file32B.txt,2015/09/30 04:11:44,2015/09/30 04:11:44,277.000000
ebb.colgate.edu,node1.planetlab.mathcs.emory.edu,file1KB.txt,2015/09/30 04:11:44,2015/09/30 04:11:44,261.000000
ebb.colgate.edu,node1.planetlab.mathcs.emory.edu,file256KB.txt,2015/09/30 04:11:44,2015/09/30 04:12:27,42880.000000
ebb.colgate.edu,node1.planetlab.mathcs.emory.edu,file512KB.txt,2015/09/30 04:12:27,2015/09/30 04:13:41,74472.000000
ebb.colgate.edu,node1.planetlab.mathcs.emory.edu,file1MB.txt,2015/09/30 04:13:41,2015/09/30 04:16:17,156133.000000
kc-sce-plab2.umkc.edu,node1.planetlab.mathcs.emory.edu,file32B.txt,2015/09/30 04:16:17,2015/09/30 04:16:17,243.000000
kc-sce-plab2.umkc.edu,node1.planetlab.mathcs.emory.edu,file1KB.txt,2015/09/30 04:16:17,2015/09/30 04:16:17,226.000000
kc-sce-plab2.umkc.edu,node1.planetlab.mathcs.emory.edu,file256KB.txt,2015/09/30 04:16:17,2015/09/30 04:16:39,22183.000000
kc-sce-plab2.umkc.edu,node1.planetlab.mathcs.emory.edu,file512KB.txt,2015/09/30 04:16:39,2015/09/30 04:17:51,72149.000000
kc-sce-plab2.umkc.edu,node1.planetlab.mathcs.emory.edu,file1MB.txt,2015/09/30 04:17:51,2015/09/30 04:23:40,348581.000000
node1.planetlab.mathcs.emory.edu,node1.planetlab.mathcs.emory.edu,file32B.txt,2015/09/30 04:23:40,2015/09/30 04:23:40,1.000000
node1.planetlab.mathcs.emory.edu,node1.planetlab.mathcs.emory.edu,file1KB.txt,2015/09/30 04:23:40,2015/09/30 04:23:40,0.000000
node1.planetlab.mathcs.emory.edu,node1.planetlab.mathcs.emory.edu,file256KB.txt,2015/09/30 04:23:40,2015/09/30 04:23:40,22.000000
node1.planetlab.mathcs.emory.edu,node1.planetlab.mathcs.emory.edu,file512KB.txt,2015/09/30 04:23:40,2015/09/30 04:23:40,43.000000
node1.planetlab.mathcs.emory.edu,node1.planetlab.mathcs.emory.edu,file1MB.txt,2015/09/30 04:23:40,2015/09/30 04:23:41,1912.000000
pl3.cs.unm.edu,node1.planetlab.mathcs.emory.edu,file32B.txt,2015/09/30 04:24:02,2015/09/30 04:24:02,409.000000
pl3.cs.unm.edu,node1.planetlab.mathcs.emory.edu,file1KB.txt,2015/09/30 04:24:02,2015/09/30 04:24:02,349.000000
pl3.cs.unm.edu,node1.planetlab.mathcs.emory.edu,file256KB.txt,2015/09/30 04:24:02,2015/09/30 04:24:28,26170.000000
pl3.cs.unm.edu,node1.planetlab.mathcs.emory.edu,file512KB.txt,2015/09/30 04:24:28,2015/09/30 04:25:21,53226.000000
pl3.cs.unm.edu,node1.planetlab.mathcs.emory.edu,file1MB.txt,2015/09/30 04:25:21,2015/09/30 04:27:04,103500.000000
plab3.eece.ksu.edu,node1.planetlab.mathcs.emory.edu,file32B.txt,2015/09/30 04:27:04,2015/09/30 04:27:04,265.000000
plab3.eece.ksu.edu,node1.planetlab.mathcs.emory.edu,file1KB.txt,2015/09/30 04:27:04,2015/09/30 04:27:04,268.000000
plab3.eece.ksu.edu,node1.planetlab.mathcs.emory.edu,file256KB.txt,2015/09/30 04:27:04,2015/09/30 04:27:22,18177.000000
plab3.eece.ksu.edu,node1.planetlab.mathcs.emory.edu,file512KB.txt,2015/09/30 04:27:22,2015/09/30 04:27:57,34544.000000
plab3.eece.ksu.edu,node1.planetlab.mathcs.emory.edu,file1MB.txt,2015/09/30 04:27:57,2015/09/30 04:29:09,72250.000000
planetlab-02.bu.edu,node1.planetlab.mathcs.emory.edu,file32B.txt,2015/09/30 04:29:09,2015/09/30 04:29:09,237.000000
planetlab-02.bu.edu,node1.planetlab.mathcs.emory.edu,file1KB.txt,2015/09/30 04:29:09,2015/09/30 04:29:10,1777.000000
planetlab-02.bu.edu,node1.planetlab.mathcs.emory.edu,file256KB.txt,2015/09/30 04:29:10,2015/09/30 04:29:26,15819.000000
planetlab-02.bu.edu,node1.planetlab.mathcs.emory.edu,file512KB.txt,2015/09/30 04:29:26,2015/09/30 04:29:58,31822.000000
planetlab-02.bu.edu,node1.planetlab.mathcs.emory.edu,file1MB.txt,2015/09/30 04:29:58,2015/09/30 04:31:04,65728.000000
planetlab1.clemson.edu,node1.planetlab.mathcs.emory.edu,file32B.txt,2015/09/30 04:31:26,2015/09/30 04:31:26,125.000000
planetlab1.clemson.edu,node1.planetlab.mathcs.emory.edu,file1KB.txt,2015/09/30 04:31:26,2015/09/30 04:31:26,33.000000
planetlab1.clemson.edu,node1.planetlab.mathcs.emory.edu,file256KB.txt,2015/09/30 04:31:26,2015/09/30 04:31:28,1624.000000
planetlab1.clemson.edu,node1.planetlab.mathcs.emory.edu,file512KB.txt,2015/09/30 04:31:28,2015/09/30 04:31:33,5361.000000
planetlab1.clemson.edu,node1.planetlab.mathcs.emory.edu,file1MB.txt,2015/09/30 04:31:33,2015/09/30 04:31:42,8524.000000
planetlab1.cs.du.edu,node1.planetlab.mathcs.emory.edu,file32B.txt,2015/09/30 04:32:03,2015/09/30 04:32:04,1724.000000
planetlab1.cs.du.edu,node1.planetlab.mathcs.emory.edu,file1KB.txt,2015/09/30 04:32:04,2015/09/30 04:32:04,298.000000
planetlab1.cs.du.edu,node1.planetlab.mathcs.emory.edu,file256KB.txt,2015/09/30 04:32:04,2015/09/30 04:32:26,22038.000000
planetlab1.cs.du.edu,node1.planetlab.mathcs.emory.edu,file512KB.txt,2015/09/30 04:32:26,2015/09/30 04:33:10,43799.000000
planetlab1.cs.du.edu,node1.planetlab.mathcs.emory.edu,file1MB.txt,2015/09/30 04:33:10,2015/09/30 04:34:38,88467.000000
planetlab1.cs.okstate.edu,node1.planetlab.mathcs.emory.edu,file32B.txt,2015/09/30 04:34:59,2015/09/30 04:34:59,309.000000
planetlab1.cs.okstate.edu,node1.planetlab.mathcs.emory.edu,file1KB.txt,2015/09/30 04:34:59,2015/09/30 04:34:59,263.000000
planetlab1.cs.okstate.edu,node1.planetlab.mathcs.emory.edu,file256KB.txt,2015/09/30 04:34:59,2015/09/30 04:35:20,21492.000000
planetlab1.cs.okstate.edu,node1.planetlab.mathcs.emory.edu,file512KB.txt,2015/09/30 04:35:20,2015/09/30 04:35:59,38787.000000
planetlab1.cs.okstate.edu,node1.planetlab.mathcs.emory.edu,file1MB.txt,2015/09/30 04:35:59,2015/09/30 04:37:17,77649.000000
planetlab1.cs.ucla.edu,node1.planetlab.mathcs.emory.edu,file32B.txt,2015/09/30 04:37:17,2015/09/30 04:37:18,1578.000000
planetlab1.cs.ucla.edu,node1.planetlab.mathcs.emory.edu,file1KB.txt,2015/09/30 04:37:18,2015/09/30 04:37:18,413.000000
planetlab1.cs.ucla.edu,node1.planetlab.mathcs.emory.edu,file256KB.txt,2015/09/30 04:37:18,2015/09/30 04:37:49,30899.000000
planetlab1.cs.ucla.edu,node1.planetlab.mathcs.emory.edu,file512KB.txt,2015/09/30 04:37:49,2015/09/30 04:38:51,-62777.000000
planetlab1.cs.ucla.edu,node1.planetlab.mathcs.emory.edu,file1MB.txt,2015/09/30 04:38:51,2015/09/30 04:40:52,120483.000000
planetlab1.csuohio.edu,node1.planetlab.mathcs.emory.edu,file32B.txt,2015/09/30 04:40:52,2015/09/30 04:40:52,301.000000
planetlab1.csuohio.edu,node1.planetlab.mathcs.emory.edu,file1KB.txt,2015/09/30 04:40:52,2015/09/30 04:40:53,1752.000000
planetlab1.csuohio.edu,node1.planetlab.mathcs.emory.edu,file256KB.txt,2015/09/30 04:40:53,2015/09/30 04:41:11,17304.000000
planetlab1.csuohio.edu,node1.planetlab.mathcs.emory.edu,file512KB.txt,2015/09/30 04:41:11,2015/09/30 04:41:48,37022.000000
planetlab1.csuohio.edu,node1.planetlab.mathcs.emory.edu,file1MB.txt,2015/09/30 04:41:48,2015/09/30 04:43:02,74144.000000
planetlab1.ucsd.edu,node1.planetlab.mathcs.emory.edu,file32B.txt,2015/09/30 04:43:23,2015/09/30 04:43:24,1482.000000
planetlab1.ucsd.edu,node1.planetlab.mathcs.emory.edu,file1KB.txt,2015/09/30 04:43:24,2015/09/30 04:43:24,432.000000
planetlab1.ucsd.edu,node1.planetlab.mathcs.emory.edu,file256KB.txt,2015/09/30 04:43:24,2015/09/30 04:43:56,32280.000000
planetlab1.ucsd.edu,node1.planetlab.mathcs.emory.edu,file512KB.txt,2015/09/30 04:43:56,2015/09/30 04:44:59,62590.000000
planetlab1.ucsd.edu,node1.planetlab.mathcs.emory.edu,file1MB.txt,2015/09/30 04:44:59,2015/09/30 04:47:06,127588.000000
planetlab2.acis.ufl.edu,node1.planetlab.mathcs.emory.edu,file32B.txt,2015/09/30 04:47:06,2015/09/30 04:47:06,172.000000
planetlab2.acis.ufl.edu,node1.planetlab.mathcs.emory.edu,file1KB.txt,2015/09/30 04:47:06,2015/09/30 04:47:06,113.000000
planetlab2.acis.ufl.edu,node1.planetlab.mathcs.emory.edu,file256KB.txt,2015/09/30 04:47:06,2015/09/30 04:47:14,7884.000000
planetlab2.acis.ufl.edu,node1.planetlab.mathcs.emory.edu,file512KB.txt,2015/09/30 04:47:14,2015/09/30 04:47:32,17926.000000
planetlab2.acis.ufl.edu,node1.planetlab.mathcs.emory.edu,file1MB.txt,2015/09/30 04:47:32,2015/09/30 04:48:05,33646.000000
planetlab2.arizona-gigapop.net,node1.planetlab.mathcs.emory.edu,file32B.txt,2015/09/30 04:48:05,2015/09/30 04:48:05,476.000000
planetlab2.arizona-gigapop.net,node1.planetlab.mathcs.emory.edu,file1KB.txt,2015/09/30 04:48:05,2015/09/30 04:48:05,356.000000
planetlab2.arizona-gigapop.net,node1.planetlab.mathcs.emory.edu,file256KB.txt,2015/09/30 04:48:05,2015/09/30 04:48:31,26192.000000
planetlab2.arizona-gigapop.net,node1.planetlab.mathcs.emory.edu,file512KB.txt,2015/09/30 04:48:31,2015/09/30 04:49:23,52639.000000
planetlab2.arizona-gigapop.net,node1.planetlab.mathcs.emory.edu,file1MB.txt,2015/09/30 04:49:23,2015/09/30 04:51:07,103404.000000
planetlab2.citadel.edu,node1.planetlab.mathcs.emory.edu,file32B.txt,2015/09/30 04:51:07,2015/09/30 04:51:07,94.000000
planetlab2.citadel.edu,node1.planetlab.mathcs.emory.edu,file1KB.txt,2015/09/30 04:51:07,2015/09/30 04:51:07,90.000000
planetlab2.citadel.edu,node1.planetlab.mathcs.emory.edu,file256KB.txt,2015/09/30 04:51:07,2015/09/30 04:51:14,7599.000000
planetlab2.citadel.edu,node1.planetlab.mathcs.emory.edu,file512KB.txt,2015/09/30 04:51:14,2015/09/30 04:51:27,13151.000000
planetlab2.citadel.edu,node1.planetlab.mathcs.emory.edu,file1MB.txt,2015/09/30 04:51:27,2015/09/30 04:51:52,24601.000000
planetlab2.cs.pitt.edu,node1.planetlab.mathcs.emory.edu,file32B.txt,2015/09/30 04:51:52,2015/09/30 04:51:52,190.000000
planetlab2.cs.pitt.edu,node1.planetlab.mathcs.emory.edu,file1KB.txt,2015/09/30 04:51:52,2015/09/30 04:51:52,163.000000
planetlab2.cs.pitt.edu,node1.planetlab.mathcs.emory.edu,file256KB.txt,2015/09/30 04:51:52,2015/09/30 04:52:04,11947.000000
planetlab2.cs.pitt.edu,node1.planetlab.mathcs.emory.edu,file512KB.txt,2015/09/30 04:52:04,2015/09/30 04:52:28,24154.000000
planetlab2.cs.pitt.edu,node1.planetlab.mathcs.emory.edu,file1MB.txt,2015/09/30 04:52:28,2015/09/30 04:53:16,48409.000000
planetlab2.cs.purdue.edu,node1.planetlab.mathcs.emory.edu,file32B.txt,2015/09/30 04:53:16,2015/09/30 04:53:16,280.000000
planetlab2.cs.purdue.edu,node1.planetlab.mathcs.emory.edu,file1KB.txt,2015/09/30 04:53:16,2015/09/30 04:53:17,1703.000000
planetlab2.cs.purdue.edu,node1.planetlab.mathcs.emory.edu,file256KB.txt,2015/09/30 04:53:17,2015/09/30 04:53:37,19505.000000
planetlab2.cs.purdue.edu,node1.planetlab.mathcs.emory.edu,file512KB.txt,2015/09/30 04:53:37,2015/09/30 04:54:16,38606.000000
planetlab2.cs.purdue.edu,node1.planetlab.mathcs.emory.edu,file1MB.txt,2015/09/30 04:54:16,2015/09/30 04:55:38,82740.000000
planetlab2.cs.uml.edu,node1.planetlab.mathcs.emory.edu,file32B.txt,2015/09/30 04:56:20,2015/09/30 04:56:20,379.000000
planetlab2.cs.uml.edu,node1.planetlab.mathcs.emory.edu,file1KB.txt,2015/09/30 04:56:20,2015/09/30 04:56:21,1674.000000
planetlab2.cs.uml.edu,node1.planetlab.mathcs.emory.edu,file256KB.txt,2015/09/30 04:56:21,2015/09/30 04:56:45,23750.000000
planetlab2.cs.uml.edu,node1.planetlab.mathcs.emory.edu,file512KB.txt,2015/09/30 04:56:45,2015/09/30 04:57:33,47916.000000
planetlab2.cs.uml.edu,node1.planetlab.mathcs.emory.edu,file1MB.txt,2015/09/30 04:57:33,2015/09/30 04:59:09,96307.000000
planetlab2.cs.unc.edu,node1.planetlab.mathcs.emory.edu,file32B.txt,2015/09/30 04:59:09,2015/09/30 04:59:09,102.000000
planetlab2.cs.unc.edu,node1.planetlab.mathcs.emory.edu,file1KB.txt,2015/09/30 04:59:09,2015/09/30 04:59:09,124.000000
planetlab2.cs.unc.edu,node1.planetlab.mathcs.emory.edu,file256KB.txt,2015/09/30 04:59:09,2015/09/30 04:59:17,8340.000000
planetlab2.cs.unc.edu,node1.planetlab.mathcs.emory.edu,file512KB.txt,2015/09/30 04:59:17,2015/09/30 04:59:32,14912.000000
planetlab2.cs.unc.edu,node1.planetlab.mathcs.emory.edu,file1MB.txt,2015/09/30 04:59:32,2015/09/30 05:00:02,29775.000000
planetlab2.cs.uoregon.edu,node1.planetlab.mathcs.emory.edu,file32B.txt,2015/09/30 05:00:02,2015/09/30 05:00:02,550.000000
planetlab2.cs.uoregon.edu,node1.planetlab.mathcs.emory.edu,file1KB.txt,2015/09/30 05:00:02,2015/09/30 05:00:03,1455.000000
planetlab2.cs.uoregon.edu,node1.planetlab.mathcs.emory.edu,file256KB.txt,2015/09/30 05:00:03,2015/09/30 05:00:41,38106.000000
planetlab2.cs.uoregon.edu,node1.planetlab.mathcs.emory.edu,file512KB.txt,2015/09/30 05:00:41,2015/09/30 05:01:56,74875.000000
planetlab2.cs.uoregon.edu,node1.planetlab.mathcs.emory.edu,file1MB.txt,2015/09/30 05:01:56,2015/09/30 05:04:27,151355.000000
planetlab2.temple.edu,node1.planetlab.mathcs.emory.edu,file32B.txt,2015/09/30 05:04:27,2015/09/30 05:04:27,163.000000
planetlab2.temple.edu,node1.planetlab.mathcs.emory.edu,file1KB.txt,2015/09/30 05:04:27,2015/09/30 05:04:27,132.000000
planetlab2.temple.edu,node1.planetlab.mathcs.emory.edu,file256KB.txt,2015/09/30 05:04:27,2015/09/30 05:04:37,10276.000000
planetlab2.temple.edu,node1.planetlab.mathcs.emory.edu,file512KB.txt,2015/09/30 05:04:37,2015/09/30 05:04:56,18513.000000
planetlab2.temple.edu,node1.planetlab.mathcs.emory.edu,file1MB.txt,2015/09/30 05:04:56,2015/09/30 05:05:35,39079.000000
planetlab2.unl.edu,node1.planetlab.mathcs.emory.edu,file32B.txt,2015/09/30 05:05:35,2015/09/30 05:05:35,262.000000
planetlab2.unl.edu,node1.planetlab.mathcs.emory.edu,file1KB.txt,2015/09/30 05:05:35,2015/09/30 05:05:36,1748.000000
planetlab2.unl.edu,node1.planetlab.mathcs.emory.edu,file256KB.txt,2015/09/30 05:05:36,2015/09/30 05:05:54,17369.000000
planetlab2.unl.edu,node1.planetlab.mathcs.emory.edu,file512KB.txt,2015/09/30 05:05:54,2015/09/30 05:06:33,39324.000000
planetlab2.unl.edu,node1.planetlab.mathcs.emory.edu,file1MB.txt,2015/09/30 05:06:33,2015/09/30 05:07:46,72648.000000
planetlab2.unr.edu,node1.planetlab.mathcs.emory.edu,file32B.txt,2015/09/30 05:07:46,2015/09/30 05:07:47,1398.000000
planetlab2.unr.edu,node1.planetlab.mathcs.emory.edu,file1KB.txt,2015/09/30 05:07:47,2015/09/30 05:07:47,421.000000
planetlab2.unr.edu,node1.planetlab.mathcs.emory.edu,file256KB.txt,2015/09/30 05:07:47,2015/09/30 05:08:18,30787.000000
planetlab2.unr.edu,node1.planetlab.mathcs.emory.edu,file512KB.txt,2015/09/30 05:08:18,2015/09/30 05:09:20,62063.000000
planetlab2.unr.edu,node1.planetlab.mathcs.emory.edu,file1MB.txt,2015/09/30 05:09:20,2015/09/30 05:11:24,124474.000000
planetlab2.uta.edu,node1.planetlab.mathcs.emory.edu,file32B.txt,2015/09/30 05:11:24,2015/09/30 05:11:24,292.000000
planetlab2.uta.edu,node1.planetlab.mathcs.emory.edu,file1KB.txt,2015/09/30 05:11:24,2015/09/30 05:11:24,285.000000
planetlab2.uta.edu,node1.planetlab.mathcs.emory.edu,file256KB.txt,2015/09/30 05:11:24,2015/09/30 05:11:46,22851.000000
planetlab2.uta.edu,node1.planetlab.mathcs.emory.edu,file512KB.txt,2015/09/30 05:11:46,2015/09/30 05:12:28,42015.000000
planetlab2.uta.edu,node1.planetlab.mathcs.emory.edu,file1MB.txt,2015/09/30 05:12:28,2015/09/30 05:13:52,83717.000000
planetlab2.utdallas.edu,node1.planetlab.mathcs.emory.edu,file32B.txt,2015/09/30 05:13:52,2015/09/30 05:13:52,226.000000
planetlab2.utdallas.edu,node1.planetlab.mathcs.emory.edu,file1KB.txt,2015/09/30 05:13:52,2015/09/30 05:13:52,231.000000
planetlab2.utdallas.edu,node1.planetlab.mathcs.emory.edu,file256KB.txt,2015/09/30 05:13:52,2015/09/30 05:14:09,17750.000000
planetlab2.utdallas.edu,node1.planetlab.mathcs.emory.edu,file512KB.txt,2015/09/30 05:14:09,2015/09/30 05:14:41,31140.000000
planetlab2.utdallas.edu,node1.planetlab.mathcs.emory.edu,file1MB.txt,2015/09/30 05:14:41,2015/09/30 05:15:47,66301.000000
planetlab3.eecs.umich.edu,node1.planetlab.mathcs.emory.edu,file32B.txt,2015/09/30 05:15:47,2015/09/30 05:15:47,251.000000
planetlab3.eecs.umich.edu,node1.planetlab.mathcs.emory.edu,file1KB.txt,2015/09/30 05:15:47,2015/09/30 05:15:48,1822.000000
planetlab3.eecs.umich.edu,node1.planetlab.mathcs.emory.edu,file256KB.txt,2015/09/30 05:15:48,2015/09/30 05:16:02,14070.000000
planetlab3.eecs.umich.edu,node1.planetlab.mathcs.emory.edu,file512KB.txt,2015/09/30 05:16:02,2015/09/30 05:16:29,26982.000000
planetlab3.eecs.umich.edu,node1.planetlab.mathcs.emory.edu,file1MB.txt,2015/09/30 05:16:29,2015/09/30 05:17:25,55425.000000
planetlab3.rutgers.edu,node1.planetlab.mathcs.emory.edu,file32B.txt,2015/09/30 05:17:25,2015/09/30 05:17:25,152.000000
planetlab3.rutgers.edu,node1.planetlab.mathcs.emory.edu,file1KB.txt,2015/09/30 05:17:25,2015/09/30 05:17:25,142.000000
planetlab3.rutgers.edu,node1.planetlab.mathcs.emory.edu,file256KB.txt,2015/09/30 05:17:25,2015/09/30 05:17:38,13205.000000
planetlab3.rutgers.edu,node1.planetlab.mathcs.emory.edu,file512KB.txt,2015/09/30 05:17:38,2015/09/30 05:17:59,21054.000000
planetlab3.rutgers.edu,node1.planetlab.mathcs.emory.edu,file1MB.txt,2015/09/30 05:17:59,2015/09/30 05:18:43,44322.000000
planetlab3.wail.wisc.edu,node1.planetlab.mathcs.emory.edu,file32B.txt,2015/09/30 05:18:43,2015/09/30 05:18:43,331.000000
planetlab3.wail.wisc.edu,node1.planetlab.mathcs.emory.edu,file1KB.txt,2015/09/30 05:18:43,2015/09/30 05:18:43,264.000000
planetlab3.wail.wisc.edu,node1.planetlab.mathcs.emory.edu,file256KB.txt,2015/09/30 05:18:43,2015/09/30 05:19:04,21360.000000
planetlab3.wail.wisc.edu,node1.planetlab.mathcs.emory.edu,file512KB.txt,2015/09/30 05:19:04,2015/09/30 05:19:43,39122.000000
planetlab3.wail.wisc.edu,node1.planetlab.mathcs.emory.edu,file1MB.txt,2015/09/30 05:19:43,2015/09/30 05:21:01,78334.000000
planetlab4.tamu.edu,node1.planetlab.mathcs.emory.edu,file32B.txt,2015/09/30 05:21:01,2015/09/30 05:21:01,332.000000
planetlab4.tamu.edu,node1.planetlab.mathcs.emory.edu,file1KB.txt,2015/09/30 05:21:01,2015/09/30 05:21:01,309.000000
planetlab4.tamu.edu,node1.planetlab.mathcs.emory.edu,file256KB.txt,2015/09/30 05:21:01,2015/09/30 05:21:24,23365.000000
planetlab4.tamu.edu,node1.planetlab.mathcs.emory.edu,file512KB.txt,2015/09/30 05:21:24,2015/09/30 05:22:10,46343.000000
planetlab4.tamu.edu,node1.planetlab.mathcs.emory.edu,file1MB.txt,2015/09/30 05:22:10,2015/09/30 05:23:39,88466.000000
planetlab-5.eecs.cwru.edu,node1.planetlab.mathcs.emory.edu,file32B.txt,2015/09/30 05:23:39,2015/09/30 05:23:39,228.000000
planetlab-5.eecs.cwru.edu,node1.planetlab.mathcs.emory.edu,file1KB.txt,2015/09/30 05:23:39,2015/09/30 05:23:39,196.000000
planetlab-5.eecs.cwru.edu,node1.planetlab.mathcs.emory.edu,file256KB.txt,2015/09/30 05:23:39,2015/09/30 05:23:54,15584.000000
planetlab-5.eecs.cwru.edu,node1.planetlab.mathcs.emory.edu,file512KB.txt,2015/09/30 05:23:54,2015/09/30 05:24:22,27436.000000
planetlab-5.eecs.cwru.edu,node1.planetlab.mathcs.emory.edu,file1MB.txt,2015/09/30 05:24:22,2015/09/30 05:25:20,58447.000000
planetlabone.ccs.neu.edu,node1.planetlab.mathcs.emory.edu,file32B.txt,2015/09/30 05:25:20,2015/09/30 05:25:20,464.000000
planetlabone.ccs.neu.edu,node1.planetlab.mathcs.emory.edu,file1KB.txt,2015/09/30 05:25:20,2015/09/30 05:25:21,1685.000000
planetlabone.ccs.neu.edu,node1.planetlab.mathcs.emory.edu,file256KB.txt,2015/09/30 05:25:21,2015/09/30 05:25:44,23270.000000
planetlabone.ccs.neu.edu,node1.planetlab.mathcs.emory.edu,file512KB.txt,2015/09/30 05:25:44,2015/09/30 05:26:31,46636.000000
planetlabone.ccs.neu.edu,node1.planetlab.mathcs.emory.edu,file1MB.txt,2015/09/30 05:26:31,2015/09/30 05:27:59,88202.000000
pl-node-0.csl.sri.com,node1.planetlab.mathcs.emory.edu,file32B.txt,2015/09/30 05:27:59,2015/09/30 05:27:59,646.000000
pl-node-0.csl.sri.com,node1.planetlab.mathcs.emory.edu,file1KB.txt,2015/09/30 05:27:59,2015/09/30 05:28:00,1498.000000
pl-node-0.csl.sri.com,node1.planetlab.mathcs.emory.edu,file256KB.txt,2015/09/30 05:28:00,2015/09/30 05:28:36,36155.000000
pl-node-0.csl.sri.com,node1.planetlab.mathcs.emory.edu,file512KB.txt,2015/09/30 05:28:36,2015/09/30 05:29:50,73407.000000
pl-node-0.csl.sri.com,node1.planetlab.mathcs.emory.edu,file1MB.txt,2015/09/30 05:29:50,2015/09/30 05:32:22,151792.000000
ricepl-5.cs.rice.edu,node1.planetlab.mathcs.emory.edu,file32B.txt,2015/09/30 05:32:23,2015/09/30 05:32:23,401.000000
ricepl-5.cs.rice.edu,node1.planetlab.mathcs.emory.edu,file1KB.txt,2015/09/30 05:32:23,2015/09/30 05:32:23,327.000000
ricepl-5.cs.rice.edu,node1.planetlab.mathcs.emory.edu,file256KB.txt,2015/09/30 05:32:23,2015/09/30 05:32:47,24505.000000
ricepl-5.cs.rice.edu,node1.planetlab.mathcs.emory.edu,file512KB.txt,2015/09/30 05:32:47,2015/09/30 05:33:34,47279.000000
ricepl-5.cs.rice.edu,node1.planetlab.mathcs.emory.edu,file1MB.txt,2015/09/30 05:33:34,2015/09/30 05:35:07,92135.000000
salt.planetlab.cs.umd.edu,node1.planetlab.mathcs.emory.edu,file32B.txt,2015/09/30 05:35:07,2015/09/30 05:35:08,1861.000000
salt.planetlab.cs.umd.edu,node1.planetlab.mathcs.emory.edu,file1KB.txt,2015/09/30 05:35:08,2015/09/30 05:35:08,122.000000
salt.planetlab.cs.umd.edu,node1.planetlab.mathcs.emory.edu,file256KB.txt,2015/09/30 05:35:08,2015/09/30 05:35:16,7555.000000
salt.planetlab.cs.umd.edu,node1.planetlab.mathcs.emory.edu,file512KB.txt,2015/09/30 05:35:16,2015/09/30 05:35:33,17070.000000
salt.planetlab.cs.umd.edu,node1.planetlab.mathcs.emory.edu,file1MB.txt,2015/09/30 05:35:33,2015/09/30 05:36:07,34421.000000
pl1.eecs.utk.edu,node1.planetlab.mathcs.emory.edu,file32B.txt,2015/09/30 05:36:07,2015/09/30 05:36:07,324.000000
pl1.eecs.utk.edu,node1.planetlab.mathcs.emory.edu,file1KB.txt,2015/09/30 05:36:07,2015/09/30 05:36:08,1484.000000
pl1.eecs.utk.edu,node1.planetlab.mathcs.emory.edu,file256KB.txt,2015/09/30 05:36:08,2015/09/30 05:36:37,28265.000000
pl1.eecs.utk.edu,node1.planetlab.mathcs.emory.edu,file512KB.txt,2015/09/30 05:36:37,2015/09/30 05:37:36,58883.000000
pl1.eecs.utk.edu,node1.planetlab.mathcs.emory.edu,file1MB.txt,2015/09/30 05:37:36,2015/09/30 05:39:46,130261.000000
planetlab-01.vt.nodes.planet-lab.org,node1.planetlab.mathcs.emory.edu,file32B.txt,2015/09/30 05:39:46,2015/09/30 05:39:46,166.000000
planetlab-01.vt.nodes.planet-lab.org,node1.planetlab.mathcs.emory.edu,file1KB.txt,2015/09/30 05:39:46,2015/09/30 05:39:46,92.000000
planetlab-01.vt.nodes.planet-lab.org,node1.planetlab.mathcs.emory.edu,file256KB.txt,2015/09/30 05:39:46,2015/09/30 05:39:53,7044.000000
planetlab-01.vt.nodes.planet-lab.org,node1.planetlab.mathcs.emory.edu,file512KB.txt,2015/09/30 05:39:53,2015/09/30 05:40:07,14686.000000
planetlab-01.vt.nodes.planet-lab.org,node1.planetlab.mathcs.emory.edu,file1MB.txt,2015/09/30 05:40:07,2015/09/30 05:40:33,25299.000000
planetlab-04.vt.nodes.planet-lab.org,node1.planetlab.mathcs.emory.edu,file32B.txt,2015/09/30 05:40:33,2015/09/30 05:40:34,1851.000000
planetlab-04.vt.nodes.planet-lab.org,node1.planetlab.mathcs.emory.edu,file1KB.txt,2015/09/30 05:40:34,2015/09/30 05:40:34,91.000000
planetlab-04.vt.nodes.planet-lab.org,node1.planetlab.mathcs.emory.edu,file256KB.txt,2015/09/30 05:40:34,2015/09/30 05:40:40,5269.000000
planetlab-04.vt.nodes.planet-lab.org,node1.planetlab.mathcs.emory.edu,file512KB.txt,2015/09/30 05:40:40,2015/09/30 05:40:54,14788.000000
planetlab-04.vt.nodes.planet-lab.org,node1.planetlab.mathcs.emory.edu,file1MB.txt,2015/09/30 05:40:54,2015/09/30 05:41:20,25432.000000
planetlab-4.eecs.cwru.edu,node1.planetlab.mathcs.emory.edu,file32B.txt,2015/09/30 05:41:20,2015/09/30 05:41:20,200.000000
planetlab-4.eecs.cwru.edu,node1.planetlab.mathcs.emory.edu,file1KB.txt,2015/09/30 05:41:20,2015/09/30 05:41:21,1803.000000
planetlab-4.eecs.cwru.edu,node1.planetlab.mathcs.emory.edu,file256KB.txt,2015/09/30 05:41:21,2015/09/30 05:41:35,13427.000000
planetlab-4.eecs.cwru.edu,node1.planetlab.mathcs.emory.edu,file512KB.txt,2015/09/30 05:41:35,2015/09/30 05:42:06,31361.000000
planetlab-4.eecs.cwru.edu,node1.planetlab.mathcs.emory.edu,file1MB.txt,2015/09/30 05:42:06,2015/09/30 05:43:05,59263.000000
planetlab01.cs.washington.edu,node1.planetlab.mathcs.emory.edu,file32B.txt,2015/09/30 05:43:05,2015/09/30 05:43:05,548.000000
planetlab01.cs.washington.edu,node1.planetlab.mathcs.emory.edu,file1KB.txt,2015/09/30 05:43:05,2015/09/30 05:43:06,1523.000000
planetlab01.cs.washington.edu,node1.planetlab.mathcs.emory.edu,file256KB.txt,2015/09/30 05:43:06,2015/09/30 05:43:41,34934.000000
planetlab01.cs.washington.edu,node1.planetlab.mathcs.emory.edu,file512KB.txt,2015/09/30 05:43:41,2015/09/30 05:44:51,69341.000000
planetlab01.cs.washington.edu,node1.planetlab.mathcs.emory.edu,file1MB.txt,2015/09/30 05:44:51,2015/09/30 05:47:11,140771.000000
planetlab02.cs.washington.edu,node1.planetlab.mathcs.emory.edu,file32B.txt,2015/09/30 05:47:11,2015/09/30 05:47:11,477.000000
planetlab02.cs.washington.edu,node1.planetlab.mathcs.emory.edu,file1KB.txt,2015/09/30 05:47:11,2015/09/30 05:47:11,476.000000
planetlab02.cs.washington.edu,node1.planetlab.mathcs.emory.edu,file256KB.txt,2015/09/30 05:47:11,2015/09/30 05:47:46,34993.000000
planetlab02.cs.washington.edu,node1.planetlab.mathcs.emory.edu,file512KB.txt,2015/09/30 05:47:46,2015/09/30 05:48:59,73367.000000
planetlab02.cs.washington.edu,node1.planetlab.mathcs.emory.edu,file1MB.txt,2015/09/30 05:48:59,2015/09/30 05:51:21,-141712.000000
planetlab1.arizona-gigapop.net,node1.planetlab.mathcs.emory.edu,file32B.txt,2015/09/30 05:51:21,2015/09/30 05:51:22,1602.000000
planetlab1.arizona-gigapop.net,node1.planetlab.mathcs.emory.edu,file1KB.txt,2015/09/30 05:51:22,2015/09/30 05:51:22,351.000000
planetlab1.arizona-gigapop.net,node1.planetlab.mathcs.emory.edu,file256KB.txt,2015/09/30 05:51:22,2015/09/30 05:51:48,26320.000000
planetlab1.arizona-gigapop.net,node1.planetlab.mathcs.emory.edu,file512KB.txt,2015/09/30 05:51:48,2015/09/30 05:52:39,50946.000000
planetlab1.arizona-gigapop.net,node1.planetlab.mathcs.emory.edu,file1MB.txt,2015/09/30 05:52:39,2015/09/30 05:54:22,103379.000000
planetlab1.cs.unc.edu,node1.planetlab.mathcs.emory.edu,file32B.txt,2015/09/30 05:54:22,2015/09/30 05:54:22,93.000000
planetlab1.cs.unc.edu,node1.planetlab.mathcs.emory.edu,file1KB.txt,2015/09/30 05:54:22,2015/09/30 05:54:22,93.000000
planetlab1.cs.unc.edu,node1.planetlab.mathcs.emory.edu,file256KB.txt,2015/09/30 05:54:22,2015/09/30 05:54:28,5251.000000
planetlab1.cs.unc.edu,node1.planetlab.mathcs.emory.edu,file512KB.txt,2015/09/30 05:54:28,2015/09/30 05:54:42,14521.000000
planetlab1.cs.unc.edu,node1.planetlab.mathcs.emory.edu,file1MB.txt,2015/09/30 05:54:42,2015/09/30 05:55:09,27017.000000
