ebb.colgate.edu,salt.planetlab.cs.umd.edu,file32B.txt,2015/09/30 04:13:40,2015/09/30 04:13:40,352.000000
ebb.colgate.edu,salt.planetlab.cs.umd.edu,file1KB.txt,2015/09/30 04:13:40,2015/09/30 04:13:43,2863.000000
ebb.colgate.edu,salt.planetlab.cs.umd.edu,file256KB.txt,2015/09/30 04:13:43,2015/09/30 04:14:14,31731.000000
ebb.colgate.edu,salt.planetlab.cs.umd.edu,file512KB.txt,2015/09/30 04:14:14,2015/09/30 04:15:16,61906.000000
ebb.colgate.edu,salt.planetlab.cs.umd.edu,file1MB.txt,2015/09/30 04:15:16,2015/09/30 04:17:17,121089.000000
kc-sce-plab2.umkc.edu,salt.planetlab.cs.umd.edu,file32B.txt,2015/09/30 04:17:17,2015/09/30 04:17:17,439.000000
kc-sce-plab2.umkc.edu,salt.planetlab.cs.umd.edu,file1KB.txt,2015/09/30 04:17:17,2015/09/30 04:17:17,489.000000
kc-sce-plab2.umkc.edu,salt.planetlab.cs.umd.edu,file256KB.txt,2015/09/30 04:17:17,2015/09/30 04:18:04,47469.000000
kc-sce-plab2.umkc.edu,salt.planetlab.cs.umd.edu,file512KB.txt,2015/09/30 04:18:04,2015/09/30 04:20:26,141528.000000
kc-sce-plab2.umkc.edu,salt.planetlab.cs.umd.edu,file1MB.txt,2015/09/30 04:20:26,2015/09/30 04:26:54,388407.000000
node1.planetlab.mathcs.emory.edu,salt.planetlab.cs.umd.edu,file32B.txt,2015/09/30 04:26:54,2015/09/30 04:26:54,137.000000
node1.planetlab.mathcs.emory.edu,salt.planetlab.cs.umd.edu,file1KB.txt,2015/09/30 04:26:54,2015/09/30 04:26:54,117.000000
node1.planetlab.mathcs.emory.edu,salt.planetlab.cs.umd.edu,file256KB.txt,2015/09/30 04:26:54,2015/09/30 04:27:03,9414.000000
node1.planetlab.mathcs.emory.edu,salt.planetlab.cs.umd.edu,file512KB.txt,2015/09/30 04:27:03,2015/09/30 04:27:20,16916.000000
node1.planetlab.mathcs.emory.edu,salt.planetlab.cs.umd.edu,file1MB.txt,2015/09/30 04:27:20,2015/09/30 04:27:54,34029.000000
pl3.cs.unm.edu,salt.planetlab.cs.umd.edu,file32B.txt,2015/09/30 04:31:03,2015/09/30 04:31:03,406.000000
pl3.cs.unm.edu,salt.planetlab.cs.umd.edu,file1KB.txt,2015/09/30 04:31:03,2015/09/30 04:31:04,1646.000000
pl3.cs.unm.edu,salt.planetlab.cs.umd.edu,file256KB.txt,2015/09/30 04:31:04,2015/09/30 04:31:30,26184.000000
pl3.cs.unm.edu,salt.planetlab.cs.umd.edu,file512KB.txt,2015/09/30 04:31:30,2015/09/30 04:32:21,50686.000000
pl3.cs.unm.edu,salt.planetlab.cs.umd.edu,file1MB.txt,2015/09/30 04:32:21,2015/09/30 04:34:03,101706.000000
plab3.eece.ksu.edu,salt.planetlab.cs.umd.edu,file32B.txt,2015/09/30 04:34:03,2015/09/30 04:34:04,1712.000000
plab3.eece.ksu.edu,salt.planetlab.cs.umd.edu,file1KB.txt,2015/09/30 04:34:04,2015/09/30 04:34:04,244.000000
plab3.eece.ksu.edu,salt.planetlab.cs.umd.edu,file256KB.txt,2015/09/30 04:34:04,2015/09/30 04:34:21,16312.000000
plab3.eece.ksu.edu,salt.planetlab.cs.umd.edu,file512KB.txt,2015/09/30 04:34:21,2015/09/30 04:34:57,36795.000000
plab3.eece.ksu.edu,salt.planetlab.cs.umd.edu,file1MB.txt,2015/09/30 04:34:57,2015/09/30 04:36:07,69614.000000
planetlab-02.bu.edu,salt.planetlab.cs.umd.edu,file32B.txt,2015/09/30 04:36:07,2015/09/30 04:36:07,151.000000
planetlab-02.bu.edu,salt.planetlab.cs.umd.edu,file1KB.txt,2015/09/30 04:36:07,2015/09/30 04:36:07,162.000000
planetlab-02.bu.edu,salt.planetlab.cs.umd.edu,file256KB.txt,2015/09/30 04:36:07,2015/09/30 04:36:19,12831.000000
planetlab-02.bu.edu,salt.planetlab.cs.umd.edu,file512KB.txt,2015/09/30 04:36:19,2015/09/30 04:36:41,21759.000000
planetlab-02.bu.edu,salt.planetlab.cs.umd.edu,file1MB.txt,2015/09/30 04:36:41,2015/09/30 04:37:25,43587.000000
planetlab1.clemson.edu,salt.planetlab.cs.umd.edu,file32B.txt,2015/09/30 04:40:35,2015/09/30 04:40:35,157.000000
planetlab1.clemson.edu,salt.planetlab.cs.umd.edu,file1KB.txt,2015/09/30 04:40:35,2015/09/30 04:40:35,134.000000
planetlab1.clemson.edu,salt.planetlab.cs.umd.edu,file256KB.txt,2015/09/30 04:40:35,2015/09/30 04:40:44,8312.000000
planetlab1.clemson.edu,salt.planetlab.cs.umd.edu,file512KB.txt,2015/09/30 04:40:44,2015/09/30 04:41:04,20698.000000
planetlab1.clemson.edu,salt.planetlab.cs.umd.edu,file1MB.txt,2015/09/30 04:41:04,2015/09/30 04:41:42,37713.000000
planetlab1.cs.du.edu,salt.planetlab.cs.umd.edu,file32B.txt,2015/09/30 04:41:42,2015/09/30 04:41:42,263.000000
planetlab1.cs.du.edu,salt.planetlab.cs.umd.edu,file1KB.txt,2015/09/30 04:41:42,2015/09/30 04:41:43,1700.000000
planetlab1.cs.du.edu,salt.planetlab.cs.umd.edu,file256KB.txt,2015/09/30 04:41:43,2015/09/30 04:42:05,22065.000000
planetlab1.cs.du.edu,salt.planetlab.cs.umd.edu,file512KB.txt,2015/09/30 04:42:05,2015/09/30 04:42:48,42396.000000
planetlab1.cs.du.edu,salt.planetlab.cs.umd.edu,file1MB.txt,2015/09/30 04:42:48,2015/09/30 04:44:15,87129.000000
planetlab-1.cse.ohio-state.edu,salt.planetlab.cs.umd.edu,file32B.txt,2015/09/30 04:44:15,2015/09/30 04:44:19,4289.000000
planetlab-1.cse.ohio-state.edu,salt.planetlab.cs.umd.edu,file1KB.txt,2015/09/30 04:44:19,2015/09/30 04:44:29,10038.000000
planetlab-1.cse.ohio-state.edu,salt.planetlab.cs.umd.edu,file256KB.txt,2015/09/30 04:44:29,2015/09/30 05:01:52,1042371.000000
planetlab-1.cse.ohio-state.edu,salt.planetlab.cs.umd.edu,file512KB.txt,2015/09/30 05:01:52,2015/09/30 05:54:15,1151832.000000
planetlab-1.cse.ohio-state.edu,salt.planetlab.cs.umd.edu,file1MB.txt,2015/09/30 05:54:15,2015/09/30 07:57:47,-1177886.000000
planetlab1.cs.okstate.edu,salt.planetlab.cs.umd.edu,file32B.txt,2015/09/30 07:57:47,2015/09/30 07:57:48,1637.000000
planetlab1.cs.okstate.edu,salt.planetlab.cs.umd.edu,file1KB.txt,2015/09/30 07:57:48,2015/09/30 07:57:48,313.000000
planetlab1.cs.okstate.edu,salt.planetlab.cs.umd.edu,file256KB.txt,2015/09/30 07:57:48,2015/09/30 07:58:11,22950.000000
planetlab1.cs.okstate.edu,salt.planetlab.cs.umd.edu,file512KB.txt,2015/09/30 07:58:11,2015/09/30 07:58:57,46055.000000
planetlab1.cs.okstate.edu,salt.planetlab.cs.umd.edu,file1MB.txt,2015/09/30 07:58:57,2015/09/30 08:00:29,92277.000000
planetlab1.cs.ucla.edu,salt.planetlab.cs.umd.edu,file32B.txt,2015/09/30 08:00:29,2015/09/30 08:00:29,515.000000
planetlab1.cs.ucla.edu,salt.planetlab.cs.umd.edu,file1KB.txt,2015/09/30 08:00:29,2015/09/30 08:00:30,1487.000000
planetlab1.cs.ucla.edu,salt.planetlab.cs.umd.edu,file256KB.txt,2015/09/30 08:00:30,2015/09/30 08:01:07,36280.000000
planetlab1.cs.ucla.edu,salt.planetlab.cs.umd.edu,file512KB.txt,2015/09/30 08:01:07,2015/09/30 08:02:22,75333.000000
planetlab1.cs.ucla.edu,salt.planetlab.cs.umd.edu,file1MB.txt,2015/09/30 08:02:22,2015/09/30 08:04:52,150253.000000
planetlab1.csuohio.edu,salt.planetlab.cs.umd.edu,file32B.txt,2015/09/30 08:04:52,2015/09/30 08:04:52,179.000000
planetlab1.csuohio.edu,salt.planetlab.cs.umd.edu,file1KB.txt,2015/09/30 08:04:52,2015/09/30 08:04:52,176.000000
planetlab1.csuohio.edu,salt.planetlab.cs.umd.edu,file256KB.txt,2015/09/30 08:04:52,2015/09/30 08:05:05,12771.000000
planetlab1.csuohio.edu,salt.planetlab.cs.umd.edu,file512KB.txt,2015/09/30 08:05:05,2015/09/30 08:05:38,33008.000000
planetlab1.csuohio.edu,salt.planetlab.cs.umd.edu,file1MB.txt,2015/09/30 08:05:38,2015/09/30 08:07:11,93353.000000
planetlab1.ucsd.edu,salt.planetlab.cs.umd.edu,file32B.txt,2015/09/30 08:10:20,2015/09/30 08:10:21,1470.000000
planetlab1.ucsd.edu,salt.planetlab.cs.umd.edu,file1KB.txt,2015/09/30 08:10:21,2015/09/30 08:10:21,528.000000
planetlab1.ucsd.edu,salt.planetlab.cs.umd.edu,file256KB.txt,2015/09/30 08:10:21,2015/09/30 08:11:00,39102.000000
planetlab1.ucsd.edu,salt.planetlab.cs.umd.edu,file512KB.txt,2015/09/30 08:11:00,2015/09/30 08:12:19,79562.000000
planetlab1.ucsd.edu,salt.planetlab.cs.umd.edu,file1MB.txt,2015/09/30 08:12:19,2015/09/30 08:14:53,-153699.000000
planetlab2.acis.ufl.edu,salt.planetlab.cs.umd.edu,file32B.txt,2015/09/30 08:14:53,2015/09/30 08:14:53,225.000000
planetlab2.acis.ufl.edu,salt.planetlab.cs.umd.edu,file1KB.txt,2015/09/30 08:14:53,2015/09/30 08:14:53,212.000000
planetlab2.acis.ufl.edu,salt.planetlab.cs.umd.edu,file256KB.txt,2015/09/30 08:14:53,2015/09/30 08:15:09,16527.000000
planetlab2.acis.ufl.edu,salt.planetlab.cs.umd.edu,file512KB.txt,2015/09/30 08:15:09,2015/09/30 08:15:40,30949.000000
planetlab2.acis.ufl.edu,salt.planetlab.cs.umd.edu,file1MB.txt,2015/09/30 08:15:40,2015/09/30 08:16:41,60697.000000
planetlab2.arizona-gigapop.net,salt.planetlab.cs.umd.edu,file32B.txt,2015/09/30 08:16:41,2015/09/30 08:16:42,1549.000000
planetlab2.arizona-gigapop.net,salt.planetlab.cs.umd.edu,file1KB.txt,2015/09/30 08:16:42,2015/09/30 08:16:42,449.000000
planetlab2.arizona-gigapop.net,salt.planetlab.cs.umd.edu,file256KB.txt,2015/09/30 08:16:42,2015/09/30 08:17:15,33184.000000
planetlab2.arizona-gigapop.net,salt.planetlab.cs.umd.edu,file512KB.txt,2015/09/30 08:17:15,2015/09/30 08:18:20,64817.000000
planetlab2.arizona-gigapop.net,salt.planetlab.cs.umd.edu,file1MB.txt,2015/09/30 08:18:20,2015/09/30 08:20:30,129535.000000
planetlab2.citadel.edu,salt.planetlab.cs.umd.edu,file32B.txt,2015/09/30 08:20:30,2015/09/30 08:20:31,1745.000000
planetlab2.citadel.edu,salt.planetlab.cs.umd.edu,file1KB.txt,2015/09/30 08:20:31,2015/09/30 08:20:31,193.000000
planetlab2.citadel.edu,salt.planetlab.cs.umd.edu,file256KB.txt,2015/09/30 08:20:31,2015/09/30 08:20:45,14267.000000
planetlab2.citadel.edu,salt.planetlab.cs.umd.edu,file512KB.txt,2015/09/30 08:20:45,2015/09/30 08:21:12,26678.000000
planetlab2.citadel.edu,salt.planetlab.cs.umd.edu,file1MB.txt,2015/09/30 08:21:12,2015/09/30 08:22:06,53497.000000
planetlab2.cs.pitt.edu,salt.planetlab.cs.umd.edu,file32B.txt,2015/09/30 08:22:07,2015/09/30 08:22:07,84.000000
planetlab2.cs.pitt.edu,salt.planetlab.cs.umd.edu,file1KB.txt,2015/09/30 08:22:07,2015/09/30 08:22:07,79.000000
planetlab2.cs.pitt.edu,salt.planetlab.cs.umd.edu,file256KB.txt,2015/09/30 08:22:07,2015/09/30 08:22:12,4394.000000
planetlab2.cs.pitt.edu,salt.planetlab.cs.umd.edu,file512KB.txt,2015/09/30 08:22:12,2015/09/30 08:22:24,12798.000000
planetlab2.cs.pitt.edu,salt.planetlab.cs.umd.edu,file1MB.txt,2015/09/30 08:22:24,2015/09/30 08:22:47,22345.000000
planetlab2.cs.purdue.edu,salt.planetlab.cs.umd.edu,file32B.txt,2015/09/30 08:22:47,2015/09/30 08:22:48,1678.000000
planetlab2.cs.purdue.edu,salt.planetlab.cs.umd.edu,file1KB.txt,2015/09/30 08:22:48,2015/09/30 08:22:48,699.000000
planetlab2.cs.purdue.edu,salt.planetlab.cs.umd.edu,file256KB.txt,2015/09/30 08:22:48,2015/09/30 08:23:27,39277.000000
planetlab2.cs.purdue.edu,salt.planetlab.cs.umd.edu,file512KB.txt,2015/09/30 08:23:27,2015/09/30 08:24:14,46718.000000
planetlab2.cs.purdue.edu,salt.planetlab.cs.umd.edu,file1MB.txt,2015/09/30 08:24:14,2015/09/30 08:27:06,172274.000000
planetlab2.cs.uml.edu,salt.planetlab.cs.umd.edu,file32B.txt,2015/09/30 08:33:24,2015/09/30 08:33:24,151.000000
planetlab2.cs.uml.edu,salt.planetlab.cs.umd.edu,file1KB.txt,2015/09/30 08:33:24,2015/09/30 08:33:24,141.000000
planetlab2.cs.uml.edu,salt.planetlab.cs.umd.edu,file256KB.txt,2015/09/30 08:33:24,2015/09/30 08:33:35,11104.000000
planetlab2.cs.uml.edu,salt.planetlab.cs.umd.edu,file512KB.txt,2015/09/30 08:33:35,2015/09/30 08:33:57,21892.000000
planetlab2.cs.uml.edu,salt.planetlab.cs.umd.edu,file1MB.txt,2015/09/30 08:33:57,2015/09/30 08:34:38,41267.000000
planetlab2.cs.unc.edu,salt.planetlab.cs.umd.edu,file32B.txt,2015/09/30 08:34:38,2015/09/30 08:34:38,110.000000
planetlab2.cs.unc.edu,salt.planetlab.cs.umd.edu,file1KB.txt,2015/09/30 08:34:38,2015/09/30 08:34:38,110.000000
planetlab2.cs.unc.edu,salt.planetlab.cs.umd.edu,file256KB.txt,2015/09/30 08:34:38,2015/09/30 08:34:47,9905.000000
planetlab2.cs.unc.edu,salt.planetlab.cs.umd.edu,file512KB.txt,2015/09/30 08:34:47,2015/09/30 08:35:03,15933.000000
planetlab2.cs.unc.edu,salt.planetlab.cs.umd.edu,file1MB.txt,2015/09/30 08:35:03,2015/09/30 08:35:34,30262.000000
planetlab2.cs.uoregon.edu,salt.planetlab.cs.umd.edu,file32B.txt,2015/09/30 08:35:34,2015/09/30 08:35:35,1328.000000
planetlab2.cs.uoregon.edu,salt.planetlab.cs.umd.edu,file1KB.txt,2015/09/30 08:35:35,2015/09/30 08:35:36,1326.000000
planetlab2.cs.uoregon.edu,salt.planetlab.cs.umd.edu,file256KB.txt,2015/09/30 08:35:36,2015/09/30 08:36:25,48671.000000
planetlab2.cs.uoregon.edu,salt.planetlab.cs.umd.edu,file512KB.txt,2015/09/30 08:36:25,2015/09/30 08:38:03,97833.000000
planetlab2.cs.uoregon.edu,salt.planetlab.cs.umd.edu,file1MB.txt,2015/09/30 08:38:03,2015/09/30 08:41:19,196100.000000
planetlab2.temple.edu,salt.planetlab.cs.umd.edu,file32B.txt,2015/09/30 08:41:19,2015/09/30 08:41:19,60.000000
planetlab2.temple.edu,salt.planetlab.cs.umd.edu,file1KB.txt,2015/09/30 08:41:19,2015/09/30 08:41:19,58.000000
planetlab2.temple.edu,salt.planetlab.cs.umd.edu,file256KB.txt,2015/09/30 08:41:19,2015/09/30 08:41:23,4082.000000
planetlab2.temple.edu,salt.planetlab.cs.umd.edu,file512KB.txt,2015/09/30 08:41:23,2015/09/30 08:41:31,8349.000000
planetlab2.temple.edu,salt.planetlab.cs.umd.edu,file1MB.txt,2015/09/30 08:41:31,2015/09/30 08:41:47,16132.000000
planetlab2.unl.edu,salt.planetlab.cs.umd.edu,file32B.txt,2015/09/30 08:41:47,2015/09/30 08:41:47,269.000000
planetlab2.unl.edu,salt.planetlab.cs.umd.edu,file1KB.txt,2015/09/30 08:41:47,2015/09/30 08:41:47,251.000000
planetlab2.unl.edu,salt.planetlab.cs.umd.edu,file256KB.txt,2015/09/30 08:41:47,2015/09/30 08:42:06,19571.000000
planetlab2.unl.edu,salt.planetlab.cs.umd.edu,file512KB.txt,2015/09/30 08:42:06,2015/09/30 08:42:42,35335.000000
planetlab2.unl.edu,salt.planetlab.cs.umd.edu,file1MB.txt,2015/09/30 08:42:42,2015/09/30 08:43:55,72997.000000
planetlab2.unr.edu,salt.planetlab.cs.umd.edu,file32B.txt,2015/09/30 08:43:55,2015/09/30 08:43:56,1577.000000
planetlab2.unr.edu,salt.planetlab.cs.umd.edu,file1KB.txt,2015/09/30 08:43:56,2015/09/30 08:43:56,423.000000
planetlab2.unr.edu,salt.planetlab.cs.umd.edu,file256KB.txt,2015/09/30 08:43:56,2015/09/30 08:44:27,30970.000000
planetlab2.unr.edu,salt.planetlab.cs.umd.edu,file512KB.txt,2015/09/30 08:44:27,2015/09/30 08:45:29,62253.000000
planetlab2.unr.edu,salt.planetlab.cs.umd.edu,file1MB.txt,2015/09/30 08:45:29,2015/09/30 08:47:32,122813.000000
planetlab2.uta.edu,salt.planetlab.cs.umd.edu,file32B.txt,2015/09/30 08:47:32,2015/09/30 08:47:32,332.000000
planetlab2.uta.edu,salt.planetlab.cs.umd.edu,file1KB.txt,2015/09/30 08:47:32,2015/09/30 08:47:33,1420.000000
planetlab2.uta.edu,salt.planetlab.cs.umd.edu,file256KB.txt,2015/09/30 08:47:33,2015/09/30 08:48:00,26987.000000
planetlab2.uta.edu,salt.planetlab.cs.umd.edu,file512KB.txt,2015/09/30 08:48:00,2015/09/30 08:48:54,53981.000000
planetlab2.uta.edu,salt.planetlab.cs.umd.edu,file1MB.txt,2015/09/30 08:48:54,2015/09/30 08:50:39,104621.000000
planetlab2.utdallas.edu,salt.planetlab.cs.umd.edu,file32B.txt,2015/09/30 08:50:39,2015/09/30 08:50:40,1676.000000
planetlab2.utdallas.edu,salt.planetlab.cs.umd.edu,file1KB.txt,2015/09/30 08:50:40,2015/09/30 08:50:40,323.000000
planetlab2.utdallas.edu,salt.planetlab.cs.umd.edu,file256KB.txt,2015/09/30 08:50:40,2015/09/30 08:51:03,22623.000000
planetlab2.utdallas.edu,salt.planetlab.cs.umd.edu,file512KB.txt,2015/09/30 08:51:03,2015/09/30 08:51:50,47457.000000
planetlab2.utdallas.edu,salt.planetlab.cs.umd.edu,file1MB.txt,2015/09/30 08:51:50,2015/09/30 08:53:23,93135.000000
planetlab3.eecs.umich.edu,salt.planetlab.cs.umd.edu,file32B.txt,2015/09/30 08:53:23,2015/09/30 08:53:23,239.000000
planetlab3.eecs.umich.edu,salt.planetlab.cs.umd.edu,file1KB.txt,2015/09/30 08:53:23,2015/09/30 08:53:23,183.000000
planetlab3.eecs.umich.edu,salt.planetlab.cs.umd.edu,file256KB.txt,2015/09/30 08:53:23,2015/09/30 08:53:37,14548.000000
planetlab3.eecs.umich.edu,salt.planetlab.cs.umd.edu,file512KB.txt,2015/09/30 08:53:37,2015/09/30 08:54:03,25275.000000
planetlab3.eecs.umich.edu,salt.planetlab.cs.umd.edu,file1MB.txt,2015/09/30 08:54:03,2015/09/30 08:54:57,54674.000000
planetlab3.rutgers.edu,salt.planetlab.cs.umd.edu,file32B.txt,2015/09/30 08:54:57,2015/09/30 08:54:58,1229.000000
planetlab3.rutgers.edu,salt.planetlab.cs.umd.edu,file1KB.txt,2015/09/30 08:54:58,2015/09/30 08:54:58,673.000000
planetlab3.rutgers.edu,salt.planetlab.cs.umd.edu,file256KB.txt,2015/09/30 08:54:58,2015/09/30 08:55:44,46129.000000
planetlab3.rutgers.edu,salt.planetlab.cs.umd.edu,file512KB.txt,2015/09/30 08:55:44,2015/09/30 08:57:05,81024.000000
planetlab3.rutgers.edu,salt.planetlab.cs.umd.edu,file1MB.txt,2015/09/30 08:57:05,2015/09/30 08:57:28,23544.000000
planetlab3.wail.wisc.edu,salt.planetlab.cs.umd.edu,file32B.txt,2015/09/30 08:57:28,2015/09/30 08:57:28,343.000000
planetlab3.wail.wisc.edu,salt.planetlab.cs.umd.edu,file1KB.txt,2015/09/30 08:57:28,2015/09/30 08:57:28,267.000000
planetlab3.wail.wisc.edu,salt.planetlab.cs.umd.edu,file256KB.txt,2015/09/30 08:57:28,2015/09/30 08:57:48,20615.000000
planetlab3.wail.wisc.edu,salt.planetlab.cs.umd.edu,file512KB.txt,2015/09/30 08:57:48,2015/09/30 08:58:26,37346.000000
planetlab3.wail.wisc.edu,salt.planetlab.cs.umd.edu,file1MB.txt,2015/09/30 08:58:26,2015/09/30 08:59:43,76900.000000
planetlab4.tamu.edu,salt.planetlab.cs.umd.edu,file32B.txt,2015/09/30 08:59:43,2015/09/30 08:59:44,1654.000000
planetlab4.tamu.edu,salt.planetlab.cs.umd.edu,file1KB.txt,2015/09/30 08:59:44,2015/09/30 08:59:44,295.000000
planetlab4.tamu.edu,salt.planetlab.cs.umd.edu,file256KB.txt,2015/09/30 08:59:44,2015/09/30 09:00:11,26818.000000
planetlab4.tamu.edu,salt.planetlab.cs.umd.edu,file512KB.txt,2015/09/30 09:00:11,2015/09/30 09:00:56,44859.000000
planetlab4.tamu.edu,salt.planetlab.cs.umd.edu,file1MB.txt,2015/09/30 09:00:56,2015/09/30 09:02:22,86248.000000
planetlab-5.eecs.cwru.edu,salt.planetlab.cs.umd.edu,file32B.txt,2015/09/30 09:02:22,2015/09/30 09:02:22,96.000000
planetlab-5.eecs.cwru.edu,salt.planetlab.cs.umd.edu,file1KB.txt,2015/09/30 09:02:22,2015/09/30 09:02:22,85.000000
planetlab-5.eecs.cwru.edu,salt.planetlab.cs.umd.edu,file256KB.txt,2015/09/30 09:02:22,2015/09/30 09:02:28,6044.000000
planetlab-5.eecs.cwru.edu,salt.planetlab.cs.umd.edu,file512KB.txt,2015/09/30 09:02:28,2015/09/30 09:02:40,12129.000000
planetlab-5.eecs.cwru.edu,salt.planetlab.cs.umd.edu,file1MB.txt,2015/09/30 09:02:40,2015/09/30 09:03:04,24355.000000
planetlabone.ccs.neu.edu,salt.planetlab.cs.umd.edu,file32B.txt,2015/09/30 09:03:04,2015/09/30 09:03:04,141.000000
planetlabone.ccs.neu.edu,salt.planetlab.cs.umd.edu,file1KB.txt,2015/09/30 09:03:04,2015/09/30 09:03:04,133.000000
planetlabone.ccs.neu.edu,salt.planetlab.cs.umd.edu,file256KB.txt,2015/09/30 09:03:04,2015/09/30 09:03:29,24454.000000
planetlabone.ccs.neu.edu,salt.planetlab.cs.umd.edu,file512KB.txt,2015/09/30 09:03:29,2015/09/30 09:04:21,52770.000000
planetlabone.ccs.neu.edu,salt.planetlab.cs.umd.edu,file1MB.txt,2015/09/30 09:04:21,2015/09/30 09:05:55,93972.000000
pl-node-0.csl.sri.com,salt.planetlab.cs.umd.edu,file32B.txt,2015/09/30 09:05:55,2015/09/30 09:05:55,623.000000
pl-node-0.csl.sri.com,salt.planetlab.cs.umd.edu,file1KB.txt,2015/09/30 09:05:55,2015/09/30 09:05:56,1369.000000
pl-node-0.csl.sri.com,salt.planetlab.cs.umd.edu,file256KB.txt,2015/09/30 09:05:56,2015/09/30 09:06:40,44393.000000
pl-node-0.csl.sri.com,salt.planetlab.cs.umd.edu,file512KB.txt,2015/09/30 09:06:40,2015/09/30 09:08:07,87035.000000
pl-node-0.csl.sri.com,salt.planetlab.cs.umd.edu,file1MB.txt,2015/09/30 09:08:07,2015/09/30 09:11:00,172827.000000
ricepl-5.cs.rice.edu,salt.planetlab.cs.umd.edu,file32B.txt,2015/09/30 09:11:00,2015/09/30 09:11:00,315.000000
ricepl-5.cs.rice.edu,salt.planetlab.cs.umd.edu,file1KB.txt,2015/09/30 09:11:00,2015/09/30 09:11:00,288.000000
ricepl-5.cs.rice.edu,salt.planetlab.cs.umd.edu,file256KB.txt,2015/09/30 09:11:00,2015/09/30 09:11:21,21154.000000
ricepl-5.cs.rice.edu,salt.planetlab.cs.umd.edu,file512KB.txt,2015/09/30 09:11:21,2015/09/30 09:12:03,42651.000000
ricepl-5.cs.rice.edu,salt.planetlab.cs.umd.edu,file1MB.txt,2015/09/30 09:12:03,2015/09/30 09:13:25,81566.000000
salt.planetlab.cs.umd.edu,salt.planetlab.cs.umd.edu,file32B.txt,2015/09/30 09:13:25,2015/09/30 09:13:25,4.000000
salt.planetlab.cs.umd.edu,salt.planetlab.cs.umd.edu,file1KB.txt,2015/09/30 09:13:25,2015/09/30 09:13:25,2.000000
salt.planetlab.cs.umd.edu,salt.planetlab.cs.umd.edu,file256KB.txt,2015/09/30 09:13:25,2015/09/30 09:13:25,47.000000
salt.planetlab.cs.umd.edu,salt.planetlab.cs.umd.edu,file512KB.txt,2015/09/30 09:13:25,2015/09/30 09:13:25,94.000000
salt.planetlab.cs.umd.edu,salt.planetlab.cs.umd.edu,file1MB.txt,2015/09/30 09:13:25,2015/09/30 09:13:25,192.000000
pl1.eecs.utk.edu,salt.planetlab.cs.umd.edu,file32B.txt,2015/09/30 09:13:25,2015/09/30 09:13:28,3602.000000
pl1.eecs.utk.edu,salt.planetlab.cs.umd.edu,file1KB.txt,2015/09/30 09:13:28,2015/09/30 09:13:31,2856.000000
pl1.eecs.utk.edu,salt.planetlab.cs.umd.edu,file256KB.txt,2015/09/30 09:13:31,2015/09/30 09:17:13,221949.000000
pl1.eecs.utk.edu,salt.planetlab.cs.umd.edu,file512KB.txt,2015/09/30 09:17:13,2015/09/30 09:21:03,229681.000000
pl1.eecs.utk.edu,salt.planetlab.cs.umd.edu,file1MB.txt,2015/09/30 09:21:03,2015/09/30 09:32:13,-670418.000000
planetlab-01.vt.nodes.planet-lab.org,salt.planetlab.cs.umd.edu,file32B.txt,2015/09/30 09:32:13,2015/09/30 09:32:13,97.000000
planetlab-01.vt.nodes.planet-lab.org,salt.planetlab.cs.umd.edu,file1KB.txt,2015/09/30 09:32:13,2015/09/30 09:32:13,83.000000
planetlab-01.vt.nodes.planet-lab.org,salt.planetlab.cs.umd.edu,file256KB.txt,2015/09/30 09:32:13,2015/09/30 09:32:19,6072.000000
planetlab-01.vt.nodes.planet-lab.org,salt.planetlab.cs.umd.edu,file512KB.txt,2015/09/30 09:32:19,2015/09/30 09:32:31,12125.000000
planetlab-01.vt.nodes.planet-lab.org,salt.planetlab.cs.umd.edu,file1MB.txt,2015/09/30 09:32:31,2015/09/30 09:32:54,22622.000000
planetlab-04.vt.nodes.planet-lab.org,salt.planetlab.cs.umd.edu,file32B.txt,2015/09/30 09:32:54,2015/09/30 09:32:54,90.000000
planetlab-04.vt.nodes.planet-lab.org,salt.planetlab.cs.umd.edu,file1KB.txt,2015/09/30 09:32:54,2015/09/30 09:32:54,81.000000
planetlab-04.vt.nodes.planet-lab.org,salt.planetlab.cs.umd.edu,file256KB.txt,2015/09/30 09:32:54,2015/09/30 09:33:00,6257.000000
planetlab-04.vt.nodes.planet-lab.org,salt.planetlab.cs.umd.edu,file512KB.txt,2015/09/30 09:33:00,2015/09/30 09:33:12,12585.000000
planetlab-04.vt.nodes.planet-lab.org,salt.planetlab.cs.umd.edu,file1MB.txt,2015/09/30 09:33:12,2015/09/30 09:33:34,21156.000000
planetlab-4.eecs.cwru.edu,salt.planetlab.cs.umd.edu,file32B.txt,2015/09/30 09:33:34,2015/09/30 09:33:35,1912.000000
planetlab-4.eecs.cwru.edu,salt.planetlab.cs.umd.edu,file1KB.txt,2015/09/30 09:33:35,2015/09/30 09:33:35,83.000000
planetlab-4.eecs.cwru.edu,salt.planetlab.cs.umd.edu,file256KB.txt,2015/09/30 09:33:35,2015/09/30 09:33:41,5998.000000
planetlab-4.eecs.cwru.edu,salt.planetlab.cs.umd.edu,file512KB.txt,2015/09/30 09:33:41,2015/09/30 09:33:53,12062.000000
planetlab-4.eecs.cwru.edu,salt.planetlab.cs.umd.edu,file1MB.txt,2015/09/30 09:33:53,2015/09/30 09:34:17,23909.000000
planetlab01.cs.washington.edu,salt.planetlab.cs.umd.edu,file32B.txt,2015/09/30 09:34:17,2015/09/30 09:34:17,477.000000
planetlab01.cs.washington.edu,salt.planetlab.cs.umd.edu,file1KB.txt,2015/09/30 09:34:17,2015/09/30 09:34:18,1522.000000
planetlab01.cs.washington.edu,salt.planetlab.cs.umd.edu,file256KB.txt,2015/09/30 09:34:18,2015/09/30 09:34:52,33096.000000
planetlab01.cs.washington.edu,salt.planetlab.cs.umd.edu,file512KB.txt,2015/09/30 09:34:52,2015/09/30 09:36:02,70441.000000
planetlab01.cs.washington.edu,salt.planetlab.cs.umd.edu,file1MB.txt,2015/09/30 09:36:02,2015/09/30 09:38:21,138959.000000
planetlab02.cs.washington.edu,salt.planetlab.cs.umd.edu,file32B.txt,2015/09/30 09:38:21,2015/09/30 09:38:22,1521.000000
planetlab02.cs.washington.edu,salt.planetlab.cs.umd.edu,file1KB.txt,2015/09/30 09:38:22,2015/09/30 09:38:22,477.000000
planetlab02.cs.washington.edu,salt.planetlab.cs.umd.edu,file256KB.txt,2015/09/30 09:38:22,2015/09/30 09:38:57,34988.000000
planetlab02.cs.washington.edu,salt.planetlab.cs.umd.edu,file512KB.txt,2015/09/30 09:38:57,2015/09/30 09:40:07,70019.000000
planetlab02.cs.washington.edu,salt.planetlab.cs.umd.edu,file1MB.txt,2015/09/30 09:40:07,2015/09/30 09:42:27,139881.000000
planetlab1.arizona-gigapop.net,salt.planetlab.cs.umd.edu,file32B.txt,2015/09/30 09:42:27,2015/09/30 09:42:28,1554.000000
planetlab1.arizona-gigapop.net,salt.planetlab.cs.umd.edu,file1KB.txt,2015/09/30 09:42:28,2015/09/30 09:42:28,446.000000
planetlab1.arizona-gigapop.net,salt.planetlab.cs.umd.edu,file256KB.txt,2015/09/30 09:42:28,2015/09/30 09:43:01,33298.000000
planetlab1.arizona-gigapop.net,salt.planetlab.cs.umd.edu,file512KB.txt,2015/09/30 09:43:01,2015/09/30 09:44:06,64869.000000
planetlab1.arizona-gigapop.net,salt.planetlab.cs.umd.edu,file1MB.txt,2015/09/30 09:44:06,2015/09/30 09:46:16,130159.000000
planetlab1.cs.unc.edu,salt.planetlab.cs.umd.edu,file32B.txt,2015/09/30 09:46:16,2015/09/30 09:46:16,97.000000
planetlab1.cs.unc.edu,salt.planetlab.cs.umd.edu,file1KB.txt,2015/09/30 09:46:16,2015/09/30 09:46:16,100.000000
planetlab1.cs.unc.edu,salt.planetlab.cs.umd.edu,file256KB.txt,2015/09/30 09:46:16,2015/09/30 09:46:23,6864.000000
planetlab1.cs.unc.edu,salt.planetlab.cs.umd.edu,file512KB.txt,2015/09/30 09:46:23,2015/09/30 09:46:37,13896.000000
planetlab1.cs.unc.edu,salt.planetlab.cs.umd.edu,file1MB.txt,2015/09/30 09:46:37,2015/09/30 09:47:05,27864.000000
