ebb.colgate.edu,planetlab1.cs.okstate.edu,file32B.txt,2015/09/30 04:18:16,2015/09/30 04:18:17,1357.000000
ebb.colgate.edu,planetlab1.cs.okstate.edu,file1KB.txt,2015/09/30 04:18:17,2015/09/30 04:18:17,553.000000
ebb.colgate.edu,planetlab1.cs.okstate.edu,file256KB.txt,2015/09/30 04:18:17,2015/09/30 04:18:58,41165.000000
ebb.colgate.edu,planetlab1.cs.okstate.edu,file512KB.txt,2015/09/30 04:18:58,2015/09/30 04:20:28,90336.000000
ebb.colgate.edu,planetlab1.cs.okstate.edu,file1MB.txt,2015/09/30 04:20:28,2015/09/30 04:23:29,180281.000000
kc-sce-plab2.umkc.edu,planetlab1.cs.okstate.edu,file32B.txt,2015/09/30 04:23:29,2015/09/30 04:23:30,1647.000000
kc-sce-plab2.umkc.edu,planetlab1.cs.okstate.edu,file1KB.txt,2015/09/30 04:23:30,2015/09/30 04:23:30,358.000000
kc-sce-plab2.umkc.edu,planetlab1.cs.okstate.edu,file256KB.txt,2015/09/30 04:23:30,2015/09/30 04:24:10,40288.000000
kc-sce-plab2.umkc.edu,planetlab1.cs.okstate.edu,file512KB.txt,2015/09/30 04:24:10,2015/09/30 04:26:08,117581.000000
kc-sce-plab2.umkc.edu,planetlab1.cs.okstate.edu,file1MB.txt,2015/09/30 04:26:08,2015/09/30 04:31:59,351101.000000
node1.planetlab.mathcs.emory.edu,planetlab1.cs.okstate.edu,file32B.txt,2015/09/30 04:31:59,2015/09/30 04:32:00,1669.000000
node1.planetlab.mathcs.emory.edu,planetlab1.cs.okstate.edu,file1KB.txt,2015/09/30 04:32:00,2015/09/30 04:32:00,300.000000
node1.planetlab.mathcs.emory.edu,planetlab1.cs.okstate.edu,file256KB.txt,2015/09/30 04:32:00,2015/09/30 04:32:20,20181.000000
node1.planetlab.mathcs.emory.edu,planetlab1.cs.okstate.edu,file512KB.txt,2015/09/30 04:32:20,2015/09/30 04:32:59,38959.000000
node1.planetlab.mathcs.emory.edu,planetlab1.cs.okstate.edu,file1MB.txt,2015/09/30 04:32:59,2015/09/30 04:34:17,77471.000000
pl3.cs.unm.edu,planetlab1.cs.okstate.edu,file32B.txt,2015/09/30 04:34:38,2015/09/30 04:34:39,1605.000000
pl3.cs.unm.edu,planetlab1.cs.okstate.edu,file1KB.txt,2015/09/30 04:34:39,2015/09/30 04:34:39,347.000000
pl3.cs.unm.edu,planetlab1.cs.okstate.edu,file256KB.txt,2015/09/30 04:34:39,2015/09/30 04:35:04,24624.000000
pl3.cs.unm.edu,planetlab1.cs.okstate.edu,file512KB.txt,2015/09/30 04:35:04,2015/09/30 04:35:55,51353.000000
pl3.cs.unm.edu,planetlab1.cs.okstate.edu,file1MB.txt,2015/09/30 04:35:55,2015/09/30 04:37:36,101340.000000
plab3.eece.ksu.edu,planetlab1.cs.okstate.edu,file32B.txt,2015/09/30 04:37:36,2015/09/30 04:37:36,113.000000
plab3.eece.ksu.edu,planetlab1.cs.okstate.edu,file1KB.txt,2015/09/30 04:37:36,2015/09/30 04:37:36,76.000000
plab3.eece.ksu.edu,planetlab1.cs.okstate.edu,file256KB.txt,2015/09/30 04:37:36,2015/09/30 04:37:42,6414.000000
plab3.eece.ksu.edu,planetlab1.cs.okstate.edu,file512KB.txt,2015/09/30 04:37:42,2015/09/30 04:37:52,9060.000000
plab3.eece.ksu.edu,planetlab1.cs.okstate.edu,file1MB.txt,2015/09/30 04:37:52,2015/09/30 04:38:15,23710.000000
planetlab-02.bu.edu,planetlab1.cs.okstate.edu,file32B.txt,2015/09/30 04:38:15,2015/09/30 04:38:15,413.000000
planetlab-02.bu.edu,planetlab1.cs.okstate.edu,file1KB.txt,2015/09/30 04:38:15,2015/09/30 04:38:16,1600.000000
planetlab-02.bu.edu,planetlab1.cs.okstate.edu,file256KB.txt,2015/09/30 04:38:16,2015/09/30 04:38:45,-28556.000000
planetlab-02.bu.edu,planetlab1.cs.okstate.edu,file512KB.txt,2015/09/30 04:38:45,2015/09/30 04:39:44,58849.000000
planetlab-02.bu.edu,planetlab1.cs.okstate.edu,file1MB.txt,2015/09/30 04:39:44,2015/09/30 04:41:41,117077.000000
planetlab1.clemson.edu,planetlab1.cs.okstate.edu,file32B.txt,2015/09/30 04:42:03,2015/09/30 04:42:03,379.000000
planetlab1.clemson.edu,planetlab1.cs.okstate.edu,file1KB.txt,2015/09/30 04:42:03,2015/09/30 04:42:03,279.000000
planetlab1.clemson.edu,planetlab1.cs.okstate.edu,file256KB.txt,2015/09/30 04:42:03,2015/09/30 04:42:24,21493.000000
planetlab1.clemson.edu,planetlab1.cs.okstate.edu,file512KB.txt,2015/09/30 04:42:24,2015/09/30 04:43:05,41008.000000
planetlab1.clemson.edu,planetlab1.cs.okstate.edu,file1MB.txt,2015/09/30 04:43:05,2015/09/30 04:44:27,82124.000000
planetlab1.cs.du.edu,planetlab1.cs.okstate.edu,file32B.txt,2015/09/30 04:44:27,2015/09/30 04:44:27,253.000000
planetlab1.cs.du.edu,planetlab1.cs.okstate.edu,file1KB.txt,2015/09/30 04:44:27,2015/09/30 04:44:27,304.000000
planetlab1.cs.du.edu,planetlab1.cs.okstate.edu,file256KB.txt,2015/09/30 04:44:27,2015/09/30 04:44:49,22707.000000
planetlab1.cs.du.edu,planetlab1.cs.okstate.edu,file512KB.txt,2015/09/30 04:44:49,2015/09/30 04:45:31,41664.000000
planetlab1.cs.du.edu,planetlab1.cs.okstate.edu,file1MB.txt,2015/09/30 04:45:31,2015/09/30 04:46:56,84618.000000
planetlab-1.cse.ohio-state.edu,planetlab1.cs.okstate.edu,file32B.txt,2015/09/30 04:46:57,2015/09/30 04:47:08,10764.000000
planetlab-1.cse.ohio-state.edu,planetlab1.cs.okstate.edu,file1KB.txt,2015/09/30 04:47:08,2015/09/30 04:47:10,1645.000000
planetlab-1.cse.ohio-state.edu,planetlab1.cs.okstate.edu,file256KB.txt,2015/09/30 04:47:10,2015/09/30 04:59:51,761240.000000
planetlab-1.cse.ohio-state.edu,planetlab1.cs.okstate.edu,file512KB.txt,2015/09/30 04:59:51,2015/09/30 05:50:37,1249379.000000
planetlab-1.cse.ohio-state.edu,planetlab1.cs.okstate.edu,file1MB.txt,2015/09/30 05:50:37,2015/09/30 08:00:51,-775336.000000
planetlab1.cs.okstate.edu,planetlab1.cs.okstate.edu,file32B.txt,2015/09/30 08:00:51,2015/09/30 08:00:51,1.000000
planetlab1.cs.okstate.edu,planetlab1.cs.okstate.edu,file1KB.txt,2015/09/30 08:00:51,2015/09/30 08:00:51,1.000000
planetlab1.cs.okstate.edu,planetlab1.cs.okstate.edu,file256KB.txt,2015/09/30 08:00:51,2015/09/30 08:00:51,19.000000
planetlab1.cs.okstate.edu,planetlab1.cs.okstate.edu,file512KB.txt,2015/09/30 08:00:51,2015/09/30 08:00:51,40.000000
planetlab1.cs.okstate.edu,planetlab1.cs.okstate.edu,file1MB.txt,2015/09/30 08:00:51,2015/09/30 08:00:51,78.000000
planetlab1.cs.ucla.edu,planetlab1.cs.okstate.edu,file32B.txt,2015/09/30 08:00:51,2015/09/30 08:00:51,309.000000
planetlab1.cs.ucla.edu,planetlab1.cs.okstate.edu,file1KB.txt,2015/09/30 08:00:51,2015/09/30 08:00:52,1643.000000
planetlab1.cs.ucla.edu,planetlab1.cs.okstate.edu,file256KB.txt,2015/09/30 08:00:52,2015/09/30 08:01:18,25849.000000
planetlab1.cs.ucla.edu,planetlab1.cs.okstate.edu,file512KB.txt,2015/09/30 08:01:18,2015/09/30 08:02:10,51915.000000
planetlab1.cs.ucla.edu,planetlab1.cs.okstate.edu,file1MB.txt,2015/09/30 08:02:10,2015/09/30 08:03:56,106281.000000
planetlab1.csuohio.edu,planetlab1.cs.okstate.edu,file32B.txt,2015/09/30 08:03:56,2015/09/30 08:03:56,830.000000
planetlab1.csuohio.edu,planetlab1.cs.okstate.edu,file1KB.txt,2015/09/30 08:03:56,2015/09/30 08:03:57,1050.000000
planetlab1.csuohio.edu,planetlab1.cs.okstate.edu,file256KB.txt,2015/09/30 08:03:57,2015/09/30 08:04:27,29832.000000
planetlab1.csuohio.edu,planetlab1.cs.okstate.edu,file512KB.txt,2015/09/30 08:04:27,2015/09/30 08:05:18,51138.000000
planetlab1.csuohio.edu,planetlab1.cs.okstate.edu,file1MB.txt,2015/09/30 08:05:18,2015/09/30 08:07:10,112708.000000
planetlab1.ucsd.edu,planetlab1.cs.okstate.edu,file32B.txt,2015/09/30 08:07:31,2015/09/30 08:07:31,399.000000
planetlab1.ucsd.edu,planetlab1.cs.okstate.edu,file1KB.txt,2015/09/30 08:07:31,2015/09/30 08:07:32,1625.000000
planetlab1.ucsd.edu,planetlab1.cs.okstate.edu,file256KB.txt,2015/09/30 08:07:32,2015/09/30 08:08:02,29462.000000
planetlab1.ucsd.edu,planetlab1.cs.okstate.edu,file512KB.txt,2015/09/30 08:08:02,2015/09/30 08:08:57,55091.000000
planetlab1.ucsd.edu,planetlab1.cs.okstate.edu,file1MB.txt,2015/09/30 08:08:57,2015/09/30 08:10:55,118171.000000
planetlab2.acis.ufl.edu,planetlab1.cs.okstate.edu,file32B.txt,2015/09/30 08:10:55,2015/09/30 08:10:55,460.000000
planetlab2.acis.ufl.edu,planetlab1.cs.okstate.edu,file1KB.txt,2015/09/30 08:10:55,2015/09/30 08:11:01,6631.000000
planetlab2.acis.ufl.edu,planetlab1.cs.okstate.edu,file256KB.txt,2015/09/30 08:11:01,2015/09/30 08:11:27,25242.000000
planetlab2.acis.ufl.edu,planetlab1.cs.okstate.edu,file512KB.txt,2015/09/30 08:11:27,2015/09/30 08:12:44,77891.000000
planetlab2.acis.ufl.edu,planetlab1.cs.okstate.edu,file1MB.txt,2015/09/30 08:12:44,2015/09/30 08:14:29,-105042.000000
planetlab2.arizona-gigapop.net,planetlab1.cs.okstate.edu,file32B.txt,2015/09/30 08:14:29,2015/09/30 08:14:29,406.000000
planetlab2.arizona-gigapop.net,planetlab1.cs.okstate.edu,file1KB.txt,2015/09/30 08:14:29,2015/09/30 08:14:29,297.000000
planetlab2.arizona-gigapop.net,planetlab1.cs.okstate.edu,file256KB.txt,2015/09/30 08:14:29,2015/09/30 08:14:51,22538.000000
planetlab2.arizona-gigapop.net,planetlab1.cs.okstate.edu,file512KB.txt,2015/09/30 08:14:51,2015/09/30 08:15:33,41383.000000
planetlab2.arizona-gigapop.net,planetlab1.cs.okstate.edu,file1MB.txt,2015/09/30 08:15:33,2015/09/30 08:16:58,84834.000000
planetlab2.citadel.edu,planetlab1.cs.okstate.edu,file32B.txt,2015/09/30 08:16:58,2015/09/30 08:16:59,1505.000000
planetlab2.citadel.edu,planetlab1.cs.okstate.edu,file1KB.txt,2015/09/30 08:16:59,2015/09/30 08:16:59,349.000000
planetlab2.citadel.edu,planetlab1.cs.okstate.edu,file256KB.txt,2015/09/30 08:16:59,2015/09/30 08:17:24,25553.000000
planetlab2.citadel.edu,planetlab1.cs.okstate.edu,file512KB.txt,2015/09/30 08:17:24,2015/09/30 08:18:12,47415.000000
planetlab2.citadel.edu,planetlab1.cs.okstate.edu,file1MB.txt,2015/09/30 08:18:12,2015/09/30 08:19:49,97047.000000
planetlab2.cs.pitt.edu,planetlab1.cs.okstate.edu,file32B.txt,2015/09/30 08:19:49,2015/09/30 08:19:50,1722.000000
planetlab2.cs.pitt.edu,planetlab1.cs.okstate.edu,file1KB.txt,2015/09/30 08:19:50,2015/09/30 08:19:50,240.000000
planetlab2.cs.pitt.edu,planetlab1.cs.okstate.edu,file256KB.txt,2015/09/30 08:19:50,2015/09/30 08:20:07,16597.000000
planetlab2.cs.pitt.edu,planetlab1.cs.okstate.edu,file512KB.txt,2015/09/30 08:20:07,2015/09/30 08:20:42,35372.000000
planetlab2.cs.pitt.edu,planetlab1.cs.okstate.edu,file1MB.txt,2015/09/30 08:20:42,2015/09/30 08:21:51,69052.000000
planetlab2.cs.purdue.edu,planetlab1.cs.okstate.edu,file32B.txt,2015/09/30 08:21:51,2015/09/30 08:21:51,272.000000
planetlab2.cs.purdue.edu,planetlab1.cs.okstate.edu,file1KB.txt,2015/09/30 08:21:51,2015/09/30 08:21:51,288.000000
planetlab2.cs.purdue.edu,planetlab1.cs.okstate.edu,file256KB.txt,2015/09/30 08:21:51,2015/09/30 08:22:15,24317.000000
planetlab2.cs.purdue.edu,planetlab1.cs.okstate.edu,file512KB.txt,2015/09/30 08:22:15,2015/09/30 08:23:03,47950.000000
planetlab2.cs.purdue.edu,planetlab1.cs.okstate.edu,file1MB.txt,2015/09/30 08:23:03,2015/09/30 08:24:32,89502.000000
planetlab2.cs.uml.edu,planetlab1.cs.okstate.edu,file32B.txt,2015/09/30 08:25:14,2015/09/30 08:25:14,395.000000
planetlab2.cs.uml.edu,planetlab1.cs.okstate.edu,file1KB.txt,2015/09/30 08:25:14,2015/09/30 08:25:15,1679.000000
planetlab2.cs.uml.edu,planetlab1.cs.okstate.edu,file256KB.txt,2015/09/30 08:25:15,2015/09/30 08:25:38,22898.000000
planetlab2.cs.uml.edu,planetlab1.cs.okstate.edu,file512KB.txt,2015/09/30 08:25:38,2015/09/30 08:26:24,45808.000000
planetlab2.cs.uml.edu,planetlab1.cs.okstate.edu,file1MB.txt,2015/09/30 08:26:24,2015/09/30 08:27:57,92670.000000
planetlab2.cs.unc.edu,planetlab1.cs.okstate.edu,file32B.txt,2015/09/30 08:27:57,2015/09/30 08:27:58,1621.000000
planetlab2.cs.unc.edu,planetlab1.cs.okstate.edu,file1KB.txt,2015/09/30 08:27:58,2015/09/30 08:27:58,334.000000
planetlab2.cs.unc.edu,planetlab1.cs.okstate.edu,file256KB.txt,2015/09/30 08:27:58,2015/09/30 08:28:22,23769.000000
planetlab2.cs.unc.edu,planetlab1.cs.okstate.edu,file512KB.txt,2015/09/30 08:28:22,2015/09/30 08:29:11,49200.000000
planetlab2.cs.unc.edu,planetlab1.cs.okstate.edu,file1MB.txt,2015/09/30 08:29:11,2015/09/30 08:30:48,97410.000000
planetlab2.cs.uoregon.edu,planetlab1.cs.okstate.edu,file32B.txt,2015/09/30 08:30:48,2015/09/30 08:30:48,497.000000
planetlab2.cs.uoregon.edu,planetlab1.cs.okstate.edu,file1KB.txt,2015/09/30 08:30:48,2015/09/30 08:30:49,1578.000000
planetlab2.cs.uoregon.edu,planetlab1.cs.okstate.edu,file256KB.txt,2015/09/30 08:30:49,2015/09/30 08:31:20,30186.000000
planetlab2.cs.uoregon.edu,planetlab1.cs.okstate.edu,file512KB.txt,2015/09/30 08:31:20,2015/09/30 08:32:21,61081.000000
planetlab2.cs.uoregon.edu,planetlab1.cs.okstate.edu,file1MB.txt,2015/09/30 08:32:21,2015/09/30 08:34:23,122516.000000
planetlab2.temple.edu,planetlab1.cs.okstate.edu,file32B.txt,2015/09/30 08:34:23,2015/09/30 08:34:23,395.000000
planetlab2.temple.edu,planetlab1.cs.okstate.edu,file1KB.txt,2015/09/30 08:34:23,2015/09/30 08:34:24,1610.000000
planetlab2.temple.edu,planetlab1.cs.okstate.edu,file256KB.txt,2015/09/30 08:34:24,2015/09/30 08:34:52,27942.000000
planetlab2.temple.edu,planetlab1.cs.okstate.edu,file512KB.txt,2015/09/30 08:34:52,2015/09/30 08:35:47,54162.000000
planetlab2.temple.edu,planetlab1.cs.okstate.edu,file1MB.txt,2015/09/30 08:35:47,2015/09/30 08:37:39,112086.000000
planetlab2.unl.edu,planetlab1.cs.okstate.edu,file32B.txt,2015/09/30 08:37:39,2015/09/30 08:37:39,96.000000
planetlab2.unl.edu,planetlab1.cs.okstate.edu,file1KB.txt,2015/09/30 08:37:39,2015/09/30 08:37:40,1906.000000
planetlab2.unl.edu,planetlab1.cs.okstate.edu,file256KB.txt,2015/09/30 08:37:40,2015/09/30 08:37:46,5845.000000
planetlab2.unl.edu,planetlab1.cs.okstate.edu,file512KB.txt,2015/09/30 08:37:46,2015/09/30 08:37:58,11769.000000
planetlab2.unl.edu,planetlab1.cs.okstate.edu,file1MB.txt,2015/09/30 08:37:58,2015/09/30 08:38:23,25439.000000
planetlab2.unr.edu,planetlab1.cs.okstate.edu,file32B.txt,2015/09/30 08:38:23,2015/09/30 08:38:23,380.000000
planetlab2.unr.edu,planetlab1.cs.okstate.edu,file1KB.txt,2015/09/30 08:38:23,2015/09/30 08:38:23,266.000000
planetlab2.unr.edu,planetlab1.cs.okstate.edu,file256KB.txt,2015/09/30 08:38:23,2015/09/30 08:38:42,19279.000000
planetlab2.unr.edu,planetlab1.cs.okstate.edu,file512KB.txt,2015/09/30 08:38:42,2015/09/30 08:39:19,36754.000000
planetlab2.unr.edu,planetlab1.cs.okstate.edu,file1MB.txt,2015/09/30 08:39:19,2015/09/30 08:40:33,73709.000000
planetlab2.uta.edu,planetlab1.cs.okstate.edu,file32B.txt,2015/09/30 08:40:33,2015/09/30 08:40:34,1835.000000
planetlab2.uta.edu,planetlab1.cs.okstate.edu,file1KB.txt,2015/09/30 08:40:34,2015/09/30 08:40:34,126.000000
planetlab2.uta.edu,planetlab1.cs.okstate.edu,file256KB.txt,2015/09/30 08:40:34,2015/09/30 08:40:42,7256.000000
planetlab2.uta.edu,planetlab1.cs.okstate.edu,file512KB.txt,2015/09/30 08:40:42,2015/09/30 08:41:00,18549.000000
planetlab2.uta.edu,planetlab1.cs.okstate.edu,file1MB.txt,2015/09/30 08:41:00,2015/09/30 08:41:35,35210.000000
planetlab2.utdallas.edu,planetlab1.cs.okstate.edu,file32B.txt,2015/09/30 08:41:35,2015/09/30 08:41:35,210.000000
planetlab2.utdallas.edu,planetlab1.cs.okstate.edu,file1KB.txt,2015/09/30 08:41:35,2015/09/30 08:41:35,127.000000
planetlab2.utdallas.edu,planetlab1.cs.okstate.edu,file256KB.txt,2015/09/30 08:41:35,2015/09/30 08:41:44,9276.000000
planetlab2.utdallas.edu,planetlab1.cs.okstate.edu,file512KB.txt,2015/09/30 08:41:44,2015/09/30 08:42:01,16602.000000
planetlab2.utdallas.edu,planetlab1.cs.okstate.edu,file1MB.txt,2015/09/30 08:42:01,2015/09/30 08:42:36,35297.000000
planetlab3.eecs.umich.edu,planetlab1.cs.okstate.edu,file32B.txt,2015/09/30 08:42:36,2015/09/30 08:42:36,211.000000
planetlab3.eecs.umich.edu,planetlab1.cs.okstate.edu,file1KB.txt,2015/09/30 08:42:36,2015/09/30 08:42:36,179.000000
planetlab3.eecs.umich.edu,planetlab1.cs.okstate.edu,file256KB.txt,2015/09/30 08:42:36,2015/09/30 08:42:49,13715.000000
planetlab3.eecs.umich.edu,planetlab1.cs.okstate.edu,file512KB.txt,2015/09/30 08:42:49,2015/09/30 08:43:13,23598.000000
planetlab3.eecs.umich.edu,planetlab1.cs.okstate.edu,file1MB.txt,2015/09/30 08:43:13,2015/09/30 08:44:02,49195.000000
planetlab3.rutgers.edu,planetlab1.cs.okstate.edu,file32B.txt,2015/09/30 08:44:02,2015/09/30 08:44:02,441.000000
planetlab3.rutgers.edu,planetlab1.cs.okstate.edu,file1KB.txt,2015/09/30 08:44:02,2015/09/30 08:44:03,1649.000000
planetlab3.rutgers.edu,planetlab1.cs.okstate.edu,file256KB.txt,2015/09/30 08:44:03,2015/09/30 08:44:28,24893.000000
planetlab3.rutgers.edu,planetlab1.cs.okstate.edu,file512KB.txt,2015/09/30 08:44:28,2015/09/30 08:46:19,110420.000000
planetlab3.rutgers.edu,planetlab1.cs.okstate.edu,file1MB.txt,2015/09/30 08:46:19,2015/09/30 08:48:23,123877.000000
planetlab3.wail.wisc.edu,planetlab1.cs.okstate.edu,file32B.txt,2015/09/30 08:48:23,2015/09/30 08:48:24,1642.000000
planetlab3.wail.wisc.edu,planetlab1.cs.okstate.edu,file1KB.txt,2015/09/30 08:48:24,2015/09/30 08:48:24,258.000000
planetlab3.wail.wisc.edu,planetlab1.cs.okstate.edu,file256KB.txt,2015/09/30 08:48:24,2015/09/30 08:48:43,19378.000000
planetlab3.wail.wisc.edu,planetlab1.cs.okstate.edu,file512KB.txt,2015/09/30 08:48:43,2015/09/30 08:49:20,36919.000000
planetlab3.wail.wisc.edu,planetlab1.cs.okstate.edu,file1MB.txt,2015/09/30 08:49:20,2015/09/30 08:50:34,74141.000000
planetlab4.tamu.edu,planetlab1.cs.okstate.edu,file32B.txt,2015/09/30 08:50:34,2015/09/30 08:50:34,171.000000
planetlab4.tamu.edu,planetlab1.cs.okstate.edu,file1KB.txt,2015/09/30 08:50:34,2015/09/30 08:50:34,145.000000
planetlab4.tamu.edu,planetlab1.cs.okstate.edu,file256KB.txt,2015/09/30 08:50:34,2015/09/30 08:50:44,9763.000000
planetlab4.tamu.edu,planetlab1.cs.okstate.edu,file512KB.txt,2015/09/30 08:50:44,2015/09/30 08:51:04,19612.000000
planetlab4.tamu.edu,planetlab1.cs.okstate.edu,file1MB.txt,2015/09/30 08:51:04,2015/09/30 08:51:45,41278.000000
planetlab-5.eecs.cwru.edu,planetlab1.cs.okstate.edu,file32B.txt,2015/09/30 08:51:45,2015/09/30 08:51:46,1642.000000
planetlab-5.eecs.cwru.edu,planetlab1.cs.okstate.edu,file1KB.txt,2015/09/30 08:51:46,2015/09/30 08:51:46,319.000000
planetlab-5.eecs.cwru.edu,planetlab1.cs.okstate.edu,file256KB.txt,2015/09/30 08:51:46,2015/09/30 08:52:09,22730.000000
planetlab-5.eecs.cwru.edu,planetlab1.cs.okstate.edu,file512KB.txt,2015/09/30 08:52:09,2015/09/30 08:52:55,45840.000000
planetlab-5.eecs.cwru.edu,planetlab1.cs.okstate.edu,file1MB.txt,2015/09/30 08:52:55,2015/09/30 08:54:27,92055.000000
planetlabone.ccs.neu.edu,planetlab1.cs.okstate.edu,file32B.txt,2015/09/30 08:54:27,2015/09/30 08:54:29,1841.000000
planetlabone.ccs.neu.edu,planetlab1.cs.okstate.edu,file1KB.txt,2015/09/30 08:54:29,2015/09/30 08:54:30,1675.000000
planetlabone.ccs.neu.edu,planetlab1.cs.okstate.edu,file256KB.txt,2015/09/30 08:54:30,2015/09/30 08:55:11,40959.000000
planetlabone.ccs.neu.edu,planetlab1.cs.okstate.edu,file512KB.txt,2015/09/30 08:55:11,2015/09/30 08:56:04,52348.000000
planetlabone.ccs.neu.edu,planetlab1.cs.okstate.edu,file1MB.txt,2015/09/30 08:56:04,2015/09/30 08:57:34,90485.000000
pl-node-0.csl.sri.com,planetlab1.cs.okstate.edu,file32B.txt,2015/09/30 08:57:34,2015/09/30 08:57:35,720.000000
pl-node-0.csl.sri.com,planetlab1.cs.okstate.edu,file1KB.txt,2015/09/30 08:57:35,2015/09/30 08:57:36,1638.000000
pl-node-0.csl.sri.com,planetlab1.cs.okstate.edu,file256KB.txt,2015/09/30 08:57:36,2015/09/30 08:58:02,25522.000000
pl-node-0.csl.sri.com,planetlab1.cs.okstate.edu,file512KB.txt,2015/09/30 08:58:02,2015/09/30 08:58:54,51778.000000
pl-node-0.csl.sri.com,planetlab1.cs.okstate.edu,file1MB.txt,2015/09/30 08:58:54,2015/09/30 09:00:39,105619.000000
ricepl-5.cs.rice.edu,planetlab1.cs.okstate.edu,file32B.txt,2015/09/30 09:00:39,2015/09/30 09:00:39,209.000000
ricepl-5.cs.rice.edu,planetlab1.cs.okstate.edu,file1KB.txt,2015/09/30 09:00:39,2015/09/30 09:00:39,139.000000
ricepl-5.cs.rice.edu,planetlab1.cs.okstate.edu,file256KB.txt,2015/09/30 09:00:39,2015/09/30 09:00:48,8744.000000
ricepl-5.cs.rice.edu,planetlab1.cs.okstate.edu,file512KB.txt,2015/09/30 09:00:48,2015/09/30 09:01:07,19642.000000
ricepl-5.cs.rice.edu,planetlab1.cs.okstate.edu,file1MB.txt,2015/09/30 09:01:07,2015/09/30 09:01:44,36841.000000
salt.planetlab.cs.umd.edu,planetlab1.cs.okstate.edu,file32B.txt,2015/09/30 09:01:44,2015/09/30 09:01:45,757.000000
salt.planetlab.cs.umd.edu,planetlab1.cs.okstate.edu,file1KB.txt,2015/09/30 09:01:45,2015/09/30 09:01:45,322.000000
salt.planetlab.cs.umd.edu,planetlab1.cs.okstate.edu,file256KB.txt,2015/09/30 09:01:45,2015/09/30 09:02:09,24944.000000
salt.planetlab.cs.umd.edu,planetlab1.cs.okstate.edu,file512KB.txt,2015/09/30 09:02:09,2015/09/30 09:02:54,44147.000000
salt.planetlab.cs.umd.edu,planetlab1.cs.okstate.edu,file1MB.txt,2015/09/30 09:02:54,2015/09/30 09:04:26,92496.000000
pl1.eecs.utk.edu,planetlab1.cs.okstate.edu,file32B.txt,2015/09/30 09:04:26,2015/09/30 09:04:27,991.000000
pl1.eecs.utk.edu,planetlab1.cs.okstate.edu,file1KB.txt,2015/09/30 09:04:27,2015/09/30 09:04:28,739.000000
pl1.eecs.utk.edu,planetlab1.cs.okstate.edu,file256KB.txt,2015/09/30 09:04:28,2015/09/30 09:06:38,129851.000000
pl1.eecs.utk.edu,planetlab1.cs.okstate.edu,file512KB.txt,2015/09/30 09:06:38,2015/09/30 09:11:24,286054.000000
pl1.eecs.utk.edu,planetlab1.cs.okstate.edu,file1MB.txt,2015/09/30 09:11:24,2015/09/30 09:21:56,632236.000000
planetlab-01.vt.nodes.planet-lab.org,planetlab1.cs.okstate.edu,file32B.txt,2015/09/30 09:21:56,2015/09/30 09:21:57,1501.000000
planetlab-01.vt.nodes.planet-lab.org,planetlab1.cs.okstate.edu,file1KB.txt,2015/09/30 09:21:57,2015/09/30 09:21:57,408.000000
planetlab-01.vt.nodes.planet-lab.org,planetlab1.cs.okstate.edu,file256KB.txt,2015/09/30 09:21:57,2015/09/30 09:22:26,28803.000000
planetlab-01.vt.nodes.planet-lab.org,planetlab1.cs.okstate.edu,file512KB.txt,2015/09/30 09:22:26,2015/09/30 09:23:22,56199.000000
planetlab-01.vt.nodes.planet-lab.org,planetlab1.cs.okstate.edu,file1MB.txt,2015/09/30 09:23:22,2015/09/30 09:25:05,-103257.000000
planetlab-04.vt.nodes.planet-lab.org,planetlab1.cs.okstate.edu,file32B.txt,2015/09/30 09:25:05,2015/09/30 09:25:05,454.000000
planetlab-04.vt.nodes.planet-lab.org,planetlab1.cs.okstate.edu,file1KB.txt,2015/09/30 09:25:05,2015/09/30 09:25:06,1575.000000
planetlab-04.vt.nodes.planet-lab.org,planetlab1.cs.okstate.edu,file256KB.txt,2015/09/30 09:25:06,2015/09/30 09:25:34,28122.000000
planetlab-04.vt.nodes.planet-lab.org,planetlab1.cs.okstate.edu,file512KB.txt,2015/09/30 09:25:34,2015/09/30 09:26:31,56119.000000
planetlab-04.vt.nodes.planet-lab.org,planetlab1.cs.okstate.edu,file1MB.txt,2015/09/30 09:26:31,2015/09/30 09:28:22,111269.000000
planetlab-4.eecs.cwru.edu,planetlab1.cs.okstate.edu,file32B.txt,2015/09/30 09:28:22,2015/09/30 09:28:23,1586.000000
planetlab-4.eecs.cwru.edu,planetlab1.cs.okstate.edu,file1KB.txt,2015/09/30 09:28:23,2015/09/30 09:28:23,345.000000
planetlab-4.eecs.cwru.edu,planetlab1.cs.okstate.edu,file256KB.txt,2015/09/30 09:28:23,2015/09/30 09:28:46,22802.000000
planetlab-4.eecs.cwru.edu,planetlab1.cs.okstate.edu,file512KB.txt,2015/09/30 09:28:46,2015/09/30 09:29:32,45792.000000
planetlab-4.eecs.cwru.edu,planetlab1.cs.okstate.edu,file1MB.txt,2015/09/30 09:29:32,2015/09/30 09:31:04,91934.000000
planetlab01.cs.washington.edu,planetlab1.cs.okstate.edu,file32B.txt,2015/09/30 09:31:04,2015/09/30 09:31:05,1631.000000
planetlab01.cs.washington.edu,planetlab1.cs.okstate.edu,file1KB.txt,2015/09/30 09:31:05,2015/09/30 09:31:05,336.000000
planetlab01.cs.washington.edu,planetlab1.cs.okstate.edu,file256KB.txt,2015/09/30 09:31:05,2015/09/30 09:31:28,23130.000000
planetlab01.cs.washington.edu,planetlab1.cs.okstate.edu,file512KB.txt,2015/09/30 09:31:28,2015/09/30 09:32:13,44721.000000
planetlab01.cs.washington.edu,planetlab1.cs.okstate.edu,file1MB.txt,2015/09/30 09:32:13,2015/09/30 09:33:44,91585.000000
planetlab02.cs.washington.edu,planetlab1.cs.okstate.edu,file32B.txt,2015/09/30 09:33:44,2015/09/30 09:33:44,352.000000
planetlab02.cs.washington.edu,planetlab1.cs.okstate.edu,file1KB.txt,2015/09/30 09:33:44,2015/09/30 09:33:44,336.000000
planetlab02.cs.washington.edu,planetlab1.cs.okstate.edu,file256KB.txt,2015/09/30 09:33:44,2015/09/30 09:34:07,23244.000000
planetlab02.cs.washington.edu,planetlab1.cs.okstate.edu,file512KB.txt,2015/09/30 09:34:07,2015/09/30 09:34:53,46480.000000
planetlab02.cs.washington.edu,planetlab1.cs.okstate.edu,file1MB.txt,2015/09/30 09:34:53,2015/09/30 09:36:23,89709.000000
planetlab1.arizona-gigapop.net,planetlab1.cs.okstate.edu,file32B.txt,2015/09/30 09:36:23,2015/09/30 09:36:23,388.000000
planetlab1.arizona-gigapop.net,planetlab1.cs.okstate.edu,file1KB.txt,2015/09/30 09:36:23,2015/09/30 09:36:24,1698.000000
planetlab1.arizona-gigapop.net,planetlab1.cs.okstate.edu,file256KB.txt,2015/09/30 09:36:24,2015/09/30 09:36:45,20559.000000
planetlab1.arizona-gigapop.net,planetlab1.cs.okstate.edu,file512KB.txt,2015/09/30 09:36:45,2015/09/30 09:37:28,43434.000000
planetlab1.arizona-gigapop.net,planetlab1.cs.okstate.edu,file1MB.txt,2015/09/30 09:37:28,2015/09/30 09:38:53,85049.000000
planetlab1.cs.unc.edu,planetlab1.cs.okstate.edu,file32B.txt,2015/09/30 09:38:53,2015/09/30 09:38:53,383.000000
planetlab1.cs.unc.edu,planetlab1.cs.okstate.edu,file1KB.txt,2015/09/30 09:38:53,2015/09/30 09:38:53,337.000000
planetlab1.cs.unc.edu,planetlab1.cs.okstate.edu,file256KB.txt,2015/09/30 09:38:53,2015/09/30 09:39:17,24594.000000
planetlab1.cs.unc.edu,planetlab1.cs.okstate.edu,file512KB.txt,2015/09/30 09:39:17,2015/09/30 09:40:03,45478.000000
planetlab1.cs.unc.edu,planetlab1.cs.okstate.edu,file1MB.txt,2015/09/30 09:40:03,2015/09/30 09:41:36,93522.000000
