ebb.colgate.edu,planetlab-04.vt.nodes.planet-lab.org,file32B.txt,2015/09/30 04:13:45,2015/09/30 04:13:45,218.000000
ebb.colgate.edu,planetlab-04.vt.nodes.planet-lab.org,file1KB.txt,2015/09/30 04:13:45,2015/09/30 04:13:46,1811.000000
ebb.colgate.edu,planetlab-04.vt.nodes.planet-lab.org,file256KB.txt,2015/09/30 04:13:46,2015/09/30 04:14:21,34961.000000
ebb.colgate.edu,planetlab-04.vt.nodes.planet-lab.org,file512KB.txt,2015/09/30 04:14:21,2015/09/30 04:15:28,67167.000000
ebb.colgate.edu,planetlab-04.vt.nodes.planet-lab.org,file1MB.txt,2015/09/30 04:15:28,2015/09/30 04:17:30,121163.000000
kc-sce-plab2.umkc.edu,planetlab-04.vt.nodes.planet-lab.org,file32B.txt,2015/09/30 04:17:30,2015/09/30 04:17:31,1284.000000
kc-sce-plab2.umkc.edu,planetlab-04.vt.nodes.planet-lab.org,file1KB.txt,2015/09/30 04:17:31,2015/09/30 04:17:32,1356.000000
kc-sce-plab2.umkc.edu,planetlab-04.vt.nodes.planet-lab.org,file256KB.txt,2015/09/30 04:17:32,2015/09/30 04:18:32,59265.000000
kc-sce-plab2.umkc.edu,planetlab-04.vt.nodes.planet-lab.org,file512KB.txt,2015/09/30 04:18:32,2015/09/30 04:21:11,159018.000000
kc-sce-plab2.umkc.edu,planetlab-04.vt.nodes.planet-lab.org,file1MB.txt,2015/09/30 04:21:11,2015/09/30 04:27:44,393093.000000
node1.planetlab.mathcs.emory.edu,planetlab-04.vt.nodes.planet-lab.org,file32B.txt,2015/09/30 04:27:44,2015/09/30 04:27:45,1853.000000
node1.planetlab.mathcs.emory.edu,planetlab-04.vt.nodes.planet-lab.org,file1KB.txt,2015/09/30 04:27:45,2015/09/30 04:27:45,89.000000
node1.planetlab.mathcs.emory.edu,planetlab-04.vt.nodes.planet-lab.org,file256KB.txt,2015/09/30 04:27:45,2015/09/30 04:27:51,5447.000000
node1.planetlab.mathcs.emory.edu,planetlab-04.vt.nodes.planet-lab.org,file512KB.txt,2015/09/30 04:27:51,2015/09/30 04:28:06,15292.000000
node1.planetlab.mathcs.emory.edu,planetlab-04.vt.nodes.planet-lab.org,file1MB.txt,2015/09/30 04:28:06,2015/09/30 04:28:32,25461.000000
pl3.cs.unm.edu,planetlab-04.vt.nodes.planet-lab.org,file32B.txt,2015/09/30 04:28:54,2015/09/30 04:28:54,483.000000
pl3.cs.unm.edu,planetlab-04.vt.nodes.planet-lab.org,file1KB.txt,2015/09/30 04:28:54,2015/09/30 04:28:55,1603.000000
pl3.cs.unm.edu,planetlab-04.vt.nodes.planet-lab.org,file256KB.txt,2015/09/30 04:28:55,2015/09/30 04:29:24,28911.000000
pl3.cs.unm.edu,planetlab-04.vt.nodes.planet-lab.org,file512KB.txt,2015/09/30 04:29:24,2015/09/30 04:30:22,57664.000000
pl3.cs.unm.edu,planetlab-04.vt.nodes.planet-lab.org,file1MB.txt,2015/09/30 04:30:22,2015/09/30 04:32:18,116127.000000
plab3.eece.ksu.edu,planetlab-04.vt.nodes.planet-lab.org,file32B.txt,2015/09/30 04:32:18,2015/09/30 04:32:18,417.000000
plab3.eece.ksu.edu,planetlab-04.vt.nodes.planet-lab.org,file1KB.txt,2015/09/30 04:32:18,2015/09/30 04:32:19,1731.000000
plab3.eece.ksu.edu,planetlab-04.vt.nodes.planet-lab.org,file256KB.txt,2015/09/30 04:32:19,2015/09/30 04:32:38,18244.000000
plab3.eece.ksu.edu,planetlab-04.vt.nodes.planet-lab.org,file512KB.txt,2015/09/30 04:32:38,2015/09/30 04:33:18,40630.000000
plab3.eece.ksu.edu,planetlab-04.vt.nodes.planet-lab.org,file1MB.txt,2015/09/30 04:33:18,2015/09/30 04:34:36,77572.000000
planetlab-02.bu.edu,planetlab-04.vt.nodes.planet-lab.org,file32B.txt,2015/09/30 04:34:36,2015/09/30 04:34:37,1758.000000
planetlab-02.bu.edu,planetlab-04.vt.nodes.planet-lab.org,file1KB.txt,2015/09/30 04:34:37,2015/09/30 04:34:37,192.000000
planetlab-02.bu.edu,planetlab-04.vt.nodes.planet-lab.org,file256KB.txt,2015/09/30 04:34:37,2015/09/30 04:34:51,13691.000000
planetlab-02.bu.edu,planetlab-04.vt.nodes.planet-lab.org,file512KB.txt,2015/09/30 04:34:51,2015/09/30 04:35:20,29450.000000
planetlab-02.bu.edu,planetlab-04.vt.nodes.planet-lab.org,file1MB.txt,2015/09/30 04:35:20,2015/09/30 04:36:16,55651.000000
planetlab1.clemson.edu,planetlab-04.vt.nodes.planet-lab.org,file32B.txt,2015/09/30 04:36:19,2015/09/30 04:36:20,1813.000000
planetlab1.clemson.edu,planetlab-04.vt.nodes.planet-lab.org,file1KB.txt,2015/09/30 04:36:20,2015/09/30 04:36:20,144.000000
planetlab1.clemson.edu,planetlab-04.vt.nodes.planet-lab.org,file256KB.txt,2015/09/30 04:36:20,2015/09/30 04:36:30,9564.000000
planetlab1.clemson.edu,planetlab-04.vt.nodes.planet-lab.org,file512KB.txt,2015/09/30 04:36:30,2015/09/30 04:36:51,21285.000000
planetlab1.clemson.edu,planetlab-04.vt.nodes.planet-lab.org,file1MB.txt,2015/09/30 04:36:51,2015/09/30 04:37:32,40639.000000
planetlab1.cs.du.edu,planetlab-04.vt.nodes.planet-lab.org,file32B.txt,2015/09/30 04:37:32,2015/09/30 04:37:33,1663.000000
planetlab1.cs.du.edu,planetlab-04.vt.nodes.planet-lab.org,file1KB.txt,2015/09/30 04:37:33,2015/09/30 04:37:33,345.000000
planetlab1.cs.du.edu,planetlab-04.vt.nodes.planet-lab.org,file256KB.txt,2015/09/30 04:37:33,2015/09/30 04:37:58,24741.000000
planetlab1.cs.du.edu,planetlab-04.vt.nodes.planet-lab.org,file512KB.txt,2015/09/30 04:37:58,2015/09/30 04:38:49,-51520.000000
planetlab1.cs.du.edu,planetlab-04.vt.nodes.planet-lab.org,file1MB.txt,2015/09/30 04:38:49,2015/09/30 04:40:29,99376.000000
planetlab-1.cse.ohio-state.edu,planetlab-04.vt.nodes.planet-lab.org,file32B.txt,2015/09/30 04:40:30,2015/09/30 04:41:18,47430.000000
planetlab-1.cse.ohio-state.edu,planetlab-04.vt.nodes.planet-lab.org,file1KB.txt,2015/09/30 04:41:18,2015/09/30 04:41:20,2203.000000
planetlab-1.cse.ohio-state.edu,planetlab-04.vt.nodes.planet-lab.org,file256KB.txt,2015/09/30 04:41:20,2015/09/30 04:56:05,885262.000000
planetlab-1.cse.ohio-state.edu,planetlab-04.vt.nodes.planet-lab.org,file512KB.txt,2015/09/30 04:56:05,2015/09/30 05:44:55,-1365406.000000
planetlab-1.cse.ohio-state.edu,planetlab-04.vt.nodes.planet-lab.org,file1MB.txt,2015/09/30 05:44:55,2015/09/30 08:00:15,469883.000000
planetlab1.cs.okstate.edu,planetlab-04.vt.nodes.planet-lab.org,file32B.txt,2015/09/30 08:00:15,2015/09/30 08:00:16,1458.000000
planetlab1.cs.okstate.edu,planetlab-04.vt.nodes.planet-lab.org,file1KB.txt,2015/09/30 08:00:16,2015/09/30 08:00:16,349.000000
planetlab1.cs.okstate.edu,planetlab-04.vt.nodes.planet-lab.org,file256KB.txt,2015/09/30 08:00:16,2015/09/30 08:00:43,27077.000000
planetlab1.cs.okstate.edu,planetlab-04.vt.nodes.planet-lab.org,file512KB.txt,2015/09/30 08:00:43,2015/09/30 08:01:36,52405.000000
planetlab1.cs.okstate.edu,planetlab-04.vt.nodes.planet-lab.org,file1MB.txt,2015/09/30 08:01:36,2015/09/30 08:03:19,103684.000000
planetlab1.cs.ucla.edu,planetlab-04.vt.nodes.planet-lab.org,file32B.txt,2015/09/30 08:03:19,2015/09/30 08:03:20,1300.000000
planetlab1.cs.ucla.edu,planetlab-04.vt.nodes.planet-lab.org,file1KB.txt,2015/09/30 08:03:20,2015/09/30 08:03:20,589.000000
planetlab1.cs.ucla.edu,planetlab-04.vt.nodes.planet-lab.org,file256KB.txt,2015/09/30 08:03:20,2015/09/30 08:04:00,40275.000000
planetlab1.cs.ucla.edu,planetlab-04.vt.nodes.planet-lab.org,file512KB.txt,2015/09/30 08:04:00,2015/09/30 08:05:18,77429.000000
planetlab1.cs.ucla.edu,planetlab-04.vt.nodes.planet-lab.org,file1MB.txt,2015/09/30 08:05:18,2015/09/30 08:07:57,159178.000000
planetlab1.csuohio.edu,planetlab-04.vt.nodes.planet-lab.org,file32B.txt,2015/09/30 08:07:57,2015/09/30 08:07:57,260.000000
planetlab1.csuohio.edu,planetlab-04.vt.nodes.planet-lab.org,file1KB.txt,2015/09/30 08:07:57,2015/09/30 08:07:58,1765.000000
planetlab1.csuohio.edu,planetlab-04.vt.nodes.planet-lab.org,file256KB.txt,2015/09/30 08:07:58,2015/09/30 08:08:15,16482.000000
planetlab1.csuohio.edu,planetlab-04.vt.nodes.planet-lab.org,file512KB.txt,2015/09/30 08:08:15,2015/09/30 08:08:50,35329.000000
planetlab1.csuohio.edu,planetlab-04.vt.nodes.planet-lab.org,file1MB.txt,2015/09/30 08:08:50,2015/09/30 08:10:00,69824.000000
planetlab1.ucsd.edu,planetlab-04.vt.nodes.planet-lab.org,file32B.txt,2015/09/30 08:10:21,2015/09/30 08:10:22,1353.000000
planetlab1.ucsd.edu,planetlab-04.vt.nodes.planet-lab.org,file1KB.txt,2015/09/30 08:10:22,2015/09/30 08:10:23,1446.000000
planetlab1.ucsd.edu,planetlab-04.vt.nodes.planet-lab.org,file256KB.txt,2015/09/30 08:10:23,2015/09/30 08:11:03,39682.000000
planetlab1.ucsd.edu,planetlab-04.vt.nodes.planet-lab.org,file512KB.txt,2015/09/30 08:11:03,2015/09/30 08:12:25,81578.000000
planetlab1.ucsd.edu,planetlab-04.vt.nodes.planet-lab.org,file1MB.txt,2015/09/30 08:12:25,2015/09/30 08:15:07,-162271.000000
planetlab2.acis.ufl.edu,planetlab-04.vt.nodes.planet-lab.org,file32B.txt,2015/09/30 08:15:07,2015/09/30 08:15:07,334.000000
planetlab2.acis.ufl.edu,planetlab-04.vt.nodes.planet-lab.org,file1KB.txt,2015/09/30 08:15:07,2015/09/30 08:15:08,1735.000000
planetlab2.acis.ufl.edu,planetlab-04.vt.nodes.planet-lab.org,file256KB.txt,2015/09/30 08:15:08,2015/09/30 08:15:27,18152.000000
planetlab2.acis.ufl.edu,planetlab-04.vt.nodes.planet-lab.org,file512KB.txt,2015/09/30 08:15:27,2015/09/30 08:16:06,39639.000000
planetlab2.acis.ufl.edu,planetlab-04.vt.nodes.planet-lab.org,file1MB.txt,2015/09/30 08:16:06,2015/09/30 08:17:22,75429.000000
planetlab2.arizona-gigapop.net,planetlab-04.vt.nodes.planet-lab.org,file32B.txt,2015/09/30 08:17:22,2015/09/30 08:17:23,1495.000000
planetlab2.arizona-gigapop.net,planetlab-04.vt.nodes.planet-lab.org,file1KB.txt,2015/09/30 08:17:23,2015/09/30 08:17:23,471.000000
planetlab2.arizona-gigapop.net,planetlab-04.vt.nodes.planet-lab.org,file256KB.txt,2015/09/30 08:17:23,2015/09/30 08:17:58,35243.000000
planetlab2.arizona-gigapop.net,planetlab-04.vt.nodes.planet-lab.org,file512KB.txt,2015/09/30 08:17:58,2015/09/30 08:19:07,68836.000000
planetlab2.arizona-gigapop.net,planetlab-04.vt.nodes.planet-lab.org,file1MB.txt,2015/09/30 08:19:07,2015/09/30 08:21:25,137959.000000
planetlab2.citadel.edu,planetlab-04.vt.nodes.planet-lab.org,file32B.txt,2015/09/30 08:21:25,2015/09/30 08:21:26,1707.000000
planetlab2.citadel.edu,planetlab-04.vt.nodes.planet-lab.org,file1KB.txt,2015/09/30 08:21:26,2015/09/30 08:21:26,232.000000
planetlab2.citadel.edu,planetlab-04.vt.nodes.planet-lab.org,file256KB.txt,2015/09/30 08:21:26,2015/09/30 08:21:42,15812.000000
planetlab2.citadel.edu,planetlab-04.vt.nodes.planet-lab.org,file512KB.txt,2015/09/30 08:21:42,2015/09/30 08:22:14,31725.000000
planetlab2.citadel.edu,planetlab-04.vt.nodes.planet-lab.org,file1MB.txt,2015/09/30 08:22:14,2015/09/30 08:23:21,67245.000000
planetlab2.cs.pitt.edu,planetlab-04.vt.nodes.planet-lab.org,file32B.txt,2015/09/30 08:23:21,2015/09/30 08:23:21,171.000000
planetlab2.cs.pitt.edu,planetlab-04.vt.nodes.planet-lab.org,file1KB.txt,2015/09/30 08:23:21,2015/09/30 08:23:21,124.000000
planetlab2.cs.pitt.edu,planetlab-04.vt.nodes.planet-lab.org,file256KB.txt,2015/09/30 08:23:21,2015/09/30 08:23:30,9331.000000
planetlab2.cs.pitt.edu,planetlab-04.vt.nodes.planet-lab.org,file512KB.txt,2015/09/30 08:23:30,2015/09/30 08:23:48,18420.000000
planetlab2.cs.pitt.edu,planetlab-04.vt.nodes.planet-lab.org,file1MB.txt,2015/09/30 08:23:48,2015/09/30 08:24:51,62700.000000
planetlab2.cs.purdue.edu,planetlab-04.vt.nodes.planet-lab.org,file32B.txt,2015/09/30 08:24:51,2015/09/30 08:24:51,425.000000
planetlab2.cs.purdue.edu,planetlab-04.vt.nodes.planet-lab.org,file1KB.txt,2015/09/30 08:24:51,2015/09/30 08:24:52,1479.000000
planetlab2.cs.purdue.edu,planetlab-04.vt.nodes.planet-lab.org,file256KB.txt,2015/09/30 08:24:52,2015/09/30 08:26:02,69494.000000
planetlab2.cs.purdue.edu,planetlab-04.vt.nodes.planet-lab.org,file512KB.txt,2015/09/30 08:26:02,2015/09/30 08:27:41,99931.000000
planetlab2.cs.purdue.edu,planetlab-04.vt.nodes.planet-lab.org,file1MB.txt,2015/09/30 08:27:41,2015/09/30 08:35:22,460951.000000
planetlab2.cs.uml.edu,planetlab-04.vt.nodes.planet-lab.org,file32B.txt,2015/09/30 08:36:04,2015/09/30 08:36:04,199.000000
planetlab2.cs.uml.edu,planetlab-04.vt.nodes.planet-lab.org,file1KB.txt,2015/09/30 08:36:04,2015/09/30 08:36:04,180.000000
planetlab2.cs.uml.edu,planetlab-04.vt.nodes.planet-lab.org,file256KB.txt,2015/09/30 08:36:04,2015/09/30 08:36:17,13287.000000
planetlab2.cs.uml.edu,planetlab-04.vt.nodes.planet-lab.org,file512KB.txt,2015/09/30 08:36:17,2015/09/30 08:36:42,24883.000000
planetlab2.cs.uml.edu,planetlab-04.vt.nodes.planet-lab.org,file1MB.txt,2015/09/30 08:36:42,2015/09/30 08:37:33,51279.000000
planetlab2.cs.unc.edu,planetlab-04.vt.nodes.planet-lab.org,file32B.txt,2015/09/30 08:37:33,2015/09/30 08:37:33,215.000000
planetlab2.cs.unc.edu,planetlab-04.vt.nodes.planet-lab.org,file1KB.txt,2015/09/30 08:37:33,2015/09/30 08:37:33,208.000000
planetlab2.cs.unc.edu,planetlab-04.vt.nodes.planet-lab.org,file256KB.txt,2015/09/30 08:37:33,2015/09/30 08:37:49,16749.000000
planetlab2.cs.unc.edu,planetlab-04.vt.nodes.planet-lab.org,file512KB.txt,2015/09/30 08:37:49,2015/09/30 08:38:19,29482.000000
planetlab2.cs.unc.edu,planetlab-04.vt.nodes.planet-lab.org,file1MB.txt,2015/09/30 08:38:19,2015/09/30 08:39:20,61166.000000
planetlab2.cs.uoregon.edu,planetlab-04.vt.nodes.planet-lab.org,file32B.txt,2015/09/30 08:39:20,2015/09/30 08:39:21,1332.000000
planetlab2.cs.uoregon.edu,planetlab-04.vt.nodes.planet-lab.org,file1KB.txt,2015/09/30 08:39:21,2015/09/30 08:39:21,636.000000
planetlab2.cs.uoregon.edu,planetlab-04.vt.nodes.planet-lab.org,file256KB.txt,2015/09/30 08:39:21,2015/09/30 08:40:08,46932.000000
planetlab2.cs.uoregon.edu,planetlab-04.vt.nodes.planet-lab.org,file512KB.txt,2015/09/30 08:40:08,2015/09/30 08:41:42,93784.000000
planetlab2.cs.uoregon.edu,planetlab-04.vt.nodes.planet-lab.org,file1MB.txt,2015/09/30 08:41:42,2015/09/30 08:44:49,187740.000000
planetlab2.temple.edu,planetlab-04.vt.nodes.planet-lab.org,file32B.txt,2015/09/30 08:44:49,2015/09/30 08:44:49,132.000000
planetlab2.temple.edu,planetlab-04.vt.nodes.planet-lab.org,file1KB.txt,2015/09/30 08:44:49,2015/09/30 08:44:49,99.000000
planetlab2.temple.edu,planetlab-04.vt.nodes.planet-lab.org,file256KB.txt,2015/09/30 08:44:49,2015/09/30 08:44:56,6825.000000
planetlab2.temple.edu,planetlab-04.vt.nodes.planet-lab.org,file512KB.txt,2015/09/30 08:44:56,2015/09/30 08:45:10,13816.000000
planetlab2.temple.edu,planetlab-04.vt.nodes.planet-lab.org,file1MB.txt,2015/09/30 08:45:10,2015/09/30 08:45:39,29767.000000
planetlab2.unl.edu,planetlab-04.vt.nodes.planet-lab.org,file32B.txt,2015/09/30 08:45:39,2015/09/30 08:45:39,341.000000
planetlab2.unl.edu,planetlab-04.vt.nodes.planet-lab.org,file1KB.txt,2015/09/30 08:45:39,2015/09/30 08:45:39,332.000000
planetlab2.unl.edu,planetlab-04.vt.nodes.planet-lab.org,file256KB.txt,2015/09/30 08:45:39,2015/09/30 08:46:04,25498.000000
planetlab2.unl.edu,planetlab-04.vt.nodes.planet-lab.org,file512KB.txt,2015/09/30 08:46:04,2015/09/30 08:46:46,41831.000000
planetlab2.unl.edu,planetlab-04.vt.nodes.planet-lab.org,file1MB.txt,2015/09/30 08:46:46,2015/09/30 08:48:23,96702.000000
planetlab2.unr.edu,planetlab-04.vt.nodes.planet-lab.org,file32B.txt,2015/09/30 08:48:23,2015/09/30 08:48:24,1312.000000
planetlab2.unr.edu,planetlab-04.vt.nodes.planet-lab.org,file1KB.txt,2015/09/30 08:48:24,2015/09/30 08:48:24,571.000000
planetlab2.unr.edu,planetlab-04.vt.nodes.planet-lab.org,file256KB.txt,2015/09/30 08:48:24,2015/09/30 08:49:06,42074.000000
planetlab2.unr.edu,planetlab-04.vt.nodes.planet-lab.org,file512KB.txt,2015/09/30 08:49:06,2015/09/30 08:50:30,84546.000000
planetlab2.unr.edu,planetlab-04.vt.nodes.planet-lab.org,file1MB.txt,2015/09/30 08:50:30,2015/09/30 08:53:16,165519.000000
planetlab2.uta.edu,planetlab-04.vt.nodes.planet-lab.org,file32B.txt,2015/09/30 08:53:16,2015/09/30 08:53:17,1594.000000
planetlab2.uta.edu,planetlab-04.vt.nodes.planet-lab.org,file1KB.txt,2015/09/30 08:53:17,2015/09/30 08:53:17,330.000000
planetlab2.uta.edu,planetlab-04.vt.nodes.planet-lab.org,file256KB.txt,2015/09/30 08:53:17,2015/09/30 08:53:41,23761.000000
planetlab2.uta.edu,planetlab-04.vt.nodes.planet-lab.org,file512KB.txt,2015/09/30 08:53:41,2015/09/30 08:54:30,49756.000000
planetlab2.uta.edu,planetlab-04.vt.nodes.planet-lab.org,file1MB.txt,2015/09/30 08:54:30,2015/09/30 08:56:06,95664.000000
planetlab2.utdallas.edu,planetlab-04.vt.nodes.planet-lab.org,file32B.txt,2015/09/30 08:56:06,2015/09/30 08:56:06,360.000000
planetlab2.utdallas.edu,planetlab-04.vt.nodes.planet-lab.org,file1KB.txt,2015/09/30 08:56:06,2015/09/30 08:56:07,1670.000000
planetlab2.utdallas.edu,planetlab-04.vt.nodes.planet-lab.org,file256KB.txt,2015/09/30 08:56:07,2015/09/30 08:56:31,23762.000000
planetlab2.utdallas.edu,planetlab-04.vt.nodes.planet-lab.org,file512KB.txt,2015/09/30 08:56:31,2015/09/30 08:57:19,47740.000000
planetlab2.utdallas.edu,planetlab-04.vt.nodes.planet-lab.org,file1MB.txt,2015/09/30 08:57:19,2015/09/30 08:58:55,95741.000000
planetlab3.eecs.umich.edu,planetlab-04.vt.nodes.planet-lab.org,file32B.txt,2015/09/30 08:58:55,2015/09/30 08:58:56,1703.000000
planetlab3.eecs.umich.edu,planetlab-04.vt.nodes.planet-lab.org,file1KB.txt,2015/09/30 08:58:56,2015/09/30 08:58:56,238.000000
planetlab3.eecs.umich.edu,planetlab-04.vt.nodes.planet-lab.org,file256KB.txt,2015/09/30 08:58:56,2015/09/30 08:59:13,16511.000000
planetlab3.eecs.umich.edu,planetlab-04.vt.nodes.planet-lab.org,file512KB.txt,2015/09/30 08:59:13,2015/09/30 08:59:49,36589.000000
planetlab3.eecs.umich.edu,planetlab-04.vt.nodes.planet-lab.org,file1MB.txt,2015/09/30 08:59:49,2015/09/30 09:00:58,68301.000000
planetlab3.rutgers.edu,planetlab-04.vt.nodes.planet-lab.org,file32B.txt,2015/09/30 09:00:58,2015/09/30 09:00:59,1798.000000
planetlab3.rutgers.edu,planetlab-04.vt.nodes.planet-lab.org,file1KB.txt,2015/09/30 09:00:59,2015/09/30 09:00:59,159.000000
planetlab3.rutgers.edu,planetlab-04.vt.nodes.planet-lab.org,file256KB.txt,2015/09/30 09:00:59,2015/09/30 09:01:10,11257.000000
planetlab3.rutgers.edu,planetlab-04.vt.nodes.planet-lab.org,file512KB.txt,2015/09/30 09:01:10,2015/09/30 09:01:46,35084.000000
planetlab3.rutgers.edu,planetlab-04.vt.nodes.planet-lab.org,file1MB.txt,2015/09/30 09:01:46,2015/09/30 09:02:51,65536.000000
planetlab3.wail.wisc.edu,planetlab-04.vt.nodes.planet-lab.org,file32B.txt,2015/09/30 09:02:51,2015/09/30 09:02:51,331.000000
planetlab3.wail.wisc.edu,planetlab-04.vt.nodes.planet-lab.org,file1KB.txt,2015/09/30 09:02:51,2015/09/30 09:02:52,1727.000000
planetlab3.wail.wisc.edu,planetlab-04.vt.nodes.planet-lab.org,file256KB.txt,2015/09/30 09:02:52,2015/09/30 09:03:10,17162.000000
planetlab3.wail.wisc.edu,planetlab-04.vt.nodes.planet-lab.org,file512KB.txt,2015/09/30 09:03:10,2015/09/30 09:03:50,40243.000000
planetlab3.wail.wisc.edu,planetlab-04.vt.nodes.planet-lab.org,file1MB.txt,2015/09/30 09:03:50,2015/09/30 09:05:10,80489.000000
planetlab4.tamu.edu,planetlab-04.vt.nodes.planet-lab.org,file32B.txt,2015/09/30 09:05:10,2015/09/30 09:05:10,405.000000
planetlab4.tamu.edu,planetlab-04.vt.nodes.planet-lab.org,file1KB.txt,2015/09/30 09:05:10,2015/09/30 09:05:10,350.000000
planetlab4.tamu.edu,planetlab-04.vt.nodes.planet-lab.org,file256KB.txt,2015/09/30 09:05:10,2015/09/30 09:05:36,26181.000000
planetlab4.tamu.edu,planetlab-04.vt.nodes.planet-lab.org,file512KB.txt,2015/09/30 09:05:36,2015/09/30 09:06:28,52624.000000
planetlab4.tamu.edu,planetlab-04.vt.nodes.planet-lab.org,file1MB.txt,2015/09/30 09:06:28,2015/09/30 09:08:10,101591.000000
planetlab-5.eecs.cwru.edu,planetlab-04.vt.nodes.planet-lab.org,file32B.txt,2015/09/30 09:08:10,2015/09/30 09:08:10,205.000000
planetlab-5.eecs.cwru.edu,planetlab-04.vt.nodes.planet-lab.org,file1KB.txt,2015/09/30 09:08:10,2015/09/30 09:08:10,152.000000
planetlab-5.eecs.cwru.edu,planetlab-04.vt.nodes.planet-lab.org,file256KB.txt,2015/09/30 09:08:10,2015/09/30 09:08:21,10881.000000
planetlab-5.eecs.cwru.edu,planetlab-04.vt.nodes.planet-lab.org,file512KB.txt,2015/09/30 09:08:21,2015/09/30 09:08:44,23907.000000
planetlab-5.eecs.cwru.edu,planetlab-04.vt.nodes.planet-lab.org,file1MB.txt,2015/09/30 09:08:44,2015/09/30 09:09:28,43727.000000
planetlabone.ccs.neu.edu,planetlab-04.vt.nodes.planet-lab.org,file32B.txt,2015/09/30 09:09:28,2015/09/30 09:09:28,340.000000
planetlabone.ccs.neu.edu,planetlab-04.vt.nodes.planet-lab.org,file1KB.txt,2015/09/30 09:09:28,2015/09/30 09:09:28,274.000000
planetlabone.ccs.neu.edu,planetlab-04.vt.nodes.planet-lab.org,file256KB.txt,2015/09/30 09:09:28,2015/09/30 09:10:03,35389.000000
planetlabone.ccs.neu.edu,planetlab-04.vt.nodes.planet-lab.org,file512KB.txt,2015/09/30 09:10:03,2015/09/30 09:10:49,45971.000000
planetlabone.ccs.neu.edu,planetlab-04.vt.nodes.planet-lab.org,file1MB.txt,2015/09/30 09:10:49,2015/09/30 09:12:15,86545.000000
pl-node-0.csl.sri.com,planetlab-04.vt.nodes.planet-lab.org,file32B.txt,2015/09/30 09:12:15,2015/09/30 09:12:15,863.000000
pl-node-0.csl.sri.com,planetlab-04.vt.nodes.planet-lab.org,file1KB.txt,2015/09/30 09:12:15,2015/09/30 09:12:16,1390.000000
pl-node-0.csl.sri.com,planetlab-04.vt.nodes.planet-lab.org,file256KB.txt,2015/09/30 09:12:16,2015/09/30 09:13:05,49481.000000
pl-node-0.csl.sri.com,planetlab-04.vt.nodes.planet-lab.org,file512KB.txt,2015/09/30 09:13:05,2015/09/30 09:14:40,94198.000000
pl-node-0.csl.sri.com,planetlab-04.vt.nodes.planet-lab.org,file1MB.txt,2015/09/30 09:14:40,2015/09/30 09:17:50,189918.000000
ricepl-5.cs.rice.edu,planetlab-04.vt.nodes.planet-lab.org,file32B.txt,2015/09/30 09:17:51,2015/09/30 09:17:51,402.000000
ricepl-5.cs.rice.edu,planetlab-04.vt.nodes.planet-lab.org,file1KB.txt,2015/09/30 09:17:51,2015/09/30 09:17:51,291.000000
ricepl-5.cs.rice.edu,planetlab-04.vt.nodes.planet-lab.org,file256KB.txt,2015/09/30 09:17:51,2015/09/30 09:18:13,22726.000000
ricepl-5.cs.rice.edu,planetlab-04.vt.nodes.planet-lab.org,file512KB.txt,2015/09/30 09:18:13,2015/09/30 09:18:55,41674.000000
ricepl-5.cs.rice.edu,planetlab-04.vt.nodes.planet-lab.org,file1MB.txt,2015/09/30 09:18:55,2015/09/30 09:20:20,84814.000000
salt.planetlab.cs.umd.edu,planetlab-04.vt.nodes.planet-lab.org,file32B.txt,2015/09/30 09:20:20,2015/09/30 09:20:20,115.000000
salt.planetlab.cs.umd.edu,planetlab-04.vt.nodes.planet-lab.org,file1KB.txt,2015/09/30 09:20:20,2015/09/30 09:20:20,81.000000
salt.planetlab.cs.umd.edu,planetlab-04.vt.nodes.planet-lab.org,file256KB.txt,2015/09/30 09:20:20,2015/09/30 09:20:26,6330.000000
salt.planetlab.cs.umd.edu,planetlab-04.vt.nodes.planet-lab.org,file512KB.txt,2015/09/30 09:20:26,2015/09/30 09:20:37,10465.000000
salt.planetlab.cs.umd.edu,planetlab-04.vt.nodes.planet-lab.org,file1MB.txt,2015/09/30 09:20:37,2015/09/30 09:21:00,23381.000000
pl1.eecs.utk.edu,planetlab-04.vt.nodes.planet-lab.org,file32B.txt,2015/09/30 09:21:00,2015/09/30 09:21:01,803.000000
pl1.eecs.utk.edu,planetlab-04.vt.nodes.planet-lab.org,file1KB.txt,2015/09/30 09:21:01,2015/09/30 09:21:03,2447.000000
pl1.eecs.utk.edu,planetlab-04.vt.nodes.planet-lab.org,file256KB.txt,2015/09/30 09:21:03,2015/09/30 09:23:44,160956.000000
pl1.eecs.utk.edu,planetlab-04.vt.nodes.planet-lab.org,file512KB.txt,2015/09/30 09:23:44,2015/09/30 09:28:48,-303651.000000
pl1.eecs.utk.edu,planetlab-04.vt.nodes.planet-lab.org,file1MB.txt,2015/09/30 09:28:48,2015/09/30 09:44:09,921021.000000
planetlab-01.vt.nodes.planet-lab.org,planetlab-04.vt.nodes.planet-lab.org,file32B.txt,2015/09/30 09:44:09,2015/09/30 09:44:09,47.000000
planetlab-01.vt.nodes.planet-lab.org,planetlab-04.vt.nodes.planet-lab.org,file1KB.txt,2015/09/30 09:44:09,2015/09/30 09:44:09,4.000000
planetlab-01.vt.nodes.planet-lab.org,planetlab-04.vt.nodes.planet-lab.org,file256KB.txt,2015/09/30 09:44:09,2015/09/30 09:44:10,1755.000000
planetlab-01.vt.nodes.planet-lab.org,planetlab-04.vt.nodes.planet-lab.org,file512KB.txt,2015/09/30 09:44:10,2015/09/30 09:44:10,475.000000
planetlab-01.vt.nodes.planet-lab.org,planetlab-04.vt.nodes.planet-lab.org,file1MB.txt,2015/09/30 09:44:10,2015/09/30 09:44:11,1032.000000
planetlab-04.vt.nodes.planet-lab.org,planetlab-04.vt.nodes.planet-lab.org,file32B.txt,2015/09/30 09:44:11,2015/09/30 09:44:11,1.000000
planetlab-04.vt.nodes.planet-lab.org,planetlab-04.vt.nodes.planet-lab.org,file1KB.txt,2015/09/30 09:44:11,2015/09/30 09:44:11,0.000000
planetlab-04.vt.nodes.planet-lab.org,planetlab-04.vt.nodes.planet-lab.org,file256KB.txt,2015/09/30 09:44:11,2015/09/30 09:44:11,19.000000
planetlab-04.vt.nodes.planet-lab.org,planetlab-04.vt.nodes.planet-lab.org,file512KB.txt,2015/09/30 09:44:11,2015/09/30 09:44:11,39.000000
planetlab-04.vt.nodes.planet-lab.org,planetlab-04.vt.nodes.planet-lab.org,file1MB.txt,2015/09/30 09:44:11,2015/09/30 09:44:11,77.000000
planetlab-4.eecs.cwru.edu,planetlab-04.vt.nodes.planet-lab.org,file32B.txt,2015/09/30 09:44:11,2015/09/30 09:44:11,225.000000
planetlab-4.eecs.cwru.edu,planetlab-04.vt.nodes.planet-lab.org,file1KB.txt,2015/09/30 09:44:11,2015/09/30 09:44:12,1792.000000
planetlab-4.eecs.cwru.edu,planetlab-04.vt.nodes.planet-lab.org,file256KB.txt,2015/09/30 09:44:12,2015/09/30 09:44:26,13327.000000
planetlab-4.eecs.cwru.edu,planetlab-04.vt.nodes.planet-lab.org,file512KB.txt,2015/09/30 09:44:26,2015/09/30 09:44:55,29371.000000
planetlab-4.eecs.cwru.edu,planetlab-04.vt.nodes.planet-lab.org,file1MB.txt,2015/09/30 09:44:55,2015/09/30 09:45:52,57258.000000
planetlab01.cs.washington.edu,planetlab-04.vt.nodes.planet-lab.org,file32B.txt,2015/09/30 09:45:52,2015/09/30 09:45:52,575.000000
planetlab01.cs.washington.edu,planetlab-04.vt.nodes.planet-lab.org,file1KB.txt,2015/09/30 09:45:52,2015/09/30 09:45:53,1440.000000
planetlab01.cs.washington.edu,planetlab-04.vt.nodes.planet-lab.org,file256KB.txt,2015/09/30 09:45:53,2015/09/30 09:46:34,40727.000000
planetlab01.cs.washington.edu,planetlab-04.vt.nodes.planet-lab.org,file512KB.txt,2015/09/30 09:46:34,2015/09/30 09:47:56,81937.000000
planetlab01.cs.washington.edu,planetlab-04.vt.nodes.planet-lab.org,file1MB.txt,2015/09/30 09:47:56,2015/09/30 09:50:39,163313.000000
planetlab02.cs.washington.edu,planetlab-04.vt.nodes.planet-lab.org,file32B.txt,2015/09/30 09:50:39,2015/09/30 09:50:39,574.000000
planetlab02.cs.washington.edu,planetlab-04.vt.nodes.planet-lab.org,file1KB.txt,2015/09/30 09:50:39,2015/09/30 09:50:40,1443.000000
planetlab02.cs.washington.edu,planetlab-04.vt.nodes.planet-lab.org,file256KB.txt,2015/09/30 09:50:40,2015/09/30 09:51:21,41143.000000
planetlab02.cs.washington.edu,planetlab-04.vt.nodes.planet-lab.org,file512KB.txt,2015/09/30 09:51:21,2015/09/30 09:52:43,82243.000000
planetlab02.cs.washington.edu,planetlab-04.vt.nodes.planet-lab.org,file1MB.txt,2015/09/30 09:52:43,2015/09/30 09:55:27,163857.000000
planetlab1.arizona-gigapop.net,planetlab-04.vt.nodes.planet-lab.org,file32B.txt,2015/09/30 09:55:27,2015/09/30 09:55:27,487.000000
planetlab1.arizona-gigapop.net,planetlab-04.vt.nodes.planet-lab.org,file1KB.txt,2015/09/30 09:55:27,2015/09/30 09:55:28,1528.000000
planetlab1.arizona-gigapop.net,planetlab-04.vt.nodes.planet-lab.org,file256KB.txt,2015/09/30 09:55:28,2015/09/30 09:56:02,33341.000000
planetlab1.arizona-gigapop.net,planetlab-04.vt.nodes.planet-lab.org,file512KB.txt,2015/09/30 09:56:02,2015/09/30 09:57:11,68977.000000
planetlab1.arizona-gigapop.net,planetlab-04.vt.nodes.planet-lab.org,file1MB.txt,2015/09/30 09:57:11,2015/09/30 09:59:29,138284.000000
planetlab1.cs.unc.edu,planetlab-04.vt.nodes.planet-lab.org,file32B.txt,2015/09/30 09:59:29,2015/09/30 09:59:29,211.000000
planetlab1.cs.unc.edu,planetlab-04.vt.nodes.planet-lab.org,file1KB.txt,2015/09/30 09:59:29,2015/09/30 09:59:29,195.000000
planetlab1.cs.unc.edu,planetlab-04.vt.nodes.planet-lab.org,file256KB.txt,2015/09/30 09:59:29,2015/09/30 09:59:44,15657.000000
planetlab1.cs.unc.edu,planetlab-04.vt.nodes.planet-lab.org,file512KB.txt,2015/09/30 09:59:44,2015/09/30 10:00:13,29244.000000
planetlab1.cs.unc.edu,planetlab-04.vt.nodes.planet-lab.org,file1MB.txt,2015/09/30 10:00:13,2015/09/30 10:01:09,55228.000000
