ebb.colgate.edu,planetlab2.arizona-gigapop.net,file32B.txt,2015/09/30 04:12:46,2015/09/30 04:12:47,794.000000
ebb.colgate.edu,planetlab2.arizona-gigapop.net,file1KB.txt,2015/09/30 04:12:47,2015/09/30 04:12:48,1415.000000
ebb.colgate.edu,planetlab2.arizona-gigapop.net,file256KB.txt,2015/09/30 04:12:48,2015/09/30 04:13:56,67714.000000
ebb.colgate.edu,planetlab2.arizona-gigapop.net,file512KB.txt,2015/09/30 04:13:56,2015/09/30 04:16:00,124098.000000
ebb.colgate.edu,planetlab2.arizona-gigapop.net,file1MB.txt,2015/09/30 04:16:00,2015/09/30 04:20:21,261325.000000
kc-sce-plab2.umkc.edu,planetlab2.arizona-gigapop.net,file32B.txt,2015/09/30 04:20:21,2015/09/30 04:20:22,950.000000
kc-sce-plab2.umkc.edu,planetlab2.arizona-gigapop.net,file1KB.txt,2015/09/30 04:20:22,2015/09/30 04:20:23,869.000000
kc-sce-plab2.umkc.edu,planetlab2.arizona-gigapop.net,file256KB.txt,2015/09/30 04:20:23,2015/09/30 04:21:59,96134.000000
kc-sce-plab2.umkc.edu,planetlab2.arizona-gigapop.net,file512KB.txt,2015/09/30 04:21:59,2015/09/30 04:25:43,224115.000000
kc-sce-plab2.umkc.edu,planetlab2.arizona-gigapop.net,file1MB.txt,2015/09/30 04:25:43,2015/09/30 04:29:38,235114.000000
node1.planetlab.mathcs.emory.edu,planetlab2.arizona-gigapop.net,file32B.txt,2015/09/30 04:29:38,2015/09/30 04:29:38,405.000000
node1.planetlab.mathcs.emory.edu,planetlab2.arizona-gigapop.net,file1KB.txt,2015/09/30 04:29:38,2015/09/30 04:29:38,349.000000
node1.planetlab.mathcs.emory.edu,planetlab2.arizona-gigapop.net,file256KB.txt,2015/09/30 04:29:38,2015/09/30 04:30:04,26152.000000
node1.planetlab.mathcs.emory.edu,planetlab2.arizona-gigapop.net,file512KB.txt,2015/09/30 04:30:04,2015/09/30 04:30:56,52461.000000
node1.planetlab.mathcs.emory.edu,planetlab2.arizona-gigapop.net,file1MB.txt,2015/09/30 04:30:56,2015/09/30 04:32:39,102665.000000
pl3.cs.unm.edu,planetlab2.arizona-gigapop.net,file32B.txt,2015/09/30 04:35:48,2015/09/30 04:35:49,1347.000000
pl3.cs.unm.edu,planetlab2.arizona-gigapop.net,file1KB.txt,2015/09/30 04:35:49,2015/09/30 04:35:49,566.000000
pl3.cs.unm.edu,planetlab2.arizona-gigapop.net,file256KB.txt,2015/09/30 04:35:49,2015/09/30 04:36:31,42279.000000
pl3.cs.unm.edu,planetlab2.arizona-gigapop.net,file512KB.txt,2015/09/30 04:36:31,2015/09/30 04:37:54,82941.000000
pl3.cs.unm.edu,planetlab2.arizona-gigapop.net,file1MB.txt,2015/09/30 04:37:54,2015/09/30 04:40:40,-166124.000000
plab3.eece.ksu.edu,planetlab2.arizona-gigapop.net,file32B.txt,2015/09/30 04:40:40,2015/09/30 04:40:41,1506.000000
plab3.eece.ksu.edu,planetlab2.arizona-gigapop.net,file1KB.txt,2015/09/30 04:40:41,2015/09/30 04:40:41,302.000000
plab3.eece.ksu.edu,planetlab2.arizona-gigapop.net,file256KB.txt,2015/09/30 04:40:41,2015/09/30 04:41:03,21785.000000
plab3.eece.ksu.edu,planetlab2.arizona-gigapop.net,file512KB.txt,2015/09/30 04:41:03,2015/09/30 04:41:47,43853.000000
plab3.eece.ksu.edu,planetlab2.arizona-gigapop.net,file1MB.txt,2015/09/30 04:41:47,2015/09/30 04:43:15,87813.000000
planetlab-02.bu.edu,planetlab2.arizona-gigapop.net,file32B.txt,2015/09/30 04:43:16,2015/09/30 04:43:16,611.000000
planetlab-02.bu.edu,planetlab2.arizona-gigapop.net,file1KB.txt,2015/09/30 04:43:16,2015/09/30 04:43:17,938.000000
planetlab-02.bu.edu,planetlab2.arizona-gigapop.net,file256KB.txt,2015/09/30 04:43:17,2015/09/30 04:44:03,46047.000000
planetlab-02.bu.edu,planetlab2.arizona-gigapop.net,file512KB.txt,2015/09/30 04:44:03,2015/09/30 04:45:34,90815.000000
planetlab-02.bu.edu,planetlab2.arizona-gigapop.net,file1MB.txt,2015/09/30 04:45:34,2015/09/30 04:48:36,182586.000000
planetlab1.clemson.edu,planetlab2.arizona-gigapop.net,file32B.txt,2015/09/30 04:51:45,2015/09/30 04:51:46,1537.000000
planetlab1.clemson.edu,planetlab2.arizona-gigapop.net,file1KB.txt,2015/09/30 04:51:46,2015/09/30 04:51:46,372.000000
planetlab1.clemson.edu,planetlab2.arizona-gigapop.net,file256KB.txt,2015/09/30 04:51:46,2015/09/30 04:52:13,27043.000000
planetlab1.clemson.edu,planetlab2.arizona-gigapop.net,file512KB.txt,2015/09/30 04:52:13,2015/09/30 04:53:07,54276.000000
planetlab1.clemson.edu,planetlab2.arizona-gigapop.net,file1MB.txt,2015/09/30 04:53:07,2015/09/30 04:54:54,107024.000000
planetlab1.cs.du.edu,planetlab2.arizona-gigapop.net,file32B.txt,2015/09/30 04:54:54,2015/09/30 04:54:55,1606.000000
planetlab1.cs.du.edu,planetlab2.arizona-gigapop.net,file1KB.txt,2015/09/30 04:54:55,2015/09/30 04:54:55,440.000000
planetlab1.cs.du.edu,planetlab2.arizona-gigapop.net,file256KB.txt,2015/09/30 04:54:55,2015/09/30 04:55:28,33358.000000
planetlab1.cs.du.edu,planetlab2.arizona-gigapop.net,file512KB.txt,2015/09/30 04:55:28,2015/09/30 04:56:32,63416.000000
planetlab1.cs.du.edu,planetlab2.arizona-gigapop.net,file1MB.txt,2015/09/30 04:56:32,2015/09/30 04:58:42,129902.000000
planetlab-1.cse.ohio-state.edu,planetlab2.arizona-gigapop.net,file32B.txt,2015/09/30 04:58:43,2015/09/30 04:58:46,2279.000000
planetlab-1.cse.ohio-state.edu,planetlab2.arizona-gigapop.net,file1KB.txt,2015/09/30 04:58:46,2015/09/30 04:58:57,11268.000000
planetlab-1.cse.ohio-state.edu,planetlab2.arizona-gigapop.net,file256KB.txt,2015/09/30 04:58:57,2015/09/30 05:26:16,1639140.000000
planetlab-1.cse.ohio-state.edu,planetlab2.arizona-gigapop.net,file512KB.txt,2015/09/30 05:26:16,2015/09/30 06:34:50,181080.000000
planetlab-1.cse.ohio-state.edu,planetlab2.arizona-gigapop.net,file1MB.txt,2015/09/30 06:34:50,2015/09/30 08:12:17,1552448.000000
planetlab1.cs.okstate.edu,planetlab2.arizona-gigapop.net,file32B.txt,2015/09/30 08:12:17,2015/09/30 08:12:17,294.000000
planetlab1.cs.okstate.edu,planetlab2.arizona-gigapop.net,file1KB.txt,2015/09/30 08:12:17,2015/09/30 08:12:17,290.000000
planetlab1.cs.okstate.edu,planetlab2.arizona-gigapop.net,file256KB.txt,2015/09/30 08:12:17,2015/09/30 08:12:39,22561.000000
planetlab1.cs.okstate.edu,planetlab2.arizona-gigapop.net,file512KB.txt,2015/09/30 08:12:39,2015/09/30 08:13:22,-42787.000000
planetlab1.cs.okstate.edu,planetlab2.arizona-gigapop.net,file1MB.txt,2015/09/30 08:13:22,2015/09/30 08:14:47,84976.000000
planetlab1.cs.ucla.edu,planetlab2.arizona-gigapop.net,file32B.txt,2015/09/30 08:14:47,2015/09/30 08:14:47,97.000000
planetlab1.cs.ucla.edu,planetlab2.arizona-gigapop.net,file1KB.txt,2015/09/30 08:14:47,2015/09/30 08:14:47,95.000000
planetlab1.cs.ucla.edu,planetlab2.arizona-gigapop.net,file256KB.txt,2015/09/30 08:14:47,2015/09/30 08:14:54,7128.000000
planetlab1.cs.ucla.edu,planetlab2.arizona-gigapop.net,file512KB.txt,2015/09/30 08:14:54,2015/09/30 08:15:08,14179.000000
planetlab1.cs.ucla.edu,planetlab2.arizona-gigapop.net,file1MB.txt,2015/09/30 08:15:08,2015/09/30 08:15:35,26365.000000
planetlab1.csuohio.edu,planetlab2.arizona-gigapop.net,file32B.txt,2015/09/30 08:15:35,2015/09/30 08:15:36,1394.000000
planetlab1.csuohio.edu,planetlab2.arizona-gigapop.net,file1KB.txt,2015/09/30 08:15:36,2015/09/30 08:15:36,367.000000
planetlab1.csuohio.edu,planetlab2.arizona-gigapop.net,file256KB.txt,2015/09/30 08:15:36,2015/09/30 08:16:04,28306.000000
planetlab1.csuohio.edu,planetlab2.arizona-gigapop.net,file512KB.txt,2015/09/30 08:16:04,2015/09/30 08:16:59,55427.000000
planetlab1.csuohio.edu,planetlab2.arizona-gigapop.net,file1MB.txt,2015/09/30 08:16:59,2015/09/30 08:18:58,118515.000000
planetlab1.ucsd.edu,planetlab2.arizona-gigapop.net,file32B.txt,2015/09/30 08:22:07,2015/09/30 08:22:07,168.000000
planetlab1.ucsd.edu,planetlab2.arizona-gigapop.net,file1KB.txt,2015/09/30 08:22:07,2015/09/30 08:22:08,1886.000000
planetlab1.ucsd.edu,planetlab2.arizona-gigapop.net,file256KB.txt,2015/09/30 08:22:08,2015/09/30 08:22:16,7797.000000
planetlab1.ucsd.edu,planetlab2.arizona-gigapop.net,file512KB.txt,2015/09/30 08:22:16,2015/09/30 08:22:32,15660.000000
planetlab1.ucsd.edu,planetlab2.arizona-gigapop.net,file1MB.txt,2015/09/30 08:22:32,2015/09/30 08:23:06,34264.000000
planetlab2.acis.ufl.edu,planetlab2.arizona-gigapop.net,file32B.txt,2015/09/30 08:23:06,2015/09/30 08:23:06,485.000000
planetlab2.acis.ufl.edu,planetlab2.arizona-gigapop.net,file1KB.txt,2015/09/30 08:23:06,2015/09/30 08:23:07,1556.000000
planetlab2.acis.ufl.edu,planetlab2.arizona-gigapop.net,file256KB.txt,2015/09/30 08:23:07,2015/09/30 08:23:39,31499.000000
planetlab2.acis.ufl.edu,planetlab2.arizona-gigapop.net,file512KB.txt,2015/09/30 08:23:39,2015/09/30 08:24:44,65325.000000
planetlab2.acis.ufl.edu,planetlab2.arizona-gigapop.net,file1MB.txt,2015/09/30 08:24:44,2015/09/30 08:26:53,128718.000000
planetlab2.arizona-gigapop.net,planetlab2.arizona-gigapop.net,file32B.txt,2015/09/30 08:26:53,2015/09/30 08:26:53,3.000000
planetlab2.arizona-gigapop.net,planetlab2.arizona-gigapop.net,file1KB.txt,2015/09/30 08:26:53,2015/09/30 08:26:53,3.000000
planetlab2.arizona-gigapop.net,planetlab2.arizona-gigapop.net,file256KB.txt,2015/09/30 08:26:53,2015/09/30 08:26:53,73.000000
planetlab2.arizona-gigapop.net,planetlab2.arizona-gigapop.net,file512KB.txt,2015/09/30 08:26:53,2015/09/30 08:26:53,160.000000
planetlab2.arizona-gigapop.net,planetlab2.arizona-gigapop.net,file1MB.txt,2015/09/30 08:26:53,2015/09/30 08:26:54,1690.000000
planetlab2.citadel.edu,planetlab2.arizona-gigapop.net,file32B.txt,2015/09/30 08:26:54,2015/09/30 08:26:54,393.000000
planetlab2.citadel.edu,planetlab2.arizona-gigapop.net,file1KB.txt,2015/09/30 08:26:54,2015/09/30 08:26:55,1576.000000
planetlab2.citadel.edu,planetlab2.arizona-gigapop.net,file256KB.txt,2015/09/30 08:26:55,2015/09/30 08:27:26,31060.000000
planetlab2.citadel.edu,planetlab2.arizona-gigapop.net,file512KB.txt,2015/09/30 08:27:26,2015/09/30 08:28:27,60314.000000
planetlab2.citadel.edu,planetlab2.arizona-gigapop.net,file1MB.txt,2015/09/30 08:28:27,2015/09/30 08:30:30,122784.000000
planetlab2.cs.pitt.edu,planetlab2.arizona-gigapop.net,file32B.txt,2015/09/30 08:30:31,2015/09/30 08:30:31,557.000000
planetlab2.cs.pitt.edu,planetlab2.arizona-gigapop.net,file1KB.txt,2015/09/30 08:30:31,2015/09/30 08:30:32,1506.000000
planetlab2.cs.pitt.edu,planetlab2.arizona-gigapop.net,file256KB.txt,2015/09/30 08:30:32,2015/09/30 08:31:08,35839.000000
planetlab2.cs.pitt.edu,planetlab2.arizona-gigapop.net,file512KB.txt,2015/09/30 08:31:08,2015/09/30 08:32:20,72080.000000
planetlab2.cs.pitt.edu,planetlab2.arizona-gigapop.net,file1MB.txt,2015/09/30 08:32:20,2015/09/30 08:34:43,142752.000000
planetlab2.cs.purdue.edu,planetlab2.arizona-gigapop.net,file32B.txt,2015/09/30 08:34:43,2015/09/30 08:34:44,1129.000000
planetlab2.cs.purdue.edu,planetlab2.arizona-gigapop.net,file1KB.txt,2015/09/30 08:34:44,2015/09/30 08:34:48,4033.000000
planetlab2.cs.purdue.edu,planetlab2.arizona-gigapop.net,file256KB.txt,2015/09/30 08:34:48,2015/09/30 08:37:44,175753.000000
planetlab2.cs.purdue.edu,planetlab2.arizona-gigapop.net,file512KB.txt,2015/09/30 08:37:44,2015/09/30 08:44:05,381313.000000
planetlab2.cs.purdue.edu,planetlab2.arizona-gigapop.net,file1MB.txt,2015/09/30 08:44:05,2015/09/30 08:53:22,556969.000000
planetlab2.cs.uml.edu,planetlab2.arizona-gigapop.net,file32B.txt,2015/09/30 08:59:40,2015/09/30 08:59:40,556.000000
planetlab2.cs.uml.edu,planetlab2.arizona-gigapop.net,file1KB.txt,2015/09/30 08:59:40,2015/09/30 08:59:41,1455.000000
planetlab2.cs.uml.edu,planetlab2.arizona-gigapop.net,file256KB.txt,2015/09/30 08:59:41,2015/09/30 09:00:21,39697.000000
planetlab2.cs.uml.edu,planetlab2.arizona-gigapop.net,file512KB.txt,2015/09/30 09:00:21,2015/09/30 09:01:42,81354.000000
planetlab2.cs.uml.edu,planetlab2.arizona-gigapop.net,file1MB.txt,2015/09/30 09:01:42,2015/09/30 09:04:22,159990.000000
planetlab2.cs.unc.edu,planetlab2.arizona-gigapop.net,file32B.txt,2015/09/30 09:04:22,2015/09/30 09:04:22,482.000000
planetlab2.cs.unc.edu,planetlab2.arizona-gigapop.net,file1KB.txt,2015/09/30 09:04:22,2015/09/30 09:04:23,1510.000000
planetlab2.cs.unc.edu,planetlab2.arizona-gigapop.net,file256KB.txt,2015/09/30 09:04:23,2015/09/30 09:04:58,34503.000000
planetlab2.cs.unc.edu,planetlab2.arizona-gigapop.net,file512KB.txt,2015/09/30 09:04:58,2015/09/30 09:06:09,71258.000000
planetlab2.cs.unc.edu,planetlab2.arizona-gigapop.net,file1MB.txt,2015/09/30 09:06:09,2015/09/30 09:08:30,141004.000000
planetlab2.cs.uoregon.edu,planetlab2.arizona-gigapop.net,file32B.txt,2015/09/30 09:08:30,2015/09/30 09:08:30,314.000000
planetlab2.cs.uoregon.edu,planetlab2.arizona-gigapop.net,file1KB.txt,2015/09/30 09:08:30,2015/09/30 09:08:31,1745.000000
planetlab2.cs.uoregon.edu,planetlab2.arizona-gigapop.net,file256KB.txt,2015/09/30 09:08:31,2015/09/30 09:08:49,17360.000000
planetlab2.cs.uoregon.edu,planetlab2.arizona-gigapop.net,file512KB.txt,2015/09/30 09:08:49,2015/09/30 09:09:27,38811.000000
planetlab2.cs.uoregon.edu,planetlab2.arizona-gigapop.net,file1MB.txt,2015/09/30 09:09:27,2015/09/30 09:10:41,73644.000000
planetlab2.temple.edu,planetlab2.arizona-gigapop.net,file32B.txt,2015/09/30 09:10:41,2015/09/30 09:10:42,1425.000000
planetlab2.temple.edu,planetlab2.arizona-gigapop.net,file1KB.txt,2015/09/30 09:10:42,2015/09/30 09:10:42,496.000000
planetlab2.temple.edu,planetlab2.arizona-gigapop.net,file256KB.txt,2015/09/30 09:10:42,2015/09/30 09:11:19,37271.000000
planetlab2.temple.edu,planetlab2.arizona-gigapop.net,file512KB.txt,2015/09/30 09:11:19,2015/09/30 09:12:32,73205.000000
planetlab2.temple.edu,planetlab2.arizona-gigapop.net,file1MB.txt,2015/09/30 09:12:32,2015/09/30 09:14:57,144438.000000
planetlab2.unl.edu,planetlab2.arizona-gigapop.net,file32B.txt,2015/09/30 09:14:57,2015/09/30 09:14:57,316.000000
planetlab2.unl.edu,planetlab2.arizona-gigapop.net,file1KB.txt,2015/09/30 09:14:57,2015/09/30 09:14:58,1689.000000
planetlab2.unl.edu,planetlab2.arizona-gigapop.net,file256KB.txt,2015/09/30 09:14:58,2015/09/30 09:15:21,23013.000000
planetlab2.unl.edu,planetlab2.arizona-gigapop.net,file512KB.txt,2015/09/30 09:15:21,2015/09/30 09:16:07,46090.000000
planetlab2.unl.edu,planetlab2.arizona-gigapop.net,file1MB.txt,2015/09/30 09:16:07,2015/09/30 09:17:37,89151.000000
planetlab2.unr.edu,planetlab2.arizona-gigapop.net,file32B.txt,2015/09/30 09:17:37,2015/09/30 09:17:38,1750.000000
planetlab2.unr.edu,planetlab2.arizona-gigapop.net,file1KB.txt,2015/09/30 09:17:38,2015/09/30 09:17:38,245.000000
planetlab2.unr.edu,planetlab2.arizona-gigapop.net,file256KB.txt,2015/09/30 09:17:38,2015/09/30 09:17:56,18032.000000
planetlab2.unr.edu,planetlab2.arizona-gigapop.net,file512KB.txt,2015/09/30 09:17:56,2015/09/30 09:18:32,36233.000000
planetlab2.unr.edu,planetlab2.arizona-gigapop.net,file1MB.txt,2015/09/30 09:18:32,2015/09/30 09:19:43,70707.000000
planetlab2.uta.edu,planetlab2.arizona-gigapop.net,file32B.txt,2015/09/30 09:19:43,2015/09/30 09:19:43,220.000000
planetlab2.uta.edu,planetlab2.arizona-gigapop.net,file1KB.txt,2015/09/30 09:19:43,2015/09/30 09:19:43,214.000000
planetlab2.uta.edu,planetlab2.arizona-gigapop.net,file256KB.txt,2015/09/30 09:19:43,2015/09/30 09:19:59,16176.000000
planetlab2.uta.edu,planetlab2.arizona-gigapop.net,file512KB.txt,2015/09/30 09:19:59,2015/09/30 09:20:31,32442.000000
planetlab2.uta.edu,planetlab2.arizona-gigapop.net,file1MB.txt,2015/09/30 09:20:31,2015/09/30 09:21:34,62943.000000
planetlab2.utdallas.edu,planetlab2.arizona-gigapop.net,file32B.txt,2015/09/30 09:21:34,2015/09/30 09:21:34,219.000000
planetlab2.utdallas.edu,planetlab2.arizona-gigapop.net,file1KB.txt,2015/09/30 09:21:34,2015/09/30 09:21:34,216.000000
planetlab2.utdallas.edu,planetlab2.arizona-gigapop.net,file256KB.txt,2015/09/30 09:21:34,2015/09/30 09:21:50,16174.000000
planetlab2.utdallas.edu,planetlab2.arizona-gigapop.net,file512KB.txt,2015/09/30 09:21:50,2015/09/30 09:22:22,32537.000000
planetlab2.utdallas.edu,planetlab2.arizona-gigapop.net,file1MB.txt,2015/09/30 09:22:22,2015/09/30 09:23:24,61190.000000
planetlab3.eecs.umich.edu,planetlab2.arizona-gigapop.net,file32B.txt,2015/09/30 09:23:24,2015/09/30 09:23:25,1452.000000
planetlab3.eecs.umich.edu,planetlab2.arizona-gigapop.net,file1KB.txt,2015/09/30 09:23:25,2015/09/30 09:23:25,395.000000
planetlab3.eecs.umich.edu,planetlab2.arizona-gigapop.net,file256KB.txt,2015/09/30 09:23:25,2015/09/30 09:23:54,28990.000000
planetlab3.eecs.umich.edu,planetlab2.arizona-gigapop.net,file512KB.txt,2015/09/30 09:23:54,2015/09/30 09:24:52,-58341.000000
planetlab3.eecs.umich.edu,planetlab2.arizona-gigapop.net,file1MB.txt,2015/09/30 09:24:52,2015/09/30 09:26:47,114835.000000
planetlab3.rutgers.edu,planetlab2.arizona-gigapop.net,file32B.txt,2015/09/30 09:26:47,2015/09/30 09:26:48,1393.000000
planetlab3.rutgers.edu,planetlab2.arizona-gigapop.net,file1KB.txt,2015/09/30 09:26:48,2015/09/30 09:26:48,470.000000
planetlab3.rutgers.edu,planetlab2.arizona-gigapop.net,file256KB.txt,2015/09/30 09:26:48,2015/09/30 09:27:23,35140.000000
planetlab3.rutgers.edu,planetlab2.arizona-gigapop.net,file512KB.txt,2015/09/30 09:27:23,2015/09/30 09:28:32,68841.000000
planetlab3.rutgers.edu,planetlab2.arizona-gigapop.net,file1MB.txt,2015/09/30 09:28:32,2015/09/30 09:30:51,138843.000000
planetlab3.wail.wisc.edu,planetlab2.arizona-gigapop.net,file32B.txt,2015/09/30 09:30:51,2015/09/30 09:30:52,1378.000000
planetlab3.wail.wisc.edu,planetlab2.arizona-gigapop.net,file1KB.txt,2015/09/30 09:30:52,2015/09/30 09:30:53,1520.000000
planetlab3.wail.wisc.edu,planetlab2.arizona-gigapop.net,file256KB.txt,2015/09/30 09:30:53,2015/09/30 09:31:28,34681.000000
planetlab3.wail.wisc.edu,planetlab2.arizona-gigapop.net,file512KB.txt,2015/09/30 09:31:28,2015/09/30 09:32:38,69807.000000
planetlab3.wail.wisc.edu,planetlab2.arizona-gigapop.net,file1MB.txt,2015/09/30 09:32:38,2015/09/30 09:34:58,139782.000000
planetlab4.tamu.edu,planetlab2.arizona-gigapop.net,file32B.txt,2015/09/30 09:34:58,2015/09/30 09:34:59,1710.000000
planetlab4.tamu.edu,planetlab2.arizona-gigapop.net,file1KB.txt,2015/09/30 09:34:59,2015/09/30 09:34:59,213.000000
planetlab4.tamu.edu,planetlab2.arizona-gigapop.net,file256KB.txt,2015/09/30 09:34:59,2015/09/30 09:35:14,14305.000000
planetlab4.tamu.edu,planetlab2.arizona-gigapop.net,file512KB.txt,2015/09/30 09:35:14,2015/09/30 09:35:46,32832.000000
planetlab4.tamu.edu,planetlab2.arizona-gigapop.net,file1MB.txt,2015/09/30 09:35:46,2015/09/30 09:36:48,61922.000000
planetlab-5.eecs.cwru.edu,planetlab2.arizona-gigapop.net,file32B.txt,2015/09/30 09:36:48,2015/09/30 09:36:48,473.000000
planetlab-5.eecs.cwru.edu,planetlab2.arizona-gigapop.net,file1KB.txt,2015/09/30 09:36:48,2015/09/30 09:36:49,1529.000000
planetlab-5.eecs.cwru.edu,planetlab2.arizona-gigapop.net,file256KB.txt,2015/09/30 09:36:49,2015/09/30 09:37:23,33543.000000
planetlab-5.eecs.cwru.edu,planetlab2.arizona-gigapop.net,file512KB.txt,2015/09/30 09:37:23,2015/09/30 09:38:32,69388.000000
planetlab-5.eecs.cwru.edu,planetlab2.arizona-gigapop.net,file1MB.txt,2015/09/30 09:38:32,2015/09/30 09:40:49,136977.000000
planetlabone.ccs.neu.edu,planetlab2.arizona-gigapop.net,file32B.txt,2015/09/30 09:40:49,2015/09/30 09:40:49,659.000000
planetlabone.ccs.neu.edu,planetlab2.arizona-gigapop.net,file1KB.txt,2015/09/30 09:40:49,2015/09/30 09:40:50,1491.000000
planetlabone.ccs.neu.edu,planetlab2.arizona-gigapop.net,file256KB.txt,2015/09/30 09:40:50,2015/09/30 09:41:28,38315.000000
planetlabone.ccs.neu.edu,planetlab2.arizona-gigapop.net,file512KB.txt,2015/09/30 09:41:28,2015/09/30 09:42:44,75852.000000
planetlabone.ccs.neu.edu,planetlab2.arizona-gigapop.net,file1MB.txt,2015/09/30 09:42:44,2015/09/30 09:46:36,231628.000000
pl-node-0.csl.sri.com,planetlab2.arizona-gigapop.net,file32B.txt,2015/09/30 09:46:36,2015/09/30 09:46:36,142.000000
pl-node-0.csl.sri.com,planetlab2.arizona-gigapop.net,file1KB.txt,2015/09/30 09:46:36,2015/09/30 09:46:36,185.000000
pl-node-0.csl.sri.com,planetlab2.arizona-gigapop.net,file256KB.txt,2015/09/30 09:46:36,2015/09/30 09:46:51,15200.000000
pl-node-0.csl.sri.com,planetlab2.arizona-gigapop.net,file512KB.txt,2015/09/30 09:46:51,2015/09/30 09:47:20,28749.000000
pl-node-0.csl.sri.com,planetlab2.arizona-gigapop.net,file1MB.txt,2015/09/30 09:47:20,2015/09/30 09:48:27,67382.000000
ricepl-5.cs.rice.edu,planetlab2.arizona-gigapop.net,file32B.txt,2015/09/30 09:48:27,2015/09/30 09:48:27,156.000000
ricepl-5.cs.rice.edu,planetlab2.arizona-gigapop.net,file1KB.txt,2015/09/30 09:48:27,2015/09/30 09:48:28,1817.000000
ricepl-5.cs.rice.edu,planetlab2.arizona-gigapop.net,file256KB.txt,2015/09/30 09:48:28,2015/09/30 09:48:41,12818.000000
ricepl-5.cs.rice.edu,planetlab2.arizona-gigapop.net,file512KB.txt,2015/09/30 09:48:41,2015/09/30 09:49:07,25803.000000
ricepl-5.cs.rice.edu,planetlab2.arizona-gigapop.net,file1MB.txt,2015/09/30 09:49:07,2015/09/30 09:49:59,51676.000000
salt.planetlab.cs.umd.edu,planetlab2.arizona-gigapop.net,file32B.txt,2015/09/30 09:49:59,2015/09/30 09:50:00,1613.000000
salt.planetlab.cs.umd.edu,planetlab2.arizona-gigapop.net,file1KB.txt,2015/09/30 09:50:00,2015/09/30 09:50:00,447.000000
salt.planetlab.cs.umd.edu,planetlab2.arizona-gigapop.net,file256KB.txt,2015/09/30 09:50:00,2015/09/30 09:50:33,33172.000000
salt.planetlab.cs.umd.edu,planetlab2.arizona-gigapop.net,file512KB.txt,2015/09/30 09:50:33,2015/09/30 09:51:38,64811.000000
salt.planetlab.cs.umd.edu,planetlab2.arizona-gigapop.net,file1MB.txt,2015/09/30 09:51:38,2015/09/30 09:53:48,129846.000000
pl1.eecs.utk.edu,planetlab2.arizona-gigapop.net,file32B.txt,2015/09/30 09:53:48,2015/09/30 09:53:52,4336.000000
pl1.eecs.utk.edu,planetlab2.arizona-gigapop.net,file1KB.txt,2015/09/30 09:53:52,2015/09/30 09:53:55,2797.000000
pl1.eecs.utk.edu,planetlab2.arizona-gigapop.net,file256KB.txt,2015/09/30 09:53:55,2015/09/30 09:59:02,306837.000000
pl1.eecs.utk.edu,planetlab2.arizona-gigapop.net,file512KB.txt,2015/09/30 09:59:02,2015/09/30 10:09:34,632220.000000
pl1.eecs.utk.edu,planetlab2.arizona-gigapop.net,file1MB.txt,2015/09/30 10:09:34,2015/09/30 10:28:35,1141307.000000
planetlab-01.vt.nodes.planet-lab.org,planetlab2.arizona-gigapop.net,file32B.txt,2015/09/30 10:28:35,2015/09/30 10:28:35,407.000000
planetlab-01.vt.nodes.planet-lab.org,planetlab2.arizona-gigapop.net,file1KB.txt,2015/09/30 10:28:35,2015/09/30 10:28:36,1526.000000
planetlab-01.vt.nodes.planet-lab.org,planetlab2.arizona-gigapop.net,file256KB.txt,2015/09/30 10:28:36,2015/09/30 10:29:11,35140.000000
planetlab-01.vt.nodes.planet-lab.org,planetlab2.arizona-gigapop.net,file512KB.txt,2015/09/30 10:29:11,2015/09/30 10:30:20,68593.000000
planetlab-01.vt.nodes.planet-lab.org,planetlab2.arizona-gigapop.net,file1MB.txt,2015/09/30 10:30:20,2015/09/30 10:32:39,139419.000000
planetlab-04.vt.nodes.planet-lab.org,planetlab2.arizona-gigapop.net,file32B.txt,2015/09/30 10:32:39,2015/09/30 10:32:39,405.000000
planetlab-04.vt.nodes.planet-lab.org,planetlab2.arizona-gigapop.net,file1KB.txt,2015/09/30 10:32:39,2015/09/30 10:32:39,472.000000
planetlab-04.vt.nodes.planet-lab.org,planetlab2.arizona-gigapop.net,file256KB.txt,2015/09/30 10:32:39,2015/09/30 10:33:14,35257.000000
planetlab-04.vt.nodes.planet-lab.org,planetlab2.arizona-gigapop.net,file512KB.txt,2015/09/30 10:33:14,2015/09/30 10:34:23,68907.000000
planetlab-04.vt.nodes.planet-lab.org,planetlab2.arizona-gigapop.net,file1MB.txt,2015/09/30 10:34:23,2015/09/30 10:36:41,-138029.000000
planetlab-4.eecs.cwru.edu,planetlab2.arizona-gigapop.net,file32B.txt,2015/09/30 10:36:41,2015/09/30 10:36:42,1596.000000
planetlab-4.eecs.cwru.edu,planetlab2.arizona-gigapop.net,file1KB.txt,2015/09/30 10:36:42,2015/09/30 10:36:42,469.000000
planetlab-4.eecs.cwru.edu,planetlab2.arizona-gigapop.net,file256KB.txt,2015/09/30 10:36:42,2015/09/30 10:37:17,35541.000000
planetlab-4.eecs.cwru.edu,planetlab2.arizona-gigapop.net,file512KB.txt,2015/09/30 10:37:17,2015/09/30 10:38:25,67205.000000
planetlab-4.eecs.cwru.edu,planetlab2.arizona-gigapop.net,file1MB.txt,2015/09/30 10:38:25,2015/09/30 10:40:42,136938.000000
planetlab01.cs.washington.edu,planetlab2.arizona-gigapop.net,file32B.txt,2015/09/30 10:40:42,2015/09/30 10:40:43,1772.000000
planetlab01.cs.washington.edu,planetlab2.arizona-gigapop.net,file1KB.txt,2015/09/30 10:40:43,2015/09/30 10:40:43,263.000000
planetlab01.cs.washington.edu,planetlab2.arizona-gigapop.net,file256KB.txt,2015/09/30 10:40:43,2015/09/30 10:41:02,18721.000000
planetlab01.cs.washington.edu,planetlab2.arizona-gigapop.net,file512KB.txt,2015/09/30 10:41:02,2015/09/30 10:41:41,39576.000000
planetlab01.cs.washington.edu,planetlab2.arizona-gigapop.net,file1MB.txt,2015/09/30 10:41:41,2015/09/30 10:42:57,75391.000000
planetlab02.cs.washington.edu,planetlab2.arizona-gigapop.net,file32B.txt,2015/09/30 10:42:57,2015/09/30 10:42:57,227.000000
planetlab02.cs.washington.edu,planetlab2.arizona-gigapop.net,file1KB.txt,2015/09/30 10:42:57,2015/09/30 10:42:58,1736.000000
planetlab02.cs.washington.edu,planetlab2.arizona-gigapop.net,file256KB.txt,2015/09/30 10:42:58,2015/09/30 10:43:17,18575.000000
planetlab02.cs.washington.edu,planetlab2.arizona-gigapop.net,file512KB.txt,2015/09/30 10:43:17,2015/09/30 10:43:56,39515.000000
planetlab02.cs.washington.edu,planetlab2.arizona-gigapop.net,file1MB.txt,2015/09/30 10:43:56,2015/09/30 10:45:13,76955.000000
planetlab1.arizona-gigapop.net,planetlab2.arizona-gigapop.net,file32B.txt,2015/09/30 10:45:13,2015/09/30 10:45:13,10.000000
planetlab1.arizona-gigapop.net,planetlab2.arizona-gigapop.net,file1KB.txt,2015/09/30 10:45:13,2015/09/30 10:45:13,7.000000
planetlab1.arizona-gigapop.net,planetlab2.arizona-gigapop.net,file256KB.txt,2015/09/30 10:45:13,2015/09/30 10:45:13,158.000000
planetlab1.arizona-gigapop.net,planetlab2.arizona-gigapop.net,file512KB.txt,2015/09/30 10:45:13,2015/09/30 10:45:13,309.000000
planetlab1.arizona-gigapop.net,planetlab2.arizona-gigapop.net,file1MB.txt,2015/09/30 10:45:13,2015/09/30 10:45:14,1341.000000
planetlab1.cs.unc.edu,planetlab2.arizona-gigapop.net,file32B.txt,2015/09/30 10:45:14,2015/09/30 10:45:14,409.000000
planetlab1.cs.unc.edu,planetlab2.arizona-gigapop.net,file1KB.txt,2015/09/30 10:45:14,2015/09/30 10:45:15,1523.000000
planetlab1.cs.unc.edu,planetlab2.arizona-gigapop.net,file256KB.txt,2015/09/30 10:45:15,2015/09/30 10:45:50,34807.000000
planetlab1.cs.unc.edu,planetlab2.arizona-gigapop.net,file512KB.txt,2015/09/30 10:45:50,2015/09/30 10:47:00,70258.000000
planetlab1.cs.unc.edu,planetlab2.arizona-gigapop.net,file1MB.txt,2015/09/30 10:47:00,2015/09/30 10:49:19,138972.000000
