planetlab1.unr.edu,planetlab2.cs.purdue.edu,file32B.txt,2015/09/30 21:08:19,2015/09/30 21:08:20,1521.000000
planetlab1.unr.edu,planetlab2.cs.purdue.edu,file1KB.txt,2015/09/30 21:08:20,2015/09/30 21:08:20,516.000000
planetlab1.unr.edu,planetlab2.cs.purdue.edu,file256KB.txt,2015/09/30 21:08:20,2015/09/30 21:08:54,34508.000000
planetlab1.unr.edu,planetlab2.cs.purdue.edu,file512KB.txt,2015/09/30 21:08:54,2015/09/30 21:10:19,85348.000000
planetlab1.unr.edu,planetlab2.cs.purdue.edu,file1MB.txt,2015/09/30 21:10:19,2015/09/30 21:12:40,141000.000000
pl2.cs.unm.edu,planetlab2.cs.purdue.edu,file32B.txt,2015/09/30 21:12:40,2015/09/30 21:12:40,420.000000
pl2.cs.unm.edu,planetlab2.cs.purdue.edu,file1KB.txt,2015/09/30 21:12:40,2015/09/30 21:12:40,548.000000
pl2.cs.unm.edu,planetlab2.cs.purdue.edu,file256KB.txt,2015/09/30 21:12:40,2015/09/30 21:13:10,30531.000000
pl2.cs.unm.edu,planetlab2.cs.purdue.edu,file512KB.txt,2015/09/30 21:13:10,2015/09/30 21:14:44,94018.000000
pl2.cs.unm.edu,planetlab2.cs.purdue.edu,file1MB.txt,2015/09/30 21:14:44,2015/09/30 21:16:35,111315.000000
planetlab2.cnis.nyit.edu,planetlab2.cs.purdue.edu,file32B.txt,2015/09/30 21:16:35,2015/09/30 21:16:35,359.000000
planetlab2.cnis.nyit.edu,planetlab2.cs.purdue.edu,file1KB.txt,2015/09/30 21:16:35,2015/09/30 21:16:35,411.000000
planetlab2.cnis.nyit.edu,planetlab2.cs.purdue.edu,file256KB.txt,2015/09/30 21:16:35,2015/09/30 21:17:00,25484.000000
planetlab2.cnis.nyit.edu,planetlab2.cs.purdue.edu,file512KB.txt,2015/09/30 21:17:00,2015/09/30 21:17:48,47491.000000
planetlab2.cnis.nyit.edu,planetlab2.cs.purdue.edu,file1MB.txt,2015/09/30 21:17:48,2015/09/30 21:19:58,130450.000000
planetlab2.rutgers.edu,planetlab2.cs.purdue.edu,file32B.txt,2015/09/30 21:19:58,2015/09/30 21:20:01,3110.000000
planetlab2.rutgers.edu,planetlab2.cs.purdue.edu,file1KB.txt,2015/09/30 21:20:01,2015/09/30 21:20:06,5158.000000
planetlab2.rutgers.edu,planetlab2.cs.purdue.edu,file256KB.txt,2015/09/30 21:20:06,2015/09/30 21:36:40,-993698.000000
planetlab2.rutgers.edu,planetlab2.cs.purdue.edu,file512KB.txt,2015/09/30 21:36:40,2015/09/30 22:17:04,-1871187.000000
planetlab2.rutgers.edu,planetlab2.cs.purdue.edu,file1MB.txt,2015/09/30 22:17:04,2015/09/30 23:19:49,529322.000000
planetlab2.ucsd.edu,planetlab2.cs.purdue.edu,file32B.txt,2015/09/30 23:19:49,2015/09/30 23:19:49,751.000000
planetlab2.ucsd.edu,planetlab2.cs.purdue.edu,file1KB.txt,2015/09/30 23:19:50,2015/09/30 23:19:50,766.000000
planetlab2.ucsd.edu,planetlab2.cs.purdue.edu,file256KB.txt,2015/09/30 23:19:50,2015/09/30 23:20:34,43897.000000
planetlab2.ucsd.edu,planetlab2.cs.purdue.edu,file512KB.txt,2015/09/30 23:20:34,2015/09/30 23:22:02,88527.000000
planetlab2.ucsd.edu,planetlab2.cs.purdue.edu,file1MB.txt,2015/09/30 23:22:02,2015/09/30 23:24:59,176497.000000
planetlab3.cs.uoregon.edu,planetlab2.cs.purdue.edu,file32B.txt,2015/09/30 23:24:59,2015/09/30 23:25:00,1270.000000
planetlab3.cs.uoregon.edu,planetlab2.cs.purdue.edu,file1KB.txt,2015/09/30 23:25:00,2015/09/30 23:25:01,1296.000000
planetlab3.cs.uoregon.edu,planetlab2.cs.purdue.edu,file256KB.txt,2015/09/30 23:25:01,2015/09/30 23:25:43,42227.000000
planetlab3.cs.uoregon.edu,planetlab2.cs.purdue.edu,file512KB.txt,2015/09/30 23:25:43,2015/09/30 23:27:02,78136.000000
planetlab3.cs.uoregon.edu,planetlab2.cs.purdue.edu,file1MB.txt,2015/09/30 23:27:02,2015/09/30 23:29:46,164407.000000
planetlab-01.bu.edu,planetlab2.cs.purdue.edu,file32B.txt,2015/09/30 23:29:46,2015/09/30 23:29:47,1404.000000
planetlab-01.bu.edu,planetlab2.cs.purdue.edu,file1KB.txt,2015/09/30 23:29:47,2015/09/30 23:29:47,566.000000
planetlab-01.bu.edu,planetlab2.cs.purdue.edu,file256KB.txt,2015/09/30 23:29:47,2015/09/30 23:30:21,34668.000000
planetlab-01.bu.edu,planetlab2.cs.purdue.edu,file512KB.txt,2015/09/30 23:30:21,2015/09/30 23:31:37,75941.000000
planetlab-01.bu.edu,planetlab2.cs.purdue.edu,file1MB.txt,2015/09/30 23:31:37,2015/09/30 23:33:54,137045.000000
planetlab4.cnds.jhu.edu,planetlab2.cs.purdue.edu,file32B.txt,2015/09/30 23:33:54,2015/09/30 23:33:54,386.000000
planetlab4.cnds.jhu.edu,planetlab2.cs.purdue.edu,file1KB.txt,2015/09/30 23:33:54,2015/09/30 23:33:55,1462.000000
planetlab4.cnds.jhu.edu,planetlab2.cs.purdue.edu,file256KB.txt,2015/09/30 23:33:55,2015/09/30 23:34:18,22297.000000
planetlab4.cnds.jhu.edu,planetlab2.cs.purdue.edu,file512KB.txt,2015/09/30 23:34:18,2015/09/30 23:35:06,48365.000000
planetlab4.cnds.jhu.edu,planetlab2.cs.purdue.edu,file1MB.txt,2015/09/30 23:35:06,2015/09/30 23:36:34,87624.000000
planetlabtwo.ccs.neu.edu,planetlab2.cs.purdue.edu,file32B.txt,2015/09/30 23:36:34,2015/09/30 23:36:35,1222.000000
planetlabtwo.ccs.neu.edu,planetlab2.cs.purdue.edu,file1KB.txt,2015/09/30 23:36:35,2015/09/30 23:36:35,452.000000
planetlabtwo.ccs.neu.edu,planetlab2.cs.purdue.edu,file256KB.txt,2015/09/30 23:36:35,2015/09/30 23:37:23,48162.000000
planetlabtwo.ccs.neu.edu,planetlab2.cs.purdue.edu,file512KB.txt,2015/09/30 23:37:23,2015/09/30 23:38:11,47932.000000
planetlabtwo.ccs.neu.edu,planetlab2.cs.purdue.edu,file1MB.txt,2015/09/30 23:38:11,2015/09/30 23:39:53,102753.000000
planetlab1.cs.purdue.edu,planetlab2.cs.purdue.edu,file32B.txt,2015/09/30 23:39:53,2015/09/30 23:39:54,454.000000
planetlab1.cs.purdue.edu,planetlab2.cs.purdue.edu,file1KB.txt,2015/09/30 23:39:54,2015/09/30 23:39:56,2297.000000
planetlab1.cs.purdue.edu,planetlab2.cs.purdue.edu,file256KB.txt,2015/09/30 23:39:56,2015/09/30 23:46:45,-409059.000000
planetlab1.cs.purdue.edu,planetlab2.cs.purdue.edu,file512KB.txt,2015/09/30 23:46:45,2015/10/01 00:07:11,1226280.000000
planetlab1.cs.purdue.edu,planetlab2.cs.purdue.edu,file1MB.txt,2015/10/01 00:07:11,2015/10/01 00:48:11,-1835803.000000
planetlab2.tsuniv.edu,planetlab2.cs.purdue.edu,file32B.txt,2015/10/01 00:48:11,2015/10/01 00:48:14,3443.000000
planetlab2.tsuniv.edu,planetlab2.cs.purdue.edu,file1KB.txt,2015/10/01 00:48:14,2015/10/01 00:48:18,4117.000000
planetlab2.tsuniv.edu,planetlab2.cs.purdue.edu,file256KB.txt,2015/10/01 00:48:18,2015/10/01 00:51:50,211957.000000
planetlab2.tsuniv.edu,planetlab2.cs.purdue.edu,file512KB.txt,2015/10/01 00:51:50,2015/10/01 01:01:51,-600679.000000
planetlab2.tsuniv.edu,planetlab2.cs.purdue.edu,file1MB.txt,2015/10/01 01:01:51,2015/10/01 01:12:22,630835.000000
planetlab1.tsuniv.edu,planetlab2.cs.purdue.edu,file32B.txt,2015/10/01 01:12:22,2015/10/01 01:12:25,3529.000000
planetlab1.tsuniv.edu,planetlab2.cs.purdue.edu,file1KB.txt,2015/10/01 01:12:25,2015/10/01 01:12:27,1356.000000
planetlab1.tsuniv.edu,planetlab2.cs.purdue.edu,file256KB.txt,2015/10/01 01:12:27,2015/10/01 01:14:40,133477.000000
planetlab1.tsuniv.edu,planetlab2.cs.purdue.edu,file512KB.txt,2015/10/01 01:14:40,2015/10/01 01:16:52,131525.000000
planetlab1.tsuniv.edu,planetlab2.cs.purdue.edu,file1MB.txt,2015/10/01 01:16:52,2015/10/01 01:20:01,189831.000000
planetlab3.ucsd.edu,planetlab2.cs.purdue.edu,file32B.txt,2015/10/01 01:20:01,2015/10/01 01:20:01,667.000000
planetlab3.ucsd.edu,planetlab2.cs.purdue.edu,file1KB.txt,2015/10/01 01:20:01,2015/10/01 01:20:02,1240.000000
planetlab3.ucsd.edu,planetlab2.cs.purdue.edu,file256KB.txt,2015/10/01 01:20:02,2015/10/01 01:20:43,40570.000000
planetlab3.ucsd.edu,planetlab2.cs.purdue.edu,file512KB.txt,2015/10/01 01:20:43,2015/10/01 01:22:14,91818.000000
planetlab3.ucsd.edu,planetlab2.cs.purdue.edu,file1MB.txt,2015/10/01 01:22:14,2015/10/01 01:25:21,186370.000000
node2.planetlab.mathcs.emory.edu,planetlab2.cs.purdue.edu,file32B.txt,2015/10/01 01:25:22,2015/10/01 01:25:22,476.000000
node2.planetlab.mathcs.emory.edu,planetlab2.cs.purdue.edu,file1KB.txt,2015/10/01 01:25:22,2015/10/01 01:25:23,1497.000000
node2.planetlab.mathcs.emory.edu,planetlab2.cs.purdue.edu,file256KB.txt,2015/10/01 01:25:23,2015/10/01 01:25:48,24566.000000
node2.planetlab.mathcs.emory.edu,planetlab2.cs.purdue.edu,file512KB.txt,2015/10/01 01:25:48,2015/10/01 01:26:40,51818.000000
node2.planetlab.mathcs.emory.edu,planetlab2.cs.purdue.edu,file1MB.txt,2015/10/01 01:26:40,2015/10/01 01:28:25,105769.000000
planetlab5.csee.usf.edu,planetlab2.cs.purdue.edu,file32B.txt,2015/10/01 01:28:25,2015/10/01 01:28:25,584.000000
planetlab5.csee.usf.edu,planetlab2.cs.purdue.edu,file1KB.txt,2015/10/01 01:28:25,2015/10/01 01:28:26,1410.000000
planetlab5.csee.usf.edu,planetlab2.cs.purdue.edu,file256KB.txt,2015/10/01 01:28:26,2015/10/01 01:28:56,29629.000000
planetlab5.csee.usf.edu,planetlab2.cs.purdue.edu,file512KB.txt,2015/10/01 01:28:56,2015/10/01 01:29:54,58268.000000
planetlab5.csee.usf.edu,planetlab2.cs.purdue.edu,file1MB.txt,2015/10/01 01:29:54,2015/10/01 01:32:08,133402.000000
planetlab1.emich.edu,planetlab2.cs.purdue.edu,file32B.txt,2015/10/01 01:32:08,2015/10/01 01:32:09,1636.000000
planetlab1.emich.edu,planetlab2.cs.purdue.edu,file1KB.txt,2015/10/01 01:32:09,2015/10/01 01:32:09,503.000000
planetlab1.emich.edu,planetlab2.cs.purdue.edu,file256KB.txt,2015/10/01 01:32:09,2015/10/01 01:32:27,18280.000000
planetlab1.emich.edu,planetlab2.cs.purdue.edu,file512KB.txt,2015/10/01 01:32:27,2015/10/01 01:33:00,33438.000000
planetlab1.emich.edu,planetlab2.cs.purdue.edu,file1MB.txt,2015/10/01 01:33:00,2015/10/01 01:34:08,67386.000000
ebb.colgate.edu,planetlab2.cs.purdue.edu,file32B.txt,2015/10/01 01:34:08,2015/10/01 01:34:09,1487.000000
ebb.colgate.edu,planetlab2.cs.purdue.edu,file1KB.txt,2015/10/01 01:34:09,2015/10/01 01:34:10,1061.000000
ebb.colgate.edu,planetlab2.cs.purdue.edu,file256KB.txt,2015/10/01 01:34:10,2015/10/01 01:34:38,27896.000000
ebb.colgate.edu,planetlab2.cs.purdue.edu,file512KB.txt,2015/10/01 01:34:38,2015/10/01 01:35:48,70076.000000
ebb.colgate.edu,planetlab2.cs.purdue.edu,file1MB.txt,2015/10/01 01:35:48,2015/10/01 01:37:35,106818.000000
kc-sce-plab2.umkc.edu,planetlab2.cs.purdue.edu,file32B.txt,2015/10/01 01:37:35,2015/10/01 01:37:37,1646.000000
kc-sce-plab2.umkc.edu,planetlab2.cs.purdue.edu,file1KB.txt,2015/10/01 01:37:37,2015/10/01 01:37:40,3705.000000
kc-sce-plab2.umkc.edu,planetlab2.cs.purdue.edu,file256KB.txt,2015/10/01 01:37:40,2015/10/01 01:40:17,156534.000000
kc-sce-plab2.umkc.edu,planetlab2.cs.purdue.edu,file512KB.txt,2015/10/01 01:40:17,2015/10/01 01:41:33,76483.000000
kc-sce-plab2.umkc.edu,planetlab2.cs.purdue.edu,file1MB.txt,2015/10/01 01:41:33,2015/10/01 01:43:13,99836.000000
node1.planetlab.mathcs.emory.edu,planetlab2.cs.purdue.edu,file32B.txt,2015/10/01 01:43:13,2015/10/01 01:43:13,333.000000
node1.planetlab.mathcs.emory.edu,planetlab2.cs.purdue.edu,file1KB.txt,2015/10/01 01:43:13,2015/10/01 01:43:14,1615.000000
node1.planetlab.mathcs.emory.edu,planetlab2.cs.purdue.edu,file256KB.txt,2015/10/01 01:43:14,2015/10/01 01:43:38,23807.000000
node1.planetlab.mathcs.emory.edu,planetlab2.cs.purdue.edu,file512KB.txt,2015/10/01 01:43:38,2015/10/01 01:44:36,57569.000000
node1.planetlab.mathcs.emory.edu,planetlab2.cs.purdue.edu,file1MB.txt,2015/10/01 01:44:36,2015/10/01 01:46:10,94012.000000
pl1.cs.montana.edu,planetlab2.cs.purdue.edu,file32B.txt,2015/10/01 01:46:10,2015/10/01 01:46:11,1219.000000
pl1.cs.montana.edu,planetlab2.cs.purdue.edu,file1KB.txt,2015/10/01 01:46:11,2015/10/01 01:46:12,1052.000000
pl1.cs.montana.edu,planetlab2.cs.purdue.edu,file256KB.txt,2015/10/01 01:46:12,2015/10/01 01:47:11,59009.000000
pl1.cs.montana.edu,planetlab2.cs.purdue.edu,file512KB.txt,2015/10/01 01:47:11,2015/10/01 01:49:21,130177.000000
pl1.cs.montana.edu,planetlab2.cs.purdue.edu,file1MB.txt,2015/10/01 01:49:21,2015/10/01 01:53:25,243622.000000
plab3.eece.ksu.edu,planetlab2.cs.purdue.edu,file32B.txt,2015/10/01 01:53:46,2015/10/01 01:53:47,1643.000000
plab3.eece.ksu.edu,planetlab2.cs.purdue.edu,file1KB.txt,2015/10/01 01:53:47,2015/10/01 01:53:47,409.000000
plab3.eece.ksu.edu,planetlab2.cs.purdue.edu,file256KB.txt,2015/10/01 01:53:47,2015/10/01 01:54:07,20042.000000
plab3.eece.ksu.edu,planetlab2.cs.purdue.edu,file512KB.txt,2015/10/01 01:54:07,2015/10/01 01:54:47,40044.000000
plab3.eece.ksu.edu,planetlab2.cs.purdue.edu,file1MB.txt,2015/10/01 01:54:47,2015/10/01 01:56:04,77366.000000
planet3.cc.gt.atl.ga.us,planetlab2.cs.purdue.edu,file32B.txt,2015/10/01 01:56:04,2015/10/01 01:56:04,398.000000
planet3.cc.gt.atl.ga.us,planetlab2.cs.purdue.edu,file1KB.txt,2015/10/01 01:56:04,2015/10/01 01:56:04,468.000000
planet3.cc.gt.atl.ga.us,planetlab2.cs.purdue.edu,file256KB.txt,2015/10/01 01:56:04,2015/10/01 01:56:34,30049.000000
planet3.cc.gt.atl.ga.us,planetlab2.cs.purdue.edu,file512KB.txt,2015/10/01 01:56:34,2015/10/01 01:57:35,60908.000000
planet3.cc.gt.atl.ga.us,planetlab2.cs.purdue.edu,file1MB.txt,2015/10/01 01:57:35,2015/10/01 01:59:10,95321.000000
planetlab-02.bu.edu,planetlab2.cs.purdue.edu,file32B.txt,2015/10/01 01:59:10,2015/10/01 01:59:11,1525.000000
planetlab-02.bu.edu,planetlab2.cs.purdue.edu,file1KB.txt,2015/10/01 01:59:11,2015/10/01 01:59:11,525.000000
planetlab-02.bu.edu,planetlab2.cs.purdue.edu,file256KB.txt,2015/10/01 01:59:11,2015/10/01 01:59:43,32195.000000
planetlab-02.bu.edu,planetlab2.cs.purdue.edu,file512KB.txt,2015/10/01 01:59:43,2015/10/01 02:00:51,68008.000000
planetlab-02.bu.edu,planetlab2.cs.purdue.edu,file1MB.txt,2015/10/01 02:00:51,2015/10/01 02:03:33,162285.000000
planetlab1.clemson.edu,planetlab2.cs.purdue.edu,file32B.txt,2015/10/01 02:03:54,2015/10/01 02:03:55,1255.000000
planetlab1.clemson.edu,planetlab2.cs.purdue.edu,file1KB.txt,2015/10/01 02:03:55,2015/10/01 02:03:56,881.000000
planetlab1.clemson.edu,planetlab2.cs.purdue.edu,file256KB.txt,2015/10/01 02:03:56,2015/10/01 02:04:42,46333.000000
planetlab1.clemson.edu,planetlab2.cs.purdue.edu,file512KB.txt,2015/10/01 02:04:42,2015/10/01 02:06:47,124510.000000
planetlab1.clemson.edu,planetlab2.cs.purdue.edu,file1MB.txt,2015/10/01 02:06:47,2015/10/01 02:08:44,-117141.000000
planetlab1.cs.du.edu,planetlab2.cs.purdue.edu,file32B.txt,2015/10/01 02:08:45,2015/10/01 02:08:46,939.000000
planetlab1.cs.du.edu,planetlab2.cs.purdue.edu,file1KB.txt,2015/10/01 02:08:46,2015/10/01 02:08:47,1152.000000
planetlab1.cs.du.edu,planetlab2.cs.purdue.edu,file256KB.txt,2015/10/01 02:08:47,2015/10/01 02:09:21,33688.000000
planetlab1.cs.du.edu,planetlab2.cs.purdue.edu,file512KB.txt,2015/10/01 02:09:21,2015/10/01 02:10:16,54729.000000
planetlab1.cs.du.edu,planetlab2.cs.purdue.edu,file1MB.txt,2015/10/01 02:10:16,2015/10/01 02:12:20,124693.000000
planetlab-1.cse.ohio-state.edu,planetlab2.cs.purdue.edu,file32B.txt,2015/10/01 02:12:20,2015/10/01 02:12:26,5450.000000
planetlab-1.cse.ohio-state.edu,planetlab2.cs.purdue.edu,file1KB.txt,2015/10/01 02:12:26,2015/10/01 02:13:25,59402.000000
planetlab-1.cse.ohio-state.edu,planetlab2.cs.purdue.edu,file256KB.txt,2015/10/01 02:13:25,2015/10/01 02:23:27,601451.000000
planetlab-1.cse.ohio-state.edu,planetlab2.cs.purdue.edu,file512KB.txt,2015/10/01 02:23:27,2015/10/01 02:55:20,1913063.000000
planetlab-1.cse.ohio-state.edu,planetlab2.cs.purdue.edu,file1MB.txt,2015/10/01 02:55:20,2015/10/01 04:09:00,125710.000000
planetlab1.cs.okstate.edu,planetlab2.cs.purdue.edu,file32B.txt,2015/10/01 04:09:00,2015/10/01 04:09:00,520.000000
planetlab1.cs.okstate.edu,planetlab2.cs.purdue.edu,file1KB.txt,2015/10/01 04:09:00,2015/10/01 04:09:01,1370.000000
planetlab1.cs.okstate.edu,planetlab2.cs.purdue.edu,file256KB.txt,2015/10/01 04:09:01,2015/10/01 04:09:24,23025.000000
planetlab1.cs.okstate.edu,planetlab2.cs.purdue.edu,file512KB.txt,2015/10/01 04:09:24,2015/10/01 04:10:08,43516.000000
planetlab1.cs.okstate.edu,planetlab2.cs.purdue.edu,file1MB.txt,2015/10/01 04:10:08,2015/10/01 04:11:44,96042.000000
planetlab1.cs.ucla.edu,planetlab2.cs.purdue.edu,file32B.txt,2015/10/01 04:11:44,2015/10/01 04:11:45,1276.000000
planetlab1.cs.ucla.edu,planetlab2.cs.purdue.edu,file1KB.txt,2015/10/01 04:11:45,2015/10/01 04:11:46,1095.000000
planetlab1.cs.ucla.edu,planetlab2.cs.purdue.edu,file256KB.txt,2015/10/01 04:11:46,2015/10/01 04:12:36,50267.000000
planetlab1.cs.ucla.edu,planetlab2.cs.purdue.edu,file512KB.txt,2015/10/01 04:12:36,2015/10/01 04:14:16,99754.000000
planetlab1.cs.ucla.edu,planetlab2.cs.purdue.edu,file1MB.txt,2015/10/01 04:14:16,2015/10/01 04:17:26,189954.000000
planetlab1.csuohio.edu,planetlab2.cs.purdue.edu,file32B.txt,2015/10/01 04:17:26,2015/10/01 04:17:26,386.000000
planetlab1.csuohio.edu,planetlab2.cs.purdue.edu,file1KB.txt,2015/10/01 04:17:26,2015/10/01 04:17:27,1410.000000
planetlab1.csuohio.edu,planetlab2.cs.purdue.edu,file256KB.txt,2015/10/01 04:17:27,2015/10/01 04:17:50,23205.000000
planetlab1.csuohio.edu,planetlab2.cs.purdue.edu,file512KB.txt,2015/10/01 04:17:50,2015/10/01 04:18:33,42475.000000
planetlab1.csuohio.edu,planetlab2.cs.purdue.edu,file1MB.txt,2015/10/01 04:18:33,2015/10/01 04:19:52,79386.000000
planetlab1.emich.edu,planetlab2.cs.purdue.edu,file32B.txt,2015/10/01 04:19:52,2015/10/01 04:19:52,389.000000
planetlab1.emich.edu,planetlab2.cs.purdue.edu,file1KB.txt,2015/10/01 04:19:52,2015/10/01 04:19:53,1645.000000
planetlab1.emich.edu,planetlab2.cs.purdue.edu,file256KB.txt,2015/10/01 04:19:53,2015/10/01 04:20:14,20593.000000
