planetlab1.unr.edu,planet3.cc.gt.atl.ga.us,file32B.txt,2015/09/30 21:02:10,2015/09/30 21:02:11,1428.000000
planetlab1.unr.edu,planet3.cc.gt.atl.ga.us,file1KB.txt,2015/09/30 21:02:11,2015/09/30 21:02:12,1296.000000
planetlab1.unr.edu,planet3.cc.gt.atl.ga.us,file256KB.txt,2015/09/30 21:02:12,2015/09/30 21:02:43,30838.000000
planetlab1.unr.edu,planet3.cc.gt.atl.ga.us,file512KB.txt,2015/09/30 21:02:43,2015/09/30 21:04:08,85024.000000
planetlab1.unr.edu,planet3.cc.gt.atl.ga.us,file1MB.txt,2015/09/30 21:04:08,2015/09/30 21:06:37,148803.000000
pl2.cs.unm.edu,planet3.cc.gt.atl.ga.us,file32B.txt,2015/09/30 21:06:37,2015/09/30 21:06:37,407.000000
pl2.cs.unm.edu,planet3.cc.gt.atl.ga.us,file1KB.txt,2015/09/30 21:06:38,2015/09/30 21:06:38,623.000000
pl2.cs.unm.edu,planet3.cc.gt.atl.ga.us,file256KB.txt,2015/09/30 21:06:38,2015/09/30 21:07:28,50302.000000
pl2.cs.unm.edu,planet3.cc.gt.atl.ga.us,file512KB.txt,2015/09/30 21:07:28,2015/09/30 21:08:21,52488.000000
pl2.cs.unm.edu,planet3.cc.gt.atl.ga.us,file1MB.txt,2015/09/30 21:08:21,2015/09/30 21:11:10,168902.000000
planetlab2.cnis.nyit.edu,planet3.cc.gt.atl.ga.us,file32B.txt,2015/09/30 21:11:10,2015/09/30 21:11:11,1635.000000
planetlab2.cnis.nyit.edu,planet3.cc.gt.atl.ga.us,file1KB.txt,2015/09/30 21:11:11,2015/09/30 21:11:23,12146.000000
planetlab2.cnis.nyit.edu,planet3.cc.gt.atl.ga.us,file256KB.txt,2015/09/30 21:11:23,2015/09/30 21:12:03,39393.000000
planetlab2.cnis.nyit.edu,planet3.cc.gt.atl.ga.us,file512KB.txt,2015/09/30 21:12:03,2015/09/30 21:13:26,83106.000000
planetlab2.cnis.nyit.edu,planet3.cc.gt.atl.ga.us,file1MB.txt,2015/09/30 21:13:26,2015/09/30 21:17:19,233674.000000
planetlab2.rutgers.edu,planet3.cc.gt.atl.ga.us,file32B.txt,2015/09/30 21:17:19,2015/09/30 21:17:25,5577.000000
planetlab2.rutgers.edu,planet3.cc.gt.atl.ga.us,file1KB.txt,2015/09/30 21:17:25,2015/09/30 21:17:40,15018.000000
planetlab2.rutgers.edu,planet3.cc.gt.atl.ga.us,file256KB.txt,2015/09/30 21:17:40,2015/09/30 21:39:02,-1282133.000000
planetlab2.rutgers.edu,planet3.cc.gt.atl.ga.us,file512KB.txt,2015/09/30 21:39:02,2015/09/30 22:24:49,-1548038.000000
planetlab2.rutgers.edu,planet3.cc.gt.atl.ga.us,file1MB.txt,2015/09/30 22:24:49,2015/09/30 23:24:04,739786.000000
planetlab2.cs.du.edu,planet3.cc.gt.atl.ga.us,file32B.txt,2015/09/30 23:24:04,2015/09/30 23:24:04,281.000000
planetlab2.cs.du.edu,planet3.cc.gt.atl.ga.us,file1KB.txt,2015/09/30 23:24:04,2015/09/30 23:24:04,295.000000
planetlab2.cs.du.edu,planet3.cc.gt.atl.ga.us,file256KB.txt,2015/09/30 23:24:04,2015/09/30 23:24:30,26269.000000
planetlab2.cs.du.edu,planet3.cc.gt.atl.ga.us,file512KB.txt,2015/09/30 23:24:30,2015/09/30 23:25:14,44106.000000
planetlab2.cs.du.edu,planet3.cc.gt.atl.ga.us,file1MB.txt,2015/09/30 23:25:14,2015/09/30 23:26:59,104680.000000
planetlab2.ucsd.edu,planet3.cc.gt.atl.ga.us,file32B.txt,2015/09/30 23:26:59,2015/09/30 23:27:00,1513.000000
planetlab2.ucsd.edu,planet3.cc.gt.atl.ga.us,file1KB.txt,2015/09/30 23:27:00,2015/09/30 23:27:00,423.000000
planetlab2.ucsd.edu,planet3.cc.gt.atl.ga.us,file256KB.txt,2015/09/30 23:27:00,2015/09/30 23:27:32,32465.000000
planetlab2.ucsd.edu,planet3.cc.gt.atl.ga.us,file512KB.txt,2015/09/30 23:27:32,2015/09/30 23:28:35,63134.000000
planetlab2.ucsd.edu,planet3.cc.gt.atl.ga.us,file1MB.txt,2015/09/30 23:28:35,2015/09/30 23:30:40,124922.000000
planetlab3.cs.uoregon.edu,planet3.cc.gt.atl.ga.us,file32B.txt,2015/09/30 23:30:40,2015/09/30 23:30:40,572.000000
planetlab3.cs.uoregon.edu,planet3.cc.gt.atl.ga.us,file1KB.txt,2015/09/30 23:30:40,2015/09/30 23:30:41,1485.000000
planetlab3.cs.uoregon.edu,planet3.cc.gt.atl.ga.us,file256KB.txt,2015/09/30 23:30:41,2015/09/30 23:31:19,38143.000000
planetlab3.cs.uoregon.edu,planet3.cc.gt.atl.ga.us,file512KB.txt,2015/09/30 23:31:19,2015/09/30 23:32:34,74346.000000
planetlab3.cs.uoregon.edu,planet3.cc.gt.atl.ga.us,file1MB.txt,2015/09/30 23:32:34,2015/09/30 23:35:05,151421.000000
planetlab-01.bu.edu,planet3.cc.gt.atl.ga.us,file32B.txt,2015/09/30 23:35:05,2015/09/30 23:35:05,280.000000
planetlab-01.bu.edu,planet3.cc.gt.atl.ga.us,file1KB.txt,2015/09/30 23:35:05,2015/09/30 23:35:05,280.000000
planetlab-01.bu.edu,planet3.cc.gt.atl.ga.us,file256KB.txt,2015/09/30 23:35:05,2015/09/30 23:35:27,22798.000000
planetlab-01.bu.edu,planet3.cc.gt.atl.ga.us,file512KB.txt,2015/09/30 23:35:27,2015/09/30 23:36:09,41935.000000
planetlab-01.bu.edu,planet3.cc.gt.atl.ga.us,file1MB.txt,2015/09/30 23:36:09,2015/09/30 23:37:33,83938.000000
planetlab4.cnds.jhu.edu,planet3.cc.gt.atl.ga.us,file32B.txt,2015/09/30 23:37:33,2015/09/30 23:37:33,157.000000
planetlab4.cnds.jhu.edu,planet3.cc.gt.atl.ga.us,file1KB.txt,2015/09/30 23:37:33,2015/09/30 23:37:33,119.000000
planetlab4.cnds.jhu.edu,planet3.cc.gt.atl.ga.us,file256KB.txt,2015/09/30 23:37:33,2015/09/30 23:37:42,8985.000000
planetlab4.cnds.jhu.edu,planet3.cc.gt.atl.ga.us,file512KB.txt,2015/09/30 23:37:42,2015/09/30 23:38:00,18229.000000
planetlab4.cnds.jhu.edu,planet3.cc.gt.atl.ga.us,file1MB.txt,2015/09/30 23:38:00,2015/09/30 23:38:35,34288.000000
planetlabtwo.ccs.neu.edu,planet3.cc.gt.atl.ga.us,file32B.txt,2015/09/30 23:38:35,2015/09/30 23:38:36,1609.000000
planetlabtwo.ccs.neu.edu,planet3.cc.gt.atl.ga.us,file1KB.txt,2015/09/30 23:38:36,2015/09/30 23:38:36,301.000000
planetlabtwo.ccs.neu.edu,planet3.cc.gt.atl.ga.us,file256KB.txt,2015/09/30 23:38:36,2015/09/30 23:38:58,21871.000000
planetlabtwo.ccs.neu.edu,planet3.cc.gt.atl.ga.us,file512KB.txt,2015/09/30 23:38:58,2015/09/30 23:39:42,44060.000000
planetlabtwo.ccs.neu.edu,planet3.cc.gt.atl.ga.us,file1MB.txt,2015/09/30 23:39:42,2015/09/30 23:41:10,87855.000000
planetlab1.cs.purdue.edu,planet3.cc.gt.atl.ga.us,file32B.txt,2015/09/30 23:41:10,2015/09/30 23:41:14,4333.000000
planetlab1.cs.purdue.edu,planet3.cc.gt.atl.ga.us,file1KB.txt,2015/09/30 23:41:14,2015/09/30 23:41:20,6483.000000
planetlab1.cs.purdue.edu,planet3.cc.gt.atl.ga.us,file256KB.txt,2015/09/30 23:41:20,2015/09/30 23:54:11,-770981.000000
planetlab1.cs.purdue.edu,planet3.cc.gt.atl.ga.us,file512KB.txt,2015/09/30 23:54:11,2015/10/01 00:25:26,1874407.000000
planetlab1.cs.purdue.edu,planet3.cc.gt.atl.ga.us,file1MB.txt,2015/10/01 00:25:26,2015/10/01 01:14:42,1338612.000000
planetlab2.tsuniv.edu,planet3.cc.gt.atl.ga.us,file32B.txt,2015/10/01 01:14:42,2015/10/01 01:14:44,2180.000000
planetlab2.tsuniv.edu,planet3.cc.gt.atl.ga.us,file1KB.txt,2015/10/01 01:14:44,2015/10/01 01:14:45,628.000000
planetlab2.tsuniv.edu,planet3.cc.gt.atl.ga.us,file256KB.txt,2015/10/01 01:14:45,2015/10/01 01:19:23,278343.000000
planetlab2.tsuniv.edu,planet3.cc.gt.atl.ga.us,file512KB.txt,2015/10/01 01:19:23,2015/10/01 01:24:31,307597.000000
planetlab2.tsuniv.edu,planet3.cc.gt.atl.ga.us,file1MB.txt,2015/10/01 01:24:31,2015/10/01 01:33:19,527667.000000
planetlab1.tsuniv.edu,planet3.cc.gt.atl.ga.us,file32B.txt,2015/10/01 01:33:19,2015/10/01 01:33:20,1716.000000
planetlab1.tsuniv.edu,planet3.cc.gt.atl.ga.us,file1KB.txt,2015/10/01 01:33:20,2015/10/01 01:33:20,339.000000
planetlab1.tsuniv.edu,planet3.cc.gt.atl.ga.us,file256KB.txt,2015/10/01 01:33:20,2015/10/01 01:38:42,321621.000000
planetlab1.tsuniv.edu,planet3.cc.gt.atl.ga.us,file512KB.txt,2015/10/01 01:38:42,2015/10/01 01:47:28,525867.000000
planetlab1.tsuniv.edu,planet3.cc.gt.atl.ga.us,file1MB.txt,2015/10/01 01:47:28,2015/10/01 02:21:13,-2024998.000000
planetlab3.ucsd.edu,planet3.cc.gt.atl.ga.us,file32B.txt,2015/10/01 02:21:13,2015/10/01 02:21:14,1483.000000
planetlab3.ucsd.edu,planet3.cc.gt.atl.ga.us,file1KB.txt,2015/10/01 02:21:14,2015/10/01 02:21:14,437.000000
planetlab3.ucsd.edu,planet3.cc.gt.atl.ga.us,file256KB.txt,2015/10/01 02:21:14,2015/10/01 02:21:47,33591.000000
planetlab3.ucsd.edu,planet3.cc.gt.atl.ga.us,file512KB.txt,2015/10/01 02:21:47,2015/10/01 02:22:51,64205.000000
planetlab3.ucsd.edu,planet3.cc.gt.atl.ga.us,file1MB.txt,2015/10/01 02:22:51,2015/10/01 02:24:59,127967.000000
node2.planetlab.mathcs.emory.edu,planet3.cc.gt.atl.ga.us,file32B.txt,2015/10/01 02:24:59,2015/10/01 02:24:59,20.000000
node2.planetlab.mathcs.emory.edu,planet3.cc.gt.atl.ga.us,file1KB.txt,2015/10/01 02:24:59,2015/10/01 02:24:59,14.000000
node2.planetlab.mathcs.emory.edu,planet3.cc.gt.atl.ga.us,file256KB.txt,2015/10/01 02:24:59,2015/10/01 02:25:00,984.000000
node2.planetlab.mathcs.emory.edu,planet3.cc.gt.atl.ga.us,file512KB.txt,2015/10/01 02:25:00,2015/10/01 02:25:02,1840.000000
node2.planetlab.mathcs.emory.edu,planet3.cc.gt.atl.ga.us,file1MB.txt,2015/10/01 02:25:02,2015/10/01 02:25:06,3982.000000
planetlab5.csee.usf.edu,planet3.cc.gt.atl.ga.us,file32B.txt,2015/10/01 02:25:06,2015/10/01 02:25:06,132.000000
planetlab5.csee.usf.edu,planet3.cc.gt.atl.ga.us,file1KB.txt,2015/10/01 02:25:06,2015/10/01 02:25:07,1894.000000
planetlab5.csee.usf.edu,planet3.cc.gt.atl.ga.us,file256KB.txt,2015/10/01 02:25:07,2015/10/01 02:25:15,7489.000000
planetlab5.csee.usf.edu,planet3.cc.gt.atl.ga.us,file512KB.txt,2015/10/01 02:25:15,2015/10/01 02:25:31,16474.000000
planetlab5.csee.usf.edu,planet3.cc.gt.atl.ga.us,file1MB.txt,2015/10/01 02:25:31,2015/10/01 02:26:01,29150.000000
planetlab1.emich.edu,planet3.cc.gt.atl.ga.us,file32B.txt,2015/10/01 02:26:01,2015/10/01 02:26:02,1804.000000
planetlab1.emich.edu,planet3.cc.gt.atl.ga.us,file1KB.txt,2015/10/01 02:26:02,2015/10/01 02:26:02,190.000000
planetlab1.emich.edu,planet3.cc.gt.atl.ga.us,file256KB.txt,2015/10/01 02:26:02,2015/10/01 02:26:16,13804.000000
planetlab1.emich.edu,planet3.cc.gt.atl.ga.us,file512KB.txt,2015/10/01 02:26:16,2015/10/01 02:26:44,27793.000000
planetlab1.emich.edu,planet3.cc.gt.atl.ga.us,file1MB.txt,2015/10/01 02:26:44,2015/10/01 02:27:41,57560.000000
ebb.colgate.edu,planet3.cc.gt.atl.ga.us,file32B.txt,2015/10/01 02:27:41,2015/10/01 02:27:41,192.000000
ebb.colgate.edu,planet3.cc.gt.atl.ga.us,file1KB.txt,2015/10/01 02:27:41,2015/10/01 02:27:41,189.000000
ebb.colgate.edu,planet3.cc.gt.atl.ga.us,file256KB.txt,2015/10/01 02:27:41,2015/10/01 02:27:57,16563.000000
ebb.colgate.edu,planet3.cc.gt.atl.ga.us,file512KB.txt,2015/10/01 02:27:57,2015/10/01 02:28:29,31870.000000
ebb.colgate.edu,planet3.cc.gt.atl.ga.us,file1MB.txt,2015/10/01 02:28:29,2015/10/01 02:29:35,65265.000000
kc-sce-plab2.umkc.edu,planet3.cc.gt.atl.ga.us,file32B.txt,2015/10/01 02:29:35,2015/10/01 02:29:36,1778.000000
kc-sce-plab2.umkc.edu,planet3.cc.gt.atl.ga.us,file1KB.txt,2015/10/01 02:29:36,2015/10/01 02:29:36,716.000000
kc-sce-plab2.umkc.edu,planet3.cc.gt.atl.ga.us,file256KB.txt,2015/10/01 02:29:36,2015/10/01 02:31:12,96300.000000
kc-sce-plab2.umkc.edu,planet3.cc.gt.atl.ga.us,file512KB.txt,2015/10/01 02:31:12,2015/10/01 02:34:21,188865.000000
kc-sce-plab2.umkc.edu,planet3.cc.gt.atl.ga.us,file1MB.txt,2015/10/01 02:34:21,2015/10/01 02:36:25,123989.000000
node1.planetlab.mathcs.emory.edu,planet3.cc.gt.atl.ga.us,file32B.txt,2015/10/01 02:36:25,2015/10/01 02:36:25,15.000000
node1.planetlab.mathcs.emory.edu,planet3.cc.gt.atl.ga.us,file1KB.txt,2015/10/01 02:36:25,2015/10/01 02:36:25,11.000000
node1.planetlab.mathcs.emory.edu,planet3.cc.gt.atl.ga.us,file256KB.txt,2015/10/01 02:36:25,2015/10/01 02:36:26,1049.000000
node1.planetlab.mathcs.emory.edu,planet3.cc.gt.atl.ga.us,file512KB.txt,2015/10/01 02:36:26,2015/10/01 02:36:28,1978.000000
node1.planetlab.mathcs.emory.edu,planet3.cc.gt.atl.ga.us,file1MB.txt,2015/10/01 02:36:28,2015/10/01 02:36:32,4033.000000
pl1.cs.montana.edu,planet3.cc.gt.atl.ga.us,file32B.txt,2015/10/01 02:36:32,2015/10/01 02:36:33,1013.000000
pl1.cs.montana.edu,planet3.cc.gt.atl.ga.us,file1KB.txt,2015/10/01 02:36:33,2015/10/01 02:36:34,1236.000000
pl1.cs.montana.edu,planet3.cc.gt.atl.ga.us,file256KB.txt,2015/10/01 02:36:34,2015/10/01 02:37:30,55563.000000
pl1.cs.montana.edu,planet3.cc.gt.atl.ga.us,file512KB.txt,2015/10/01 02:37:30,2015/10/01 02:39:23,113830.000000
pl1.cs.montana.edu,planet3.cc.gt.atl.ga.us,file1MB.txt,2015/10/01 02:39:23,2015/10/01 02:43:07,223670.000000
plab3.eece.ksu.edu,planet3.cc.gt.atl.ga.us,file32B.txt,2015/10/01 02:43:28,2015/10/01 02:43:28,284.000000
plab3.eece.ksu.edu,planet3.cc.gt.atl.ga.us,file1KB.txt,2015/10/01 02:43:28,2015/10/01 02:43:29,1758.000000
plab3.eece.ksu.edu,planet3.cc.gt.atl.ga.us,file256KB.txt,2015/10/01 02:43:29,2015/10/01 02:43:46,16160.000000
plab3.eece.ksu.edu,planet3.cc.gt.atl.ga.us,file512KB.txt,2015/10/01 02:43:46,2015/10/01 02:44:22,36570.000000
plab3.eece.ksu.edu,planet3.cc.gt.atl.ga.us,file1MB.txt,2015/10/01 02:44:22,2015/10/01 02:45:32,69636.000000
planet3.cc.gt.atl.ga.us,planet3.cc.gt.atl.ga.us,file32B.txt,2015/10/01 02:45:32,2015/10/01 02:45:32,1.000000
planet3.cc.gt.atl.ga.us,planet3.cc.gt.atl.ga.us,file1KB.txt,2015/10/01 02:45:32,2015/10/01 02:45:32,1.000000
planet3.cc.gt.atl.ga.us,planet3.cc.gt.atl.ga.us,file256KB.txt,2015/10/01 02:45:32,2015/10/01 02:45:32,41.000000
planet3.cc.gt.atl.ga.us,planet3.cc.gt.atl.ga.us,file512KB.txt,2015/10/01 02:45:32,2015/10/01 02:45:32,82.000000
planet3.cc.gt.atl.ga.us,planet3.cc.gt.atl.ga.us,file1MB.txt,2015/10/01 02:45:32,2015/10/01 02:45:33,1830.000000
planetlab-02.bu.edu,planet3.cc.gt.atl.ga.us,file32B.txt,2015/10/01 02:45:33,2015/10/01 02:45:33,326.000000
planetlab-02.bu.edu,planet3.cc.gt.atl.ga.us,file1KB.txt,2015/10/01 02:45:33,2015/10/01 02:45:33,318.000000
planetlab-02.bu.edu,planet3.cc.gt.atl.ga.us,file256KB.txt,2015/10/01 02:45:33,2015/10/01 02:45:55,22660.000000
planetlab-02.bu.edu,planet3.cc.gt.atl.ga.us,file512KB.txt,2015/10/01 02:45:55,2015/10/01 02:46:36,42175.000000
planetlab-02.bu.edu,planet3.cc.gt.atl.ga.us,file1MB.txt,2015/10/01 02:46:36,2015/10/01 02:47:58,80530.000000
planetlab1.clemson.edu,planet3.cc.gt.atl.ga.us,file32B.txt,2015/10/01 02:48:19,2015/10/01 02:48:20,1820.000000
planetlab1.clemson.edu,planet3.cc.gt.atl.ga.us,file1KB.txt,2015/10/01 02:48:20,2015/10/01 02:48:20,89.000000
planetlab1.clemson.edu,planet3.cc.gt.atl.ga.us,file256KB.txt,2015/10/01 02:48:20,2015/10/01 02:48:22,1112.000000
planetlab1.clemson.edu,planet3.cc.gt.atl.ga.us,file512KB.txt,2015/10/01 02:48:22,2015/10/01 02:48:27,5400.000000
planetlab1.clemson.edu,planet3.cc.gt.atl.ga.us,file1MB.txt,2015/10/01 02:48:27,2015/10/01 02:48:36,8997.000000
planetlab1.cs.du.edu,planet3.cc.gt.atl.ga.us,file32B.txt,2015/10/01 02:48:36,2015/10/01 02:48:37,1723.000000
planetlab1.cs.du.edu,planet3.cc.gt.atl.ga.us,file1KB.txt,2015/10/01 02:48:37,2015/10/01 02:48:37,296.000000
planetlab1.cs.du.edu,planet3.cc.gt.atl.ga.us,file256KB.txt,2015/10/01 02:48:37,2015/10/01 02:49:00,22799.000000
planetlab1.cs.du.edu,planet3.cc.gt.atl.ga.us,file512KB.txt,2015/10/01 02:49:00,2015/10/01 02:49:44,44252.000000
planetlab1.cs.du.edu,planet3.cc.gt.atl.ga.us,file1MB.txt,2015/10/01 02:49:44,2015/10/01 02:51:11,86913.000000
planetlab-1.cse.ohio-state.edu,planet3.cc.gt.atl.ga.us,file32B.txt,2015/10/01 02:51:11,2015/10/01 02:51:19,7772.000000
planetlab-1.cse.ohio-state.edu,planet3.cc.gt.atl.ga.us,file1KB.txt,2015/10/01 02:51:19,2015/10/01 02:51:27,8356.000000
planetlab-1.cse.ohio-state.edu,planet3.cc.gt.atl.ga.us,file256KB.txt,2015/10/01 02:51:27,2015/10/01 03:21:51,-1823358.000000
planetlab-1.cse.ohio-state.edu,planet3.cc.gt.atl.ga.us,file512KB.txt,2015/10/01 03:21:51,2015/10/01 04:01:13,-1932369.000000
