planetlab1.unr.edu,planetlab2.utdallas.edu,file32B.txt,2015/09/30 21:13:14,2015/09/30 21:13:29,14564.000000
planetlab1.unr.edu,planetlab2.utdallas.edu,file1KB.txt,2015/09/30 21:13:29,2015/09/30 21:13:45,16527.000000
planetlab1.unr.edu,planetlab2.utdallas.edu,file256KB.txt,2015/09/30 21:13:45,2015/09/30 21:14:20,34309.000000
planetlab1.unr.edu,planetlab2.utdallas.edu,file512KB.txt,2015/09/30 21:14:20,2015/09/30 21:15:16,55867.000000
planetlab1.unr.edu,planetlab2.utdallas.edu,file1MB.txt,2015/09/30 21:15:16,2015/09/30 21:16:53,97115.000000
pl2.cs.unm.edu,planetlab2.utdallas.edu,file32B.txt,2015/09/30 21:16:53,2015/09/30 21:17:09,16482.000000
pl2.cs.unm.edu,planetlab2.utdallas.edu,file1KB.txt,2015/09/30 21:17:09,2015/09/30 21:17:24,14500.000000
pl2.cs.unm.edu,planetlab2.utdallas.edu,file256KB.txt,2015/09/30 21:17:24,2015/09/30 21:18:02,38264.000000
pl2.cs.unm.edu,planetlab2.utdallas.edu,file512KB.txt,2015/09/30 21:18:02,2015/09/30 21:19:02,60118.000000
pl2.cs.unm.edu,planetlab2.utdallas.edu,file1MB.txt,2015/09/30 21:19:02,2015/09/30 21:20:49,-106829.000000
planetlab2.cnis.nyit.edu,planetlab2.utdallas.edu,file32B.txt,2015/09/30 21:20:49,2015/09/30 21:21:05,16107.000000
planetlab2.cnis.nyit.edu,planetlab2.utdallas.edu,file1KB.txt,2015/09/30 21:21:05,2015/09/30 21:21:21,16417.000000
planetlab2.cnis.nyit.edu,planetlab2.utdallas.edu,file256KB.txt,2015/09/30 21:21:21,2015/09/30 21:22:04,43053.000000
planetlab2.cnis.nyit.edu,planetlab2.utdallas.edu,file512KB.txt,2015/09/30 21:22:04,2015/09/30 21:23:14,69651.000000
planetlab2.cnis.nyit.edu,planetlab2.utdallas.edu,file1MB.txt,2015/09/30 21:23:14,2015/09/30 21:25:19,124953.000000
planetlab2.rutgers.edu,planetlab2.utdallas.edu,file32B.txt,2015/09/30 21:25:19,2015/09/30 21:25:43,23595.000000
planetlab2.rutgers.edu,planetlab2.utdallas.edu,file1KB.txt,2015/09/30 21:25:43,2015/09/30 21:26:05,21945.000000
planetlab2.rutgers.edu,planetlab2.utdallas.edu,file256KB.txt,2015/09/30 21:26:05,2015/09/30 21:48:08,1322979.000000
planetlab2.ucsd.edu,planetlab2.utdallas.edu,file32B.txt,2015/09/30 21:49:00,2015/09/30 21:49:15,14432.000000
planetlab2.ucsd.edu,planetlab2.utdallas.edu,file1KB.txt,2015/09/30 21:49:15,2015/09/30 21:49:31,16475.000000
planetlab2.ucsd.edu,planetlab2.utdallas.edu,file256KB.txt,2015/09/30 21:49:31,2015/09/30 21:50:08,36768.000000
planetlab2.ucsd.edu,planetlab2.utdallas.edu,file512KB.txt,2015/09/30 21:50:08,2015/09/30 21:51:07,59337.000000
planetlab2.ucsd.edu,planetlab2.utdallas.edu,file1MB.txt,2015/09/30 21:51:07,2015/09/30 21:52:49,102113.000000
planetlab3.cs.uoregon.edu,planetlab2.utdallas.edu,file32B.txt,2015/09/30 21:52:49,2015/09/30 21:53:04,14335.000000
planetlab3.cs.uoregon.edu,planetlab2.utdallas.edu,file1KB.txt,2015/09/30 21:53:04,2015/09/30 21:53:20,16335.000000
planetlab3.cs.uoregon.edu,planetlab2.utdallas.edu,file256KB.txt,2015/09/30 21:53:20,2015/09/30 21:54:10,50313.000000
planetlab3.cs.uoregon.edu,planetlab2.utdallas.edu,file512KB.txt,2015/09/30 21:54:10,2015/09/30 21:55:34,83943.000000
planetlab3.cs.uoregon.edu,planetlab2.utdallas.edu,file1MB.txt,2015/09/30 21:55:34,2015/09/30 21:58:06,151500.000000
planetlab-01.bu.edu,planetlab2.utdallas.edu,file32B.txt,2015/09/30 21:58:06,2015/09/30 21:58:22,16474.000000
planetlab-01.bu.edu,planetlab2.utdallas.edu,file1KB.txt,2015/09/30 21:58:22,2015/09/30 21:58:37,14423.000000
planetlab-01.bu.edu,planetlab2.utdallas.edu,file256KB.txt,2015/09/30 21:58:37,2015/09/30 21:59:18,41934.000000
planetlab-01.bu.edu,planetlab2.utdallas.edu,file512KB.txt,2015/09/30 21:59:18,2015/09/30 22:00:22,63319.000000
planetlab-01.bu.edu,planetlab2.utdallas.edu,file1MB.txt,2015/09/30 22:00:22,2015/09/30 22:02:16,114029.000000
planetlab4.cnds.jhu.edu,planetlab2.utdallas.edu,file32B.txt,2015/09/30 22:02:16,2015/09/30 22:02:32,16441.000000
planetlab4.cnds.jhu.edu,planetlab2.utdallas.edu,file1KB.txt,2015/09/30 22:02:32,2015/09/30 22:02:47,14366.000000
planetlab4.cnds.jhu.edu,planetlab2.utdallas.edu,file256KB.txt,2015/09/30 22:02:47,2015/09/30 22:03:24,37511.000000
planetlab4.cnds.jhu.edu,planetlab2.utdallas.edu,file512KB.txt,2015/09/30 22:03:24,2015/09/30 22:04:24,59978.000000
planetlab4.cnds.jhu.edu,planetlab2.utdallas.edu,file1MB.txt,2015/09/30 22:04:24,2015/09/30 22:06:05,101264.000000
planetlabtwo.ccs.neu.edu,planetlab2.utdallas.edu,file32B.txt,2015/09/30 22:06:05,2015/09/30 22:06:20,14395.000000
planetlabtwo.ccs.neu.edu,planetlab2.utdallas.edu,file1KB.txt,2015/09/30 22:06:20,2015/09/30 22:06:36,16353.000000
planetlabtwo.ccs.neu.edu,planetlab2.utdallas.edu,file256KB.txt,2015/09/30 22:06:36,2015/09/30 22:07:14,37538.000000
planetlabtwo.ccs.neu.edu,planetlab2.utdallas.edu,file512KB.txt,2015/09/30 22:07:14,2015/09/30 22:08:15,60835.000000
planetlabtwo.ccs.neu.edu,planetlab2.utdallas.edu,file1MB.txt,2015/09/30 22:08:15,2015/09/30 22:10:02,107498.000000
planetlab1.cs.purdue.edu,planetlab2.utdallas.edu,file32B.txt,2015/09/30 22:10:02,2015/09/30 22:10:18,16464.000000
planetlab1.cs.purdue.edu,planetlab2.utdallas.edu,file1KB.txt,2015/09/30 22:10:18,2015/09/30 22:10:33,14456.000000
planetlab1.cs.purdue.edu,planetlab2.utdallas.edu,file256KB.txt,2015/09/30 22:10:33,2015/09/30 22:11:35,61736.000000
planetlab1.cs.purdue.edu,planetlab2.utdallas.edu,file512KB.txt,2015/09/30 22:11:35,2015/09/30 22:12:47,72076.000000
planetlab1.cs.purdue.edu,planetlab2.utdallas.edu,file1MB.txt,2015/09/30 22:12:47,2015/09/30 22:14:37,110406.000000
planetlab2.tsuniv.edu,planetlab2.utdallas.edu,file32B.txt,2015/09/30 22:14:37,2015/09/30 22:14:52,14546.000000
planetlab2.tsuniv.edu,planetlab2.utdallas.edu,file1KB.txt,2015/09/30 22:14:52,2015/09/30 22:15:08,16607.000000
planetlab2.tsuniv.edu,planetlab2.utdallas.edu,file256KB.txt,2015/09/30 22:15:08,2015/09/30 22:15:42,34065.000000
planetlab2.tsuniv.edu,planetlab2.utdallas.edu,file512KB.txt,2015/09/30 22:15:42,2015/09/30 22:16:36,53496.000000
planetlab2.tsuniv.edu,planetlab2.utdallas.edu,file1MB.txt,2015/09/30 22:16:36,2015/09/30 22:18:04,88136.000000
planetlab1.tsuniv.edu,planetlab2.utdallas.edu,file32B.txt,2015/09/30 22:18:04,2015/09/30 22:18:19,14536.000000
planetlab1.tsuniv.edu,planetlab2.utdallas.edu,file1KB.txt,2015/09/30 22:18:19,2015/09/30 22:18:35,16564.000000
planetlab1.tsuniv.edu,planetlab2.utdallas.edu,file256KB.txt,2015/09/30 22:18:35,2015/09/30 22:19:08,32541.000000
planetlab1.tsuniv.edu,planetlab2.utdallas.edu,file512KB.txt,2015/09/30 22:19:08,2015/09/30 22:20:00,52686.000000
planetlab1.tsuniv.edu,planetlab2.utdallas.edu,file1MB.txt,2015/09/30 22:20:00,2015/09/30 22:21:27,86856.000000
planetlab3.ucsd.edu,planetlab2.utdallas.edu,file32B.txt,2015/09/30 22:21:27,2015/09/30 22:21:42,14479.000000
planetlab3.ucsd.edu,planetlab2.utdallas.edu,file1KB.txt,2015/09/30 22:21:42,2015/09/30 22:21:58,16435.000000
planetlab3.ucsd.edu,planetlab2.utdallas.edu,file256KB.txt,2015/09/30 22:21:58,2015/09/30 22:22:35,36612.000000
planetlab3.ucsd.edu,planetlab2.utdallas.edu,file512KB.txt,2015/09/30 22:22:35,2015/09/30 22:23:35,60422.000000
planetlab3.ucsd.edu,planetlab2.utdallas.edu,file1MB.txt,2015/09/30 22:23:35,2015/09/30 22:25:19,104263.000000
node2.planetlab.mathcs.emory.edu,planetlab2.utdallas.edu,file32B.txt,2015/09/30 22:25:34,2015/09/30 22:25:49,14610.000000
node2.planetlab.mathcs.emory.edu,planetlab2.utdallas.edu,file1KB.txt,2015/09/30 22:25:49,2015/09/30 22:26:05,16607.000000
node2.planetlab.mathcs.emory.edu,planetlab2.utdallas.edu,file256KB.txt,2015/09/30 22:26:05,2015/09/30 22:26:36,30281.000000
node2.planetlab.mathcs.emory.edu,planetlab2.utdallas.edu,file512KB.txt,2015/09/30 22:26:36,2015/09/30 22:27:25,49450.000000
node2.planetlab.mathcs.emory.edu,planetlab2.utdallas.edu,file1MB.txt,2015/09/30 22:27:25,2015/09/30 22:28:46,81170.000000
planetlab5.csee.usf.edu,planetlab2.utdallas.edu,file32B.txt,2015/09/30 22:28:46,2015/09/30 22:29:01,14507.000000
planetlab5.csee.usf.edu,planetlab2.utdallas.edu,file1KB.txt,2015/09/30 22:29:01,2015/09/30 22:29:17,16532.000000
planetlab5.csee.usf.edu,planetlab2.utdallas.edu,file256KB.txt,2015/09/30 22:29:17,2015/09/30 22:29:55,37769.000000
planetlab5.csee.usf.edu,planetlab2.utdallas.edu,file512KB.txt,2015/09/30 22:29:55,2015/09/30 22:30:56,61042.000000
planetlab5.csee.usf.edu,planetlab2.utdallas.edu,file1MB.txt,2015/09/30 22:30:56,2015/09/30 22:32:43,-107241.000000
ebb.colgate.edu,planetlab2.utdallas.edu,file32B.txt,2015/09/30 22:33:13,2015/09/30 22:33:29,16481.000000
ebb.colgate.edu,planetlab2.utdallas.edu,file1KB.txt,2015/09/30 22:33:29,2015/09/30 22:33:44,14424.000000
ebb.colgate.edu,planetlab2.utdallas.edu,file256KB.txt,2015/09/30 22:33:44,2015/09/30 22:34:26,42188.000000
ebb.colgate.edu,planetlab2.utdallas.edu,file512KB.txt,2015/09/30 22:34:26,2015/09/30 22:35:34,68671.000000
ebb.colgate.edu,planetlab2.utdallas.edu,file1MB.txt,2015/09/30 22:35:34,2015/09/30 22:37:32,117372.000000
kc-sce-plab2.umkc.edu,planetlab2.utdallas.edu,file32B.txt,2015/09/30 22:37:32,2015/09/30 22:37:49,17527.000000
kc-sce-plab2.umkc.edu,planetlab2.utdallas.edu,file1KB.txt,2015/09/30 22:37:49,2015/09/30 22:38:05,15926.000000
kc-sce-plab2.umkc.edu,planetlab2.utdallas.edu,file256KB.txt,2015/09/30 22:38:05,2015/09/30 22:39:14,68500.000000
kc-sce-plab2.umkc.edu,planetlab2.utdallas.edu,file512KB.txt,2015/09/30 22:39:14,2015/09/30 22:40:27,73473.000000
kc-sce-plab2.umkc.edu,planetlab2.utdallas.edu,file1MB.txt,2015/09/30 22:40:27,2015/09/30 22:41:23,56172.000000
node1.planetlab.mathcs.emory.edu,planetlab2.utdallas.edu,file32B.txt,2015/09/30 22:41:23,2015/09/30 22:41:38,14606.000000
node1.planetlab.mathcs.emory.edu,planetlab2.utdallas.edu,file1KB.txt,2015/09/30 22:41:38,2015/09/30 22:41:53,14566.000000
node1.planetlab.mathcs.emory.edu,planetlab2.utdallas.edu,file256KB.txt,2015/09/30 22:41:53,2015/09/30 22:42:25,32257.000000
node1.planetlab.mathcs.emory.edu,planetlab2.utdallas.edu,file512KB.txt,2015/09/30 22:42:25,2015/09/30 22:43:14,48965.000000
node1.planetlab.mathcs.emory.edu,planetlab2.utdallas.edu,file1MB.txt,2015/09/30 22:43:14,2015/09/30 22:44:35,81654.000000
pl1.cs.montana.edu,planetlab2.utdallas.edu,file32B.txt,2015/09/30 22:44:35,2015/09/30 22:44:50,14147.000000
pl1.cs.montana.edu,planetlab2.utdallas.edu,file1KB.txt,2015/09/30 22:44:50,2015/09/30 22:45:06,15939.000000
pl1.cs.montana.edu,planetlab2.utdallas.edu,file256KB.txt,2015/09/30 22:45:06,2015/09/30 22:46:12,66406.000000
pl1.cs.montana.edu,planetlab2.utdallas.edu,file512KB.txt,2015/09/30 22:46:12,2015/09/30 22:48:08,116501.000000
pl1.cs.montana.edu,planetlab2.utdallas.edu,file1MB.txt,2015/09/30 22:48:08,2015/09/30 22:51:43,214500.000000
plab3.eece.ksu.edu,planetlab2.utdallas.edu,file32B.txt,2015/09/30 22:52:19,2015/09/30 22:52:35,16600.000000
plab3.eece.ksu.edu,planetlab2.utdallas.edu,file1KB.txt,2015/09/30 22:52:35,2015/09/30 22:52:50,14503.000000
plab3.eece.ksu.edu,planetlab2.utdallas.edu,file256KB.txt,2015/09/30 22:52:50,2015/09/30 22:53:18,28366.000000
plab3.eece.ksu.edu,planetlab2.utdallas.edu,file512KB.txt,2015/09/30 22:53:18,2015/09/30 22:53:58,40073.000000
plab3.eece.ksu.edu,planetlab2.utdallas.edu,file1MB.txt,2015/09/30 22:53:58,2015/09/30 22:55:03,64898.000000
planet3.cc.gt.atl.ga.us,planetlab2.utdallas.edu,file32B.txt,2015/09/30 22:55:03,2015/09/30 22:55:18,14503.000000
planet3.cc.gt.atl.ga.us,planetlab2.utdallas.edu,file1KB.txt,2015/09/30 22:55:18,2015/09/30 22:55:34,16541.000000
planet3.cc.gt.atl.ga.us,planetlab2.utdallas.edu,file256KB.txt,2015/09/30 22:55:34,2015/09/30 22:56:10,35676.000000
planet3.cc.gt.atl.ga.us,planetlab2.utdallas.edu,file512KB.txt,2015/09/30 22:56:10,2015/09/30 22:57:07,56711.000000
planet3.cc.gt.atl.ga.us,planetlab2.utdallas.edu,file1MB.txt,2015/09/30 22:57:07,2015/09/30 22:58:46,99109.000000
planetlab-02.bu.edu,planetlab2.utdallas.edu,file32B.txt,2015/09/30 22:59:02,2015/09/30 22:59:17,14494.000000
planetlab-02.bu.edu,planetlab2.utdallas.edu,file1KB.txt,2015/09/30 22:59:17,2015/09/30 22:59:33,16418.000000
planetlab-02.bu.edu,planetlab2.utdallas.edu,file256KB.txt,2015/09/30 22:59:33,2015/09/30 23:00:13,39360.000000
planetlab-02.bu.edu,planetlab2.utdallas.edu,file512KB.txt,2015/09/30 23:00:13,2015/09/30 23:01:18,64968.000000
planetlab-02.bu.edu,planetlab2.utdallas.edu,file1MB.txt,2015/09/30 23:01:18,2015/09/30 23:03:14,116498.000000
planetlab1.clemson.edu,planetlab2.utdallas.edu,file32B.txt,2015/09/30 23:04:06,2015/09/30 23:04:21,14512.000000
planetlab1.clemson.edu,planetlab2.utdallas.edu,file1KB.txt,2015/09/30 23:04:21,2015/09/30 23:04:37,16512.000000
planetlab1.clemson.edu,planetlab2.utdallas.edu,file256KB.txt,2015/09/30 23:04:37,2015/09/30 23:05:12,34358.000000
planetlab1.clemson.edu,planetlab2.utdallas.edu,file512KB.txt,2015/09/30 23:05:12,2015/09/30 23:06:08,56090.000000
planetlab1.clemson.edu,planetlab2.utdallas.edu,file1MB.txt,2015/09/30 23:06:08,2015/09/30 23:07:45,97324.000000
planetlab1.cs.du.edu,planetlab2.utdallas.edu,file32B.txt,2015/09/30 23:08:15,2015/09/30 23:08:31,16515.000000
planetlab1.cs.du.edu,planetlab2.utdallas.edu,file1KB.txt,2015/09/30 23:08:31,2015/09/30 23:08:46,14514.000000
planetlab1.cs.du.edu,planetlab2.utdallas.edu,file256KB.txt,2015/09/30 23:08:46,2015/09/30 23:09:24,37916.000000
planetlab1.cs.du.edu,planetlab2.utdallas.edu,file512KB.txt,2015/09/30 23:09:24,2015/09/30 23:10:26,62224.000000
planetlab1.cs.du.edu,planetlab2.utdallas.edu,file1MB.txt,2015/09/30 23:10:26,2015/09/30 23:12:12,105821.000000
planetlab-1.cse.ohio-state.edu,planetlab2.utdallas.edu,file32B.txt,2015/09/30 23:12:28,2015/09/30 23:12:43,14291.000000
planetlab-1.cse.ohio-state.edu,planetlab2.utdallas.edu,file1KB.txt,2015/09/30 23:12:43,2015/09/30 23:13:05,22687.000000
planetlab1.cs.okstate.edu,planetlab2.utdallas.edu,file32B.txt,2015/09/30 23:13:41,2015/09/30 23:13:56,14658.000000
planetlab1.cs.okstate.edu,planetlab2.utdallas.edu,file1KB.txt,2015/09/30 23:13:56,2015/09/30 23:14:12,16634.000000
planetlab1.cs.okstate.edu,planetlab2.utdallas.edu,file256KB.txt,2015/09/30 23:14:12,2015/09/30 23:14:36,23394.000000
planetlab1.cs.okstate.edu,planetlab2.utdallas.edu,file512KB.txt,2015/09/30 23:14:36,2015/09/30 23:15:10,34388.000000
planetlab1.cs.okstate.edu,planetlab2.utdallas.edu,file1MB.txt,2015/09/30 23:15:10,2015/09/30 23:16:01,50628.000000
planetlab1.cs.ucla.edu,planetlab2.utdallas.edu,file32B.txt,2015/09/30 23:16:01,2015/09/30 23:16:17,16500.000000
planetlab1.cs.ucla.edu,planetlab2.utdallas.edu,file1KB.txt,2015/09/30 23:16:17,2015/09/30 23:16:32,14568.000000
planetlab1.cs.ucla.edu,planetlab2.utdallas.edu,file256KB.txt,2015/09/30 23:16:32,2015/09/30 23:17:08,35714.000000
planetlab1.cs.ucla.edu,planetlab2.utdallas.edu,file512KB.txt,2015/09/30 23:17:08,2015/09/30 23:18:05,57582.000000
planetlab1.cs.ucla.edu,planetlab2.utdallas.edu,file1MB.txt,2015/09/30 23:18:05,2015/09/30 23:19:35,90172.000000
planetlab1.csuohio.edu,planetlab2.utdallas.edu,file32B.txt,2015/09/30 23:19:35,2015/09/30 23:19:51,16084.000000
planetlab1.csuohio.edu,planetlab2.utdallas.edu,file1KB.txt,2015/09/30 23:19:51,2015/09/30 23:20:06,14448.000000
planetlab1.csuohio.edu,planetlab2.utdallas.edu,file256KB.txt,2015/09/30 23:20:06,2015/09/30 23:20:47,41489.000000
planetlab1.csuohio.edu,planetlab2.utdallas.edu,file512KB.txt,2015/09/30 23:20:47,2015/09/30 23:21:53,66015.000000
planetlab1.csuohio.edu,planetlab2.utdallas.edu,file1MB.txt,2015/09/30 23:21:53,2015/09/30 23:23:49,115241.000000
planetlab1.emich.edu,planetlab2.utdallas.edu,file32B.txt,2015/09/30 23:23:49,2015/09/30 23:24:05,16484.000000
planetlab1.emich.edu,planetlab2.utdallas.edu,file1KB.txt,2015/09/30 23:24:05,2015/09/30 23:24:20,14550.000000
planetlab1.emich.edu,planetlab2.utdallas.edu,file256KB.txt,2015/09/30 23:24:20,2015/09/30 23:24:58,38543.000000
planetlab1.emich.edu,planetlab2.utdallas.edu,file512KB.txt,2015/09/30 23:24:58,2015/09/30 23:25:57,58622.000000
planetlab1.emich.edu,planetlab2.utdallas.edu,file1MB.txt,2015/09/30 23:25:57,2015/09/30 23:27:41,104628.000000
planetlab1.ucsd.edu,planetlab2.utdallas.edu,file32B.txt,2015/09/30 23:28:17,2015/09/30 23:28:32,14477.000000
planetlab1.ucsd.edu,planetlab2.utdallas.edu,file1KB.txt,2015/09/30 23:28:32,2015/09/30 23:28:48,16520.000000
planetlab1.ucsd.edu,planetlab2.utdallas.edu,file256KB.txt,2015/09/30 23:28:48,2015/09/30 23:29:27,39160.000000
planetlab1.ucsd.edu,planetlab2.utdallas.edu,file512KB.txt,2015/09/30 23:29:27,2015/09/30 23:30:26,58671.000000
planetlab1.ucsd.edu,planetlab2.utdallas.edu,file1MB.txt,2015/09/30 23:30:26,2015/09/30 23:32:01,95028.000000
planetlab2.acis.ufl.edu,planetlab2.utdallas.edu,file32B.txt,2015/09/30 23:32:01,2015/09/30 23:32:17,16480.000000
planetlab2.acis.ufl.edu,planetlab2.utdallas.edu,file1KB.txt,2015/09/30 23:32:17,2015/09/30 23:32:32,14450.000000
planetlab2.acis.ufl.edu,planetlab2.utdallas.edu,file256KB.txt,2015/09/30 23:32:32,2015/09/30 23:33:10,37595.000000
planetlab2.acis.ufl.edu,planetlab2.utdallas.edu,file512KB.txt,2015/09/30 23:33:10,2015/09/30 23:34:12,62595.000000
planetlab2.acis.ufl.edu,planetlab2.utdallas.edu,file1MB.txt,2015/09/30 23:34:12,2015/09/30 23:35:59,106735.000000
planetlab2.arizona-gigapop.net,planetlab2.utdallas.edu,file32B.txt,2015/09/30 23:35:59,2015/09/30 23:36:15,16435.000000
planetlab2.arizona-gigapop.net,planetlab2.utdallas.edu,file1KB.txt,2015/09/30 23:36:15,2015/09/30 23:36:30,14429.000000
planetlab2.arizona-gigapop.net,planetlab2.utdallas.edu,file256KB.txt,2015/09/30 23:36:30,2015/09/30 23:37:00,30099.000000
planetlab2.arizona-gigapop.net,planetlab2.utdallas.edu,file512KB.txt,2015/09/30 23:37:00,2015/09/30 23:37:44,43769.000000
planetlab2.arizona-gigapop.net,planetlab2.utdallas.edu,file1MB.txt,2015/09/30 23:37:44,2015/09/30 23:38:58,74831.000000
planetlab2.citadel.edu,planetlab2.utdallas.edu,file32B.txt,2015/09/30 23:38:58,2015/09/30 23:39:13,14464.000000
planetlab2.citadel.edu,planetlab2.utdallas.edu,file1KB.txt,2015/09/30 23:39:13,2015/09/30 23:39:29,16279.000000
planetlab2.citadel.edu,planetlab2.utdallas.edu,file256KB.txt,2015/09/30 23:39:29,2015/09/30 23:40:12,42940.000000
planetlab2.citadel.edu,planetlab2.utdallas.edu,file512KB.txt,2015/09/30 23:40:12,2015/09/30 23:41:21,69288.000000
planetlab2.citadel.edu,planetlab2.utdallas.edu,file1MB.txt,2015/09/30 23:41:21,2015/09/30 23:43:22,120461.000000
planetlab2.cs.pitt.edu,planetlab2.utdallas.edu,file32B.txt,2015/09/30 23:43:38,2015/09/30 23:43:53,-14453.000000
planetlab2.cs.pitt.edu,planetlab2.utdallas.edu,file1KB.txt,2015/09/30 23:43:53,2015/09/30 23:44:09,16518.000000
planetlab2.cs.pitt.edu,planetlab2.utdallas.edu,file256KB.txt,2015/09/30 23:44:09,2015/09/30 23:44:44,34554.000000
planetlab2.cs.pitt.edu,planetlab2.utdallas.edu,file512KB.txt,2015/09/30 23:44:44,2015/09/30 23:45:40,56163.000000
planetlab2.cs.pitt.edu,planetlab2.utdallas.edu,file1MB.txt,2015/09/30 23:45:40,2015/09/30 23:47:18,98118.000000
planetlab2.cs.purdue.edu,planetlab2.utdallas.edu,file32B.txt,2015/09/30 23:47:18,2015/09/30 23:47:33,14486.000000
planetlab2.cs.purdue.edu,planetlab2.utdallas.edu,file1KB.txt,2015/09/30 23:47:33,2015/09/30 23:47:49,16428.000000
planetlab2.cs.purdue.edu,planetlab2.utdallas.edu,file256KB.txt,2015/09/30 23:47:49,2015/09/30 23:48:27,37615.000000
planetlab2.cs.purdue.edu,planetlab2.utdallas.edu,file512KB.txt,2015/09/30 23:48:27,2015/09/30 23:49:30,63562.000000
planetlab2.cs.purdue.edu,planetlab2.utdallas.edu,file1MB.txt,2015/09/30 23:49:30,2015/09/30 23:51:21,110767.000000
planetlab2.cs.uml.edu,planetlab2.utdallas.edu,file32B.txt,2015/09/30 23:52:34,2015/09/30 23:52:56,21364.000000
planetlab2.cs.uml.edu,planetlab2.utdallas.edu,file1KB.txt,2015/09/30 23:52:56,2015/09/30 23:53:12,16053.000000
planetlab2.cs.uml.edu,planetlab2.utdallas.edu,file256KB.txt,2015/09/30 23:53:12,2015/09/30 23:53:56,43701.000000
planetlab2.cs.uml.edu,planetlab2.utdallas.edu,file512KB.txt,2015/09/30 23:53:56,2015/09/30 23:55:09,73069.000000
planetlab2.cs.uml.edu,planetlab2.utdallas.edu,file1MB.txt,2015/09/30 23:55:09,2015/09/30 23:57:20,131520.000000
planetlab2.cs.unc.edu,planetlab2.utdallas.edu,file32B.txt,2015/09/30 23:57:20,2015/09/30 23:57:30,9574.000000
planetlab2.cs.unc.edu,planetlab2.utdallas.edu,file1KB.txt,2015/09/30 23:57:30,2015/09/30 23:57:41,11535.000000
planetlab2.cs.unc.edu,planetlab2.utdallas.edu,file256KB.txt,2015/09/30 23:57:41,2015/09/30 23:58:15,33923.000000
planetlab2.cs.unc.edu,planetlab2.utdallas.edu,file512KB.txt,2015/09/30 23:58:15,2015/09/30 23:59:12,56613.000000
planetlab2.cs.unc.edu,planetlab2.utdallas.edu,file1MB.txt,2015/09/30 23:59:12,2015/10/01 00:01:00,108599.000000
planetlab2.cs.uoregon.edu,planetlab2.utdallas.edu,file32B.txt,2015/10/01 00:01:00,2015/10/01 00:01:15,14256.000000
planetlab2.cs.uoregon.edu,planetlab2.utdallas.edu,file1KB.txt,2015/10/01 00:01:15,2015/10/01 00:01:31,16268.000000
planetlab2.cs.uoregon.edu,planetlab2.utdallas.edu,file256KB.txt,2015/10/01 00:01:31,2015/10/01 00:02:21,50609.000000
planetlab2.cs.uoregon.edu,planetlab2.utdallas.edu,file512KB.txt,2015/10/01 00:02:21,2015/10/01 00:03:44,82196.000000
planetlab2.cs.uoregon.edu,planetlab2.utdallas.edu,file1MB.txt,2015/10/01 00:03:44,2015/10/01 00:06:15,151059.000000
planetlab2.temple.edu,planetlab2.utdallas.edu,file32B.txt,2015/10/01 00:06:15,2015/10/01 00:06:31,16535.000000
planetlab2.temple.edu,planetlab2.utdallas.edu,file1KB.txt,2015/10/01 00:06:31,2015/10/01 00:06:46,14500.000000
planetlab2.temple.edu,planetlab2.utdallas.edu,file256KB.txt,2015/10/01 00:06:46,2015/10/01 00:07:23,37394.000000
planetlab2.temple.edu,planetlab2.utdallas.edu,file512KB.txt,2015/10/01 00:07:23,2015/10/01 00:08:21,57814.000000
planetlab2.temple.edu,planetlab2.utdallas.edu,file1MB.txt,2015/10/01 00:08:21,2015/10/01 00:10:01,99821.000000
planetlab2.unl.edu,planetlab2.utdallas.edu,file32B.txt,2015/10/01 00:10:01,2015/10/01 00:10:16,14708.000000
planetlab2.unl.edu,planetlab2.utdallas.edu,file1KB.txt,2015/10/01 00:10:16,2015/10/01 00:10:32,16655.000000
planetlab2.unl.edu,planetlab2.utdallas.edu,file256KB.txt,2015/10/01 00:10:32,2015/10/01 00:10:55,22867.000000
planetlab2.unl.edu,planetlab2.utdallas.edu,file512KB.txt,2015/10/01 00:10:55,2015/10/01 00:11:26,30987.000000
planetlab2.unl.edu,planetlab2.utdallas.edu,file1MB.txt,2015/10/01 00:11:26,2015/10/01 00:12:13,47126.000000
planetlab2.unr.edu,planetlab2.utdallas.edu,file32B.txt,2015/10/01 00:12:13,2015/10/01 00:12:28,14485.000000
planetlab2.unr.edu,planetlab2.utdallas.edu,file1KB.txt,2015/10/01 00:12:28,2015/10/01 00:12:44,16523.000000
planetlab2.unr.edu,planetlab2.utdallas.edu,file256KB.txt,2015/10/01 00:12:44,2015/10/01 00:13:20,36282.000000
planetlab2.unr.edu,planetlab2.utdallas.edu,file512KB.txt,2015/10/01 00:13:20,2015/10/01 00:14:16,55868.000000
planetlab2.unr.edu,planetlab2.utdallas.edu,file1MB.txt,2015/10/01 00:14:16,2015/10/01 00:15:53,97167.000000
planetlab2.uta.edu,planetlab2.utdallas.edu,file32B.txt,2015/10/01 00:15:53,2015/10/01 00:16:08,14693.000000
planetlab2.uta.edu,planetlab2.utdallas.edu,file1KB.txt,2015/10/01 00:16:08,2015/10/01 00:16:23,14676.000000
planetlab2.uta.edu,planetlab2.utdallas.edu,file256KB.txt,2015/10/01 00:16:23,2015/10/01 00:16:39,15846.000000
planetlab2.uta.edu,planetlab2.utdallas.edu,file512KB.txt,2015/10/01 00:16:39,2015/10/01 00:16:57,18789.000000
planetlab2.uta.edu,planetlab2.utdallas.edu,file1MB.txt,2015/10/01 00:16:57,2015/10/01 00:17:16,18821.000000
planetlab2.utdallas.edu,planetlab2.utdallas.edu,file32B.txt,2015/10/01 00:17:16,2015/10/01 00:17:16,1.000000
planetlab2.utdallas.edu,planetlab2.utdallas.edu,file1KB.txt,2015/10/01 00:17:16,2015/10/01 00:17:16,1.000000
planetlab2.utdallas.edu,planetlab2.utdallas.edu,file256KB.txt,2015/10/01 00:17:16,2015/10/01 00:17:16,21.000000
planetlab2.utdallas.edu,planetlab2.utdallas.edu,file512KB.txt,2015/10/01 00:17:16,2015/10/01 00:17:16,42.000000
planetlab2.utdallas.edu,planetlab2.utdallas.edu,file1MB.txt,2015/10/01 00:17:16,2015/10/01 00:17:16,85.000000
planetlab3.eecs.umich.edu,planetlab2.utdallas.edu,file32B.txt,2015/10/01 00:17:16,2015/10/01 00:17:31,14580.000000
planetlab3.eecs.umich.edu,planetlab2.utdallas.edu,file1KB.txt,2015/10/01 00:17:31,2015/10/01 00:17:47,16586.000000
planetlab3.eecs.umich.edu,planetlab2.utdallas.edu,file256KB.txt,2015/10/01 00:17:47,2015/10/01 00:18:16,28713.000000
planetlab3.eecs.umich.edu,planetlab2.utdallas.edu,file512KB.txt,2015/10/01 00:18:16,2015/10/01 00:18:59,42757.000000
planetlab3.eecs.umich.edu,planetlab2.utdallas.edu,file1MB.txt,2015/10/01 00:18:59,2015/10/01 00:20:11,72030.000000
planetlab3.rutgers.edu,planetlab2.utdallas.edu,file32B.txt,2015/10/01 00:20:11,2015/10/01 00:20:27,16194.000000
planetlab3.rutgers.edu,planetlab2.utdallas.edu,file1KB.txt,2015/10/01 00:20:27,2015/10/01 00:20:43,16367.000000
planetlab3.rutgers.edu,planetlab2.utdallas.edu,file256KB.txt,2015/10/01 00:20:43,2015/10/01 00:21:21,37191.000000
planetlab3.rutgers.edu,planetlab2.utdallas.edu,file512KB.txt,2015/10/01 00:21:21,2015/10/01 00:22:24,63605.000000
planetlab3.rutgers.edu,planetlab2.utdallas.edu,file1MB.txt,2015/10/01 00:22:24,2015/10/01 00:24:13,109048.000000
planetlab3.wail.wisc.edu,planetlab2.utdallas.edu,file32B.txt,2015/10/01 00:24:13,2015/10/01 00:24:28,14490.000000
planetlab3.wail.wisc.edu,planetlab2.utdallas.edu,file1KB.txt,2015/10/01 00:24:28,2015/10/01 00:24:44,16443.000000
planetlab3.wail.wisc.edu,planetlab2.utdallas.edu,file256KB.txt,2015/10/01 00:24:44,2015/10/01 00:25:20,36264.000000
planetlab3.wail.wisc.edu,planetlab2.utdallas.edu,file512KB.txt,2015/10/01 00:25:20,2015/10/01 00:26:16,56060.000000
planetlab3.wail.wisc.edu,planetlab2.utdallas.edu,file1MB.txt,2015/10/01 00:26:16,2015/10/01 00:27:52,95623.000000
planetlab4.tamu.edu,planetlab2.utdallas.edu,file32B.txt,2015/10/01 00:27:52,2015/10/01 00:28:07,14690.000000
planetlab4.tamu.edu,planetlab2.utdallas.edu,file1KB.txt,2015/10/01 00:28:07,2015/10/01 00:28:22,14767.000000
planetlab4.tamu.edu,planetlab2.utdallas.edu,file256KB.txt,2015/10/01 00:28:22,2015/10/01 00:28:40,18290.000000
planetlab4.tamu.edu,planetlab2.utdallas.edu,file512KB.txt,2015/10/01 00:28:40,2015/10/01 00:29:00,19922.000000
planetlab4.tamu.edu,planetlab2.utdallas.edu,file1MB.txt,2015/10/01 00:29:00,2015/10/01 00:29:25,25008.000000
planetlab-5.eecs.cwru.edu,planetlab2.utdallas.edu,file32B.txt,2015/10/01 00:29:25,2015/10/01 00:29:41,16488.000000
planetlab-5.eecs.cwru.edu,planetlab2.utdallas.edu,file1KB.txt,2015/10/01 00:29:41,2015/10/01 00:29:56,14470.000000
planetlab-5.eecs.cwru.edu,planetlab2.utdallas.edu,file256KB.txt,2015/10/01 00:29:56,2015/10/01 00:30:34,38424.000000
planetlab-5.eecs.cwru.edu,planetlab2.utdallas.edu,file512KB.txt,2015/10/01 00:30:34,2015/10/01 00:31:34,60223.000000
planetlab-5.eecs.cwru.edu,planetlab2.utdallas.edu,file1MB.txt,2015/10/01 00:31:34,2015/10/01 00:33:18,103950.000000
planetlabone.ccs.neu.edu,planetlab2.utdallas.edu,file32B.txt,2015/10/01 00:33:18,2015/10/01 00:33:33,14466.000000
planetlabone.ccs.neu.edu,planetlab2.utdallas.edu,file1KB.txt,2015/10/01 00:33:33,2015/10/01 00:33:49,16421.000000
planetlabone.ccs.neu.edu,planetlab2.utdallas.edu,file256KB.txt,2015/10/01 00:33:49,2015/10/01 00:34:27,37756.000000
planetlabone.ccs.neu.edu,planetlab2.utdallas.edu,file512KB.txt,2015/10/01 00:34:27,2015/10/01 00:35:31,64480.000000
planetlabone.ccs.neu.edu,planetlab2.utdallas.edu,file1MB.txt,2015/10/01 00:35:31,2015/10/01 00:37:22,110695.000000
pl-node-0.csl.sri.com,planetlab2.utdallas.edu,file32B.txt,2015/10/01 00:37:22,2015/10/01 00:37:37,14362.000000
pl-node-0.csl.sri.com,planetlab2.utdallas.edu,file1KB.txt,2015/10/01 00:37:37,2015/10/01 00:37:53,16417.000000
pl-node-0.csl.sri.com,planetlab2.utdallas.edu,file256KB.txt,2015/10/01 00:37:53,2015/10/01 00:38:34,40631.000000
pl-node-0.csl.sri.com,planetlab2.utdallas.edu,file512KB.txt,2015/10/01 00:38:34,2015/10/01 00:39:41,67290.000000
pl-node-0.csl.sri.com,planetlab2.utdallas.edu,file1MB.txt,2015/10/01 00:39:41,2015/10/01 00:41:39,118185.000000
ricepl-5.cs.rice.edu,planetlab2.utdallas.edu,file32B.txt,2015/10/01 00:41:54,2015/10/01 00:42:10,16722.000000
ricepl-5.cs.rice.edu,planetlab2.utdallas.edu,file1KB.txt,2015/10/01 00:42:10,2015/10/01 00:42:25,14762.000000
ricepl-5.cs.rice.edu,planetlab2.utdallas.edu,file256KB.txt,2015/10/01 00:42:25,2015/10/01 00:42:43,17353.000000
ricepl-5.cs.rice.edu,planetlab2.utdallas.edu,file512KB.txt,2015/10/01 00:42:43,2015/10/01 00:43:05,21976.000000
ricepl-5.cs.rice.edu,planetlab2.utdallas.edu,file1MB.txt,2015/10/01 00:43:05,2015/10/01 00:43:34,29136.000000
salt.planetlab.cs.umd.edu,planetlab2.utdallas.edu,file32B.txt,2015/10/01 00:43:34,2015/10/01 00:43:50,16530.000000
salt.planetlab.cs.umd.edu,planetlab2.utdallas.edu,file1KB.txt,2015/10/01 00:43:50,2015/10/01 00:44:05,14478.000000
salt.planetlab.cs.umd.edu,planetlab2.utdallas.edu,file256KB.txt,2015/10/01 00:44:05,2015/10/01 00:44:44,39390.000000
salt.planetlab.cs.umd.edu,planetlab2.utdallas.edu,file512KB.txt,2015/10/01 00:44:44,2015/10/01 00:45:46,62079.000000
salt.planetlab.cs.umd.edu,planetlab2.utdallas.edu,file1MB.txt,2015/10/01 00:45:46,2015/10/01 00:47:34,107648.000000
pl1.eecs.utk.edu,planetlab2.utdallas.edu,file32B.txt,2015/10/01 00:47:49,2015/10/01 00:48:05,15989.000000
pl1.eecs.utk.edu,planetlab2.utdallas.edu,file1KB.txt,2015/10/01 00:48:05,2015/10/01 00:48:22,17670.000000
pl1.eecs.utk.edu,planetlab2.utdallas.edu,file256KB.txt,2015/10/01 00:48:22,2015/10/01 00:49:54,91372.000000
pl1.eecs.utk.edu,planetlab2.utdallas.edu,file512KB.txt,2015/10/01 00:49:54,2015/10/01 00:52:09,135479.000000
pl1.eecs.utk.edu,planetlab2.utdallas.edu,file1MB.txt,2015/10/01 00:52:09,2015/10/01 00:56:46,-277364.000000
planetlab-01.vt.nodes.planet-lab.org,planetlab2.utdallas.edu,file32B.txt,2015/10/01 00:56:46,2015/10/01 00:57:01,14486.000000
planetlab-01.vt.nodes.planet-lab.org,planetlab2.utdallas.edu,file1KB.txt,2015/10/01 00:57:01,2015/10/01 00:57:17,16412.000000
planetlab-01.vt.nodes.planet-lab.org,planetlab2.utdallas.edu,file256KB.txt,2015/10/01 00:57:17,2015/10/01 00:57:56,38414.000000
planetlab-01.vt.nodes.planet-lab.org,planetlab2.utdallas.edu,file512KB.txt,2015/10/01 00:57:56,2015/10/01 00:59:00,64315.000000
planetlab-01.vt.nodes.planet-lab.org,planetlab2.utdallas.edu,file1MB.txt,2015/10/01 00:59:00,2015/10/01 01:00:52,111992.000000
planetlab-04.vt.nodes.planet-lab.org,planetlab2.utdallas.edu,file32B.txt,2015/10/01 01:00:52,2015/10/01 01:01:08,16409.000000
planetlab-04.vt.nodes.planet-lab.org,planetlab2.utdallas.edu,file1KB.txt,2015/10/01 01:01:08,2015/10/01 01:01:23,14494.000000
planetlab-04.vt.nodes.planet-lab.org,planetlab2.utdallas.edu,file256KB.txt,2015/10/01 01:01:23,2015/10/01 01:02:03,40559.000000
planetlab-04.vt.nodes.planet-lab.org,planetlab2.utdallas.edu,file512KB.txt,2015/10/01 01:02:03,2015/10/01 01:03:06,62614.000000
planetlab-04.vt.nodes.planet-lab.org,planetlab2.utdallas.edu,file1MB.txt,2015/10/01 01:03:06,2015/10/01 01:04:57,110465.000000
planetlab-4.eecs.cwru.edu,planetlab2.utdallas.edu,file32B.txt,2015/10/01 01:04:57,2015/10/01 01:05:13,16505.000000
planetlab-4.eecs.cwru.edu,planetlab2.utdallas.edu,file1KB.txt,2015/10/01 01:05:13,2015/10/01 01:05:28,14464.000000
planetlab-4.eecs.cwru.edu,planetlab2.utdallas.edu,file256KB.txt,2015/10/01 01:05:28,2015/10/01 01:06:06,38487.000000
planetlab-4.eecs.cwru.edu,planetlab2.utdallas.edu,file512KB.txt,2015/10/01 01:06:06,2015/10/01 01:07:06,60306.000000
planetlab-4.eecs.cwru.edu,planetlab2.utdallas.edu,file1MB.txt,2015/10/01 01:07:06,2015/10/01 01:08:50,103865.000000
planetlab01.cs.washington.edu,planetlab2.utdallas.edu,file32B.txt,2015/10/01 01:08:50,2015/10/01 01:09:05,14413.000000
planetlab01.cs.washington.edu,planetlab2.utdallas.edu,file1KB.txt,2015/10/01 01:09:05,2015/10/01 01:09:21,16395.000000
planetlab01.cs.washington.edu,planetlab2.utdallas.edu,file256KB.txt,2015/10/01 01:09:21,2015/10/01 01:10:05,43768.000000
planetlab01.cs.washington.edu,planetlab2.utdallas.edu,file512KB.txt,2015/10/01 01:10:05,2015/10/01 01:11:18,73121.000000
planetlab01.cs.washington.edu,planetlab2.utdallas.edu,file1MB.txt,2015/10/01 01:11:18,2015/10/01 01:13:28,129862.000000
planetlab02.cs.washington.edu,planetlab2.utdallas.edu,file32B.txt,2015/10/01 01:13:28,2015/10/01 01:13:44,16337.000000
planetlab02.cs.washington.edu,planetlab2.utdallas.edu,file1KB.txt,2015/10/01 01:13:44,2015/10/01 01:14:00,16405.000000
planetlab02.cs.washington.edu,planetlab2.utdallas.edu,file256KB.txt,2015/10/01 01:14:00,2015/10/01 01:14:44,43760.000000
planetlab02.cs.washington.edu,planetlab2.utdallas.edu,file512KB.txt,2015/10/01 01:14:44,2015/10/01 01:15:57,73009.000000
planetlab02.cs.washington.edu,planetlab2.utdallas.edu,file1MB.txt,2015/10/01 01:15:57,2015/10/01 01:18:08,130944.000000
planetlab1.arizona-gigapop.net,planetlab2.utdallas.edu,file32B.txt,2015/10/01 01:18:08,2015/10/01 01:18:23,14542.000000
planetlab1.arizona-gigapop.net,planetlab2.utdallas.edu,file1KB.txt,2015/10/01 01:18:23,2015/10/01 01:18:39,16606.000000
planetlab1.arizona-gigapop.net,planetlab2.utdallas.edu,file256KB.txt,2015/10/01 01:18:39,2015/10/01 01:19:09,29997.000000
planetlab1.arizona-gigapop.net,planetlab2.utdallas.edu,file512KB.txt,2015/10/01 01:19:09,2015/10/01 01:19:53,43941.000000
planetlab1.arizona-gigapop.net,planetlab2.utdallas.edu,file1MB.txt,2015/10/01 01:19:53,2015/10/01 01:21:06,73107.000000
planetlab1.cs.unc.edu,planetlab2.utdallas.edu,file32B.txt,2015/10/01 01:21:06,2015/10/01 01:21:16,9615.000000
planetlab1.cs.unc.edu,planetlab2.utdallas.edu,file1KB.txt,2015/10/01 01:21:16,2015/10/01 01:21:26,9578.000000
planetlab1.cs.unc.edu,planetlab2.utdallas.edu,file256KB.txt,2015/10/01 01:21:26,2015/10/01 01:21:59,33276.000000
planetlab1.cs.unc.edu,planetlab2.utdallas.edu,file512KB.txt,2015/10/01 01:21:59,2015/10/01 01:22:54,54948.000000
planetlab1.cs.unc.edu,planetlab2.utdallas.edu,file1MB.txt,2015/10/01 01:22:54,2015/10/01 01:24:35,100711.000000
planet3.cc.gt.atl.ga.us,planetlab2.utdallas.edu,file32B.txt,2015/10/01 01:24:51,2015/10/01 01:25:07,16234.000000
planet3.cc.gt.atl.ga.us,planetlab2.utdallas.edu,file1KB.txt,2015/10/01 01:25:07,2015/10/01 01:25:22,14556.000000
planet3.cc.gt.atl.ga.us,planetlab2.utdallas.edu,file256KB.txt,2015/10/01 01:25:22,2015/10/01 01:25:58,35714.000000
planet3.cc.gt.atl.ga.us,planetlab2.utdallas.edu,file512KB.txt,2015/10/01 01:25:58,2015/10/01 01:26:56,58689.000000
planet3.cc.gt.atl.ga.us,planetlab2.utdallas.edu,file1MB.txt,2015/10/01 01:26:56,2015/10/01 01:28:35,98591.000000
