planetlab1.unr.edu,planetlab1.cs.okstate.edu,file32B.txt,2015/09/30 21:12:35,2015/09/30 21:12:36,1776.000000
planetlab1.unr.edu,planetlab1.cs.okstate.edu,file1KB.txt,2015/09/30 21:12:36,2015/09/30 21:12:36,263.000000
planetlab1.unr.edu,planetlab1.cs.okstate.edu,file256KB.txt,2015/09/30 21:12:36,2015/09/30 21:12:56,19658.000000
planetlab1.unr.edu,planetlab1.cs.okstate.edu,file512KB.txt,2015/09/30 21:12:56,2015/09/30 21:13:35,38816.000000
planetlab1.unr.edu,planetlab1.cs.okstate.edu,file1MB.txt,2015/09/30 21:13:35,2015/09/30 21:14:53,78209.000000
pl2.cs.unm.edu,planetlab1.cs.okstate.edu,file32B.txt,2015/09/30 21:14:53,2015/09/30 21:14:54,1593.000000
pl2.cs.unm.edu,planetlab1.cs.okstate.edu,file1KB.txt,2015/09/30 21:14:54,2015/09/30 21:14:54,359.000000
pl2.cs.unm.edu,planetlab1.cs.okstate.edu,file256KB.txt,2015/09/30 21:14:54,2015/09/30 21:15:20,25982.000000
pl2.cs.unm.edu,planetlab1.cs.okstate.edu,file512KB.txt,2015/09/30 21:15:20,2015/09/30 21:16:12,52127.000000
pl2.cs.unm.edu,planetlab1.cs.okstate.edu,file1MB.txt,2015/09/30 21:16:12,2015/09/30 21:17:57,105234.000000
planetlab2.cnis.nyit.edu,planetlab1.cs.okstate.edu,file32B.txt,2015/09/30 21:17:57,2015/09/30 21:17:57,378.000000
planetlab2.cnis.nyit.edu,planetlab1.cs.okstate.edu,file1KB.txt,2015/09/30 21:17:57,2015/09/30 21:17:57,348.000000
planetlab2.cnis.nyit.edu,planetlab1.cs.okstate.edu,file256KB.txt,2015/09/30 21:17:57,2015/09/30 21:18:23,26541.000000
planetlab2.cnis.nyit.edu,planetlab1.cs.okstate.edu,file512KB.txt,2015/09/30 21:18:23,2015/09/30 21:19:13,50059.000000
planetlab2.cnis.nyit.edu,planetlab1.cs.okstate.edu,file1MB.txt,2015/09/30 21:19:13,2015/09/30 21:20:56,-102942.000000
planetlab2.rutgers.edu,planetlab1.cs.okstate.edu,file32B.txt,2015/09/30 21:20:56,2015/09/30 21:21:03,7278.000000
planetlab2.rutgers.edu,planetlab1.cs.okstate.edu,file1KB.txt,2015/09/30 21:21:03,2015/09/30 21:21:09,5948.000000
planetlab2.rutgers.edu,planetlab1.cs.okstate.edu,file256KB.txt,2015/09/30 21:21:09,2015/09/30 21:31:28,618860.000000
planetlab2.rutgers.edu,planetlab1.cs.okstate.edu,file512KB.txt,2015/09/30 21:31:28,2015/09/30 22:19:18,-1425298.000000
planetlab2.rutgers.edu,planetlab1.cs.okstate.edu,file1MB.txt,2015/09/30 22:19:18,2015/09/30 23:25:25,327562.000000
planetlab2.ucsd.edu,planetlab1.cs.okstate.edu,file32B.txt,2015/09/30 23:25:25,2015/09/30 23:25:25,459.000000
planetlab2.ucsd.edu,planetlab1.cs.okstate.edu,file1KB.txt,2015/09/30 23:25:25,2015/09/30 23:25:26,1630.000000
planetlab2.ucsd.edu,planetlab1.cs.okstate.edu,file256KB.txt,2015/09/30 23:25:26,2015/09/30 23:25:53,26526.000000
planetlab2.ucsd.edu,planetlab1.cs.okstate.edu,file512KB.txt,2015/09/30 23:25:53,2015/09/30 23:26:48,55492.000000
planetlab2.ucsd.edu,planetlab1.cs.okstate.edu,file1MB.txt,2015/09/30 23:26:48,2015/09/30 23:28:37,108777.000000
planetlab3.cs.uoregon.edu,planetlab1.cs.okstate.edu,file32B.txt,2015/09/30 23:28:37,2015/09/30 23:28:37,444.000000
planetlab3.cs.uoregon.edu,planetlab1.cs.okstate.edu,file1KB.txt,2015/09/30 23:28:37,2015/09/30 23:28:38,1576.000000
planetlab3.cs.uoregon.edu,planetlab1.cs.okstate.edu,file256KB.txt,2015/09/30 23:28:38,2015/09/30 23:29:09,30990.000000
planetlab3.cs.uoregon.edu,planetlab1.cs.okstate.edu,file512KB.txt,2015/09/30 23:29:09,2015/09/30 23:30:10,60290.000000
planetlab3.cs.uoregon.edu,planetlab1.cs.okstate.edu,file1MB.txt,2015/09/30 23:30:10,2015/09/30 23:32:14,124738.000000
planetlab-01.bu.edu,planetlab1.cs.okstate.edu,file32B.txt,2015/09/30 23:32:14,2015/09/30 23:32:14,393.000000
planetlab-01.bu.edu,planetlab1.cs.okstate.edu,file1KB.txt,2015/09/30 23:32:14,2015/09/30 23:32:14,402.000000
planetlab-01.bu.edu,planetlab1.cs.okstate.edu,file256KB.txt,2015/09/30 23:32:14,2015/09/30 23:32:44,30306.000000
planetlab-01.bu.edu,planetlab1.cs.okstate.edu,file512KB.txt,2015/09/30 23:32:44,2015/09/30 23:33:44,59829.000000
planetlab-01.bu.edu,planetlab1.cs.okstate.edu,file1MB.txt,2015/09/30 23:33:44,2015/09/30 23:35:42,118129.000000
planetlab4.cnds.jhu.edu,planetlab1.cs.okstate.edu,file32B.txt,2015/09/30 23:35:42,2015/09/30 23:35:43,1573.000000
planetlab4.cnds.jhu.edu,planetlab1.cs.okstate.edu,file1KB.txt,2015/09/30 23:35:43,2015/09/30 23:35:43,327.000000
planetlab4.cnds.jhu.edu,planetlab1.cs.okstate.edu,file256KB.txt,2015/09/30 23:35:43,2015/09/30 23:36:07,24091.000000
planetlab4.cnds.jhu.edu,planetlab1.cs.okstate.edu,file512KB.txt,2015/09/30 23:36:07,2015/09/30 23:36:54,46734.000000
planetlab4.cnds.jhu.edu,planetlab1.cs.okstate.edu,file1MB.txt,2015/09/30 23:36:54,2015/09/30 23:38:29,95578.000000
planetlabtwo.ccs.neu.edu,planetlab1.cs.okstate.edu,file32B.txt,2015/09/30 23:38:29,2015/09/30 23:38:33,3157.000000
planetlabtwo.ccs.neu.edu,planetlab1.cs.okstate.edu,file1KB.txt,2015/09/30 23:38:33,2015/09/30 23:38:34,1440.000000
planetlabtwo.ccs.neu.edu,planetlab1.cs.okstate.edu,file256KB.txt,2015/09/30 23:38:34,2015/09/30 23:39:40,66280.000000
planetlabtwo.ccs.neu.edu,planetlab1.cs.okstate.edu,file512KB.txt,2015/09/30 23:39:40,2015/09/30 23:41:28,108035.000000
planetlabtwo.ccs.neu.edu,planetlab1.cs.okstate.edu,file1MB.txt,2015/09/30 23:41:28,2015/09/30 23:44:10,-161217.000000
planetlab1.cs.purdue.edu,planetlab1.cs.okstate.edu,file32B.txt,2015/09/30 23:44:10,2015/09/30 23:44:11,1147.000000
planetlab1.cs.purdue.edu,planetlab1.cs.okstate.edu,file1KB.txt,2015/09/30 23:44:11,2015/09/30 23:44:13,2289.000000
planetlab1.cs.purdue.edu,planetlab1.cs.okstate.edu,file256KB.txt,2015/09/30 23:44:13,2015/09/30 23:51:04,411384.000000
planetlab1.cs.purdue.edu,planetlab1.cs.okstate.edu,file512KB.txt,2015/09/30 23:51:04,2015/10/01 00:21:24,1819965.000000
planetlab1.cs.purdue.edu,planetlab1.cs.okstate.edu,file1MB.txt,2015/10/01 00:21:24,2015/10/01 01:13:34,1165696.000000
planetlab2.tsuniv.edu,planetlab1.cs.okstate.edu,file32B.txt,2015/10/01 01:13:34,2015/10/01 01:13:37,2972.000000
planetlab2.tsuniv.edu,planetlab1.cs.okstate.edu,file1KB.txt,2015/10/01 01:13:37,2015/10/01 01:13:40,3009.000000
planetlab2.tsuniv.edu,planetlab1.cs.okstate.edu,file256KB.txt,2015/10/01 01:13:40,2015/10/01 01:16:59,199454.000000
planetlab2.tsuniv.edu,planetlab1.cs.okstate.edu,file512KB.txt,2015/10/01 01:16:59,2015/10/01 01:18:42,102547.000000
planetlab2.tsuniv.edu,planetlab1.cs.okstate.edu,file1MB.txt,2015/10/01 01:18:42,2015/10/01 01:26:08,446628.000000
planetlab1.tsuniv.edu,planetlab1.cs.okstate.edu,file32B.txt,2015/10/01 01:26:08,2015/10/01 01:26:08,425.000000
planetlab1.tsuniv.edu,planetlab1.cs.okstate.edu,file1KB.txt,2015/10/01 01:26:08,2015/10/01 01:26:09,1586.000000
planetlab1.tsuniv.edu,planetlab1.cs.okstate.edu,file256KB.txt,2015/10/01 01:26:09,2015/10/01 01:26:40,30653.000000
planetlab1.tsuniv.edu,planetlab1.cs.okstate.edu,file512KB.txt,2015/10/01 01:26:40,2015/10/01 01:27:41,60862.000000
planetlab1.tsuniv.edu,planetlab1.cs.okstate.edu,file1MB.txt,2015/10/01 01:27:41,2015/10/01 01:31:33,232095.000000
planetlab3.ucsd.edu,planetlab1.cs.okstate.edu,file32B.txt,2015/10/01 01:31:33,2015/10/01 01:31:33,379.000000
planetlab3.ucsd.edu,planetlab1.cs.okstate.edu,file1KB.txt,2015/10/01 01:31:33,2015/10/01 01:31:34,1618.000000
planetlab3.ucsd.edu,planetlab1.cs.okstate.edu,file256KB.txt,2015/10/01 01:31:34,2015/10/01 01:32:02,27541.000000
planetlab3.ucsd.edu,planetlab1.cs.okstate.edu,file512KB.txt,2015/10/01 01:32:02,2015/10/01 01:32:58,55735.000000
planetlab3.ucsd.edu,planetlab1.cs.okstate.edu,file1MB.txt,2015/10/01 01:32:58,2015/10/01 01:34:51,113696.000000
node2.planetlab.mathcs.emory.edu,planetlab1.cs.okstate.edu,file32B.txt,2015/10/01 01:34:51,2015/10/01 01:34:51,308.000000
node2.planetlab.mathcs.emory.edu,planetlab1.cs.okstate.edu,file1KB.txt,2015/10/01 01:34:51,2015/10/01 01:34:52,1728.000000
node2.planetlab.mathcs.emory.edu,planetlab1.cs.okstate.edu,file256KB.txt,2015/10/01 01:34:52,2015/10/01 01:35:11,18387.000000
node2.planetlab.mathcs.emory.edu,planetlab1.cs.okstate.edu,file512KB.txt,2015/10/01 01:35:11,2015/10/01 01:35:51,40473.000000
node2.planetlab.mathcs.emory.edu,planetlab1.cs.okstate.edu,file1MB.txt,2015/10/01 01:35:51,2015/10/01 01:37:10,79355.000000
planetlab5.csee.usf.edu,planetlab1.cs.okstate.edu,file32B.txt,2015/10/01 01:37:10,2015/10/01 01:37:10,392.000000
planetlab5.csee.usf.edu,planetlab1.cs.okstate.edu,file1KB.txt,2015/10/01 01:37:10,2015/10/01 01:37:10,358.000000
planetlab5.csee.usf.edu,planetlab1.cs.okstate.edu,file256KB.txt,2015/10/01 01:37:10,2015/10/01 01:37:37,27392.000000
planetlab5.csee.usf.edu,planetlab1.cs.okstate.edu,file512KB.txt,2015/10/01 01:37:37,2015/10/01 01:38:30,53156.000000
planetlab5.csee.usf.edu,planetlab1.cs.okstate.edu,file1MB.txt,2015/10/01 01:38:30,2015/10/01 01:40:15,104533.000000
planetlab1.emich.edu,planetlab1.cs.okstate.edu,file32B.txt,2015/10/01 01:40:15,2015/10/01 01:40:15,304.000000
planetlab1.emich.edu,planetlab1.cs.okstate.edu,file1KB.txt,2015/10/01 01:40:15,2015/10/01 01:40:16,1734.000000
planetlab1.emich.edu,planetlab1.cs.okstate.edu,file256KB.txt,2015/10/01 01:40:16,2015/10/01 01:40:35,18573.000000
planetlab1.emich.edu,planetlab1.cs.okstate.edu,file512KB.txt,2015/10/01 01:40:35,2015/10/01 01:41:14,39284.000000
planetlab1.emich.edu,planetlab1.cs.okstate.edu,file1MB.txt,2015/10/01 01:41:14,2015/10/01 01:42:31,76920.000000
ebb.colgate.edu,planetlab1.cs.okstate.edu,file32B.txt,2015/10/01 01:42:31,2015/10/01 01:42:31,356.000000
ebb.colgate.edu,planetlab1.cs.okstate.edu,file1KB.txt,2015/10/01 01:42:31,2015/10/01 01:42:32,1691.000000
ebb.colgate.edu,planetlab1.cs.okstate.edu,file256KB.txt,2015/10/01 01:42:32,2015/10/01 01:42:57,24443.000000
ebb.colgate.edu,planetlab1.cs.okstate.edu,file512KB.txt,2015/10/01 01:42:57,2015/10/01 01:43:46,49323.000000
ebb.colgate.edu,planetlab1.cs.okstate.edu,file1MB.txt,2015/10/01 01:43:46,2015/10/01 01:45:22,96008.000000
kc-sce-plab2.umkc.edu,planetlab1.cs.okstate.edu,file32B.txt,2015/10/01 01:45:22,2015/10/01 01:45:24,1899.000000
kc-sce-plab2.umkc.edu,planetlab1.cs.okstate.edu,file1KB.txt,2015/10/01 01:45:24,2015/10/01 01:45:26,1828.000000
kc-sce-plab2.umkc.edu,planetlab1.cs.okstate.edu,file256KB.txt,2015/10/01 01:45:26,2015/10/01 01:46:41,75340.000000
kc-sce-plab2.umkc.edu,planetlab1.cs.okstate.edu,file512KB.txt,2015/10/01 01:46:41,2015/10/01 01:47:05,23950.000000
kc-sce-plab2.umkc.edu,planetlab1.cs.okstate.edu,file1MB.txt,2015/10/01 01:47:05,2015/10/01 01:48:11,66324.000000
node1.planetlab.mathcs.emory.edu,planetlab1.cs.okstate.edu,file32B.txt,2015/10/01 01:48:11,2015/10/01 01:48:11,230.000000
node1.planetlab.mathcs.emory.edu,planetlab1.cs.okstate.edu,file1KB.txt,2015/10/01 01:48:11,2015/10/01 01:48:11,263.000000
node1.planetlab.mathcs.emory.edu,planetlab1.cs.okstate.edu,file256KB.txt,2015/10/01 01:48:11,2015/10/01 01:48:31,19675.000000
node1.planetlab.mathcs.emory.edu,planetlab1.cs.okstate.edu,file512KB.txt,2015/10/01 01:48:31,2015/10/01 01:49:11,40884.000000
node1.planetlab.mathcs.emory.edu,planetlab1.cs.okstate.edu,file1MB.txt,2015/10/01 01:49:11,2015/10/01 01:50:29,77831.000000
pl1.cs.montana.edu,planetlab1.cs.okstate.edu,file32B.txt,2015/10/01 01:50:29,2015/10/01 01:50:29,597.000000
pl1.cs.montana.edu,planetlab1.cs.okstate.edu,file1KB.txt,2015/10/01 01:50:29,2015/10/01 01:50:30,1398.000000
pl1.cs.montana.edu,planetlab1.cs.okstate.edu,file256KB.txt,2015/10/01 01:50:30,2015/10/01 01:51:14,43661.000000
pl1.cs.montana.edu,planetlab1.cs.okstate.edu,file512KB.txt,2015/10/01 01:51:14,2015/10/01 01:52:43,89365.000000
pl1.cs.montana.edu,planetlab1.cs.okstate.edu,file1MB.txt,2015/10/01 01:52:43,2015/10/01 01:55:39,175602.000000
plab3.eece.ksu.edu,planetlab1.cs.okstate.edu,file32B.txt,2015/10/01 01:56:00,2015/10/01 01:56:00,98.000000
plab3.eece.ksu.edu,planetlab1.cs.okstate.edu,file1KB.txt,2015/10/01 01:56:00,2015/10/01 01:56:01,1924.000000
plab3.eece.ksu.edu,planetlab1.cs.okstate.edu,file256KB.txt,2015/10/01 01:56:01,2015/10/01 01:56:06,4284.000000
plab3.eece.ksu.edu,planetlab1.cs.okstate.edu,file512KB.txt,2015/10/01 01:56:06,2015/10/01 01:56:18,12509.000000
plab3.eece.ksu.edu,planetlab1.cs.okstate.edu,file1MB.txt,2015/10/01 01:56:18,2015/10/01 01:56:41,23156.000000
planet3.cc.gt.atl.ga.us,planetlab1.cs.okstate.edu,file32B.txt,2015/10/01 01:56:41,2015/10/01 01:56:41,354.000000
planet3.cc.gt.atl.ga.us,planetlab1.cs.okstate.edu,file1KB.txt,2015/10/01 01:56:41,2015/10/01 01:56:41,263.000000
planet3.cc.gt.atl.ga.us,planetlab1.cs.okstate.edu,file256KB.txt,2015/10/01 01:56:41,2015/10/01 01:57:01,20424.000000
planet3.cc.gt.atl.ga.us,planetlab1.cs.okstate.edu,file512KB.txt,2015/10/01 01:57:01,2015/10/01 01:57:39,37560.000000
planet3.cc.gt.atl.ga.us,planetlab1.cs.okstate.edu,file1MB.txt,2015/10/01 01:57:39,2015/10/01 01:58:57,78664.000000
planetlab-02.bu.edu,planetlab1.cs.okstate.edu,file32B.txt,2015/10/01 01:58:57,2015/10/01 01:58:57,389.000000
planetlab-02.bu.edu,planetlab1.cs.okstate.edu,file1KB.txt,2015/10/01 01:58:57,2015/10/01 01:58:58,1582.000000
planetlab-02.bu.edu,planetlab1.cs.okstate.edu,file256KB.txt,2015/10/01 01:58:58,2015/10/01 01:59:27,28411.000000
planetlab-02.bu.edu,planetlab1.cs.okstate.edu,file512KB.txt,2015/10/01 01:59:27,2015/10/01 02:00:26,58933.000000
planetlab-02.bu.edu,planetlab1.cs.okstate.edu,file1MB.txt,2015/10/01 02:00:26,2015/10/01 02:02:26,120065.000000
planetlab1.clemson.edu,planetlab1.cs.okstate.edu,file32B.txt,2015/10/01 02:02:47,2015/10/01 02:02:48,1653.000000
planetlab1.clemson.edu,planetlab1.cs.okstate.edu,file1KB.txt,2015/10/01 02:02:48,2015/10/01 02:02:48,279.000000
planetlab1.clemson.edu,planetlab1.cs.okstate.edu,file256KB.txt,2015/10/01 02:02:48,2015/10/01 02:03:09,21313.000000
planetlab1.clemson.edu,planetlab1.cs.okstate.edu,file512KB.txt,2015/10/01 02:03:09,2015/10/01 02:03:50,40797.000000
planetlab1.clemson.edu,planetlab1.cs.okstate.edu,file1MB.txt,2015/10/01 02:03:50,2015/10/01 02:05:12,81988.000000
planetlab1.cs.du.edu,planetlab1.cs.okstate.edu,file32B.txt,2015/10/01 02:05:12,2015/10/01 02:05:13,1735.000000
planetlab1.cs.du.edu,planetlab1.cs.okstate.edu,file1KB.txt,2015/10/01 02:05:13,2015/10/01 02:05:13,288.000000
planetlab1.cs.du.edu,planetlab1.cs.okstate.edu,file256KB.txt,2015/10/01 02:05:13,2015/10/01 02:05:35,22248.000000
planetlab1.cs.du.edu,planetlab1.cs.okstate.edu,file512KB.txt,2015/10/01 02:05:35,2015/10/01 02:06:17,41263.000000
planetlab1.cs.du.edu,planetlab1.cs.okstate.edu,file1MB.txt,2015/10/01 02:06:17,2015/10/01 02:07:43,-86703.000000
planetlab-1.cse.ohio-state.edu,planetlab1.cs.okstate.edu,file32B.txt,2015/10/01 02:07:43,2015/10/01 02:07:45,2142.000000
planetlab-1.cse.ohio-state.edu,planetlab1.cs.okstate.edu,file1KB.txt,2015/10/01 02:07:45,2015/10/01 02:09:47,121766.000000
planetlab-1.cse.ohio-state.edu,planetlab1.cs.okstate.edu,file256KB.txt,2015/10/01 02:09:47,2015/10/01 02:20:53,665922.000000
planetlab-1.cse.ohio-state.edu,planetlab1.cs.okstate.edu,file512KB.txt,2015/10/01 02:20:53,2015/10/01 02:57:52,-2076136.000000
planetlab1.cs.okstate.edu,planetlab1.cs.okstate.edu,file32B.txt,2015/10/01 03:35:52,2015/10/01 03:35:52,1.000000
planetlab1.cs.okstate.edu,planetlab1.cs.okstate.edu,file1KB.txt,2015/10/01 03:35:52,2015/10/01 03:35:52,1.000000
planetlab1.cs.okstate.edu,planetlab1.cs.okstate.edu,file256KB.txt,2015/10/01 03:35:52,2015/10/01 03:35:52,19.000000
planetlab1.cs.okstate.edu,planetlab1.cs.okstate.edu,file512KB.txt,2015/10/01 03:35:52,2015/10/01 03:35:52,38.000000
planetlab1.cs.okstate.edu,planetlab1.cs.okstate.edu,file1MB.txt,2015/10/01 03:35:52,2015/10/01 03:35:52,79.000000
planetlab1.cs.ucla.edu,planetlab1.cs.okstate.edu,file32B.txt,2015/10/01 03:35:52,2015/10/01 03:35:52,410.000000
planetlab1.cs.ucla.edu,planetlab1.cs.okstate.edu,file1KB.txt,2015/10/01 03:35:52,2015/10/01 03:35:53,1641.000000
planetlab1.cs.ucla.edu,planetlab1.cs.okstate.edu,file256KB.txt,2015/10/01 03:35:53,2015/10/01 03:36:19,25605.000000
planetlab1.cs.ucla.edu,planetlab1.cs.okstate.edu,file512KB.txt,2015/10/01 03:36:19,2015/10/01 03:37:12,53188.000000
planetlab1.cs.ucla.edu,planetlab1.cs.okstate.edu,file1MB.txt,2015/10/01 03:37:12,2015/10/01 03:38:57,104978.000000
planetlab1.csuohio.edu,planetlab1.cs.okstate.edu,file32B.txt,2015/10/01 03:38:57,2015/10/01 03:38:57,276.000000
planetlab1.csuohio.edu,planetlab1.cs.okstate.edu,file1KB.txt,2015/10/01 03:38:57,2015/10/01 03:38:58,1408.000000
planetlab1.csuohio.edu,planetlab1.cs.okstate.edu,file256KB.txt,2015/10/01 03:38:58,2015/10/01 03:39:20,21917.000000
planetlab1.csuohio.edu,planetlab1.cs.okstate.edu,file512KB.txt,2015/10/01 03:39:20,2015/10/01 03:40:04,44004.000000
planetlab1.csuohio.edu,planetlab1.cs.okstate.edu,file1MB.txt,2015/10/01 03:40:04,2015/10/01 03:41:40,95433.000000
planetlab1.emich.edu,planetlab1.cs.okstate.edu,file32B.txt,2015/10/01 03:41:40,2015/10/01 03:41:41,1746.000000
planetlab1.emich.edu,planetlab1.cs.okstate.edu,file1KB.txt,2015/10/01 03:41:41,2015/10/01 03:41:41,279.000000
planetlab1.emich.edu,planetlab1.cs.okstate.edu,file256KB.txt,2015/10/01 03:41:41,2015/10/01 03:42:00,18571.000000
planetlab1.emich.edu,planetlab1.cs.okstate.edu,file512KB.txt,2015/10/01 03:42:00,2015/10/01 03:42:40,40885.000000
planetlab1.emich.edu,planetlab1.cs.okstate.edu,file1MB.txt,2015/10/01 03:42:40,2015/10/01 03:43:57,76917.000000
planetlab1.ucsd.edu,planetlab1.cs.okstate.edu,file32B.txt,2015/10/01 03:44:18,2015/10/01 03:44:18,472.000000
planetlab1.ucsd.edu,planetlab1.cs.okstate.edu,file1KB.txt,2015/10/01 03:44:18,2015/10/01 03:44:19,1621.000000
planetlab1.ucsd.edu,planetlab1.cs.okstate.edu,file256KB.txt,2015/10/01 03:44:19,2015/10/01 03:44:46,26168.000000
planetlab1.ucsd.edu,planetlab1.cs.okstate.edu,file512KB.txt,2015/10/01 03:44:46,2015/10/01 03:45:42,56455.000000
planetlab1.ucsd.edu,planetlab1.cs.okstate.edu,file1MB.txt,2015/10/01 03:45:42,2015/10/01 03:47:33,111333.000000
planetlab2.acis.ufl.edu,planetlab1.cs.okstate.edu,file32B.txt,2015/10/01 03:47:33,2015/10/01 03:47:33,424.000000
planetlab2.acis.ufl.edu,planetlab1.cs.okstate.edu,file1KB.txt,2015/10/01 03:47:33,2015/10/01 03:47:33,365.000000
planetlab2.acis.ufl.edu,planetlab1.cs.okstate.edu,file256KB.txt,2015/10/01 03:47:33,2015/10/01 03:48:00,27419.000000
planetlab2.acis.ufl.edu,planetlab1.cs.okstate.edu,file512KB.txt,2015/10/01 03:48:00,2015/10/01 03:48:53,53151.000000
planetlab2.acis.ufl.edu,planetlab1.cs.okstate.edu,file1MB.txt,2015/10/01 03:48:53,2015/10/01 03:50:39,106048.000000
planetlab2.arizona-gigapop.net,planetlab1.cs.okstate.edu,file32B.txt,2015/10/01 03:50:39,2015/10/01 03:50:39,346.000000
planetlab2.arizona-gigapop.net,planetlab1.cs.okstate.edu,file1KB.txt,2015/10/01 03:50:39,2015/10/01 03:50:39,295.000000
planetlab2.arizona-gigapop.net,planetlab1.cs.okstate.edu,file256KB.txt,2015/10/01 03:50:39,2015/10/01 03:51:00,21433.000000
planetlab2.arizona-gigapop.net,planetlab1.cs.okstate.edu,file512KB.txt,2015/10/01 03:51:00,2015/10/01 03:51:41,41035.000000
planetlab2.arizona-gigapop.net,planetlab1.cs.okstate.edu,file1MB.txt,2015/10/01 03:51:41,2015/10/01 03:53:02,80888.000000
planetlab2.citadel.edu,planetlab1.cs.okstate.edu,file32B.txt,2015/10/01 03:53:02,2015/10/01 03:53:03,1585.000000
planetlab2.citadel.edu,planetlab1.cs.okstate.edu,file1KB.txt,2015/10/01 03:53:03,2015/10/01 03:53:03,343.000000
planetlab2.citadel.edu,planetlab1.cs.okstate.edu,file256KB.txt,2015/10/01 03:53:03,2015/10/01 03:53:28,24828.000000
planetlab2.citadel.edu,planetlab1.cs.okstate.edu,file512KB.txt,2015/10/01 03:53:28,2015/10/01 03:54:18,50258.000000
planetlab2.citadel.edu,planetlab1.cs.okstate.edu,file1MB.txt,2015/10/01 03:54:18,2015/10/01 03:55:56,97266.000000
planetlab2.cs.pitt.edu,planetlab1.cs.okstate.edu,file32B.txt,2015/10/01 03:55:57,2015/10/01 03:55:57,307.000000
planetlab2.cs.pitt.edu,planetlab1.cs.okstate.edu,file1KB.txt,2015/10/01 03:55:57,2015/10/01 03:55:57,244.000000
planetlab2.cs.pitt.edu,planetlab1.cs.okstate.edu,file256KB.txt,2015/10/01 03:55:57,2015/10/01 03:56:15,17909.000000
planetlab2.cs.pitt.edu,planetlab1.cs.okstate.edu,file512KB.txt,2015/10/01 03:56:15,2015/10/01 03:56:51,36322.000000
planetlab2.cs.pitt.edu,planetlab1.cs.okstate.edu,file1MB.txt,2015/10/01 03:56:51,2015/10/01 03:58:03,71529.000000
planetlab2.cs.purdue.edu,planetlab1.cs.okstate.edu,file32B.txt,2015/10/01 03:58:03,2015/10/01 03:58:04,1689.000000
planetlab2.cs.purdue.edu,planetlab1.cs.okstate.edu,file1KB.txt,2015/10/01 03:58:04,2015/10/01 03:58:04,350.000000
planetlab2.cs.purdue.edu,planetlab1.cs.okstate.edu,file256KB.txt,2015/10/01 03:58:04,2015/10/01 03:58:51,46678.000000
planetlab2.cs.purdue.edu,planetlab1.cs.okstate.edu,file512KB.txt,2015/10/01 03:58:51,2015/10/01 04:00:04,73177.000000
planetlab2.cs.purdue.edu,planetlab1.cs.okstate.edu,file1MB.txt,2015/10/01 04:00:04,2015/10/01 04:02:43,159667.000000
planetlab2.cs.uml.edu,planetlab1.cs.okstate.edu,file32B.txt,2015/10/01 04:03:25,2015/10/01 04:03:25,386.000000
planetlab2.cs.uml.edu,planetlab1.cs.okstate.edu,file1KB.txt,2015/10/01 04:03:25,2015/10/01 04:03:25,319.000000
planetlab2.cs.uml.edu,planetlab1.cs.okstate.edu,file256KB.txt,2015/10/01 04:03:25,2015/10/01 04:03:49,24284.000000
planetlab2.cs.uml.edu,planetlab1.cs.okstate.edu,file512KB.txt,2015/10/01 04:03:49,2015/10/01 04:04:36,46737.000000
planetlab2.cs.uml.edu,planetlab1.cs.okstate.edu,file1MB.txt,2015/10/01 04:04:36,2015/10/01 04:06:11,95382.000000
planetlab2.cs.unc.edu,planetlab1.cs.okstate.edu,file32B.txt,2015/10/01 04:06:11,2015/10/01 04:06:11,284.000000
planetlab2.cs.unc.edu,planetlab1.cs.okstate.edu,file1KB.txt,2015/10/01 04:06:11,2015/10/01 04:06:12,1655.000000
planetlab2.cs.unc.edu,planetlab1.cs.okstate.edu,file256KB.txt,2015/10/01 04:06:12,2015/10/01 04:06:37,25134.000000
planetlab2.cs.unc.edu,planetlab1.cs.okstate.edu,file512KB.txt,2015/10/01 04:06:37,2015/10/01 04:07:26,48741.000000
planetlab2.cs.unc.edu,planetlab1.cs.okstate.edu,file1MB.txt,2015/10/01 04:07:26,2015/10/01 04:09:05,98979.000000
planetlab2.cs.uoregon.edu,planetlab1.cs.okstate.edu,file32B.txt,2015/10/01 04:09:05,2015/10/01 04:09:05,418.000000
planetlab2.cs.uoregon.edu,planetlab1.cs.okstate.edu,file1KB.txt,2015/10/01 04:09:05,2015/10/01 04:09:06,1582.000000
planetlab2.cs.uoregon.edu,planetlab1.cs.okstate.edu,file256KB.txt,2015/10/01 04:09:06,2015/10/01 04:09:36,29298.000000
planetlab2.cs.uoregon.edu,planetlab1.cs.okstate.edu,file512KB.txt,2015/10/01 04:09:36,2015/10/01 04:10:37,60897.000000
planetlab2.cs.uoregon.edu,planetlab1.cs.okstate.edu,file1MB.txt,2015/10/01 04:10:37,2015/10/01 04:12:40,123172.000000
planetlab2.temple.edu,planetlab1.cs.okstate.edu,file32B.txt,2015/10/01 04:12:40,2015/10/01 04:12:41,1509.000000
planetlab2.temple.edu,planetlab1.cs.okstate.edu,file1KB.txt,2015/10/01 04:12:41,2015/10/01 04:12:41,407.000000
planetlab2.temple.edu,planetlab1.cs.okstate.edu,file256KB.txt,2015/10/01 04:12:41,2015/10/01 04:13:10,29055.000000
planetlab2.temple.edu,planetlab1.cs.okstate.edu,file512KB.txt,2015/10/01 04:13:10,2015/10/01 04:14:10,60178.000000
planetlab2.temple.edu,planetlab1.cs.okstate.edu,file1MB.txt,2015/10/01 04:14:10,2015/10/01 04:16:11,121175.000000
planetlab2.unl.edu,planetlab1.cs.okstate.edu,file32B.txt,2015/10/01 04:16:11,2015/10/01 04:16:11,110.000000
planetlab2.unl.edu,planetlab1.cs.okstate.edu,file1KB.txt,2015/10/01 04:16:11,2015/10/01 04:16:11,88.000000
planetlab2.unl.edu,planetlab1.cs.okstate.edu,file256KB.txt,2015/10/01 04:16:11,2015/10/01 04:16:17,5549.000000
planetlab2.unl.edu,planetlab1.cs.okstate.edu,file512KB.txt,2015/10/01 04:16:17,2015/10/01 04:16:30,13240.000000
planetlab2.unl.edu,planetlab1.cs.okstate.edu,file1MB.txt,2015/10/01 04:16:30,2015/10/01 04:16:56,26507.000000
planetlab2.unr.edu,planetlab1.cs.okstate.edu,file32B.txt,2015/10/01 04:16:56,2015/10/01 04:16:56,310.000000
planetlab2.unr.edu,planetlab1.cs.okstate.edu,file1KB.txt,2015/10/01 04:16:56,2015/10/01 04:16:56,270.000000
planetlab2.unr.edu,planetlab1.cs.okstate.edu,file256KB.txt,2015/10/01 04:16:56,2015/10/01 04:17:15,19142.000000
planetlab2.unr.edu,planetlab1.cs.okstate.edu,file512KB.txt,2015/10/01 04:17:15,2015/10/01 04:17:53,37756.000000
planetlab2.unr.edu,planetlab1.cs.okstate.edu,file1MB.txt,2015/10/01 04:17:53,2015/10/01 04:19:09,76857.000000
planetlab2.uta.edu,planetlab1.cs.okstate.edu,file32B.txt,2015/10/01 04:19:09,2015/10/01 04:19:09,141.000000
planetlab2.uta.edu,planetlab1.cs.okstate.edu,file1KB.txt,2015/10/01 04:19:09,2015/10/01 04:19:09,120.000000
planetlab2.uta.edu,planetlab1.cs.okstate.edu,file256KB.txt,2015/10/01 04:19:09,2015/10/01 04:19:18,9004.000000
planetlab2.uta.edu,planetlab1.cs.okstate.edu,file512KB.txt,2015/10/01 04:19:18,2015/10/01 04:19:36,18101.000000
planetlab2.uta.edu,planetlab1.cs.okstate.edu,file1MB.txt,2015/10/01 04:19:36,2015/10/01 04:20:11,34717.000000
planetlab2.utdallas.edu,planetlab1.cs.okstate.edu,file32B.txt,2015/10/01 04:20:11,2015/10/01 04:20:11,167.000000
planetlab2.utdallas.edu,planetlab1.cs.okstate.edu,file1KB.txt,2015/10/01 04:20:11,2015/10/01 04:20:11,121.000000
planetlab2.utdallas.edu,planetlab1.cs.okstate.edu,file256KB.txt,2015/10/01 04:20:11,2015/10/01 04:20:20,8984.000000
planetlab2.utdallas.edu,planetlab1.cs.okstate.edu,file512KB.txt,2015/10/01 04:20:20,2015/10/01 04:20:38,18147.000000
planetlab2.utdallas.edu,planetlab1.cs.okstate.edu,file1MB.txt,2015/10/01 04:20:38,2015/10/01 04:21:14,36036.000000
planetlab3.eecs.umich.edu,planetlab1.cs.okstate.edu,file32B.txt,2015/10/01 04:21:14,2015/10/01 04:21:14,195.000000
planetlab3.eecs.umich.edu,planetlab1.cs.okstate.edu,file1KB.txt,2015/10/01 04:21:14,2015/10/01 04:21:14,169.000000
planetlab3.eecs.umich.edu,planetlab1.cs.okstate.edu,file256KB.txt,2015/10/01 04:21:14,2015/10/01 04:21:27,13323.000000
planetlab3.eecs.umich.edu,planetlab1.cs.okstate.edu,file512KB.txt,2015/10/01 04:21:27,2015/10/01 04:21:53,26381.000000
planetlab3.eecs.umich.edu,planetlab1.cs.okstate.edu,file1MB.txt,2015/10/01 04:21:53,2015/10/01 04:22:43,49924.000000
planetlab3.rutgers.edu,planetlab1.cs.okstate.edu,file32B.txt,2015/10/01 04:22:43,2015/10/01 04:22:43,356.000000
planetlab3.rutgers.edu,planetlab1.cs.okstate.edu,file1KB.txt,2015/10/01 04:22:43,2015/10/01 04:22:44,1655.000000
planetlab3.rutgers.edu,planetlab1.cs.okstate.edu,file256KB.txt,2015/10/01 04:22:44,2015/10/01 04:23:09,24583.000000
planetlab3.rutgers.edu,planetlab1.cs.okstate.edu,file512KB.txt,2015/10/01 04:23:09,2015/10/01 04:23:59,49705.000000
planetlab3.rutgers.edu,planetlab1.cs.okstate.edu,file1MB.txt,2015/10/01 04:23:59,2015/10/01 04:25:40,101508.000000
planetlab3.wail.wisc.edu,planetlab1.cs.okstate.edu,file32B.txt,2015/10/01 04:25:40,2015/10/01 04:25:40,292.000000
planetlab3.wail.wisc.edu,planetlab1.cs.okstate.edu,file1KB.txt,2015/10/01 04:25:40,2015/10/01 04:25:40,263.000000
