planetlab1.unr.edu,planetlab3.rutgers.edu,file32B.txt,2015/09/30 21:13:16,2015/09/30 21:13:17,1606.000000
planetlab1.unr.edu,planetlab3.rutgers.edu,file1KB.txt,2015/09/30 21:13:17,2015/09/30 21:13:17,451.000000
planetlab1.unr.edu,planetlab3.rutgers.edu,file256KB.txt,2015/09/30 21:13:17,2015/09/30 21:13:50,32863.000000
planetlab1.unr.edu,planetlab3.rutgers.edu,file512KB.txt,2015/09/30 21:13:50,2015/09/30 21:14:56,66132.000000
planetlab1.unr.edu,planetlab3.rutgers.edu,file1MB.txt,2015/09/30 21:14:56,2015/09/30 21:17:08,132469.000000
pl2.cs.unm.edu,planetlab3.rutgers.edu,file32B.txt,2015/09/30 21:17:08,2015/09/30 21:17:08,391.000000
pl2.cs.unm.edu,planetlab3.rutgers.edu,file1KB.txt,2015/09/30 21:17:08,2015/09/30 21:17:08,389.000000
pl2.cs.unm.edu,planetlab3.rutgers.edu,file256KB.txt,2015/09/30 21:17:08,2015/09/30 21:17:37,29821.000000
pl2.cs.unm.edu,planetlab3.rutgers.edu,file512KB.txt,2015/09/30 21:17:37,2015/09/30 21:18:33,55456.000000
pl2.cs.unm.edu,planetlab3.rutgers.edu,file1MB.txt,2015/09/30 21:18:33,2015/09/30 21:20:25,111657.000000
planetlab2.cnis.nyit.edu,planetlab3.rutgers.edu,file32B.txt,2015/09/30 21:20:25,2015/09/30 21:20:26,1889.000000
planetlab2.cnis.nyit.edu,planetlab3.rutgers.edu,file1KB.txt,2015/09/30 21:20:26,2015/09/30 21:20:26,98.000000
planetlab2.cnis.nyit.edu,planetlab3.rutgers.edu,file256KB.txt,2015/09/30 21:20:26,2015/09/30 21:20:34,-7719.000000
planetlab2.cnis.nyit.edu,planetlab3.rutgers.edu,file512KB.txt,2015/09/30 21:20:34,2015/09/30 21:20:52,17945.000000
planetlab2.cnis.nyit.edu,planetlab3.rutgers.edu,file1MB.txt,2015/09/30 21:20:52,2015/09/30 21:21:23,31116.000000
planetlab2.rutgers.edu,planetlab3.rutgers.edu,file32B.txt,2015/09/30 21:21:23,2015/09/30 21:21:26,2499.000000
planetlab2.rutgers.edu,planetlab3.rutgers.edu,file1KB.txt,2015/09/30 21:21:26,2015/09/30 21:21:35,9216.000000
planetlab2.rutgers.edu,planetlab3.rutgers.edu,file256KB.txt,2015/09/30 21:21:35,2015/09/30 21:41:28,1193260.000000
planetlab2.rutgers.edu,planetlab3.rutgers.edu,file512KB.txt,2015/09/30 21:41:28,2015/09/30 22:23:57,-1746419.000000
planetlab2.rutgers.edu,planetlab3.rutgers.edu,file1MB.txt,2015/09/30 22:23:57,2015/09/30 23:25:43,588308.000000
planetlab2.cs.du.edu,planetlab3.rutgers.edu,file32B.txt,2015/09/30 23:25:43,2015/09/30 23:25:43,290.000000
planetlab2.cs.du.edu,planetlab3.rutgers.edu,file1KB.txt,2015/09/30 23:25:43,2015/09/30 23:25:43,332.000000
planetlab2.cs.du.edu,planetlab3.rutgers.edu,file256KB.txt,2015/09/30 23:25:43,2015/09/30 23:26:07,23980.000000
planetlab2.cs.du.edu,planetlab3.rutgers.edu,file512KB.txt,2015/09/30 23:26:07,2015/09/30 23:27:00,53527.000000
planetlab2.cs.du.edu,planetlab3.rutgers.edu,file1MB.txt,2015/09/30 23:27:00,2015/09/30 23:28:36,96206.000000
planetlab2.ucsd.edu,planetlab3.rutgers.edu,file32B.txt,2015/09/30 23:28:36,2015/09/30 23:28:36,480.000000
planetlab2.ucsd.edu,planetlab3.rutgers.edu,file1KB.txt,2015/09/30 23:28:36,2015/09/30 23:28:37,1442.000000
planetlab2.ucsd.edu,planetlab3.rutgers.edu,file256KB.txt,2015/09/30 23:28:37,2015/09/30 23:29:17,39344.000000
planetlab2.ucsd.edu,planetlab3.rutgers.edu,file512KB.txt,2015/09/30 23:29:17,2015/09/30 23:30:38,81126.000000
planetlab2.ucsd.edu,planetlab3.rutgers.edu,file1MB.txt,2015/09/30 23:30:38,2015/09/30 23:33:19,160878.000000
planetlab3.cs.uoregon.edu,planetlab3.rutgers.edu,file32B.txt,2015/09/30 23:33:19,2015/09/30 23:33:20,1398.000000
planetlab3.cs.uoregon.edu,planetlab3.rutgers.edu,file1KB.txt,2015/09/30 23:33:20,2015/09/30 23:33:21,1292.000000
planetlab3.cs.uoregon.edu,planetlab3.rutgers.edu,file256KB.txt,2015/09/30 23:33:21,2015/09/30 23:34:12,50394.000000
planetlab3.cs.uoregon.edu,planetlab3.rutgers.edu,file512KB.txt,2015/09/30 23:34:12,2015/09/30 23:35:55,103316.000000
planetlab3.cs.uoregon.edu,planetlab3.rutgers.edu,file1MB.txt,2015/09/30 23:35:55,2015/09/30 23:39:20,205134.000000
planetlab-01.bu.edu,planetlab3.rutgers.edu,file32B.txt,2015/09/30 23:39:20,2015/09/30 23:39:20,120.000000
planetlab-01.bu.edu,planetlab3.rutgers.edu,file1KB.txt,2015/09/30 23:39:20,2015/09/30 23:39:20,141.000000
planetlab-01.bu.edu,planetlab3.rutgers.edu,file256KB.txt,2015/09/30 23:39:20,2015/09/30 23:39:30,10207.000000
planetlab-01.bu.edu,planetlab3.rutgers.edu,file512KB.txt,2015/09/30 23:39:30,2015/09/30 23:39:49,19103.000000
planetlab-01.bu.edu,planetlab3.rutgers.edu,file1MB.txt,2015/09/30 23:39:49,2015/09/30 23:40:27,37491.000000
planetlab4.cnds.jhu.edu,planetlab3.rutgers.edu,file32B.txt,2015/09/30 23:40:27,2015/09/30 23:40:27,68.000000
planetlab4.cnds.jhu.edu,planetlab3.rutgers.edu,file1KB.txt,2015/09/30 23:40:27,2015/09/30 23:40:27,69.000000
planetlab4.cnds.jhu.edu,planetlab3.rutgers.edu,file256KB.txt,2015/09/30 23:40:27,2015/09/30 23:40:32,5266.000000
planetlab4.cnds.jhu.edu,planetlab3.rutgers.edu,file512KB.txt,2015/09/30 23:40:32,2015/09/30 23:40:42,10367.000000
planetlab4.cnds.jhu.edu,planetlab3.rutgers.edu,file1MB.txt,2015/09/30 23:40:42,2015/09/30 23:41:01,18588.000000
planetlabtwo.ccs.neu.edu,planetlab3.rutgers.edu,file32B.txt,2015/09/30 23:41:01,2015/09/30 23:41:01,67.000000
planetlabtwo.ccs.neu.edu,planetlab3.rutgers.edu,file1KB.txt,2015/09/30 23:41:01,2015/09/30 23:41:01,77.000000
planetlabtwo.ccs.neu.edu,planetlab3.rutgers.edu,file256KB.txt,2015/09/30 23:41:01,2015/09/30 23:41:07,6752.000000
planetlabtwo.ccs.neu.edu,planetlab3.rutgers.edu,file512KB.txt,2015/09/30 23:41:07,2015/09/30 23:41:17,9455.000000
planetlabtwo.ccs.neu.edu,planetlab3.rutgers.edu,file1MB.txt,2015/09/30 23:41:17,2015/09/30 23:41:38,21165.000000
planetlab1.cs.purdue.edu,planetlab3.rutgers.edu,file32B.txt,2015/09/30 23:41:38,2015/09/30 23:41:41,2442.000000
planetlab1.cs.purdue.edu,planetlab3.rutgers.edu,file1KB.txt,2015/09/30 23:41:41,2015/09/30 23:41:46,5816.000000
planetlab1.cs.purdue.edu,planetlab3.rutgers.edu,file256KB.txt,2015/09/30 23:41:46,2015/09/30 23:55:19,-812820.000000
planetlab1.cs.purdue.edu,planetlab3.rutgers.edu,file512KB.txt,2015/09/30 23:55:19,2015/10/01 00:27:08,1908743.000000
planetlab1.cs.purdue.edu,planetlab3.rutgers.edu,file1MB.txt,2015/10/01 00:27:08,2015/10/01 01:14:53,1430055.000000
planetlab2.tsuniv.edu,planetlab3.rutgers.edu,file32B.txt,2015/10/01 01:14:53,2015/10/01 01:14:56,3191.000000
planetlab2.tsuniv.edu,planetlab3.rutgers.edu,file1KB.txt,2015/10/01 01:14:56,2015/10/01 01:14:58,1573.000000
planetlab2.tsuniv.edu,planetlab3.rutgers.edu,file256KB.txt,2015/10/01 01:14:58,2015/10/01 01:19:54,296870.000000
planetlab2.tsuniv.edu,planetlab3.rutgers.edu,file512KB.txt,2015/10/01 01:19:54,2015/10/01 01:25:17,322095.000000
planetlab2.tsuniv.edu,planetlab3.rutgers.edu,file1MB.txt,2015/10/01 01:25:17,2015/10/01 01:33:43,506706.000000
planetlab1.tsuniv.edu,planetlab3.rutgers.edu,file32B.txt,2015/10/01 01:33:43,2015/10/01 01:33:49,5303.000000
planetlab1.tsuniv.edu,planetlab3.rutgers.edu,file1KB.txt,2015/10/01 01:33:49,2015/10/01 01:33:57,8677.000000
planetlab1.tsuniv.edu,planetlab3.rutgers.edu,file256KB.txt,2015/10/01 01:33:57,2015/10/01 01:39:31,334191.000000
planetlab1.tsuniv.edu,planetlab3.rutgers.edu,file512KB.txt,2015/10/01 01:39:31,2015/10/01 01:52:42,791094.000000
planetlab1.tsuniv.edu,planetlab3.rutgers.edu,file1MB.txt,2015/10/01 01:52:42,2015/10/01 02:25:25,-1962705.000000
planetlab3.ucsd.edu,planetlab3.rutgers.edu,file32B.txt,2015/10/01 02:25:25,2015/10/01 02:25:25,565.000000
planetlab3.ucsd.edu,planetlab3.rutgers.edu,file1KB.txt,2015/10/01 02:25:25,2015/10/01 02:25:26,1358.000000
planetlab3.ucsd.edu,planetlab3.rutgers.edu,file256KB.txt,2015/10/01 02:25:26,2015/10/01 02:26:07,40890.000000
planetlab3.ucsd.edu,planetlab3.rutgers.edu,file512KB.txt,2015/10/01 02:26:07,2015/10/01 02:27:29,82096.000000
planetlab3.ucsd.edu,planetlab3.rutgers.edu,file1MB.txt,2015/10/01 02:27:29,2015/10/01 02:30:13,164235.000000
node2.planetlab.mathcs.emory.edu,planetlab3.rutgers.edu,file32B.txt,2015/10/01 02:30:13,2015/10/01 02:30:13,130.000000
node2.planetlab.mathcs.emory.edu,planetlab3.rutgers.edu,file1KB.txt,2015/10/01 02:30:13,2015/10/01 02:30:14,1850.000000
node2.planetlab.mathcs.emory.edu,planetlab3.rutgers.edu,file256KB.txt,2015/10/01 02:30:14,2015/10/01 02:30:24,9188.000000
node2.planetlab.mathcs.emory.edu,planetlab3.rutgers.edu,file512KB.txt,2015/10/01 02:30:24,2015/10/01 02:30:47,23782.000000
node2.planetlab.mathcs.emory.edu,planetlab3.rutgers.edu,file1MB.txt,2015/10/01 02:30:47,2015/10/01 02:31:29,41407.000000
planetlab5.csee.usf.edu,planetlab3.rutgers.edu,file32B.txt,2015/10/01 02:31:29,2015/10/01 02:31:29,236.000000
planetlab5.csee.usf.edu,planetlab3.rutgers.edu,file1KB.txt,2015/10/01 02:31:29,2015/10/01 02:31:30,1761.000000
planetlab5.csee.usf.edu,planetlab3.rutgers.edu,file256KB.txt,2015/10/01 02:31:30,2015/10/01 02:31:47,16803.000000
planetlab5.csee.usf.edu,planetlab3.rutgers.edu,file512KB.txt,2015/10/01 02:31:47,2015/10/01 02:32:21,33732.000000
planetlab5.csee.usf.edu,planetlab3.rutgers.edu,file1MB.txt,2015/10/01 02:32:21,2015/10/01 02:33:30,69068.000000
planetlab1.emich.edu,planetlab3.rutgers.edu,file32B.txt,2015/10/01 02:33:30,2015/10/01 02:33:30,154.000000
planetlab1.emich.edu,planetlab3.rutgers.edu,file1KB.txt,2015/10/01 02:33:30,2015/10/01 02:33:30,180.000000
planetlab1.emich.edu,planetlab3.rutgers.edu,file256KB.txt,2015/10/01 02:33:30,2015/10/01 02:33:44,14849.000000
planetlab1.emich.edu,planetlab3.rutgers.edu,file512KB.txt,2015/10/01 02:33:44,2015/10/01 02:34:10,25856.000000
planetlab1.emich.edu,planetlab3.rutgers.edu,file1MB.txt,2015/10/01 02:34:10,2015/10/01 02:35:02,51540.000000
ebb.colgate.edu,planetlab3.rutgers.edu,file32B.txt,2015/10/01 02:35:02,2015/10/01 02:35:03,1654.000000
ebb.colgate.edu,planetlab3.rutgers.edu,file1KB.txt,2015/10/01 02:35:03,2015/10/01 02:35:03,135.000000
ebb.colgate.edu,planetlab3.rutgers.edu,file256KB.txt,2015/10/01 02:35:03,2015/10/01 02:35:16,12390.000000
ebb.colgate.edu,planetlab3.rutgers.edu,file512KB.txt,2015/10/01 02:35:16,2015/10/01 02:35:41,25350.000000
ebb.colgate.edu,planetlab3.rutgers.edu,file1MB.txt,2015/10/01 02:35:41,2015/10/01 02:36:40,59096.000000
kc-sce-plab2.umkc.edu,planetlab3.rutgers.edu,file32B.txt,2015/10/01 02:36:40,2015/10/01 02:36:40,219.000000
kc-sce-plab2.umkc.edu,planetlab3.rutgers.edu,file1KB.txt,2015/10/01 02:36:40,2015/10/01 02:36:40,254.000000
kc-sce-plab2.umkc.edu,planetlab3.rutgers.edu,file256KB.txt,2015/10/01 02:36:40,2015/10/01 02:37:38,58262.000000
kc-sce-plab2.umkc.edu,planetlab3.rutgers.edu,file512KB.txt,2015/10/01 02:37:38,2015/10/01 02:38:36,58286.000000
kc-sce-plab2.umkc.edu,planetlab3.rutgers.edu,file1MB.txt,2015/10/01 02:38:36,2015/10/01 02:39:49,72683.000000
node1.planetlab.mathcs.emory.edu,planetlab3.rutgers.edu,file32B.txt,2015/10/01 02:39:49,2015/10/01 02:39:49,129.000000
node1.planetlab.mathcs.emory.edu,planetlab3.rutgers.edu,file1KB.txt,2015/10/01 02:39:49,2015/10/01 02:39:49,146.000000
node1.planetlab.mathcs.emory.edu,planetlab3.rutgers.edu,file256KB.txt,2015/10/01 02:39:49,2015/10/01 02:40:00,11138.000000
node1.planetlab.mathcs.emory.edu,planetlab3.rutgers.edu,file512KB.txt,2015/10/01 02:40:00,2015/10/01 02:40:22,22466.000000
node1.planetlab.mathcs.emory.edu,planetlab3.rutgers.edu,file1MB.txt,2015/10/01 02:40:22,2015/10/01 02:41:05,43210.000000
pl1.cs.montana.edu,planetlab3.rutgers.edu,file32B.txt,2015/10/01 02:41:05,2015/10/01 02:41:05,682.000000
pl1.cs.montana.edu,planetlab3.rutgers.edu,file1KB.txt,2015/10/01 02:41:05,2015/10/01 02:41:06,1201.000000
pl1.cs.montana.edu,planetlab3.rutgers.edu,file256KB.txt,2015/10/01 02:41:06,2015/10/01 02:42:04,57592.000000
pl1.cs.montana.edu,planetlab3.rutgers.edu,file512KB.txt,2015/10/01 02:42:04,2015/10/01 02:44:01,117724.000000
pl1.cs.montana.edu,planetlab3.rutgers.edu,file1MB.txt,2015/10/01 02:44:01,2015/10/01 02:47:53,232087.000000
plab3.eece.ksu.edu,planetlab3.rutgers.edu,file32B.txt,2015/10/01 02:48:14,2015/10/01 02:48:14,237.000000
plab3.eece.ksu.edu,planetlab3.rutgers.edu,file1KB.txt,2015/10/01 02:48:14,2015/10/01 02:48:14,272.000000
plab3.eece.ksu.edu,planetlab3.rutgers.edu,file256KB.txt,2015/10/01 02:48:14,2015/10/01 02:48:34,20211.000000
plab3.eece.ksu.edu,planetlab3.rutgers.edu,file512KB.txt,2015/10/01 02:48:34,2015/10/01 02:49:13,38612.000000
plab3.eece.ksu.edu,planetlab3.rutgers.edu,file1MB.txt,2015/10/01 02:49:13,2015/10/01 02:50:32,79314.000000
planet3.cc.gt.atl.ga.us,planetlab3.rutgers.edu,file32B.txt,2015/10/01 02:50:32,2015/10/01 02:50:32,172.000000
planet3.cc.gt.atl.ga.us,planetlab3.rutgers.edu,file1KB.txt,2015/10/01 02:50:32,2015/10/01 02:50:32,145.000000
planet3.cc.gt.atl.ga.us,planetlab3.rutgers.edu,file256KB.txt,2015/10/01 02:50:32,2015/10/01 02:50:43,11378.000000
planet3.cc.gt.atl.ga.us,planetlab3.rutgers.edu,file512KB.txt,2015/10/01 02:50:43,2015/10/01 02:51:04,20706.000000
planet3.cc.gt.atl.ga.us,planetlab3.rutgers.edu,file1MB.txt,2015/10/01 02:51:04,2015/10/01 02:51:47,43591.000000
planetlab-02.bu.edu,planetlab3.rutgers.edu,file32B.txt,2015/10/01 02:51:47,2015/10/01 02:51:47,129.000000
planetlab-02.bu.edu,planetlab3.rutgers.edu,file1KB.txt,2015/10/01 02:51:47,2015/10/01 02:51:47,151.000000
planetlab-02.bu.edu,planetlab3.rutgers.edu,file256KB.txt,2015/10/01 02:51:47,2015/10/01 02:51:57,9793.000000
planetlab-02.bu.edu,planetlab3.rutgers.edu,file512KB.txt,2015/10/01 02:51:57,2015/10/01 02:52:16,19340.000000
planetlab-02.bu.edu,planetlab3.rutgers.edu,file1MB.txt,2015/10/01 02:52:16,2015/10/01 02:52:54,37778.000000
planetlab1.clemson.edu,planetlab3.rutgers.edu,file32B.txt,2015/10/01 02:53:15,2015/10/01 02:53:15,139.000000
planetlab1.clemson.edu,planetlab3.rutgers.edu,file1KB.txt,2015/10/01 02:53:15,2015/10/01 02:53:16,1833.000000
planetlab1.clemson.edu,planetlab3.rutgers.edu,file256KB.txt,2015/10/01 02:53:16,2015/10/01 02:53:27,10232.000000
planetlab1.clemson.edu,planetlab3.rutgers.edu,file512KB.txt,2015/10/01 02:53:27,2015/10/01 02:53:51,24708.000000
planetlab1.clemson.edu,planetlab3.rutgers.edu,file1MB.txt,2015/10/01 02:53:51,2015/10/01 02:54:38,47042.000000
planetlab1.cs.du.edu,planetlab3.rutgers.edu,file32B.txt,2015/10/01 02:54:38,2015/10/01 02:54:38,286.000000
planetlab1.cs.du.edu,planetlab3.rutgers.edu,file1KB.txt,2015/10/01 02:54:38,2015/10/01 02:54:38,330.000000
planetlab1.cs.du.edu,planetlab3.rutgers.edu,file256KB.txt,2015/10/01 02:54:38,2015/10/01 02:55:02,23992.000000
planetlab1.cs.du.edu,planetlab3.rutgers.edu,file512KB.txt,2015/10/01 02:55:02,2015/10/01 02:55:50,47856.000000
planetlab1.cs.du.edu,planetlab3.rutgers.edu,file1MB.txt,2015/10/01 02:55:50,2015/10/01 02:57:27,96902.000000
planetlab-1.cse.ohio-state.edu,planetlab3.rutgers.edu,file32B.txt,2015/10/01 02:57:27,2015/10/01 02:57:34,7491.000000
planetlab-1.cse.ohio-state.edu,planetlab3.rutgers.edu,file1KB.txt,2015/10/01 02:57:34,2015/10/01 02:57:42,7984.000000
planetlab-1.cse.ohio-state.edu,planetlab3.rutgers.edu,file256KB.txt,2015/10/01 02:57:42,2015/10/01 03:36:14,1982937.000000
planetlab-1.cse.ohio-state.edu,planetlab3.rutgers.edu,file512KB.txt,2015/10/01 03:36:14,2015/10/01 04:18:55,-1733948.000000
planetlab1.cs.okstate.edu,planetlab3.rutgers.edu,file32B.txt,2015/10/01 04:19:16,2015/10/01 04:19:16,345.000000
planetlab1.cs.okstate.edu,planetlab3.rutgers.edu,file1KB.txt,2015/10/01 04:19:16,2015/10/01 04:19:17,1632.000000
planetlab1.cs.okstate.edu,planetlab3.rutgers.edu,file256KB.txt,2015/10/01 04:19:17,2015/10/01 04:19:42,24783.000000
planetlab1.cs.okstate.edu,planetlab3.rutgers.edu,file512KB.txt,2015/10/01 04:19:42,2015/10/01 04:20:32,49791.000000
