planetlab1.unr.edu,planetlab1.cs.du.edu,file32B.txt,2015/09/30 21:04:30,2015/09/30 21:04:31,1548.000000
planetlab1.unr.edu,planetlab1.cs.du.edu,file1KB.txt,2015/09/30 21:04:31,2015/09/30 21:04:31,407.000000
planetlab1.unr.edu,planetlab1.cs.du.edu,file256KB.txt,2015/09/30 21:04:31,2015/09/30 21:04:57,26225.000000
planetlab1.unr.edu,planetlab1.cs.du.edu,file512KB.txt,2015/09/30 21:04:57,2015/09/30 21:05:48,50446.000000
planetlab1.unr.edu,planetlab1.cs.du.edu,file1MB.txt,2015/09/30 21:05:48,2015/09/30 21:07:31,103508.000000
pl2.cs.unm.edu,planetlab1.cs.du.edu,file32B.txt,2015/09/30 21:07:31,2015/09/30 21:07:31,503.000000
pl2.cs.unm.edu,planetlab1.cs.du.edu,file1KB.txt,2015/09/30 21:07:31,2015/09/30 21:07:32,1620.000000
pl2.cs.unm.edu,planetlab1.cs.du.edu,file256KB.txt,2015/09/30 21:07:32,2015/09/30 21:08:00,27925.000000
pl2.cs.unm.edu,planetlab1.cs.du.edu,file512KB.txt,2015/09/30 21:08:00,2015/09/30 21:08:56,56161.000000
pl2.cs.unm.edu,planetlab1.cs.du.edu,file1MB.txt,2015/09/30 21:08:56,2015/09/30 21:10:47,110244.000000
planetlab2.cnis.nyit.edu,planetlab1.cs.du.edu,file32B.txt,2015/09/30 21:10:47,2015/09/30 21:10:48,1513.000000
planetlab2.cnis.nyit.edu,planetlab1.cs.du.edu,file1KB.txt,2015/09/30 21:10:48,2015/09/30 21:10:48,439.000000
planetlab2.cnis.nyit.edu,planetlab1.cs.du.edu,file256KB.txt,2015/09/30 21:10:49,2015/09/30 21:11:21,31878.000000
planetlab2.cnis.nyit.edu,planetlab1.cs.du.edu,file512KB.txt,2015/09/30 21:11:21,2015/09/30 21:12:23,61495.000000
planetlab2.cnis.nyit.edu,planetlab1.cs.du.edu,file1MB.txt,2015/09/30 21:12:23,2015/09/30 21:14:36,133611.000000
planetlab2.rutgers.edu,planetlab1.cs.du.edu,file32B.txt,2015/09/30 21:14:36,2015/09/30 21:14:40,3955.000000
planetlab2.rutgers.edu,planetlab1.cs.du.edu,file1KB.txt,2015/09/30 21:14:40,2015/09/30 21:14:48,8142.000000
planetlab2.rutgers.edu,planetlab1.cs.du.edu,file256KB.txt,2015/09/30 21:14:48,2015/09/30 21:25:27,-638198.000000
planetlab2.rutgers.edu,planetlab1.cs.du.edu,file512KB.txt,2015/09/30 21:25:27,2015/09/30 22:07:07,-1794121.000000
planetlab2.rutgers.edu,planetlab1.cs.du.edu,file1MB.txt,2015/09/30 22:07:07,2015/09/30 23:21:57,194706.000000
planetlab2.cs.du.edu,planetlab1.cs.du.edu,file32B.txt,2015/09/30 23:21:57,2015/09/30 23:21:57,9.000000
planetlab2.cs.du.edu,planetlab1.cs.du.edu,file1KB.txt,2015/09/30 23:21:57,2015/09/30 23:21:57,7.000000
planetlab2.cs.du.edu,planetlab1.cs.du.edu,file256KB.txt,2015/09/30 23:21:57,2015/09/30 23:21:57,156.000000
planetlab2.cs.du.edu,planetlab1.cs.du.edu,file512KB.txt,2015/09/30 23:21:57,2015/09/30 23:21:57,289.000000
planetlab2.cs.du.edu,planetlab1.cs.du.edu,file1MB.txt,2015/09/30 23:21:57,2015/09/30 23:21:59,2092.000000
planetlab2.ucsd.edu,planetlab1.cs.du.edu,file32B.txt,2015/09/30 23:22:00,2015/09/30 23:22:01,1523.000000
planetlab2.ucsd.edu,planetlab1.cs.du.edu,file1KB.txt,2015/09/30 23:22:01,2015/09/30 23:22:01,380.000000
planetlab2.ucsd.edu,planetlab1.cs.du.edu,file256KB.txt,2015/09/30 23:22:01,2015/09/30 23:22:29,28126.000000
planetlab2.ucsd.edu,planetlab1.cs.du.edu,file512KB.txt,2015/09/30 23:22:29,2015/09/30 23:23:24,54734.000000
planetlab2.ucsd.edu,planetlab1.cs.du.edu,file1MB.txt,2015/09/30 23:23:24,2015/09/30 23:25:15,111679.000000
planetlab3.cs.uoregon.edu,planetlab1.cs.du.edu,file32B.txt,2015/09/30 23:25:15,2015/09/30 23:25:15,251.000000
planetlab3.cs.uoregon.edu,planetlab1.cs.du.edu,file1KB.txt,2015/09/30 23:25:15,2015/09/30 23:25:15,293.000000
planetlab3.cs.uoregon.edu,planetlab1.cs.du.edu,file256KB.txt,2015/09/30 23:25:15,2015/09/30 23:25:32,16798.000000
planetlab3.cs.uoregon.edu,planetlab1.cs.du.edu,file512KB.txt,2015/09/30 23:25:32,2015/09/30 23:26:06,33933.000000
planetlab3.cs.uoregon.edu,planetlab1.cs.du.edu,file1MB.txt,2015/09/30 23:26:06,2015/09/30 23:27:15,69689.000000
planetlab-01.bu.edu,planetlab1.cs.du.edu,file32B.txt,2015/09/30 23:27:16,2015/09/30 23:27:16,406.000000
planetlab-01.bu.edu,planetlab1.cs.du.edu,file1KB.txt,2015/09/30 23:27:16,2015/09/30 23:27:17,1534.000000
planetlab-01.bu.edu,planetlab1.cs.du.edu,file256KB.txt,2015/09/30 23:27:17,2015/09/30 23:27:47,30418.000000
planetlab-01.bu.edu,planetlab1.cs.du.edu,file512KB.txt,2015/09/30 23:27:47,2015/09/30 23:28:46,58782.000000
planetlab-01.bu.edu,planetlab1.cs.du.edu,file1MB.txt,2015/09/30 23:28:46,2015/09/30 23:30:42,115321.000000
planetlab4.cnds.jhu.edu,planetlab1.cs.du.edu,file32B.txt,2015/09/30 23:30:42,2015/09/30 23:30:43,1600.000000
planetlab4.cnds.jhu.edu,planetlab1.cs.du.edu,file1KB.txt,2015/09/30 23:30:43,2015/09/30 23:30:43,354.000000
planetlab4.cnds.jhu.edu,planetlab1.cs.du.edu,file256KB.txt,2015/09/30 23:30:43,2015/09/30 23:31:06,23579.000000
planetlab4.cnds.jhu.edu,planetlab1.cs.du.edu,file512KB.txt,2015/09/30 23:31:06,2015/09/30 23:31:50,43311.000000
planetlab4.cnds.jhu.edu,planetlab1.cs.du.edu,file1MB.txt,2015/09/30 23:31:50,2015/09/30 23:33:19,88931.000000
planetlabtwo.ccs.neu.edu,planetlab1.cs.du.edu,file32B.txt,2015/09/30 23:33:19,2015/09/30 23:33:21,2504.000000
planetlabtwo.ccs.neu.edu,planetlab1.cs.du.edu,file1KB.txt,2015/09/30 23:33:21,2015/09/30 23:33:21,634.000000
planetlabtwo.ccs.neu.edu,planetlab1.cs.du.edu,file256KB.txt,2015/09/30 23:33:21,2015/09/30 23:34:26,65423.000000
planetlabtwo.ccs.neu.edu,planetlab1.cs.du.edu,file512KB.txt,2015/09/30 23:34:26,2015/09/30 23:36:41,134907.000000
planetlabtwo.ccs.neu.edu,planetlab1.cs.du.edu,file1MB.txt,2015/09/30 23:36:41,2015/09/30 23:38:38,117302.000000
planetlab1.cs.purdue.edu,planetlab1.cs.du.edu,file32B.txt,2015/09/30 23:38:38,2015/09/30 23:38:39,1242.000000
planetlab1.cs.purdue.edu,planetlab1.cs.du.edu,file1KB.txt,2015/09/30 23:38:39,2015/09/30 23:38:41,1775.000000
planetlab1.cs.purdue.edu,planetlab1.cs.du.edu,file256KB.txt,2015/09/30 23:38:41,2015/09/30 23:47:08,-506478.000000
planetlab1.cs.purdue.edu,planetlab1.cs.du.edu,file512KB.txt,2015/09/30 23:47:08,2015/10/01 00:19:30,1942330.000000
planetlab1.cs.purdue.edu,planetlab1.cs.du.edu,file1MB.txt,2015/10/01 00:19:30,2015/10/01 01:10:23,1241694.000000
planetlab2.tsuniv.edu,planetlab1.cs.du.edu,file32B.txt,2015/10/01 01:10:23,2015/10/01 01:10:25,2071.000000
planetlab2.tsuniv.edu,planetlab1.cs.du.edu,file1KB.txt,2015/10/01 01:10:25,2015/10/01 01:10:28,3321.000000
planetlab2.tsuniv.edu,planetlab1.cs.du.edu,file256KB.txt,2015/10/01 01:10:28,2015/10/01 01:11:33,64996.000000
planetlab2.tsuniv.edu,planetlab1.cs.du.edu,file512KB.txt,2015/10/01 01:11:33,2015/10/01 01:12:56,82268.000000
planetlab2.tsuniv.edu,planetlab1.cs.du.edu,file1MB.txt,2015/10/01 01:12:56,2015/10/01 01:22:00,543867.000000
planetlab1.tsuniv.edu,planetlab1.cs.du.edu,file32B.txt,2015/10/01 01:22:00,2015/10/01 01:22:02,2762.000000
planetlab1.tsuniv.edu,planetlab1.cs.du.edu,file1KB.txt,2015/10/01 01:22:02,2015/10/01 01:22:02,421.000000
planetlab1.tsuniv.edu,planetlab1.cs.du.edu,file256KB.txt,2015/10/01 01:22:02,2015/10/01 01:22:49,46880.000000
planetlab1.tsuniv.edu,planetlab1.cs.du.edu,file512KB.txt,2015/10/01 01:22:49,2015/10/01 01:26:14,204902.000000
planetlab1.tsuniv.edu,planetlab1.cs.du.edu,file1MB.txt,2015/10/01 01:26:14,2015/10/01 01:31:38,323824.000000
planetlab3.ucsd.edu,planetlab1.cs.du.edu,file32B.txt,2015/10/01 01:31:38,2015/10/01 01:31:39,1407.000000
planetlab3.ucsd.edu,planetlab1.cs.du.edu,file1KB.txt,2015/10/01 01:31:39,2015/10/01 01:31:39,390.000000
planetlab3.ucsd.edu,planetlab1.cs.du.edu,file256KB.txt,2015/10/01 01:31:39,2015/10/01 01:32:08,29761.000000
planetlab3.ucsd.edu,planetlab1.cs.du.edu,file512KB.txt,2015/10/01 01:32:08,2015/10/01 01:33:04,55768.000000
planetlab3.ucsd.edu,planetlab1.cs.du.edu,file1MB.txt,2015/10/01 01:33:04,2015/10/01 01:34:56,111844.000000
node2.planetlab.mathcs.emory.edu,planetlab1.cs.du.edu,file32B.txt,2015/10/01 01:34:56,2015/10/01 01:34:57,1693.000000
node2.planetlab.mathcs.emory.edu,planetlab1.cs.du.edu,file1KB.txt,2015/10/01 01:34:57,2015/10/01 01:34:57,427.000000
node2.planetlab.mathcs.emory.edu,planetlab1.cs.du.edu,file256KB.txt,2015/10/01 01:34:57,2015/10/01 01:35:20,23006.000000
node2.planetlab.mathcs.emory.edu,planetlab1.cs.du.edu,file512KB.txt,2015/10/01 01:35:20,2015/10/01 01:36:04,43932.000000
node2.planetlab.mathcs.emory.edu,planetlab1.cs.du.edu,file1MB.txt,2015/10/01 01:36:04,2015/10/01 01:37:34,90268.000000
planetlab5.csee.usf.edu,planetlab1.cs.du.edu,file32B.txt,2015/10/01 01:37:34,2015/10/01 01:37:34,396.000000
planetlab5.csee.usf.edu,planetlab1.cs.du.edu,file1KB.txt,2015/10/01 01:37:34,2015/10/01 01:37:35,1378.000000
planetlab5.csee.usf.edu,planetlab1.cs.du.edu,file256KB.txt,2015/10/01 01:37:35,2015/10/01 01:38:04,29153.000000
planetlab5.csee.usf.edu,planetlab1.cs.du.edu,file512KB.txt,2015/10/01 01:38:04,2015/10/01 01:39:01,56779.000000
planetlab5.csee.usf.edu,planetlab1.cs.du.edu,file1MB.txt,2015/10/01 01:39:01,2015/10/01 01:40:55,113823.000000
ebb.colgate.edu,planetlab1.cs.du.edu,file32B.txt,2015/10/01 01:40:55,2015/10/01 01:40:56,1408.000000
ebb.colgate.edu,planetlab1.cs.du.edu,file1KB.txt,2015/10/01 01:40:56,2015/10/01 01:40:56,368.000000
ebb.colgate.edu,planetlab1.cs.du.edu,file256KB.txt,2015/10/01 01:40:56,2015/10/01 01:41:25,29670.000000
ebb.colgate.edu,planetlab1.cs.du.edu,file512KB.txt,2015/10/01 01:41:25,2015/10/01 01:42:21,55688.000000
ebb.colgate.edu,planetlab1.cs.du.edu,file1MB.txt,2015/10/01 01:42:21,2015/10/01 01:44:14,112525.000000
kc-sce-plab2.umkc.edu,planetlab1.cs.du.edu,file32B.txt,2015/10/01 01:44:15,2015/10/01 01:44:17,2183.000000
kc-sce-plab2.umkc.edu,planetlab1.cs.du.edu,file1KB.txt,2015/10/01 01:44:17,2015/10/01 01:44:17,442.000000
kc-sce-plab2.umkc.edu,planetlab1.cs.du.edu,file256KB.txt,2015/10/01 01:44:17,2015/10/01 01:44:35,17564.000000
kc-sce-plab2.umkc.edu,planetlab1.cs.du.edu,file512KB.txt,2015/10/01 01:44:35,2015/10/01 01:45:44,69895.000000
kc-sce-plab2.umkc.edu,planetlab1.cs.du.edu,file1MB.txt,2015/10/01 01:45:44,2015/10/01 01:47:40,115275.000000
node1.planetlab.mathcs.emory.edu,planetlab1.cs.du.edu,file32B.txt,2015/10/01 01:47:40,2015/10/01 01:47:43,3438.000000
node1.planetlab.mathcs.emory.edu,planetlab1.cs.du.edu,file1KB.txt,2015/10/01 01:47:43,2015/10/01 01:47:45,1396.000000
node1.planetlab.mathcs.emory.edu,planetlab1.cs.du.edu,file256KB.txt,2015/10/01 01:47:45,2015/10/01 01:48:09,24744.000000
node1.planetlab.mathcs.emory.edu,planetlab1.cs.du.edu,file512KB.txt,2015/10/01 01:48:09,2015/10/01 01:48:53,43915.000000
node1.planetlab.mathcs.emory.edu,planetlab1.cs.du.edu,file1MB.txt,2015/10/01 01:48:53,2015/10/01 01:50:24,90669.000000
pl1.cs.montana.edu,planetlab1.cs.du.edu,file32B.txt,2015/10/01 01:50:34,2015/10/01 01:50:34,625.000000
pl1.cs.montana.edu,planetlab1.cs.du.edu,file1KB.txt,2015/10/01 01:50:34,2015/10/01 01:50:35,1352.000000
pl1.cs.montana.edu,planetlab1.cs.du.edu,file256KB.txt,2015/10/01 01:50:35,2015/10/01 01:51:12,36821.000000
pl1.cs.montana.edu,planetlab1.cs.du.edu,file512KB.txt,2015/10/01 01:51:12,2015/10/01 01:52:23,71024.000000
pl1.cs.montana.edu,planetlab1.cs.du.edu,file1MB.txt,2015/10/01 01:52:23,2015/10/01 01:54:45,141991.000000
plab3.eece.ksu.edu,planetlab1.cs.du.edu,file32B.txt,2015/10/01 01:55:06,2015/10/01 01:55:06,280.000000
plab3.eece.ksu.edu,planetlab1.cs.du.edu,file1KB.txt,2015/10/01 01:55:06,2015/10/01 01:55:07,1641.000000
plab3.eece.ksu.edu,planetlab1.cs.du.edu,file256KB.txt,2015/10/01 01:55:07,2015/10/01 01:55:27,20198.000000
plab3.eece.ksu.edu,planetlab1.cs.du.edu,file512KB.txt,2015/10/01 01:55:27,2015/10/01 01:56:06,38932.000000
plab3.eece.ksu.edu,planetlab1.cs.du.edu,file1MB.txt,2015/10/01 01:56:06,2015/10/01 01:57:24,78153.000000
planet3.cc.gt.atl.ga.us,planetlab1.cs.du.edu,file32B.txt,2015/10/01 01:57:24,2015/10/01 01:57:24,373.000000
planet3.cc.gt.atl.ga.us,planetlab1.cs.du.edu,file1KB.txt,2015/10/01 01:57:24,2015/10/01 01:57:24,349.000000
planet3.cc.gt.atl.ga.us,planetlab1.cs.du.edu,file256KB.txt,2015/10/01 01:57:24,2015/10/01 01:57:46,21991.000000
planet3.cc.gt.atl.ga.us,planetlab1.cs.du.edu,file512KB.txt,2015/10/01 01:57:46,2015/10/01 01:58:30,44270.000000
planet3.cc.gt.atl.ga.us,planetlab1.cs.du.edu,file1MB.txt,2015/10/01 01:58:30,2015/10/01 01:59:57,86877.000000
planetlab-02.bu.edu,planetlab1.cs.du.edu,file32B.txt,2015/10/01 01:59:57,2015/10/01 01:59:58,1605.000000
planetlab-02.bu.edu,planetlab1.cs.du.edu,file1KB.txt,2015/10/01 01:59:58,2015/10/01 01:59:58,493.000000
planetlab-02.bu.edu,planetlab1.cs.du.edu,file256KB.txt,2015/10/01 01:59:58,2015/10/01 02:00:28,30277.000000
planetlab-02.bu.edu,planetlab1.cs.du.edu,file512KB.txt,2015/10/01 02:00:28,2015/10/01 02:01:26,57747.000000
planetlab-02.bu.edu,planetlab1.cs.du.edu,file1MB.txt,2015/10/01 02:01:26,2015/10/01 02:03:25,119540.000000
planetlab1.clemson.edu,planetlab1.cs.du.edu,file32B.txt,2015/10/01 02:03:48,2015/10/01 02:03:48,417.000000
planetlab1.clemson.edu,planetlab1.cs.du.edu,file1KB.txt,2015/10/01 02:03:48,2015/10/01 02:03:48,316.000000
planetlab1.clemson.edu,planetlab1.cs.du.edu,file256KB.txt,2015/10/01 02:03:48,2015/10/01 02:04:11,22872.000000
planetlab1.clemson.edu,planetlab1.cs.du.edu,file512KB.txt,2015/10/01 02:04:11,2015/10/01 02:04:58,47912.000000
planetlab1.clemson.edu,planetlab1.cs.du.edu,file1MB.txt,2015/10/01 02:04:58,2015/10/01 02:06:30,91214.000000
planetlab1.cs.du.edu,planetlab1.cs.du.edu,file32B.txt,2015/10/01 02:06:31,2015/10/01 02:06:31,1.000000
planetlab1.cs.du.edu,planetlab1.cs.du.edu,file1KB.txt,2015/10/01 02:06:31,2015/10/01 02:06:31,1.000000
planetlab1.cs.du.edu,planetlab1.cs.du.edu,file256KB.txt,2015/10/01 02:06:31,2015/10/01 02:06:31,31.000000
planetlab1.cs.du.edu,planetlab1.cs.du.edu,file512KB.txt,2015/10/01 02:06:31,2015/10/01 02:06:31,50.000000
planetlab1.cs.du.edu,planetlab1.cs.du.edu,file1MB.txt,2015/10/01 02:06:31,2015/10/01 02:06:31,99.000000
planetlab-1.cse.ohio-state.edu,planetlab1.cs.du.edu,file32B.txt,2015/10/01 02:06:31,2015/10/01 02:06:36,5560.000000
planetlab-1.cse.ohio-state.edu,planetlab1.cs.du.edu,file1KB.txt,2015/10/01 02:06:36,2015/10/01 02:06:40,4182.000000
planetlab-1.cse.ohio-state.edu,planetlab1.cs.du.edu,file256KB.txt,2015/10/01 02:06:40,2015/10/01 02:19:17,-756360.000000
planetlab-1.cse.ohio-state.edu,planetlab1.cs.du.edu,file512KB.txt,2015/10/01 02:19:17,2015/10/01 02:47:54,1717762.000000
