planetlab1.unr.edu,planetlab2.temple.edu,file32B.txt,2015/09/30 21:12:41,2015/09/30 21:12:41,520.000000
planetlab1.unr.edu,planetlab2.temple.edu,file1KB.txt,2015/09/30 21:12:41,2015/09/30 21:12:42,1557.000000
planetlab1.unr.edu,planetlab2.temple.edu,file256KB.txt,2015/09/30 21:12:42,2015/09/30 21:13:14,31521.000000
planetlab1.unr.edu,planetlab2.temple.edu,file512KB.txt,2015/09/30 21:13:14,2015/09/30 21:14:19,65356.000000
planetlab1.unr.edu,planetlab2.temple.edu,file1MB.txt,2015/09/30 21:14:19,2015/09/30 21:16:28,128298.000000
pl2.cs.unm.edu,planetlab2.temple.edu,file32B.txt,2015/09/30 21:16:28,2015/09/30 21:16:29,1510.000000
pl2.cs.unm.edu,planetlab2.temple.edu,file1KB.txt,2015/09/30 21:16:29,2015/09/30 21:16:29,415.000000
pl2.cs.unm.edu,planetlab2.temple.edu,file256KB.txt,2015/09/30 21:16:29,2015/09/30 21:16:58,29708.000000
pl2.cs.unm.edu,planetlab2.temple.edu,file512KB.txt,2015/09/30 21:16:58,2015/09/30 21:17:53,54454.000000
pl2.cs.unm.edu,planetlab2.temple.edu,file1MB.txt,2015/09/30 21:17:53,2015/09/30 21:19:45,112141.000000
planetlab2.cnis.nyit.edu,planetlab2.temple.edu,file32B.txt,2015/09/30 21:19:45,2015/09/30 21:19:45,131.000000
planetlab2.cnis.nyit.edu,planetlab2.temple.edu,file1KB.txt,2015/09/30 21:19:45,2015/09/30 21:19:45,127.000000
planetlab2.cnis.nyit.edu,planetlab2.temple.edu,file256KB.txt,2015/09/30 21:19:45,2015/09/30 21:19:54,9471.000000
planetlab2.cnis.nyit.edu,planetlab2.temple.edu,file512KB.txt,2015/09/30 21:19:54,2015/09/30 21:20:11,16935.000000
planetlab2.cnis.nyit.edu,planetlab2.temple.edu,file1MB.txt,2015/09/30 21:20:11,2015/09/30 21:20:46,-34586.000000
planetlab2.rutgers.edu,planetlab2.temple.edu,file32B.txt,2015/09/30 21:20:46,2015/09/30 21:20:52,6206.000000
planetlab2.rutgers.edu,planetlab2.temple.edu,file1KB.txt,2015/09/30 21:20:52,2015/09/30 21:21:07,15078.000000
planetlab2.rutgers.edu,planetlab2.temple.edu,file256KB.txt,2015/09/30 21:21:07,2015/09/30 21:43:17,1330301.000000
planetlab2.rutgers.edu,planetlab2.temple.edu,file512KB.txt,2015/09/30 21:43:17,2015/09/30 22:22:01,-1970999.000000
planetlab2.rutgers.edu,planetlab2.temple.edu,file1MB.txt,2015/09/30 22:22:01,2015/09/30 23:19:46,830387.000000
planetlab2.ucsd.edu,planetlab2.temple.edu,file32B.txt,2015/09/30 23:19:46,2015/09/30 23:19:47,1361.000000
planetlab2.ucsd.edu,planetlab2.temple.edu,file1KB.txt,2015/09/30 23:19:47,2015/09/30 23:19:48,1448.000000
planetlab2.ucsd.edu,planetlab2.temple.edu,file256KB.txt,2015/09/30 23:19:48,2015/09/30 23:20:28,39509.000000
planetlab2.ucsd.edu,planetlab2.temple.edu,file512KB.txt,2015/09/30 23:20:28,2015/09/30 23:21:48,80482.000000
planetlab2.ucsd.edu,planetlab2.temple.edu,file1MB.txt,2015/09/30 23:21:48,2015/09/30 23:24:34,165811.000000
planetlab3.cs.uoregon.edu,planetlab2.temple.edu,file32B.txt,2015/09/30 23:24:34,2015/09/30 23:24:34,629.000000
planetlab3.cs.uoregon.edu,planetlab2.temple.edu,file1KB.txt,2015/09/30 23:24:34,2015/09/30 23:24:35,1225.000000
planetlab3.cs.uoregon.edu,planetlab2.temple.edu,file256KB.txt,2015/09/30 23:24:35,2015/09/30 23:25:21,46451.000000
planetlab3.cs.uoregon.edu,planetlab2.temple.edu,file512KB.txt,2015/09/30 23:25:21,2015/09/30 23:26:52,90402.000000
planetlab3.cs.uoregon.edu,planetlab2.temple.edu,file1MB.txt,2015/09/30 23:26:52,2015/09/30 23:29:54,182207.000000
planetlab-01.bu.edu,planetlab2.temple.edu,file32B.txt,2015/09/30 23:29:54,2015/09/30 23:29:54,161.000000
planetlab-01.bu.edu,planetlab2.temple.edu,file1KB.txt,2015/09/30 23:29:54,2015/09/30 23:29:54,147.000000
planetlab-01.bu.edu,planetlab2.temple.edu,file256KB.txt,2015/09/30 23:29:54,2015/09/30 23:30:05,11483.000000
planetlab-01.bu.edu,planetlab2.temple.edu,file512KB.txt,2015/09/30 23:30:05,2015/09/30 23:30:26,20594.000000
planetlab-01.bu.edu,planetlab2.temple.edu,file1MB.txt,2015/09/30 23:30:26,2015/09/30 23:31:08,41879.000000
planetlab4.cnds.jhu.edu,planetlab2.temple.edu,file32B.txt,2015/09/30 23:31:08,2015/09/30 23:31:09,1923.000000
planetlab4.cnds.jhu.edu,planetlab2.temple.edu,file1KB.txt,2015/09/30 23:31:09,2015/09/30 23:31:09,89.000000
planetlab4.cnds.jhu.edu,planetlab2.temple.edu,file256KB.txt,2015/09/30 23:31:09,2015/09/30 23:31:13,3491.000000
planetlab4.cnds.jhu.edu,planetlab2.temple.edu,file512KB.txt,2015/09/30 23:31:13,2015/09/30 23:31:22,9379.000000
planetlab4.cnds.jhu.edu,planetlab2.temple.edu,file1MB.txt,2015/09/30 23:31:22,2015/09/30 23:31:40,17961.000000
planetlabtwo.ccs.neu.edu,planetlab2.temple.edu,file32B.txt,2015/09/30 23:31:40,2015/09/30 23:31:40,102.000000
planetlabtwo.ccs.neu.edu,planetlab2.temple.edu,file1KB.txt,2015/09/30 23:31:40,2015/09/30 23:31:40,77.000000
planetlabtwo.ccs.neu.edu,planetlab2.temple.edu,file256KB.txt,2015/09/30 23:31:40,2015/09/30 23:31:52,12106.000000
planetlabtwo.ccs.neu.edu,planetlab2.temple.edu,file512KB.txt,2015/09/30 23:31:52,2015/09/30 23:32:23,30399.000000
planetlabtwo.ccs.neu.edu,planetlab2.temple.edu,file1MB.txt,2015/09/30 23:32:23,2015/09/30 23:33:25,62373.000000
planetlab1.cs.purdue.edu,planetlab2.temple.edu,file32B.txt,2015/09/30 23:33:25,2015/09/30 23:33:26,895.000000
planetlab1.cs.purdue.edu,planetlab2.temple.edu,file1KB.txt,2015/09/30 23:33:26,2015/09/30 23:33:27,947.000000
planetlab1.cs.purdue.edu,planetlab2.temple.edu,file256KB.txt,2015/09/30 23:33:27,2015/09/30 23:36:09,162454.000000
planetlab1.cs.purdue.edu,planetlab2.temple.edu,file512KB.txt,2015/09/30 23:36:09,2015/09/30 23:49:38,-808786.000000
planetlab1.cs.purdue.edu,planetlab2.temple.edu,file1MB.txt,2015/09/30 23:49:38,2015/10/01 00:49:36,-696769.000000
planetlab2.tsuniv.edu,planetlab2.temple.edu,file32B.txt,2015/10/01 00:49:36,2015/10/01 00:49:37,736.000000
planetlab2.tsuniv.edu,planetlab2.temple.edu,file1KB.txt,2015/10/01 00:49:37,2015/10/01 00:49:39,1820.000000
planetlab2.tsuniv.edu,planetlab2.temple.edu,file256KB.txt,2015/10/01 00:49:39,2015/10/01 00:53:30,231163.000000
planetlab2.tsuniv.edu,planetlab2.temple.edu,file512KB.txt,2015/10/01 00:53:30,2015/10/01 01:01:46,-496078.000000
planetlab2.tsuniv.edu,planetlab2.temple.edu,file1MB.txt,2015/10/01 01:01:46,2015/10/01 01:11:45,598904.000000
planetlab1.tsuniv.edu,planetlab2.temple.edu,file32B.txt,2015/10/01 01:11:45,2015/10/01 01:11:45,283.000000
planetlab1.tsuniv.edu,planetlab2.temple.edu,file1KB.txt,2015/10/01 01:11:45,2015/10/01 01:11:46,1687.000000
planetlab1.tsuniv.edu,planetlab2.temple.edu,file256KB.txt,2015/10/01 01:11:46,2015/10/01 01:12:43,56274.000000
planetlab1.tsuniv.edu,planetlab2.temple.edu,file512KB.txt,2015/10/01 01:12:43,2015/10/01 01:15:47,184460.000000
planetlab1.tsuniv.edu,planetlab2.temple.edu,file1MB.txt,2015/10/01 01:15:47,2015/10/01 01:18:26,159059.000000
planetlab3.ucsd.edu,planetlab2.temple.edu,file32B.txt,2015/10/01 01:18:26,2015/10/01 01:18:26,554.000000
planetlab3.ucsd.edu,planetlab2.temple.edu,file1KB.txt,2015/10/01 01:18:26,2015/10/01 01:18:27,1347.000000
planetlab3.ucsd.edu,planetlab2.temple.edu,file256KB.txt,2015/10/01 01:18:27,2015/10/01 01:19:08,40798.000000
planetlab3.ucsd.edu,planetlab2.temple.edu,file512KB.txt,2015/10/01 01:19:08,2015/10/01 01:20:30,82111.000000
planetlab3.ucsd.edu,planetlab2.temple.edu,file1MB.txt,2015/10/01 01:20:30,2015/10/01 01:23:14,164542.000000
node2.planetlab.mathcs.emory.edu,planetlab2.temple.edu,file32B.txt,2015/10/01 01:23:14,2015/10/01 01:23:14,162.000000
node2.planetlab.mathcs.emory.edu,planetlab2.temple.edu,file1KB.txt,2015/10/01 01:23:14,2015/10/01 01:23:15,1815.000000
node2.planetlab.mathcs.emory.edu,planetlab2.temple.edu,file256KB.txt,2015/10/01 01:23:15,2015/10/01 01:23:25,10016.000000
node2.planetlab.mathcs.emory.edu,planetlab2.temple.edu,file512KB.txt,2015/10/01 01:23:25,2015/10/01 01:23:44,20157.000000
node2.planetlab.mathcs.emory.edu,planetlab2.temple.edu,file1MB.txt,2015/10/01 01:23:44,2015/10/01 01:24:24,38189.000000
planetlab5.csee.usf.edu,planetlab2.temple.edu,file32B.txt,2015/10/01 01:24:24,2015/10/01 01:24:25,1741.000000
planetlab5.csee.usf.edu,planetlab2.temple.edu,file1KB.txt,2015/10/01 01:24:25,2015/10/01 01:24:25,316.000000
planetlab5.csee.usf.edu,planetlab2.temple.edu,file256KB.txt,2015/10/01 01:24:25,2015/10/01 01:24:42,16873.000000
planetlab5.csee.usf.edu,planetlab2.temple.edu,file512KB.txt,2015/10/01 01:24:42,2015/10/01 01:25:18,36230.000000
planetlab5.csee.usf.edu,planetlab2.temple.edu,file1MB.txt,2015/10/01 01:25:18,2015/10/01 01:26:29,71036.000000
planetlab1.emich.edu,planetlab2.temple.edu,file32B.txt,2015/10/01 01:26:29,2015/10/01 01:26:29,201.000000
planetlab1.emich.edu,planetlab2.temple.edu,file1KB.txt,2015/10/01 01:26:29,2015/10/01 01:26:29,214.000000
planetlab1.emich.edu,planetlab2.temple.edu,file256KB.txt,2015/10/01 01:26:29,2015/10/01 01:26:42,12733.000000
planetlab1.emich.edu,planetlab2.temple.edu,file512KB.txt,2015/10/01 01:26:42,2015/10/01 01:27:12,30087.000000
planetlab1.emich.edu,planetlab2.temple.edu,file1MB.txt,2015/10/01 01:27:12,2015/10/01 01:28:05,53357.000000
ebb.colgate.edu,planetlab2.temple.edu,file32B.txt,2015/10/01 01:28:05,2015/10/01 01:28:05,98.000000
ebb.colgate.edu,planetlab2.temple.edu,file1KB.txt,2015/10/01 01:28:05,2015/10/01 01:28:05,89.000000
ebb.colgate.edu,planetlab2.temple.edu,file256KB.txt,2015/10/01 01:28:05,2015/10/01 01:28:16,10840.000000
ebb.colgate.edu,planetlab2.temple.edu,file512KB.txt,2015/10/01 01:28:16,2015/10/01 01:28:36,20433.000000
ebb.colgate.edu,planetlab2.temple.edu,file1MB.txt,2015/10/01 01:28:36,2015/10/01 01:29:18,42227.000000
kc-sce-plab2.umkc.edu,planetlab2.temple.edu,file32B.txt,2015/10/01 01:29:18,2015/10/01 01:29:18,715.000000
kc-sce-plab2.umkc.edu,planetlab2.temple.edu,file1KB.txt,2015/10/01 01:29:18,2015/10/01 01:29:19,1697.000000
kc-sce-plab2.umkc.edu,planetlab2.temple.edu,file256KB.txt,2015/10/01 01:29:19,2015/10/01 01:30:35,75691.000000
kc-sce-plab2.umkc.edu,planetlab2.temple.edu,file512KB.txt,2015/10/01 01:30:35,2015/10/01 01:33:29,173596.000000
kc-sce-plab2.umkc.edu,planetlab2.temple.edu,file1MB.txt,2015/10/01 01:33:29,2015/10/01 01:40:24,415434.000000
node1.planetlab.mathcs.emory.edu,planetlab2.temple.edu,file32B.txt,2015/10/01 01:40:24,2015/10/01 01:40:24,146.000000
node1.planetlab.mathcs.emory.edu,planetlab2.temple.edu,file1KB.txt,2015/10/01 01:40:24,2015/10/01 01:40:24,160.000000
node1.planetlab.mathcs.emory.edu,planetlab2.temple.edu,file256KB.txt,2015/10/01 01:40:24,2015/10/01 01:40:34,9962.000000
node1.planetlab.mathcs.emory.edu,planetlab2.temple.edu,file512KB.txt,2015/10/01 01:40:34,2015/10/01 01:40:55,21762.000000
node1.planetlab.mathcs.emory.edu,planetlab2.temple.edu,file1MB.txt,2015/10/01 01:40:55,2015/10/01 01:41:35,39670.000000
pl1.cs.montana.edu,planetlab2.temple.edu,file32B.txt,2015/10/01 01:41:35,2015/10/01 01:41:36,1136.000000
pl1.cs.montana.edu,planetlab2.temple.edu,file1KB.txt,2015/10/01 01:41:36,2015/10/01 01:41:37,1166.000000
pl1.cs.montana.edu,planetlab2.temple.edu,file256KB.txt,2015/10/01 01:41:37,2015/10/01 01:42:37,60010.000000
pl1.cs.montana.edu,planetlab2.temple.edu,file512KB.txt,2015/10/01 01:42:37,2015/10/01 01:44:35,117295.000000
pl1.cs.montana.edu,planetlab2.temple.edu,file1MB.txt,2015/10/01 01:44:35,2015/10/01 01:48:33,238237.000000
plab3.eece.ksu.edu,planetlab2.temple.edu,file32B.txt,2015/10/01 01:48:54,2015/10/01 01:48:55,1600.000000
plab3.eece.ksu.edu,planetlab2.temple.edu,file1KB.txt,2015/10/01 01:48:55,2015/10/01 01:48:55,462.000000
plab3.eece.ksu.edu,planetlab2.temple.edu,file256KB.txt,2015/10/01 01:48:55,2015/10/01 01:49:24,28695.000000
plab3.eece.ksu.edu,planetlab2.temple.edu,file512KB.txt,2015/10/01 01:49:24,2015/10/01 01:50:23,59348.000000
plab3.eece.ksu.edu,planetlab2.temple.edu,file1MB.txt,2015/10/01 01:50:23,2015/10/01 01:52:20,117154.000000
planet3.cc.gt.atl.ga.us,planetlab2.temple.edu,file32B.txt,2015/10/01 01:52:20,2015/10/01 01:52:20,231.000000
planet3.cc.gt.atl.ga.us,planetlab2.temple.edu,file1KB.txt,2015/10/01 01:52:20,2015/10/01 01:52:20,207.000000
planet3.cc.gt.atl.ga.us,planetlab2.temple.edu,file256KB.txt,2015/10/01 01:52:20,2015/10/01 01:52:32,11958.000000
planet3.cc.gt.atl.ga.us,planetlab2.temple.edu,file512KB.txt,2015/10/01 01:52:32,2015/10/01 01:52:53,20913.000000
planet3.cc.gt.atl.ga.us,planetlab2.temple.edu,file1MB.txt,2015/10/01 01:52:53,2015/10/01 01:53:37,44754.000000
planetlab-02.bu.edu,planetlab2.temple.edu,file32B.txt,2015/10/01 01:53:37,2015/10/01 01:53:42,4838.000000
planetlab-02.bu.edu,planetlab2.temple.edu,file1KB.txt,2015/10/01 01:53:42,2015/10/01 01:53:46,3423.000000
planetlab-02.bu.edu,planetlab2.temple.edu,file256KB.txt,2015/10/01 01:53:46,2015/10/01 01:53:57,10984.000000
planetlab-02.bu.edu,planetlab2.temple.edu,file512KB.txt,2015/10/01 01:53:57,2015/10/01 01:54:39,42018.000000
planetlab-02.bu.edu,planetlab2.temple.edu,file1MB.txt,2015/10/01 01:54:39,2015/10/01 01:55:29,50034.000000
planetlab1.clemson.edu,planetlab2.temple.edu,file32B.txt,2015/10/01 01:55:51,2015/10/01 01:55:51,223.000000
planetlab1.clemson.edu,planetlab2.temple.edu,file1KB.txt,2015/10/01 01:55:51,2015/10/01 01:55:51,156.000000
planetlab1.clemson.edu,planetlab2.temple.edu,file256KB.txt,2015/10/01 01:55:51,2015/10/01 01:56:05,14176.000000
planetlab1.clemson.edu,planetlab2.temple.edu,file512KB.txt,2015/10/01 01:56:05,2015/10/01 01:56:27,21626.000000
planetlab1.clemson.edu,planetlab2.temple.edu,file1MB.txt,2015/10/01 01:56:27,2015/10/01 01:57:23,56720.000000
planetlab1.cs.du.edu,planetlab2.temple.edu,file32B.txt,2015/10/01 01:57:23,2015/10/01 01:57:23,318.000000
planetlab1.cs.du.edu,planetlab2.temple.edu,file1KB.txt,2015/10/01 01:57:23,2015/10/01 01:57:23,356.000000
planetlab1.cs.du.edu,planetlab2.temple.edu,file256KB.txt,2015/10/01 01:57:23,2015/10/01 01:57:47,24080.000000
planetlab1.cs.du.edu,planetlab2.temple.edu,file512KB.txt,2015/10/01 01:57:47,2015/10/01 01:58:36,49629.000000
planetlab1.cs.du.edu,planetlab2.temple.edu,file1MB.txt,2015/10/01 01:58:36,2015/10/01 02:00:10,93198.000000
planetlab-1.cse.ohio-state.edu,planetlab2.temple.edu,file32B.txt,2015/10/01 02:00:11,2015/10/01 02:00:13,1766.000000
planetlab-1.cse.ohio-state.edu,planetlab2.temple.edu,file1KB.txt,2015/10/01 02:00:13,2015/10/01 02:00:15,2132.000000
planetlab-1.cse.ohio-state.edu,planetlab2.temple.edu,file256KB.txt,2015/10/01 02:00:15,2015/10/01 02:08:45,-509236.000000
planetlab-1.cse.ohio-state.edu,planetlab2.temple.edu,file512KB.txt,2015/10/01 02:08:45,2015/10/01 02:43:20,2075724.000000
planetlab1.cs.okstate.edu,planetlab2.temple.edu,file32B.txt,2015/10/01 03:29:28,2015/10/01 03:29:28,405.000000
planetlab1.cs.okstate.edu,planetlab2.temple.edu,file1KB.txt,2015/10/01 03:29:28,2015/10/01 03:29:29,1442.000000
planetlab1.cs.okstate.edu,planetlab2.temple.edu,file256KB.txt,2015/10/01 03:29:29,2015/10/01 03:29:59,29934.000000
planetlab1.cs.okstate.edu,planetlab2.temple.edu,file512KB.txt,2015/10/01 03:29:59,2015/10/01 03:30:59,60031.000000
planetlab1.cs.okstate.edu,planetlab2.temple.edu,file1MB.txt,2015/10/01 03:30:59,2015/10/01 03:33:00,121199.000000
planetlab1.cs.ucla.edu,planetlab2.temple.edu,file32B.txt,2015/10/01 03:33:00,2015/10/01 03:33:00,552.000000
planetlab1.cs.ucla.edu,planetlab2.temple.edu,file1KB.txt,2015/10/01 03:33:00,2015/10/01 03:33:01,1379.000000
planetlab1.cs.ucla.edu,planetlab2.temple.edu,file256KB.txt,2015/10/01 03:33:01,2015/10/01 03:33:41,39945.000000
planetlab1.cs.ucla.edu,planetlab2.temple.edu,file512KB.txt,2015/10/01 03:33:41,2015/10/01 03:34:59,77693.000000
planetlab1.cs.ucla.edu,planetlab2.temple.edu,file1MB.txt,2015/10/01 03:34:59,2015/10/01 03:37:35,156753.000000
planetlab1.csuohio.edu,planetlab2.temple.edu,file32B.txt,2015/10/01 03:37:35,2015/10/01 03:37:35,183.000000
planetlab1.csuohio.edu,planetlab2.temple.edu,file1KB.txt,2015/10/01 03:37:35,2015/10/01 03:37:35,150.000000
planetlab1.csuohio.edu,planetlab2.temple.edu,file256KB.txt,2015/10/01 03:37:35,2015/10/01 03:37:47,11580.000000
planetlab1.csuohio.edu,planetlab2.temple.edu,file512KB.txt,2015/10/01 03:37:47,2015/10/01 03:38:12,24946.000000
planetlab1.csuohio.edu,planetlab2.temple.edu,file1MB.txt,2015/10/01 03:38:12,2015/10/01 03:38:57,45084.000000
planetlab1.emich.edu,planetlab2.temple.edu,file32B.txt,2015/10/01 03:38:57,2015/10/01 03:38:58,1840.000000
planetlab1.emich.edu,planetlab2.temple.edu,file1KB.txt,2015/10/01 03:38:58,2015/10/01 03:38:58,183.000000
planetlab1.emich.edu,planetlab2.temple.edu,file256KB.txt,2015/10/01 03:38:58,2015/10/01 03:39:13,14906.000000
planetlab1.emich.edu,planetlab2.temple.edu,file512KB.txt,2015/10/01 03:39:13,2015/10/01 03:39:43,29946.000000
planetlab1.emich.edu,planetlab2.temple.edu,file1MB.txt,2015/10/01 03:39:43,2015/10/01 03:40:36,52835.000000
planetlab1.ucsd.edu,planetlab2.temple.edu,file32B.txt,2015/10/01 03:40:57,2015/10/01 03:40:58,1351.000000
planetlab1.ucsd.edu,planetlab2.temple.edu,file1KB.txt,2015/10/01 03:40:58,2015/10/01 03:40:58,706.000000
planetlab1.ucsd.edu,planetlab2.temple.edu,file256KB.txt,2015/10/01 03:40:58,2015/10/01 03:41:39,41866.000000
planetlab1.ucsd.edu,planetlab2.temple.edu,file512KB.txt,2015/10/01 03:41:39,2015/10/01 03:43:00,81078.000000
planetlab1.ucsd.edu,planetlab2.temple.edu,file1MB.txt,2015/10/01 03:43:00,2015/10/01 03:45:45,164552.000000
planetlab2.acis.ufl.edu,planetlab2.temple.edu,file32B.txt,2015/10/01 03:45:45,2015/10/01 03:45:45,273.000000
planetlab2.acis.ufl.edu,planetlab2.temple.edu,file1KB.txt,2015/10/01 03:45:45,2015/10/01 03:45:45,244.000000
planetlab2.acis.ufl.edu,planetlab2.temple.edu,file256KB.txt,2015/10/01 03:45:45,2015/10/01 03:46:03,18384.000000
planetlab2.acis.ufl.edu,planetlab2.temple.edu,file512KB.txt,2015/10/01 03:46:03,2015/10/01 03:46:41,38027.000000
planetlab2.acis.ufl.edu,planetlab2.temple.edu,file1MB.txt,2015/10/01 03:46:41,2015/10/01 03:47:58,77232.000000
planetlab2.arizona-gigapop.net,planetlab2.temple.edu,file32B.txt,2015/10/01 03:47:58,2015/10/01 03:47:58,488.000000
planetlab2.arizona-gigapop.net,planetlab2.temple.edu,file1KB.txt,2015/10/01 03:47:58,2015/10/01 03:47:59,1373.000000
planetlab2.arizona-gigapop.net,planetlab2.temple.edu,file256KB.txt,2015/10/01 03:47:59,2015/10/01 03:48:36,37325.000000
planetlab2.arizona-gigapop.net,planetlab2.temple.edu,file512KB.txt,2015/10/01 03:48:36,2015/10/01 03:49:46,69488.000000
planetlab2.arizona-gigapop.net,planetlab2.temple.edu,file1MB.txt,2015/10/01 03:49:46,2015/10/01 03:52:12,146033.000000
planetlab2.citadel.edu,planetlab2.temple.edu,file32B.txt,2015/10/01 03:52:12,2015/10/01 03:52:12,244.000000
planetlab2.citadel.edu,planetlab2.temple.edu,file1KB.txt,2015/10/01 03:52:12,2015/10/01 03:52:13,1724.000000
planetlab2.citadel.edu,planetlab2.temple.edu,file256KB.txt,2015/10/01 03:52:13,2015/10/01 03:52:28,14471.000000
planetlab2.citadel.edu,planetlab2.temple.edu,file512KB.txt,2015/10/01 03:52:28,2015/10/01 03:52:58,30032.000000
planetlab2.citadel.edu,planetlab2.temple.edu,file1MB.txt,2015/10/01 03:52:58,2015/10/01 03:53:58,60122.000000
planetlab2.cs.pitt.edu,planetlab2.temple.edu,file32B.txt,2015/10/01 03:53:58,2015/10/01 03:53:58,145.000000
planetlab2.cs.pitt.edu,planetlab2.temple.edu,file1KB.txt,2015/10/01 03:53:58,2015/10/01 03:53:58,148.000000
planetlab2.cs.pitt.edu,planetlab2.temple.edu,file256KB.txt,2015/10/01 03:53:58,2015/10/01 03:54:14,16511.000000
planetlab2.cs.pitt.edu,planetlab2.temple.edu,file512KB.txt,2015/10/01 03:54:14,2015/10/01 03:54:29,15013.000000
planetlab2.cs.pitt.edu,planetlab2.temple.edu,file1MB.txt,2015/10/01 03:54:29,2015/10/01 03:55:02,32551.000000
planetlab2.cs.purdue.edu,planetlab2.temple.edu,file32B.txt,2015/10/01 03:55:02,2015/10/01 03:55:03,1430.000000
planetlab2.cs.purdue.edu,planetlab2.temple.edu,file1KB.txt,2015/10/01 03:55:03,2015/10/01 03:55:04,992.000000
planetlab2.cs.purdue.edu,planetlab2.temple.edu,file256KB.txt,2015/10/01 03:55:04,2015/10/01 03:56:00,55656.000000
planetlab2.cs.purdue.edu,planetlab2.temple.edu,file512KB.txt,2015/10/01 03:56:00,2015/10/01 03:56:56,55805.000000
planetlab2.cs.purdue.edu,planetlab2.temple.edu,file1MB.txt,2015/10/01 03:56:56,2015/10/01 03:59:02,126893.000000
planetlab2.cs.uml.edu,planetlab2.temple.edu,file32B.txt,2015/10/01 03:59:44,2015/10/01 03:59:44,134.000000
planetlab2.cs.uml.edu,planetlab2.temple.edu,file1KB.txt,2015/10/01 03:59:44,2015/10/01 03:59:44,148.000000
planetlab2.cs.uml.edu,planetlab2.temple.edu,file256KB.txt,2015/10/01 03:59:44,2015/10/01 03:59:51,6836.000000
planetlab2.cs.uml.edu,planetlab2.temple.edu,file512KB.txt,2015/10/01 03:59:51,2015/10/01 04:00:05,13891.000000
planetlab2.cs.uml.edu,planetlab2.temple.edu,file1MB.txt,2015/10/01 04:00:05,2015/10/01 04:00:34,29453.000000
planetlab2.cs.unc.edu,planetlab2.temple.edu,file32B.txt,2015/10/01 04:00:34,2015/10/01 04:00:34,172.000000
planetlab2.cs.unc.edu,planetlab2.temple.edu,file1KB.txt,2015/10/01 04:00:34,2015/10/01 04:00:34,200.000000
planetlab2.cs.unc.edu,planetlab2.temple.edu,file256KB.txt,2015/10/01 04:00:34,2015/10/01 04:00:44,10057.000000
planetlab2.cs.unc.edu,planetlab2.temple.edu,file512KB.txt,2015/10/01 04:00:44,2015/10/01 04:01:08,24456.000000
planetlab2.cs.unc.edu,planetlab2.temple.edu,file1MB.txt,2015/10/01 04:01:08,2015/10/01 04:01:55,46953.000000
planetlab2.cs.uoregon.edu,planetlab2.temple.edu,file32B.txt,2015/10/01 04:01:55,2015/10/01 04:01:56,1356.000000
planetlab2.cs.uoregon.edu,planetlab2.temple.edu,file1KB.txt,2015/10/01 04:01:56,2015/10/01 04:01:56,726.000000
planetlab2.cs.uoregon.edu,planetlab2.temple.edu,file256KB.txt,2015/10/01 04:01:56,2015/10/01 04:02:42,46185.000000
planetlab2.cs.uoregon.edu,planetlab2.temple.edu,file512KB.txt,2015/10/01 04:02:42,2015/10/01 04:04:16,94285.000000
planetlab2.cs.uoregon.edu,planetlab2.temple.edu,file1MB.txt,2015/10/01 04:04:16,2015/10/01 04:07:18,181994.000000
planetlab2.temple.edu,planetlab2.temple.edu,file32B.txt,2015/10/01 04:07:18,2015/10/01 04:07:18,0.000000
planetlab2.temple.edu,planetlab2.temple.edu,file1KB.txt,2015/10/01 04:07:18,2015/10/01 04:07:18,0.000000
planetlab2.temple.edu,planetlab2.temple.edu,file256KB.txt,2015/10/01 04:07:18,2015/10/01 04:07:18,19.000000
planetlab2.temple.edu,planetlab2.temple.edu,file512KB.txt,2015/10/01 04:07:18,2015/10/01 04:07:18,38.000000
planetlab2.temple.edu,planetlab2.temple.edu,file1MB.txt,2015/10/01 04:07:18,2015/10/01 04:07:18,76.000000
planetlab2.unl.edu,planetlab2.temple.edu,file32B.txt,2015/10/01 04:07:18,2015/10/01 04:07:18,284.000000
planetlab2.unl.edu,planetlab2.temple.edu,file1KB.txt,2015/10/01 04:07:18,2015/10/01 04:07:18,279.000000
planetlab2.unl.edu,planetlab2.temple.edu,file256KB.txt,2015/10/01 04:07:18,2015/10/01 04:07:39,21473.000000
planetlab2.unl.edu,planetlab2.temple.edu,file512KB.txt,2015/10/01 04:07:39,2015/10/01 04:08:24,44928.000000
planetlab2.unl.edu,planetlab2.temple.edu,file1MB.txt,2015/10/01 04:08:24,2015/10/01 04:09:47,83247.000000
planetlab2.unr.edu,planetlab2.temple.edu,file32B.txt,2015/10/01 04:09:47,2015/10/01 04:09:47,452.000000
planetlab2.unr.edu,planetlab2.temple.edu,file1KB.txt,2015/10/01 04:09:47,2015/10/01 04:09:48,1487.000000
planetlab2.unr.edu,planetlab2.temple.edu,file256KB.txt,2015/10/01 04:09:48,2015/10/01 04:10:21,32392.000000
planetlab2.unr.edu,planetlab2.temple.edu,file512KB.txt,2015/10/01 04:10:21,2015/10/01 04:11:29,68791.000000
planetlab2.unr.edu,planetlab2.temple.edu,file1MB.txt,2015/10/01 04:11:29,2015/10/01 04:13:42,132174.000000
planetlab2.uta.edu,planetlab2.temple.edu,file32B.txt,2015/10/01 04:13:42,2015/10/01 04:13:43,1664.000000
planetlab2.uta.edu,planetlab2.temple.edu,file1KB.txt,2015/10/01 04:13:43,2015/10/01 04:13:43,392.000000
planetlab2.uta.edu,planetlab2.temple.edu,file256KB.txt,2015/10/01 04:13:43,2015/10/01 04:14:08,25189.000000
planetlab2.uta.edu,planetlab2.temple.edu,file512KB.txt,2015/10/01 04:14:08,2015/10/01 04:14:58,50246.000000
planetlab2.uta.edu,planetlab2.temple.edu,file1MB.txt,2015/10/01 04:14:58,2015/10/01 04:16:37,98371.000000
planetlab2.utdallas.edu,planetlab2.temple.edu,file32B.txt,2015/10/01 04:16:37,2015/10/01 04:16:38,1670.000000
planetlab2.utdallas.edu,planetlab2.temple.edu,file1KB.txt,2015/10/01 04:16:38,2015/10/01 04:16:38,289.000000
planetlab2.utdallas.edu,planetlab2.temple.edu,file256KB.txt,2015/10/01 04:16:38,2015/10/01 04:17:00,21768.000000
planetlab2.utdallas.edu,planetlab2.temple.edu,file512KB.txt,2015/10/01 04:17:00,2015/10/01 04:17:41,40779.000000
planetlab2.utdallas.edu,planetlab2.temple.edu,file1MB.txt,2015/10/01 04:17:41,2015/10/01 04:19:02,81798.000000
planetlab3.eecs.umich.edu,planetlab2.temple.edu,file32B.txt,2015/10/01 04:19:02,2015/10/01 04:19:02,636.000000
planetlab3.eecs.umich.edu,planetlab2.temple.edu,file1KB.txt,2015/10/01 04:19:02,2015/10/01 04:19:03,1713.000000
planetlab3.eecs.umich.edu,planetlab2.temple.edu,file256KB.txt,2015/10/01 04:19:03,2015/10/01 04:19:18,14221.000000
planetlab3.eecs.umich.edu,planetlab2.temple.edu,file512KB.txt,2015/10/01 04:19:18,2015/10/01 04:19:50,32482.000000
