planetlab1.unr.edu,planetlab-4.eecs.cwru.edu,file32B.txt,2015/09/30 21:13:39,2015/09/30 21:13:40,1136.000000
planetlab1.unr.edu,planetlab-4.eecs.cwru.edu,file1KB.txt,2015/09/30 21:13:40,2015/09/30 21:13:41,1249.000000
planetlab1.unr.edu,planetlab-4.eecs.cwru.edu,file256KB.txt,2015/09/30 21:13:41,2015/09/30 21:14:12,30577.000000
planetlab1.unr.edu,planetlab-4.eecs.cwru.edu,file512KB.txt,2015/09/30 21:14:12,2015/09/30 21:15:15,63744.000000
planetlab1.unr.edu,planetlab-4.eecs.cwru.edu,file1MB.txt,2015/09/30 21:15:15,2015/09/30 21:17:18,122139.000000
pl2.cs.unm.edu,planetlab-4.eecs.cwru.edu,file32B.txt,2015/09/30 21:17:18,2015/09/30 21:17:19,1295.000000
pl2.cs.unm.edu,planetlab-4.eecs.cwru.edu,file1KB.txt,2015/09/30 21:17:19,2015/09/30 21:17:25,6372.000000
pl2.cs.unm.edu,planetlab-4.eecs.cwru.edu,file256KB.txt,2015/09/30 21:17:25,2015/09/30 21:17:52,26778.000000
pl2.cs.unm.edu,planetlab-4.eecs.cwru.edu,file512KB.txt,2015/09/30 21:17:52,2015/09/30 21:18:45,53225.000000
pl2.cs.unm.edu,planetlab-4.eecs.cwru.edu,file1MB.txt,2015/09/30 21:18:45,2015/09/30 21:20:30,104509.000000
planetlab2.cnis.nyit.edu,planetlab-4.eecs.cwru.edu,file32B.txt,2015/09/30 21:20:30,2015/09/30 21:20:31,-845.000000
planetlab2.cnis.nyit.edu,planetlab-4.eecs.cwru.edu,file1KB.txt,2015/09/30 21:20:31,2015/09/30 21:20:33,2746.000000
planetlab2.cnis.nyit.edu,planetlab-4.eecs.cwru.edu,file256KB.txt,2015/09/30 21:20:33,2015/09/30 21:22:13,99992.000000
planetlab2.cnis.nyit.edu,planetlab-4.eecs.cwru.edu,file512KB.txt,2015/09/30 21:22:13,2015/09/30 21:25:37,203538.000000
planetlab2.cnis.nyit.edu,planetlab-4.eecs.cwru.edu,file1MB.txt,2015/09/30 21:25:37,2015/09/30 21:33:12,454929.000000
planetlab2.rutgers.edu,planetlab-4.eecs.cwru.edu,file32B.txt,2015/09/30 21:33:12,2015/09/30 21:33:21,9595.000000
planetlab2.rutgers.edu,planetlab-4.eecs.cwru.edu,file1KB.txt,2015/09/30 21:33:21,2015/09/30 21:33:29,7492.000000
planetlab2.rutgers.edu,planetlab-4.eecs.cwru.edu,file256KB.txt,2015/09/30 21:33:29,2015/09/30 21:55:34,1325369.000000
planetlab2.rutgers.edu,planetlab-4.eecs.cwru.edu,file512KB.txt,2015/09/30 21:55:34,2015/09/30 22:34:49,1940469.000000
planetlab2.rutgers.edu,planetlab-4.eecs.cwru.edu,file1MB.txt,2015/09/30 22:34:49,2015/09/30 23:25:42,-1241838.000000
planetlab2.cs.du.edu,planetlab-4.eecs.cwru.edu,file32B.txt,2015/09/30 23:25:42,2015/09/30 23:25:43,932.000000
planetlab2.cs.du.edu,planetlab-4.eecs.cwru.edu,file1KB.txt,2015/09/30 23:25:43,2015/09/30 23:25:44,1340.000000
planetlab2.cs.du.edu,planetlab-4.eecs.cwru.edu,file256KB.txt,2015/09/30 23:25:44,2015/09/30 23:26:06,21566.000000
planetlab2.cs.du.edu,planetlab-4.eecs.cwru.edu,file512KB.txt,2015/09/30 23:26:06,2015/09/30 23:26:52,46529.000000
planetlab2.cs.du.edu,planetlab-4.eecs.cwru.edu,file1MB.txt,2015/09/30 23:26:52,2015/09/30 23:28:23,90875.000000
planetlab2.ucsd.edu,planetlab-4.eecs.cwru.edu,file32B.txt,2015/09/30 23:28:23,2015/09/30 23:28:24,1339.000000
planetlab2.ucsd.edu,planetlab-4.eecs.cwru.edu,file1KB.txt,2015/09/30 23:28:24,2015/09/30 23:28:24,963.000000
planetlab2.ucsd.edu,planetlab-4.eecs.cwru.edu,file256KB.txt,2015/09/30 23:28:24,2015/09/30 23:29:05,41432.000000
planetlab2.ucsd.edu,planetlab-4.eecs.cwru.edu,file512KB.txt,2015/09/30 23:29:05,2015/09/30 23:30:30,84733.000000
planetlab2.ucsd.edu,planetlab-4.eecs.cwru.edu,file1MB.txt,2015/09/30 23:30:30,2015/09/30 23:33:11,161510.000000
planetlab3.cs.uoregon.edu,planetlab-4.eecs.cwru.edu,file32B.txt,2015/09/30 23:33:11,2015/09/30 23:33:12,1209.000000
planetlab3.cs.uoregon.edu,planetlab-4.eecs.cwru.edu,file1KB.txt,2015/09/30 23:33:12,2015/09/30 23:33:12,879.000000
planetlab3.cs.uoregon.edu,planetlab-4.eecs.cwru.edu,file256KB.txt,2015/09/30 23:33:12,2015/09/30 23:33:57,45876.000000
planetlab3.cs.uoregon.edu,planetlab-4.eecs.cwru.edu,file512KB.txt,2015/09/30 23:33:57,2015/09/30 23:35:24,86160.000000
planetlab3.cs.uoregon.edu,planetlab-4.eecs.cwru.edu,file1MB.txt,2015/09/30 23:35:24,2015/09/30 23:38:19,175878.000000
planetlab-01.bu.edu,planetlab-4.eecs.cwru.edu,file32B.txt,2015/09/30 23:38:19,2015/09/30 23:38:43,23627.000000
planetlab4.cnds.jhu.edu,planetlab-4.eecs.cwru.edu,file32B.txt,2015/09/30 23:39:39,2015/09/30 23:39:45,6448.000000
planetlab4.cnds.jhu.edu,planetlab-4.eecs.cwru.edu,file1KB.txt,2015/09/30 23:39:45,2015/09/30 23:39:46,935.000000
planetlab4.cnds.jhu.edu,planetlab-4.eecs.cwru.edu,file256KB.txt,2015/09/30 23:39:46,2015/09/30 23:39:53,7316.000000
planetlab4.cnds.jhu.edu,planetlab-4.eecs.cwru.edu,file512KB.txt,2015/09/30 23:39:53,2015/09/30 23:40:11,17497.000000
planetlab4.cnds.jhu.edu,planetlab-4.eecs.cwru.edu,file1MB.txt,2015/09/30 23:40:11,2015/09/30 23:40:37,26150.000000
planetlab2.cs.pitt.edu,planetlab-4.eecs.cwru.edu,file32B.txt,2015/09/30 23:40:48,2015/09/30 23:40:51,2775.000000
planetlab2.cs.pitt.edu,planetlab-4.eecs.cwru.edu,file1KB.txt,2015/09/30 23:40:51,2015/09/30 23:41:16,24904.000000
planetlab2.cs.pitt.edu,planetlab-4.eecs.cwru.edu,file256KB.txt,2015/09/30 23:41:16,2015/09/30 23:43:10,114297.000000
planetlab2.cs.pitt.edu,planetlab-4.eecs.cwru.edu,file512KB.txt,2015/09/30 23:43:10,2015/09/30 23:47:21,-250313.000000
planetlab2.cs.pitt.edu,planetlab-4.eecs.cwru.edu,file1MB.txt,2015/09/30 23:47:21,2015/09/30 23:55:12,471604.000000
planetlab-4.eecs.cwru.edu,planetlab-4.eecs.cwru.edu,file32B.txt,2015/09/30 23:55:27,2015/09/30 23:55:27,1.000000
planetlab-4.eecs.cwru.edu,planetlab-4.eecs.cwru.edu,file1KB.txt,2015/09/30 23:55:27,2015/09/30 23:55:27,0.000000
planetlab-4.eecs.cwru.edu,planetlab-4.eecs.cwru.edu,file256KB.txt,2015/09/30 23:55:27,2015/09/30 23:55:27,21.000000
planetlab-4.eecs.cwru.edu,planetlab-4.eecs.cwru.edu,file512KB.txt,2015/09/30 23:55:27,2015/09/30 23:55:27,41.000000
planetlab-4.eecs.cwru.edu,planetlab-4.eecs.cwru.edu,file1MB.txt,2015/09/30 23:55:27,2015/09/30 23:55:27,78.000000
planetlab1.arizona-gigapop.net,planetlab-4.eecs.cwru.edu,file32B.txt,2015/09/30 23:55:27,2015/09/30 23:55:33,6534.000000
planetlab1.arizona-gigapop.net,planetlab-4.eecs.cwru.edu,file1KB.txt,2015/09/30 23:55:33,2015/09/30 23:55:33,793.000000
planetlab1.arizona-gigapop.net,planetlab-4.eecs.cwru.edu,file256KB.txt,2015/09/30 23:55:33,2015/09/30 23:56:07,34638.000000
planetlab1.arizona-gigapop.net,planetlab-4.eecs.cwru.edu,file512KB.txt,2015/09/30 23:56:07,2015/09/30 23:57:27,79955.000000
planetlab1.arizona-gigapop.net,planetlab-4.eecs.cwru.edu,file1MB.txt,2015/09/30 23:57:27,2015/09/30 23:59:55,148268.000000
planetlab1.cs.unc.edu,planetlab-4.eecs.cwru.edu,file32B.txt,2015/09/30 23:59:55,2015/09/30 23:59:55,323.000000
planetlab1.cs.unc.edu,planetlab-4.eecs.cwru.edu,file1KB.txt,2015/09/30 23:59:55,2015/09/30 23:59:55,262.000000
planetlab1.cs.unc.edu,planetlab-4.eecs.cwru.edu,file256KB.txt,2015/09/30 23:59:55,2015/10/01 00:00:06,11138.000000
planetlab1.cs.unc.edu,planetlab-4.eecs.cwru.edu,file512KB.txt,2015/10/01 00:00:06,2015/10/01 00:00:38,32364.000000
planetlab1.cs.unc.edu,planetlab-4.eecs.cwru.edu,file1MB.txt,2015/10/01 00:00:38,2015/10/01 00:01:20,41444.000000
