planetlab1.unr.edu,planetlab2.cs.unc.edu,file32B.txt,2015/09/30 21:12:37,2015/09/30 21:12:38,1394.000000
planetlab1.unr.edu,planetlab2.cs.unc.edu,file1KB.txt,2015/09/30 21:12:38,2015/09/30 21:12:38,609.000000
planetlab1.unr.edu,planetlab2.cs.unc.edu,file256KB.txt,2015/09/30 21:12:38,2015/09/30 21:13:23,45641.000000
planetlab1.unr.edu,planetlab2.cs.unc.edu,file512KB.txt,2015/09/30 21:13:23,2015/09/30 21:14:52,88808.000000
planetlab1.unr.edu,planetlab2.cs.unc.edu,file1MB.txt,2015/09/30 21:14:52,2015/09/30 21:17:48,175743.000000
pl2.cs.unm.edu,planetlab2.cs.unc.edu,file32B.txt,2015/09/30 21:17:48,2015/09/30 21:17:49,1421.000000
pl2.cs.unm.edu,planetlab2.cs.unc.edu,file1KB.txt,2015/09/30 21:17:49,2015/09/30 21:17:50,1397.000000
pl2.cs.unm.edu,planetlab2.cs.unc.edu,file256KB.txt,2015/09/30 21:17:50,2015/09/30 21:18:32,41359.000000
pl2.cs.unm.edu,planetlab2.cs.unc.edu,file512KB.txt,2015/09/30 21:18:32,2015/09/30 21:19:57,85421.000000
pl2.cs.unm.edu,planetlab2.cs.unc.edu,file1MB.txt,2015/09/30 21:19:57,2015/09/30 21:22:45,-167430.000000
planetlab2.cnis.nyit.edu,planetlab2.cs.unc.edu,file32B.txt,2015/09/30 21:22:45,2015/09/30 21:22:46,1681.000000
planetlab2.cnis.nyit.edu,planetlab2.cs.unc.edu,file1KB.txt,2015/09/30 21:22:46,2015/09/30 21:22:46,334.000000
planetlab2.cnis.nyit.edu,planetlab2.cs.unc.edu,file256KB.txt,2015/09/30 21:22:46,2015/09/30 21:23:11,25325.000000
planetlab2.cnis.nyit.edu,planetlab2.cs.unc.edu,file512KB.txt,2015/09/30 21:23:11,2015/09/30 21:23:58,46582.000000
planetlab2.cnis.nyit.edu,planetlab2.cs.unc.edu,file1MB.txt,2015/09/30 21:23:58,2015/09/30 21:25:35,96787.000000
planetlab2.rutgers.edu,planetlab2.cs.unc.edu,file32B.txt,2015/09/30 21:25:35,2015/09/30 21:25:45,10490.000000
planetlab2.rutgers.edu,planetlab2.cs.unc.edu,file1KB.txt,2015/09/30 21:25:45,2015/09/30 21:25:50,4699.000000
planetlab2.rutgers.edu,planetlab2.cs.unc.edu,file256KB.txt,2015/09/30 21:25:50,2015/09/30 21:46:35,1244646.000000
planetlab2.rutgers.edu,planetlab2.cs.unc.edu,file512KB.txt,2015/09/30 21:46:35,2015/09/30 22:27:14,-1855764.000000
planetlab2.rutgers.edu,planetlab2.cs.unc.edu,file1MB.txt,2015/09/30 22:27:14,2015/09/30 23:22:10,998849.000000
planetlab2.cs.du.edu,planetlab2.cs.unc.edu,file32B.txt,2015/09/30 23:22:10,2015/09/30 23:22:10,338.000000
planetlab2.cs.du.edu,planetlab2.cs.unc.edu,file1KB.txt,2015/09/30 23:22:10,2015/09/30 23:22:11,1604.000000
planetlab2.cs.du.edu,planetlab2.cs.unc.edu,file256KB.txt,2015/09/30 23:22:11,2015/09/30 23:22:39,27791.000000
planetlab2.cs.du.edu,planetlab2.cs.unc.edu,file512KB.txt,2015/09/30 23:22:39,2015/09/30 23:23:35,55745.000000
planetlab2.cs.du.edu,planetlab2.cs.unc.edu,file1MB.txt,2015/09/30 23:23:35,2015/09/30 23:25:30,114936.000000
planetlab2.ucsd.edu,planetlab2.cs.unc.edu,file32B.txt,2015/09/30 23:25:30,2015/09/30 23:25:31,1519.000000
planetlab2.ucsd.edu,planetlab2.cs.unc.edu,file1KB.txt,2015/09/30 23:25:31,2015/09/30 23:25:31,556.000000
planetlab2.ucsd.edu,planetlab2.cs.unc.edu,file256KB.txt,2015/09/30 23:25:31,2015/09/30 23:26:14,43007.000000
planetlab2.ucsd.edu,planetlab2.cs.unc.edu,file512KB.txt,2015/09/30 23:26:14,2015/09/30 23:27:36,82232.000000
planetlab2.ucsd.edu,planetlab2.cs.unc.edu,file1MB.txt,2015/09/30 23:27:36,2015/09/30 23:30:19,163004.000000
planetlab3.cs.uoregon.edu,planetlab2.cs.unc.edu,file32B.txt,2015/09/30 23:30:19,2015/09/30 23:30:20,1398.000000
planetlab3.cs.uoregon.edu,planetlab2.cs.unc.edu,file1KB.txt,2015/09/30 23:30:20,2015/09/30 23:30:21,1298.000000
planetlab3.cs.uoregon.edu,planetlab2.cs.unc.edu,file256KB.txt,2015/09/30 23:30:21,2015/09/30 23:31:12,50289.000000
planetlab3.cs.uoregon.edu,planetlab2.cs.unc.edu,file512KB.txt,2015/09/30 23:31:12,2015/09/30 23:32:54,101857.000000
planetlab3.cs.uoregon.edu,planetlab2.cs.unc.edu,file1MB.txt,2015/09/30 23:32:54,2015/09/30 23:37:03,249152.000000
planetlab-01.bu.edu,planetlab2.cs.unc.edu,file32B.txt,2015/09/30 23:37:03,2015/09/30 23:37:03,210.000000
planetlab-01.bu.edu,planetlab2.cs.unc.edu,file1KB.txt,2015/09/30 23:37:03,2015/09/30 23:37:04,1721.000000
planetlab-01.bu.edu,planetlab2.cs.unc.edu,file256KB.txt,2015/09/30 23:37:04,2015/09/30 23:37:21,16578.000000
planetlab-01.bu.edu,planetlab2.cs.unc.edu,file512KB.txt,2015/09/30 23:37:21,2015/09/30 23:37:55,34171.000000
planetlab-01.bu.edu,planetlab2.cs.unc.edu,file1MB.txt,2015/09/30 23:37:55,2015/09/30 23:39:03,68373.000000
planetlab4.cnds.jhu.edu,planetlab2.cs.unc.edu,file32B.txt,2015/09/30 23:39:03,2015/09/30 23:39:03,174.000000
planetlab4.cnds.jhu.edu,planetlab2.cs.unc.edu,file1KB.txt,2015/09/30 23:39:03,2015/09/30 23:39:03,201.000000
planetlab4.cnds.jhu.edu,planetlab2.cs.unc.edu,file256KB.txt,2015/09/30 23:39:03,2015/09/30 23:39:17,14281.000000
planetlab4.cnds.jhu.edu,planetlab2.cs.unc.edu,file512KB.txt,2015/09/30 23:39:17,2015/09/30 23:39:44,26691.000000
planetlab4.cnds.jhu.edu,planetlab2.cs.unc.edu,file1MB.txt,2015/09/30 23:39:44,2015/09/30 23:40:41,56760.000000
planetlabtwo.ccs.neu.edu,planetlab2.cs.unc.edu,file32B.txt,2015/09/30 23:40:41,2015/09/30 23:40:41,209.000000
planetlabtwo.ccs.neu.edu,planetlab2.cs.unc.edu,file1KB.txt,2015/09/30 23:40:41,2015/09/30 23:40:42,1780.000000
planetlabtwo.ccs.neu.edu,planetlab2.cs.unc.edu,file256KB.txt,2015/09/30 23:40:42,2015/09/30 23:40:56,13209.000000
planetlabtwo.ccs.neu.edu,planetlab2.cs.unc.edu,file512KB.txt,2015/09/30 23:40:56,2015/09/30 23:41:25,29272.000000
planetlabtwo.ccs.neu.edu,planetlab2.cs.unc.edu,file1MB.txt,2015/09/30 23:41:25,2015/09/30 23:42:21,56232.000000
planetlab1.cs.purdue.edu,planetlab2.cs.unc.edu,file32B.txt,2015/09/30 23:42:21,2015/09/30 23:42:23,1508.000000
planetlab1.cs.purdue.edu,planetlab2.cs.unc.edu,file1KB.txt,2015/09/30 23:42:23,2015/09/30 23:42:26,3764.000000
planetlab1.cs.purdue.edu,planetlab2.cs.unc.edu,file256KB.txt,2015/09/30 23:42:26,2015/09/30 23:51:34,-547922.000000
planetlab1.cs.purdue.edu,planetlab2.cs.unc.edu,file512KB.txt,2015/09/30 23:51:34,2015/10/01 00:11:41,1206250.000000
planetlab1.cs.purdue.edu,planetlab2.cs.unc.edu,file1MB.txt,2015/10/01 00:11:41,2015/10/01 00:51:25,-1910369.000000
planetlab2.tsuniv.edu,planetlab2.cs.unc.edu,file32B.txt,2015/10/01 00:51:25,2015/10/01 00:51:28,2652.000000
planetlab2.tsuniv.edu,planetlab2.cs.unc.edu,file1KB.txt,2015/10/01 00:51:28,2015/10/01 00:51:31,3143.000000
planetlab2.tsuniv.edu,planetlab2.cs.unc.edu,file256KB.txt,2015/10/01 00:51:31,2015/10/01 00:56:17,-286068.000000
planetlab2.tsuniv.edu,planetlab2.cs.unc.edu,file512KB.txt,2015/10/01 00:56:17,2015/10/01 01:05:30,553061.000000
planetlab2.tsuniv.edu,planetlab2.cs.unc.edu,file1MB.txt,2015/10/01 01:05:30,2015/10/01 01:12:35,424807.000000
planetlab1.tsuniv.edu,planetlab2.cs.unc.edu,file32B.txt,2015/10/01 01:12:35,2015/10/01 01:12:37,2161.000000
planetlab1.tsuniv.edu,planetlab2.cs.unc.edu,file1KB.txt,2015/10/01 01:12:37,2015/10/01 01:12:39,2177.000000
planetlab1.tsuniv.edu,planetlab2.cs.unc.edu,file256KB.txt,2015/10/01 01:12:39,2015/10/01 01:14:31,111614.000000
planetlab1.tsuniv.edu,planetlab2.cs.unc.edu,file512KB.txt,2015/10/01 01:14:31,2015/10/01 01:16:43,132115.000000
planetlab1.tsuniv.edu,planetlab2.cs.unc.edu,file1MB.txt,2015/10/01 01:16:43,2015/10/01 01:19:29,166073.000000
planetlab3.ucsd.edu,planetlab2.cs.unc.edu,file32B.txt,2015/10/01 01:19:29,2015/10/01 01:19:30,1514.000000
planetlab3.ucsd.edu,planetlab2.cs.unc.edu,file1KB.txt,2015/10/01 01:19:30,2015/10/01 01:19:30,571.000000
planetlab3.ucsd.edu,planetlab2.cs.unc.edu,file256KB.txt,2015/10/01 01:19:30,2015/10/01 01:20:12,42470.000000
planetlab3.ucsd.edu,planetlab2.cs.unc.edu,file512KB.txt,2015/10/01 01:20:12,2015/10/01 01:21:33,80226.000000
planetlab3.ucsd.edu,planetlab2.cs.unc.edu,file1MB.txt,2015/10/01 01:21:33,2015/10/01 01:24:17,164175.000000
node2.planetlab.mathcs.emory.edu,planetlab2.cs.unc.edu,file32B.txt,2015/10/01 01:24:17,2015/10/01 01:24:17,109.000000
node2.planetlab.mathcs.emory.edu,planetlab2.cs.unc.edu,file1KB.txt,2015/10/01 01:24:17,2015/10/01 01:24:18,1865.000000
node2.planetlab.mathcs.emory.edu,planetlab2.cs.unc.edu,file256KB.txt,2015/10/01 01:24:18,2015/10/01 01:24:25,6145.000000
node2.planetlab.mathcs.emory.edu,planetlab2.cs.unc.edu,file512KB.txt,2015/10/01 01:24:25,2015/10/01 01:24:42,17676.000000
node2.planetlab.mathcs.emory.edu,planetlab2.cs.unc.edu,file1MB.txt,2015/10/01 01:24:42,2015/10/01 01:25:13,30502.000000
planetlab5.csee.usf.edu,planetlab2.cs.unc.edu,file32B.txt,2015/10/01 01:25:13,2015/10/01 01:25:13,201.000000
planetlab5.csee.usf.edu,planetlab2.cs.unc.edu,file1KB.txt,2015/10/01 01:25:13,2015/10/01 01:25:14,1768.000000
planetlab5.csee.usf.edu,planetlab2.cs.unc.edu,file256KB.txt,2015/10/01 01:25:14,2015/10/01 01:25:30,15522.000000
planetlab5.csee.usf.edu,planetlab2.cs.unc.edu,file512KB.txt,2015/10/01 01:25:30,2015/10/01 01:26:03,33261.000000
planetlab5.csee.usf.edu,planetlab2.cs.unc.edu,file1MB.txt,2015/10/01 01:26:03,2015/10/01 01:27:08,64584.000000
planetlab1.emich.edu,planetlab2.cs.unc.edu,file32B.txt,2015/10/01 01:27:08,2015/10/01 01:27:09,1751.000000
planetlab1.emich.edu,planetlab2.cs.unc.edu,file1KB.txt,2015/10/01 01:27:09,2015/10/01 01:27:09,304.000000
planetlab1.emich.edu,planetlab2.cs.unc.edu,file256KB.txt,2015/10/01 01:27:09,2015/10/01 01:27:30,21211.000000
planetlab1.emich.edu,planetlab2.cs.unc.edu,file512KB.txt,2015/10/01 01:27:30,2015/10/01 01:28:11,40929.000000
planetlab1.emich.edu,planetlab2.cs.unc.edu,file1MB.txt,2015/10/01 01:28:11,2015/10/01 01:29:33,81797.000000
ebb.colgate.edu,planetlab2.cs.unc.edu,file32B.txt,2015/10/01 01:29:33,2015/10/01 01:29:33,236.000000
ebb.colgate.edu,planetlab2.cs.unc.edu,file1KB.txt,2015/10/01 01:29:33,2015/10/01 01:29:33,268.000000
ebb.colgate.edu,planetlab2.cs.unc.edu,file256KB.txt,2015/10/01 01:29:33,2015/10/01 01:29:56,23482.000000
ebb.colgate.edu,planetlab2.cs.unc.edu,file512KB.txt,2015/10/01 01:29:56,2015/10/01 01:30:37,40919.000000
ebb.colgate.edu,planetlab2.cs.unc.edu,file1MB.txt,2015/10/01 01:30:37,2015/10/01 01:32:00,82919.000000
kc-sce-plab2.umkc.edu,planetlab2.cs.unc.edu,file32B.txt,2015/10/01 01:32:00,2015/10/01 01:32:01,796.000000
kc-sce-plab2.umkc.edu,planetlab2.cs.unc.edu,file1KB.txt,2015/10/01 01:32:01,2015/10/01 01:32:04,3810.000000
kc-sce-plab2.umkc.edu,planetlab2.cs.unc.edu,file256KB.txt,2015/10/01 01:32:04,2015/10/01 01:33:55,110853.000000
kc-sce-plab2.umkc.edu,planetlab2.cs.unc.edu,file512KB.txt,2015/10/01 01:33:55,2015/10/01 01:37:32,217055.000000
kc-sce-plab2.umkc.edu,planetlab2.cs.unc.edu,file1MB.txt,2015/10/01 01:37:32,2015/10/01 01:42:15,282266.000000
node1.planetlab.mathcs.emory.edu,planetlab2.cs.unc.edu,file32B.txt,2015/10/01 01:42:15,2015/10/01 01:42:15,134.000000
node1.planetlab.mathcs.emory.edu,planetlab2.cs.unc.edu,file1KB.txt,2015/10/01 01:42:15,2015/10/01 01:42:16,1881.000000
node1.planetlab.mathcs.emory.edu,planetlab2.cs.unc.edu,file256KB.txt,2015/10/01 01:42:16,2015/10/01 01:42:24,7973.000000
node1.planetlab.mathcs.emory.edu,planetlab2.cs.unc.edu,file512KB.txt,2015/10/01 01:42:24,2015/10/01 01:42:39,14201.000000
node1.planetlab.mathcs.emory.edu,planetlab2.cs.unc.edu,file1MB.txt,2015/10/01 01:42:39,2015/10/01 01:43:12,33731.000000
pl1.cs.montana.edu,planetlab2.cs.unc.edu,file32B.txt,2015/10/01 01:43:12,2015/10/01 01:43:13,1083.000000
pl1.cs.montana.edu,planetlab2.cs.unc.edu,file1KB.txt,2015/10/01 01:43:13,2015/10/01 01:43:14,925.000000
pl1.cs.montana.edu,planetlab2.cs.unc.edu,file256KB.txt,2015/10/01 01:43:14,2015/10/01 01:44:43,88887.000000
pl1.cs.montana.edu,planetlab2.cs.unc.edu,file512KB.txt,2015/10/01 01:44:43,2015/10/01 01:47:32,168418.000000
pl1.cs.montana.edu,planetlab2.cs.unc.edu,file1MB.txt,2015/10/01 01:47:32,2015/10/01 01:53:03,331653.000000
plab3.eece.ksu.edu,planetlab2.cs.unc.edu,file32B.txt,2015/10/01 01:53:24,2015/10/01 01:53:24,361.000000
plab3.eece.ksu.edu,planetlab2.cs.unc.edu,file1KB.txt,2015/10/01 01:53:24,2015/10/01 01:53:25,1587.000000
plab3.eece.ksu.edu,planetlab2.cs.unc.edu,file256KB.txt,2015/10/01 01:53:25,2015/10/01 01:53:53,27879.000000
plab3.eece.ksu.edu,planetlab2.cs.unc.edu,file512KB.txt,2015/10/01 01:53:53,2015/10/01 01:54:48,54294.000000
plab3.eece.ksu.edu,planetlab2.cs.unc.edu,file1MB.txt,2015/10/01 01:54:48,2015/10/01 01:56:37,109218.000000
planet3.cc.gt.atl.ga.us,planetlab2.cs.unc.edu,file32B.txt,2015/10/01 01:56:37,2015/10/01 01:56:37,155.000000
planet3.cc.gt.atl.ga.us,planetlab2.cs.unc.edu,file1KB.txt,2015/10/01 01:56:37,2015/10/01 01:56:37,114.000000
planet3.cc.gt.atl.ga.us,planetlab2.cs.unc.edu,file256KB.txt,2015/10/01 01:56:37,2015/10/01 01:56:45,7989.000000
planet3.cc.gt.atl.ga.us,planetlab2.cs.unc.edu,file512KB.txt,2015/10/01 01:56:45,2015/10/01 01:57:01,16005.000000
planet3.cc.gt.atl.ga.us,planetlab2.cs.unc.edu,file1MB.txt,2015/10/01 01:57:01,2015/10/01 01:57:33,32780.000000
planetlab-02.bu.edu,planetlab2.cs.unc.edu,file32B.txt,2015/10/01 01:57:33,2015/10/01 01:57:33,217.000000
planetlab-02.bu.edu,planetlab2.cs.unc.edu,file1KB.txt,2015/10/01 01:57:33,2015/10/01 01:57:33,242.000000
planetlab-02.bu.edu,planetlab2.cs.unc.edu,file256KB.txt,2015/10/01 01:57:33,2015/10/01 01:57:50,17093.000000
planetlab-02.bu.edu,planetlab2.cs.unc.edu,file512KB.txt,2015/10/01 01:57:50,2015/10/01 01:58:24,34168.000000
planetlab-02.bu.edu,planetlab2.cs.unc.edu,file1MB.txt,2015/10/01 01:58:24,2015/10/01 01:59:31,66639.000000
planetlab1.clemson.edu,planetlab2.cs.unc.edu,file32B.txt,2015/10/01 01:59:52,2015/10/01 01:59:53,1847.000000
planetlab1.clemson.edu,planetlab2.cs.unc.edu,file1KB.txt,2015/10/01 01:59:53,2015/10/01 01:59:53,187.000000
planetlab1.clemson.edu,planetlab2.cs.unc.edu,file256KB.txt,2015/10/01 01:59:53,2015/10/01 02:00:05,11685.000000
planetlab1.clemson.edu,planetlab2.cs.unc.edu,file512KB.txt,2015/10/01 02:00:05,2015/10/01 02:00:29,24094.000000
planetlab1.clemson.edu,planetlab2.cs.unc.edu,file1MB.txt,2015/10/01 02:00:29,2015/10/01 02:01:16,46501.000000
planetlab1.cs.du.edu,planetlab2.cs.unc.edu,file32B.txt,2015/10/01 02:01:17,2015/10/01 02:01:17,342.000000
planetlab1.cs.du.edu,planetlab2.cs.unc.edu,file1KB.txt,2015/10/01 02:01:17,2015/10/01 02:01:17,386.000000
planetlab1.cs.du.edu,planetlab2.cs.unc.edu,file256KB.txt,2015/10/01 02:01:17,2015/10/01 02:01:45,27875.000000
planetlab1.cs.du.edu,planetlab2.cs.unc.edu,file512KB.txt,2015/10/01 02:01:45,2015/10/01 02:02:41,55895.000000
planetlab1.cs.du.edu,planetlab2.cs.unc.edu,file1MB.txt,2015/10/01 02:02:41,2015/10/01 02:04:35,114958.000000
planetlab-1.cse.ohio-state.edu,planetlab2.cs.unc.edu,file32B.txt,2015/10/01 02:04:35,2015/10/01 02:04:58,22829.000000
planetlab-1.cse.ohio-state.edu,planetlab2.cs.unc.edu,file1KB.txt,2015/10/01 02:04:58,2015/10/01 02:05:01,3312.000000
planetlab-1.cse.ohio-state.edu,planetlab2.cs.unc.edu,file256KB.txt,2015/10/01 02:05:01,2015/10/01 02:14:55,-593345.000000
planetlab-1.cse.ohio-state.edu,planetlab2.cs.unc.edu,file512KB.txt,2015/10/01 02:14:55,2015/10/01 02:37:42,1367093.000000
planetlab-1.cse.ohio-state.edu,planetlab2.cs.unc.edu,file1MB.txt,2015/10/01 02:37:42,2015/10/01 03:51:11,114135.000000
planetlab1.cs.okstate.edu,planetlab2.cs.unc.edu,file32B.txt,2015/10/01 03:51:11,2015/10/01 03:51:12,1426.000000
planetlab1.cs.okstate.edu,planetlab2.cs.unc.edu,file1KB.txt,2015/10/01 03:51:12,2015/10/01 03:51:12,337.000000
planetlab1.cs.okstate.edu,planetlab2.cs.unc.edu,file256KB.txt,2015/10/01 03:51:12,2015/10/01 03:51:37,25239.000000
planetlab1.cs.okstate.edu,planetlab2.cs.unc.edu,file512KB.txt,2015/10/01 03:51:37,2015/10/01 03:52:26,48210.000000
planetlab1.cs.okstate.edu,planetlab2.cs.unc.edu,file1MB.txt,2015/10/01 03:52:26,2015/10/01 03:54:06,100551.000000
planetlab1.cs.ucla.edu,planetlab2.cs.unc.edu,file32B.txt,2015/10/01 03:54:06,2015/10/01 03:54:06,536.000000
planetlab1.cs.ucla.edu,planetlab2.cs.unc.edu,file1KB.txt,2015/10/01 03:54:06,2015/10/01 03:54:07,1457.000000
planetlab1.cs.ucla.edu,planetlab2.cs.unc.edu,file256KB.txt,2015/10/01 03:54:07,2015/10/01 03:54:46,39010.000000
planetlab1.cs.ucla.edu,planetlab2.cs.unc.edu,file512KB.txt,2015/10/01 03:54:46,2015/10/01 03:56:11,84919.000000
planetlab1.cs.ucla.edu,planetlab2.cs.unc.edu,file1MB.txt,2015/10/01 03:56:11,2015/10/01 03:58:53,161718.000000
planetlab1.csuohio.edu,planetlab2.cs.unc.edu,file32B.txt,2015/10/01 03:58:53,2015/10/01 03:58:54,1697.000000
planetlab1.csuohio.edu,planetlab2.cs.unc.edu,file1KB.txt,2015/10/01 03:58:54,2015/10/01 03:58:54,308.000000
planetlab1.csuohio.edu,planetlab2.cs.unc.edu,file256KB.txt,2015/10/01 03:58:54,2015/10/01 03:59:17,23315.000000
planetlab1.csuohio.edu,planetlab2.cs.unc.edu,file512KB.txt,2015/10/01 03:59:17,2015/10/01 04:00:01,43180.000000
planetlab1.csuohio.edu,planetlab2.cs.unc.edu,file1MB.txt,2015/10/01 04:00:01,2015/10/01 04:01:33,92234.000000
planetlab1.emich.edu,planetlab2.cs.unc.edu,file32B.txt,2015/10/01 04:01:33,2015/10/01 04:01:33,280.000000
planetlab1.emich.edu,planetlab2.cs.unc.edu,file1KB.txt,2015/10/01 04:01:33,2015/10/01 04:01:34,1696.000000
planetlab1.emich.edu,planetlab2.cs.unc.edu,file256KB.txt,2015/10/01 04:01:34,2015/10/01 04:01:55,21164.000000
planetlab1.emich.edu,planetlab2.cs.unc.edu,file512KB.txt,2015/10/01 04:01:55,2015/10/01 04:02:36,40308.000000
planetlab1.emich.edu,planetlab2.cs.unc.edu,file1MB.txt,2015/10/01 04:02:36,2015/10/01 04:03:59,83452.000000
planetlab1.ucsd.edu,planetlab2.cs.unc.edu,file32B.txt,2015/10/01 04:04:20,2015/10/01 04:04:21,1363.000000
planetlab1.ucsd.edu,planetlab2.cs.unc.edu,file1KB.txt,2015/10/01 04:04:21,2015/10/01 04:04:21,565.000000
planetlab1.ucsd.edu,planetlab2.cs.unc.edu,file256KB.txt,2015/10/01 04:04:21,2015/10/01 04:05:03,41840.000000
planetlab1.ucsd.edu,planetlab2.cs.unc.edu,file512KB.txt,2015/10/01 04:05:03,2015/10/01 04:06:25,82732.000000
planetlab1.ucsd.edu,planetlab2.cs.unc.edu,file1MB.txt,2015/10/01 04:06:25,2015/10/01 04:09:11,165371.000000
planetlab2.acis.ufl.edu,planetlab2.cs.unc.edu,file32B.txt,2015/10/01 04:09:11,2015/10/01 04:09:12,1671.000000
planetlab2.acis.ufl.edu,planetlab2.cs.unc.edu,file1KB.txt,2015/10/01 04:09:12,2015/10/01 04:09:12,376.000000
planetlab2.acis.ufl.edu,planetlab2.cs.unc.edu,file256KB.txt,2015/10/01 04:09:12,2015/10/01 04:09:39,26629.000000
planetlab2.acis.ufl.edu,planetlab2.cs.unc.edu,file512KB.txt,2015/10/01 04:09:39,2015/10/01 04:10:33,53889.000000
planetlab2.acis.ufl.edu,planetlab2.cs.unc.edu,file1MB.txt,2015/10/01 04:10:33,2015/10/01 04:12:21,108256.000000
planetlab2.arizona-gigapop.net,planetlab2.cs.unc.edu,file32B.txt,2015/10/01 04:12:21,2015/10/01 04:12:22,1591.000000
planetlab2.arizona-gigapop.net,planetlab2.cs.unc.edu,file1KB.txt,2015/10/01 04:12:22,2015/10/01 04:12:22,473.000000
planetlab2.arizona-gigapop.net,planetlab2.cs.unc.edu,file256KB.txt,2015/10/01 04:12:22,2015/10/01 04:12:57,35408.000000
planetlab2.arizona-gigapop.net,planetlab2.cs.unc.edu,file512KB.txt,2015/10/01 04:12:57,2015/10/01 04:14:05,67125.000000
planetlab2.arizona-gigapop.net,planetlab2.cs.unc.edu,file1MB.txt,2015/10/01 04:14:05,2015/10/01 04:16:22,137088.000000
planetlab2.citadel.edu,planetlab2.cs.unc.edu,file32B.txt,2015/10/01 04:16:22,2015/10/01 04:16:23,1808.000000
planetlab2.citadel.edu,planetlab2.cs.unc.edu,file1KB.txt,2015/10/01 04:16:23,2015/10/01 04:16:23,222.000000
planetlab2.citadel.edu,planetlab2.cs.unc.edu,file256KB.txt,2015/10/01 04:16:23,2015/10/01 04:16:36,13179.000000
planetlab2.citadel.edu,planetlab2.cs.unc.edu,file512KB.txt,2015/10/01 04:16:36,2015/10/01 04:17:01,24752.000000
planetlab2.citadel.edu,planetlab2.cs.unc.edu,file1MB.txt,2015/10/01 04:17:01,2015/10/01 04:17:51,49831.000000
planetlab2.cs.pitt.edu,planetlab2.cs.unc.edu,file32B.txt,2015/10/01 04:17:51,2015/10/01 04:17:51,174.000000
planetlab2.cs.pitt.edu,planetlab2.cs.unc.edu,file1KB.txt,2015/10/01 04:17:51,2015/10/01 04:17:51,179.000000
planetlab2.cs.pitt.edu,planetlab2.cs.unc.edu,file256KB.txt,2015/10/01 04:17:51,2015/10/01 04:18:04,13214.000000
planetlab2.cs.pitt.edu,planetlab2.cs.unc.edu,file512KB.txt,2015/10/01 04:18:04,2015/10/01 04:18:30,26225.000000
planetlab2.cs.pitt.edu,planetlab2.cs.unc.edu,file1MB.txt,2015/10/01 04:18:30,2015/10/01 04:19:22,51802.000000
planetlab2.cs.purdue.edu,planetlab2.cs.unc.edu,file32B.txt,2015/10/01 04:19:22,2015/10/01 04:19:23,1682.000000
planetlab2.cs.purdue.edu,planetlab2.cs.unc.edu,file1KB.txt,2015/10/01 04:19:23,2015/10/01 04:19:23,322.000000
planetlab2.cs.purdue.edu,planetlab2.cs.unc.edu,file256KB.txt,2015/10/01 04:19:23,2015/10/01 04:19:46,22650.000000
planetlab2.cs.purdue.edu,planetlab2.cs.unc.edu,file512KB.txt,2015/10/01 04:19:46,2015/10/01 04:20:42,55821.000000
