planetlab1.unr.edu,planetlab4.tamu.edu,file32B.txt,2015/09/30 21:13:19,2015/09/30 21:13:19,338.000000
planetlab1.unr.edu,planetlab4.tamu.edu,file1KB.txt,2015/09/30 21:13:19,2015/09/30 21:13:19,377.000000
planetlab1.unr.edu,planetlab4.tamu.edu,file256KB.txt,2015/09/30 21:13:19,2015/09/30 21:13:41,21990.000000
planetlab1.unr.edu,planetlab4.tamu.edu,file512KB.txt,2015/09/30 21:13:41,2015/09/30 21:14:25,44224.000000
planetlab1.unr.edu,planetlab4.tamu.edu,file1MB.txt,2015/09/30 21:14:25,2015/09/30 21:15:53,88595.000000
pl2.cs.unm.edu,planetlab4.tamu.edu,file32B.txt,2015/09/30 21:15:53,2015/09/30 21:15:53,720.000000
pl2.cs.unm.edu,planetlab4.tamu.edu,file1KB.txt,2015/09/30 21:15:53,2015/09/30 21:15:54,1569.000000
pl2.cs.unm.edu,planetlab4.tamu.edu,file256KB.txt,2015/09/30 21:15:54,2015/09/30 21:16:22,27375.000000
pl2.cs.unm.edu,planetlab4.tamu.edu,file512KB.txt,2015/09/30 21:16:22,2015/09/30 21:17:20,58183.000000
pl2.cs.unm.edu,planetlab4.tamu.edu,file1MB.txt,2015/09/30 21:17:20,2015/09/30 21:19:14,114117.000000
planetlab2.cnis.nyit.edu,planetlab4.tamu.edu,file32B.txt,2015/09/30 21:19:14,2015/09/30 21:19:14,374.000000
planetlab2.cnis.nyit.edu,planetlab4.tamu.edu,file1KB.txt,2015/09/30 21:19:14,2015/09/30 21:19:15,1576.000000
planetlab2.cnis.nyit.edu,planetlab4.tamu.edu,file256KB.txt,2015/09/30 21:19:15,2015/09/30 21:19:40,24982.000000
planetlab2.cnis.nyit.edu,planetlab4.tamu.edu,file512KB.txt,2015/09/30 21:19:40,2015/09/30 21:20:30,50124.000000
planetlab2.cnis.nyit.edu,planetlab4.tamu.edu,file1MB.txt,2015/09/30 21:20:30,2015/09/30 21:22:13,-102393.000000
planetlab2.rutgers.edu,planetlab4.tamu.edu,file32B.txt,2015/09/30 21:22:13,2015/09/30 21:22:34,20994.000000
planetlab2.rutgers.edu,planetlab4.tamu.edu,file1KB.txt,2015/09/30 21:22:34,2015/09/30 21:22:59,25346.000000
planetlab2.rutgers.edu,planetlab4.tamu.edu,file256KB.txt,2015/09/30 21:22:59,2015/09/30 21:44:47,1307795.000000
planetlab2.rutgers.edu,planetlab4.tamu.edu,file512KB.txt,2015/09/30 21:44:47,2015/09/30 22:27:54,-1707843.000000
planetlab2.rutgers.edu,planetlab4.tamu.edu,file1MB.txt,2015/09/30 22:27:54,2015/09/30 23:23:27,961514.000000
planetlab2.cs.du.edu,planetlab4.tamu.edu,file32B.txt,2015/09/30 23:23:27,2015/09/30 23:23:27,309.000000
planetlab2.cs.du.edu,planetlab4.tamu.edu,file1KB.txt,2015/09/30 23:23:27,2015/09/30 23:23:27,355.000000
planetlab2.cs.du.edu,planetlab4.tamu.edu,file256KB.txt,2015/09/30 23:23:27,2015/09/30 23:23:52,25558.000000
planetlab2.cs.du.edu,planetlab4.tamu.edu,file512KB.txt,2015/09/30 23:23:52,2015/09/30 23:24:44,52093.000000
planetlab2.cs.du.edu,planetlab4.tamu.edu,file1MB.txt,2015/09/30 23:24:44,2015/09/30 23:26:27,102691.000000
planetlab2.ucsd.edu,planetlab4.tamu.edu,file32B.txt,2015/09/30 23:26:27,2015/09/30 23:26:27,263.000000
planetlab2.ucsd.edu,planetlab4.tamu.edu,file1KB.txt,2015/09/30 23:26:27,2015/09/30 23:26:28,1695.000000
planetlab2.ucsd.edu,planetlab4.tamu.edu,file256KB.txt,2015/09/30 23:26:28,2015/09/30 23:26:49,20549.000000
planetlab2.ucsd.edu,planetlab4.tamu.edu,file512KB.txt,2015/09/30 23:26:49,2015/09/30 23:27:32,43333.000000
planetlab2.ucsd.edu,planetlab4.tamu.edu,file1MB.txt,2015/09/30 23:27:32,2015/09/30 23:28:57,85007.000000
planetlab3.cs.uoregon.edu,planetlab4.tamu.edu,file32B.txt,2015/09/30 23:28:57,2015/09/30 23:28:57,436.000000
planetlab3.cs.uoregon.edu,planetlab4.tamu.edu,file1KB.txt,2015/09/30 23:28:57,2015/09/30 23:28:58,1484.000000
planetlab3.cs.uoregon.edu,planetlab4.tamu.edu,file256KB.txt,2015/09/30 23:28:58,2015/09/30 23:29:30,31472.000000
planetlab3.cs.uoregon.edu,planetlab4.tamu.edu,file512KB.txt,2015/09/30 23:29:30,2015/09/30 23:30:35,65495.000000
planetlab3.cs.uoregon.edu,planetlab4.tamu.edu,file1MB.txt,2015/09/30 23:30:35,2015/09/30 23:32:43,127263.000000
planetlab-01.bu.edu,planetlab4.tamu.edu,file32B.txt,2015/09/30 23:32:43,2015/09/30 23:32:44,1633.000000
planetlab-01.bu.edu,planetlab4.tamu.edu,file1KB.txt,2015/09/30 23:32:44,2015/09/30 23:32:44,421.000000
planetlab-01.bu.edu,planetlab4.tamu.edu,file256KB.txt,2015/09/30 23:32:44,2015/09/30 23:33:11,27432.000000
planetlab-01.bu.edu,planetlab4.tamu.edu,file512KB.txt,2015/09/30 23:33:11,2015/09/30 23:34:04,52659.000000
planetlab-01.bu.edu,planetlab4.tamu.edu,file1MB.txt,2015/09/30 23:34:04,2015/09/30 23:35:49,104739.000000
planetlab4.cnds.jhu.edu,planetlab4.tamu.edu,file32B.txt,2015/09/30 23:35:49,2015/09/30 23:35:50,1725.000000
planetlab4.cnds.jhu.edu,planetlab4.tamu.edu,file1KB.txt,2015/09/30 23:35:50,2015/09/30 23:35:50,358.000000
planetlab4.cnds.jhu.edu,planetlab4.tamu.edu,file256KB.txt,2015/09/30 23:35:50,2015/09/30 23:36:12,21735.000000
planetlab4.cnds.jhu.edu,planetlab4.tamu.edu,file512KB.txt,2015/09/30 23:36:12,2015/09/30 23:36:57,45769.000000
planetlab4.cnds.jhu.edu,planetlab4.tamu.edu,file1MB.txt,2015/09/30 23:36:57,2015/09/30 23:38:25,87029.000000
planetlabtwo.ccs.neu.edu,planetlab4.tamu.edu,file32B.txt,2015/09/30 23:38:25,2015/09/30 23:38:26,1650.000000
planetlabtwo.ccs.neu.edu,planetlab4.tamu.edu,file1KB.txt,2015/09/30 23:38:26,2015/09/30 23:38:26,390.000000
planetlabtwo.ccs.neu.edu,planetlab4.tamu.edu,file256KB.txt,2015/09/30 23:38:26,2015/09/30 23:38:51,25401.000000
planetlabtwo.ccs.neu.edu,planetlab4.tamu.edu,file512KB.txt,2015/09/30 23:38:51,2015/09/30 23:39:40,49234.000000
planetlabtwo.ccs.neu.edu,planetlab4.tamu.edu,file1MB.txt,2015/09/30 23:39:40,2015/09/30 23:41:23,102398.000000
planetlab1.cs.purdue.edu,planetlab4.tamu.edu,file32B.txt,2015/09/30 23:41:23,2015/09/30 23:41:28,5057.000000
planetlab1.cs.purdue.edu,planetlab4.tamu.edu,file1KB.txt,2015/09/30 23:41:28,2015/09/30 23:41:35,7093.000000
planetlab1.cs.purdue.edu,planetlab4.tamu.edu,file256KB.txt,2015/09/30 23:41:35,2015/09/30 23:53:58,-743449.000000
planetlab1.cs.purdue.edu,planetlab4.tamu.edu,file512KB.txt,2015/09/30 23:53:58,2015/10/01 00:26:54,1975496.000000
planetlab1.cs.purdue.edu,planetlab4.tamu.edu,file1MB.txt,2015/10/01 00:26:54,2015/10/01 01:12:57,1531942.000000
planetlab2.tsuniv.edu,planetlab4.tamu.edu,file32B.txt,2015/10/01 01:12:57,2015/10/01 01:12:57,396.000000
planetlab2.tsuniv.edu,planetlab4.tamu.edu,file1KB.txt,2015/10/01 01:12:57,2015/10/01 01:12:58,1610.000000
planetlab2.tsuniv.edu,planetlab4.tamu.edu,file256KB.txt,2015/10/01 01:12:58,2015/10/01 01:13:29,30382.000000
planetlab2.tsuniv.edu,planetlab4.tamu.edu,file512KB.txt,2015/10/01 01:13:29,2015/10/01 01:19:55,386837.000000
planetlab2.tsuniv.edu,planetlab4.tamu.edu,file1MB.txt,2015/10/01 01:19:55,2015/10/01 01:28:54,538659.000000
planetlab1.tsuniv.edu,planetlab4.tamu.edu,file32B.txt,2015/10/01 01:28:54,2015/10/01 01:28:55,858.000000
planetlab1.tsuniv.edu,planetlab4.tamu.edu,file1KB.txt,2015/10/01 01:28:55,2015/10/01 01:28:57,2509.000000
planetlab1.tsuniv.edu,planetlab4.tamu.edu,file256KB.txt,2015/10/01 01:28:57,2015/10/01 01:30:41,103284.000000
planetlab1.tsuniv.edu,planetlab4.tamu.edu,file512KB.txt,2015/10/01 01:30:41,2015/10/01 01:31:56,75626.000000
planetlab1.tsuniv.edu,planetlab4.tamu.edu,file1MB.txt,2015/10/01 01:31:56,2015/10/01 01:39:11,434872.000000
planetlab3.ucsd.edu,planetlab4.tamu.edu,file32B.txt,2015/10/01 01:39:11,2015/10/01 01:39:11,317.000000
planetlab3.ucsd.edu,planetlab4.tamu.edu,file1KB.txt,2015/10/01 01:39:11,2015/10/01 01:39:12,1635.000000
planetlab3.ucsd.edu,planetlab4.tamu.edu,file256KB.txt,2015/10/01 01:39:12,2015/10/01 01:39:34,22013.000000
planetlab3.ucsd.edu,planetlab4.tamu.edu,file512KB.txt,2015/10/01 01:39:34,2015/10/01 01:40:17,42110.000000
planetlab3.ucsd.edu,planetlab4.tamu.edu,file1MB.txt,2015/10/01 01:40:17,2015/10/01 01:41:45,88532.000000
node2.planetlab.mathcs.emory.edu,planetlab4.tamu.edu,file32B.txt,2015/10/01 01:41:45,2015/10/01 01:41:46,677.000000
node2.planetlab.mathcs.emory.edu,planetlab4.tamu.edu,file1KB.txt,2015/10/01 01:41:46,2015/10/01 01:41:47,1657.000000
node2.planetlab.mathcs.emory.edu,planetlab4.tamu.edu,file256KB.txt,2015/10/01 01:41:47,2015/10/01 01:42:10,23202.000000
node2.planetlab.mathcs.emory.edu,planetlab4.tamu.edu,file512KB.txt,2015/10/01 01:42:10,2015/10/01 01:42:55,44207.000000
node2.planetlab.mathcs.emory.edu,planetlab4.tamu.edu,file1MB.txt,2015/10/01 01:42:55,2015/10/01 01:44:25,89875.000000
planetlab5.csee.usf.edu,planetlab4.tamu.edu,file32B.txt,2015/10/01 01:44:25,2015/10/01 01:44:26,1693.000000
planetlab5.csee.usf.edu,planetlab4.tamu.edu,file1KB.txt,2015/10/01 01:44:26,2015/10/01 01:44:26,363.000000
planetlab5.csee.usf.edu,planetlab4.tamu.edu,file256KB.txt,2015/10/01 01:44:26,2015/10/01 01:44:47,20769.000000
planetlab5.csee.usf.edu,planetlab4.tamu.edu,file512KB.txt,2015/10/01 01:44:47,2015/10/01 01:45:30,43697.000000
planetlab5.csee.usf.edu,planetlab4.tamu.edu,file1MB.txt,2015/10/01 01:45:30,2015/10/01 01:46:54,83643.000000
planetlab1.emich.edu,planetlab4.tamu.edu,file32B.txt,2015/10/01 01:46:54,2015/10/01 01:46:54,339.000000
planetlab1.emich.edu,planetlab4.tamu.edu,file1KB.txt,2015/10/01 01:46:54,2015/10/01 01:46:55,1629.000000
planetlab1.emich.edu,planetlab4.tamu.edu,file256KB.txt,2015/10/01 01:46:55,2015/10/01 01:47:17,21886.000000
planetlab1.emich.edu,planetlab4.tamu.edu,file512KB.txt,2015/10/01 01:47:17,2015/10/01 01:48:01,44076.000000
planetlab1.emich.edu,planetlab4.tamu.edu,file1MB.txt,2015/10/01 01:48:01,2015/10/01 01:49:28,86364.000000
ebb.colgate.edu,planetlab4.tamu.edu,file32B.txt,2015/10/01 01:49:29,2015/10/01 01:49:29,569.000000
ebb.colgate.edu,planetlab4.tamu.edu,file1KB.txt,2015/10/01 01:49:29,2015/10/01 01:49:29,363.000000
ebb.colgate.edu,planetlab4.tamu.edu,file256KB.txt,2015/10/01 01:49:29,2015/10/01 01:49:59,29993.000000
ebb.colgate.edu,planetlab4.tamu.edu,file512KB.txt,2015/10/01 01:49:59,2015/10/01 01:50:51,52635.000000
ebb.colgate.edu,planetlab4.tamu.edu,file1MB.txt,2015/10/01 01:50:51,2015/10/01 01:52:37,106205.000000
kc-sce-plab2.umkc.edu,planetlab4.tamu.edu,file32B.txt,2015/10/01 01:52:37,2015/10/01 01:52:37,126.000000
kc-sce-plab2.umkc.edu,planetlab4.tamu.edu,file1KB.txt,2015/10/01 01:52:37,2015/10/01 01:52:37,155.000000
kc-sce-plab2.umkc.edu,planetlab4.tamu.edu,file256KB.txt,2015/10/01 01:52:37,2015/10/01 01:52:44,6561.000000
kc-sce-plab2.umkc.edu,planetlab4.tamu.edu,file512KB.txt,2015/10/01 01:52:44,2015/10/01 01:54:04,80660.000000
kc-sce-plab2.umkc.edu,planetlab4.tamu.edu,file1MB.txt,2015/10/01 01:54:04,2015/10/01 01:56:32,147633.000000
node1.planetlab.mathcs.emory.edu,planetlab4.tamu.edu,file32B.txt,2015/10/01 01:56:32,2015/10/01 01:56:32,312.000000
node1.planetlab.mathcs.emory.edu,planetlab4.tamu.edu,file1KB.txt,2015/10/01 01:56:32,2015/10/01 01:56:33,1680.000000
node1.planetlab.mathcs.emory.edu,planetlab4.tamu.edu,file256KB.txt,2015/10/01 01:56:33,2015/10/01 01:56:55,21244.000000
node1.planetlab.mathcs.emory.edu,planetlab4.tamu.edu,file512KB.txt,2015/10/01 01:56:55,2015/10/01 01:57:41,46648.000000
node1.planetlab.mathcs.emory.edu,planetlab4.tamu.edu,file1MB.txt,2015/10/01 01:57:41,2015/10/01 01:59:11,89895.000000
pl1.cs.montana.edu,planetlab4.tamu.edu,file32B.txt,2015/10/01 01:59:11,2015/10/01 01:59:12,1343.000000
pl1.cs.montana.edu,planetlab4.tamu.edu,file1KB.txt,2015/10/01 01:59:12,2015/10/01 01:59:12,719.000000
pl1.cs.montana.edu,planetlab4.tamu.edu,file256KB.txt,2015/10/01 01:59:12,2015/10/01 02:00:00,48465.000000
pl1.cs.montana.edu,planetlab4.tamu.edu,file512KB.txt,2015/10/01 02:00:00,2015/10/01 02:01:34,93554.000000
pl1.cs.montana.edu,planetlab4.tamu.edu,file1MB.txt,2015/10/01 02:01:34,2015/10/01 02:04:43,189720.000000
plab3.eece.ksu.edu,planetlab4.tamu.edu,file32B.txt,2015/10/01 02:05:04,2015/10/01 02:05:04,222.000000
plab3.eece.ksu.edu,planetlab4.tamu.edu,file1KB.txt,2015/10/01 02:05:04,2015/10/01 02:05:04,280.000000
plab3.eece.ksu.edu,planetlab4.tamu.edu,file256KB.txt,2015/10/01 02:05:04,2015/10/01 02:05:13,9191.000000
plab3.eece.ksu.edu,planetlab4.tamu.edu,file512KB.txt,2015/10/01 02:05:13,2015/10/01 02:05:30,16606.000000
plab3.eece.ksu.edu,planetlab4.tamu.edu,file1MB.txt,2015/10/01 02:05:30,2015/10/01 02:06:05,35302.000000
planet3.cc.gt.atl.ga.us,planetlab4.tamu.edu,file32B.txt,2015/10/01 02:06:05,2015/10/01 02:06:05,306.000000
planet3.cc.gt.atl.ga.us,planetlab4.tamu.edu,file1KB.txt,2015/10/01 02:06:05,2015/10/01 02:06:06,1650.000000
planet3.cc.gt.atl.ga.us,planetlab4.tamu.edu,file256KB.txt,2015/10/01 02:06:06,2015/10/01 02:06:28,21431.000000
planet3.cc.gt.atl.ga.us,planetlab4.tamu.edu,file512KB.txt,2015/10/01 02:06:28,2015/10/01 02:07:13,-45311.000000
planet3.cc.gt.atl.ga.us,planetlab4.tamu.edu,file1MB.txt,2015/10/01 02:07:13,2015/10/01 02:08:42,89091.000000
planetlab-02.bu.edu,planetlab4.tamu.edu,file32B.txt,2015/10/01 02:08:42,2015/10/01 02:08:42,368.000000
planetlab-02.bu.edu,planetlab4.tamu.edu,file1KB.txt,2015/10/01 02:08:42,2015/10/01 02:08:43,1580.000000
planetlab-02.bu.edu,planetlab4.tamu.edu,file256KB.txt,2015/10/01 02:08:43,2015/10/01 02:09:09,25395.000000
planetlab-02.bu.edu,planetlab4.tamu.edu,file512KB.txt,2015/10/01 02:09:09,2015/10/01 02:10:03,54380.000000
planetlab-02.bu.edu,planetlab4.tamu.edu,file1MB.txt,2015/10/01 02:10:03,2015/10/01 02:11:50,106887.000000
planetlab1.clemson.edu,planetlab4.tamu.edu,file32B.txt,2015/10/01 02:12:11,2015/10/01 02:12:12,1524.000000
planetlab1.clemson.edu,planetlab4.tamu.edu,file1KB.txt,2015/10/01 02:12:12,2015/10/01 02:12:12,405.000000
planetlab1.clemson.edu,planetlab4.tamu.edu,file256KB.txt,2015/10/01 02:12:12,2015/10/01 02:12:37,24823.000000
planetlab1.clemson.edu,planetlab4.tamu.edu,file512KB.txt,2015/10/01 02:12:37,2015/10/01 02:13:26,49338.000000
planetlab1.clemson.edu,planetlab4.tamu.edu,file1MB.txt,2015/10/01 02:13:26,2015/10/01 02:15:01,95149.000000
planetlab1.cs.du.edu,planetlab4.tamu.edu,file32B.txt,2015/10/01 02:15:01,2015/10/01 02:15:02,1690.000000
planetlab1.cs.du.edu,planetlab4.tamu.edu,file1KB.txt,2015/10/01 02:15:02,2015/10/01 02:15:02,355.000000
planetlab1.cs.du.edu,planetlab4.tamu.edu,file256KB.txt,2015/10/01 02:15:02,2015/10/01 02:15:26,23445.000000
planetlab1.cs.du.edu,planetlab4.tamu.edu,file512KB.txt,2015/10/01 02:15:26,2015/10/01 02:16:15,49306.000000
planetlab1.cs.du.edu,planetlab4.tamu.edu,file1MB.txt,2015/10/01 02:16:15,2015/10/01 02:17:52,96744.000000
planetlab-1.cse.ohio-state.edu,planetlab4.tamu.edu,file32B.txt,2015/10/01 02:17:53,2015/10/01 02:17:59,5633.000000
planetlab-1.cse.ohio-state.edu,planetlab4.tamu.edu,file1KB.txt,2015/10/01 02:17:59,2015/10/01 02:18:03,3689.000000
planetlab-1.cse.ohio-state.edu,planetlab4.tamu.edu,file256KB.txt,2015/10/01 02:18:03,2015/10/01 02:39:18,1275607.000000
planetlab-1.cse.ohio-state.edu,planetlab4.tamu.edu,file512KB.txt,2015/10/01 02:39:18,2015/10/01 03:41:40,553856.000000
