planetlab1.unr.edu,planetlab3.cs.uoregon.edu,file32B.txt,2015/09/30 20:58:51,2015/09/30 20:58:51,301.000000
planetlab1.unr.edu,planetlab3.cs.uoregon.edu,file1KB.txt,2015/09/30 20:58:51,2015/09/30 20:58:51,213.000000
planetlab1.unr.edu,planetlab3.cs.uoregon.edu,file256KB.txt,2015/09/30 20:58:51,2015/09/30 20:59:07,16445.000000
planetlab1.unr.edu,planetlab3.cs.uoregon.edu,file512KB.txt,2015/09/30 20:59:07,2015/09/30 20:59:38,30972.000000
planetlab1.unr.edu,planetlab3.cs.uoregon.edu,file1MB.txt,2015/09/30 20:59:38,2015/09/30 21:00:40,61925.000000
pl2.cs.unm.edu,planetlab3.cs.uoregon.edu,file32B.txt,2015/09/30 21:00:40,2015/09/30 21:00:41,582.000000
pl2.cs.unm.edu,planetlab3.cs.uoregon.edu,file1KB.txt,2015/09/30 21:00:41,2015/09/30 21:00:42,1402.000000
pl2.cs.unm.edu,planetlab3.cs.uoregon.edu,file256KB.txt,2015/09/30 21:00:42,2015/09/30 21:01:26,44004.000000
pl2.cs.unm.edu,planetlab3.cs.uoregon.edu,file512KB.txt,2015/09/30 21:01:26,2015/09/30 21:02:55,88506.000000
pl2.cs.unm.edu,planetlab3.cs.uoregon.edu,file1MB.txt,2015/09/30 21:02:55,2015/09/30 21:05:54,179910.000000
planetlab2.cnis.nyit.edu,planetlab3.cs.uoregon.edu,file32B.txt,2015/09/30 21:05:54,2015/09/30 21:05:54,681.000000
planetlab2.cnis.nyit.edu,planetlab3.cs.uoregon.edu,file1KB.txt,2015/09/30 21:05:54,2015/09/30 21:05:55,1363.000000
planetlab2.cnis.nyit.edu,planetlab3.cs.uoregon.edu,file256KB.txt,2015/09/30 21:05:55,2015/09/30 21:06:41,46111.000000
planetlab2.cnis.nyit.edu,planetlab3.cs.uoregon.edu,file512KB.txt,2015/09/30 21:06:41,2015/09/30 21:08:14,92630.000000
planetlab2.cnis.nyit.edu,planetlab3.cs.uoregon.edu,file1MB.txt,2015/09/30 21:08:14,2015/09/30 21:11:17,183219.000000
planetlab2.rutgers.edu,planetlab3.cs.uoregon.edu,file32B.txt,2015/09/30 21:11:17,2015/09/30 21:11:21,4209.000000
planetlab2.rutgers.edu,planetlab3.cs.uoregon.edu,file1KB.txt,2015/09/30 21:11:21,2015/09/30 21:11:25,3626.000000
planetlab2.rutgers.edu,planetlab3.cs.uoregon.edu,file256KB.txt,2015/09/30 21:11:25,2015/09/30 21:19:01,455620.000000
planetlab2.rutgers.edu,planetlab3.cs.uoregon.edu,file512KB.txt,2015/09/30 21:19:01,2015/09/30 22:02:09,1706070.000000
planetlab2.rutgers.edu,planetlab3.cs.uoregon.edu,file1MB.txt,2015/09/30 22:02:09,2015/09/30 23:11:00,164111.000000
planetlab2.ucsd.edu,planetlab3.cs.uoregon.edu,file32B.txt,2015/09/30 23:11:00,2015/09/30 23:11:00,319.000000
planetlab2.ucsd.edu,planetlab3.cs.uoregon.edu,file1KB.txt,2015/09/30 23:11:00,2015/09/30 23:11:00,196.000000
planetlab2.ucsd.edu,planetlab3.cs.uoregon.edu,file256KB.txt,2015/09/30 23:11:00,2015/09/30 23:11:16,16268.000000
planetlab2.ucsd.edu,planetlab3.cs.uoregon.edu,file512KB.txt,2015/09/30 23:11:16,2015/09/30 23:11:46,30171.000000
planetlab2.ucsd.edu,planetlab3.cs.uoregon.edu,file1MB.txt,2015/09/30 23:11:46,2015/09/30 23:12:42,55896.000000
planetlab3.cs.uoregon.edu,planetlab3.cs.uoregon.edu,file32B.txt,2015/09/30 23:12:42,2015/09/30 23:12:42,4.000000
planetlab3.cs.uoregon.edu,planetlab3.cs.uoregon.edu,file1KB.txt,2015/09/30 23:12:42,2015/09/30 23:12:42,5.000000
planetlab3.cs.uoregon.edu,planetlab3.cs.uoregon.edu,file256KB.txt,2015/09/30 23:12:42,2015/09/30 23:12:42,34.000000
planetlab3.cs.uoregon.edu,planetlab3.cs.uoregon.edu,file512KB.txt,2015/09/30 23:12:42,2015/09/30 23:12:42,55.000000
planetlab3.cs.uoregon.edu,planetlab3.cs.uoregon.edu,file1MB.txt,2015/09/30 23:12:42,2015/09/30 23:12:42,106.000000
planetlab-01.bu.edu,planetlab3.cs.uoregon.edu,file32B.txt,2015/09/30 23:12:42,2015/09/30 23:12:43,1344.000000
planetlab-01.bu.edu,planetlab3.cs.uoregon.edu,file1KB.txt,2015/09/30 23:12:43,2015/09/30 23:12:43,633.000000
planetlab-01.bu.edu,planetlab3.cs.uoregon.edu,file256KB.txt,2015/09/30 23:12:43,2015/09/30 23:13:31,48700.000000
planetlab-01.bu.edu,planetlab3.cs.uoregon.edu,file512KB.txt,2015/09/30 23:13:31,2015/09/30 23:15:04,92926.000000
planetlab-01.bu.edu,planetlab3.cs.uoregon.edu,file1MB.txt,2015/09/30 23:15:04,2015/09/30 23:18:13,189117.000000
planetlab4.cnds.jhu.edu,planetlab3.cs.uoregon.edu,file32B.txt,2015/09/30 23:18:13,2015/09/30 23:18:14,1216.000000
planetlab4.cnds.jhu.edu,planetlab3.cs.uoregon.edu,file1KB.txt,2015/09/30 23:18:14,2015/09/30 23:18:14,682.000000
planetlab4.cnds.jhu.edu,planetlab3.cs.uoregon.edu,file256KB.txt,2015/09/30 23:18:14,2015/09/30 23:19:04,49926.000000
planetlab4.cnds.jhu.edu,planetlab3.cs.uoregon.edu,file512KB.txt,2015/09/30 23:19:04,2015/09/30 23:20:44,100175.000000
planetlab4.cnds.jhu.edu,planetlab3.cs.uoregon.edu,file1MB.txt,2015/09/30 23:20:44,2015/09/30 23:24:04,200428.000000
planetlabtwo.ccs.neu.edu,planetlab3.cs.uoregon.edu,file32B.txt,2015/09/30 23:24:04,2015/09/30 23:24:05,1162.000000
planetlabtwo.ccs.neu.edu,planetlab3.cs.uoregon.edu,file1KB.txt,2015/09/30 23:24:05,2015/09/30 23:24:06,734.000000
planetlabtwo.ccs.neu.edu,planetlab3.cs.uoregon.edu,file256KB.txt,2015/09/30 23:24:06,2015/09/30 23:25:01,54771.000000
planetlabtwo.ccs.neu.edu,planetlab3.cs.uoregon.edu,file512KB.txt,2015/09/30 23:25:01,2015/09/30 23:26:48,106620.000000
planetlabtwo.ccs.neu.edu,planetlab3.cs.uoregon.edu,file1MB.txt,2015/09/30 23:26:48,2015/09/30 23:30:36,228723.000000
planetlab1.cs.purdue.edu,planetlab3.cs.uoregon.edu,file32B.txt,2015/09/30 23:30:36,2015/09/30 23:30:37,1087.000000
planetlab1.cs.purdue.edu,planetlab3.cs.uoregon.edu,file1KB.txt,2015/09/30 23:30:37,2015/09/30 23:30:38,744.000000
planetlab1.cs.purdue.edu,planetlab3.cs.uoregon.edu,file256KB.txt,2015/09/30 23:30:38,2015/09/30 23:31:40,62313.000000
planetlab1.cs.purdue.edu,planetlab3.cs.uoregon.edu,file512KB.txt,2015/09/30 23:31:40,2015/09/30 23:33:36,115566.000000
planetlab1.cs.purdue.edu,planetlab3.cs.uoregon.edu,file1MB.txt,2015/09/30 23:33:36,2015/10/01 00:09:30,2140891.000000
planetlab2.tsuniv.edu,planetlab3.cs.uoregon.edu,file32B.txt,2015/10/01 00:09:30,2015/10/01 00:09:31,1252.000000
planetlab2.tsuniv.edu,planetlab3.cs.uoregon.edu,file1KB.txt,2015/10/01 00:09:31,2015/10/01 00:09:34,3186.000000
planetlab2.tsuniv.edu,planetlab3.cs.uoregon.edu,file256KB.txt,2015/10/01 00:09:34,2015/10/01 00:12:51,196619.000000
planetlab2.tsuniv.edu,planetlab3.cs.uoregon.edu,file512KB.txt,2015/10/01 00:12:51,2015/10/01 00:15:39,168316.000000
planetlab2.tsuniv.edu,planetlab3.cs.uoregon.edu,file1MB.txt,2015/10/01 00:15:39,2015/10/01 00:18:46,186922.000000
planetlab1.tsuniv.edu,planetlab3.cs.uoregon.edu,file32B.txt,2015/10/01 00:18:46,2015/10/01 00:18:48,2176.000000
planetlab1.tsuniv.edu,planetlab3.cs.uoregon.edu,file1KB.txt,2015/10/01 00:18:48,2015/10/01 00:18:49,332.000000
planetlab1.tsuniv.edu,planetlab3.cs.uoregon.edu,file256KB.txt,2015/10/01 00:18:49,2015/10/01 00:21:37,168662.000000
planetlab1.tsuniv.edu,planetlab3.cs.uoregon.edu,file512KB.txt,2015/10/01 00:21:37,2015/10/01 00:26:14,276996.000000
planetlab1.tsuniv.edu,planetlab3.cs.uoregon.edu,file1MB.txt,2015/10/01 00:26:14,2015/10/01 00:34:00,465920.000000
planetlab3.ucsd.edu,planetlab3.cs.uoregon.edu,file32B.txt,2015/10/01 00:34:00,2015/10/01 00:34:00,223.000000
planetlab3.ucsd.edu,planetlab3.cs.uoregon.edu,file1KB.txt,2015/10/01 00:34:00,2015/10/01 00:34:00,203.000000
planetlab3.ucsd.edu,planetlab3.cs.uoregon.edu,file256KB.txt,2015/10/01 00:34:00,2015/10/01 00:34:15,15444.000000
planetlab3.ucsd.edu,planetlab3.cs.uoregon.edu,file512KB.txt,2015/10/01 00:34:15,2015/10/01 00:34:44,28895.000000
planetlab3.ucsd.edu,planetlab3.cs.uoregon.edu,file1MB.txt,2015/10/01 00:34:44,2015/10/01 00:35:43,59159.000000
node2.planetlab.mathcs.emory.edu,planetlab3.cs.uoregon.edu,file32B.txt,2015/10/01 00:35:43,2015/10/01 00:35:43,610.000000
node2.planetlab.mathcs.emory.edu,planetlab3.cs.uoregon.edu,file1KB.txt,2015/10/01 00:35:43,2015/10/01 00:35:44,1483.000000
node2.planetlab.mathcs.emory.edu,planetlab3.cs.uoregon.edu,file256KB.txt,2015/10/01 00:35:44,2015/10/01 00:36:22,37534.000000
node2.planetlab.mathcs.emory.edu,planetlab3.cs.uoregon.edu,file512KB.txt,2015/10/01 00:36:22,2015/10/01 00:37:38,75967.000000
node2.planetlab.mathcs.emory.edu,planetlab3.cs.uoregon.edu,file1MB.txt,2015/10/01 00:37:38,2015/10/01 00:40:10,152584.000000
planetlab5.csee.usf.edu,planetlab3.cs.uoregon.edu,file32B.txt,2015/10/01 00:40:10,2015/10/01 00:40:10,715.000000
planetlab5.csee.usf.edu,planetlab3.cs.uoregon.edu,file1KB.txt,2015/10/01 00:40:10,2015/10/01 00:40:11,1321.000000
planetlab5.csee.usf.edu,planetlab3.cs.uoregon.edu,file256KB.txt,2015/10/01 00:40:11,2015/10/01 00:41:00,48883.000000
planetlab5.csee.usf.edu,planetlab3.cs.uoregon.edu,file512KB.txt,2015/10/01 00:41:00,2015/10/01 00:42:38,98210.000000
planetlab5.csee.usf.edu,planetlab3.cs.uoregon.edu,file1MB.txt,2015/10/01 00:42:38,2015/10/01 00:45:53,194838.000000
planetlab1.emich.edu,planetlab3.cs.uoregon.edu,file32B.txt,2015/10/01 00:45:53,2015/10/01 00:45:54,1346.000000
planetlab1.emich.edu,planetlab3.cs.uoregon.edu,file1KB.txt,2015/10/01 00:45:54,2015/10/01 00:45:54,592.000000
planetlab1.emich.edu,planetlab3.cs.uoregon.edu,file256KB.txt,2015/10/01 00:45:54,2015/10/01 00:46:38,44363.000000
planetlab1.emich.edu,planetlab3.cs.uoregon.edu,file512KB.txt,2015/10/01 00:46:38,2015/10/01 00:48:05,87125.000000
planetlab1.emich.edu,planetlab3.cs.uoregon.edu,file1MB.txt,2015/10/01 00:48:05,2015/10/01 00:50:58,172663.000000
ebb.colgate.edu,planetlab3.cs.uoregon.edu,file32B.txt,2015/10/01 00:50:59,2015/10/01 00:50:59,555.000000
ebb.colgate.edu,planetlab3.cs.uoregon.edu,file1KB.txt,2015/10/01 00:50:59,2015/10/01 00:51:00,1376.000000
ebb.colgate.edu,planetlab3.cs.uoregon.edu,file256KB.txt,2015/10/01 00:51:00,2015/10/01 00:51:49,48919.000000
ebb.colgate.edu,planetlab3.cs.uoregon.edu,file512KB.txt,2015/10/01 00:51:49,2015/10/01 00:53:22,92620.000000
ebb.colgate.edu,planetlab3.cs.uoregon.edu,file1MB.txt,2015/10/01 00:53:22,2015/10/01 00:56:34,-192041.000000
kc-sce-plab2.umkc.edu,planetlab3.cs.uoregon.edu,file32B.txt,2015/10/01 00:56:34,2015/10/01 00:56:49,14835.000000
kc-sce-plab2.umkc.edu,planetlab3.cs.uoregon.edu,file1KB.txt,2015/10/01 00:56:49,2015/10/01 00:57:03,14880.000000
kc-sce-plab2.umkc.edu,planetlab3.cs.uoregon.edu,file256KB.txt,2015/10/01 00:57:03,2015/10/01 01:13:31,987242.000000
kc-sce-plab2.umkc.edu,planetlab3.cs.uoregon.edu,file512KB.txt,2015/10/01 01:13:31,2015/10/01 01:17:27,236158.000000
kc-sce-plab2.umkc.edu,planetlab3.cs.uoregon.edu,file1MB.txt,2015/10/01 01:17:27,2015/10/01 01:20:13,166115.000000
node1.planetlab.mathcs.emory.edu,planetlab3.cs.uoregon.edu,file32B.txt,2015/10/01 01:20:13,2015/10/01 01:20:14,1434.000000
node1.planetlab.mathcs.emory.edu,planetlab3.cs.uoregon.edu,file1KB.txt,2015/10/01 01:20:14,2015/10/01 01:20:14,528.000000
node1.planetlab.mathcs.emory.edu,planetlab3.cs.uoregon.edu,file256KB.txt,2015/10/01 01:20:14,2015/10/01 01:20:52,37847.000000
node1.planetlab.mathcs.emory.edu,planetlab3.cs.uoregon.edu,file512KB.txt,2015/10/01 01:20:52,2015/10/01 01:22:08,75960.000000
node1.planetlab.mathcs.emory.edu,planetlab3.cs.uoregon.edu,file1MB.txt,2015/10/01 01:22:08,2015/10/01 01:24:39,151106.000000
pl1.cs.montana.edu,planetlab3.cs.uoregon.edu,file32B.txt,2015/10/01 01:24:39,2015/10/01 01:24:40,1659.000000
pl1.cs.montana.edu,planetlab3.cs.uoregon.edu,file1KB.txt,2015/10/01 01:24:40,2015/10/01 01:24:40,345.000000
pl1.cs.montana.edu,planetlab3.cs.uoregon.edu,file256KB.txt,2015/10/01 01:24:40,2015/10/01 01:25:05,24486.000000
pl1.cs.montana.edu,planetlab3.cs.uoregon.edu,file512KB.txt,2015/10/01 01:25:05,2015/10/01 01:25:56,51353.000000
pl1.cs.montana.edu,planetlab3.cs.uoregon.edu,file1MB.txt,2015/10/01 01:25:56,2015/10/01 01:27:37,101075.000000
plab3.eece.ksu.edu,planetlab3.cs.uoregon.edu,file32B.txt,2015/10/01 01:27:58,2015/10/01 01:27:59,1513.000000
plab3.eece.ksu.edu,planetlab3.cs.uoregon.edu,file1KB.txt,2015/10/01 01:27:59,2015/10/01 01:27:59,330.000000
plab3.eece.ksu.edu,planetlab3.cs.uoregon.edu,file256KB.txt,2015/10/01 01:27:59,2015/10/01 01:28:23,23996.000000
plab3.eece.ksu.edu,planetlab3.cs.uoregon.edu,file512KB.txt,2015/10/01 01:28:23,2015/10/01 01:29:11,48160.000000
plab3.eece.ksu.edu,planetlab3.cs.uoregon.edu,file1MB.txt,2015/10/01 01:29:11,2015/10/01 01:30:47,96317.000000
planet3.cc.gt.atl.ga.us,planetlab3.cs.uoregon.edu,file32B.txt,2015/10/01 01:30:47,2015/10/01 01:30:47,755.000000
planet3.cc.gt.atl.ga.us,planetlab3.cs.uoregon.edu,file1KB.txt,2015/10/01 01:30:47,2015/10/01 01:30:48,1465.000000
planet3.cc.gt.atl.ga.us,planetlab3.cs.uoregon.edu,file256KB.txt,2015/10/01 01:30:48,2015/10/01 01:31:26,38080.000000
planet3.cc.gt.atl.ga.us,planetlab3.cs.uoregon.edu,file512KB.txt,2015/10/01 01:31:26,2015/10/01 01:32:44,77653.000000
planet3.cc.gt.atl.ga.us,planetlab3.cs.uoregon.edu,file1MB.txt,2015/10/01 01:32:44,2015/10/01 01:35:15,151498.000000
planetlab-02.bu.edu,planetlab3.cs.uoregon.edu,file32B.txt,2015/10/01 01:35:15,2015/10/01 01:35:16,1311.000000
planetlab-02.bu.edu,planetlab3.cs.uoregon.edu,file1KB.txt,2015/10/01 01:35:16,2015/10/01 01:35:16,646.000000
planetlab-02.bu.edu,planetlab3.cs.uoregon.edu,file256KB.txt,2015/10/01 01:35:16,2015/10/01 01:36:04,48577.000000
planetlab-02.bu.edu,planetlab3.cs.uoregon.edu,file512KB.txt,2015/10/01 01:36:04,2015/10/01 01:37:39,95005.000000
planetlab-02.bu.edu,planetlab3.cs.uoregon.edu,file1MB.txt,2015/10/01 01:37:39,2015/10/01 01:40:49,190065.000000
planetlab1.clemson.edu,planetlab3.cs.uoregon.edu,file32B.txt,2015/10/01 01:41:10,2015/10/01 01:41:10,579.000000
planetlab1.clemson.edu,planetlab3.cs.uoregon.edu,file1KB.txt,2015/10/01 01:41:10,2015/10/01 01:41:11,1466.000000
planetlab1.clemson.edu,planetlab3.cs.uoregon.edu,file256KB.txt,2015/10/01 01:41:11,2015/10/01 01:41:50,38830.000000
planetlab1.clemson.edu,planetlab3.cs.uoregon.edu,file512KB.txt,2015/10/01 01:41:50,2015/10/01 01:43:08,77807.000000
planetlab1.clemson.edu,planetlab3.cs.uoregon.edu,file1MB.txt,2015/10/01 01:43:08,2015/10/01 01:45:44,156314.000000
planetlab1.cs.du.edu,planetlab3.cs.uoregon.edu,file32B.txt,2015/10/01 01:45:45,2015/10/01 01:45:45,378.000000
planetlab1.cs.du.edu,planetlab3.cs.uoregon.edu,file1KB.txt,2015/10/01 01:45:45,2015/10/01 01:45:45,237.000000
planetlab1.cs.du.edu,planetlab3.cs.uoregon.edu,file256KB.txt,2015/10/01 01:45:45,2015/10/01 01:46:02,16897.000000
planetlab1.cs.du.edu,planetlab3.cs.uoregon.edu,file512KB.txt,2015/10/01 01:46:02,2015/10/01 01:46:36,33959.000000
planetlab1.cs.du.edu,planetlab3.cs.uoregon.edu,file1MB.txt,2015/10/01 01:46:36,2015/10/01 01:47:45,69736.000000
planetlab-1.cse.ohio-state.edu,planetlab3.cs.uoregon.edu,file32B.txt,2015/10/01 01:47:45,2015/10/01 01:47:47,2364.000000
planetlab-1.cse.ohio-state.edu,planetlab3.cs.uoregon.edu,file1KB.txt,2015/10/01 01:47:47,2015/10/01 01:47:48,290.000000
planetlab-1.cse.ohio-state.edu,planetlab3.cs.uoregon.edu,file256KB.txt,2015/10/01 01:47:48,2015/10/01 01:51:34,226607.000000
planetlab-1.cse.ohio-state.edu,planetlab3.cs.uoregon.edu,file512KB.txt,2015/10/01 01:51:34,2015/10/01 01:59:59,504433.000000
planetlab-1.cse.ohio-state.edu,planetlab3.cs.uoregon.edu,file1MB.txt,2015/10/01 01:59:59,2015/10/01 02:53:12,1101466.000000
planetlab1.cs.okstate.edu,planetlab3.cs.uoregon.edu,file32B.txt,2015/10/01 02:53:12,2015/10/01 02:53:12,546.000000
planetlab1.cs.okstate.edu,planetlab3.cs.uoregon.edu,file1KB.txt,2015/10/01 02:53:12,2015/10/01 02:53:13,1575.000000
planetlab1.cs.okstate.edu,planetlab3.cs.uoregon.edu,file256KB.txt,2015/10/01 02:53:13,2015/10/01 02:53:44,30402.000000
planetlab1.cs.okstate.edu,planetlab3.cs.uoregon.edu,file512KB.txt,2015/10/01 02:53:44,2015/10/01 02:54:47,63611.000000
planetlab1.cs.okstate.edu,planetlab3.cs.uoregon.edu,file1MB.txt,2015/10/01 02:54:47,2015/10/01 02:56:50,122555.000000
planetlab1.cs.ucla.edu,planetlab3.cs.uoregon.edu,file32B.txt,2015/10/01 02:56:50,2015/10/01 02:56:51,1714.000000
planetlab1.cs.ucla.edu,planetlab3.cs.uoregon.edu,file1KB.txt,2015/10/01 02:56:51,2015/10/01 02:56:51,186.000000
planetlab1.cs.ucla.edu,planetlab3.cs.uoregon.edu,file256KB.txt,2015/10/01 02:56:51,2015/10/01 02:57:04,13026.000000
planetlab1.cs.ucla.edu,planetlab3.cs.uoregon.edu,file512KB.txt,2015/10/01 02:57:04,2015/10/01 02:57:30,25250.000000
planetlab1.cs.ucla.edu,planetlab3.cs.uoregon.edu,file1MB.txt,2015/10/01 02:57:30,2015/10/01 02:58:23,53728.000000
planetlab1.csuohio.edu,planetlab3.cs.uoregon.edu,file32B.txt,2015/10/01 02:58:23,2015/10/01 02:58:23,594.000000
planetlab1.csuohio.edu,planetlab3.cs.uoregon.edu,file1KB.txt,2015/10/01 02:58:23,2015/10/01 02:58:24,1526.000000
planetlab1.csuohio.edu,planetlab3.cs.uoregon.edu,file256KB.txt,2015/10/01 02:58:24,2015/10/01 02:58:59,34296.000000
planetlab1.csuohio.edu,planetlab3.cs.uoregon.edu,file512KB.txt,2015/10/01 02:58:59,2015/10/01 03:00:16,77841.000000
planetlab1.csuohio.edu,planetlab3.cs.uoregon.edu,file1MB.txt,2015/10/01 03:00:16,2015/10/01 03:02:35,138555.000000
planetlab1.emich.edu,planetlab3.cs.uoregon.edu,file32B.txt,2015/10/01 03:02:35,2015/10/01 03:02:36,1491.000000
planetlab1.emich.edu,planetlab3.cs.uoregon.edu,file1KB.txt,2015/10/01 03:02:36,2015/10/01 03:02:36,589.000000
planetlab1.emich.edu,planetlab3.cs.uoregon.edu,file256KB.txt,2015/10/01 03:02:36,2015/10/01 03:03:20,44338.000000
planetlab1.emich.edu,planetlab3.cs.uoregon.edu,file512KB.txt,2015/10/01 03:03:20,2015/10/01 03:04:47,87154.000000
planetlab1.ucsd.edu,planetlab3.cs.uoregon.edu,file32B.txt,2015/10/01 03:05:35,2015/10/01 03:05:35,244.000000
planetlab1.ucsd.edu,planetlab3.cs.uoregon.edu,file1KB.txt,2015/10/01 03:05:35,2015/10/01 03:05:35,200.000000
planetlab1.ucsd.edu,planetlab3.cs.uoregon.edu,file256KB.txt,2015/10/01 03:05:35,2015/10/01 03:05:50,14971.000000
planetlab1.ucsd.edu,planetlab3.cs.uoregon.edu,file512KB.txt,2015/10/01 03:05:50,2015/10/01 03:06:19,29334.000000
planetlab1.ucsd.edu,planetlab3.cs.uoregon.edu,file1MB.txt,2015/10/01 03:06:19,2015/10/01 03:07:19,60484.000000
planetlab2.acis.ufl.edu,planetlab3.cs.uoregon.edu,file32B.txt,2015/10/01 03:07:19,2015/10/01 03:07:19,840.000000
planetlab2.acis.ufl.edu,planetlab3.cs.uoregon.edu,file1KB.txt,2015/10/01 03:07:19,2015/10/01 03:07:20,1325.000000
planetlab2.acis.ufl.edu,planetlab3.cs.uoregon.edu,file256KB.txt,2015/10/01 03:07:20,2015/10/01 03:08:09,48700.000000
planetlab2.acis.ufl.edu,planetlab3.cs.uoregon.edu,file512KB.txt,2015/10/01 03:08:09,2015/10/01 03:09:48,99803.000000
planetlab2.acis.ufl.edu,planetlab3.cs.uoregon.edu,file1MB.txt,2015/10/01 03:09:48,2015/10/01 03:13:04,195698.000000
planetlab2.arizona-gigapop.net,planetlab3.cs.uoregon.edu,file32B.txt,2015/10/01 03:13:04,2015/10/01 03:13:04,449.000000
planetlab2.arizona-gigapop.net,planetlab3.cs.uoregon.edu,file1KB.txt,2015/10/01 03:13:04,2015/10/01 03:13:05,1740.000000
planetlab2.arizona-gigapop.net,planetlab3.cs.uoregon.edu,file256KB.txt,2015/10/01 03:13:05,2015/10/01 03:13:24,19123.000000
planetlab2.arizona-gigapop.net,planetlab3.cs.uoregon.edu,file512KB.txt,2015/10/01 03:13:24,2015/10/01 03:14:01,36431.000000
planetlab2.arizona-gigapop.net,planetlab3.cs.uoregon.edu,file1MB.txt,2015/10/01 03:14:01,2015/10/01 03:15:16,74793.000000
planetlab2.citadel.edu,planetlab3.cs.uoregon.edu,file32B.txt,2015/10/01 03:15:16,2015/10/01 03:15:17,1133.000000
planetlab2.citadel.edu,planetlab3.cs.uoregon.edu,file1KB.txt,2015/10/01 03:15:17,2015/10/01 03:15:18,1137.000000
planetlab2.citadel.edu,planetlab3.cs.uoregon.edu,file256KB.txt,2015/10/01 03:15:18,2015/10/01 03:16:17,59314.000000
planetlab2.citadel.edu,planetlab3.cs.uoregon.edu,file512KB.txt,2015/10/01 03:16:17,2015/10/01 03:18:08,110588.000000
planetlab2.citadel.edu,planetlab3.cs.uoregon.edu,file1MB.txt,2015/10/01 03:18:08,2015/10/01 03:21:34,-206591.000000
planetlab2.cs.pitt.edu,planetlab3.cs.uoregon.edu,file32B.txt,2015/10/01 03:21:34,2015/10/01 03:21:35,1181.000000
planetlab2.cs.pitt.edu,planetlab3.cs.uoregon.edu,file1KB.txt,2015/10/01 03:21:35,2015/10/01 03:21:35,719.000000
planetlab2.cs.pitt.edu,planetlab3.cs.uoregon.edu,file256KB.txt,2015/10/01 03:21:35,2015/10/01 03:22:29,54566.000000
planetlab2.cs.pitt.edu,planetlab3.cs.uoregon.edu,file512KB.txt,2015/10/01 03:22:29,2015/10/01 03:24:15,105570.000000
planetlab2.cs.pitt.edu,planetlab3.cs.uoregon.edu,file1MB.txt,2015/10/01 03:24:15,2015/10/01 03:27:48,213268.000000
planetlab2.cs.purdue.edu,planetlab3.cs.uoregon.edu,file32B.txt,2015/10/01 03:27:48,2015/10/01 03:27:49,1432.000000
planetlab2.cs.purdue.edu,planetlab3.cs.uoregon.edu,file1KB.txt,2015/10/01 03:27:49,2015/10/01 03:27:49,549.000000
planetlab2.cs.purdue.edu,planetlab3.cs.uoregon.edu,file256KB.txt,2015/10/01 03:27:49,2015/10/01 03:28:31,41786.000000
planetlab2.cs.purdue.edu,planetlab3.cs.uoregon.edu,file512KB.txt,2015/10/01 03:28:31,2015/10/01 03:29:53,82247.000000
planetlab2.cs.purdue.edu,planetlab3.cs.uoregon.edu,file1MB.txt,2015/10/01 03:29:53,2015/10/01 03:32:46,172945.000000
planetlab2.cs.uml.edu,planetlab3.cs.uoregon.edu,file32B.txt,2015/10/01 03:33:28,2015/10/01 03:33:29,1409.000000
planetlab2.cs.uml.edu,planetlab3.cs.uoregon.edu,file1KB.txt,2015/10/01 03:33:29,2015/10/01 03:33:29,576.000000
planetlab2.cs.uml.edu,planetlab3.cs.uoregon.edu,file256KB.txt,2015/10/01 03:33:29,2015/10/01 03:34:11,42245.000000
planetlab2.cs.uml.edu,planetlab3.cs.uoregon.edu,file512KB.txt,2015/10/01 03:34:11,2015/10/01 03:35:35,84576.000000
planetlab2.cs.uml.edu,planetlab3.cs.uoregon.edu,file1MB.txt,2015/10/01 03:35:35,2015/10/01 03:38:21,165515.000000
planetlab2.cs.unc.edu,planetlab3.cs.uoregon.edu,file32B.txt,2015/10/01 03:38:21,2015/10/01 03:38:22,1213.000000
planetlab2.cs.unc.edu,planetlab3.cs.uoregon.edu,file1KB.txt,2015/10/01 03:38:22,2015/10/01 03:38:23,1300.000000
planetlab2.cs.unc.edu,planetlab3.cs.uoregon.edu,file256KB.txt,2015/10/01 03:38:23,2015/10/01 03:39:14,50937.000000
planetlab2.cs.unc.edu,planetlab3.cs.uoregon.edu,file512KB.txt,2015/10/01 03:39:14,2015/10/01 03:40:56,102054.000000
planetlab2.cs.unc.edu,planetlab3.cs.uoregon.edu,file1MB.txt,2015/10/01 03:40:56,2015/10/01 03:44:18,202103.000000
planetlab2.cs.uoregon.edu,planetlab3.cs.uoregon.edu,file32B.txt,2015/10/01 03:44:18,2015/10/01 03:44:18,14.000000
planetlab2.cs.uoregon.edu,planetlab3.cs.uoregon.edu,file1KB.txt,2015/10/01 03:44:18,2015/10/01 03:44:18,12.000000
planetlab2.cs.uoregon.edu,planetlab3.cs.uoregon.edu,file256KB.txt,2015/10/01 03:44:18,2015/10/01 03:44:18,468.000000
planetlab2.cs.uoregon.edu,planetlab3.cs.uoregon.edu,file512KB.txt,2015/10/01 03:44:18,2015/10/01 03:44:19,1076.000000
planetlab2.cs.uoregon.edu,planetlab3.cs.uoregon.edu,file1MB.txt,2015/10/01 03:44:19,2015/10/01 03:44:21,1997.000000
planetlab2.temple.edu,planetlab3.cs.uoregon.edu,file32B.txt,2015/10/01 03:44:21,2015/10/01 03:44:22,1352.000000
planetlab2.temple.edu,planetlab3.cs.uoregon.edu,file1KB.txt,2015/10/01 03:44:22,2015/10/01 03:44:22,616.000000
planetlab2.temple.edu,planetlab3.cs.uoregon.edu,file256KB.txt,2015/10/01 03:44:22,2015/10/01 03:45:09,46750.000000
planetlab2.temple.edu,planetlab3.cs.uoregon.edu,file512KB.txt,2015/10/01 03:45:09,2015/10/01 03:46:43,94015.000000
planetlab2.temple.edu,planetlab3.cs.uoregon.edu,file1MB.txt,2015/10/01 03:46:43,2015/10/01 03:49:49,186794.000000
planetlab2.unl.edu,planetlab3.cs.uoregon.edu,file32B.txt,2015/10/01 03:49:49,2015/10/01 03:49:49,387.000000
planetlab2.unl.edu,planetlab3.cs.uoregon.edu,file1KB.txt,2015/10/01 03:49:49,2015/10/01 03:49:49,346.000000
planetlab2.unl.edu,planetlab3.cs.uoregon.edu,file256KB.txt,2015/10/01 03:49:49,2015/10/01 03:50:14,25057.000000
planetlab2.unl.edu,planetlab3.cs.uoregon.edu,file512KB.txt,2015/10/01 03:50:14,2015/10/01 03:51:04,50462.000000
planetlab2.unl.edu,planetlab3.cs.uoregon.edu,file1MB.txt,2015/10/01 03:51:04,2015/10/01 03:52:43,99143.000000
planetlab2.unr.edu,planetlab3.cs.uoregon.edu,file32B.txt,2015/10/01 03:52:43,2015/10/01 03:52:43,254.000000
planetlab2.unr.edu,planetlab3.cs.uoregon.edu,file1KB.txt,2015/10/01 03:52:43,2015/10/01 03:52:43,214.000000
planetlab2.unr.edu,planetlab3.cs.uoregon.edu,file256KB.txt,2015/10/01 03:52:43,2015/10/01 03:52:59,16407.000000
planetlab2.unr.edu,planetlab3.cs.uoregon.edu,file512KB.txt,2015/10/01 03:52:59,2015/10/01 03:53:30,30880.000000
planetlab2.unr.edu,planetlab3.cs.uoregon.edu,file1MB.txt,2015/10/01 03:53:30,2015/10/01 03:54:32,61961.000000
planetlab2.uta.edu,planetlab3.cs.uoregon.edu,file32B.txt,2015/10/01 03:54:32,2015/10/01 03:54:33,1530.000000
planetlab2.uta.edu,planetlab3.cs.uoregon.edu,file1KB.txt,2015/10/01 03:54:33,2015/10/01 03:54:33,457.000000
planetlab2.uta.edu,planetlab3.cs.uoregon.edu,file256KB.txt,2015/10/01 03:54:33,2015/10/01 03:55:13,39778.000000
planetlab2.uta.edu,planetlab3.cs.uoregon.edu,file512KB.txt,2015/10/01 03:55:13,2015/10/01 03:56:38,85318.000000
planetlab2.uta.edu,planetlab3.cs.uoregon.edu,file1MB.txt,2015/10/01 03:56:38,2015/10/01 03:59:20,162176.000000
planetlab2.utdallas.edu,planetlab3.cs.uoregon.edu,file32B.txt,2015/10/01 03:59:20,2015/10/01 03:59:20,569.000000
planetlab2.utdallas.edu,planetlab3.cs.uoregon.edu,file1KB.txt,2015/10/01 03:59:20,2015/10/01 03:59:21,1526.000000
planetlab2.utdallas.edu,planetlab3.cs.uoregon.edu,file256KB.txt,2015/10/01 03:59:21,2015/10/01 03:59:55,33438.000000
planetlab2.utdallas.edu,planetlab3.cs.uoregon.edu,file512KB.txt,2015/10/01 03:59:55,2015/10/01 04:01:04,69173.000000
planetlab2.utdallas.edu,planetlab3.cs.uoregon.edu,file1MB.txt,2015/10/01 04:01:04,2015/10/01 04:03:21,136777.000000
planetlab3.eecs.umich.edu,planetlab3.cs.uoregon.edu,file32B.txt,2015/10/01 04:03:21,2015/10/01 04:03:22,1392.000000
planetlab3.eecs.umich.edu,planetlab3.cs.uoregon.edu,file1KB.txt,2015/10/01 04:03:22,2015/10/01 04:03:22,418.000000
planetlab3.eecs.umich.edu,planetlab3.cs.uoregon.edu,file256KB.txt,2015/10/01 04:03:22,2015/10/01 04:03:53,31076.000000
planetlab3.eecs.umich.edu,planetlab3.cs.uoregon.edu,file512KB.txt,2015/10/01 04:03:53,2015/10/01 04:04:55,62380.000000
planetlab3.eecs.umich.edu,planetlab3.cs.uoregon.edu,file1MB.txt,2015/10/01 04:04:55,2015/10/01 04:06:58,123195.000000
planetlab3.rutgers.edu,planetlab3.cs.uoregon.edu,file32B.txt,2015/10/01 04:06:58,2015/10/01 04:06:59,965.000000
planetlab3.rutgers.edu,planetlab3.cs.uoregon.edu,file1KB.txt,2015/10/01 04:06:59,2015/10/01 04:07:00,1304.000000
planetlab3.rutgers.edu,planetlab3.cs.uoregon.edu,file256KB.txt,2015/10/01 04:07:00,2015/10/01 04:07:51,50481.000000
planetlab3.rutgers.edu,planetlab3.cs.uoregon.edu,file512KB.txt,2015/10/01 04:07:51,2015/10/01 04:09:34,103468.000000
planetlab3.rutgers.edu,planetlab3.cs.uoregon.edu,file1MB.txt,2015/10/01 04:09:34,2015/10/01 04:12:58,203250.000000
planetlab3.wail.wisc.edu,planetlab3.cs.uoregon.edu,file32B.txt,2015/10/01 04:12:58,2015/10/01 04:12:59,1360.000000
planetlab3.wail.wisc.edu,planetlab3.cs.uoregon.edu,file1KB.txt,2015/10/01 04:12:59,2015/10/01 04:12:59,504.000000
planetlab3.wail.wisc.edu,planetlab3.cs.uoregon.edu,file256KB.txt,2015/10/01 04:12:59,2015/10/01 04:13:37,38801.000000
planetlab3.wail.wisc.edu,planetlab3.cs.uoregon.edu,file512KB.txt,2015/10/01 04:13:37,2015/10/01 04:14:51,73960.000000
planetlab3.wail.wisc.edu,planetlab3.cs.uoregon.edu,file1MB.txt,2015/10/01 04:14:51,2015/10/01 04:17:19,148164.000000
planetlab4.tamu.edu,planetlab3.cs.uoregon.edu,file32B.txt,2015/10/01 04:17:19,2015/10/01 04:17:19,521.000000
planetlab4.tamu.edu,planetlab3.cs.uoregon.edu,file1KB.txt,2015/10/01 04:17:19,2015/10/01 04:17:19,445.000000
