planetlab1.unr.edu,planetlab2.cnis.nyit.edu,file32B.txt,2015/09/30 20:58:20,2015/09/30 20:58:21,1227.000000
planetlab1.unr.edu,planetlab2.cnis.nyit.edu,file1KB.txt,2015/09/30 20:58:21,2015/09/30 20:58:22,1144.000000
planetlab1.unr.edu,planetlab2.cnis.nyit.edu,file256KB.txt,2015/09/30 20:58:22,2015/09/30 20:59:09,46133.000000
planetlab1.unr.edu,planetlab2.cnis.nyit.edu,file512KB.txt,2015/09/30 20:59:09,2015/09/30 21:00:46,96898.000000
planetlab1.unr.edu,planetlab2.cnis.nyit.edu,file1MB.txt,2015/09/30 21:00:46,2015/09/30 21:03:56,190558.000000
pl2.cs.unm.edu,planetlab2.cnis.nyit.edu,file32B.txt,2015/09/30 21:03:56,2015/09/30 21:03:57,1303.000000
pl2.cs.unm.edu,planetlab2.cnis.nyit.edu,file1KB.txt,2015/09/30 21:03:57,2015/09/30 21:03:57,701.000000
pl2.cs.unm.edu,planetlab2.cnis.nyit.edu,file256KB.txt,2015/09/30 21:03:57,2015/09/30 21:04:41,44348.000000
pl2.cs.unm.edu,planetlab2.cnis.nyit.edu,file512KB.txt,2015/09/30 21:04:41,2015/09/30 21:06:08,87452.000000
pl2.cs.unm.edu,planetlab2.cnis.nyit.edu,file1MB.txt,2015/09/30 21:06:08,2015/09/30 21:08:57,168146.000000
planetlab2.cnis.nyit.edu,planetlab2.cnis.nyit.edu,file32B.txt,2015/09/30 21:08:57,2015/09/30 21:08:57,1.000000
planetlab2.cnis.nyit.edu,planetlab2.cnis.nyit.edu,file1KB.txt,2015/09/30 21:08:57,2015/09/30 21:08:57,0.000000
planetlab2.cnis.nyit.edu,planetlab2.cnis.nyit.edu,file256KB.txt,2015/09/30 21:08:57,2015/09/30 21:08:57,21.000000
planetlab2.cnis.nyit.edu,planetlab2.cnis.nyit.edu,file512KB.txt,2015/09/30 21:08:57,2015/09/30 21:08:57,41.000000
planetlab2.cnis.nyit.edu,planetlab2.cnis.nyit.edu,file1MB.txt,2015/09/30 21:08:57,2015/09/30 21:08:58,1917.000000
planetlab2.rutgers.edu,planetlab2.cnis.nyit.edu,file32B.txt,2015/09/30 21:08:58,2015/09/30 21:08:59,959.000000
planetlab2.rutgers.edu,planetlab2.cnis.nyit.edu,file1KB.txt,2015/09/30 21:08:59,2015/09/30 21:09:00,774.000000
planetlab2.rutgers.edu,planetlab2.cnis.nyit.edu,file256KB.txt,2015/09/30 21:09:00,2015/09/30 21:11:35,154616.000000
planetlab2.rutgers.edu,planetlab2.cnis.nyit.edu,file512KB.txt,2015/09/30 21:11:35,2015/09/30 21:39:34,-1680572.000000
planetlab2.rutgers.edu,planetlab2.cnis.nyit.edu,file1MB.txt,2015/09/30 21:39:35,2015/09/30 22:58:04,413381.000000
planetlab2.ucsd.edu,planetlab2.cnis.nyit.edu,file32B.txt,2015/09/30 22:58:05,2015/09/30 22:58:05,713.000000
planetlab2.ucsd.edu,planetlab2.cnis.nyit.edu,file1KB.txt,2015/09/30 22:58:05,2015/09/30 22:58:06,1271.000000
planetlab2.ucsd.edu,planetlab2.cnis.nyit.edu,file256KB.txt,2015/09/30 22:58:06,2015/09/30 22:58:51,45257.000000
planetlab2.ucsd.edu,planetlab2.cnis.nyit.edu,file512KB.txt,2015/09/30 22:58:51,2015/09/30 23:00:21,89254.000000
planetlab2.ucsd.edu,planetlab2.cnis.nyit.edu,file1MB.txt,2015/09/30 23:00:21,2015/09/30 23:03:19,178895.000000
planetlab3.cs.uoregon.edu,planetlab2.cnis.nyit.edu,file32B.txt,2015/09/30 23:03:19,2015/09/30 23:03:19,718.000000
planetlab3.cs.uoregon.edu,planetlab2.cnis.nyit.edu,file1KB.txt,2015/09/30 23:03:19,2015/09/30 23:03:20,1154.000000
planetlab3.cs.uoregon.edu,planetlab2.cnis.nyit.edu,file256KB.txt,2015/09/30 23:03:20,2015/09/30 23:04:06,46463.000000
planetlab3.cs.uoregon.edu,planetlab2.cnis.nyit.edu,file512KB.txt,2015/09/30 23:04:06,2015/09/30 23:05:38,91954.000000
planetlab3.cs.uoregon.edu,planetlab2.cnis.nyit.edu,file1MB.txt,2015/09/30 23:05:38,2015/09/30 23:08:41,183052.000000
planetlab-01.bu.edu,planetlab2.cnis.nyit.edu,file32B.txt,2015/09/30 23:08:41,2015/09/30 23:08:41,186.000000
planetlab-01.bu.edu,planetlab2.cnis.nyit.edu,file1KB.txt,2015/09/30 23:08:41,2015/09/30 23:08:41,186.000000
planetlab-01.bu.edu,planetlab2.cnis.nyit.edu,file256KB.txt,2015/09/30 23:08:41,2015/09/30 23:08:52,11164.000000
planetlab-01.bu.edu,planetlab2.cnis.nyit.edu,file512KB.txt,2015/09/30 23:08:52,2015/09/30 23:09:13,20607.000000
planetlab-01.bu.edu,planetlab2.cnis.nyit.edu,file1MB.txt,2015/09/30 23:09:13,2015/09/30 23:09:56,43543.000000
planetlab4.cnds.jhu.edu,planetlab2.cnis.nyit.edu,file32B.txt,2015/09/30 23:09:56,2015/09/30 23:09:56,188.000000
planetlab4.cnds.jhu.edu,planetlab2.cnis.nyit.edu,file1KB.txt,2015/09/30 23:09:56,2015/09/30 23:09:56,167.000000
planetlab4.cnds.jhu.edu,planetlab2.cnis.nyit.edu,file256KB.txt,2015/09/30 23:09:56,2015/09/30 23:10:04,7630.000000
planetlab4.cnds.jhu.edu,planetlab2.cnis.nyit.edu,file512KB.txt,2015/09/30 23:10:04,2015/09/30 23:10:21,17488.000000
planetlab4.cnds.jhu.edu,planetlab2.cnis.nyit.edu,file1MB.txt,2015/09/30 23:10:21,2015/09/30 23:10:54,33038.000000
planetlabtwo.ccs.neu.edu,planetlab2.cnis.nyit.edu,file32B.txt,2015/09/30 23:10:54,2015/09/30 23:10:54,299.000000
planetlabtwo.ccs.neu.edu,planetlab2.cnis.nyit.edu,file1KB.txt,2015/09/30 23:10:54,2015/09/30 23:10:54,149.000000
planetlabtwo.ccs.neu.edu,planetlab2.cnis.nyit.edu,file256KB.txt,2015/09/30 23:10:54,2015/09/30 23:11:03,9632.000000
planetlabtwo.ccs.neu.edu,planetlab2.cnis.nyit.edu,file512KB.txt,2015/09/30 23:11:03,2015/09/30 23:11:19,15553.000000
planetlabtwo.ccs.neu.edu,planetlab2.cnis.nyit.edu,file1MB.txt,2015/09/30 23:11:19,2015/09/30 23:11:50,30979.000000
planetlab1.cs.purdue.edu,planetlab2.cnis.nyit.edu,file32B.txt,2015/09/30 23:11:50,2015/09/30 23:11:51,1627.000000
planetlab1.cs.purdue.edu,planetlab2.cnis.nyit.edu,file1KB.txt,2015/09/30 23:11:51,2015/09/30 23:11:51,443.000000
planetlab1.cs.purdue.edu,planetlab2.cnis.nyit.edu,file256KB.txt,2015/09/30 23:11:51,2015/09/30 23:12:15,23701.000000
planetlab1.cs.purdue.edu,planetlab2.cnis.nyit.edu,file512KB.txt,2015/09/30 23:12:15,2015/09/30 23:13:08,53608.000000
planetlab1.cs.purdue.edu,planetlab2.cnis.nyit.edu,file1MB.txt,2015/09/30 23:13:08,2015/09/30 23:14:50,102160.000000
planetlab2.tsuniv.edu,planetlab2.cnis.nyit.edu,file32B.txt,2015/09/30 23:14:50,2015/09/30 23:14:50,411.000000
planetlab2.tsuniv.edu,planetlab2.cnis.nyit.edu,file1KB.txt,2015/09/30 23:14:50,2015/09/30 23:14:51,1066.000000
planetlab2.tsuniv.edu,planetlab2.cnis.nyit.edu,file256KB.txt,2015/09/30 23:14:51,2015/09/30 23:15:14,23028.000000
planetlab2.tsuniv.edu,planetlab2.cnis.nyit.edu,file512KB.txt,2015/09/30 23:15:14,2015/09/30 23:16:00,46108.000000
planetlab2.tsuniv.edu,planetlab2.cnis.nyit.edu,file1MB.txt,2015/09/30 23:16:00,2015/09/30 23:17:31,90355.000000
planetlab1.tsuniv.edu,planetlab2.cnis.nyit.edu,file32B.txt,2015/09/30 23:17:31,2015/09/30 23:17:32,1622.000000
planetlab1.tsuniv.edu,planetlab2.cnis.nyit.edu,file1KB.txt,2015/09/30 23:17:32,2015/09/30 23:17:33,1120.000000
planetlab1.tsuniv.edu,planetlab2.cnis.nyit.edu,file256KB.txt,2015/09/30 23:17:33,2015/09/30 23:17:56,22634.000000
planetlab1.tsuniv.edu,planetlab2.cnis.nyit.edu,file512KB.txt,2015/09/30 23:17:56,2015/09/30 23:18:42,46507.000000
planetlab1.tsuniv.edu,planetlab2.cnis.nyit.edu,file1MB.txt,2015/09/30 23:18:42,2015/09/30 23:20:13,90818.000000
planetlab3.ucsd.edu,planetlab2.cnis.nyit.edu,file32B.txt,2015/09/30 23:20:13,2015/09/30 23:20:13,728.000000
planetlab3.ucsd.edu,planetlab2.cnis.nyit.edu,file1KB.txt,2015/09/30 23:20:13,2015/09/30 23:20:14,1280.000000
planetlab3.ucsd.edu,planetlab2.cnis.nyit.edu,file256KB.txt,2015/09/30 23:20:14,2015/09/30 23:20:59,44799.000000
planetlab3.ucsd.edu,planetlab2.cnis.nyit.edu,file512KB.txt,2015/09/30 23:20:59,2015/09/30 23:22:29,90689.000000
planetlab3.ucsd.edu,planetlab2.cnis.nyit.edu,file1MB.txt,2015/09/30 23:22:29,2015/09/30 23:25:27,177311.000000
node2.planetlab.mathcs.emory.edu,planetlab2.cnis.nyit.edu,file32B.txt,2015/09/30 23:25:28,2015/09/30 23:25:28,482.000000
node2.planetlab.mathcs.emory.edu,planetlab2.cnis.nyit.edu,file1KB.txt,2015/09/30 23:25:28,2015/09/30 23:25:29,1525.000000
node2.planetlab.mathcs.emory.edu,planetlab2.cnis.nyit.edu,file256KB.txt,2015/09/30 23:25:29,2015/09/30 23:25:49,19600.000000
node2.planetlab.mathcs.emory.edu,planetlab2.cnis.nyit.edu,file512KB.txt,2015/09/30 23:25:49,2015/09/30 23:26:30,41458.000000
node2.planetlab.mathcs.emory.edu,planetlab2.cnis.nyit.edu,file1MB.txt,2015/09/30 23:26:30,2015/09/30 23:27:51,81363.000000
planetlab5.csee.usf.edu,planetlab2.cnis.nyit.edu,file32B.txt,2015/09/30 23:27:51,2015/09/30 23:27:51,872.000000
planetlab5.csee.usf.edu,planetlab2.cnis.nyit.edu,file1KB.txt,2015/09/30 23:27:51,2015/09/30 23:27:52,1126.000000
planetlab5.csee.usf.edu,planetlab2.cnis.nyit.edu,file256KB.txt,2015/09/30 23:27:52,2015/09/30 23:28:36,44285.000000
planetlab5.csee.usf.edu,planetlab2.cnis.nyit.edu,file512KB.txt,2015/09/30 23:28:36,2015/09/30 23:30:02,86326.000000
planetlab5.csee.usf.edu,planetlab2.cnis.nyit.edu,file1MB.txt,2015/09/30 23:30:02,2015/09/30 23:32:48,165474.000000
planetlab1.emich.edu,planetlab2.cnis.nyit.edu,file32B.txt,2015/09/30 23:32:48,2015/09/30 23:32:49,1659.000000
planetlab1.emich.edu,planetlab2.cnis.nyit.edu,file1KB.txt,2015/09/30 23:32:49,2015/09/30 23:32:49,349.000000
planetlab1.emich.edu,planetlab2.cnis.nyit.edu,file256KB.txt,2015/09/30 23:32:49,2015/09/30 23:33:08,19334.000000
planetlab1.emich.edu,planetlab2.cnis.nyit.edu,file512KB.txt,2015/09/30 23:33:08,2015/09/30 23:33:44,35232.000000
planetlab1.emich.edu,planetlab2.cnis.nyit.edu,file1MB.txt,2015/09/30 23:33:44,2015/09/30 23:34:59,75838.000000
ebb.colgate.edu,planetlab2.cnis.nyit.edu,file32B.txt,2015/09/30 23:34:59,2015/09/30 23:34:59,199.000000
ebb.colgate.edu,planetlab2.cnis.nyit.edu,file1KB.txt,2015/09/30 23:34:59,2015/09/30 23:35:02,2802.000000
ebb.colgate.edu,planetlab2.cnis.nyit.edu,file256KB.txt,2015/09/30 23:35:02,2015/09/30 23:35:12,10088.000000
ebb.colgate.edu,planetlab2.cnis.nyit.edu,file512KB.txt,2015/09/30 23:35:12,2015/09/30 23:35:30,17696.000000
ebb.colgate.edu,planetlab2.cnis.nyit.edu,file1MB.txt,2015/09/30 23:35:30,2015/09/30 23:36:08,38689.000000
kc-sce-plab2.umkc.edu,planetlab2.cnis.nyit.edu,file32B.txt,2015/09/30 23:36:08,2015/09/30 23:36:09,289.000000
kc-sce-plab2.umkc.edu,planetlab2.cnis.nyit.edu,file1KB.txt,2015/09/30 23:36:09,2015/09/30 23:36:13,4620.000000
kc-sce-plab2.umkc.edu,planetlab2.cnis.nyit.edu,file256KB.txt,2015/09/30 23:36:13,2015/09/30 23:39:35,202162.000000
kc-sce-plab2.umkc.edu,planetlab2.cnis.nyit.edu,file512KB.txt,2015/09/30 23:39:35,2015/09/30 23:42:28,172722.000000
kc-sce-plab2.umkc.edu,planetlab2.cnis.nyit.edu,file1MB.txt,2015/09/30 23:42:28,2015/10/01 00:11:39,-1750519.000000
node1.planetlab.mathcs.emory.edu,planetlab2.cnis.nyit.edu,file32B.txt,2015/10/01 00:11:39,2015/10/01 00:11:40,1478.000000
node1.planetlab.mathcs.emory.edu,planetlab2.cnis.nyit.edu,file1KB.txt,2015/10/01 00:11:40,2015/10/01 00:11:40,356.000000
node1.planetlab.mathcs.emory.edu,planetlab2.cnis.nyit.edu,file256KB.txt,2015/10/01 00:11:40,2015/10/01 00:12:01,21619.000000
node1.planetlab.mathcs.emory.edu,planetlab2.cnis.nyit.edu,file512KB.txt,2015/10/01 00:12:01,2015/10/01 00:12:41,39455.000000
node1.planetlab.mathcs.emory.edu,planetlab2.cnis.nyit.edu,file1MB.txt,2015/10/01 00:12:41,2015/10/01 00:14:08,87703.000000
pl1.cs.montana.edu,planetlab2.cnis.nyit.edu,file32B.txt,2015/10/01 00:14:08,2015/10/01 00:14:08,870.000000
pl1.cs.montana.edu,planetlab2.cnis.nyit.edu,file1KB.txt,2015/10/01 00:14:08,2015/10/01 00:14:09,1024.000000
pl1.cs.montana.edu,planetlab2.cnis.nyit.edu,file256KB.txt,2015/10/01 00:14:09,2015/10/01 00:15:06,57501.000000
pl1.cs.montana.edu,planetlab2.cnis.nyit.edu,file512KB.txt,2015/10/01 00:15:06,2015/10/01 00:17:00,113579.000000
pl1.cs.montana.edu,planetlab2.cnis.nyit.edu,file1MB.txt,2015/10/01 00:17:00,2015/10/01 00:20:47,227698.000000
plab3.eece.ksu.edu,planetlab2.cnis.nyit.edu,file32B.txt,2015/10/01 00:21:08,2015/10/01 00:21:09,1390.000000
plab3.eece.ksu.edu,planetlab2.cnis.nyit.edu,file1KB.txt,2015/10/01 00:21:09,2015/10/01 00:21:09,499.000000
plab3.eece.ksu.edu,planetlab2.cnis.nyit.edu,file256KB.txt,2015/10/01 00:21:09,2015/10/01 00:21:32,23010.000000
plab3.eece.ksu.edu,planetlab2.cnis.nyit.edu,file512KB.txt,2015/10/01 00:21:32,2015/10/01 00:22:18,46353.000000
plab3.eece.ksu.edu,planetlab2.cnis.nyit.edu,file1MB.txt,2015/10/01 00:22:18,2015/10/01 00:23:50,92192.000000
planet3.cc.gt.atl.ga.us,planetlab2.cnis.nyit.edu,file32B.txt,2015/10/01 00:23:50,2015/10/01 00:23:50,478.000000
planet3.cc.gt.atl.ga.us,planetlab2.cnis.nyit.edu,file1KB.txt,2015/10/01 00:23:50,2015/10/01 00:23:50,405.000000
planet3.cc.gt.atl.ga.us,planetlab2.cnis.nyit.edu,file256KB.txt,2015/10/01 00:23:50,2015/10/01 00:24:11,21877.000000
planet3.cc.gt.atl.ga.us,planetlab2.cnis.nyit.edu,file512KB.txt,2015/10/01 00:24:11,2015/10/01 00:24:51,39981.000000
planet3.cc.gt.atl.ga.us,planetlab2.cnis.nyit.edu,file1MB.txt,2015/10/01 00:24:51,2015/10/01 00:26:10,78914.000000
planetlab-02.bu.edu,planetlab2.cnis.nyit.edu,file32B.txt,2015/10/01 00:26:10,2015/10/01 00:26:10,201.000000
planetlab-02.bu.edu,planetlab2.cnis.nyit.edu,file1KB.txt,2015/10/01 00:26:10,2015/10/01 00:26:10,217.000000
planetlab-02.bu.edu,planetlab2.cnis.nyit.edu,file256KB.txt,2015/10/01 00:26:10,2015/10/01 00:26:21,11020.000000
planetlab-02.bu.edu,planetlab2.cnis.nyit.edu,file512KB.txt,2015/10/01 00:26:21,2015/10/01 00:26:44,23226.000000
planetlab-02.bu.edu,planetlab2.cnis.nyit.edu,file1MB.txt,2015/10/01 00:26:44,2015/10/01 00:27:28,44328.000000
planetlab1.clemson.edu,planetlab2.cnis.nyit.edu,file32B.txt,2015/10/01 00:27:49,2015/10/01 00:27:50,1083.000000
planetlab1.clemson.edu,planetlab2.cnis.nyit.edu,file1KB.txt,2015/10/01 00:27:50,2015/10/01 00:27:51,956.000000
planetlab1.clemson.edu,planetlab2.cnis.nyit.edu,file256KB.txt,2015/10/01 00:27:51,2015/10/01 00:28:14,23265.000000
planetlab1.clemson.edu,planetlab2.cnis.nyit.edu,file512KB.txt,2015/10/01 00:28:14,2015/10/01 00:28:47,32801.000000
planetlab1.clemson.edu,planetlab2.cnis.nyit.edu,file1MB.txt,2015/10/01 00:28:47,2015/10/01 00:29:53,65816.000000
planetlab1.cs.du.edu,planetlab2.cnis.nyit.edu,file32B.txt,2015/10/01 00:29:53,2015/10/01 00:29:54,1549.000000
planetlab1.cs.du.edu,planetlab2.cnis.nyit.edu,file1KB.txt,2015/10/01 00:29:54,2015/10/01 00:29:54,486.000000
planetlab1.cs.du.edu,planetlab2.cnis.nyit.edu,file256KB.txt,2015/10/01 00:29:54,2015/10/01 00:30:28,34516.000000
planetlab1.cs.du.edu,planetlab2.cnis.nyit.edu,file512KB.txt,2015/10/01 00:30:28,2015/10/01 00:32:11,103024.000000
planetlab1.cs.du.edu,planetlab2.cnis.nyit.edu,file1MB.txt,2015/10/01 00:32:11,2015/10/01 00:34:19,127603.000000
planetlab-1.cse.ohio-state.edu,planetlab2.cnis.nyit.edu,file32B.txt,2015/10/01 00:34:19,2015/10/01 00:34:43,24849.000000
planetlab-1.cse.ohio-state.edu,planetlab2.cnis.nyit.edu,file1KB.txt,2015/10/01 00:34:43,2015/10/01 00:34:48,4972.000000
planetlab-1.cse.ohio-state.edu,planetlab2.cnis.nyit.edu,file256KB.txt,2015/10/01 00:34:48,2015/10/01 00:45:07,620146.000000
planetlab-1.cse.ohio-state.edu,planetlab2.cnis.nyit.edu,file512KB.txt,2015/10/01 00:45:08,2015/10/01 01:07:55,-1366793.000000
planetlab-1.cse.ohio-state.edu,planetlab2.cnis.nyit.edu,file1MB.txt,2015/10/01 01:07:55,2015/10/01 01:42:00,2046113.000000
planetlab1.cs.okstate.edu,planetlab2.cnis.nyit.edu,file32B.txt,2015/10/01 01:42:01,2015/10/01 01:42:01,404.000000
planetlab1.cs.okstate.edu,planetlab2.cnis.nyit.edu,file1KB.txt,2015/10/01 01:42:01,2015/10/01 01:42:02,1571.000000
planetlab1.cs.okstate.edu,planetlab2.cnis.nyit.edu,file256KB.txt,2015/10/01 01:42:02,2015/10/01 01:42:36,33692.000000
planetlab1.cs.okstate.edu,planetlab2.cnis.nyit.edu,file512KB.txt,2015/10/01 01:42:36,2015/10/01 01:43:28,52298.000000
planetlab1.cs.okstate.edu,planetlab2.cnis.nyit.edu,file1MB.txt,2015/10/01 01:43:28,2015/10/01 01:45:09,100331.000000
planetlab1.cs.ucla.edu,planetlab2.cnis.nyit.edu,file32B.txt,2015/10/01 01:45:09,2015/10/01 01:45:10,1444.000000
planetlab1.cs.ucla.edu,planetlab2.cnis.nyit.edu,file1KB.txt,2015/10/01 01:45:10,2015/10/01 01:45:11,1368.000000
planetlab1.cs.ucla.edu,planetlab2.cnis.nyit.edu,file256KB.txt,2015/10/01 01:45:11,2015/10/01 01:45:59,47336.000000
planetlab1.cs.ucla.edu,planetlab2.cnis.nyit.edu,file512KB.txt,2015/10/01 01:45:59,2015/10/01 01:47:30,91481.000000
planetlab1.cs.ucla.edu,planetlab2.cnis.nyit.edu,file1MB.txt,2015/10/01 01:47:30,2015/10/01 01:50:34,183356.000000
planetlab1.csuohio.edu,planetlab2.cnis.nyit.edu,file32B.txt,2015/10/01 01:50:34,2015/10/01 01:50:35,1593.000000
planetlab1.csuohio.edu,planetlab2.cnis.nyit.edu,file1KB.txt,2015/10/01 01:50:35,2015/10/01 01:50:35,407.000000
planetlab1.csuohio.edu,planetlab2.cnis.nyit.edu,file256KB.txt,2015/10/01 01:50:35,2015/10/01 01:51:00,24975.000000
planetlab1.csuohio.edu,planetlab2.cnis.nyit.edu,file512KB.txt,2015/10/01 01:51:00,2015/10/01 01:51:50,50763.000000
planetlab1.csuohio.edu,planetlab2.cnis.nyit.edu,file1MB.txt,2015/10/01 01:51:50,2015/10/01 01:53:28,97195.000000
planetlab1.emich.edu,planetlab2.cnis.nyit.edu,file32B.txt,2015/10/01 01:53:28,2015/10/01 01:53:29,1687.000000
planetlab1.emich.edu,planetlab2.cnis.nyit.edu,file1KB.txt,2015/10/01 01:53:29,2015/10/01 01:53:29,326.000000
planetlab1.emich.edu,planetlab2.cnis.nyit.edu,file256KB.txt,2015/10/01 01:53:29,2015/10/01 01:53:48,19267.000000
planetlab1.emich.edu,planetlab2.cnis.nyit.edu,file512KB.txt,2015/10/01 01:53:48,2015/10/01 01:54:26,37744.000000
planetlab1.emich.edu,planetlab2.cnis.nyit.edu,file1MB.txt,2015/10/01 01:54:26,2015/10/01 01:55:42,76419.000000
planetlab1.ucsd.edu,planetlab2.cnis.nyit.edu,file32B.txt,2015/10/01 01:56:03,2015/10/01 01:56:04,1275.000000
planetlab1.ucsd.edu,planetlab2.cnis.nyit.edu,file1KB.txt,2015/10/01 01:56:04,2015/10/01 01:56:04,725.000000
planetlab1.ucsd.edu,planetlab2.cnis.nyit.edu,file256KB.txt,2015/10/01 01:56:04,2015/10/01 01:56:50,46411.000000
planetlab1.ucsd.edu,planetlab2.cnis.nyit.edu,file512KB.txt,2015/10/01 01:56:50,2015/10/01 01:58:21,90828.000000
planetlab1.ucsd.edu,planetlab2.cnis.nyit.edu,file1MB.txt,2015/10/01 01:58:21,2015/10/01 02:01:26,184748.000000
planetlab2.acis.ufl.edu,planetlab2.cnis.nyit.edu,file32B.txt,2015/10/01 02:01:26,2015/10/01 02:01:27,1589.000000
planetlab2.acis.ufl.edu,planetlab2.cnis.nyit.edu,file1KB.txt,2015/10/01 02:01:27,2015/10/01 02:01:27,424.000000
planetlab2.acis.ufl.edu,planetlab2.cnis.nyit.edu,file256KB.txt,2015/10/01 02:01:27,2015/10/01 02:01:53,25949.000000
planetlab2.acis.ufl.edu,planetlab2.cnis.nyit.edu,file512KB.txt,2015/10/01 02:01:53,2015/10/01 02:02:45,52095.000000
planetlab2.acis.ufl.edu,planetlab2.cnis.nyit.edu,file1MB.txt,2015/10/01 02:02:45,2015/10/01 02:04:28,102835.000000
planetlab2.arizona-gigapop.net,planetlab2.cnis.nyit.edu,file32B.txt,2015/10/01 02:04:28,2015/10/01 02:04:29,1266.000000
planetlab2.arizona-gigapop.net,planetlab2.cnis.nyit.edu,file1KB.txt,2015/10/01 02:04:29,2015/10/01 02:04:30,1153.000000
planetlab2.arizona-gigapop.net,planetlab2.cnis.nyit.edu,file256KB.txt,2015/10/01 02:04:30,2015/10/01 02:05:19,49261.000000
planetlab2.arizona-gigapop.net,planetlab2.cnis.nyit.edu,file512KB.txt,2015/10/01 02:05:19,2015/10/01 02:06:53,-93537.000000
planetlab2.arizona-gigapop.net,planetlab2.cnis.nyit.edu,file1MB.txt,2015/10/01 02:06:53,2015/10/01 02:09:58,184840.000000
planetlab2.citadel.edu,planetlab2.cnis.nyit.edu,file32B.txt,2015/10/01 02:09:58,2015/10/01 02:09:59,1232.000000
planetlab2.citadel.edu,planetlab2.cnis.nyit.edu,file1KB.txt,2015/10/01 02:09:59,2015/10/01 02:10:00,708.000000
planetlab2.citadel.edu,planetlab2.cnis.nyit.edu,file256KB.txt,2015/10/01 02:10:00,2015/10/01 02:11:03,63365.000000
planetlab2.citadel.edu,planetlab2.cnis.nyit.edu,file512KB.txt,2015/10/01 02:11:03,2015/10/01 02:13:01,118542.000000
planetlab2.citadel.edu,planetlab2.cnis.nyit.edu,file1MB.txt,2015/10/01 02:13:01,2015/10/01 02:16:47,225076.000000
planetlab2.cs.pitt.edu,planetlab2.cnis.nyit.edu,file32B.txt,2015/10/01 02:16:48,2015/10/01 02:16:48,383.000000
planetlab2.cs.pitt.edu,planetlab2.cnis.nyit.edu,file1KB.txt,2015/10/01 02:16:48,2015/10/01 02:16:48,304.000000
planetlab2.cs.pitt.edu,planetlab2.cnis.nyit.edu,file256KB.txt,2015/10/01 02:16:48,2015/10/01 02:17:06,18051.000000
planetlab2.cs.pitt.edu,planetlab2.cnis.nyit.edu,file512KB.txt,2015/10/01 02:17:06,2015/10/01 02:17:41,35171.000000
planetlab2.cs.pitt.edu,planetlab2.cnis.nyit.edu,file1MB.txt,2015/10/01 02:17:41,2015/10/01 02:19:26,105065.000000
planetlab2.cs.purdue.edu,planetlab2.cnis.nyit.edu,file32B.txt,2015/10/01 02:19:26,2015/10/01 02:19:26,427.000000
planetlab2.cs.purdue.edu,planetlab2.cnis.nyit.edu,file1KB.txt,2015/10/01 02:19:26,2015/10/01 02:19:27,1555.000000
planetlab2.cs.purdue.edu,planetlab2.cnis.nyit.edu,file256KB.txt,2015/10/01 02:19:27,2015/10/01 02:19:57,30233.000000
planetlab2.cs.purdue.edu,planetlab2.cnis.nyit.edu,file512KB.txt,2015/10/01 02:19:57,2015/10/01 02:20:52,55043.000000
planetlab2.cs.purdue.edu,planetlab2.cnis.nyit.edu,file1MB.txt,2015/10/01 02:20:52,2015/10/01 02:22:54,121856.000000
planetlab2.cs.uml.edu,planetlab2.cnis.nyit.edu,file32B.txt,2015/10/01 02:23:37,2015/10/01 02:23:37,180.000000
planetlab2.cs.uml.edu,planetlab2.cnis.nyit.edu,file1KB.txt,2015/10/01 02:23:37,2015/10/01 02:23:37,177.000000
planetlab2.cs.uml.edu,planetlab2.cnis.nyit.edu,file256KB.txt,2015/10/01 02:23:37,2015/10/01 02:23:46,8472.000000
planetlab2.cs.uml.edu,planetlab2.cnis.nyit.edu,file512KB.txt,2015/10/01 02:23:46,2015/10/01 02:24:05,19305.000000
planetlab2.cs.uml.edu,planetlab2.cnis.nyit.edu,file1MB.txt,2015/10/01 02:24:05,2015/10/01 02:24:43,38368.000000
planetlab2.cs.unc.edu,planetlab2.cnis.nyit.edu,file32B.txt,2015/10/01 02:24:43,2015/10/01 02:24:43,439.000000
planetlab2.cs.unc.edu,planetlab2.cnis.nyit.edu,file1KB.txt,2015/10/01 02:24:43,2015/10/01 02:24:44,1587.000000
planetlab2.cs.unc.edu,planetlab2.cnis.nyit.edu,file256KB.txt,2015/10/01 02:24:44,2015/10/01 02:25:07,22220.000000
planetlab2.cs.unc.edu,planetlab2.cnis.nyit.edu,file512KB.txt,2015/10/01 02:25:07,2015/10/01 02:25:54,47311.000000
planetlab2.cs.unc.edu,planetlab2.cnis.nyit.edu,file1MB.txt,2015/10/01 02:25:54,2015/10/01 02:27:27,93314.000000
planetlab2.cs.uoregon.edu,planetlab2.cnis.nyit.edu,file32B.txt,2015/10/01 02:27:27,2015/10/01 02:27:28,1167.000000
planetlab2.cs.uoregon.edu,planetlab2.cnis.nyit.edu,file1KB.txt,2015/10/01 02:27:28,2015/10/01 02:27:28,806.000000
planetlab2.cs.uoregon.edu,planetlab2.cnis.nyit.edu,file256KB.txt,2015/10/01 02:27:28,2015/10/01 02:28:13,45243.000000
planetlab2.cs.uoregon.edu,planetlab2.cnis.nyit.edu,file512KB.txt,2015/10/01 02:28:13,2015/10/01 02:29:43,89930.000000
planetlab2.cs.uoregon.edu,planetlab2.cnis.nyit.edu,file1MB.txt,2015/10/01 02:29:43,2015/10/01 02:32:44,181237.000000
planetlab2.temple.edu,planetlab2.cnis.nyit.edu,file32B.txt,2015/10/01 02:32:44,2015/10/01 02:32:44,262.000000
planetlab2.temple.edu,planetlab2.cnis.nyit.edu,file1KB.txt,2015/10/01 02:32:44,2015/10/01 02:32:45,1760.000000
planetlab2.temple.edu,planetlab2.cnis.nyit.edu,file256KB.txt,2015/10/01 02:32:45,2015/10/01 02:33:10,24481.000000
planetlab2.temple.edu,planetlab2.cnis.nyit.edu,file512KB.txt,2015/10/01 02:33:10,2015/10/01 02:33:40,30279.000000
planetlab2.temple.edu,planetlab2.cnis.nyit.edu,file1MB.txt,2015/10/01 02:33:40,2015/10/01 02:35:01,80850.000000
planetlab2.unl.edu,planetlab2.cnis.nyit.edu,file32B.txt,2015/10/01 02:35:01,2015/10/01 02:35:01,396.000000
planetlab2.unl.edu,planetlab2.cnis.nyit.edu,file1KB.txt,2015/10/01 02:35:01,2015/10/01 02:35:02,1604.000000
planetlab2.unl.edu,planetlab2.cnis.nyit.edu,file256KB.txt,2015/10/01 02:35:02,2015/10/01 02:35:26,23722.000000
planetlab2.unl.edu,planetlab2.cnis.nyit.edu,file512KB.txt,2015/10/01 02:35:26,2015/10/01 02:36:14,47847.000000
planetlab2.unl.edu,planetlab2.cnis.nyit.edu,file1MB.txt,2015/10/01 02:36:14,2015/10/01 02:37:50,96039.000000
planetlab2.unr.edu,planetlab2.cnis.nyit.edu,file32B.txt,2015/10/01 02:37:50,2015/10/01 02:37:51,1259.000000
planetlab2.unr.edu,planetlab2.cnis.nyit.edu,file1KB.txt,2015/10/01 02:37:51,2015/10/01 02:37:52,1206.000000
planetlab2.unr.edu,planetlab2.cnis.nyit.edu,file256KB.txt,2015/10/01 02:37:52,2015/10/01 02:38:46,53895.000000
planetlab2.unr.edu,planetlab2.cnis.nyit.edu,file512KB.txt,2015/10/01 02:38:46,2015/10/01 02:40:40,114035.000000
planetlab2.unr.edu,planetlab2.cnis.nyit.edu,file1MB.txt,2015/10/01 02:40:40,2015/10/01 02:44:15,215171.000000
planetlab2.uta.edu,planetlab2.cnis.nyit.edu,file32B.txt,2015/10/01 02:44:15,2015/10/01 02:44:15,510.000000
planetlab2.uta.edu,planetlab2.cnis.nyit.edu,file1KB.txt,2015/10/01 02:44:15,2015/10/01 02:44:16,941.000000
planetlab2.uta.edu,planetlab2.cnis.nyit.edu,file256KB.txt,2015/10/01 02:44:16,2015/10/01 02:44:45,29261.000000
planetlab2.uta.edu,planetlab2.cnis.nyit.edu,file512KB.txt,2015/10/01 02:44:45,2015/10/01 02:45:41,56463.000000
planetlab2.uta.edu,planetlab2.cnis.nyit.edu,file1MB.txt,2015/10/01 02:45:41,2015/10/01 02:47:31,109579.000000
planetlab2.utdallas.edu,planetlab2.cnis.nyit.edu,file32B.txt,2015/10/01 02:47:31,2015/10/01 02:47:31,455.000000
planetlab2.utdallas.edu,planetlab2.cnis.nyit.edu,file1KB.txt,2015/10/01 02:47:31,2015/10/01 02:47:32,1536.000000
planetlab2.utdallas.edu,planetlab2.cnis.nyit.edu,file256KB.txt,2015/10/01 02:47:32,2015/10/01 02:48:00,28426.000000
planetlab2.utdallas.edu,planetlab2.cnis.nyit.edu,file512KB.txt,2015/10/01 02:48:00,2015/10/01 02:48:55,54998.000000
planetlab2.utdallas.edu,planetlab2.cnis.nyit.edu,file1MB.txt,2015/10/01 02:48:55,2015/10/01 02:50:44,108392.000000
planetlab3.eecs.umich.edu,planetlab2.cnis.nyit.edu,file32B.txt,2015/10/01 02:50:44,2015/10/01 02:50:44,317.000000
planetlab3.eecs.umich.edu,planetlab2.cnis.nyit.edu,file1KB.txt,2015/10/01 02:50:44,2015/10/01 02:50:45,1634.000000
planetlab3.eecs.umich.edu,planetlab2.cnis.nyit.edu,file256KB.txt,2015/10/01 02:50:45,2015/10/01 02:51:04,19035.000000
planetlab3.eecs.umich.edu,planetlab2.cnis.nyit.edu,file512KB.txt,2015/10/01 02:51:04,2015/10/01 02:51:41,36586.000000
planetlab3.eecs.umich.edu,planetlab2.cnis.nyit.edu,file1MB.txt,2015/10/01 02:51:41,2015/10/01 02:52:56,75547.000000
planetlab3.rutgers.edu,planetlab2.cnis.nyit.edu,file32B.txt,2015/10/01 02:52:56,2015/10/01 02:52:56,192.000000
planetlab3.rutgers.edu,planetlab2.cnis.nyit.edu,file1KB.txt,2015/10/01 02:52:56,2015/10/01 02:52:56,252.000000
planetlab3.rutgers.edu,planetlab2.cnis.nyit.edu,file256KB.txt,2015/10/01 02:52:56,2015/10/01 02:53:07,11037.000000
planetlab3.rutgers.edu,planetlab2.cnis.nyit.edu,file512KB.txt,2015/10/01 02:53:07,2015/10/01 02:53:28,21222.000000
planetlab3.rutgers.edu,planetlab2.cnis.nyit.edu,file1MB.txt,2015/10/01 02:53:28,2015/10/01 02:53:59,30350.000000
planetlab3.wail.wisc.edu,planetlab2.cnis.nyit.edu,file32B.txt,2015/10/01 02:53:59,2015/10/01 02:54:00,1418.000000
planetlab3.wail.wisc.edu,planetlab2.cnis.nyit.edu,file1KB.txt,2015/10/01 02:54:00,2015/10/01 02:54:01,1372.000000
planetlab3.wail.wisc.edu,planetlab2.cnis.nyit.edu,file256KB.txt,2015/10/01 02:54:01,2015/10/01 02:54:28,26969.000000
planetlab3.wail.wisc.edu,planetlab2.cnis.nyit.edu,file512KB.txt,2015/10/01 02:54:28,2015/10/01 02:55:21,52232.000000
planetlab3.wail.wisc.edu,planetlab2.cnis.nyit.edu,file1MB.txt,2015/10/01 02:55:21,2015/10/01 02:57:15,114111.000000
planetlab4.tamu.edu,planetlab2.cnis.nyit.edu,file32B.txt,2015/10/01 02:57:15,2015/10/01 02:57:16,1572.000000
planetlab4.tamu.edu,planetlab2.cnis.nyit.edu,file1KB.txt,2015/10/01 02:57:16,2015/10/01 02:57:16,412.000000
planetlab4.tamu.edu,planetlab2.cnis.nyit.edu,file256KB.txt,2015/10/01 02:57:16,2015/10/01 02:57:41,25038.000000
planetlab4.tamu.edu,planetlab2.cnis.nyit.edu,file512KB.txt,2015/10/01 02:57:41,2015/10/01 02:58:31,50194.000000
planetlab4.tamu.edu,planetlab2.cnis.nyit.edu,file1MB.txt,2015/10/01 02:58:31,2015/10/01 03:00:19,108492.000000
planetlab-5.eecs.cwru.edu,planetlab2.cnis.nyit.edu,file32B.txt,2015/10/01 03:00:19,2015/10/01 03:00:19,551.000000
planetlab-5.eecs.cwru.edu,planetlab2.cnis.nyit.edu,file1KB.txt,2015/10/01 03:00:19,2015/10/01 03:00:20,1488.000000
planetlab-5.eecs.cwru.edu,planetlab2.cnis.nyit.edu,file256KB.txt,2015/10/01 03:00:20,2015/10/01 03:00:44,23724.000000
planetlab-5.eecs.cwru.edu,planetlab2.cnis.nyit.edu,file512KB.txt,2015/10/01 03:00:44,2015/10/01 03:01:32,48096.000000
planetlab-5.eecs.cwru.edu,planetlab2.cnis.nyit.edu,file1MB.txt,2015/10/01 03:01:32,2015/10/01 03:03:07,94738.000000
planetlabone.ccs.neu.edu,planetlab2.cnis.nyit.edu,file32B.txt,2015/10/01 03:03:07,2015/10/01 03:03:08,1584.000000
planetlabone.ccs.neu.edu,planetlab2.cnis.nyit.edu,file1KB.txt,2015/10/01 03:03:08,2015/10/01 03:03:08,178.000000
planetlabone.ccs.neu.edu,planetlab2.cnis.nyit.edu,file256KB.txt,2015/10/01 03:03:08,2015/10/01 03:03:22,13907.000000
planetlabone.ccs.neu.edu,planetlab2.cnis.nyit.edu,file512KB.txt,2015/10/01 03:03:22,2015/10/01 03:03:55,32643.000000
planetlabone.ccs.neu.edu,planetlab2.cnis.nyit.edu,file1MB.txt,2015/10/01 03:03:55,2015/10/01 03:04:57,62234.000000
pl-node-0.csl.sri.com,planetlab2.cnis.nyit.edu,file32B.txt,2015/10/01 03:04:57,2015/10/01 03:04:58,1340.000000
pl-node-0.csl.sri.com,planetlab2.cnis.nyit.edu,file1KB.txt,2015/10/01 03:04:58,2015/10/01 03:04:58,899.000000
pl-node-0.csl.sri.com,planetlab2.cnis.nyit.edu,file256KB.txt,2015/10/01 03:04:58,2015/10/01 03:05:44,46193.000000
pl-node-0.csl.sri.com,planetlab2.cnis.nyit.edu,file512KB.txt,2015/10/01 03:05:44,2015/10/01 03:07:15,91322.000000
pl-node-0.csl.sri.com,planetlab2.cnis.nyit.edu,file1MB.txt,2015/10/01 03:07:15,2015/10/01 03:10:14,178909.000000
ricepl-5.cs.rice.edu,planetlab2.cnis.nyit.edu,file32B.txt,2015/10/01 03:10:14,2015/10/01 03:10:15,1664.000000
ricepl-5.cs.rice.edu,planetlab2.cnis.nyit.edu,file1KB.txt,2015/10/01 03:10:15,2015/10/01 03:10:15,453.000000
ricepl-5.cs.rice.edu,planetlab2.cnis.nyit.edu,file256KB.txt,2015/10/01 03:10:15,2015/10/01 03:10:36,20621.000000
ricepl-5.cs.rice.edu,planetlab2.cnis.nyit.edu,file512KB.txt,2015/10/01 03:10:36,2015/10/01 03:11:18,42392.000000
ricepl-5.cs.rice.edu,planetlab2.cnis.nyit.edu,file1MB.txt,2015/10/01 03:11:18,2015/10/01 03:12:40,81515.000000
salt.planetlab.cs.umd.edu,planetlab2.cnis.nyit.edu,file32B.txt,2015/10/01 03:12:40,2015/10/01 03:12:41,1336.000000
salt.planetlab.cs.umd.edu,planetlab2.cnis.nyit.edu,file1KB.txt,2015/10/01 03:12:41,2015/10/01 03:12:42,1085.000000
salt.planetlab.cs.umd.edu,planetlab2.cnis.nyit.edu,file256KB.txt,2015/10/01 03:12:42,2015/10/01 03:13:02,19585.000000
salt.planetlab.cs.umd.edu,planetlab2.cnis.nyit.edu,file512KB.txt,2015/10/01 03:13:02,2015/10/01 03:13:21,19033.000000
salt.planetlab.cs.umd.edu,planetlab2.cnis.nyit.edu,file1MB.txt,2015/10/01 03:13:21,2015/10/01 03:14:00,39294.000000
pl1.eecs.utk.edu,planetlab2.cnis.nyit.edu,file32B.txt,2015/10/01 03:14:00,2015/10/01 03:14:01,1110.000000
pl1.eecs.utk.edu,planetlab2.cnis.nyit.edu,file1KB.txt,2015/10/01 03:14:01,2015/10/01 03:14:03,2304.000000
pl1.eecs.utk.edu,planetlab2.cnis.nyit.edu,file256KB.txt,2015/10/01 03:14:03,2015/10/01 03:15:59,116095.000000
pl1.eecs.utk.edu,planetlab2.cnis.nyit.edu,file512KB.txt,2015/10/01 03:15:59,2015/10/01 03:19:22,-202354.000000
pl1.eecs.utk.edu,planetlab2.cnis.nyit.edu,file1MB.txt,2015/10/01 03:19:22,2015/10/01 03:26:47,445666.000000
planetlab-01.vt.nodes.planet-lab.org,planetlab2.cnis.nyit.edu,file32B.txt,2015/10/01 03:26:47,2015/10/01 03:26:47,287.000000
planetlab-01.vt.nodes.planet-lab.org,planetlab2.cnis.nyit.edu,file1KB.txt,2015/10/01 03:26:47,2015/10/01 03:26:47,224.000000
planetlab-01.vt.nodes.planet-lab.org,planetlab2.cnis.nyit.edu,file256KB.txt,2015/10/01 03:26:47,2015/10/01 03:27:00,13115.000000
planetlab-01.vt.nodes.planet-lab.org,planetlab2.cnis.nyit.edu,file512KB.txt,2015/10/01 03:27:00,2015/10/01 03:27:26,26383.000000
planetlab-01.vt.nodes.planet-lab.org,planetlab2.cnis.nyit.edu,file1MB.txt,2015/10/01 03:27:26,2015/10/01 03:28:16,49771.000000
planetlab-04.vt.nodes.planet-lab.org,planetlab2.cnis.nyit.edu,file32B.txt,2015/10/01 03:28:16,2015/10/01 03:28:16,227.000000
planetlab-04.vt.nodes.planet-lab.org,planetlab2.cnis.nyit.edu,file1KB.txt,2015/10/01 03:28:16,2015/10/01 03:28:17,1695.000000
planetlab-04.vt.nodes.planet-lab.org,planetlab2.cnis.nyit.edu,file256KB.txt,2015/10/01 03:28:17,2015/10/01 03:28:29,11410.000000
planetlab-04.vt.nodes.planet-lab.org,planetlab2.cnis.nyit.edu,file512KB.txt,2015/10/01 03:28:29,2015/10/01 03:28:54,24765.000000
planetlab-04.vt.nodes.planet-lab.org,planetlab2.cnis.nyit.edu,file1MB.txt,2015/10/01 03:28:54,2015/10/01 03:29:45,51362.000000
planetlab-4.eecs.cwru.edu,planetlab2.cnis.nyit.edu,file32B.txt,2015/10/01 03:29:45,2015/10/01 03:29:47,2016.000000
planetlab-4.eecs.cwru.edu,planetlab2.cnis.nyit.edu,file1KB.txt,2015/10/01 03:29:47,2015/10/01 03:29:52,4869.000000
planetlab-4.eecs.cwru.edu,planetlab2.cnis.nyit.edu,file256KB.txt,2015/10/01 03:29:52,2015/10/01 03:40:27,634728.000000
planetlab-4.eecs.cwru.edu,planetlab2.cnis.nyit.edu,file512KB.txt,2015/10/01 03:40:27,2015/10/01 03:52:04,697207.000000
planetlab-4.eecs.cwru.edu,planetlab2.cnis.nyit.edu,file1MB.txt,2015/10/01 03:52:04,2015/10/01 04:16:34,1470480.000000
planetlab01.cs.washington.edu,planetlab2.cnis.nyit.edu,file32B.txt,2015/10/01 04:16:34,2015/10/01 04:16:35,1207.000000
planetlab01.cs.washington.edu,planetlab2.cnis.nyit.edu,file1KB.txt,2015/10/01 04:16:35,2015/10/01 04:16:35,773.000000
