planetlab1.unr.edu,planetlab1.cs.unc.edu,file32B.txt,2015/09/30 21:13:46,2015/09/30 21:13:46,495.000000
planetlab1.unr.edu,planetlab1.cs.unc.edu,file1KB.txt,2015/09/30 21:13:46,2015/09/30 21:13:47,1393.000000
planetlab1.unr.edu,planetlab1.cs.unc.edu,file256KB.txt,2015/09/30 21:13:47,2015/09/30 21:14:30,42416.000000
planetlab1.unr.edu,planetlab1.cs.unc.edu,file512KB.txt,2015/09/30 21:14:30,2015/09/30 21:15:57,87336.000000
planetlab1.unr.edu,planetlab1.cs.unc.edu,file1MB.txt,2015/09/30 21:15:57,2015/09/30 21:18:50,173138.000000
pl2.cs.unm.edu,planetlab1.cs.unc.edu,file32B.txt,2015/09/30 21:18:50,2015/09/30 21:18:50,481.000000
pl2.cs.unm.edu,planetlab1.cs.unc.edu,file1KB.txt,2015/09/30 21:18:50,2015/09/30 21:18:51,1433.000000
pl2.cs.unm.edu,planetlab1.cs.unc.edu,file256KB.txt,2015/09/30 21:18:51,2015/09/30 21:19:33,42401.000000
pl2.cs.unm.edu,planetlab1.cs.unc.edu,file512KB.txt,2015/09/30 21:19:33,2015/09/30 21:20:55,-81190.000000
pl2.cs.unm.edu,planetlab1.cs.unc.edu,file1MB.txt,2015/09/30 21:20:55,2015/09/30 21:23:40,165443.000000
planetlab2.cnis.nyit.edu,planetlab1.cs.unc.edu,file32B.txt,2015/09/30 21:23:40,2015/09/30 21:23:40,262.000000
planetlab2.cnis.nyit.edu,planetlab1.cs.unc.edu,file1KB.txt,2015/09/30 21:23:40,2015/09/30 21:23:40,320.000000
planetlab2.cnis.nyit.edu,planetlab1.cs.unc.edu,file256KB.txt,2015/09/30 21:23:40,2015/09/30 21:24:04,24948.000000
planetlab2.cnis.nyit.edu,planetlab1.cs.unc.edu,file512KB.txt,2015/09/30 21:24:04,2015/09/30 21:24:50,45313.000000
planetlab2.cnis.nyit.edu,planetlab1.cs.unc.edu,file1MB.txt,2015/09/30 21:24:50,2015/09/30 21:26:19,88755.000000
planetlab2.rutgers.edu,planetlab1.cs.unc.edu,file32B.txt,2015/09/30 21:26:19,2015/09/30 21:26:22,3178.000000
planetlab2.rutgers.edu,planetlab1.cs.unc.edu,file1KB.txt,2015/09/30 21:26:22,2015/09/30 21:26:33,11707.000000
planetlab2.rutgers.edu,planetlab1.cs.unc.edu,file256KB.txt,2015/09/30 21:26:33,2015/09/30 21:46:32,1198528.000000
planetlab2.rutgers.edu,planetlab1.cs.unc.edu,file512KB.txt,2015/09/30 21:46:32,2015/09/30 22:23:29,-2078045.000000
planetlab2.rutgers.edu,planetlab1.cs.unc.edu,file1MB.txt,2015/09/30 22:23:29,2015/09/30 23:20:38,865600.000000
planetlab2.cs.du.edu,planetlab1.cs.unc.edu,file32B.txt,2015/09/30 23:20:38,2015/09/30 23:20:38,354.000000
planetlab2.cs.du.edu,planetlab1.cs.unc.edu,file1KB.txt,2015/09/30 23:20:38,2015/09/30 23:20:38,1631.000000
planetlab2.cs.du.edu,planetlab1.cs.unc.edu,file256KB.txt,2015/09/30 23:20:39,2015/09/30 23:21:06,26880.000000
planetlab2.cs.du.edu,planetlab1.cs.unc.edu,file512KB.txt,2015/09/30 23:21:06,2015/09/30 23:22:00,53646.000000
planetlab2.cs.du.edu,planetlab1.cs.unc.edu,file1MB.txt,2015/09/30 23:22:00,2015/09/30 23:23:48,108174.000000
planetlab2.ucsd.edu,planetlab1.cs.unc.edu,file32B.txt,2015/09/30 23:23:48,2015/09/30 23:23:48,548.000000
planetlab2.ucsd.edu,planetlab1.cs.unc.edu,file1KB.txt,2015/09/30 23:23:48,2015/09/30 23:23:49,1409.000000
planetlab2.ucsd.edu,planetlab1.cs.unc.edu,file256KB.txt,2015/09/30 23:23:49,2015/09/30 23:24:29,40076.000000
planetlab2.ucsd.edu,planetlab1.cs.unc.edu,file512KB.txt,2015/09/30 23:24:29,2015/09/30 23:25:49,80315.000000
planetlab2.ucsd.edu,planetlab1.cs.unc.edu,file1MB.txt,2015/09/30 23:25:49,2015/09/30 23:28:28,159003.000000
planetlab3.cs.uoregon.edu,planetlab1.cs.unc.edu,file32B.txt,2015/09/30 23:28:28,2015/09/30 23:28:28,680.000000
planetlab3.cs.uoregon.edu,planetlab1.cs.unc.edu,file1KB.txt,2015/09/30 23:28:28,2015/09/30 23:28:29,1320.000000
planetlab3.cs.uoregon.edu,planetlab1.cs.unc.edu,file256KB.txt,2015/09/30 23:28:29,2015/09/30 23:29:19,50256.000000
planetlab3.cs.uoregon.edu,planetlab1.cs.unc.edu,file512KB.txt,2015/09/30 23:29:19,2015/09/30 23:30:58,98420.000000
planetlab3.cs.uoregon.edu,planetlab1.cs.unc.edu,file1MB.txt,2015/09/30 23:30:58,2015/09/30 23:34:17,199607.000000
planetlab-01.bu.edu,planetlab1.cs.unc.edu,file32B.txt,2015/09/30 23:34:17,2015/09/30 23:34:17,214.000000
planetlab-01.bu.edu,planetlab1.cs.unc.edu,file1KB.txt,2015/09/30 23:34:17,2015/09/30 23:34:17,217.000000
planetlab-01.bu.edu,planetlab1.cs.unc.edu,file256KB.txt,2015/09/30 23:34:17,2015/09/30 23:34:33,15919.000000
planetlab-01.bu.edu,planetlab1.cs.unc.edu,file512KB.txt,2015/09/30 23:34:33,2015/09/30 23:35:05,32079.000000
planetlab-01.bu.edu,planetlab1.cs.unc.edu,file1MB.txt,2015/09/30 23:35:05,2015/09/30 23:36:09,64558.000000
planetlab4.cnds.jhu.edu,planetlab1.cs.unc.edu,file32B.txt,2015/09/30 23:36:09,2015/09/30 23:36:09,174.000000
planetlab4.cnds.jhu.edu,planetlab1.cs.unc.edu,file1KB.txt,2015/09/30 23:36:09,2015/09/30 23:36:09,175.000000
planetlab4.cnds.jhu.edu,planetlab1.cs.unc.edu,file256KB.txt,2015/09/30 23:36:09,2015/09/30 23:36:22,13252.000000
planetlab4.cnds.jhu.edu,planetlab1.cs.unc.edu,file512KB.txt,2015/09/30 23:36:22,2015/09/30 23:36:47,24688.000000
planetlab4.cnds.jhu.edu,planetlab1.cs.unc.edu,file1MB.txt,2015/09/30 23:36:47,2015/09/30 23:37:39,51954.000000
planetlabtwo.ccs.neu.edu,planetlab1.cs.unc.edu,file32B.txt,2015/09/30 23:37:39,2015/09/30 23:37:39,273.000000
planetlabtwo.ccs.neu.edu,planetlab1.cs.unc.edu,file1KB.txt,2015/09/30 23:37:39,2015/09/30 23:37:39,181.000000
planetlabtwo.ccs.neu.edu,planetlab1.cs.unc.edu,file256KB.txt,2015/09/30 23:37:39,2015/09/30 23:37:52,13101.000000
planetlabtwo.ccs.neu.edu,planetlab1.cs.unc.edu,file512KB.txt,2015/09/30 23:37:52,2015/09/30 23:38:18,26464.000000
planetlabtwo.ccs.neu.edu,planetlab1.cs.unc.edu,file1MB.txt,2015/09/30 23:38:18,2015/09/30 23:39:09,51089.000000
planetlab1.cs.purdue.edu,planetlab1.cs.unc.edu,file32B.txt,2015/09/30 23:39:09,2015/09/30 23:39:10,732.000000
planetlab1.cs.purdue.edu,planetlab1.cs.unc.edu,file1KB.txt,2015/09/30 23:39:10,2015/09/30 23:39:12,1901.000000
planetlab1.cs.purdue.edu,planetlab1.cs.unc.edu,file256KB.txt,2015/09/30 23:39:12,2015/09/30 23:44:52,-339912.000000
planetlab1.cs.purdue.edu,planetlab1.cs.unc.edu,file512KB.txt,2015/09/30 23:44:52,2015/10/01 00:04:55,1203221.000000
planetlab1.cs.purdue.edu,planetlab1.cs.unc.edu,file1MB.txt,2015/10/01 00:04:55,2015/10/01 00:47:40,-1729635.000000
planetlab2.tsuniv.edu,planetlab1.cs.unc.edu,file32B.txt,2015/10/01 00:47:40,2015/10/01 00:47:42,2131.000000
planetlab2.tsuniv.edu,planetlab1.cs.unc.edu,file1KB.txt,2015/10/01 00:47:42,2015/10/01 00:47:44,1538.000000
planetlab2.tsuniv.edu,planetlab1.cs.unc.edu,file256KB.txt,2015/10/01 00:47:44,2015/10/01 00:50:19,155103.000000
planetlab2.tsuniv.edu,planetlab1.cs.unc.edu,file512KB.txt,2015/10/01 00:50:19,2015/10/01 00:59:00,-520544.000000
planetlab2.tsuniv.edu,planetlab1.cs.unc.edu,file1MB.txt,2015/10/01 00:59:00,2015/10/01 01:11:32,752022.000000
planetlab1.tsuniv.edu,planetlab1.cs.unc.edu,file32B.txt,2015/10/01 01:11:32,2015/10/01 01:11:33,1632.000000
planetlab1.tsuniv.edu,planetlab1.cs.unc.edu,file1KB.txt,2015/10/01 01:11:33,2015/10/01 01:11:33,364.000000
planetlab1.tsuniv.edu,planetlab1.cs.unc.edu,file256KB.txt,2015/10/01 01:11:33,2015/10/01 01:12:09,36422.000000
planetlab1.tsuniv.edu,planetlab1.cs.unc.edu,file512KB.txt,2015/10/01 01:12:09,2015/10/01 01:15:47,218029.000000
planetlab1.tsuniv.edu,planetlab1.cs.unc.edu,file1MB.txt,2015/10/01 01:15:47,2015/10/01 01:18:41,173813.000000
planetlab3.ucsd.edu,planetlab1.cs.unc.edu,file32B.txt,2015/10/01 01:18:41,2015/10/01 01:18:41,559.000000
planetlab3.ucsd.edu,planetlab1.cs.unc.edu,file1KB.txt,2015/10/01 01:18:41,2015/10/01 01:18:42,1454.000000
planetlab3.ucsd.edu,planetlab1.cs.unc.edu,file256KB.txt,2015/10/01 01:18:42,2015/10/01 01:19:22,39463.000000
planetlab3.ucsd.edu,planetlab1.cs.unc.edu,file512KB.txt,2015/10/01 01:19:22,2015/10/01 01:20:43,81155.000000
planetlab3.ucsd.edu,planetlab1.cs.unc.edu,file1MB.txt,2015/10/01 01:20:43,2015/10/01 01:23:29,166805.000000
node2.planetlab.mathcs.emory.edu,planetlab1.cs.unc.edu,file32B.txt,2015/10/01 01:23:29,2015/10/01 01:23:29,117.000000
node2.planetlab.mathcs.emory.edu,planetlab1.cs.unc.edu,file1KB.txt,2015/10/01 01:23:29,2015/10/01 01:23:29,100.000000
node2.planetlab.mathcs.emory.edu,planetlab1.cs.unc.edu,file256KB.txt,2015/10/01 01:23:29,2015/10/01 01:23:37,8685.000000
node2.planetlab.mathcs.emory.edu,planetlab1.cs.unc.edu,file512KB.txt,2015/10/01 01:23:37,2015/10/01 01:23:51,13316.000000
node2.planetlab.mathcs.emory.edu,planetlab1.cs.unc.edu,file1MB.txt,2015/10/01 01:23:51,2015/10/01 01:24:21,30459.000000
planetlab5.csee.usf.edu,planetlab1.cs.unc.edu,file32B.txt,2015/10/01 01:24:21,2015/10/01 01:24:21,237.000000
planetlab5.csee.usf.edu,planetlab1.cs.unc.edu,file1KB.txt,2015/10/01 01:24:21,2015/10/01 01:24:21,217.000000
planetlab5.csee.usf.edu,planetlab1.cs.unc.edu,file256KB.txt,2015/10/01 01:24:21,2015/10/01 01:24:37,16287.000000
planetlab5.csee.usf.edu,planetlab1.cs.unc.edu,file512KB.txt,2015/10/01 01:24:37,2015/10/01 01:25:09,32410.000000
planetlab5.csee.usf.edu,planetlab1.cs.unc.edu,file1MB.txt,2015/10/01 01:25:09,2015/10/01 01:26:11,61230.000000
planetlab1.emich.edu,planetlab1.cs.unc.edu,file32B.txt,2015/10/01 01:26:11,2015/10/01 01:26:12,1705.000000
planetlab1.emich.edu,planetlab1.cs.unc.edu,file1KB.txt,2015/10/01 01:26:12,2015/10/01 01:26:12,269.000000
planetlab1.emich.edu,planetlab1.cs.unc.edu,file256KB.txt,2015/10/01 01:26:12,2015/10/01 01:26:32,20172.000000
planetlab1.emich.edu,planetlab1.cs.unc.edu,file512KB.txt,2015/10/01 01:26:32,2015/10/01 01:27:11,38528.000000
planetlab1.emich.edu,planetlab1.cs.unc.edu,file1MB.txt,2015/10/01 01:27:11,2015/10/01 01:28:30,79285.000000
ebb.colgate.edu,planetlab1.cs.unc.edu,file32B.txt,2015/10/01 01:28:30,2015/10/01 01:28:30,260.000000
ebb.colgate.edu,planetlab1.cs.unc.edu,file1KB.txt,2015/10/01 01:28:30,2015/10/01 01:28:30,246.000000
ebb.colgate.edu,planetlab1.cs.unc.edu,file256KB.txt,2015/10/01 01:28:30,2015/10/01 01:28:52,22537.000000
ebb.colgate.edu,planetlab1.cs.unc.edu,file512KB.txt,2015/10/01 01:28:52,2015/10/01 01:29:35,43146.000000
ebb.colgate.edu,planetlab1.cs.unc.edu,file1MB.txt,2015/10/01 01:29:35,2015/10/01 01:30:52,76639.000000
kc-sce-plab2.umkc.edu,planetlab1.cs.unc.edu,file32B.txt,2015/10/01 01:30:52,2015/10/01 01:30:54,2603.000000
kc-sce-plab2.umkc.edu,planetlab1.cs.unc.edu,file1KB.txt,2015/10/01 01:30:54,2015/10/01 01:30:55,858.000000
kc-sce-plab2.umkc.edu,planetlab1.cs.unc.edu,file256KB.txt,2015/10/01 01:30:55,2015/10/01 01:32:42,106710.000000
kc-sce-plab2.umkc.edu,planetlab1.cs.unc.edu,file512KB.txt,2015/10/01 01:32:42,2015/10/01 01:35:55,193320.000000
kc-sce-plab2.umkc.edu,planetlab1.cs.unc.edu,file1MB.txt,2015/10/01 01:35:55,2015/10/01 01:41:35,339348.000000
node1.planetlab.mathcs.emory.edu,planetlab1.cs.unc.edu,file32B.txt,2015/10/01 01:41:35,2015/10/01 01:41:35,115.000000
node1.planetlab.mathcs.emory.edu,planetlab1.cs.unc.edu,file1KB.txt,2015/10/01 01:41:35,2015/10/01 01:41:36,1895.000000
node1.planetlab.mathcs.emory.edu,planetlab1.cs.unc.edu,file256KB.txt,2015/10/01 01:41:36,2015/10/01 01:41:43,6921.000000
node1.planetlab.mathcs.emory.edu,planetlab1.cs.unc.edu,file512KB.txt,2015/10/01 01:41:43,2015/10/01 01:41:57,13800.000000
node1.planetlab.mathcs.emory.edu,planetlab1.cs.unc.edu,file1MB.txt,2015/10/01 01:41:57,2015/10/01 01:42:26,29022.000000
pl1.cs.montana.edu,planetlab1.cs.unc.edu,file32B.txt,2015/10/01 01:42:26,2015/10/01 01:42:27,928.000000
pl1.cs.montana.edu,planetlab1.cs.unc.edu,file1KB.txt,2015/10/01 01:42:27,2015/10/01 01:42:28,953.000000
pl1.cs.montana.edu,planetlab1.cs.unc.edu,file256KB.txt,2015/10/01 01:42:28,2015/10/01 01:43:54,85623.000000
pl1.cs.montana.edu,planetlab1.cs.unc.edu,file512KB.txt,2015/10/01 01:43:54,2015/10/01 01:46:39,165468.000000
pl1.cs.montana.edu,planetlab1.cs.unc.edu,file1MB.txt,2015/10/01 01:46:39,2015/10/01 01:52:02,322366.000000
plab3.eece.ksu.edu,planetlab1.cs.unc.edu,file32B.txt,2015/10/01 01:52:24,2015/10/01 01:52:24,341.000000
plab3.eece.ksu.edu,planetlab1.cs.unc.edu,file1KB.txt,2015/10/01 01:52:24,2015/10/01 01:52:24,364.000000
plab3.eece.ksu.edu,planetlab1.cs.unc.edu,file256KB.txt,2015/10/01 01:52:24,2015/10/01 01:52:51,27626.000000
plab3.eece.ksu.edu,planetlab1.cs.unc.edu,file512KB.txt,2015/10/01 01:52:51,2015/10/01 01:53:43,51307.000000
plab3.eece.ksu.edu,planetlab1.cs.unc.edu,file1MB.txt,2015/10/01 01:53:43,2015/10/01 01:55:30,107274.000000
planet3.cc.gt.atl.ga.us,planetlab1.cs.unc.edu,file32B.txt,2015/10/01 01:55:30,2015/10/01 01:55:30,127.000000
planet3.cc.gt.atl.ga.us,planetlab1.cs.unc.edu,file1KB.txt,2015/10/01 01:55:30,2015/10/01 01:55:30,100.000000
planet3.cc.gt.atl.ga.us,planetlab1.cs.unc.edu,file256KB.txt,2015/10/01 01:55:30,2015/10/01 01:55:38,8368.000000
planet3.cc.gt.atl.ga.us,planetlab1.cs.unc.edu,file512KB.txt,2015/10/01 01:55:38,2015/10/01 01:55:53,15359.000000
planet3.cc.gt.atl.ga.us,planetlab1.cs.unc.edu,file1MB.txt,2015/10/01 01:55:53,2015/10/01 01:56:21,27142.000000
planetlab-02.bu.edu,planetlab1.cs.unc.edu,file32B.txt,2015/10/01 01:56:21,2015/10/01 01:56:22,1752.000000
planetlab-02.bu.edu,planetlab1.cs.unc.edu,file1KB.txt,2015/10/01 01:56:22,2015/10/01 01:56:22,222.000000
planetlab-02.bu.edu,planetlab1.cs.unc.edu,file256KB.txt,2015/10/01 01:56:22,2015/10/01 01:56:38,15827.000000
planetlab-02.bu.edu,planetlab1.cs.unc.edu,file512KB.txt,2015/10/01 01:56:38,2015/10/01 01:57:10,31901.000000
planetlab-02.bu.edu,planetlab1.cs.unc.edu,file1MB.txt,2015/10/01 01:57:10,2015/10/01 01:58:15,65424.000000
planetlab1.clemson.edu,planetlab1.cs.unc.edu,file32B.txt,2015/10/01 01:58:36,2015/10/01 01:58:36,173.000000
planetlab1.clemson.edu,planetlab1.cs.unc.edu,file1KB.txt,2015/10/01 01:58:36,2015/10/01 01:58:37,1834.000000
planetlab1.clemson.edu,planetlab1.cs.unc.edu,file256KB.txt,2015/10/01 01:58:37,2015/10/01 01:58:47,9178.000000
planetlab1.clemson.edu,planetlab1.cs.unc.edu,file512KB.txt,2015/10/01 01:58:47,2015/10/01 01:59:09,22384.000000
planetlab1.clemson.edu,planetlab1.cs.unc.edu,file1MB.txt,2015/10/01 01:59:09,2015/10/01 01:59:52,43045.000000
planetlab1.cs.du.edu,planetlab1.cs.unc.edu,file32B.txt,2015/10/01 01:59:52,2015/10/01 01:59:53,1645.000000
planetlab1.cs.du.edu,planetlab1.cs.unc.edu,file1KB.txt,2015/10/01 01:59:53,2015/10/01 01:59:53,370.000000
planetlab1.cs.du.edu,planetlab1.cs.unc.edu,file256KB.txt,2015/10/01 01:59:53,2015/10/01 02:00:20,26724.000000
planetlab1.cs.du.edu,planetlab1.cs.unc.edu,file512KB.txt,2015/10/01 02:00:20,2015/10/01 02:01:15,55877.000000
planetlab1.cs.du.edu,planetlab1.cs.unc.edu,file1MB.txt,2015/10/01 02:01:15,2015/10/01 02:03:02,106098.000000
planetlab-1.cse.ohio-state.edu,planetlab1.cs.unc.edu,file32B.txt,2015/10/01 02:03:03,2015/10/01 02:03:03,875.000000
planetlab-1.cse.ohio-state.edu,planetlab1.cs.unc.edu,file1KB.txt,2015/10/01 02:03:03,2015/10/01 02:03:04,1078.000000
planetlab-1.cse.ohio-state.edu,planetlab1.cs.unc.edu,file256KB.txt,2015/10/01 02:03:04,2015/10/01 02:07:09,-245172.000000
planetlab-1.cse.ohio-state.edu,planetlab1.cs.unc.edu,file512KB.txt,2015/10/01 02:07:09,2015/10/01 02:33:40,1590750.000000
planetlab1.cs.okstate.edu,planetlab1.cs.unc.edu,file32B.txt,2015/10/01 03:29:21,2015/10/01 03:29:21,351.000000
planetlab1.cs.okstate.edu,planetlab1.cs.unc.edu,file1KB.txt,2015/10/01 03:29:21,2015/10/01 03:29:21,322.000000
planetlab1.cs.okstate.edu,planetlab1.cs.unc.edu,file256KB.txt,2015/10/01 03:29:21,2015/10/01 03:29:45,24168.000000
planetlab1.cs.okstate.edu,planetlab1.cs.unc.edu,file512KB.txt,2015/10/01 03:29:45,2015/10/01 03:30:32,46820.000000
planetlab1.cs.okstate.edu,planetlab1.cs.unc.edu,file1MB.txt,2015/10/01 03:30:32,2015/10/01 03:32:07,95092.000000
planetlab1.cs.ucla.edu,planetlab1.cs.unc.edu,file32B.txt,2015/10/01 03:32:07,2015/10/01 03:32:08,1536.000000
planetlab1.cs.ucla.edu,planetlab1.cs.unc.edu,file1KB.txt,2015/10/01 03:32:08,2015/10/01 03:32:08,581.000000
planetlab1.cs.ucla.edu,planetlab1.cs.unc.edu,file256KB.txt,2015/10/01 03:32:08,2015/10/01 03:32:47,39786.000000
planetlab1.cs.ucla.edu,planetlab1.cs.unc.edu,file512KB.txt,2015/10/01 03:32:47,2015/10/01 03:34:03,75473.000000
planetlab1.cs.ucla.edu,planetlab1.cs.unc.edu,file1MB.txt,2015/10/01 03:34:03,2015/10/01 03:36:38,155381.000000
planetlab1.csuohio.edu,planetlab1.cs.unc.edu,file32B.txt,2015/10/01 03:36:38,2015/10/01 03:36:38,324.000000
planetlab1.csuohio.edu,planetlab1.cs.unc.edu,file1KB.txt,2015/10/01 03:36:38,2015/10/01 03:36:38,294.000000
planetlab1.csuohio.edu,planetlab1.cs.unc.edu,file256KB.txt,2015/10/01 03:36:38,2015/10/01 03:37:00,22552.000000
planetlab1.csuohio.edu,planetlab1.cs.unc.edu,file512KB.txt,2015/10/01 03:37:00,2015/10/01 03:37:43,42562.000000
planetlab1.csuohio.edu,planetlab1.cs.unc.edu,file1MB.txt,2015/10/01 03:37:43,2015/10/01 03:39:10,87278.000000
planetlab1.emich.edu,planetlab1.cs.unc.edu,file32B.txt,2015/10/01 03:39:10,2015/10/01 03:39:10,253.000000
planetlab1.emich.edu,planetlab1.cs.unc.edu,file1KB.txt,2015/10/01 03:39:10,2015/10/01 03:39:10,277.000000
planetlab1.emich.edu,planetlab1.cs.unc.edu,file256KB.txt,2015/10/01 03:39:10,2015/10/01 03:39:30,20184.000000
planetlab1.emich.edu,planetlab1.cs.unc.edu,file512KB.txt,2015/10/01 03:39:30,2015/10/01 03:40:10,40212.000000
planetlab1.emich.edu,planetlab1.cs.unc.edu,file1MB.txt,2015/10/01 03:40:10,2015/10/01 03:41:29,79394.000000
planetlab1.ucsd.edu,planetlab1.cs.unc.edu,file32B.txt,2015/10/01 03:41:50,2015/10/01 03:41:50,512.000000
planetlab1.ucsd.edu,planetlab1.cs.unc.edu,file1KB.txt,2015/10/01 03:41:50,2015/10/01 03:41:51,1452.000000
planetlab1.ucsd.edu,planetlab1.cs.unc.edu,file256KB.txt,2015/10/01 03:41:51,2015/10/01 03:42:34,42893.000000
planetlab1.ucsd.edu,planetlab1.cs.unc.edu,file512KB.txt,2015/10/01 03:42:34,2015/10/01 03:43:57,83484.000000
planetlab1.ucsd.edu,planetlab1.cs.unc.edu,file1MB.txt,2015/10/01 03:43:57,2015/10/01 03:46:38,160789.000000
planetlab2.acis.ufl.edu,planetlab1.cs.unc.edu,file32B.txt,2015/10/01 03:46:38,2015/10/01 03:46:38,338.000000
planetlab2.acis.ufl.edu,planetlab1.cs.unc.edu,file1KB.txt,2015/10/01 03:46:38,2015/10/01 03:46:39,1639.000000
planetlab2.acis.ufl.edu,planetlab1.cs.unc.edu,file256KB.txt,2015/10/01 03:46:39,2015/10/01 03:47:05,25338.000000
planetlab2.acis.ufl.edu,planetlab1.cs.unc.edu,file512KB.txt,2015/10/01 03:47:05,2015/10/01 03:47:58,52869.000000
planetlab2.acis.ufl.edu,planetlab1.cs.unc.edu,file1MB.txt,2015/10/01 03:47:58,2015/10/01 03:49:45,107811.000000
planetlab2.arizona-gigapop.net,planetlab1.cs.unc.edu,file32B.txt,2015/10/01 03:49:45,2015/10/01 03:49:45,535.000000
planetlab2.arizona-gigapop.net,planetlab1.cs.unc.edu,file1KB.txt,2015/10/01 03:49:45,2015/10/01 03:49:46,1534.000000
planetlab2.arizona-gigapop.net,planetlab1.cs.unc.edu,file256KB.txt,2015/10/01 03:49:46,2015/10/01 03:50:20,33922.000000
planetlab2.arizona-gigapop.net,planetlab1.cs.unc.edu,file512KB.txt,2015/10/01 03:50:20,2015/10/01 03:51:28,68022.000000
planetlab2.arizona-gigapop.net,planetlab1.cs.unc.edu,file1MB.txt,2015/10/01 03:51:28,2015/10/01 03:53:43,134710.000000
planetlab2.citadel.edu,planetlab1.cs.unc.edu,file32B.txt,2015/10/01 03:53:43,2015/10/01 03:53:43,213.000000
planetlab2.citadel.edu,planetlab1.cs.unc.edu,file1KB.txt,2015/10/01 03:53:43,2015/10/01 03:53:43,165.000000
planetlab2.citadel.edu,planetlab1.cs.unc.edu,file256KB.txt,2015/10/01 03:53:43,2015/10/01 03:53:55,12176.000000
planetlab2.citadel.edu,planetlab1.cs.unc.edu,file512KB.txt,2015/10/01 03:53:55,2015/10/01 03:54:19,24411.000000
planetlab2.citadel.edu,planetlab1.cs.unc.edu,file1MB.txt,2015/10/01 03:54:19,2015/10/01 03:55:06,46905.000000
planetlab2.cs.pitt.edu,planetlab1.cs.unc.edu,file32B.txt,2015/10/01 03:55:06,2015/10/01 03:55:06,182.000000
planetlab2.cs.pitt.edu,planetlab1.cs.unc.edu,file1KB.txt,2015/10/01 03:55:06,2015/10/01 03:55:06,173.000000
planetlab2.cs.pitt.edu,planetlab1.cs.unc.edu,file256KB.txt,2015/10/01 03:55:06,2015/10/01 03:55:20,14675.000000
planetlab2.cs.pitt.edu,planetlab1.cs.unc.edu,file512KB.txt,2015/10/01 03:55:20,2015/10/01 03:55:45,24794.000000
planetlab2.cs.pitt.edu,planetlab1.cs.unc.edu,file1MB.txt,2015/10/01 03:55:45,2015/10/01 03:56:35,49751.000000
planetlab2.cs.purdue.edu,planetlab1.cs.unc.edu,file32B.txt,2015/10/01 03:56:35,2015/10/01 03:56:35,362.000000
planetlab2.cs.purdue.edu,planetlab1.cs.unc.edu,file1KB.txt,2015/10/01 03:56:35,2015/10/01 03:56:36,1590.000000
planetlab2.cs.purdue.edu,planetlab1.cs.unc.edu,file256KB.txt,2015/10/01 03:56:36,2015/10/01 03:57:02,25483.000000
planetlab2.cs.purdue.edu,planetlab1.cs.unc.edu,file512KB.txt,2015/10/01 03:57:02,2015/10/01 03:57:56,53840.000000
planetlab2.cs.purdue.edu,planetlab1.cs.unc.edu,file1MB.txt,2015/10/01 03:57:56,2015/10/01 03:59:41,104959.000000
planetlab2.cs.uml.edu,planetlab1.cs.unc.edu,file32B.txt,2015/10/01 04:00:24,2015/10/01 04:00:24,362.000000
planetlab2.cs.uml.edu,planetlab1.cs.unc.edu,file1KB.txt,2015/10/01 04:00:24,2015/10/01 04:00:24,217.000000
planetlab2.cs.uml.edu,planetlab1.cs.unc.edu,file256KB.txt,2015/10/01 04:00:24,2015/10/01 04:00:40,16494.000000
planetlab2.cs.uml.edu,planetlab1.cs.unc.edu,file512KB.txt,2015/10/01 04:00:40,2015/10/01 04:01:12,31766.000000
planetlab2.cs.uml.edu,planetlab1.cs.unc.edu,file1MB.txt,2015/10/01 04:01:12,2015/10/01 04:02:18,66451.000000
planetlab2.cs.unc.edu,planetlab1.cs.unc.edu,file32B.txt,2015/10/01 04:02:18,2015/10/01 04:02:18,17.000000
planetlab2.cs.unc.edu,planetlab1.cs.unc.edu,file1KB.txt,2015/10/01 04:02:18,2015/10/01 04:02:18,19.000000
planetlab2.cs.unc.edu,planetlab1.cs.unc.edu,file256KB.txt,2015/10/01 04:02:18,2015/10/01 04:02:19,891.000000
planetlab2.cs.unc.edu,planetlab1.cs.unc.edu,file512KB.txt,2015/10/01 04:02:19,2015/10/01 04:02:21,1753.000000
planetlab2.cs.unc.edu,planetlab1.cs.unc.edu,file1MB.txt,2015/10/01 04:02:21,2015/10/01 04:02:27,6124.000000
planetlab2.cs.uoregon.edu,planetlab1.cs.unc.edu,file32B.txt,2015/10/01 04:02:27,2015/10/01 04:02:27,602.000000
planetlab2.cs.uoregon.edu,planetlab1.cs.unc.edu,file1KB.txt,2015/10/01 04:02:27,2015/10/01 04:02:28,1322.000000
planetlab2.cs.uoregon.edu,planetlab1.cs.unc.edu,file256KB.txt,2015/10/01 04:02:28,2015/10/01 04:03:18,49830.000000
planetlab2.cs.uoregon.edu,planetlab1.cs.unc.edu,file512KB.txt,2015/10/01 04:03:18,2015/10/01 04:04:58,100228.000000
planetlab2.cs.uoregon.edu,planetlab1.cs.unc.edu,file1MB.txt,2015/10/01 04:04:58,2015/10/01 04:08:17,198640.000000
planetlab2.temple.edu,planetlab1.cs.unc.edu,file32B.txt,2015/10/01 04:08:17,2015/10/01 04:08:18,1866.000000
planetlab2.temple.edu,planetlab1.cs.unc.edu,file1KB.txt,2015/10/01 04:08:18,2015/10/01 04:08:18,126.000000
planetlab2.temple.edu,planetlab1.cs.unc.edu,file256KB.txt,2015/10/01 04:08:18,2015/10/01 04:08:29,11068.000000
planetlab2.temple.edu,planetlab1.cs.unc.edu,file512KB.txt,2015/10/01 04:08:29,2015/10/01 04:08:51,22010.000000
planetlab2.temple.edu,planetlab1.cs.unc.edu,file1MB.txt,2015/10/01 04:08:51,2015/10/01 04:09:27,35324.000000
planetlab2.unl.edu,planetlab1.cs.unc.edu,file32B.txt,2015/10/01 04:09:27,2015/10/01 04:09:28,1573.000000
planetlab2.unl.edu,planetlab1.cs.unc.edu,file1KB.txt,2015/10/01 04:09:28,2015/10/01 04:09:28,479.000000
planetlab2.unl.edu,planetlab1.cs.unc.edu,file256KB.txt,2015/10/01 04:09:28,2015/10/01 04:10:03,35221.000000
planetlab2.unl.edu,planetlab1.cs.unc.edu,file512KB.txt,2015/10/01 04:10:03,2015/10/01 04:11:12,68717.000000
planetlab2.unl.edu,planetlab1.cs.unc.edu,file1MB.txt,2015/10/01 04:11:12,2015/10/01 04:13:31,139424.000000
planetlab2.unr.edu,planetlab1.cs.unc.edu,file32B.txt,2015/10/01 04:13:31,2015/10/01 04:13:31,539.000000
planetlab2.unr.edu,planetlab1.cs.unc.edu,file1KB.txt,2015/10/01 04:13:31,2015/10/01 04:13:32,1408.000000
planetlab2.unr.edu,planetlab1.cs.unc.edu,file256KB.txt,2015/10/01 04:13:32,2015/10/01 04:14:16,44383.000000
planetlab2.unr.edu,planetlab1.cs.unc.edu,file512KB.txt,2015/10/01 04:14:16,2015/10/01 04:15:42,85298.000000
planetlab2.unr.edu,planetlab1.cs.unc.edu,file1MB.txt,2015/10/01 04:15:42,2015/10/01 04:18:35,173313.000000
planetlab2.uta.edu,planetlab1.cs.unc.edu,file32B.txt,2015/10/01 04:18:35,2015/10/01 04:18:35,528.000000
planetlab2.uta.edu,planetlab1.cs.unc.edu,file1KB.txt,2015/10/01 04:18:35,2015/10/01 04:18:36,1689.000000
planetlab2.uta.edu,planetlab1.cs.unc.edu,file256KB.txt,2015/10/01 04:18:36,2015/10/01 04:19:03,26457.000000
planetlab2.uta.edu,planetlab1.cs.unc.edu,file512KB.txt,2015/10/01 04:19:03,2015/10/01 04:20:00,56949.000000
planetlab2.uta.edu,planetlab1.cs.unc.edu,file1MB.txt,2015/10/01 04:20:00,2015/10/01 04:21:54,114754.000000
planetlab2.utdallas.edu,planetlab1.cs.unc.edu,file32B.txt,2015/10/01 04:21:54,2015/10/01 04:21:54,289.000000
planetlab2.utdallas.edu,planetlab1.cs.unc.edu,file1KB.txt,2015/10/01 04:21:54,2015/10/01 04:21:54,309.000000
