planetlab1.unr.edu,planetlab-01.bu.edu,file32B.txt,2015/09/30 20:58:52,2015/09/30 20:58:53,1380.000000
planetlab1.unr.edu,planetlab-01.bu.edu,file1KB.txt,2015/09/30 20:58:53,2015/09/30 20:58:53,627.000000
planetlab1.unr.edu,planetlab-01.bu.edu,file256KB.txt,2015/09/30 20:58:53,2015/09/30 20:59:39,46879.000000
planetlab1.unr.edu,planetlab-01.bu.edu,file512KB.txt,2015/09/30 20:59:39,2015/09/30 21:01:09,89655.000000
planetlab1.unr.edu,planetlab-01.bu.edu,file1MB.txt,2015/09/30 21:01:09,2015/09/30 21:04:05,175790.000000
pl2.cs.unm.edu,planetlab-01.bu.edu,file32B.txt,2015/09/30 21:04:05,2015/09/30 21:04:06,1421.000000
pl2.cs.unm.edu,planetlab-01.bu.edu,file1KB.txt,2015/09/30 21:04:06,2015/09/30 21:04:06,605.000000
pl2.cs.unm.edu,planetlab-01.bu.edu,file256KB.txt,2015/09/30 21:04:06,2015/09/30 21:04:51,45685.000000
pl2.cs.unm.edu,planetlab-01.bu.edu,file512KB.txt,2015/09/30 21:04:51,2015/09/30 21:06:18,86329.000000
pl2.cs.unm.edu,planetlab-01.bu.edu,file1MB.txt,2015/09/30 21:06:18,2015/09/30 21:09:12,173914.000000
planetlab2.cnis.nyit.edu,planetlab-01.bu.edu,file32B.txt,2015/09/30 21:09:12,2015/09/30 21:09:12,146.000000
planetlab2.cnis.nyit.edu,planetlab-01.bu.edu,file1KB.txt,2015/09/30 21:09:12,2015/09/30 21:09:13,1845.000000
planetlab2.cnis.nyit.edu,planetlab-01.bu.edu,file256KB.txt,2015/09/30 21:09:13,2015/09/30 21:09:25,12067.000000
planetlab2.cnis.nyit.edu,planetlab-01.bu.edu,file512KB.txt,2015/09/30 21:09:25,2015/09/30 21:09:48,22200.000000
planetlab2.cnis.nyit.edu,planetlab-01.bu.edu,file1MB.txt,2015/09/30 21:09:48,2015/09/30 21:10:36,48534.000000
planetlab2.rutgers.edu,planetlab-01.bu.edu,file32B.txt,2015/09/30 21:10:36,2015/09/30 21:10:37,514.000000
planetlab2.rutgers.edu,planetlab-01.bu.edu,file1KB.txt,2015/09/30 21:10:37,2015/09/30 21:10:40,3480.000000
planetlab2.rutgers.edu,planetlab-01.bu.edu,file256KB.txt,2015/09/30 21:10:40,2015/09/30 21:15:54,313706.000000
planetlab2.rutgers.edu,planetlab-01.bu.edu,file512KB.txt,2015/09/30 21:15:54,2015/09/30 21:46:09,-1815245.000000
planetlab2.rutgers.edu,planetlab-01.bu.edu,file1MB.txt,2015/09/30 21:46:09,2015/09/30 22:54:20,203959.000000
planetlab2.ucsd.edu,planetlab-01.bu.edu,file32B.txt,2015/09/30 22:54:20,2015/09/30 22:54:21,1329.000000
planetlab2.ucsd.edu,planetlab-01.bu.edu,file1KB.txt,2015/09/30 22:54:21,2015/09/30 22:54:21,627.000000
planetlab2.ucsd.edu,planetlab-01.bu.edu,file256KB.txt,2015/09/30 22:54:21,2015/09/30 22:55:07,46098.000000
planetlab2.ucsd.edu,planetlab-01.bu.edu,file512KB.txt,2015/09/30 22:55:07,2015/09/30 22:56:38,91109.000000
planetlab2.ucsd.edu,planetlab-01.bu.edu,file1MB.txt,2015/09/30 22:56:38,2015/09/30 22:59:43,185249.000000
planetlab3.cs.uoregon.edu,planetlab-01.bu.edu,file32B.txt,2015/09/30 22:59:43,2015/09/30 22:59:43,630.000000
planetlab3.cs.uoregon.edu,planetlab-01.bu.edu,file1KB.txt,2015/09/30 22:59:43,2015/09/30 22:59:44,1353.000000
planetlab3.cs.uoregon.edu,planetlab-01.bu.edu,file256KB.txt,2015/09/30 22:59:44,2015/09/30 23:00:32,48324.000000
planetlab3.cs.uoregon.edu,planetlab-01.bu.edu,file512KB.txt,2015/09/30 23:00:32,2015/09/30 23:02:06,93911.000000
planetlab3.cs.uoregon.edu,planetlab-01.bu.edu,file1MB.txt,2015/09/30 23:02:06,2015/09/30 23:05:14,187673.000000
planetlab-01.bu.edu,planetlab-01.bu.edu,file32B.txt,2015/09/30 23:05:14,2015/09/30 23:05:14,18.000000
planetlab-01.bu.edu,planetlab-01.bu.edu,file1KB.txt,2015/09/30 23:05:14,2015/09/30 23:05:14,19.000000
planetlab-01.bu.edu,planetlab-01.bu.edu,file256KB.txt,2015/09/30 23:05:14,2015/09/30 23:05:15,1005.000000
planetlab-01.bu.edu,planetlab-01.bu.edu,file512KB.txt,2015/09/30 23:05:15,2015/09/30 23:05:17,2054.000000
planetlab-01.bu.edu,planetlab-01.bu.edu,file1MB.txt,2015/09/30 23:05:17,2015/09/30 23:05:21,4007.000000
planetlab4.cnds.jhu.edu,planetlab-01.bu.edu,file32B.txt,2015/09/30 23:05:21,2015/09/30 23:05:21,246.000000
planetlab4.cnds.jhu.edu,planetlab-01.bu.edu,file1KB.txt,2015/09/30 23:05:21,2015/09/30 23:05:22,1754.000000
planetlab4.cnds.jhu.edu,planetlab-01.bu.edu,file256KB.txt,2015/09/30 23:05:22,2015/09/30 23:05:32,9757.000000
planetlab4.cnds.jhu.edu,planetlab-01.bu.edu,file512KB.txt,2015/09/30 23:05:32,2015/09/30 23:05:52,19525.000000
planetlab4.cnds.jhu.edu,planetlab-01.bu.edu,file1MB.txt,2015/09/30 23:05:52,2015/09/30 23:06:34,42461.000000
planetlabtwo.ccs.neu.edu,planetlab-01.bu.edu,file32B.txt,2015/09/30 23:06:34,2015/09/30 23:06:34,69.000000
planetlabtwo.ccs.neu.edu,planetlab-01.bu.edu,file1KB.txt,2015/09/30 23:06:34,2015/09/30 23:06:34,75.000000
planetlabtwo.ccs.neu.edu,planetlab-01.bu.edu,file256KB.txt,2015/09/30 23:06:34,2015/09/30 23:06:39,5516.000000
planetlabtwo.ccs.neu.edu,planetlab-01.bu.edu,file512KB.txt,2015/09/30 23:06:39,2015/09/30 23:06:47,7414.000000
planetlabtwo.ccs.neu.edu,planetlab-01.bu.edu,file1MB.txt,2015/09/30 23:06:47,2015/09/30 23:07:05,18636.000000
planetlab1.cs.purdue.edu,planetlab-01.bu.edu,file32B.txt,2015/09/30 23:07:05,2015/09/30 23:07:05,617.000000
planetlab1.cs.purdue.edu,planetlab-01.bu.edu,file1KB.txt,2015/09/30 23:07:05,2015/09/30 23:07:06,1248.000000
planetlab1.cs.purdue.edu,planetlab-01.bu.edu,file256KB.txt,2015/09/30 23:07:06,2015/09/30 23:07:42,35908.000000
planetlab1.cs.purdue.edu,planetlab-01.bu.edu,file512KB.txt,2015/09/30 23:07:42,2015/09/30 23:08:41,58918.000000
planetlab1.cs.purdue.edu,planetlab-01.bu.edu,file1MB.txt,2015/09/30 23:08:41,2015/09/30 23:10:48,127249.000000
planetlab2.tsuniv.edu,planetlab-01.bu.edu,file32B.txt,2015/09/30 23:10:48,2015/09/30 23:10:48,395.000000
planetlab2.tsuniv.edu,planetlab-01.bu.edu,file1KB.txt,2015/09/30 23:10:48,2015/09/30 23:10:49,1613.000000
planetlab2.tsuniv.edu,planetlab-01.bu.edu,file256KB.txt,2015/09/30 23:10:49,2015/09/30 23:11:17,27905.000000
planetlab2.tsuniv.edu,planetlab-01.bu.edu,file512KB.txt,2015/09/30 23:11:17,2015/09/30 23:12:12,54870.000000
planetlab2.tsuniv.edu,planetlab-01.bu.edu,file1MB.txt,2015/09/30 23:12:12,2015/09/30 23:14:03,110880.000000
planetlab1.tsuniv.edu,planetlab-01.bu.edu,file32B.txt,2015/09/30 23:14:03,2015/09/30 23:14:03,397.000000
planetlab1.tsuniv.edu,planetlab-01.bu.edu,file1KB.txt,2015/09/30 23:14:03,2015/09/30 23:14:04,1612.000000
planetlab1.tsuniv.edu,planetlab-01.bu.edu,file256KB.txt,2015/09/30 23:14:04,2015/09/30 23:14:32,28048.000000
planetlab1.tsuniv.edu,planetlab-01.bu.edu,file512KB.txt,2015/09/30 23:14:32,2015/09/30 23:15:28,55935.000000
planetlab1.tsuniv.edu,planetlab-01.bu.edu,file1MB.txt,2015/09/30 23:15:28,2015/09/30 23:17:20,112121.000000
planetlab3.ucsd.edu,planetlab-01.bu.edu,file32B.txt,2015/09/30 23:17:20,2015/09/30 23:17:20,678.000000
planetlab3.ucsd.edu,planetlab-01.bu.edu,file1KB.txt,2015/09/30 23:17:20,2015/09/30 23:17:21,1366.000000
planetlab3.ucsd.edu,planetlab-01.bu.edu,file256KB.txt,2015/09/30 23:17:21,2015/09/30 23:18:12,51197.000000
planetlab3.ucsd.edu,planetlab-01.bu.edu,file512KB.txt,2015/09/30 23:18:12,2015/09/30 23:19:43,90347.000000
planetlab3.ucsd.edu,planetlab-01.bu.edu,file1MB.txt,2015/09/30 23:19:43,2015/09/30 23:22:49,186696.000000
node2.planetlab.mathcs.emory.edu,planetlab-01.bu.edu,file32B.txt,2015/09/30 23:22:49,2015/09/30 23:22:49,340.000000
node2.planetlab.mathcs.emory.edu,planetlab-01.bu.edu,file1KB.txt,2015/09/30 23:22:49,2015/09/30 23:22:50,1707.000000
node2.planetlab.mathcs.emory.edu,planetlab-01.bu.edu,file256KB.txt,2015/09/30 23:22:50,2015/09/30 23:23:11,20718.000000
node2.planetlab.mathcs.emory.edu,planetlab-01.bu.edu,file512KB.txt,2015/09/30 23:23:11,2015/09/30 23:23:53,41899.000000
node2.planetlab.mathcs.emory.edu,planetlab-01.bu.edu,file1MB.txt,2015/09/30 23:23:53,2015/09/30 23:25:17,83917.000000
planetlab5.csee.usf.edu,planetlab-01.bu.edu,file32B.txt,2015/09/30 23:25:17,2015/09/30 23:25:18,1459.000000
planetlab5.csee.usf.edu,planetlab-01.bu.edu,file1KB.txt,2015/09/30 23:25:18,2015/09/30 23:25:19,1078.000000
planetlab5.csee.usf.edu,planetlab-01.bu.edu,file256KB.txt,2015/09/30 23:25:19,2015/09/30 23:25:57,37238.000000
planetlab5.csee.usf.edu,planetlab-01.bu.edu,file512KB.txt,2015/09/30 23:25:57,2015/09/30 23:27:16,79693.000000
planetlab5.csee.usf.edu,planetlab-01.bu.edu,file1MB.txt,2015/09/30 23:27:16,2015/09/30 23:29:58,161613.000000
planetlab1.emich.edu,planetlab-01.bu.edu,file32B.txt,2015/09/30 23:29:58,2015/09/30 23:29:58,263.000000
planetlab1.emich.edu,planetlab-01.bu.edu,file1KB.txt,2015/09/30 23:29:58,2015/09/30 23:29:59,1722.000000
planetlab1.emich.edu,planetlab-01.bu.edu,file256KB.txt,2015/09/30 23:29:59,2015/09/30 23:30:19,20107.000000
planetlab1.emich.edu,planetlab-01.bu.edu,file512KB.txt,2015/09/30 23:30:19,2015/09/30 23:30:58,38505.000000
planetlab1.emich.edu,planetlab-01.bu.edu,file1MB.txt,2015/09/30 23:30:58,2015/09/30 23:32:18,80435.000000
ebb.colgate.edu,planetlab-01.bu.edu,file32B.txt,2015/09/30 23:32:18,2015/09/30 23:32:18,159.000000
ebb.colgate.edu,planetlab-01.bu.edu,file1KB.txt,2015/09/30 23:32:18,2015/09/30 23:32:18,158.000000
ebb.colgate.edu,planetlab-01.bu.edu,file256KB.txt,2015/09/30 23:32:18,2015/09/30 23:32:29,10872.000000
ebb.colgate.edu,planetlab-01.bu.edu,file512KB.txt,2015/09/30 23:32:29,2015/09/30 23:32:51,22024.000000
ebb.colgate.edu,planetlab-01.bu.edu,file1MB.txt,2015/09/30 23:32:51,2015/09/30 23:33:36,44735.000000
kc-sce-plab2.umkc.edu,planetlab-01.bu.edu,file32B.txt,2015/09/30 23:33:36,2015/09/30 23:33:37,1571.000000
kc-sce-plab2.umkc.edu,planetlab-01.bu.edu,file1KB.txt,2015/09/30 23:33:37,2015/09/30 23:33:37,453.000000
kc-sce-plab2.umkc.edu,planetlab-01.bu.edu,file256KB.txt,2015/09/30 23:33:37,2015/09/30 23:38:11,273787.000000
kc-sce-plab2.umkc.edu,planetlab-01.bu.edu,file512KB.txt,2015/09/30 23:38:11,2015/09/30 23:42:22,251023.000000
kc-sce-plab2.umkc.edu,planetlab-01.bu.edu,file1MB.txt,2015/09/30 23:42:22,2015/10/01 00:12:40,-1818060.000000
node1.planetlab.mathcs.emory.edu,planetlab-01.bu.edu,file32B.txt,2015/10/01 00:12:40,2015/10/01 00:12:41,1693.000000
node1.planetlab.mathcs.emory.edu,planetlab-01.bu.edu,file1KB.txt,2015/10/01 00:12:41,2015/10/01 00:12:41,291.000000
node1.planetlab.mathcs.emory.edu,planetlab-01.bu.edu,file256KB.txt,2015/10/01 00:12:41,2015/10/01 00:13:02,20575.000000
node1.planetlab.mathcs.emory.edu,planetlab-01.bu.edu,file512KB.txt,2015/10/01 00:13:02,2015/10/01 00:13:44,42131.000000
node1.planetlab.mathcs.emory.edu,planetlab-01.bu.edu,file1MB.txt,2015/10/01 00:13:44,2015/10/01 00:15:08,84257.000000
pl1.cs.montana.edu,planetlab-01.bu.edu,file32B.txt,2015/10/01 00:15:08,2015/10/01 00:15:09,1153.000000
pl1.cs.montana.edu,planetlab-01.bu.edu,file1KB.txt,2015/10/01 00:15:09,2015/10/01 00:15:10,1124.000000
pl1.cs.montana.edu,planetlab-01.bu.edu,file256KB.txt,2015/10/01 00:15:10,2015/10/01 00:16:14,64056.000000
pl1.cs.montana.edu,planetlab-01.bu.edu,file512KB.txt,2015/10/01 00:16:14,2015/10/01 00:18:22,127735.000000
pl1.cs.montana.edu,planetlab-01.bu.edu,file1MB.txt,2015/10/01 00:18:22,2015/10/01 00:22:37,254695.000000
plab3.eece.ksu.edu,planetlab-01.bu.edu,file32B.txt,2015/10/01 00:22:58,2015/10/01 00:22:59,1495.000000
plab3.eece.ksu.edu,planetlab-01.bu.edu,file1KB.txt,2015/10/01 00:22:59,2015/10/01 00:22:59,543.000000
plab3.eece.ksu.edu,planetlab-01.bu.edu,file256KB.txt,2015/10/01 00:22:59,2015/10/01 00:23:39,40103.000000
plab3.eece.ksu.edu,planetlab-01.bu.edu,file512KB.txt,2015/10/01 00:23:39,2015/10/01 00:24:56,77315.000000
plab3.eece.ksu.edu,planetlab-01.bu.edu,file1MB.txt,2015/10/01 00:24:56,2015/10/01 00:27:30,154260.000000
planet3.cc.gt.atl.ga.us,planetlab-01.bu.edu,file32B.txt,2015/10/01 00:27:30,2015/10/01 00:27:30,325.000000
planet3.cc.gt.atl.ga.us,planetlab-01.bu.edu,file1KB.txt,2015/10/01 00:27:30,2015/10/01 00:27:30,291.000000
planet3.cc.gt.atl.ga.us,planetlab-01.bu.edu,file256KB.txt,2015/10/01 00:27:30,2015/10/01 00:27:51,20983.000000
planet3.cc.gt.atl.ga.us,planetlab-01.bu.edu,file512KB.txt,2015/10/01 00:27:51,2015/10/01 00:28:35,44259.000000
planet3.cc.gt.atl.ga.us,planetlab-01.bu.edu,file1MB.txt,2015/10/01 00:28:35,2015/10/01 00:29:56,81316.000000
planetlab-02.bu.edu,planetlab-01.bu.edu,file32B.txt,2015/10/01 00:29:56,2015/10/01 00:29:56,21.000000
planetlab-02.bu.edu,planetlab-01.bu.edu,file1KB.txt,2015/10/01 00:29:56,2015/10/01 00:29:56,31.000000
planetlab-02.bu.edu,planetlab-01.bu.edu,file256KB.txt,2015/10/01 00:29:56,2015/10/01 00:29:57,704.000000
planetlab-02.bu.edu,planetlab-01.bu.edu,file512KB.txt,2015/10/01 00:29:57,2015/10/01 00:30:00,3396.000000
planetlab-02.bu.edu,planetlab-01.bu.edu,file1MB.txt,2015/10/01 00:30:00,2015/10/01 00:30:06,5580.000000
planetlab1.clemson.edu,planetlab-01.bu.edu,file32B.txt,2015/10/01 00:30:27,2015/10/01 00:30:27,343.000000
planetlab1.clemson.edu,planetlab-01.bu.edu,file1KB.txt,2015/10/01 00:30:27,2015/10/01 00:30:28,1696.000000
planetlab1.clemson.edu,planetlab-01.bu.edu,file256KB.txt,2015/10/01 00:30:28,2015/10/01 00:30:49,20340.000000
planetlab1.clemson.edu,planetlab-01.bu.edu,file512KB.txt,2015/10/01 00:30:49,2015/10/01 00:31:32,43018.000000
planetlab1.clemson.edu,planetlab-01.bu.edu,file1MB.txt,2015/10/01 00:31:32,2015/10/01 00:32:59,87712.000000
planetlab1.cs.du.edu,planetlab-01.bu.edu,file32B.txt,2015/10/01 00:32:59,2015/10/01 00:32:59,355.000000
planetlab1.cs.du.edu,planetlab-01.bu.edu,file1KB.txt,2015/10/01 00:32:59,2015/10/01 00:33:00,1593.000000
planetlab1.cs.du.edu,planetlab-01.bu.edu,file256KB.txt,2015/10/01 00:33:00,2015/10/01 00:33:29,28640.000000
planetlab1.cs.du.edu,planetlab-01.bu.edu,file512KB.txt,2015/10/01 00:33:29,2015/10/01 00:34:26,56629.000000
planetlab1.cs.du.edu,planetlab-01.bu.edu,file1MB.txt,2015/10/01 00:34:26,2015/10/01 00:36:23,117273.000000
planetlab-1.cse.ohio-state.edu,planetlab-01.bu.edu,file32B.txt,2015/10/01 00:36:23,2015/10/01 00:36:24,915.000000
planetlab-1.cse.ohio-state.edu,planetlab-01.bu.edu,file1KB.txt,2015/10/01 00:36:24,2015/10/01 00:36:25,1236.000000
planetlab-1.cse.ohio-state.edu,planetlab-01.bu.edu,file256KB.txt,2015/10/01 00:36:25,2015/10/01 00:38:38,132837.000000
planetlab-1.cse.ohio-state.edu,planetlab-01.bu.edu,file512KB.txt,2015/10/01 00:38:38,2015/10/01 00:43:19,280935.000000
planetlab-1.cse.ohio-state.edu,planetlab-01.bu.edu,file1MB.txt,2015/10/01 00:43:19,2015/10/01 01:07:40,-1461167.000000
planetlab1.cs.okstate.edu,planetlab-01.bu.edu,file32B.txt,2015/10/01 01:07:40,2015/10/01 01:07:40,395.000000
planetlab1.cs.okstate.edu,planetlab-01.bu.edu,file1KB.txt,2015/10/01 01:07:40,2015/10/01 01:07:41,1549.000000
planetlab1.cs.okstate.edu,planetlab-01.bu.edu,file256KB.txt,2015/10/01 01:07:41,2015/10/01 01:08:11,30383.000000
planetlab1.cs.okstate.edu,planetlab-01.bu.edu,file512KB.txt,2015/10/01 01:08:11,2015/10/01 01:09:10,58667.000000
planetlab1.cs.okstate.edu,planetlab-01.bu.edu,file1MB.txt,2015/10/01 01:09:10,2015/10/01 01:11:07,117247.000000
planetlab1.cs.ucla.edu,planetlab-01.bu.edu,file32B.txt,2015/10/01 01:11:07,2015/10/01 01:11:07,632.000000
planetlab1.cs.ucla.edu,planetlab-01.bu.edu,file1KB.txt,2015/10/01 01:11:07,2015/10/01 01:11:08,1393.000000
planetlab1.cs.ucla.edu,planetlab-01.bu.edu,file256KB.txt,2015/10/01 01:11:08,2015/10/01 01:11:54,45917.000000
planetlab1.cs.ucla.edu,planetlab-01.bu.edu,file512KB.txt,2015/10/01 01:11:54,2015/10/01 01:13:25,90912.000000
planetlab1.cs.ucla.edu,planetlab-01.bu.edu,file1MB.txt,2015/10/01 01:13:25,2015/10/01 01:16:30,184634.000000
planetlab1.csuohio.edu,planetlab-01.bu.edu,file32B.txt,2015/10/01 01:16:30,2015/10/01 01:16:31,1760.000000
planetlab1.csuohio.edu,planetlab-01.bu.edu,file1KB.txt,2015/10/01 01:16:31,2015/10/01 01:16:31,226.000000
planetlab1.csuohio.edu,planetlab-01.bu.edu,file256KB.txt,2015/10/01 01:16:31,2015/10/01 01:16:48,17147.000000
planetlab1.csuohio.edu,planetlab-01.bu.edu,file512KB.txt,2015/10/01 01:16:48,2015/10/01 01:17:22,33817.000000
planetlab1.csuohio.edu,planetlab-01.bu.edu,file1MB.txt,2015/10/01 01:17:22,2015/10/01 01:18:30,68082.000000
planetlab1.emich.edu,planetlab-01.bu.edu,file32B.txt,2015/10/01 01:18:30,2015/10/01 01:18:30,235.000000
planetlab1.emich.edu,planetlab-01.bu.edu,file1KB.txt,2015/10/01 01:18:30,2015/10/01 01:18:30,276.000000
planetlab1.emich.edu,planetlab-01.bu.edu,file256KB.txt,2015/10/01 01:18:30,2015/10/01 01:18:50,20312.000000
planetlab1.emich.edu,planetlab-01.bu.edu,file512KB.txt,2015/10/01 01:18:50,2015/10/01 01:19:29,38828.000000
planetlab1.emich.edu,planetlab-01.bu.edu,file1MB.txt,2015/10/01 01:19:29,2015/10/01 01:20:48,78990.000000
planetlab1.ucsd.edu,planetlab-01.bu.edu,file32B.txt,2015/10/01 01:21:09,2015/10/01 01:21:10,1375.000000
planetlab1.ucsd.edu,planetlab-01.bu.edu,file1KB.txt,2015/10/01 01:21:10,2015/10/01 01:21:11,1370.000000
planetlab1.ucsd.edu,planetlab-01.bu.edu,file256KB.txt,2015/10/01 01:21:11,2015/10/01 01:21:57,45421.000000
planetlab1.ucsd.edu,planetlab-01.bu.edu,file512KB.txt,2015/10/01 01:21:57,2015/10/01 01:23:30,93619.000000
planetlab1.ucsd.edu,planetlab-01.bu.edu,file1MB.txt,2015/10/01 01:23:30,2015/10/01 01:26:36,185632.000000
planetlab2.acis.ufl.edu,planetlab-01.bu.edu,file32B.txt,2015/10/01 01:26:36,2015/10/01 01:26:36,402.000000
planetlab2.acis.ufl.edu,planetlab-01.bu.edu,file1KB.txt,2015/10/01 01:26:36,2015/10/01 01:26:37,1575.000000
planetlab2.acis.ufl.edu,planetlab-01.bu.edu,file256KB.txt,2015/10/01 01:26:37,2015/10/01 01:27:12,34622.000000
planetlab2.acis.ufl.edu,planetlab-01.bu.edu,file512KB.txt,2015/10/01 01:27:12,2015/10/01 01:28:14,62187.000000
planetlab2.acis.ufl.edu,planetlab-01.bu.edu,file1MB.txt,2015/10/01 01:28:14,2015/10/01 01:30:17,123311.000000
planetlab2.arizona-gigapop.net,planetlab-01.bu.edu,file32B.txt,2015/10/01 01:30:17,2015/10/01 01:30:17,585.000000
planetlab2.arizona-gigapop.net,planetlab-01.bu.edu,file1KB.txt,2015/10/01 01:30:17,2015/10/01 01:30:18,1391.000000
planetlab2.arizona-gigapop.net,planetlab-01.bu.edu,file256KB.txt,2015/10/01 01:30:18,2015/10/01 01:31:01,42477.000000
planetlab2.arizona-gigapop.net,planetlab-01.bu.edu,file512KB.txt,2015/10/01 01:31:01,2015/10/01 01:32:28,87157.000000
planetlab2.arizona-gigapop.net,planetlab-01.bu.edu,file1MB.txt,2015/10/01 01:32:28,2015/10/01 01:35:21,172977.000000
planetlab2.citadel.edu,planetlab-01.bu.edu,file32B.txt,2015/10/01 01:35:21,2015/10/01 01:35:22,913.000000
planetlab2.citadel.edu,planetlab-01.bu.edu,file1KB.txt,2015/10/01 01:35:22,2015/10/01 01:35:23,1191.000000
planetlab2.citadel.edu,planetlab-01.bu.edu,file256KB.txt,2015/10/01 01:35:23,2015/10/01 01:36:40,77200.000000
planetlab2.citadel.edu,planetlab-01.bu.edu,file512KB.txt,2015/10/01 01:36:40,2015/10/01 01:38:57,136849.000000
planetlab2.citadel.edu,planetlab-01.bu.edu,file1MB.txt,2015/10/01 01:38:57,2015/10/01 01:43:39,282063.000000
planetlab2.cs.pitt.edu,planetlab-01.bu.edu,file32B.txt,2015/10/01 01:43:39,2015/10/01 01:43:39,315.000000
planetlab2.cs.pitt.edu,planetlab-01.bu.edu,file1KB.txt,2015/10/01 01:43:39,2015/10/01 01:43:40,1753.000000
planetlab2.cs.pitt.edu,planetlab-01.bu.edu,file256KB.txt,2015/10/01 01:43:40,2015/10/01 01:44:04,23426.000000
planetlab2.cs.pitt.edu,planetlab-01.bu.edu,file512KB.txt,2015/10/01 01:44:04,2015/10/01 01:44:39,35470.000000
planetlab2.cs.pitt.edu,planetlab-01.bu.edu,file1MB.txt,2015/10/01 01:44:39,2015/10/01 01:45:48,69289.000000
planetlab2.cs.purdue.edu,planetlab-01.bu.edu,file32B.txt,2015/10/01 01:45:48,2015/10/01 01:45:48,459.000000
planetlab2.cs.purdue.edu,planetlab-01.bu.edu,file1KB.txt,2015/10/01 01:45:48,2015/10/01 01:45:48,465.000000
planetlab2.cs.purdue.edu,planetlab-01.bu.edu,file256KB.txt,2015/10/01 01:45:48,2015/10/01 01:46:20,32734.000000
planetlab2.cs.purdue.edu,planetlab-01.bu.edu,file512KB.txt,2015/10/01 01:46:20,2015/10/01 01:47:22,61727.000000
planetlab2.cs.purdue.edu,planetlab-01.bu.edu,file1MB.txt,2015/10/01 01:47:22,2015/10/01 01:49:46,144235.000000
planetlab2.cs.uml.edu,planetlab-01.bu.edu,file32B.txt,2015/10/01 01:50:28,2015/10/01 01:50:28,146.000000
planetlab2.cs.uml.edu,planetlab-01.bu.edu,file1KB.txt,2015/10/01 01:50:28,2015/10/01 01:50:28,164.000000
planetlab2.cs.uml.edu,planetlab-01.bu.edu,file256KB.txt,2015/10/01 01:50:28,2015/10/01 01:50:39,10809.000000
planetlab2.cs.uml.edu,planetlab-01.bu.edu,file512KB.txt,2015/10/01 01:50:39,2015/10/01 01:51:02,23619.000000
planetlab2.cs.uml.edu,planetlab-01.bu.edu,file1MB.txt,2015/10/01 01:51:02,2015/10/01 01:51:47,44933.000000
planetlab2.cs.unc.edu,planetlab-01.bu.edu,file32B.txt,2015/10/01 01:51:47,2015/10/01 01:51:47,220.000000
planetlab2.cs.unc.edu,planetlab-01.bu.edu,file1KB.txt,2015/10/01 01:51:47,2015/10/01 01:51:47,240.000000
planetlab2.cs.unc.edu,planetlab-01.bu.edu,file256KB.txt,2015/10/01 01:51:47,2015/10/01 01:52:05,18895.000000
planetlab2.cs.unc.edu,planetlab-01.bu.edu,file512KB.txt,2015/10/01 01:52:05,2015/10/01 01:52:39,33162.000000
planetlab2.cs.unc.edu,planetlab-01.bu.edu,file1MB.txt,2015/10/01 01:52:39,2015/10/01 01:53:48,69321.000000
planetlab2.cs.uoregon.edu,planetlab-01.bu.edu,file32B.txt,2015/10/01 01:53:48,2015/10/01 01:53:49,1367.000000
planetlab2.cs.uoregon.edu,planetlab-01.bu.edu,file1KB.txt,2015/10/01 01:53:49,2015/10/01 01:53:49,645.000000
planetlab2.cs.uoregon.edu,planetlab-01.bu.edu,file256KB.txt,2015/10/01 01:53:49,2015/10/01 01:54:37,48337.000000
planetlab2.cs.uoregon.edu,planetlab-01.bu.edu,file512KB.txt,2015/10/01 01:54:37,2015/10/01 01:56:11,93571.000000
planetlab2.cs.uoregon.edu,planetlab-01.bu.edu,file1MB.txt,2015/10/01 01:56:11,2015/10/01 01:59:18,187156.000000
planetlab2.temple.edu,planetlab-01.bu.edu,file32B.txt,2015/10/01 01:59:18,2015/10/01 01:59:18,149.000000
planetlab2.temple.edu,planetlab-01.bu.edu,file1KB.txt,2015/10/01 01:59:18,2015/10/01 01:59:19,1867.000000
planetlab2.temple.edu,planetlab-01.bu.edu,file256KB.txt,2015/10/01 01:59:19,2015/10/01 01:59:28,8969.000000
planetlab2.temple.edu,planetlab-01.bu.edu,file512KB.txt,2015/10/01 01:59:28,2015/10/01 01:59:49,20483.000000
planetlab2.temple.edu,planetlab-01.bu.edu,file1MB.txt,2015/10/01 01:59:49,2015/10/01 02:00:25,35775.000000
planetlab2.unl.edu,planetlab-01.bu.edu,file32B.txt,2015/10/01 02:00:25,2015/10/01 02:00:26,1533.000000
planetlab2.unl.edu,planetlab-01.bu.edu,file1KB.txt,2015/10/01 02:00:26,2015/10/01 02:00:26,490.000000
planetlab2.unl.edu,planetlab-01.bu.edu,file256KB.txt,2015/10/01 02:00:26,2015/10/01 02:01:01,35017.000000
planetlab2.unl.edu,planetlab-01.bu.edu,file512KB.txt,2015/10/01 02:01:01,2015/10/01 02:02:11,70271.000000
planetlab2.unl.edu,planetlab-01.bu.edu,file1MB.txt,2015/10/01 02:02:11,2015/10/01 02:04:29,137640.000000
planetlab2.unr.edu,planetlab-01.bu.edu,file32B.txt,2015/10/01 02:04:29,2015/10/01 02:04:30,1376.000000
planetlab2.unr.edu,planetlab-01.bu.edu,file1KB.txt,2015/10/01 02:04:30,2015/10/01 02:04:31,1395.000000
planetlab2.unr.edu,planetlab-01.bu.edu,file256KB.txt,2015/10/01 02:04:31,2015/10/01 02:05:16,44726.000000
planetlab2.unr.edu,planetlab-01.bu.edu,file512KB.txt,2015/10/01 02:05:16,2015/10/01 02:06:48,91330.000000
planetlab2.unr.edu,planetlab-01.bu.edu,file1MB.txt,2015/10/01 02:06:48,2015/10/01 02:09:52,-184903.000000
planetlab2.uta.edu,planetlab-01.bu.edu,file32B.txt,2015/10/01 02:09:52,2015/10/01 02:09:52,448.000000
planetlab2.uta.edu,planetlab-01.bu.edu,file1KB.txt,2015/10/01 02:09:52,2015/10/01 02:09:52,435.000000
planetlab2.uta.edu,planetlab-01.bu.edu,file256KB.txt,2015/10/01 02:09:52,2015/10/01 02:10:30,38111.000000
planetlab2.uta.edu,planetlab-01.bu.edu,file512KB.txt,2015/10/01 02:10:30,2015/10/01 02:11:47,77199.000000
planetlab2.uta.edu,planetlab-01.bu.edu,file1MB.txt,2015/10/01 02:11:47,2015/10/01 02:14:30,163052.000000
planetlab2.utdallas.edu,planetlab-01.bu.edu,file32B.txt,2015/10/01 02:14:30,2015/10/01 02:14:30,353.000000
planetlab2.utdallas.edu,planetlab-01.bu.edu,file1KB.txt,2015/10/01 02:14:30,2015/10/01 02:14:31,1643.000000
planetlab2.utdallas.edu,planetlab-01.bu.edu,file256KB.txt,2015/10/01 02:14:31,2015/10/01 02:14:56,24972.000000
planetlab2.utdallas.edu,planetlab-01.bu.edu,file512KB.txt,2015/10/01 02:14:56,2015/10/01 02:15:46,49652.000000
planetlab2.utdallas.edu,planetlab-01.bu.edu,file1MB.txt,2015/10/01 02:15:46,2015/10/01 02:17:26,100063.000000
planetlab3.eecs.umich.edu,planetlab-01.bu.edu,file32B.txt,2015/10/01 02:17:26,2015/10/01 02:17:26,264.000000
planetlab3.eecs.umich.edu,planetlab-01.bu.edu,file1KB.txt,2015/10/01 02:17:26,2015/10/01 02:17:27,1728.000000
planetlab3.eecs.umich.edu,planetlab-01.bu.edu,file256KB.txt,2015/10/01 02:17:27,2015/10/01 02:17:46,18473.000000
planetlab3.eecs.umich.edu,planetlab-01.bu.edu,file512KB.txt,2015/10/01 02:17:46,2015/10/01 02:18:25,39540.000000
planetlab3.eecs.umich.edu,planetlab-01.bu.edu,file1MB.txt,2015/10/01 02:18:25,2015/10/01 02:19:41,75819.000000
planetlab3.rutgers.edu,planetlab-01.bu.edu,file32B.txt,2015/10/01 02:19:41,2015/10/01 02:19:41,136.000000
planetlab3.rutgers.edu,planetlab-01.bu.edu,file1KB.txt,2015/10/01 02:19:41,2015/10/01 02:19:41,137.000000
planetlab3.rutgers.edu,planetlab-01.bu.edu,file256KB.txt,2015/10/01 02:19:41,2015/10/01 02:19:51,10311.000000
planetlab3.rutgers.edu,planetlab-01.bu.edu,file512KB.txt,2015/10/01 02:19:51,2015/10/01 02:20:14,22791.000000
planetlab3.rutgers.edu,planetlab-01.bu.edu,file1MB.txt,2015/10/01 02:20:14,2015/10/01 02:20:52,37686.000000
planetlab3.wail.wisc.edu,planetlab-01.bu.edu,file32B.txt,2015/10/01 02:20:52,2015/10/01 02:20:53,1632.000000
planetlab3.wail.wisc.edu,planetlab-01.bu.edu,file1KB.txt,2015/10/01 02:20:53,2015/10/01 02:20:53,380.000000
planetlab3.wail.wisc.edu,planetlab-01.bu.edu,file256KB.txt,2015/10/01 02:20:53,2015/10/01 02:21:17,24394.000000
planetlab3.wail.wisc.edu,planetlab-01.bu.edu,file512KB.txt,2015/10/01 02:21:17,2015/10/01 02:22:04,46989.000000
planetlab3.wail.wisc.edu,planetlab-01.bu.edu,file1MB.txt,2015/10/01 02:22:04,2015/10/01 02:23:39,95106.000000
planetlab4.tamu.edu,planetlab-01.bu.edu,file32B.txt,2015/10/01 02:23:39,2015/10/01 02:23:39,372.000000
planetlab4.tamu.edu,planetlab-01.bu.edu,file1KB.txt,2015/10/01 02:23:39,2015/10/01 02:23:39,366.000000
planetlab4.tamu.edu,planetlab-01.bu.edu,file256KB.txt,2015/10/01 02:23:39,2015/10/01 02:24:06,27453.000000
planetlab4.tamu.edu,planetlab-01.bu.edu,file512KB.txt,2015/10/01 02:24:06,2015/10/01 02:24:59,53297.000000
planetlab4.tamu.edu,planetlab-01.bu.edu,file1MB.txt,2015/10/01 02:24:59,2015/10/01 02:27:01,121958.000000
planetlab-5.eecs.cwru.edu,planetlab-01.bu.edu,file32B.txt,2015/10/01 02:27:01,2015/10/01 02:27:01,222.000000
planetlab-5.eecs.cwru.edu,planetlab-01.bu.edu,file1KB.txt,2015/10/01 02:27:01,2015/10/01 02:27:01,237.000000
planetlab-5.eecs.cwru.edu,planetlab-01.bu.edu,file256KB.txt,2015/10/01 02:27:01,2015/10/01 02:27:18,17308.000000
planetlab-5.eecs.cwru.edu,planetlab-01.bu.edu,file512KB.txt,2015/10/01 02:27:18,2015/10/01 02:27:51,32552.000000
planetlab-5.eecs.cwru.edu,planetlab-01.bu.edu,file1MB.txt,2015/10/01 02:27:51,2015/10/01 02:28:58,67214.000000
planetlabone.ccs.neu.edu,planetlab-01.bu.edu,file32B.txt,2015/10/01 02:28:58,2015/10/01 02:28:58,69.000000
planetlabone.ccs.neu.edu,planetlab-01.bu.edu,file1KB.txt,2015/10/01 02:28:58,2015/10/01 02:28:58,72.000000
planetlabone.ccs.neu.edu,planetlab-01.bu.edu,file256KB.txt,2015/10/01 02:28:58,2015/10/01 02:29:16,17779.000000
planetlabone.ccs.neu.edu,planetlab-01.bu.edu,file512KB.txt,2015/10/01 02:29:16,2015/10/01 02:29:50,34678.000000
planetlabone.ccs.neu.edu,planetlab-01.bu.edu,file1MB.txt,2015/10/01 02:29:50,2015/10/01 02:30:59,68471.000000
pl-node-0.csl.sri.com,planetlab-01.bu.edu,file32B.txt,2015/10/01 02:30:59,2015/10/01 02:31:00,1345.000000
pl-node-0.csl.sri.com,planetlab-01.bu.edu,file1KB.txt,2015/10/01 02:31:00,2015/10/01 02:31:00,595.000000
pl-node-0.csl.sri.com,planetlab-01.bu.edu,file256KB.txt,2015/10/01 02:31:00,2015/10/01 02:31:48,48724.000000
pl-node-0.csl.sri.com,planetlab-01.bu.edu,file512KB.txt,2015/10/01 02:31:48,2015/10/01 02:33:22,94091.000000
pl-node-0.csl.sri.com,planetlab-01.bu.edu,file1MB.txt,2015/10/01 02:33:22,2015/10/01 02:36:19,177030.000000
ricepl-5.cs.rice.edu,planetlab-01.bu.edu,file32B.txt,2015/10/01 02:36:19,2015/10/01 02:36:19,384.000000
ricepl-5.cs.rice.edu,planetlab-01.bu.edu,file1KB.txt,2015/10/01 02:36:19,2015/10/01 02:36:19,383.000000
ricepl-5.cs.rice.edu,planetlab-01.bu.edu,file256KB.txt,2015/10/01 02:36:19,2015/10/01 02:36:47,28544.000000
ricepl-5.cs.rice.edu,planetlab-01.bu.edu,file512KB.txt,2015/10/01 02:36:47,2015/10/01 02:37:41,54188.000000
ricepl-5.cs.rice.edu,planetlab-01.bu.edu,file1MB.txt,2015/10/01 02:37:41,2015/10/01 02:39:42,120330.000000
salt.planetlab.cs.umd.edu,planetlab-01.bu.edu,file32B.txt,2015/10/01 02:39:42,2015/10/01 02:39:43,1817.000000
salt.planetlab.cs.umd.edu,planetlab-01.bu.edu,file1KB.txt,2015/10/01 02:39:43,2015/10/01 02:39:43,158.000000
salt.planetlab.cs.umd.edu,planetlab-01.bu.edu,file256KB.txt,2015/10/01 02:39:43,2015/10/01 02:39:54,11098.000000
salt.planetlab.cs.umd.edu,planetlab-01.bu.edu,file512KB.txt,2015/10/01 02:39:54,2015/10/01 02:40:15,20107.000000
salt.planetlab.cs.umd.edu,planetlab-01.bu.edu,file1MB.txt,2015/10/01 02:40:15,2015/10/01 02:40:59,44634.000000
pl1.eecs.utk.edu,planetlab-01.bu.edu,file32B.txt,2015/10/01 02:40:59,2015/10/01 02:40:59,526.000000
pl1.eecs.utk.edu,planetlab-01.bu.edu,file1KB.txt,2015/10/01 02:40:59,2015/10/01 02:41:00,1273.000000
pl1.eecs.utk.edu,planetlab-01.bu.edu,file256KB.txt,2015/10/01 02:41:00,2015/10/01 02:41:51,51236.000000
pl1.eecs.utk.edu,planetlab-01.bu.edu,file512KB.txt,2015/10/01 02:41:51,2015/10/01 02:43:22,91301.000000
pl1.eecs.utk.edu,planetlab-01.bu.edu,file1MB.txt,2015/10/01 02:43:22,2015/10/01 02:46:08,165318.000000
planetlab-01.vt.nodes.planet-lab.org,planetlab-01.bu.edu,file32B.txt,2015/10/01 02:46:08,2015/10/01 02:46:09,1759.000000
planetlab-01.vt.nodes.planet-lab.org,planetlab-01.bu.edu,file1KB.txt,2015/10/01 02:46:09,2015/10/01 02:46:09,196.000000
planetlab-01.vt.nodes.planet-lab.org,planetlab-01.bu.edu,file256KB.txt,2015/10/01 02:46:09,2015/10/01 02:46:23,13791.000000
planetlab-01.vt.nodes.planet-lab.org,planetlab-01.bu.edu,file512KB.txt,2015/10/01 02:46:23,2015/10/01 02:46:51,27923.000000
planetlab-01.vt.nodes.planet-lab.org,planetlab-01.bu.edu,file1MB.txt,2015/10/01 02:46:51,2015/10/01 02:47:47,55794.000000
planetlab-04.vt.nodes.planet-lab.org,planetlab-01.bu.edu,file32B.txt,2015/10/01 02:47:47,2015/10/01 02:47:47,199.000000
planetlab-04.vt.nodes.planet-lab.org,planetlab-01.bu.edu,file1KB.txt,2015/10/01 02:47:47,2015/10/01 02:47:48,1799.000000
planetlab-04.vt.nodes.planet-lab.org,planetlab-01.bu.edu,file256KB.txt,2015/10/01 02:47:48,2015/10/01 02:48:02,13903.000000
planetlab-04.vt.nodes.planet-lab.org,planetlab-01.bu.edu,file512KB.txt,2015/10/01 02:48:02,2015/10/01 02:48:29,26375.000000
planetlab-04.vt.nodes.planet-lab.org,planetlab-01.bu.edu,file1MB.txt,2015/10/01 02:48:29,2015/10/01 02:49:25,56402.000000
planetlab01.cs.washington.edu,planetlab-01.bu.edu,file32B.txt,2015/10/01 02:49:25,2015/10/01 02:49:26,1433.000000
planetlab01.cs.washington.edu,planetlab-01.bu.edu,file1KB.txt,2015/10/01 02:49:26,2015/10/01 02:49:26,574.000000
planetlab01.cs.washington.edu,planetlab-01.bu.edu,file256KB.txt,2015/10/01 02:49:26,2015/10/01 02:50:08,42018.000000
planetlab01.cs.washington.edu,planetlab-01.bu.edu,file512KB.txt,2015/10/01 02:50:08,2015/10/01 02:51:33,85405.000000
planetlab01.cs.washington.edu,planetlab-01.bu.edu,file1MB.txt,2015/10/01 02:51:33,2015/10/01 02:54:20,166879.000000
planetlab02.cs.washington.edu,planetlab-01.bu.edu,file32B.txt,2015/10/01 02:54:20,2015/10/01 02:54:20,582.000000
planetlab02.cs.washington.edu,planetlab-01.bu.edu,file1KB.txt,2015/10/01 02:54:20,2015/10/01 02:54:21,1416.000000
planetlab02.cs.washington.edu,planetlab-01.bu.edu,file256KB.txt,2015/10/01 02:54:21,2015/10/01 02:55:04,42973.000000
planetlab02.cs.washington.edu,planetlab-01.bu.edu,file512KB.txt,2015/10/01 02:55:04,2015/10/01 02:56:28,84358.000000
planetlab02.cs.washington.edu,planetlab-01.bu.edu,file1MB.txt,2015/10/01 02:56:28,2015/10/01 02:59:17,168776.000000
planetlab1.arizona-gigapop.net,planetlab-01.bu.edu,file32B.txt,2015/10/01 02:59:17,2015/10/01 02:59:18,1386.000000
planetlab1.arizona-gigapop.net,planetlab-01.bu.edu,file1KB.txt,2015/10/01 02:59:18,2015/10/01 02:59:18,595.000000
planetlab1.arizona-gigapop.net,planetlab-01.bu.edu,file256KB.txt,2015/10/01 02:59:18,2015/10/01 03:00:06,47961.000000
planetlab1.arizona-gigapop.net,planetlab-01.bu.edu,file512KB.txt,2015/10/01 03:00:06,2015/10/01 03:01:41,94769.000000
planetlab1.arizona-gigapop.net,planetlab-01.bu.edu,file1MB.txt,2015/10/01 03:01:41,2015/10/01 03:04:51,190613.000000
planetlab1.cs.unc.edu,planetlab-01.bu.edu,file32B.txt,2015/10/01 03:04:51,2015/10/01 03:04:51,214.000000
planetlab1.cs.unc.edu,planetlab-01.bu.edu,file1KB.txt,2015/10/01 03:04:51,2015/10/01 03:04:51,221.000000
planetlab1.cs.unc.edu,planetlab-01.bu.edu,file256KB.txt,2015/10/01 03:04:51,2015/10/01 03:05:07,16067.000000
planetlab1.cs.unc.edu,planetlab-01.bu.edu,file512KB.txt,2015/10/01 03:05:07,2015/10/01 03:05:39,32004.000000
planetlab1.cs.unc.edu,planetlab-01.bu.edu,file1MB.txt,2015/10/01 03:05:39,2015/10/01 03:06:42,62819.000000
planet3.cc.gt.atl.ga.us,planetlab-01.bu.edu,file32B.txt,2015/10/01 03:06:43,2015/10/01 03:06:43,299.000000
planet3.cc.gt.atl.ga.us,planetlab-01.bu.edu,file1KB.txt,2015/10/01 03:06:43,2015/10/01 03:06:43,286.000000
planet3.cc.gt.atl.ga.us,planetlab-01.bu.edu,file256KB.txt,2015/10/01 03:06:43,2015/10/01 03:07:03,21678.000000
planet3.cc.gt.atl.ga.us,planetlab-01.bu.edu,file512KB.txt,2015/10/01 03:07:04,2015/10/01 03:07:44,39282.000000
planet3.cc.gt.atl.ga.us,planetlab-01.bu.edu,file1MB.txt,2015/10/01 03:07:44,2015/10/01 03:09:10,85824.000000
