planetlab1.unr.edu,ricepl-5.cs.rice.edu,file32B.txt,2015/09/30 21:13:26,2015/09/30 21:13:26,374.000000
planetlab1.unr.edu,ricepl-5.cs.rice.edu,file1KB.txt,2015/09/30 21:13:26,2015/09/30 21:13:26,314.000000
planetlab1.unr.edu,ricepl-5.cs.rice.edu,file256KB.txt,2015/09/30 21:13:26,2015/09/30 21:13:49,23048.000000
planetlab1.unr.edu,ricepl-5.cs.rice.edu,file512KB.txt,2015/09/30 21:13:49,2015/09/30 21:14:35,45962.000000
planetlab1.unr.edu,ricepl-5.cs.rice.edu,file1MB.txt,2015/09/30 21:14:35,2015/09/30 21:16:08,93794.000000
pl2.cs.unm.edu,ricepl-5.cs.rice.edu,file32B.txt,2015/09/30 21:16:08,2015/09/30 21:16:08,675.000000
pl2.cs.unm.edu,ricepl-5.cs.rice.edu,file1KB.txt,2015/09/30 21:16:08,2015/09/30 21:16:09,1482.000000
pl2.cs.unm.edu,ricepl-5.cs.rice.edu,file256KB.txt,2015/09/30 21:16:09,2015/09/30 21:16:40,31300.000000
pl2.cs.unm.edu,ricepl-5.cs.rice.edu,file512KB.txt,2015/09/30 21:16:40,2015/09/30 21:17:38,57078.000000
pl2.cs.unm.edu,ricepl-5.cs.rice.edu,file1MB.txt,2015/09/30 21:17:38,2015/09/30 21:19:36,118032.000000
planetlab2.cnis.nyit.edu,ricepl-5.cs.rice.edu,file32B.txt,2015/09/30 21:19:36,2015/09/30 21:19:37,1629.000000
planetlab2.cnis.nyit.edu,ricepl-5.cs.rice.edu,file1KB.txt,2015/09/30 21:19:37,2015/09/30 21:19:37,338.000000
planetlab2.cnis.nyit.edu,ricepl-5.cs.rice.edu,file256KB.txt,2015/09/30 21:19:37,2015/09/30 21:20:00,22935.000000
planetlab2.cnis.nyit.edu,ricepl-5.cs.rice.edu,file512KB.txt,2015/09/30 21:20:00,2015/09/30 21:20:44,-43983.000000
planetlab2.cnis.nyit.edu,ricepl-5.cs.rice.edu,file1MB.txt,2015/09/30 21:20:44,2015/09/30 21:22:12,88517.000000
planetlab2.rutgers.edu,ricepl-5.cs.rice.edu,file32B.txt,2015/09/30 21:22:12,2015/09/30 21:22:29,16958.000000
planetlab2.rutgers.edu,ricepl-5.cs.rice.edu,file1KB.txt,2015/09/30 21:22:29,2015/09/30 21:22:50,20269.000000
planetlab2.rutgers.edu,ricepl-5.cs.rice.edu,file256KB.txt,2015/09/30 21:22:50,2015/09/30 21:41:58,1148679.000000
planetlab2.rutgers.edu,ricepl-5.cs.rice.edu,file512KB.txt,2015/09/30 21:41:58,2015/09/30 22:28:59,-1473778.000000
planetlab2.rutgers.edu,ricepl-5.cs.rice.edu,file1MB.txt,2015/09/30 22:28:59,2015/09/30 23:25:21,913747.000000
planetlab2.cs.du.edu,ricepl-5.cs.rice.edu,file32B.txt,2015/09/30 23:25:21,2015/09/30 23:25:22,1595.000000
planetlab2.cs.du.edu,ricepl-5.cs.rice.edu,file1KB.txt,2015/09/30 23:25:22,2015/09/30 23:25:22,348.000000
planetlab2.cs.du.edu,ricepl-5.cs.rice.edu,file256KB.txt,2015/09/30 23:25:22,2015/09/30 23:25:48,26593.000000
planetlab2.cs.du.edu,ricepl-5.cs.rice.edu,file512KB.txt,2015/09/30 23:25:48,2015/09/30 23:26:52,63403.000000
planetlab2.cs.du.edu,ricepl-5.cs.rice.edu,file1MB.txt,2015/09/30 23:26:52,2015/09/30 23:28:35,103409.000000
planetlab2.ucsd.edu,ricepl-5.cs.rice.edu,file32B.txt,2015/09/30 23:28:35,2015/09/30 23:28:35,343.000000
planetlab2.ucsd.edu,ricepl-5.cs.rice.edu,file1KB.txt,2015/09/30 23:28:35,2015/09/30 23:28:35,260.000000
planetlab2.ucsd.edu,ricepl-5.cs.rice.edu,file256KB.txt,2015/09/30 23:28:35,2015/09/30 23:28:54,19049.000000
planetlab2.ucsd.edu,ricepl-5.cs.rice.edu,file512KB.txt,2015/09/30 23:28:54,2015/09/30 23:29:32,38131.000000
planetlab2.ucsd.edu,ricepl-5.cs.rice.edu,file1MB.txt,2015/09/30 23:29:32,2015/09/30 23:30:48,76150.000000
planetlab3.cs.uoregon.edu,ricepl-5.cs.rice.edu,file32B.txt,2015/09/30 23:30:48,2015/09/30 23:30:49,1391.000000
planetlab3.cs.uoregon.edu,ricepl-5.cs.rice.edu,file1KB.txt,2015/09/30 23:30:49,2015/09/30 23:30:49,530.000000
planetlab3.cs.uoregon.edu,ricepl-5.cs.rice.edu,file256KB.txt,2015/09/30 23:30:49,2015/09/30 23:31:19,29825.000000
planetlab3.cs.uoregon.edu,ricepl-5.cs.rice.edu,file512KB.txt,2015/09/30 23:31:19,2015/09/30 23:32:19,60236.000000
planetlab3.cs.uoregon.edu,ricepl-5.cs.rice.edu,file1MB.txt,2015/09/30 23:32:19,2015/09/30 23:34:19,120142.000000
planetlab-01.bu.edu,ricepl-5.cs.rice.edu,file32B.txt,2015/09/30 23:34:19,2015/09/30 23:34:19,434.000000
planetlab-01.bu.edu,ricepl-5.cs.rice.edu,file1KB.txt,2015/09/30 23:34:19,2015/09/30 23:34:20,1623.000000
planetlab-01.bu.edu,ricepl-5.cs.rice.edu,file256KB.txt,2015/09/30 23:34:20,2015/09/30 23:34:47,26364.000000
planetlab-01.bu.edu,ricepl-5.cs.rice.edu,file512KB.txt,2015/09/30 23:34:47,2015/09/30 23:35:42,55344.000000
planetlab-01.bu.edu,ricepl-5.cs.rice.edu,file1MB.txt,2015/09/30 23:35:42,2015/09/30 23:37:31,109317.000000
planetlab4.cnds.jhu.edu,ricepl-5.cs.rice.edu,file32B.txt,2015/09/30 23:37:31,2015/09/30 23:37:31,393.000000
planetlab4.cnds.jhu.edu,ricepl-5.cs.rice.edu,file1KB.txt,2015/09/30 23:37:31,2015/09/30 23:37:31,293.000000
planetlab4.cnds.jhu.edu,ricepl-5.cs.rice.edu,file256KB.txt,2015/09/30 23:37:31,2015/09/30 23:37:53,22570.000000
planetlab4.cnds.jhu.edu,ricepl-5.cs.rice.edu,file512KB.txt,2015/09/30 23:37:53,2015/09/30 23:38:36,43317.000000
planetlab4.cnds.jhu.edu,ricepl-5.cs.rice.edu,file1MB.txt,2015/09/30 23:38:36,2015/09/30 23:40:01,84387.000000
planetlabtwo.ccs.neu.edu,ricepl-5.cs.rice.edu,file32B.txt,2015/09/30 23:40:01,2015/09/30 23:40:02,953.000000
planetlabtwo.ccs.neu.edu,ricepl-5.cs.rice.edu,file1KB.txt,2015/09/30 23:40:02,2015/09/30 23:40:03,1640.000000
planetlabtwo.ccs.neu.edu,ricepl-5.cs.rice.edu,file256KB.txt,2015/09/30 23:40:03,2015/09/30 23:40:28,24227.000000
planetlabtwo.ccs.neu.edu,ricepl-5.cs.rice.edu,file512KB.txt,2015/09/30 23:40:28,2015/09/30 23:41:19,51319.000000
planetlabtwo.ccs.neu.edu,ricepl-5.cs.rice.edu,file1MB.txt,2015/09/30 23:41:19,2015/09/30 23:43:01,102155.000000
planetlab1.cs.purdue.edu,ricepl-5.cs.rice.edu,file32B.txt,2015/09/30 23:43:01,2015/09/30 23:43:07,6071.000000
planetlab1.cs.purdue.edu,ricepl-5.cs.rice.edu,file1KB.txt,2015/09/30 23:43:07,2015/09/30 23:43:11,3417.000000
planetlab1.cs.purdue.edu,ricepl-5.cs.rice.edu,file256KB.txt,2015/09/30 23:43:11,2015/09/30 23:58:12,-901803.000000
planetlab1.cs.purdue.edu,ricepl-5.cs.rice.edu,file512KB.txt,2015/09/30 23:58:12,2015/10/01 00:29:04,1851126.000000
planetlab1.cs.purdue.edu,ricepl-5.cs.rice.edu,file1MB.txt,2015/10/01 00:29:04,2015/10/01 01:15:21,1517194.000000
planetlab2.tsuniv.edu,ricepl-5.cs.rice.edu,file32B.txt,2015/10/01 01:15:21,2015/10/01 01:15:23,1621.000000
planetlab2.tsuniv.edu,ricepl-5.cs.rice.edu,file1KB.txt,2015/10/01 01:15:23,2015/10/01 01:15:25,1788.000000
planetlab2.tsuniv.edu,ricepl-5.cs.rice.edu,file256KB.txt,2015/10/01 01:15:25,2015/10/01 01:20:09,284264.000000
planetlab2.tsuniv.edu,ricepl-5.cs.rice.edu,file512KB.txt,2015/10/01 01:20:09,2015/10/01 01:25:48,338520.000000
planetlab2.tsuniv.edu,ricepl-5.cs.rice.edu,file1MB.txt,2015/10/01 01:25:48,2015/10/01 01:33:45,477267.000000
planetlab1.tsuniv.edu,ricepl-5.cs.rice.edu,file32B.txt,2015/10/01 01:33:45,2015/10/01 01:33:53,8006.000000
planetlab1.tsuniv.edu,ricepl-5.cs.rice.edu,file1KB.txt,2015/10/01 01:33:53,2015/10/01 01:33:58,4795.000000
planetlab1.tsuniv.edu,ricepl-5.cs.rice.edu,file256KB.txt,2015/10/01 01:33:58,2015/10/01 01:39:30,332574.000000
planetlab1.tsuniv.edu,ricepl-5.cs.rice.edu,file512KB.txt,2015/10/01 01:39:30,2015/10/01 01:52:16,765884.000000
planetlab1.tsuniv.edu,ricepl-5.cs.rice.edu,file1MB.txt,2015/10/01 01:52:16,2015/10/01 02:24:54,-1957736.000000
planetlab3.ucsd.edu,ricepl-5.cs.rice.edu,file32B.txt,2015/10/01 02:24:54,2015/10/01 02:24:55,1651.000000
planetlab3.ucsd.edu,ricepl-5.cs.rice.edu,file1KB.txt,2015/10/01 02:24:55,2015/10/01 02:24:55,268.000000
planetlab3.ucsd.edu,ricepl-5.cs.rice.edu,file256KB.txt,2015/10/01 02:24:55,2015/10/01 02:25:15,20244.000000
planetlab3.ucsd.edu,ricepl-5.cs.rice.edu,file512KB.txt,2015/10/01 02:25:15,2015/10/01 02:25:54,38999.000000
planetlab3.ucsd.edu,ricepl-5.cs.rice.edu,file1MB.txt,2015/10/01 02:25:54,2015/10/01 02:27:11,76379.000000
node2.planetlab.mathcs.emory.edu,ricepl-5.cs.rice.edu,file32B.txt,2015/10/01 02:27:12,2015/10/01 02:27:12,742.000000
node2.planetlab.mathcs.emory.edu,ricepl-5.cs.rice.edu,file1KB.txt,2015/10/01 02:27:12,2015/10/01 02:27:13,1678.000000
node2.planetlab.mathcs.emory.edu,ricepl-5.cs.rice.edu,file256KB.txt,2015/10/01 02:27:13,2015/10/01 02:27:36,22287.000000
node2.planetlab.mathcs.emory.edu,ricepl-5.cs.rice.edu,file512KB.txt,2015/10/01 02:27:36,2015/10/01 02:28:25,49159.000000
node2.planetlab.mathcs.emory.edu,ricepl-5.cs.rice.edu,file1MB.txt,2015/10/01 02:28:25,2015/10/01 02:29:59,93998.000000
planetlab5.csee.usf.edu,ricepl-5.cs.rice.edu,file32B.txt,2015/10/01 02:29:59,2015/10/01 02:30:00,1574.000000
planetlab5.csee.usf.edu,ricepl-5.cs.rice.edu,file1KB.txt,2015/10/01 02:30:00,2015/10/01 02:30:00,284.000000
planetlab5.csee.usf.edu,ricepl-5.cs.rice.edu,file256KB.txt,2015/10/01 02:30:00,2015/10/01 02:30:21,21140.000000
planetlab5.csee.usf.edu,ricepl-5.cs.rice.edu,file512KB.txt,2015/10/01 02:30:21,2015/10/01 02:31:01,39278.000000
planetlab5.csee.usf.edu,ricepl-5.cs.rice.edu,file1MB.txt,2015/10/01 02:31:01,2015/10/01 02:32:23,82577.000000
planetlab1.emich.edu,ricepl-5.cs.rice.edu,file32B.txt,2015/10/01 02:32:23,2015/10/01 02:32:23,446.000000
planetlab1.emich.edu,ricepl-5.cs.rice.edu,file1KB.txt,2015/10/01 02:32:23,2015/10/01 02:32:24,1593.000000
planetlab1.emich.edu,ricepl-5.cs.rice.edu,file256KB.txt,2015/10/01 02:32:24,2015/10/01 02:32:46,21884.000000
planetlab1.emich.edu,ricepl-5.cs.rice.edu,file512KB.txt,2015/10/01 02:32:46,2015/10/01 02:33:30,43836.000000
planetlab1.emich.edu,ricepl-5.cs.rice.edu,file1MB.txt,2015/10/01 02:33:30,2015/10/01 02:35:05,94717.000000
ebb.colgate.edu,ricepl-5.cs.rice.edu,file32B.txt,2015/10/01 02:35:05,2015/10/01 02:35:06,1092.000000
ebb.colgate.edu,ricepl-5.cs.rice.edu,file1KB.txt,2015/10/01 02:35:06,2015/10/01 02:35:07,1464.000000
ebb.colgate.edu,ricepl-5.cs.rice.edu,file256KB.txt,2015/10/01 02:35:07,2015/10/01 02:35:50,42632.000000
ebb.colgate.edu,ricepl-5.cs.rice.edu,file512KB.txt,2015/10/01 02:35:50,2015/10/01 02:37:32,102649.000000
ebb.colgate.edu,ricepl-5.cs.rice.edu,file1MB.txt,2015/10/01 02:37:32,2015/10/01 02:41:13,220637.000000
kc-sce-plab2.umkc.edu,ricepl-5.cs.rice.edu,file32B.txt,2015/10/01 02:41:13,2015/10/01 02:41:14,824.000000
kc-sce-plab2.umkc.edu,ricepl-5.cs.rice.edu,file1KB.txt,2015/10/01 02:41:14,2015/10/01 02:41:16,2350.000000
kc-sce-plab2.umkc.edu,ricepl-5.cs.rice.edu,file256KB.txt,2015/10/01 02:41:16,2015/10/01 02:42:02,46177.000000
kc-sce-plab2.umkc.edu,ricepl-5.cs.rice.edu,file512KB.txt,2015/10/01 02:42:02,2015/10/01 02:43:55,113054.000000
kc-sce-plab2.umkc.edu,ricepl-5.cs.rice.edu,file1MB.txt,2015/10/01 02:43:55,2015/10/01 02:48:37,281232.000000
node1.planetlab.mathcs.emory.edu,ricepl-5.cs.rice.edu,file32B.txt,2015/10/01 02:48:37,2015/10/01 02:48:39,2098.000000
node1.planetlab.mathcs.emory.edu,ricepl-5.cs.rice.edu,file1KB.txt,2015/10/01 02:48:39,2015/10/01 02:48:40,1677.000000
node1.planetlab.mathcs.emory.edu,ricepl-5.cs.rice.edu,file256KB.txt,2015/10/01 02:48:40,2015/10/01 02:49:03,22222.000000
node1.planetlab.mathcs.emory.edu,ricepl-5.cs.rice.edu,file512KB.txt,2015/10/01 02:49:03,2015/10/01 02:49:51,48753.000000
node1.planetlab.mathcs.emory.edu,ricepl-5.cs.rice.edu,file1MB.txt,2015/10/01 02:49:51,2015/10/01 02:51:26,95100.000000
pl1.cs.montana.edu,ricepl-5.cs.rice.edu,file32B.txt,2015/10/01 02:51:26,2015/10/01 02:51:26,828.000000
pl1.cs.montana.edu,ricepl-5.cs.rice.edu,file1KB.txt,2015/10/01 02:51:26,2015/10/01 02:51:27,1185.000000
pl1.cs.montana.edu,ricepl-5.cs.rice.edu,file256KB.txt,2015/10/01 02:51:27,2015/10/01 02:52:16,49570.000000
pl1.cs.montana.edu,ricepl-5.cs.rice.edu,file512KB.txt,2015/10/01 02:52:16,2015/10/01 02:53:52,95616.000000
pl1.cs.montana.edu,ricepl-5.cs.rice.edu,file1MB.txt,2015/10/01 02:53:52,2015/10/01 02:57:04,191745.000000
plab3.eece.ksu.edu,ricepl-5.cs.rice.edu,file32B.txt,2015/10/01 02:57:25,2015/10/01 02:57:26,1721.000000
plab3.eece.ksu.edu,ricepl-5.cs.rice.edu,file1KB.txt,2015/10/01 02:57:26,2015/10/01 02:57:26,137.000000
plab3.eece.ksu.edu,ricepl-5.cs.rice.edu,file256KB.txt,2015/10/01 02:57:26,2015/10/01 02:57:36,10206.000000
plab3.eece.ksu.edu,ricepl-5.cs.rice.edu,file512KB.txt,2015/10/01 02:57:36,2015/10/01 02:57:55,18378.000000
plab3.eece.ksu.edu,ricepl-5.cs.rice.edu,file1MB.txt,2015/10/01 02:57:55,2015/10/01 02:58:34,39405.000000
planet3.cc.gt.atl.ga.us,ricepl-5.cs.rice.edu,file32B.txt,2015/10/01 02:58:34,2015/10/01 02:58:34,590.000000
planet3.cc.gt.atl.ga.us,ricepl-5.cs.rice.edu,file1KB.txt,2015/10/01 02:58:34,2015/10/01 02:58:35,1631.000000
planet3.cc.gt.atl.ga.us,ricepl-5.cs.rice.edu,file256KB.txt,2015/10/01 02:58:35,2015/10/01 02:58:58,22479.000000
planet3.cc.gt.atl.ga.us,ricepl-5.cs.rice.edu,file512KB.txt,2015/10/01 02:58:58,2015/10/01 02:59:51,52861.000000
planet3.cc.gt.atl.ga.us,ricepl-5.cs.rice.edu,file1MB.txt,2015/10/01 02:59:51,2015/10/01 03:01:25,94110.000000
planetlab-02.bu.edu,ricepl-5.cs.rice.edu,file32B.txt,2015/10/01 03:01:25,2015/10/01 03:01:26,1565.000000
planetlab-02.bu.edu,ricepl-5.cs.rice.edu,file1KB.txt,2015/10/01 03:01:26,2015/10/01 03:01:26,378.000000
planetlab-02.bu.edu,ricepl-5.cs.rice.edu,file256KB.txt,2015/10/01 03:01:26,2015/10/01 03:01:54,28404.000000
planetlab-02.bu.edu,ricepl-5.cs.rice.edu,file512KB.txt,2015/10/01 03:01:54,2015/10/01 03:02:49,54974.000000
planetlab-02.bu.edu,ricepl-5.cs.rice.edu,file1MB.txt,2015/10/01 03:02:49,2015/10/01 03:04:38,109224.000000
planetlab1.clemson.edu,ricepl-5.cs.rice.edu,file32B.txt,2015/10/01 03:04:59,2015/10/01 03:05:00,1599.000000
planetlab1.clemson.edu,ricepl-5.cs.rice.edu,file1KB.txt,2015/10/01 03:05:00,2015/10/01 03:05:00,402.000000
planetlab1.clemson.edu,ricepl-5.cs.rice.edu,file256KB.txt,2015/10/01 03:05:00,2015/10/01 03:05:25,24835.000000
planetlab1.clemson.edu,ricepl-5.cs.rice.edu,file512KB.txt,2015/10/01 03:05:25,2015/10/01 03:06:15,50508.000000
planetlab1.clemson.edu,ricepl-5.cs.rice.edu,file1MB.txt,2015/10/01 03:06:15,2015/10/01 03:07:54,99156.000000
planetlab1.cs.du.edu,ricepl-5.cs.rice.edu,file32B.txt,2015/10/01 03:07:54,2015/10/01 03:07:54,380.000000
planetlab1.cs.du.edu,ricepl-5.cs.rice.edu,file1KB.txt,2015/10/01 03:07:54,2015/10/01 03:07:55,1652.000000
planetlab1.cs.du.edu,ricepl-5.cs.rice.edu,file256KB.txt,2015/10/01 03:07:55,2015/10/01 03:08:20,24512.000000
planetlab1.cs.du.edu,ricepl-5.cs.rice.edu,file512KB.txt,2015/10/01 03:08:20,2015/10/01 03:09:12,52311.000000
planetlab1.cs.du.edu,ricepl-5.cs.rice.edu,file1MB.txt,2015/10/01 03:09:12,2015/10/01 03:10:53,100746.000000
planetlab-1.cse.ohio-state.edu,ricepl-5.cs.rice.edu,file32B.txt,2015/10/01 03:10:53,2015/10/01 03:10:57,4499.000000
planetlab-1.cse.ohio-state.edu,ricepl-5.cs.rice.edu,file1KB.txt,2015/10/01 03:10:57,2015/10/01 03:11:01,3726.000000
planetlab-1.cse.ohio-state.edu,ricepl-5.cs.rice.edu,file256KB.txt,2015/10/01 03:11:01,2015/10/01 03:41:58,-1857314.000000
