planetlab1.unr.edu,planetlab2.cs.uml.edu,file32B.txt,2015/09/30 21:12:36,2015/09/30 21:12:36,549.000000
planetlab1.unr.edu,planetlab2.cs.uml.edu,file1KB.txt,2015/09/30 21:12:36,2015/09/30 21:12:37,1457.000000
planetlab1.unr.edu,planetlab2.cs.uml.edu,file256KB.txt,2015/09/30 21:12:37,2015/09/30 21:13:12,34700.000000
planetlab1.unr.edu,planetlab2.cs.uml.edu,file512KB.txt,2015/09/30 21:13:12,2015/09/30 21:14:22,70254.000000
planetlab1.unr.edu,planetlab2.cs.uml.edu,file1MB.txt,2015/09/30 21:14:22,2015/09/30 21:16:41,138911.000000
pl2.cs.unm.edu,planetlab2.cs.uml.edu,file32B.txt,2015/09/30 21:16:41,2015/09/30 21:16:41,482.000000
pl2.cs.unm.edu,planetlab2.cs.uml.edu,file1KB.txt,2015/09/30 21:16:41,2015/09/30 21:16:42,1456.000000
pl2.cs.unm.edu,planetlab2.cs.uml.edu,file256KB.txt,2015/09/30 21:16:42,2015/09/30 21:17:12,29781.000000
pl2.cs.unm.edu,planetlab2.cs.uml.edu,file512KB.txt,2015/09/30 21:17:12,2015/09/30 21:18:13,61511.000000
pl2.cs.unm.edu,planetlab2.cs.uml.edu,file1MB.txt,2015/09/30 21:18:13,2015/09/30 21:20:13,119737.000000
planetlab2.cnis.nyit.edu,planetlab2.cs.uml.edu,file32B.txt,2015/09/30 21:20:13,2015/09/30 21:20:13,396.000000
planetlab2.cnis.nyit.edu,planetlab2.cs.uml.edu,file1KB.txt,2015/09/30 21:20:13,2015/09/30 21:20:14,1653.000000
planetlab2.cnis.nyit.edu,planetlab2.cs.uml.edu,file256KB.txt,2015/09/30 21:20:14,2015/09/30 21:20:25,10820.000000
planetlab2.cnis.nyit.edu,planetlab2.cs.uml.edu,file512KB.txt,2015/09/30 21:20:25,2015/09/30 21:20:46,-20858.000000
planetlab2.cnis.nyit.edu,planetlab2.cs.uml.edu,file1MB.txt,2015/09/30 21:20:46,2015/09/30 21:21:24,37748.000000
planetlab2.rutgers.edu,planetlab2.cs.uml.edu,file32B.txt,2015/09/30 21:21:24,2015/09/30 21:21:33,9433.000000
planetlab2.rutgers.edu,planetlab2.cs.uml.edu,file1KB.txt,2015/09/30 21:21:33,2015/09/30 21:21:43,9662.000000
planetlab2.rutgers.edu,planetlab2.cs.uml.edu,file256KB.txt,2015/09/30 21:21:43,2015/09/30 21:43:28,1305327.000000
planetlab2.rutgers.edu,planetlab2.cs.uml.edu,file512KB.txt,2015/09/30 21:43:28,2015/09/30 22:24:52,-1811019.000000
planetlab2.rutgers.edu,planetlab2.cs.uml.edu,file1MB.txt,2015/09/30 22:24:52,2015/09/30 23:25:45,641932.000000
planetlab2.cs.du.edu,planetlab2.cs.uml.edu,file32B.txt,2015/09/30 23:25:45,2015/09/30 23:25:46,939.000000
planetlab2.cs.du.edu,planetlab2.cs.uml.edu,file1KB.txt,2015/09/30 23:25:46,2015/09/30 23:25:47,811.000000
planetlab2.cs.du.edu,planetlab2.cs.uml.edu,file256KB.txt,2015/09/30 23:25:47,2015/09/30 23:26:29,42281.000000
planetlab2.cs.du.edu,planetlab2.cs.uml.edu,file512KB.txt,2015/09/30 23:26:29,2015/09/30 23:27:24,54860.000000
planetlab2.cs.du.edu,planetlab2.cs.uml.edu,file1MB.txt,2015/09/30 23:27:24,2015/09/30 23:29:08,104014.000000
planetlab2.ucsd.edu,planetlab2.cs.uml.edu,file32B.txt,2015/09/30 23:29:08,2015/09/30 23:29:09,1363.000000
planetlab2.ucsd.edu,planetlab2.cs.uml.edu,file1KB.txt,2015/09/30 23:29:09,2015/09/30 23:29:09,701.000000
planetlab2.ucsd.edu,planetlab2.cs.uml.edu,file256KB.txt,2015/09/30 23:29:09,2015/09/30 23:29:56,47685.000000
planetlab2.ucsd.edu,planetlab2.cs.uml.edu,file512KB.txt,2015/09/30 23:29:56,2015/09/30 23:31:29,92551.000000
planetlab2.ucsd.edu,planetlab2.cs.uml.edu,file1MB.txt,2015/09/30 23:31:29,2015/09/30 23:36:28,298978.000000
planetlab3.cs.uoregon.edu,planetlab2.cs.uml.edu,file32B.txt,2015/09/30 23:36:28,2015/09/30 23:36:29,996.000000
planetlab3.cs.uoregon.edu,planetlab2.cs.uml.edu,file1KB.txt,2015/09/30 23:36:29,2015/09/30 23:36:30,991.000000
planetlab3.cs.uoregon.edu,planetlab2.cs.uml.edu,file256KB.txt,2015/09/30 23:36:30,2015/09/30 23:37:12,42140.000000
planetlab3.cs.uoregon.edu,planetlab2.cs.uml.edu,file512KB.txt,2015/09/30 23:37:12,2015/09/30 23:38:36,83543.000000
planetlab3.cs.uoregon.edu,planetlab2.cs.uml.edu,file1MB.txt,2015/09/30 23:38:36,2015/09/30 23:41:43,187197.000000
planetlab-01.bu.edu,planetlab2.cs.uml.edu,file32B.txt,2015/09/30 23:41:43,2015/09/30 23:41:43,229.000000
planetlab-01.bu.edu,planetlab2.cs.uml.edu,file1KB.txt,2015/09/30 23:41:43,2015/09/30 23:41:44,1727.000000
planetlab-01.bu.edu,planetlab2.cs.uml.edu,file256KB.txt,2015/09/30 23:41:44,2015/09/30 23:41:55,10607.000000
planetlab-01.bu.edu,planetlab2.cs.uml.edu,file512KB.txt,2015/09/30 23:41:55,2015/09/30 23:42:18,23070.000000
planetlab-01.bu.edu,planetlab2.cs.uml.edu,file1MB.txt,2015/09/30 23:42:18,2015/09/30 23:43:05,47282.000000
planetlab4.cnds.jhu.edu,planetlab2.cs.uml.edu,file32B.txt,2015/09/30 23:43:05,2015/09/30 23:43:05,227.000000
planetlab4.cnds.jhu.edu,planetlab2.cs.uml.edu,file1KB.txt,2015/09/30 23:43:05,2015/09/30 23:43:05,251.000000
planetlab4.cnds.jhu.edu,planetlab2.cs.uml.edu,file256KB.txt,2015/09/30 23:43:05,2015/09/30 23:43:17,12352.000000
planetlab4.cnds.jhu.edu,planetlab2.cs.uml.edu,file512KB.txt,2015/09/30 23:43:17,2015/09/30 23:43:41,-24322.000000
planetlab4.cnds.jhu.edu,planetlab2.cs.uml.edu,file1MB.txt,2015/09/30 23:43:41,2015/09/30 23:44:25,43331.000000
planetlabtwo.ccs.neu.edu,planetlab2.cs.uml.edu,file32B.txt,2015/09/30 23:44:25,2015/09/30 23:44:26,1729.000000
planetlabtwo.ccs.neu.edu,planetlab2.cs.uml.edu,file1KB.txt,2015/09/30 23:44:26,2015/09/30 23:44:26,128.000000
planetlabtwo.ccs.neu.edu,planetlab2.cs.uml.edu,file256KB.txt,2015/09/30 23:44:26,2015/09/30 23:44:28,1263.000000
planetlabtwo.ccs.neu.edu,planetlab2.cs.uml.edu,file512KB.txt,2015/09/30 23:44:28,2015/09/30 23:44:33,4938.000000
planetlabtwo.ccs.neu.edu,planetlab2.cs.uml.edu,file1MB.txt,2015/09/30 23:44:33,2015/09/30 23:44:43,10276.000000
planetlab1.cs.purdue.edu,planetlab2.cs.uml.edu,file32B.txt,2015/09/30 23:44:43,2015/09/30 23:44:48,4793.000000
planetlab1.cs.purdue.edu,planetlab2.cs.uml.edu,file1KB.txt,2015/09/30 23:44:48,2015/09/30 23:44:56,8233.000000
planetlab1.cs.purdue.edu,planetlab2.cs.uml.edu,file256KB.txt,2015/09/30 23:44:56,2015/09/30 23:58:36,820573.000000
planetlab1.cs.purdue.edu,planetlab2.cs.uml.edu,file512KB.txt,2015/09/30 23:58:36,2015/10/01 00:30:14,1897353.000000
planetlab1.cs.purdue.edu,planetlab2.cs.uml.edu,file1MB.txt,2015/10/01 00:30:14,2015/10/01 01:15:56,1552476.000000
planetlab2.tsuniv.edu,planetlab2.cs.uml.edu,file32B.txt,2015/10/01 01:15:56,2015/10/01 01:15:58,1790.000000
planetlab2.tsuniv.edu,planetlab2.cs.uml.edu,file1KB.txt,2015/10/01 01:15:58,2015/10/01 01:16:01,3120.000000
planetlab2.tsuniv.edu,planetlab2.cs.uml.edu,file256KB.txt,2015/10/01 01:16:01,2015/10/01 01:20:30,269060.000000
planetlab2.tsuniv.edu,planetlab2.cs.uml.edu,file512KB.txt,2015/10/01 01:20:30,2015/10/01 01:26:39,369115.000000
planetlab2.tsuniv.edu,planetlab2.cs.uml.edu,file1MB.txt,2015/10/01 01:26:39,2015/10/01 01:34:10,450493.000000
planetlab1.tsuniv.edu,planetlab2.cs.uml.edu,file32B.txt,2015/10/01 01:34:10,2015/10/01 01:34:18,8331.000000
planetlab1.tsuniv.edu,planetlab2.cs.uml.edu,file1KB.txt,2015/10/01 01:34:18,2015/10/01 01:34:26,7877.000000
planetlab1.tsuniv.edu,planetlab2.cs.uml.edu,file256KB.txt,2015/10/01 01:34:26,2015/10/01 01:39:37,311371.000000
planetlab1.tsuniv.edu,planetlab2.cs.uml.edu,file512KB.txt,2015/10/01 01:39:37,2015/10/01 01:53:43,846098.000000
planetlab1.tsuniv.edu,planetlab2.cs.uml.edu,file1MB.txt,2015/10/01 01:53:43,2015/10/01 02:26:24,-1960549.000000
planetlab3.ucsd.edu,planetlab2.cs.uml.edu,file32B.txt,2015/10/01 02:26:24,2015/10/01 02:26:25,1366.000000
planetlab3.ucsd.edu,planetlab2.cs.uml.edu,file1KB.txt,2015/10/01 02:26:25,2015/10/01 02:26:25,790.000000
planetlab3.ucsd.edu,planetlab2.cs.uml.edu,file256KB.txt,2015/10/01 02:26:25,2015/10/01 02:27:13,48599.000000
planetlab3.ucsd.edu,planetlab2.cs.uml.edu,file512KB.txt,2015/10/01 02:27:13,2015/10/01 02:28:46,93247.000000
planetlab3.ucsd.edu,planetlab2.cs.uml.edu,file1MB.txt,2015/10/01 02:28:46,2015/10/01 02:32:18,211534.000000
node2.planetlab.mathcs.emory.edu,planetlab2.cs.uml.edu,file32B.txt,2015/10/01 02:32:18,2015/10/01 02:32:19,1550.000000
node2.planetlab.mathcs.emory.edu,planetlab2.cs.uml.edu,file1KB.txt,2015/10/01 02:32:19,2015/10/01 02:32:19,444.000000
node2.planetlab.mathcs.emory.edu,planetlab2.cs.uml.edu,file256KB.txt,2015/10/01 02:32:19,2015/10/01 02:32:43,23759.000000
node2.planetlab.mathcs.emory.edu,planetlab2.cs.uml.edu,file512KB.txt,2015/10/01 02:32:43,2015/10/01 02:33:31,48098.000000
node2.planetlab.mathcs.emory.edu,planetlab2.cs.uml.edu,file1MB.txt,2015/10/01 02:33:31,2015/10/01 02:35:09,97952.000000
planetlab5.csee.usf.edu,planetlab2.cs.uml.edu,file32B.txt,2015/10/01 02:35:09,2015/10/01 02:35:10,1644.000000
planetlab5.csee.usf.edu,planetlab2.cs.uml.edu,file1KB.txt,2015/10/01 02:35:10,2015/10/01 02:35:10,410.000000
planetlab5.csee.usf.edu,planetlab2.cs.uml.edu,file256KB.txt,2015/10/01 02:35:10,2015/10/01 02:35:34,24510.000000
planetlab5.csee.usf.edu,planetlab2.cs.uml.edu,file512KB.txt,2015/10/01 02:35:34,2015/10/01 02:36:19,44789.000000
planetlab5.csee.usf.edu,planetlab2.cs.uml.edu,file1MB.txt,2015/10/01 02:36:19,2015/10/01 02:37:52,93035.000000
planetlab1.emich.edu,planetlab2.cs.uml.edu,file32B.txt,2015/10/01 02:37:52,2015/10/01 02:37:52,295.000000
planetlab1.emich.edu,planetlab2.cs.uml.edu,file1KB.txt,2015/10/01 02:37:52,2015/10/01 02:37:52,311.000000
planetlab1.emich.edu,planetlab2.cs.uml.edu,file256KB.txt,2015/10/01 02:37:52,2015/10/01 02:38:10,18667.000000
planetlab1.emich.edu,planetlab2.cs.uml.edu,file512KB.txt,2015/10/01 02:38:10,2015/10/01 02:38:45,34243.000000
planetlab1.emich.edu,planetlab2.cs.uml.edu,file1MB.txt,2015/10/01 02:38:45,2015/10/01 02:39:57,72524.000000
ebb.colgate.edu,planetlab2.cs.uml.edu,file32B.txt,2015/10/01 02:39:57,2015/10/01 02:39:57,161.000000
ebb.colgate.edu,planetlab2.cs.uml.edu,file1KB.txt,2015/10/01 02:39:57,2015/10/01 02:39:58,1641.000000
ebb.colgate.edu,planetlab2.cs.uml.edu,file256KB.txt,2015/10/01 02:39:58,2015/10/01 02:40:05,6656.000000
ebb.colgate.edu,planetlab2.cs.uml.edu,file512KB.txt,2015/10/01 02:40:05,2015/10/01 02:40:20,15077.000000
ebb.colgate.edu,planetlab2.cs.uml.edu,file1MB.txt,2015/10/01 02:40:20,2015/10/01 02:40:57,37138.000000
kc-sce-plab2.umkc.edu,planetlab2.cs.uml.edu,file32B.txt,2015/10/01 02:40:57,2015/10/01 02:40:58,963.000000
kc-sce-plab2.umkc.edu,planetlab2.cs.uml.edu,file1KB.txt,2015/10/01 02:40:58,2015/10/01 02:40:59,783.000000
kc-sce-plab2.umkc.edu,planetlab2.cs.uml.edu,file256KB.txt,2015/10/01 02:40:59,2015/10/01 02:42:36,96995.000000
kc-sce-plab2.umkc.edu,planetlab2.cs.uml.edu,file512KB.txt,2015/10/01 02:42:36,2015/10/01 02:45:07,151509.000000
kc-sce-plab2.umkc.edu,planetlab2.cs.uml.edu,file1MB.txt,2015/10/01 02:45:07,2015/10/01 02:54:19,552083.000000
node1.planetlab.mathcs.emory.edu,planetlab2.cs.uml.edu,file32B.txt,2015/10/01 02:54:19,2015/10/01 02:54:19,388.000000
node1.planetlab.mathcs.emory.edu,planetlab2.cs.uml.edu,file1KB.txt,2015/10/01 02:54:19,2015/10/01 02:54:19,399.000000
node1.planetlab.mathcs.emory.edu,planetlab2.cs.uml.edu,file256KB.txt,2015/10/01 02:54:19,2015/10/01 02:54:46,27822.000000
node1.planetlab.mathcs.emory.edu,planetlab2.cs.uml.edu,file512KB.txt,2015/10/01 02:54:46,2015/10/01 02:55:34,47572.000000
node1.planetlab.mathcs.emory.edu,planetlab2.cs.uml.edu,file1MB.txt,2015/10/01 02:55:34,2015/10/01 02:57:33,119215.000000
pl1.cs.montana.edu,planetlab2.cs.uml.edu,file32B.txt,2015/10/01 02:57:33,2015/10/01 02:57:34,782.000000
pl1.cs.montana.edu,planetlab2.cs.uml.edu,file1KB.txt,2015/10/01 02:57:34,2015/10/01 02:57:35,1091.000000
pl1.cs.montana.edu,planetlab2.cs.uml.edu,file256KB.txt,2015/10/01 02:57:35,2015/10/01 02:58:35,59656.000000
pl1.cs.montana.edu,planetlab2.cs.uml.edu,file512KB.txt,2015/10/01 02:58:35,2015/10/01 03:00:53,137759.000000
pl1.cs.montana.edu,planetlab2.cs.uml.edu,file1MB.txt,2015/10/01 03:00:53,2015/10/01 03:04:56,243771.000000
plab3.eece.ksu.edu,planetlab2.cs.uml.edu,file32B.txt,2015/10/01 03:05:17,2015/10/01 03:05:17,466.000000
plab3.eece.ksu.edu,planetlab2.cs.uml.edu,file1KB.txt,2015/10/01 03:05:17,2015/10/01 03:05:18,1534.000000
plab3.eece.ksu.edu,planetlab2.cs.uml.edu,file256KB.txt,2015/10/01 03:05:18,2015/10/01 03:05:47,29295.000000
plab3.eece.ksu.edu,planetlab2.cs.uml.edu,file512KB.txt,2015/10/01 03:05:47,2015/10/01 03:06:31,43269.000000
plab3.eece.ksu.edu,planetlab2.cs.uml.edu,file1MB.txt,2015/10/01 03:06:31,2015/10/01 03:07:57,86422.000000
planet3.cc.gt.atl.ga.us,planetlab2.cs.uml.edu,file32B.txt,2015/10/01 03:07:57,2015/10/01 03:07:57,498.000000
planet3.cc.gt.atl.ga.us,planetlab2.cs.uml.edu,file1KB.txt,2015/10/01 03:07:57,2015/10/01 03:07:58,1552.000000
planet3.cc.gt.atl.ga.us,planetlab2.cs.uml.edu,file256KB.txt,2015/10/01 03:07:58,2015/10/01 03:08:22,24052.000000
planet3.cc.gt.atl.ga.us,planetlab2.cs.uml.edu,file512KB.txt,2015/10/01 03:08:22,2015/10/01 03:09:10,47828.000000
planet3.cc.gt.atl.ga.us,planetlab2.cs.uml.edu,file1MB.txt,2015/10/01 03:09:10,2015/10/01 03:10:45,94656.000000
planetlab-02.bu.edu,planetlab2.cs.uml.edu,file32B.txt,2015/10/01 03:10:46,2015/10/01 03:10:46,303.000000
planetlab-02.bu.edu,planetlab2.cs.uml.edu,file1KB.txt,2015/10/01 03:10:46,2015/10/01 03:10:46,267.000000
planetlab-02.bu.edu,planetlab2.cs.uml.edu,file256KB.txt,2015/10/01 03:10:46,2015/10/01 03:10:58,11973.000000
planetlab-02.bu.edu,planetlab2.cs.uml.edu,file512KB.txt,2015/10/01 03:10:58,2015/10/01 03:11:22,24342.000000
planetlab-02.bu.edu,planetlab2.cs.uml.edu,file1MB.txt,2015/10/01 03:11:22,2015/10/01 03:12:09,46829.000000
planetlab1.clemson.edu,planetlab2.cs.uml.edu,file32B.txt,2015/10/01 03:12:30,2015/10/01 03:12:31,1594.000000
planetlab1.clemson.edu,planetlab2.cs.uml.edu,file1KB.txt,2015/10/01 03:12:31,2015/10/01 03:12:31,437.000000
planetlab1.clemson.edu,planetlab2.cs.uml.edu,file256KB.txt,2015/10/01 03:12:31,2015/10/01 03:12:56,24824.000000
planetlab1.clemson.edu,planetlab2.cs.uml.edu,file512KB.txt,2015/10/01 03:12:56,2015/10/01 03:13:47,51672.000000
planetlab1.clemson.edu,planetlab2.cs.uml.edu,file1MB.txt,2015/10/01 03:13:47,2015/10/01 03:15:29,102206.000000
planetlab1.cs.du.edu,planetlab2.cs.uml.edu,file32B.txt,2015/10/01 03:15:29,2015/10/01 03:15:29,409.000000
planetlab1.cs.du.edu,planetlab2.cs.uml.edu,file1KB.txt,2015/10/01 03:15:29,2015/10/01 03:15:30,1541.000000
planetlab1.cs.du.edu,planetlab2.cs.uml.edu,file256KB.txt,2015/10/01 03:15:30,2015/10/01 03:15:56,25452.000000
planetlab1.cs.du.edu,planetlab2.cs.uml.edu,file512KB.txt,2015/10/01 03:15:56,2015/10/01 03:16:48,52448.000000
planetlab1.cs.du.edu,planetlab2.cs.uml.edu,file1MB.txt,2015/10/01 03:16:48,2015/10/01 03:18:31,-102640.000000
planetlab1.cs.okstate.edu,planetlab2.cs.uml.edu,file32B.txt,2015/10/01 03:18:52,2015/10/01 03:18:53,1583.000000
planetlab1.cs.okstate.edu,planetlab2.cs.uml.edu,file1KB.txt,2015/10/01 03:18:53,2015/10/01 03:18:53,405.000000
planetlab1.cs.okstate.edu,planetlab2.cs.uml.edu,file256KB.txt,2015/10/01 03:18:53,2015/10/01 03:19:17,24441.000000
planetlab1.cs.okstate.edu,planetlab2.cs.uml.edu,file512KB.txt,2015/10/01 03:19:17,2015/10/01 03:20:04,47152.000000
planetlab1.cs.okstate.edu,planetlab2.cs.uml.edu,file1MB.txt,2015/10/01 03:20:04,2015/10/01 03:21:39,94726.000000
planetlab1.cs.ucla.edu,planetlab2.cs.uml.edu,file32B.txt,2015/10/01 03:21:39,2015/10/01 03:21:40,1370.000000
planetlab1.cs.ucla.edu,planetlab2.cs.uml.edu,file1KB.txt,2015/10/01 03:21:40,2015/10/01 03:21:40,729.000000
planetlab1.cs.ucla.edu,planetlab2.cs.uml.edu,file256KB.txt,2015/10/01 03:21:40,2015/10/01 03:22:26,45804.000000
planetlab1.cs.ucla.edu,planetlab2.cs.uml.edu,file512KB.txt,2015/10/01 03:22:26,2015/10/01 03:23:57,91618.000000
planetlab1.cs.ucla.edu,planetlab2.cs.uml.edu,file1MB.txt,2015/10/01 03:23:57,2015/10/01 03:27:02,184588.000000
planetlab1.csuohio.edu,planetlab2.cs.uml.edu,file32B.txt,2015/10/01 03:27:02,2015/10/01 03:27:03,1744.000000
planetlab1.csuohio.edu,planetlab2.cs.uml.edu,file1KB.txt,2015/10/01 03:27:03,2015/10/01 03:27:03,346.000000
planetlab1.csuohio.edu,planetlab2.cs.uml.edu,file256KB.txt,2015/10/01 03:27:03,2015/10/01 03:27:17,13510.000000
planetlab1.csuohio.edu,planetlab2.cs.uml.edu,file512KB.txt,2015/10/01 03:27:17,2015/10/01 03:27:47,30762.000000
planetlab1.csuohio.edu,planetlab2.cs.uml.edu,file1MB.txt,2015/10/01 03:27:47,2015/10/01 03:28:46,58700.000000
planetlab1.emich.edu,planetlab2.cs.uml.edu,file32B.txt,2015/10/01 03:28:46,2015/10/01 03:28:46,336.000000
planetlab1.emich.edu,planetlab2.cs.uml.edu,file1KB.txt,2015/10/01 03:28:46,2015/10/01 03:28:47,1647.000000
planetlab1.emich.edu,planetlab2.cs.uml.edu,file256KB.txt,2015/10/01 03:28:47,2015/10/01 03:29:10,22320.000000
planetlab1.emich.edu,planetlab2.cs.uml.edu,file512KB.txt,2015/10/01 03:29:10,2015/10/01 03:29:45,35535.000000
planetlab1.emich.edu,planetlab2.cs.uml.edu,file1MB.txt,2015/10/01 03:29:45,2015/10/01 03:30:53,67288.000000
planetlab1.ucsd.edu,planetlab2.cs.uml.edu,file32B.txt,2015/10/01 03:31:15,2015/10/01 03:31:15,759.000000
planetlab1.ucsd.edu,planetlab2.cs.uml.edu,file1KB.txt,2015/10/01 03:31:15,2015/10/01 03:31:16,1267.000000
planetlab1.ucsd.edu,planetlab2.cs.uml.edu,file256KB.txt,2015/10/01 03:31:16,2015/10/01 03:32:03,46907.000000
planetlab1.ucsd.edu,planetlab2.cs.uml.edu,file512KB.txt,2015/10/01 03:32:03,2015/10/01 03:33:37,94626.000000
planetlab1.ucsd.edu,planetlab2.cs.uml.edu,file1MB.txt,2015/10/01 03:33:37,2015/10/01 03:36:44,186731.000000
planetlab2.acis.ufl.edu,planetlab2.cs.uml.edu,file32B.txt,2015/10/01 03:36:44,2015/10/01 03:36:44,452.000000
planetlab2.acis.ufl.edu,planetlab2.cs.uml.edu,file1KB.txt,2015/10/01 03:36:44,2015/10/01 03:36:45,1610.000000
planetlab2.acis.ufl.edu,planetlab2.cs.uml.edu,file256KB.txt,2015/10/01 03:36:45,2015/10/01 03:37:08,22320.000000
planetlab2.acis.ufl.edu,planetlab2.cs.uml.edu,file512KB.txt,2015/10/01 03:37:08,2015/10/01 03:37:55,47068.000000
planetlab2.acis.ufl.edu,planetlab2.cs.uml.edu,file1MB.txt,2015/10/01 03:37:55,2015/10/01 03:39:27,92435.000000
planetlab2.arizona-gigapop.net,planetlab2.cs.uml.edu,file32B.txt,2015/10/01 03:39:27,2015/10/01 03:39:28,1304.000000
planetlab2.arizona-gigapop.net,planetlab2.cs.uml.edu,file1KB.txt,2015/10/01 03:39:28,2015/10/01 03:39:28,631.000000
planetlab2.arizona-gigapop.net,planetlab2.cs.uml.edu,file256KB.txt,2015/10/01 03:39:28,2015/10/01 03:40:08,40027.000000
planetlab2.arizona-gigapop.net,planetlab2.cs.uml.edu,file512KB.txt,2015/10/01 03:40:08,2015/10/01 03:41:28,80338.000000
planetlab2.arizona-gigapop.net,planetlab2.cs.uml.edu,file1MB.txt,2015/10/01 03:41:28,2015/10/01 03:44:04,156082.000000
planetlab2.citadel.edu,planetlab2.cs.uml.edu,file32B.txt,2015/10/01 03:44:04,2015/10/01 03:44:04,512.000000
planetlab2.citadel.edu,planetlab2.cs.uml.edu,file1KB.txt,2015/10/01 03:44:04,2015/10/01 03:44:05,1502.000000
planetlab2.citadel.edu,planetlab2.cs.uml.edu,file256KB.txt,2015/10/01 03:44:05,2015/10/01 03:44:34,28460.000000
planetlab2.citadel.edu,planetlab2.cs.uml.edu,file512KB.txt,2015/10/01 03:44:34,2015/10/01 03:45:35,61747.000000
planetlab2.citadel.edu,planetlab2.cs.uml.edu,file1MB.txt,2015/10/01 03:45:35,2015/10/01 03:47:32,116834.000000
planetlab2.cs.pitt.edu,planetlab2.cs.uml.edu,file32B.txt,2015/10/01 03:47:32,2015/10/01 03:47:32,305.000000
planetlab2.cs.pitt.edu,planetlab2.cs.uml.edu,file1KB.txt,2015/10/01 03:47:32,2015/10/01 03:47:33,1727.000000
planetlab2.cs.pitt.edu,planetlab2.cs.uml.edu,file256KB.txt,2015/10/01 03:47:33,2015/10/01 03:47:48,14784.000000
planetlab2.cs.pitt.edu,planetlab2.cs.uml.edu,file512KB.txt,2015/10/01 03:47:48,2015/10/01 03:48:12,23650.000000
planetlab2.cs.pitt.edu,planetlab2.cs.uml.edu,file1MB.txt,2015/10/01 03:48:12,2015/10/01 03:49:05,52660.000000
planetlab2.cs.purdue.edu,planetlab2.cs.uml.edu,file32B.txt,2015/10/01 03:49:05,2015/10/01 03:49:06,1570.000000
planetlab2.cs.purdue.edu,planetlab2.cs.uml.edu,file1KB.txt,2015/10/01 03:49:06,2015/10/01 03:49:06,549.000000
planetlab2.cs.purdue.edu,planetlab2.cs.uml.edu,file256KB.txt,2015/10/01 03:49:06,2015/10/01 03:49:38,32488.000000
planetlab2.cs.purdue.edu,planetlab2.cs.uml.edu,file512KB.txt,2015/10/01 03:49:38,2015/10/01 03:50:34,55541.000000
planetlab2.cs.purdue.edu,planetlab2.cs.uml.edu,file1MB.txt,2015/10/01 03:50:34,2015/10/01 03:53:02,148162.000000
planetlab2.cs.uml.edu,planetlab2.cs.uml.edu,file32B.txt,2015/10/01 03:53:45,2015/10/01 03:53:45,1.000000
planetlab2.cs.uml.edu,planetlab2.cs.uml.edu,file1KB.txt,2015/10/01 03:53:45,2015/10/01 03:53:45,1.000000
planetlab2.cs.uml.edu,planetlab2.cs.uml.edu,file256KB.txt,2015/10/01 03:53:45,2015/10/01 03:53:45,22.000000
planetlab2.cs.uml.edu,planetlab2.cs.uml.edu,file512KB.txt,2015/10/01 03:53:45,2015/10/01 03:53:45,42.000000
planetlab2.cs.uml.edu,planetlab2.cs.uml.edu,file1MB.txt,2015/10/01 03:53:45,2015/10/01 03:53:45,100.000000
planetlab2.cs.unc.edu,planetlab2.cs.uml.edu,file32B.txt,2015/10/01 03:53:45,2015/10/01 03:53:45,266.000000
planetlab2.cs.unc.edu,planetlab2.cs.uml.edu,file1KB.txt,2015/10/01 03:53:45,2015/10/01 03:53:45,296.000000
planetlab2.cs.unc.edu,planetlab2.cs.uml.edu,file256KB.txt,2015/10/01 03:53:45,2015/10/01 03:54:02,16893.000000
planetlab2.cs.unc.edu,planetlab2.cs.uml.edu,file512KB.txt,2015/10/01 03:54:02,2015/10/01 03:54:36,34055.000000
planetlab2.cs.unc.edu,planetlab2.cs.uml.edu,file1MB.txt,2015/10/01 03:54:36,2015/10/01 03:55:48,72066.000000
planetlab2.cs.uoregon.edu,planetlab2.cs.uml.edu,file32B.txt,2015/10/01 03:55:48,2015/10/01 03:55:49,1351.000000
planetlab2.cs.uoregon.edu,planetlab2.cs.uml.edu,file1KB.txt,2015/10/01 03:55:49,2015/10/01 03:55:50,1338.000000
planetlab2.cs.uoregon.edu,planetlab2.cs.uml.edu,file256KB.txt,2015/10/01 03:55:50,2015/10/01 03:56:31,40389.000000
planetlab2.cs.uoregon.edu,planetlab2.cs.uml.edu,file512KB.txt,2015/10/01 03:56:31,2015/10/01 03:57:54,82897.000000
planetlab2.cs.uoregon.edu,planetlab2.cs.uml.edu,file1MB.txt,2015/10/01 03:57:54,2015/10/01 04:00:40,166667.000000
planetlab2.temple.edu,planetlab2.cs.uml.edu,file32B.txt,2015/10/01 04:00:40,2015/10/01 04:00:40,371.000000
planetlab2.temple.edu,planetlab2.cs.uml.edu,file1KB.txt,2015/10/01 04:00:40,2015/10/01 04:00:40,233.000000
planetlab2.temple.edu,planetlab2.cs.uml.edu,file256KB.txt,2015/10/01 04:00:40,2015/10/01 04:00:48,8781.000000
planetlab2.temple.edu,planetlab2.cs.uml.edu,file512KB.txt,2015/10/01 04:00:48,2015/10/01 04:01:06,17301.000000
planetlab2.temple.edu,planetlab2.cs.uml.edu,file1MB.txt,2015/10/01 04:01:06,2015/10/01 04:01:39,33104.000000
planetlab2.unl.edu,planetlab2.cs.uml.edu,file32B.txt,2015/10/01 04:01:39,2015/10/01 04:01:40,1560.000000
planetlab2.unl.edu,planetlab2.cs.uml.edu,file1KB.txt,2015/10/01 04:01:40,2015/10/01 04:01:40,423.000000
planetlab2.unl.edu,planetlab2.cs.uml.edu,file256KB.txt,2015/10/01 04:01:40,2015/10/01 04:02:03,23054.000000
planetlab2.unl.edu,planetlab2.cs.uml.edu,file512KB.txt,2015/10/01 04:02:03,2015/10/01 04:02:49,45483.000000
planetlab2.unl.edu,planetlab2.cs.uml.edu,file1MB.txt,2015/10/01 04:02:49,2015/10/01 04:04:32,103397.000000
planetlab2.unr.edu,planetlab2.cs.uml.edu,file32B.txt,2015/10/01 04:04:32,2015/10/01 04:04:33,1118.000000
planetlab2.unr.edu,planetlab2.cs.uml.edu,file1KB.txt,2015/10/01 04:04:33,2015/10/01 04:04:34,1390.000000
planetlab2.unr.edu,planetlab2.cs.uml.edu,file256KB.txt,2015/10/01 04:04:34,2015/10/01 04:05:15,40724.000000
planetlab2.unr.edu,planetlab2.cs.uml.edu,file512KB.txt,2015/10/01 04:05:15,2015/10/01 04:06:33,77971.000000
planetlab2.unr.edu,planetlab2.cs.uml.edu,file1MB.txt,2015/10/01 04:06:33,2015/10/01 04:08:55,141663.000000
planetlab2.uta.edu,planetlab2.cs.uml.edu,file32B.txt,2015/10/01 04:08:55,2015/10/01 04:08:56,1310.000000
planetlab2.uta.edu,planetlab2.cs.uml.edu,file1KB.txt,2015/10/01 04:08:56,2015/10/01 04:08:56,507.000000
planetlab2.uta.edu,planetlab2.cs.uml.edu,file256KB.txt,2015/10/01 04:08:56,2015/10/01 04:09:32,36002.000000
planetlab2.uta.edu,planetlab2.cs.uml.edu,file512KB.txt,2015/10/01 04:09:32,2015/10/01 04:10:37,64943.000000
planetlab2.uta.edu,planetlab2.cs.uml.edu,file1MB.txt,2015/10/01 04:10:37,2015/10/01 04:12:52,135741.000000
planetlab2.utdallas.edu,planetlab2.cs.uml.edu,file32B.txt,2015/10/01 04:12:52,2015/10/01 04:12:52,535.000000
planetlab2.utdallas.edu,planetlab2.cs.uml.edu,file1KB.txt,2015/10/01 04:12:52,2015/10/01 04:12:53,1449.000000
planetlab2.utdallas.edu,planetlab2.cs.uml.edu,file256KB.txt,2015/10/01 04:12:53,2015/10/01 04:13:22,28876.000000
planetlab2.utdallas.edu,planetlab2.cs.uml.edu,file512KB.txt,2015/10/01 04:13:22,2015/10/01 04:14:24,62309.000000
planetlab2.utdallas.edu,planetlab2.cs.uml.edu,file1MB.txt,2015/10/01 04:14:24,2015/10/01 04:16:23,118545.000000
planetlab3.eecs.umich.edu,planetlab2.cs.uml.edu,file32B.txt,2015/10/01 04:16:23,2015/10/01 04:16:23,370.000000
planetlab3.eecs.umich.edu,planetlab2.cs.uml.edu,file1KB.txt,2015/10/01 04:16:23,2015/10/01 04:16:24,1636.000000
planetlab3.eecs.umich.edu,planetlab2.cs.uml.edu,file256KB.txt,2015/10/01 04:16:24,2015/10/01 04:16:41,17073.000000
planetlab3.eecs.umich.edu,planetlab2.cs.uml.edu,file512KB.txt,2015/10/01 04:16:41,2015/10/01 04:17:14,32515.000000
planetlab3.eecs.umich.edu,planetlab2.cs.uml.edu,file1MB.txt,2015/10/01 04:17:14,2015/10/01 04:18:21,67031.000000
planetlab3.rutgers.edu,planetlab2.cs.uml.edu,file32B.txt,2015/10/01 04:18:21,2015/10/01 04:18:22,1436.000000
planetlab3.rutgers.edu,planetlab2.cs.uml.edu,file1KB.txt,2015/10/01 04:18:22,2015/10/01 04:18:22,292.000000
planetlab3.rutgers.edu,planetlab2.cs.uml.edu,file256KB.txt,2015/10/01 04:18:22,2015/10/01 04:18:30,7671.000000
planetlab3.rutgers.edu,planetlab2.cs.uml.edu,file512KB.txt,2015/10/01 04:18:30,2015/10/01 04:18:48,18244.000000
planetlab3.rutgers.edu,planetlab2.cs.uml.edu,file1MB.txt,2015/10/01 04:18:48,2015/10/01 04:19:20,31712.000000
planetlab3.wail.wisc.edu,planetlab2.cs.uml.edu,file32B.txt,2015/10/01 04:19:20,2015/10/01 04:19:21,1442.000000
planetlab3.wail.wisc.edu,planetlab2.cs.uml.edu,file1KB.txt,2015/10/01 04:19:21,2015/10/01 04:19:21,422.000000
planetlab3.wail.wisc.edu,planetlab2.cs.uml.edu,file256KB.txt,2015/10/01 04:19:21,2015/10/01 04:19:45,24663.000000
planetlab3.wail.wisc.edu,planetlab2.cs.uml.edu,file512KB.txt,2015/10/01 04:19:45,2015/10/01 04:20:31,45560.000000
