planetlab1.unr.edu,planetlab1.cs.ucla.edu,file32B.txt,2015/09/30 21:06:22,2015/09/30 21:06:22,184.000000
planetlab1.unr.edu,planetlab1.cs.ucla.edu,file1KB.txt,2015/09/30 21:06:22,2015/09/30 21:06:22,262.000000
planetlab1.unr.edu,planetlab1.cs.ucla.edu,file256KB.txt,2015/09/30 21:06:22,2015/09/30 21:06:35,13410.000000
planetlab1.unr.edu,planetlab1.cs.ucla.edu,file512KB.txt,2015/09/30 21:06:35,2015/09/30 21:07:00,25034.000000
planetlab1.unr.edu,planetlab1.cs.ucla.edu,file1MB.txt,2015/09/30 21:07:00,2015/09/30 21:07:50,49771.000000
pl2.cs.unm.edu,planetlab1.cs.ucla.edu,file32B.txt,2015/09/30 21:07:50,2015/09/30 21:07:50,455.000000
pl2.cs.unm.edu,planetlab1.cs.ucla.edu,file1KB.txt,2015/09/30 21:07:50,2015/09/30 21:07:51,1768.000000
pl2.cs.unm.edu,planetlab1.cs.ucla.edu,file256KB.txt,2015/09/30 21:07:51,2015/09/30 21:08:03,11444.000000
pl2.cs.unm.edu,planetlab1.cs.ucla.edu,file512KB.txt,2015/09/30 21:08:03,2015/09/30 21:08:28,25087.000000
pl2.cs.unm.edu,planetlab1.cs.ucla.edu,file1MB.txt,2015/09/30 21:08:28,2015/09/30 21:09:17,49052.000000
planetlab2.cnis.nyit.edu,planetlab1.cs.ucla.edu,file32B.txt,2015/09/30 21:09:17,2015/09/30 21:09:18,1396.000000
planetlab2.cnis.nyit.edu,planetlab1.cs.ucla.edu,file1KB.txt,2015/09/30 21:09:18,2015/09/30 21:09:18,819.000000
planetlab2.cnis.nyit.edu,planetlab1.cs.ucla.edu,file256KB.txt,2015/09/30 21:09:18,2015/09/30 21:10:03,45127.000000
planetlab2.cnis.nyit.edu,planetlab1.cs.ucla.edu,file512KB.txt,2015/09/30 21:10:03,2015/09/30 21:11:35,92756.000000
planetlab2.cnis.nyit.edu,planetlab1.cs.ucla.edu,file1MB.txt,2015/09/30 21:11:35,2015/09/30 21:14:32,176564.000000
planetlab2.rutgers.edu,planetlab1.cs.ucla.edu,file32B.txt,2015/09/30 21:14:32,2015/09/30 21:14:41,8505.000000
planetlab2.rutgers.edu,planetlab1.cs.ucla.edu,file1KB.txt,2015/09/30 21:14:41,2015/09/30 21:14:44,3394.000000
planetlab2.rutgers.edu,planetlab1.cs.ucla.edu,file256KB.txt,2015/09/30 21:14:44,2015/09/30 21:24:20,-576541.000000
planetlab2.rutgers.edu,planetlab1.cs.ucla.edu,file512KB.txt,2015/09/30 21:24:20,2015/09/30 22:10:51,-1504685.000000
planetlab2.rutgers.edu,planetlab1.cs.ucla.edu,file1MB.txt,2015/09/30 22:10:51,2015/09/30 23:12:06,619358.000000
planetlab2.ucsd.edu,planetlab1.cs.ucla.edu,file32B.txt,2015/09/30 23:12:06,2015/09/30 23:12:06,107.000000
planetlab2.ucsd.edu,planetlab1.cs.ucla.edu,file1KB.txt,2015/09/30 23:12:06,2015/09/30 23:12:06,42.000000
planetlab2.ucsd.edu,planetlab1.cs.ucla.edu,file256KB.txt,2015/09/30 23:12:06,2015/09/30 23:12:08,1727.000000
planetlab2.ucsd.edu,planetlab1.cs.ucla.edu,file512KB.txt,2015/09/30 23:12:08,2015/09/30 23:12:12,4353.000000
planetlab2.ucsd.edu,planetlab1.cs.ucla.edu,file1MB.txt,2015/09/30 23:12:12,2015/09/30 23:12:19,6807.000000
planetlab3.cs.uoregon.edu,planetlab1.cs.ucla.edu,file32B.txt,2015/09/30 23:12:19,2015/09/30 23:12:19,276.000000
planetlab3.cs.uoregon.edu,planetlab1.cs.ucla.edu,file1KB.txt,2015/09/30 23:12:19,2015/09/30 23:12:20,1776.000000
planetlab3.cs.uoregon.edu,planetlab1.cs.ucla.edu,file256KB.txt,2015/09/30 23:12:20,2015/09/30 23:12:34,13762.000000
planetlab3.cs.uoregon.edu,planetlab1.cs.ucla.edu,file512KB.txt,2015/09/30 23:12:34,2015/09/30 23:13:00,25676.000000
planetlab3.cs.uoregon.edu,planetlab1.cs.ucla.edu,file1MB.txt,2015/09/30 23:13:00,2015/09/30 23:13:53,53524.000000
planetlab-01.bu.edu,planetlab1.cs.ucla.edu,file32B.txt,2015/09/30 23:13:53,2015/09/30 23:13:53,587.000000
planetlab-01.bu.edu,planetlab1.cs.ucla.edu,file1KB.txt,2015/09/30 23:13:53,2015/09/30 23:13:54,1330.000000
planetlab-01.bu.edu,planetlab1.cs.ucla.edu,file256KB.txt,2015/09/30 23:13:54,2015/09/30 23:14:38,43679.000000
planetlab-01.bu.edu,planetlab1.cs.ucla.edu,file512KB.txt,2015/09/30 23:14:38,2015/09/30 23:16:07,89574.000000
planetlab-01.bu.edu,planetlab1.cs.ucla.edu,file1MB.txt,2015/09/30 23:16:07,2015/09/30 23:19:05,177530.000000
planetlab4.cnds.jhu.edu,planetlab1.cs.ucla.edu,file32B.txt,2015/09/30 23:19:05,2015/09/30 23:19:06,1418.000000
planetlab4.cnds.jhu.edu,planetlab1.cs.ucla.edu,file1KB.txt,2015/09/30 23:19:06,2015/09/30 23:19:06,674.000000
planetlab4.cnds.jhu.edu,planetlab1.cs.ucla.edu,file256KB.txt,2015/09/30 23:19:06,2015/09/30 23:19:50,44554.000000
planetlab4.cnds.jhu.edu,planetlab1.cs.ucla.edu,file512KB.txt,2015/09/30 23:19:50,2015/09/30 23:21:21,91245.000000
planetlab4.cnds.jhu.edu,planetlab1.cs.ucla.edu,file1MB.txt,2015/09/30 23:21:21,2015/09/30 23:23:54,152547.000000
planetlabtwo.ccs.neu.edu,planetlab1.cs.ucla.edu,file32B.txt,2015/09/30 23:23:54,2015/09/30 23:23:55,1136.000000
planetlabtwo.ccs.neu.edu,planetlab1.cs.ucla.edu,file1KB.txt,2015/09/30 23:23:55,2015/09/30 23:23:55,672.000000
planetlabtwo.ccs.neu.edu,planetlab1.cs.ucla.edu,file256KB.txt,2015/09/30 23:23:55,2015/09/30 23:25:10,75103.000000
planetlabtwo.ccs.neu.edu,planetlab1.cs.ucla.edu,file512KB.txt,2015/09/30 23:25:10,2015/09/30 23:27:44,154794.000000
planetlabtwo.ccs.neu.edu,planetlab1.cs.ucla.edu,file1MB.txt,2015/09/30 23:27:44,2015/09/30 23:33:26,341936.000000
planetlab1.cs.purdue.edu,planetlab1.cs.ucla.edu,file32B.txt,2015/09/30 23:33:26,2015/09/30 23:33:27,1104.000000
planetlab1.cs.purdue.edu,planetlab1.cs.ucla.edu,file1KB.txt,2015/09/30 23:33:27,2015/09/30 23:33:28,709.000000
planetlab1.cs.purdue.edu,planetlab1.cs.ucla.edu,file256KB.txt,2015/09/30 23:33:28,2015/09/30 23:36:11,162876.000000
planetlab1.cs.purdue.edu,planetlab1.cs.ucla.edu,file512KB.txt,2015/09/30 23:36:11,2015/09/30 23:50:50,-878519.000000
planetlab1.cs.purdue.edu,planetlab1.cs.ucla.edu,file1MB.txt,2015/09/30 23:50:50,2015/10/01 00:52:22,-602453.000000
planetlab2.tsuniv.edu,planetlab1.cs.ucla.edu,file32B.txt,2015/10/01 00:52:22,2015/10/01 00:52:27,4729.000000
planetlab2.tsuniv.edu,planetlab1.cs.ucla.edu,file1KB.txt,2015/10/01 00:52:27,2015/10/01 00:52:35,8613.000000
planetlab2.tsuniv.edu,planetlab1.cs.ucla.edu,file256KB.txt,2015/10/01 00:52:35,2015/10/01 00:57:39,-303252.000000
planetlab2.tsuniv.edu,planetlab1.cs.ucla.edu,file512KB.txt,2015/10/01 00:57:39,2015/10/01 01:07:30,591065.000000
planetlab2.tsuniv.edu,planetlab1.cs.ucla.edu,file1MB.txt,2015/10/01 01:07:30,2015/10/01 01:13:46,376493.000000
planetlab1.tsuniv.edu,planetlab1.cs.ucla.edu,file32B.txt,2015/10/01 01:13:46,2015/10/01 01:13:47,758.000000
planetlab1.tsuniv.edu,planetlab1.cs.ucla.edu,file1KB.txt,2015/10/01 01:13:47,2015/10/01 01:13:50,3205.000000
planetlab1.tsuniv.edu,planetlab1.cs.ucla.edu,file256KB.txt,2015/10/01 01:13:50,2015/10/01 01:15:58,128152.000000
planetlab1.tsuniv.edu,planetlab1.cs.ucla.edu,file512KB.txt,2015/10/01 01:15:58,2015/10/01 01:18:11,133156.000000
planetlab1.tsuniv.edu,planetlab1.cs.ucla.edu,file1MB.txt,2015/10/01 01:18:11,2015/10/01 01:21:41,209851.000000
planetlab3.ucsd.edu,planetlab1.cs.ucla.edu,file32B.txt,2015/10/01 01:21:41,2015/10/01 01:21:41,119.000000
planetlab3.ucsd.edu,planetlab1.cs.ucla.edu,file1KB.txt,2015/10/01 01:21:41,2015/10/01 01:21:41,130.000000
planetlab3.ucsd.edu,planetlab1.cs.ucla.edu,file256KB.txt,2015/10/01 01:21:41,2015/10/01 01:21:43,1500.000000
planetlab3.ucsd.edu,planetlab1.cs.ucla.edu,file512KB.txt,2015/10/01 01:21:43,2015/10/01 01:21:49,6631.000000
planetlab3.ucsd.edu,planetlab1.cs.ucla.edu,file1MB.txt,2015/10/01 01:21:49,2015/10/01 01:22:02,12904.000000
node2.planetlab.mathcs.emory.edu,planetlab1.cs.ucla.edu,file32B.txt,2015/10/01 01:22:07,2015/10/01 01:22:09,2542.000000
node2.planetlab.mathcs.emory.edu,planetlab1.cs.ucla.edu,file1KB.txt,2015/10/01 01:22:09,2015/10/01 01:22:10,952.000000
node2.planetlab.mathcs.emory.edu,planetlab1.cs.ucla.edu,file256KB.txt,2015/10/01 01:22:10,2015/10/01 01:22:42,32037.000000
node2.planetlab.mathcs.emory.edu,planetlab1.cs.ucla.edu,file512KB.txt,2015/10/01 01:22:42,2015/10/01 01:23:47,64492.000000
node2.planetlab.mathcs.emory.edu,planetlab1.cs.ucla.edu,file1MB.txt,2015/10/01 01:23:47,2015/10/01 01:25:56,129583.000000
planetlab5.csee.usf.edu,planetlab1.cs.ucla.edu,file32B.txt,2015/10/01 01:25:56,2015/10/01 01:25:57,1100.000000
planetlab5.csee.usf.edu,planetlab1.cs.ucla.edu,file1KB.txt,2015/10/01 01:25:57,2015/10/01 01:25:57,532.000000
planetlab5.csee.usf.edu,planetlab1.cs.ucla.edu,file256KB.txt,2015/10/01 01:25:57,2015/10/01 01:26:29,32188.000000
planetlab5.csee.usf.edu,planetlab1.cs.ucla.edu,file512KB.txt,2015/10/01 01:26:29,2015/10/01 01:27:31,61747.000000
planetlab5.csee.usf.edu,planetlab1.cs.ucla.edu,file1MB.txt,2015/10/01 01:27:31,2015/10/01 01:29:46,135486.000000
planetlab1.emich.edu,planetlab1.cs.ucla.edu,file32B.txt,2015/10/01 01:29:46,2015/10/01 01:29:47,1278.000000
planetlab1.emich.edu,planetlab1.cs.ucla.edu,file1KB.txt,2015/10/01 01:29:47,2015/10/01 01:29:47,845.000000
planetlab1.emich.edu,planetlab1.cs.ucla.edu,file256KB.txt,2015/10/01 01:29:47,2015/10/01 01:30:28,40984.000000
planetlab1.emich.edu,planetlab1.cs.ucla.edu,file512KB.txt,2015/10/01 01:30:28,2015/10/01 01:31:50,82078.000000
planetlab1.emich.edu,planetlab1.cs.ucla.edu,file1MB.txt,2015/10/01 01:31:50,2015/10/01 01:34:34,164287.000000
ebb.colgate.edu,planetlab1.cs.ucla.edu,file32B.txt,2015/10/01 01:34:34,2015/10/01 01:34:38,4425.000000
ebb.colgate.edu,planetlab1.cs.ucla.edu,file1KB.txt,2015/10/01 01:34:38,2015/10/01 01:34:38,647.000000
ebb.colgate.edu,planetlab1.cs.ucla.edu,file256KB.txt,2015/10/01 01:34:38,2015/10/01 01:35:25,47516.000000
ebb.colgate.edu,planetlab1.cs.ucla.edu,file512KB.txt,2015/10/01 01:35:25,2015/10/01 01:37:03,97668.000000
ebb.colgate.edu,planetlab1.cs.ucla.edu,file1MB.txt,2015/10/01 01:37:03,2015/10/01 01:40:06,183328.000000
kc-sce-plab2.umkc.edu,planetlab1.cs.ucla.edu,file32B.txt,2015/10/01 01:40:06,2015/10/01 01:40:09,3132.000000
kc-sce-plab2.umkc.edu,planetlab1.cs.ucla.edu,file1KB.txt,2015/10/01 01:40:09,2015/10/01 01:40:12,2538.000000
kc-sce-plab2.umkc.edu,planetlab1.cs.ucla.edu,file256KB.txt,2015/10/01 01:40:12,2015/10/01 01:40:50,38374.000000
kc-sce-plab2.umkc.edu,planetlab1.cs.ucla.edu,file512KB.txt,2015/10/01 01:40:50,2015/10/01 01:42:29,99075.000000
kc-sce-plab2.umkc.edu,planetlab1.cs.ucla.edu,file1MB.txt,2015/10/01 01:42:29,2015/10/01 01:44:30,120406.000000
node1.planetlab.mathcs.emory.edu,planetlab1.cs.ucla.edu,file32B.txt,2015/10/01 01:44:30,2015/10/01 01:44:32,2825.000000
node1.planetlab.mathcs.emory.edu,planetlab1.cs.ucla.edu,file1KB.txt,2015/10/01 01:44:32,2015/10/01 01:44:32,517.000000
node1.planetlab.mathcs.emory.edu,planetlab1.cs.ucla.edu,file256KB.txt,2015/10/01 01:44:32,2015/10/01 01:45:03,30716.000000
node1.planetlab.mathcs.emory.edu,planetlab1.cs.ucla.edu,file512KB.txt,2015/10/01 01:45:03,2015/10/01 01:46:14,71855.000000
node1.planetlab.mathcs.emory.edu,planetlab1.cs.ucla.edu,file1MB.txt,2015/10/01 01:46:14,2015/10/01 01:48:21,126583.000000
pl1.cs.montana.edu,planetlab1.cs.ucla.edu,file32B.txt,2015/10/01 01:48:21,2015/10/01 01:48:22,1471.000000
pl1.cs.montana.edu,planetlab1.cs.ucla.edu,file1KB.txt,2015/10/01 01:48:22,2015/10/01 01:48:22,523.000000
pl1.cs.montana.edu,planetlab1.cs.ucla.edu,file256KB.txt,2015/10/01 01:48:22,2015/10/01 01:48:59,36881.000000
pl1.cs.montana.edu,planetlab1.cs.ucla.edu,file512KB.txt,2015/10/01 01:48:59,2015/10/01 01:50:14,75461.000000
pl1.cs.montana.edu,planetlab1.cs.ucla.edu,file1MB.txt,2015/10/01 01:50:14,2015/10/01 01:52:37,143022.000000
plab3.eece.ksu.edu,planetlab1.cs.ucla.edu,file32B.txt,2015/10/01 01:52:58,2015/10/01 01:52:58,444.000000
plab3.eece.ksu.edu,planetlab1.cs.ucla.edu,file1KB.txt,2015/10/01 01:52:58,2015/10/01 01:52:59,1633.000000
plab3.eece.ksu.edu,planetlab1.cs.ucla.edu,file256KB.txt,2015/10/01 01:52:59,2015/10/01 01:53:27,27807.000000
plab3.eece.ksu.edu,planetlab1.cs.ucla.edu,file512KB.txt,2015/10/01 01:53:27,2015/10/01 01:54:23,55755.000000
plab3.eece.ksu.edu,planetlab1.cs.ucla.edu,file1MB.txt,2015/10/01 01:54:23,2015/10/01 01:56:15,112382.000000
planet3.cc.gt.atl.ga.us,planetlab1.cs.ucla.edu,file32B.txt,2015/10/01 01:56:15,2015/10/01 01:56:16,1148.000000
planet3.cc.gt.atl.ga.us,planetlab1.cs.ucla.edu,file1KB.txt,2015/10/01 01:56:16,2015/10/01 01:56:16,652.000000
planet3.cc.gt.atl.ga.us,planetlab1.cs.ucla.edu,file256KB.txt,2015/10/01 01:56:16,2015/10/01 01:56:50,33923.000000
planet3.cc.gt.atl.ga.us,planetlab1.cs.ucla.edu,file512KB.txt,2015/10/01 01:56:50,2015/10/01 01:57:55,65490.000000
planet3.cc.gt.atl.ga.us,planetlab1.cs.ucla.edu,file1MB.txt,2015/10/01 01:57:55,2015/10/01 02:00:07,132005.000000
planetlab-02.bu.edu,planetlab1.cs.ucla.edu,file32B.txt,2015/10/01 02:00:07,2015/10/01 02:00:08,1267.000000
planetlab-02.bu.edu,planetlab1.cs.ucla.edu,file1KB.txt,2015/10/01 02:00:08,2015/10/01 02:00:09,1246.000000
planetlab-02.bu.edu,planetlab1.cs.ucla.edu,file256KB.txt,2015/10/01 02:00:09,2015/10/01 02:00:54,44183.000000
planetlab-02.bu.edu,planetlab1.cs.ucla.edu,file512KB.txt,2015/10/01 02:00:54,2015/10/01 02:02:29,95645.000000
planetlab-02.bu.edu,planetlab1.cs.ucla.edu,file1MB.txt,2015/10/01 02:02:29,2015/10/01 02:05:45,196053.000000
planetlab1.clemson.edu,planetlab1.cs.ucla.edu,file32B.txt,2015/10/01 02:06:06,2015/10/01 02:06:07,1215.000000
planetlab1.clemson.edu,planetlab1.cs.ucla.edu,file1KB.txt,2015/10/01 02:06:07,2015/10/01 02:06:08,1360.000000
planetlab1.clemson.edu,planetlab1.cs.ucla.edu,file256KB.txt,2015/10/01 02:06:08,2015/10/01 02:06:42,33651.000000
planetlab1.clemson.edu,planetlab1.cs.ucla.edu,file512KB.txt,2015/10/01 02:06:42,2015/10/01 02:07:50,-68517.000000
planetlab1.clemson.edu,planetlab1.cs.ucla.edu,file1MB.txt,2015/10/01 02:07:50,2015/10/01 02:10:05,134731.000000
planetlab1.cs.du.edu,planetlab1.cs.ucla.edu,file32B.txt,2015/10/01 02:10:05,2015/10/01 02:10:06,1680.000000
planetlab1.cs.du.edu,planetlab1.cs.ucla.edu,file1KB.txt,2015/10/01 02:10:06,2015/10/01 02:10:06,372.000000
planetlab1.cs.du.edu,planetlab1.cs.ucla.edu,file256KB.txt,2015/10/01 02:10:06,2015/10/01 02:10:35,29483.000000
planetlab1.cs.du.edu,planetlab1.cs.ucla.edu,file512KB.txt,2015/10/01 02:10:35,2015/10/01 02:11:33,57967.000000
planetlab1.cs.du.edu,planetlab1.cs.ucla.edu,file1MB.txt,2015/10/01 02:11:33,2015/10/01 02:13:24,110378.000000
planetlab-1.cse.ohio-state.edu,planetlab1.cs.ucla.edu,file32B.txt,2015/10/01 02:13:24,2015/10/01 02:13:34,10180.000000
planetlab-1.cse.ohio-state.edu,planetlab1.cs.ucla.edu,file1KB.txt,2015/10/01 02:13:34,2015/10/01 02:13:37,3232.000000
planetlab-1.cse.ohio-state.edu,planetlab1.cs.ucla.edu,file256KB.txt,2015/10/01 02:13:37,2015/10/01 02:31:27,1069847.000000
planetlab-1.cse.ohio-state.edu,planetlab1.cs.ucla.edu,file512KB.txt,2015/10/01 02:31:27,2015/10/01 03:11:55,-1866450.000000
