planetlab1.unr.edu,planetlab2.tsuniv.edu,file32B.txt,2015/09/30 20:59:07,2015/09/30 20:59:07,789.000000
planetlab1.unr.edu,planetlab2.tsuniv.edu,file1KB.txt,2015/09/30 20:59:07,2015/09/30 20:59:08,1391.000000
planetlab1.unr.edu,planetlab2.tsuniv.edu,file256KB.txt,2015/09/30 20:59:08,2015/09/30 20:59:53,45222.000000
planetlab1.unr.edu,planetlab2.tsuniv.edu,file512KB.txt,2015/09/30 20:59:53,2015/09/30 21:01:22,88650.000000
planetlab1.unr.edu,planetlab2.tsuniv.edu,file1MB.txt,2015/09/30 21:01:22,2015/09/30 21:04:19,176806.000000
pl2.cs.unm.edu,planetlab2.tsuniv.edu,file32B.txt,2015/09/30 21:04:19,2015/09/30 21:04:20,1517.000000
pl2.cs.unm.edu,planetlab2.tsuniv.edu,file1KB.txt,2015/09/30 21:04:20,2015/09/30 21:04:20,475.000000
pl2.cs.unm.edu,planetlab2.tsuniv.edu,file256KB.txt,2015/09/30 21:04:20,2015/09/30 21:04:55,34852.000000
pl2.cs.unm.edu,planetlab2.tsuniv.edu,file512KB.txt,2015/09/30 21:04:55,2015/09/30 21:06:05,70250.000000
pl2.cs.unm.edu,planetlab2.tsuniv.edu,file1MB.txt,2015/09/30 21:06:05,2015/09/30 21:08:24,139502.000000
planetlab2.cnis.nyit.edu,planetlab2.tsuniv.edu,file32B.txt,2015/09/30 21:08:24,2015/09/30 21:08:24,378.000000
planetlab2.cnis.nyit.edu,planetlab2.tsuniv.edu,file1KB.txt,2015/09/30 21:08:24,2015/09/30 21:08:24,314.000000
planetlab2.cnis.nyit.edu,planetlab2.tsuniv.edu,file256KB.txt,2015/09/30 21:08:24,2015/09/30 21:08:47,23065.000000
planetlab2.cnis.nyit.edu,planetlab2.tsuniv.edu,file512KB.txt,2015/09/30 21:08:47,2015/09/30 21:09:33,46301.000000
planetlab2.cnis.nyit.edu,planetlab2.tsuniv.edu,file1MB.txt,2015/09/30 21:09:33,2015/09/30 21:11:04,90526.000000
planetlab2.rutgers.edu,planetlab2.tsuniv.edu,file32B.txt,2015/09/30 21:11:04,2015/09/30 21:11:07,3752.000000
planetlab2.rutgers.edu,planetlab2.tsuniv.edu,file1KB.txt,2015/09/30 21:11:07,2015/09/30 21:11:09,1598.000000
planetlab2.rutgers.edu,planetlab2.tsuniv.edu,file256KB.txt,2015/09/30 21:11:09,2015/09/30 21:19:20,491352.000000
planetlab2.rutgers.edu,planetlab2.tsuniv.edu,file512KB.txt,2015/09/30 21:19:20,2015/09/30 21:58:32,1943325.000000
planetlab2.rutgers.edu,planetlab2.tsuniv.edu,file1MB.txt,2015/09/30 21:58:32,2015/09/30 23:13:18,190795.000000
planetlab2.ucsd.edu,planetlab2.tsuniv.edu,file32B.txt,2015/09/30 23:13:18,2015/09/30 23:13:19,1468.000000
planetlab2.ucsd.edu,planetlab2.tsuniv.edu,file1KB.txt,2015/09/30 23:13:19,2015/09/30 23:13:19,618.000000
planetlab2.ucsd.edu,planetlab2.tsuniv.edu,file256KB.txt,2015/09/30 23:13:19,2015/09/30 23:14:05,46309.000000
planetlab2.ucsd.edu,planetlab2.tsuniv.edu,file512KB.txt,2015/09/30 23:14:05,2015/09/30 23:15:36,91156.000000
planetlab2.ucsd.edu,planetlab2.tsuniv.edu,file1MB.txt,2015/09/30 23:15:36,2015/09/30 23:18:38,182346.000000
planetlab3.cs.uoregon.edu,planetlab2.tsuniv.edu,file32B.txt,2015/09/30 23:18:38,2015/09/30 23:18:38,543.000000
planetlab3.cs.uoregon.edu,planetlab2.tsuniv.edu,file1KB.txt,2015/09/30 23:18:38,2015/09/30 23:18:39,1361.000000
planetlab3.cs.uoregon.edu,planetlab2.tsuniv.edu,file256KB.txt,2015/09/30 23:18:39,2015/09/30 23:19:26,47010.000000
planetlab3.cs.uoregon.edu,planetlab2.tsuniv.edu,file512KB.txt,2015/09/30 23:19:26,2015/09/30 23:21:00,94335.000000
planetlab3.cs.uoregon.edu,planetlab2.tsuniv.edu,file1MB.txt,2015/09/30 23:21:00,2015/09/30 23:24:07,186732.000000
planetlab-01.bu.edu,planetlab2.tsuniv.edu,file32B.txt,2015/09/30 23:24:07,2015/09/30 23:24:07,327.000000
planetlab-01.bu.edu,planetlab2.tsuniv.edu,file1KB.txt,2015/09/30 23:24:07,2015/09/30 23:24:07,378.000000
planetlab-01.bu.edu,planetlab2.tsuniv.edu,file256KB.txt,2015/09/30 23:24:07,2015/09/30 23:24:36,29866.000000
planetlab-01.bu.edu,planetlab2.tsuniv.edu,file512KB.txt,2015/09/30 23:24:36,2015/09/30 23:25:32,56111.000000
planetlab-01.bu.edu,planetlab2.tsuniv.edu,file1MB.txt,2015/09/30 23:25:32,2015/09/30 23:27:24,111416.000000
planetlab4.cnds.jhu.edu,planetlab2.tsuniv.edu,file32B.txt,2015/09/30 23:27:24,2015/09/30 23:27:24,290.000000
planetlab4.cnds.jhu.edu,planetlab2.tsuniv.edu,file1KB.txt,2015/09/30 23:27:24,2015/09/30 23:27:25,1660.000000
planetlab4.cnds.jhu.edu,planetlab2.tsuniv.edu,file256KB.txt,2015/09/30 23:27:25,2015/09/30 23:27:50,25067.000000
planetlab4.cnds.jhu.edu,planetlab2.tsuniv.edu,file512KB.txt,2015/09/30 23:27:50,2015/09/30 23:28:39,48339.000000
planetlab4.cnds.jhu.edu,planetlab2.tsuniv.edu,file1MB.txt,2015/09/30 23:28:39,2015/09/30 23:30:19,100645.000000
planetlabtwo.ccs.neu.edu,planetlab2.tsuniv.edu,file32B.txt,2015/09/30 23:30:19,2015/09/30 23:30:19,448.000000
planetlabtwo.ccs.neu.edu,planetlab2.tsuniv.edu,file1KB.txt,2015/09/30 23:30:19,2015/09/30 23:30:20,1499.000000
planetlabtwo.ccs.neu.edu,planetlab2.tsuniv.edu,file256KB.txt,2015/09/30 23:30:20,2015/09/30 23:31:32,71143.000000
planetlabtwo.ccs.neu.edu,planetlab2.tsuniv.edu,file512KB.txt,2015/09/30 23:31:32,2015/09/30 23:34:08,156876.000000
planetlabtwo.ccs.neu.edu,planetlab2.tsuniv.edu,file1MB.txt,2015/09/30 23:34:08,2015/09/30 23:39:32,323999.000000
planetlab1.cs.purdue.edu,planetlab2.tsuniv.edu,file32B.txt,2015/09/30 23:39:32,2015/09/30 23:39:35,2401.000000
planetlab1.cs.purdue.edu,planetlab2.tsuniv.edu,file1KB.txt,2015/09/30 23:39:35,2015/09/30 23:39:42,6999.000000
planetlab1.cs.purdue.edu,planetlab2.tsuniv.edu,file256KB.txt,2015/09/30 23:39:42,2015/09/30 23:51:35,-713146.000000
planetlab1.cs.purdue.edu,planetlab2.tsuniv.edu,file512KB.txt,2015/09/30 23:51:35,2015/10/01 00:24:37,1982199.000000
planetlab1.cs.purdue.edu,planetlab2.tsuniv.edu,file1MB.txt,2015/10/01 00:24:37,2015/10/01 01:16:25,1187549.000000
planetlab2.tsuniv.edu,planetlab2.tsuniv.edu,file32B.txt,2015/10/01 01:16:25,2015/10/01 01:16:25,1.000000
planetlab2.tsuniv.edu,planetlab2.tsuniv.edu,file1KB.txt,2015/10/01 01:16:25,2015/10/01 01:16:25,0.000000
planetlab2.tsuniv.edu,planetlab2.tsuniv.edu,file256KB.txt,2015/10/01 01:16:25,2015/10/01 01:16:25,16.000000
planetlab2.tsuniv.edu,planetlab2.tsuniv.edu,file512KB.txt,2015/10/01 01:16:25,2015/10/01 01:16:25,36.000000
planetlab2.tsuniv.edu,planetlab2.tsuniv.edu,file1MB.txt,2015/10/01 01:16:25,2015/10/01 01:16:26,1924.000000
planetlab1.tsuniv.edu,planetlab2.tsuniv.edu,file32B.txt,2015/10/01 01:16:26,2015/10/01 01:16:30,3900.000000
planetlab1.tsuniv.edu,planetlab2.tsuniv.edu,file1KB.txt,2015/10/01 01:16:30,2015/10/01 01:16:34,3269.000000
planetlab1.tsuniv.edu,planetlab2.tsuniv.edu,file256KB.txt,2015/10/01 01:16:34,2015/10/01 01:20:25,230999.000000
planetlab1.tsuniv.edu,planetlab2.tsuniv.edu,file512KB.txt,2015/10/01 01:20:25,2015/10/01 01:25:59,334637.000000
planetlab1.tsuniv.edu,planetlab2.tsuniv.edu,file1MB.txt,2015/10/01 01:25:59,2015/10/01 01:39:26,806964.000000
planetlab3.ucsd.edu,planetlab2.tsuniv.edu,file32B.txt,2015/10/01 01:39:26,2015/10/01 01:39:27,439.000000
planetlab3.ucsd.edu,planetlab2.tsuniv.edu,file1KB.txt,2015/10/01 01:39:27,2015/10/01 01:39:29,2265.000000
planetlab3.ucsd.edu,planetlab2.tsuniv.edu,file256KB.txt,2015/10/01 01:39:29,2015/10/01 01:41:59,150333.000000
planetlab3.ucsd.edu,planetlab2.tsuniv.edu,file512KB.txt,2015/10/01 01:41:59,2015/10/01 01:46:34,275203.000000
planetlab3.ucsd.edu,planetlab2.tsuniv.edu,file1MB.txt,2015/10/01 01:46:34,2015/10/01 01:49:37,182953.000000
node2.planetlab.mathcs.emory.edu,planetlab2.tsuniv.edu,file32B.txt,2015/10/01 01:49:37,2015/10/01 01:49:38,1357.000000
node2.planetlab.mathcs.emory.edu,planetlab2.tsuniv.edu,file1KB.txt,2015/10/01 01:49:38,2015/10/01 01:49:38,457.000000
node2.planetlab.mathcs.emory.edu,planetlab2.tsuniv.edu,file256KB.txt,2015/10/01 01:49:38,2015/10/01 01:50:12,34041.000000
node2.planetlab.mathcs.emory.edu,planetlab2.tsuniv.edu,file512KB.txt,2015/10/01 01:50:12,2015/10/01 01:53:01,168909.000000
node2.planetlab.mathcs.emory.edu,planetlab2.tsuniv.edu,file1MB.txt,2015/10/01 01:53:01,2015/10/01 01:55:16,135304.000000
planetlab5.csee.usf.edu,planetlab2.tsuniv.edu,file32B.txt,2015/10/01 01:55:16,2015/10/01 01:55:16,529.000000
planetlab5.csee.usf.edu,planetlab2.tsuniv.edu,file1KB.txt,2015/10/01 01:55:16,2015/10/01 01:55:17,1621.000000
planetlab5.csee.usf.edu,planetlab2.tsuniv.edu,file256KB.txt,2015/10/01 01:55:17,2015/10/01 01:55:45,27538.000000
planetlab5.csee.usf.edu,planetlab2.tsuniv.edu,file512KB.txt,2015/10/01 01:55:45,2015/10/01 01:58:19,154421.000000
planetlab5.csee.usf.edu,planetlab2.tsuniv.edu,file1MB.txt,2015/10/01 01:58:19,2015/10/01 02:02:32,252562.000000
planetlab1.emich.edu,planetlab2.tsuniv.edu,file32B.txt,2015/10/01 02:02:32,2015/10/01 02:02:34,2092.000000
planetlab1.emich.edu,planetlab2.tsuniv.edu,file1KB.txt,2015/10/01 02:02:34,2015/10/01 02:02:37,3684.000000
planetlab1.emich.edu,planetlab2.tsuniv.edu,file256KB.txt,2015/10/01 02:02:37,2015/10/01 02:04:30,112206.000000
planetlab1.emich.edu,planetlab2.tsuniv.edu,file512KB.txt,2015/10/01 02:04:30,2015/10/01 02:08:33,-243032.000000
planetlab1.emich.edu,planetlab2.tsuniv.edu,file1MB.txt,2015/10/01 02:08:33,2015/10/01 02:13:48,315068.000000
ebb.colgate.edu,planetlab2.tsuniv.edu,file32B.txt,2015/10/01 02:13:48,2015/10/01 02:13:49,1637.000000
ebb.colgate.edu,planetlab2.tsuniv.edu,file1KB.txt,2015/10/01 02:13:49,2015/10/01 02:13:49,285.000000
ebb.colgate.edu,planetlab2.tsuniv.edu,file256KB.txt,2015/10/01 02:13:49,2015/10/01 02:15:44,115113.000000
ebb.colgate.edu,planetlab2.tsuniv.edu,file512KB.txt,2015/10/01 02:15:44,2015/10/01 02:16:47,62617.000000
ebb.colgate.edu,planetlab2.tsuniv.edu,file1MB.txt,2015/10/01 02:16:47,2015/10/01 02:18:25,98861.000000
kc-sce-plab2.umkc.edu,planetlab2.tsuniv.edu,file32B.txt,2015/10/01 02:18:25,2015/10/01 02:18:25,434.000000
kc-sce-plab2.umkc.edu,planetlab2.tsuniv.edu,file1KB.txt,2015/10/01 02:18:25,2015/10/01 02:18:25,368.000000
kc-sce-plab2.umkc.edu,planetlab2.tsuniv.edu,file256KB.txt,2015/10/01 02:18:25,2015/10/01 02:20:53,148488.000000
kc-sce-plab2.umkc.edu,planetlab2.tsuniv.edu,file512KB.txt,2015/10/01 02:20:53,2015/10/01 02:23:01,127643.000000
kc-sce-plab2.umkc.edu,planetlab2.tsuniv.edu,file1MB.txt,2015/10/01 02:23:01,2015/10/01 02:27:32,271685.000000
node1.planetlab.mathcs.emory.edu,planetlab2.tsuniv.edu,file32B.txt,2015/10/01 02:27:32,2015/10/01 02:27:32,668.000000
node1.planetlab.mathcs.emory.edu,planetlab2.tsuniv.edu,file1KB.txt,2015/10/01 02:27:32,2015/10/01 02:27:33,1541.000000
node1.planetlab.mathcs.emory.edu,planetlab2.tsuniv.edu,file256KB.txt,2015/10/01 02:27:33,2015/10/01 02:28:07,34034.000000
node1.planetlab.mathcs.emory.edu,planetlab2.tsuniv.edu,file512KB.txt,2015/10/01 02:28:07,2015/10/01 02:29:14,66449.000000
node1.planetlab.mathcs.emory.edu,planetlab2.tsuniv.edu,file1MB.txt,2015/10/01 02:29:14,2015/10/01 02:31:29,135097.000000
pl1.cs.montana.edu,planetlab2.tsuniv.edu,file32B.txt,2015/10/01 02:31:29,2015/10/01 02:31:30,1035.000000
pl1.cs.montana.edu,planetlab2.tsuniv.edu,file1KB.txt,2015/10/01 02:31:30,2015/10/01 02:31:31,1113.000000
pl1.cs.montana.edu,planetlab2.tsuniv.edu,file256KB.txt,2015/10/01 02:31:31,2015/10/01 02:32:37,66382.000000
pl1.cs.montana.edu,planetlab2.tsuniv.edu,file512KB.txt,2015/10/01 02:32:37,2015/10/01 02:34:47,129784.000000
pl1.cs.montana.edu,planetlab2.tsuniv.edu,file1MB.txt,2015/10/01 02:34:47,2015/10/01 02:41:53,425411.000000
plab3.eece.ksu.edu,planetlab2.tsuniv.edu,file32B.txt,2015/10/01 02:42:15,2015/10/01 02:42:16,227.000000
plab3.eece.ksu.edu,planetlab2.tsuniv.edu,file1KB.txt,2015/10/01 02:42:16,2015/10/01 02:42:19,3064.000000
plab3.eece.ksu.edu,planetlab2.tsuniv.edu,file256KB.txt,2015/10/01 02:42:19,2015/10/01 02:44:27,128876.000000
plab3.eece.ksu.edu,planetlab2.tsuniv.edu,file512KB.txt,2015/10/01 02:44:27,2015/10/01 02:48:40,252069.000000
plab3.eece.ksu.edu,planetlab2.tsuniv.edu,file1MB.txt,2015/10/01 02:48:40,2015/10/01 02:57:00,500667.000000
planet3.cc.gt.atl.ga.us,planetlab2.tsuniv.edu,file32B.txt,2015/10/01 02:57:00,2015/10/01 02:57:01,329.000000
planet3.cc.gt.atl.ga.us,planetlab2.tsuniv.edu,file1KB.txt,2015/10/01 02:57:01,2015/10/01 02:57:05,4268.000000
planet3.cc.gt.atl.ga.us,planetlab2.tsuniv.edu,file256KB.txt,2015/10/01 02:57:05,2015/10/01 02:58:50,105035.000000
planet3.cc.gt.atl.ga.us,planetlab2.tsuniv.edu,file512KB.txt,2015/10/01 02:58:50,2015/10/01 03:02:39,228719.000000
planet3.cc.gt.atl.ga.us,planetlab2.tsuniv.edu,file1MB.txt,2015/10/01 03:02:39,2015/10/01 03:05:01,142277.000000
planetlab-02.bu.edu,planetlab2.tsuniv.edu,file32B.txt,2015/10/01 03:05:01,2015/10/01 03:05:02,1568.000000
planetlab-02.bu.edu,planetlab2.tsuniv.edu,file1KB.txt,2015/10/01 03:05:02,2015/10/01 03:05:02,381.000000
planetlab-02.bu.edu,planetlab2.tsuniv.edu,file256KB.txt,2015/10/01 03:05:02,2015/10/01 03:05:30,27733.000000
planetlab-02.bu.edu,planetlab2.tsuniv.edu,file512KB.txt,2015/10/01 03:05:30,2015/10/01 03:06:26,56185.000000
planetlab-02.bu.edu,planetlab2.tsuniv.edu,file1MB.txt,2015/10/01 03:06:26,2015/10/01 03:08:18,112680.000000
planetlab1.clemson.edu,planetlab2.tsuniv.edu,file32B.txt,2015/10/01 03:08:39,2015/10/01 03:08:40,1441.000000
planetlab1.clemson.edu,planetlab2.tsuniv.edu,file1KB.txt,2015/10/01 03:08:40,2015/10/01 03:08:40,307.000000
planetlab1.clemson.edu,planetlab2.tsuniv.edu,file256KB.txt,2015/10/01 03:08:40,2015/10/01 03:09:03,23390.000000
planetlab1.clemson.edu,planetlab2.tsuniv.edu,file512KB.txt,2015/10/01 03:09:03,2015/10/01 03:09:47,43085.000000
planetlab1.clemson.edu,planetlab2.tsuniv.edu,file1MB.txt,2015/10/01 03:09:47,2015/10/01 03:11:16,89318.000000
planetlab1.cs.du.edu,planetlab2.tsuniv.edu,file32B.txt,2015/10/01 03:11:17,2015/10/01 03:11:18,568.000000
planetlab1.cs.du.edu,planetlab2.tsuniv.edu,file1KB.txt,2015/10/01 03:11:18,2015/10/01 03:11:18,420.000000
planetlab1.cs.du.edu,planetlab2.tsuniv.edu,file256KB.txt,2015/10/01 03:11:18,2015/10/01 03:11:50,32647.000000
planetlab1.cs.du.edu,planetlab2.tsuniv.edu,file512KB.txt,2015/10/01 03:11:50,2015/10/01 03:12:51,60368.000000
planetlab1.cs.du.edu,planetlab2.tsuniv.edu,file1MB.txt,2015/10/01 03:12:51,2015/10/01 03:14:58,127100.000000
planetlab1.cs.okstate.edu,planetlab2.tsuniv.edu,file32B.txt,2015/10/01 03:15:20,2015/10/01 03:15:20,477.000000
planetlab1.cs.okstate.edu,planetlab2.tsuniv.edu,file1KB.txt,2015/10/01 03:15:20,2015/10/01 03:15:21,1573.000000
planetlab1.cs.okstate.edu,planetlab2.tsuniv.edu,file256KB.txt,2015/10/01 03:15:21,2015/10/01 03:15:51,29597.000000
planetlab1.cs.okstate.edu,planetlab2.tsuniv.edu,file512KB.txt,2015/10/01 03:15:51,2015/10/01 03:16:52,61151.000000
planetlab1.cs.okstate.edu,planetlab2.tsuniv.edu,file1MB.txt,2015/10/01 03:16:52,2015/10/01 03:18:52,-120170.000000
planetlab1.cs.ucla.edu,planetlab2.tsuniv.edu,file32B.txt,2015/10/01 03:18:52,2015/10/01 03:18:53,1211.000000
planetlab1.cs.ucla.edu,planetlab2.tsuniv.edu,file1KB.txt,2015/10/01 03:18:53,2015/10/01 03:18:53,604.000000
planetlab1.cs.ucla.edu,planetlab2.tsuniv.edu,file256KB.txt,2015/10/01 03:18:53,2015/10/01 03:19:39,46431.000000
planetlab1.cs.ucla.edu,planetlab2.tsuniv.edu,file512KB.txt,2015/10/01 03:19:39,2015/10/01 03:21:09,89951.000000
planetlab1.cs.ucla.edu,planetlab2.tsuniv.edu,file1MB.txt,2015/10/01 03:21:09,2015/10/01 03:24:08,179211.000000
planetlab1.csuohio.edu,planetlab2.tsuniv.edu,file32B.txt,2015/10/01 03:24:08,2015/10/01 03:24:08,424.000000
planetlab1.csuohio.edu,planetlab2.tsuniv.edu,file1KB.txt,2015/10/01 03:24:08,2015/10/01 03:24:08,398.000000
planetlab1.csuohio.edu,planetlab2.tsuniv.edu,file256KB.txt,2015/10/01 03:24:08,2015/10/01 03:24:35,27133.000000
planetlab1.csuohio.edu,planetlab2.tsuniv.edu,file512KB.txt,2015/10/01 03:24:35,2015/10/01 03:25:29,54684.000000
planetlab1.csuohio.edu,planetlab2.tsuniv.edu,file1MB.txt,2015/10/01 03:25:29,2015/10/01 03:27:15,105721.000000
planetlab1.emich.edu,planetlab2.tsuniv.edu,file32B.txt,2015/10/01 03:27:15,2015/10/01 03:27:15,374.000000
planetlab1.emich.edu,planetlab2.tsuniv.edu,file1KB.txt,2015/10/01 03:27:15,2015/10/01 03:27:16,1562.000000
planetlab1.emich.edu,planetlab2.tsuniv.edu,file256KB.txt,2015/10/01 03:27:16,2015/10/01 03:27:48,31708.000000
planetlab1.emich.edu,planetlab2.tsuniv.edu,file512KB.txt,2015/10/01 03:27:48,2015/10/01 03:28:52,63727.000000
planetlab1.emich.edu,planetlab2.tsuniv.edu,file1MB.txt,2015/10/01 03:28:52,2015/10/01 03:31:01,129509.000000
planetlab1.ucsd.edu,planetlab2.tsuniv.edu,file32B.txt,2015/10/01 03:31:22,2015/10/01 03:31:23,1212.000000
planetlab1.ucsd.edu,planetlab2.tsuniv.edu,file1KB.txt,2015/10/01 03:31:23,2015/10/01 03:31:23,625.000000
planetlab1.ucsd.edu,planetlab2.tsuniv.edu,file256KB.txt,2015/10/01 03:31:23,2015/10/01 03:32:09,45934.000000
planetlab1.ucsd.edu,planetlab2.tsuniv.edu,file512KB.txt,2015/10/01 03:32:09,2015/10/01 03:33:41,92582.000000
planetlab1.ucsd.edu,planetlab2.tsuniv.edu,file1MB.txt,2015/10/01 03:33:41,2015/10/01 03:36:44,182645.000000
planetlab2.acis.ufl.edu,planetlab2.tsuniv.edu,file32B.txt,2015/10/01 03:36:44,2015/10/01 03:36:45,1218.000000
planetlab2.acis.ufl.edu,planetlab2.tsuniv.edu,file1KB.txt,2015/10/01 03:36:45,2015/10/01 03:36:45,435.000000
planetlab2.acis.ufl.edu,planetlab2.tsuniv.edu,file256KB.txt,2015/10/01 03:36:45,2015/10/01 03:37:17,31959.000000
planetlab2.acis.ufl.edu,planetlab2.tsuniv.edu,file512KB.txt,2015/10/01 03:37:17,2015/10/01 03:38:21,64281.000000
planetlab2.acis.ufl.edu,planetlab2.tsuniv.edu,file1MB.txt,2015/10/01 03:38:21,2015/10/01 03:40:29,128282.000000
planetlab2.arizona-gigapop.net,planetlab2.tsuniv.edu,file32B.txt,2015/10/01 03:40:29,2015/10/01 03:40:30,1081.000000
planetlab2.arizona-gigapop.net,planetlab2.tsuniv.edu,file1KB.txt,2015/10/01 03:40:30,2015/10/01 03:40:30,529.000000
planetlab2.arizona-gigapop.net,planetlab2.tsuniv.edu,file256KB.txt,2015/10/01 03:40:30,2015/10/01 03:41:09,39282.000000
planetlab2.arizona-gigapop.net,planetlab2.tsuniv.edu,file512KB.txt,2015/10/01 03:41:09,2015/10/01 03:42:27,78438.000000
planetlab2.arizona-gigapop.net,planetlab2.tsuniv.edu,file1MB.txt,2015/10/01 03:42:27,2015/10/01 03:45:01,153104.000000
planetlab2.citadel.edu,planetlab2.tsuniv.edu,file32B.txt,2015/10/01 03:45:01,2015/10/01 03:45:02,1521.000000
planetlab2.citadel.edu,planetlab2.tsuniv.edu,file1KB.txt,2015/10/01 03:45:02,2015/10/01 03:45:02,395.000000
planetlab2.citadel.edu,planetlab2.tsuniv.edu,file256KB.txt,2015/10/01 03:45:02,2015/10/01 03:45:33,31754.000000
planetlab2.citadel.edu,planetlab2.tsuniv.edu,file512KB.txt,2015/10/01 03:45:33,2015/10/01 03:46:32,58963.000000
planetlab2.citadel.edu,planetlab2.tsuniv.edu,file1MB.txt,2015/10/01 03:46:32,2015/10/01 03:48:27,114409.000000
planetlab2.cs.pitt.edu,planetlab2.tsuniv.edu,file32B.txt,2015/10/01 03:48:28,2015/10/01 03:48:28,432.000000
planetlab2.cs.pitt.edu,planetlab2.tsuniv.edu,file1KB.txt,2015/10/01 03:48:28,2015/10/01 03:48:28,386.000000
planetlab2.cs.pitt.edu,planetlab2.tsuniv.edu,file256KB.txt,2015/10/01 03:48:28,2015/10/01 03:48:57,29629.000000
planetlab2.cs.pitt.edu,planetlab2.tsuniv.edu,file512KB.txt,2015/10/01 03:48:57,2015/10/01 03:49:53,55545.000000
planetlab2.cs.pitt.edu,planetlab2.tsuniv.edu,file1MB.txt,2015/10/01 03:49:53,2015/10/01 03:51:45,111774.000000
planetlab2.cs.purdue.edu,planetlab2.tsuniv.edu,file32B.txt,2015/10/01 03:51:45,2015/10/01 03:51:46,1346.000000
planetlab2.cs.purdue.edu,planetlab2.tsuniv.edu,file1KB.txt,2015/10/01 03:51:46,2015/10/01 03:51:47,1069.000000
planetlab2.cs.purdue.edu,planetlab2.tsuniv.edu,file256KB.txt,2015/10/01 03:51:47,2015/10/01 03:52:33,45777.000000
planetlab2.cs.purdue.edu,planetlab2.tsuniv.edu,file512KB.txt,2015/10/01 03:52:33,2015/10/01 03:53:54,80979.000000
planetlab2.cs.purdue.edu,planetlab2.tsuniv.edu,file1MB.txt,2015/10/01 03:53:54,2015/10/01 03:56:46,172226.000000
planetlab2.cs.uml.edu,planetlab2.tsuniv.edu,file32B.txt,2015/10/01 03:57:29,2015/10/01 03:57:29,466.000000
planetlab2.cs.uml.edu,planetlab2.tsuniv.edu,file1KB.txt,2015/10/01 03:57:29,2015/10/01 03:57:30,1597.000000
planetlab2.cs.uml.edu,planetlab2.tsuniv.edu,file256KB.txt,2015/10/01 03:57:30,2015/10/01 03:57:59,28378.000000
planetlab2.cs.uml.edu,planetlab2.tsuniv.edu,file512KB.txt,2015/10/01 03:57:59,2015/10/01 03:58:58,58943.000000
planetlab2.cs.uml.edu,planetlab2.tsuniv.edu,file1MB.txt,2015/10/01 03:58:58,2015/10/01 04:00:56,118077.000000
planetlab2.cs.unc.edu,planetlab2.tsuniv.edu,file32B.txt,2015/10/01 04:00:56,2015/10/01 04:00:57,1543.000000
planetlab2.cs.unc.edu,planetlab2.tsuniv.edu,file1KB.txt,2015/10/01 04:00:57,2015/10/01 04:00:57,380.000000
planetlab2.cs.unc.edu,planetlab2.tsuniv.edu,file256KB.txt,2015/10/01 04:00:57,2015/10/01 04:01:25,28084.000000
planetlab2.cs.unc.edu,planetlab2.tsuniv.edu,file512KB.txt,2015/10/01 04:01:25,2015/10/01 04:02:20,54728.000000
planetlab2.cs.unc.edu,planetlab2.tsuniv.edu,file1MB.txt,2015/10/01 04:02:20,2015/10/01 04:04:11,111665.000000
planetlab2.cs.uoregon.edu,planetlab2.tsuniv.edu,file32B.txt,2015/10/01 04:04:11,2015/10/01 04:04:11,695.000000
planetlab2.cs.uoregon.edu,planetlab2.tsuniv.edu,file1KB.txt,2015/10/01 04:04:11,2015/10/01 04:04:12,1369.000000
planetlab2.cs.uoregon.edu,planetlab2.tsuniv.edu,file256KB.txt,2015/10/01 04:04:12,2015/10/01 04:04:59,47274.000000
planetlab2.cs.uoregon.edu,planetlab2.tsuniv.edu,file512KB.txt,2015/10/01 04:04:59,2015/10/01 04:06:32,92732.000000
planetlab2.cs.uoregon.edu,planetlab2.tsuniv.edu,file1MB.txt,2015/10/01 04:06:32,2015/10/01 04:09:38,186165.000000
planetlab2.temple.edu,planetlab2.tsuniv.edu,file32B.txt,2015/10/01 04:09:38,2015/10/01 04:09:38,406.000000
planetlab2.temple.edu,planetlab2.tsuniv.edu,file1KB.txt,2015/10/01 04:09:38,2015/10/01 04:09:38,266.000000
planetlab2.temple.edu,planetlab2.tsuniv.edu,file256KB.txt,2015/10/01 04:09:38,2015/10/01 04:09:59,21643.000000
planetlab2.temple.edu,planetlab2.tsuniv.edu,file512KB.txt,2015/10/01 04:09:59,2015/10/01 04:10:40,40610.000000
planetlab2.temple.edu,planetlab2.tsuniv.edu,file1MB.txt,2015/10/01 04:10:40,2015/10/01 04:12:03,83367.000000
planetlab2.unl.edu,planetlab2.tsuniv.edu,file32B.txt,2015/10/01 04:12:03,2015/10/01 04:12:03,510.000000
planetlab2.unl.edu,planetlab2.tsuniv.edu,file1KB.txt,2015/10/01 04:12:03,2015/10/01 04:12:04,1593.000000
planetlab2.unl.edu,planetlab2.tsuniv.edu,file256KB.txt,2015/10/01 04:12:04,2015/10/01 04:12:34,29871.000000
planetlab2.unl.edu,planetlab2.tsuniv.edu,file512KB.txt,2015/10/01 04:12:34,2015/10/01 04:13:34,59975.000000
planetlab2.unl.edu,planetlab2.tsuniv.edu,file1MB.txt,2015/10/01 04:13:34,2015/10/01 04:15:34,120126.000000
planetlab2.unr.edu,planetlab2.tsuniv.edu,file32B.txt,2015/10/01 04:15:34,2015/10/01 04:15:35,1174.000000
planetlab2.unr.edu,planetlab2.tsuniv.edu,file1KB.txt,2015/10/01 04:15:35,2015/10/01 04:15:35,606.000000
planetlab2.unr.edu,planetlab2.tsuniv.edu,file256KB.txt,2015/10/01 04:15:35,2015/10/01 04:16:20,45139.000000
