planetlab1.unr.edu,planetlab-5.eecs.cwru.edu,file32B.txt,2015/09/30 21:13:20,2015/09/30 21:13:21,1523.000000
planetlab1.unr.edu,planetlab-5.eecs.cwru.edu,file1KB.txt,2015/09/30 21:13:21,2015/09/30 21:13:21,516.000000
planetlab1.unr.edu,planetlab-5.eecs.cwru.edu,file256KB.txt,2015/09/30 21:13:21,2015/09/30 21:13:52,30779.000000
planetlab1.unr.edu,planetlab-5.eecs.cwru.edu,file512KB.txt,2015/09/30 21:13:52,2015/09/30 21:14:54,61953.000000
planetlab1.unr.edu,planetlab-5.eecs.cwru.edu,file1MB.txt,2015/09/30 21:14:54,2015/09/30 21:16:59,125736.000000
pl2.cs.unm.edu,planetlab-5.eecs.cwru.edu,file32B.txt,2015/09/30 21:16:59,2015/09/30 21:16:59,433.000000
pl2.cs.unm.edu,planetlab-5.eecs.cwru.edu,file1KB.txt,2015/09/30 21:16:59,2015/09/30 21:17:00,1550.000000
pl2.cs.unm.edu,planetlab-5.eecs.cwru.edu,file256KB.txt,2015/09/30 21:17:00,2015/09/30 21:17:26,25569.000000
pl2.cs.unm.edu,planetlab-5.eecs.cwru.edu,file512KB.txt,2015/09/30 21:17:26,2015/09/30 21:18:19,53212.000000
pl2.cs.unm.edu,planetlab-5.eecs.cwru.edu,file1MB.txt,2015/09/30 21:18:19,2015/09/30 21:20:04,105248.000000
planetlab2.cnis.nyit.edu,planetlab-5.eecs.cwru.edu,file32B.txt,2015/09/30 21:20:04,2015/09/30 21:20:04,408.000000
planetlab2.cnis.nyit.edu,planetlab-5.eecs.cwru.edu,file1KB.txt,2015/09/30 21:20:04,2015/09/30 21:20:04,463.000000
planetlab2.cnis.nyit.edu,planetlab-5.eecs.cwru.edu,file256KB.txt,2015/09/30 21:20:04,2015/09/30 21:20:29,25763.000000
planetlab2.cnis.nyit.edu,planetlab-5.eecs.cwru.edu,file512KB.txt,2015/09/30 21:20:29,2015/09/30 21:21:17,-47606.000000
planetlab2.cnis.nyit.edu,planetlab-5.eecs.cwru.edu,file1MB.txt,2015/09/30 21:21:17,2015/09/30 21:22:55,98346.000000
planetlab2.rutgers.edu,planetlab-5.eecs.cwru.edu,file32B.txt,2015/09/30 21:22:55,2015/09/30 21:23:08,12263.000000
planetlab2.rutgers.edu,planetlab-5.eecs.cwru.edu,file1KB.txt,2015/09/30 21:23:08,2015/09/30 21:23:21,12942.000000
planetlab2.rutgers.edu,planetlab-5.eecs.cwru.edu,file256KB.txt,2015/09/30 21:23:21,2015/09/30 21:46:12,1371365.000000
planetlab2.rutgers.edu,planetlab-5.eecs.cwru.edu,file512KB.txt,2015/09/30 21:46:12,2015/09/30 22:28:42,-1744695.000000
planetlab2.rutgers.edu,planetlab-5.eecs.cwru.edu,file1MB.txt,2015/09/30 22:28:42,2015/09/30 23:23:13,1023673.000000
planetlab2.cs.du.edu,planetlab-5.eecs.cwru.edu,file32B.txt,2015/09/30 23:23:13,2015/09/30 23:23:13,379.000000
planetlab2.cs.du.edu,planetlab-5.eecs.cwru.edu,file1KB.txt,2015/09/30 23:23:13,2015/09/30 23:23:13,397.000000
planetlab2.cs.du.edu,planetlab-5.eecs.cwru.edu,file256KB.txt,2015/09/30 23:23:13,2015/09/30 23:23:36,23765.000000
planetlab2.cs.du.edu,planetlab-5.eecs.cwru.edu,file512KB.txt,2015/09/30 23:23:36,2015/09/30 23:24:20,43711.000000
planetlab2.cs.du.edu,planetlab-5.eecs.cwru.edu,file1MB.txt,2015/09/30 23:24:20,2015/09/30 23:25:49,88733.000000
planetlab2.ucsd.edu,planetlab-5.eecs.cwru.edu,file32B.txt,2015/09/30 23:25:49,2015/09/30 23:25:50,1365.000000
planetlab2.ucsd.edu,planetlab-5.eecs.cwru.edu,file1KB.txt,2015/09/30 23:25:50,2015/09/30 23:25:50,721.000000
planetlab2.ucsd.edu,planetlab-5.eecs.cwru.edu,file256KB.txt,2015/09/30 23:25:50,2015/09/30 23:26:31,41312.000000
planetlab2.ucsd.edu,planetlab-5.eecs.cwru.edu,file512KB.txt,2015/09/30 23:26:31,2015/09/30 23:27:52,81201.000000
planetlab2.ucsd.edu,planetlab-5.eecs.cwru.edu,file1MB.txt,2015/09/30 23:27:52,2015/09/30 23:30:32,160102.000000
planetlab3.cs.uoregon.edu,planetlab-5.eecs.cwru.edu,file32B.txt,2015/09/30 23:30:32,2015/09/30 23:30:33,1341.000000
planetlab3.cs.uoregon.edu,planetlab-5.eecs.cwru.edu,file1KB.txt,2015/09/30 23:30:33,2015/09/30 23:30:33,782.000000
planetlab3.cs.uoregon.edu,planetlab-5.eecs.cwru.edu,file256KB.txt,2015/09/30 23:30:33,2015/09/30 23:31:17,43810.000000
planetlab3.cs.uoregon.edu,planetlab-5.eecs.cwru.edu,file512KB.txt,2015/09/30 23:31:17,2015/09/30 23:32:45,88224.000000
planetlab3.cs.uoregon.edu,planetlab-5.eecs.cwru.edu,file1MB.txt,2015/09/30 23:32:45,2015/09/30 23:35:40,175747.000000
planetlab-01.bu.edu,planetlab-5.eecs.cwru.edu,file32B.txt,2015/09/30 23:35:40,2015/09/30 23:35:40,357.000000
planetlab-01.bu.edu,planetlab-5.eecs.cwru.edu,file1KB.txt,2015/09/30 23:35:40,2015/09/30 23:35:40,298.000000
planetlab-01.bu.edu,planetlab-5.eecs.cwru.edu,file256KB.txt,2015/09/30 23:35:40,2015/09/30 23:35:57,16803.000000
planetlab-01.bu.edu,planetlab-5.eecs.cwru.edu,file512KB.txt,2015/09/30 23:35:57,2015/09/30 23:36:31,34191.000000
planetlab-01.bu.edu,planetlab-5.eecs.cwru.edu,file1MB.txt,2015/09/30 23:36:31,2015/09/30 23:37:38,66805.000000
planetlab4.cnds.jhu.edu,planetlab-5.eecs.cwru.edu,file32B.txt,2015/09/30 23:37:38,2015/09/30 23:37:39,1797.000000
planetlab4.cnds.jhu.edu,planetlab-5.eecs.cwru.edu,file1KB.txt,2015/09/30 23:37:39,2015/09/30 23:37:39,159.000000
planetlab4.cnds.jhu.edu,planetlab-5.eecs.cwru.edu,file256KB.txt,2015/09/30 23:37:39,2015/09/30 23:37:45,5396.000000
planetlab4.cnds.jhu.edu,planetlab-5.eecs.cwru.edu,file512KB.txt,2015/09/30 23:37:45,2015/09/30 23:37:58,12890.000000
planetlab4.cnds.jhu.edu,planetlab-5.eecs.cwru.edu,file1MB.txt,2015/09/30 23:37:58,2015/09/30 23:38:24,26371.000000
planetlabtwo.ccs.neu.edu,planetlab-5.eecs.cwru.edu,file32B.txt,2015/09/30 23:38:24,2015/09/30 23:38:25,1504.000000
planetlabtwo.ccs.neu.edu,planetlab-5.eecs.cwru.edu,file1KB.txt,2015/09/30 23:38:25,2015/09/30 23:38:25,275.000000
planetlabtwo.ccs.neu.edu,planetlab-5.eecs.cwru.edu,file256KB.txt,2015/09/30 23:38:25,2015/09/30 23:38:35,9397.000000
planetlabtwo.ccs.neu.edu,planetlab-5.eecs.cwru.edu,file512KB.txt,2015/09/30 23:38:35,2015/09/30 23:38:56,21022.000000
planetlabtwo.ccs.neu.edu,planetlab-5.eecs.cwru.edu,file1MB.txt,2015/09/30 23:38:56,2015/09/30 23:39:38,42163.000000
planetlab1.cs.purdue.edu,planetlab-5.eecs.cwru.edu,file32B.txt,2015/09/30 23:39:38,2015/09/30 23:39:40,1922.000000
planetlab1.cs.purdue.edu,planetlab-5.eecs.cwru.edu,file1KB.txt,2015/09/30 23:39:40,2015/09/30 23:39:44,4716.000000
planetlab1.cs.purdue.edu,planetlab-5.eecs.cwru.edu,file256KB.txt,2015/09/30 23:39:44,2015/09/30 23:51:50,-725346.000000
planetlab1.cs.purdue.edu,planetlab-5.eecs.cwru.edu,file512KB.txt,2015/09/30 23:51:50,2015/10/01 00:22:04,1814572.000000
planetlab1.cs.purdue.edu,planetlab-5.eecs.cwru.edu,file1MB.txt,2015/10/01 00:22:04,2015/10/01 01:12:29,1270444.000000
planetlab2.tsuniv.edu,planetlab-5.eecs.cwru.edu,file32B.txt,2015/10/01 01:12:29,2015/10/01 01:12:30,1530.000000
planetlab2.tsuniv.edu,planetlab-5.eecs.cwru.edu,file1KB.txt,2015/10/01 01:12:30,2015/10/01 01:12:30,501.000000
planetlab2.tsuniv.edu,planetlab-5.eecs.cwru.edu,file256KB.txt,2015/10/01 01:12:30,2015/10/01 01:12:59,29615.000000
planetlab2.tsuniv.edu,planetlab-5.eecs.cwru.edu,file512KB.txt,2015/10/01 01:12:59,2015/10/01 01:14:45,105641.000000
planetlab2.tsuniv.edu,planetlab-5.eecs.cwru.edu,file1MB.txt,2015/10/01 01:14:45,2015/10/01 01:27:07,742329.000000
planetlab1.tsuniv.edu,planetlab-5.eecs.cwru.edu,file32B.txt,2015/10/01 01:27:07,2015/10/01 01:27:09,1415.000000
planetlab1.tsuniv.edu,planetlab-5.eecs.cwru.edu,file1KB.txt,2015/10/01 01:27:09,2015/10/01 01:27:11,1752.000000
planetlab1.tsuniv.edu,planetlab-5.eecs.cwru.edu,file256KB.txt,2015/10/01 01:27:11,2015/10/01 01:28:41,90374.000000
planetlab1.tsuniv.edu,planetlab-5.eecs.cwru.edu,file512KB.txt,2015/10/01 01:28:41,2015/10/01 01:31:07,146163.000000
planetlab1.tsuniv.edu,planetlab-5.eecs.cwru.edu,file1MB.txt,2015/10/01 01:31:07,2015/10/01 01:33:11,123533.000000
planetlab3.ucsd.edu,planetlab-5.eecs.cwru.edu,file32B.txt,2015/10/01 01:33:11,2015/10/01 01:33:12,1390.000000
planetlab3.ucsd.edu,planetlab-5.eecs.cwru.edu,file1KB.txt,2015/10/01 01:33:12,2015/10/01 01:33:13,1303.000000
planetlab3.ucsd.edu,planetlab-5.eecs.cwru.edu,file256KB.txt,2015/10/01 01:33:13,2015/10/01 01:34:01,47895.000000
planetlab3.ucsd.edu,planetlab-5.eecs.cwru.edu,file512KB.txt,2015/10/01 01:34:01,2015/10/01 01:35:22,80747.000000
planetlab3.ucsd.edu,planetlab-5.eecs.cwru.edu,file1MB.txt,2015/10/01 01:35:22,2015/10/01 01:38:04,161811.000000
node2.planetlab.mathcs.emory.edu,planetlab-5.eecs.cwru.edu,file32B.txt,2015/10/01 01:38:05,2015/10/01 01:38:05,265.000000
node2.planetlab.mathcs.emory.edu,planetlab-5.eecs.cwru.edu,file1KB.txt,2015/10/01 01:38:05,2015/10/01 01:38:05,356.000000
node2.planetlab.mathcs.emory.edu,planetlab-5.eecs.cwru.edu,file256KB.txt,2015/10/01 01:38:05,2015/10/01 01:38:20,15446.000000
node2.planetlab.mathcs.emory.edu,planetlab-5.eecs.cwru.edu,file512KB.txt,2015/10/01 01:38:20,2015/10/01 01:38:49,29108.000000
node2.planetlab.mathcs.emory.edu,planetlab-5.eecs.cwru.edu,file1MB.txt,2015/10/01 01:38:49,2015/10/01 01:39:47,58108.000000
planetlab5.csee.usf.edu,planetlab-5.eecs.cwru.edu,file32B.txt,2015/10/01 01:39:47,2015/10/01 01:39:47,485.000000
planetlab5.csee.usf.edu,planetlab-5.eecs.cwru.edu,file1KB.txt,2015/10/01 01:39:47,2015/10/01 01:39:48,1221.000000
planetlab5.csee.usf.edu,planetlab-5.eecs.cwru.edu,file256KB.txt,2015/10/01 01:39:48,2015/10/01 01:40:08,20226.000000
planetlab5.csee.usf.edu,planetlab-5.eecs.cwru.edu,file512KB.txt,2015/10/01 01:40:08,2015/10/01 01:40:46,38021.000000
planetlab5.csee.usf.edu,planetlab-5.eecs.cwru.edu,file1MB.txt,2015/10/01 01:40:46,2015/10/01 01:42:01,74882.000000
planetlab1.emich.edu,planetlab-5.eecs.cwru.edu,file32B.txt,2015/10/01 01:42:01,2015/10/01 01:42:01,295.000000
planetlab1.emich.edu,planetlab-5.eecs.cwru.edu,file1KB.txt,2015/10/01 01:42:01,2015/10/01 01:42:01,296.000000
planetlab1.emich.edu,planetlab-5.eecs.cwru.edu,file256KB.txt,2015/10/01 01:42:01,2015/10/01 01:42:15,14286.000000
planetlab1.emich.edu,planetlab-5.eecs.cwru.edu,file512KB.txt,2015/10/01 01:42:15,2015/10/01 01:42:42,26956.000000
planetlab1.emich.edu,planetlab-5.eecs.cwru.edu,file1MB.txt,2015/10/01 01:42:42,2015/10/01 01:43:36,54278.000000
ebb.colgate.edu,planetlab-5.eecs.cwru.edu,file32B.txt,2015/10/01 01:43:36,2015/10/01 01:43:36,357.000000
ebb.colgate.edu,planetlab-5.eecs.cwru.edu,file1KB.txt,2015/10/01 01:43:36,2015/10/01 01:43:37,1657.000000
ebb.colgate.edu,planetlab-5.eecs.cwru.edu,file256KB.txt,2015/10/01 01:43:37,2015/10/01 01:43:52,15047.000000
ebb.colgate.edu,planetlab-5.eecs.cwru.edu,file512KB.txt,2015/10/01 01:43:52,2015/10/01 01:44:23,30626.000000
ebb.colgate.edu,planetlab-5.eecs.cwru.edu,file1MB.txt,2015/10/01 01:44:23,2015/10/01 01:45:24,60821.000000
kc-sce-plab2.umkc.edu,planetlab-5.eecs.cwru.edu,file32B.txt,2015/10/01 01:45:24,2015/10/01 01:45:25,774.000000
kc-sce-plab2.umkc.edu,planetlab-5.eecs.cwru.edu,file1KB.txt,2015/10/01 01:45:25,2015/10/01 01:45:29,4731.000000
kc-sce-plab2.umkc.edu,planetlab-5.eecs.cwru.edu,file256KB.txt,2015/10/01 01:45:29,2015/10/01 01:45:51,21472.000000
kc-sce-plab2.umkc.edu,planetlab-5.eecs.cwru.edu,file512KB.txt,2015/10/01 01:45:51,2015/10/01 01:46:24,32708.000000
kc-sce-plab2.umkc.edu,planetlab-5.eecs.cwru.edu,file1MB.txt,2015/10/01 01:46:24,2015/10/01 01:48:21,117852.000000
node1.planetlab.mathcs.emory.edu,planetlab-5.eecs.cwru.edu,file32B.txt,2015/10/01 01:48:21,2015/10/01 01:48:21,308.000000
node1.planetlab.mathcs.emory.edu,planetlab-5.eecs.cwru.edu,file1KB.txt,2015/10/01 01:48:21,2015/10/01 01:48:21,325.000000
node1.planetlab.mathcs.emory.edu,planetlab-5.eecs.cwru.edu,file256KB.txt,2015/10/01 01:48:21,2015/10/01 01:48:36,15420.000000
node1.planetlab.mathcs.emory.edu,planetlab-5.eecs.cwru.edu,file512KB.txt,2015/10/01 01:48:36,2015/10/01 01:49:05,29007.000000
node1.planetlab.mathcs.emory.edu,planetlab-5.eecs.cwru.edu,file1MB.txt,2015/10/01 01:49:05,2015/10/01 01:50:03,57712.000000
pl1.cs.montana.edu,planetlab-5.eecs.cwru.edu,file32B.txt,2015/10/01 01:50:03,2015/10/01 01:50:04,1187.000000
pl1.cs.montana.edu,planetlab-5.eecs.cwru.edu,file1KB.txt,2015/10/01 01:50:04,2015/10/01 01:50:05,1050.000000
pl1.cs.montana.edu,planetlab-5.eecs.cwru.edu,file256KB.txt,2015/10/01 01:50:05,2015/10/01 01:51:02,57139.000000
pl1.cs.montana.edu,planetlab-5.eecs.cwru.edu,file512KB.txt,2015/10/01 01:51:02,2015/10/01 01:52:54,111363.000000
pl1.cs.montana.edu,planetlab-5.eecs.cwru.edu,file1MB.txt,2015/10/01 01:52:54,2015/10/01 01:56:39,225323.000000
plab3.eece.ksu.edu,planetlab-5.eecs.cwru.edu,file32B.txt,2015/10/01 01:57:00,2015/10/01 01:57:01,1647.000000
plab3.eece.ksu.edu,planetlab-5.eecs.cwru.edu,file1KB.txt,2015/10/01 01:57:01,2015/10/01 01:57:01,425.000000
plab3.eece.ksu.edu,planetlab-5.eecs.cwru.edu,file256KB.txt,2015/10/01 01:57:01,2015/10/01 01:57:19,18025.000000
plab3.eece.ksu.edu,planetlab-5.eecs.cwru.edu,file512KB.txt,2015/10/01 01:57:19,2015/10/01 01:57:55,36180.000000
plab3.eece.ksu.edu,planetlab-5.eecs.cwru.edu,file1MB.txt,2015/10/01 01:57:55,2015/10/01 01:59:06,70975.000000
planet3.cc.gt.atl.ga.us,planetlab-5.eecs.cwru.edu,file32B.txt,2015/10/01 01:59:06,2015/10/01 01:59:06,371.000000
planet3.cc.gt.atl.ga.us,planetlab-5.eecs.cwru.edu,file1KB.txt,2015/10/01 01:59:06,2015/10/01 01:59:07,1651.000000
planet3.cc.gt.atl.ga.us,planetlab-5.eecs.cwru.edu,file256KB.txt,2015/10/01 01:59:07,2015/10/01 01:59:21,13328.000000
planet3.cc.gt.atl.ga.us,planetlab-5.eecs.cwru.edu,file512KB.txt,2015/10/01 01:59:21,2015/10/01 01:59:50,29188.000000
planet3.cc.gt.atl.ga.us,planetlab-5.eecs.cwru.edu,file1MB.txt,2015/10/01 01:59:50,2015/10/01 02:00:47,56559.000000
planetlab-02.bu.edu,planetlab-5.eecs.cwru.edu,file32B.txt,2015/10/01 02:00:48,2015/10/01 02:00:48,404.000000
planetlab-02.bu.edu,planetlab-5.eecs.cwru.edu,file1KB.txt,2015/10/01 02:00:48,2015/10/01 02:00:49,1318.000000
planetlab-02.bu.edu,planetlab-5.eecs.cwru.edu,file256KB.txt,2015/10/01 02:00:49,2015/10/01 02:01:07,17940.000000
planetlab-02.bu.edu,planetlab-5.eecs.cwru.edu,file512KB.txt,2015/10/01 02:01:07,2015/10/01 02:01:41,33503.000000
planetlab-02.bu.edu,planetlab-5.eecs.cwru.edu,file1MB.txt,2015/10/01 02:01:41,2015/10/01 02:02:50,69070.000000
planetlab1.clemson.edu,planetlab-5.eecs.cwru.edu,file32B.txt,2015/10/01 02:03:12,2015/10/01 02:03:12,288.000000
planetlab1.clemson.edu,planetlab-5.eecs.cwru.edu,file1KB.txt,2015/10/01 02:03:12,2015/10/01 02:03:12,280.000000
planetlab1.clemson.edu,planetlab-5.eecs.cwru.edu,file256KB.txt,2015/10/01 02:03:12,2015/10/01 02:03:28,16161.000000
planetlab1.clemson.edu,planetlab-5.eecs.cwru.edu,file512KB.txt,2015/10/01 02:03:28,2015/10/01 02:04:00,32575.000000
planetlab1.clemson.edu,planetlab-5.eecs.cwru.edu,file1MB.txt,2015/10/01 02:04:00,2015/10/01 02:05:02,61471.000000
planetlab1.cs.du.edu,planetlab-5.eecs.cwru.edu,file32B.txt,2015/10/01 02:05:02,2015/10/01 02:05:03,1580.000000
planetlab1.cs.du.edu,planetlab-5.eecs.cwru.edu,file1KB.txt,2015/10/01 02:05:03,2015/10/01 02:05:03,427.000000
planetlab1.cs.du.edu,planetlab-5.eecs.cwru.edu,file256KB.txt,2015/10/01 02:05:03,2015/10/01 02:05:26,23683.000000
planetlab1.cs.du.edu,planetlab-5.eecs.cwru.edu,file512KB.txt,2015/10/01 02:05:26,2015/10/01 02:06:10,43784.000000
planetlab1.cs.du.edu,planetlab-5.eecs.cwru.edu,file1MB.txt,2015/10/01 02:06:10,2015/10/01 02:07:38,-87914.000000
planetlab1.cs.okstate.edu,planetlab-5.eecs.cwru.edu,file32B.txt,2015/10/01 02:07:59,2015/10/01 02:08:00,1598.000000
planetlab1.cs.okstate.edu,planetlab-5.eecs.cwru.edu,file1KB.txt,2015/10/01 02:08:00,2015/10/01 02:08:00,446.000000
planetlab1.cs.okstate.edu,planetlab-5.eecs.cwru.edu,file256KB.txt,2015/10/01 02:08:00,2015/10/01 02:08:24,24419.000000
planetlab1.cs.okstate.edu,planetlab-5.eecs.cwru.edu,file512KB.txt,2015/10/01 02:08:24,2015/10/01 02:09:11,47022.000000
planetlab1.cs.okstate.edu,planetlab-5.eecs.cwru.edu,file1MB.txt,2015/10/01 02:09:11,2015/10/01 02:10:44,92650.000000
planetlab1.cs.ucla.edu,planetlab-5.eecs.cwru.edu,file32B.txt,2015/10/01 02:10:44,2015/10/01 02:10:45,1336.000000
planetlab1.cs.ucla.edu,planetlab-5.eecs.cwru.edu,file1KB.txt,2015/10/01 02:10:45,2015/10/01 02:10:45,672.000000
planetlab1.cs.ucla.edu,planetlab-5.eecs.cwru.edu,file256KB.txt,2015/10/01 02:10:45,2015/10/01 02:11:28,43265.000000
planetlab1.cs.ucla.edu,planetlab-5.eecs.cwru.edu,file512KB.txt,2015/10/01 02:11:28,2015/10/01 02:12:49,81170.000000
planetlab1.cs.ucla.edu,planetlab-5.eecs.cwru.edu,file1MB.txt,2015/10/01 02:12:49,2015/10/01 02:15:35,165640.000000
planetlab1.csuohio.edu,planetlab-5.eecs.cwru.edu,file32B.txt,2015/10/01 02:15:35,2015/10/01 02:15:35,177.000000
planetlab1.csuohio.edu,planetlab-5.eecs.cwru.edu,file1KB.txt,2015/10/01 02:15:35,2015/10/01 02:15:36,1825.000000
planetlab1.csuohio.edu,planetlab-5.eecs.cwru.edu,file256KB.txt,2015/10/01 02:15:36,2015/10/01 02:15:37,956.000000
planetlab1.csuohio.edu,planetlab-5.eecs.cwru.edu,file512KB.txt,2015/10/01 02:15:37,2015/10/01 02:15:39,1865.000000
planetlab1.csuohio.edu,planetlab-5.eecs.cwru.edu,file1MB.txt,2015/10/01 02:15:39,2015/10/01 02:15:43,3843.000000
planetlab1.emich.edu,planetlab-5.eecs.cwru.edu,file32B.txt,2015/10/01 02:15:43,2015/10/01 02:15:43,328.000000
planetlab1.emich.edu,planetlab-5.eecs.cwru.edu,file1KB.txt,2015/10/01 02:15:43,2015/10/01 02:15:44,1514.000000
planetlab1.emich.edu,planetlab-5.eecs.cwru.edu,file256KB.txt,2015/10/01 02:15:44,2015/10/01 02:15:57,12399.000000
planetlab1.emich.edu,planetlab-5.eecs.cwru.edu,file512KB.txt,2015/10/01 02:15:57,2015/10/01 02:16:24,27185.000000
planetlab1.emich.edu,planetlab-5.eecs.cwru.edu,file1MB.txt,2015/10/01 02:16:24,2015/10/01 02:17:18,54387.000000
planetlab1.ucsd.edu,planetlab-5.eecs.cwru.edu,file32B.txt,2015/10/01 02:17:39,2015/10/01 02:17:40,1392.000000
planetlab1.ucsd.edu,planetlab-5.eecs.cwru.edu,file1KB.txt,2015/10/01 02:17:40,2015/10/01 02:17:40,663.000000
planetlab1.ucsd.edu,planetlab-5.eecs.cwru.edu,file256KB.txt,2015/10/01 02:17:40,2015/10/01 02:18:21,41380.000000
planetlab1.ucsd.edu,planetlab-5.eecs.cwru.edu,file512KB.txt,2015/10/01 02:18:21,2015/10/01 02:19:43,82358.000000
planetlab1.ucsd.edu,planetlab-5.eecs.cwru.edu,file1MB.txt,2015/10/01 02:19:43,2015/10/01 02:22:24,160416.000000
planetlab2.acis.ufl.edu,planetlab-5.eecs.cwru.edu,file32B.txt,2015/10/01 02:22:24,2015/10/01 02:22:25,1628.000000
planetlab2.acis.ufl.edu,planetlab-5.eecs.cwru.edu,file1KB.txt,2015/10/01 02:22:25,2015/10/01 02:22:25,354.000000
planetlab2.acis.ufl.edu,planetlab-5.eecs.cwru.edu,file256KB.txt,2015/10/01 02:22:25,2015/10/01 02:22:44,18856.000000
planetlab2.acis.ufl.edu,planetlab-5.eecs.cwru.edu,file512KB.txt,2015/10/01 02:22:44,2015/10/01 02:23:22,38113.000000
planetlab2.acis.ufl.edu,planetlab-5.eecs.cwru.edu,file1MB.txt,2015/10/01 02:23:22,2015/10/01 02:24:38,76272.000000
planetlab2.arizona-gigapop.net,planetlab-5.eecs.cwru.edu,file32B.txt,2015/10/01 02:24:38,2015/10/01 02:24:38,716.000000
planetlab2.arizona-gigapop.net,planetlab-5.eecs.cwru.edu,file1KB.txt,2015/10/01 02:24:38,2015/10/01 02:24:39,1405.000000
planetlab2.arizona-gigapop.net,planetlab-5.eecs.cwru.edu,file256KB.txt,2015/10/01 02:24:39,2015/10/01 02:25:13,34399.000000
planetlab2.arizona-gigapop.net,planetlab-5.eecs.cwru.edu,file512KB.txt,2015/10/01 02:25:13,2015/10/01 02:26:19,65543.000000
planetlab2.arizona-gigapop.net,planetlab-5.eecs.cwru.edu,file1MB.txt,2015/10/01 02:26:19,2015/10/01 02:28:32,133431.000000
planetlab2.citadel.edu,planetlab-5.eecs.cwru.edu,file32B.txt,2015/10/01 02:28:32,2015/10/01 02:28:33,980.000000
planetlab2.citadel.edu,planetlab-5.eecs.cwru.edu,file1KB.txt,2015/10/01 02:28:33,2015/10/01 02:28:33,780.000000
planetlab2.citadel.edu,planetlab-5.eecs.cwru.edu,file256KB.txt,2015/10/01 02:28:33,2015/10/01 02:29:26,53927.000000
planetlab2.citadel.edu,planetlab-5.eecs.cwru.edu,file512KB.txt,2015/10/01 02:29:26,2015/10/01 02:31:09,102264.000000
planetlab2.citadel.edu,planetlab-5.eecs.cwru.edu,file1MB.txt,2015/10/01 02:31:09,2015/10/01 02:34:34,205376.000000
planetlab2.cs.pitt.edu,planetlab-5.eecs.cwru.edu,file32B.txt,2015/10/01 02:34:34,2015/10/01 02:34:34,270.000000
planetlab2.cs.pitt.edu,planetlab-5.eecs.cwru.edu,file1KB.txt,2015/10/01 02:34:34,2015/10/01 02:34:35,1804.000000
planetlab2.cs.pitt.edu,planetlab-5.eecs.cwru.edu,file256KB.txt,2015/10/01 02:34:35,2015/10/01 02:34:42,6683.000000
planetlab2.cs.pitt.edu,planetlab-5.eecs.cwru.edu,file512KB.txt,2015/10/01 02:34:42,2015/10/01 02:34:55,12644.000000
planetlab2.cs.pitt.edu,planetlab-5.eecs.cwru.edu,file1MB.txt,2015/10/01 02:34:55,2015/10/01 02:35:23,28337.000000
planetlab2.cs.purdue.edu,planetlab-5.eecs.cwru.edu,file32B.txt,2015/10/01 02:35:23,2015/10/01 02:35:23,399.000000
planetlab2.cs.purdue.edu,planetlab-5.eecs.cwru.edu,file1KB.txt,2015/10/01 02:35:23,2015/10/01 02:35:24,1641.000000
planetlab2.cs.purdue.edu,planetlab-5.eecs.cwru.edu,file256KB.txt,2015/10/01 02:35:24,2015/10/01 02:35:46,21364.000000
planetlab2.cs.purdue.edu,planetlab-5.eecs.cwru.edu,file512KB.txt,2015/10/01 02:35:46,2015/10/01 02:36:31,44743.000000
planetlab2.cs.purdue.edu,planetlab-5.eecs.cwru.edu,file1MB.txt,2015/10/01 02:36:31,2015/10/01 02:38:12,101711.000000
planetlab2.cs.uml.edu,planetlab-5.eecs.cwru.edu,file32B.txt,2015/10/01 02:38:54,2015/10/01 02:38:54,357.000000
planetlab2.cs.uml.edu,planetlab-5.eecs.cwru.edu,file1KB.txt,2015/10/01 02:38:54,2015/10/01 02:38:55,1635.000000
planetlab2.cs.uml.edu,planetlab-5.eecs.cwru.edu,file256KB.txt,2015/10/01 02:38:55,2015/10/01 02:39:09,13690.000000
planetlab2.cs.uml.edu,planetlab-5.eecs.cwru.edu,file512KB.txt,2015/10/01 02:39:09,2015/10/01 02:39:36,27236.000000
planetlab2.cs.uml.edu,planetlab-5.eecs.cwru.edu,file1MB.txt,2015/10/01 02:39:36,2015/10/01 02:40:30,54304.000000
planetlab2.cs.unc.edu,planetlab-5.eecs.cwru.edu,file32B.txt,2015/10/01 02:40:30,2015/10/01 02:40:30,265.000000
planetlab2.cs.unc.edu,planetlab-5.eecs.cwru.edu,file1KB.txt,2015/10/01 02:40:30,2015/10/01 02:40:30,213.000000
planetlab2.cs.unc.edu,planetlab-5.eecs.cwru.edu,file256KB.txt,2015/10/01 02:40:30,2015/10/01 02:40:42,12242.000000
planetlab2.cs.unc.edu,planetlab-5.eecs.cwru.edu,file512KB.txt,2015/10/01 02:40:42,2015/10/01 02:41:05,22897.000000
planetlab2.cs.unc.edu,planetlab-5.eecs.cwru.edu,file1MB.txt,2015/10/01 02:41:05,2015/10/01 02:41:51,45956.000000
planetlab2.cs.uoregon.edu,planetlab-5.eecs.cwru.edu,file32B.txt,2015/10/01 02:41:51,2015/10/01 02:41:52,1314.000000
planetlab2.cs.uoregon.edu,planetlab-5.eecs.cwru.edu,file1KB.txt,2015/10/01 02:41:52,2015/10/01 02:41:52,686.000000
planetlab2.cs.uoregon.edu,planetlab-5.eecs.cwru.edu,file256KB.txt,2015/10/01 02:41:52,2015/10/01 02:42:36,44180.000000
planetlab2.cs.uoregon.edu,planetlab-5.eecs.cwru.edu,file512KB.txt,2015/10/01 02:42:36,2015/10/01 02:44:03,86738.000000
planetlab2.cs.uoregon.edu,planetlab-5.eecs.cwru.edu,file1MB.txt,2015/10/01 02:44:03,2015/10/01 02:46:57,173914.000000
planetlab2.temple.edu,planetlab-5.eecs.cwru.edu,file32B.txt,2015/10/01 02:46:57,2015/10/01 02:46:58,1754.000000
planetlab2.temple.edu,planetlab-5.eecs.cwru.edu,file1KB.txt,2015/10/01 02:46:58,2015/10/01 02:46:58,381.000000
planetlab2.temple.edu,planetlab-5.eecs.cwru.edu,file256KB.txt,2015/10/01 02:46:58,2015/10/01 02:47:08,10379.000000
planetlab2.temple.edu,planetlab-5.eecs.cwru.edu,file512KB.txt,2015/10/01 02:47:08,2015/10/01 02:47:27,18749.000000
planetlab2.temple.edu,planetlab-5.eecs.cwru.edu,file1MB.txt,2015/10/01 02:47:27,2015/10/01 02:48:07,40468.000000
planetlab2.unl.edu,planetlab-5.eecs.cwru.edu,file32B.txt,2015/10/01 02:48:07,2015/10/01 02:48:07,312.000000
planetlab2.unl.edu,planetlab-5.eecs.cwru.edu,file1KB.txt,2015/10/01 02:48:07,2015/10/01 02:48:07,389.000000
planetlab2.unl.edu,planetlab-5.eecs.cwru.edu,file256KB.txt,2015/10/01 02:48:07,2015/10/01 02:48:26,19274.000000
planetlab2.unl.edu,planetlab-5.eecs.cwru.edu,file512KB.txt,2015/10/01 02:48:26,2015/10/01 02:49:03,36847.000000
planetlab2.unl.edu,planetlab-5.eecs.cwru.edu,file1MB.txt,2015/10/01 02:49:03,2015/10/01 02:50:17,74001.000000
planetlab2.unr.edu,planetlab-5.eecs.cwru.edu,file32B.txt,2015/10/01 02:50:17,2015/10/01 02:50:18,1464.000000
planetlab2.unr.edu,planetlab-5.eecs.cwru.edu,file1KB.txt,2015/10/01 02:50:18,2015/10/01 02:50:18,492.000000
planetlab2.unr.edu,planetlab-5.eecs.cwru.edu,file256KB.txt,2015/10/01 02:50:18,2015/10/01 02:50:49,30653.000000
planetlab2.unr.edu,planetlab-5.eecs.cwru.edu,file512KB.txt,2015/10/01 02:50:49,2015/10/01 02:51:52,63896.000000
planetlab2.unr.edu,planetlab-5.eecs.cwru.edu,file1MB.txt,2015/10/01 02:51:52,2015/10/01 02:53:56,123988.000000
planetlab2.uta.edu,planetlab-5.eecs.cwru.edu,file32B.txt,2015/10/01 02:53:56,2015/10/01 02:53:56,433.000000
planetlab2.uta.edu,planetlab-5.eecs.cwru.edu,file1KB.txt,2015/10/01 02:53:56,2015/10/01 02:53:57,1284.000000
planetlab2.uta.edu,planetlab-5.eecs.cwru.edu,file256KB.txt,2015/10/01 02:53:57,2015/10/01 02:54:33,35821.000000
planetlab2.uta.edu,planetlab-5.eecs.cwru.edu,file512KB.txt,2015/10/01 02:54:33,2015/10/01 02:55:42,69252.000000
planetlab2.uta.edu,planetlab-5.eecs.cwru.edu,file1MB.txt,2015/10/01 02:55:42,2015/10/01 02:57:53,130402.000000
planetlab2.utdallas.edu,planetlab-5.eecs.cwru.edu,file32B.txt,2015/10/01 02:57:53,2015/10/01 02:57:54,1639.000000
planetlab2.utdallas.edu,planetlab-5.eecs.cwru.edu,file1KB.txt,2015/10/01 02:57:54,2015/10/01 02:57:54,395.000000
planetlab2.utdallas.edu,planetlab-5.eecs.cwru.edu,file256KB.txt,2015/10/01 02:57:54,2015/10/01 02:58:17,23148.000000
planetlab2.utdallas.edu,planetlab-5.eecs.cwru.edu,file512KB.txt,2015/10/01 02:58:17,2015/10/01 02:59:02,45097.000000
planetlab2.utdallas.edu,planetlab-5.eecs.cwru.edu,file1MB.txt,2015/10/01 02:59:02,2015/10/01 03:00:31,88512.000000
planetlab3.eecs.umich.edu,planetlab-5.eecs.cwru.edu,file32B.txt,2015/10/01 03:00:31,2015/10/01 03:00:32,1714.000000
planetlab3.eecs.umich.edu,planetlab-5.eecs.cwru.edu,file1KB.txt,2015/10/01 03:00:32,2015/10/01 03:00:32,268.000000
planetlab3.eecs.umich.edu,planetlab-5.eecs.cwru.edu,file256KB.txt,2015/10/01 03:00:32,2015/10/01 03:00:45,12473.000000
planetlab3.eecs.umich.edu,planetlab-5.eecs.cwru.edu,file512KB.txt,2015/10/01 03:00:45,2015/10/01 03:01:12,27179.000000
planetlab3.eecs.umich.edu,planetlab-5.eecs.cwru.edu,file1MB.txt,2015/10/01 03:01:12,2015/10/01 03:02:06,54344.000000
planetlab3.rutgers.edu,planetlab-5.eecs.cwru.edu,file32B.txt,2015/10/01 03:02:06,2015/10/01 03:02:06,324.000000
planetlab3.rutgers.edu,planetlab-5.eecs.cwru.edu,file1KB.txt,2015/10/01 03:02:06,2015/10/01 03:02:08,2528.000000
planetlab3.rutgers.edu,planetlab-5.eecs.cwru.edu,file256KB.txt,2015/10/01 03:02:08,2015/10/01 03:02:16,7620.000000
planetlab3.rutgers.edu,planetlab-5.eecs.cwru.edu,file512KB.txt,2015/10/01 03:02:16,2015/10/01 03:02:32,15624.000000
planetlab3.rutgers.edu,planetlab-5.eecs.cwru.edu,file1MB.txt,2015/10/01 03:02:32,2015/10/01 03:03:05,32984.000000
planetlab3.wail.wisc.edu,planetlab-5.eecs.cwru.edu,file32B.txt,2015/10/01 03:03:05,2015/10/01 03:03:06,1647.000000
planetlab3.wail.wisc.edu,planetlab-5.eecs.cwru.edu,file1KB.txt,2015/10/01 03:03:06,2015/10/01 03:03:06,426.000000
planetlab3.wail.wisc.edu,planetlab-5.eecs.cwru.edu,file256KB.txt,2015/10/01 03:03:06,2015/10/01 03:03:26,20259.000000
planetlab3.wail.wisc.edu,planetlab-5.eecs.cwru.edu,file512KB.txt,2015/10/01 03:03:26,2015/10/01 03:04:05,38917.000000
planetlab3.wail.wisc.edu,planetlab-5.eecs.cwru.edu,file1MB.txt,2015/10/01 03:04:05,2015/10/01 03:05:23,77783.000000
planetlab4.tamu.edu,planetlab-5.eecs.cwru.edu,file32B.txt,2015/10/01 03:05:23,2015/10/01 03:05:24,1589.000000
planetlab4.tamu.edu,planetlab-5.eecs.cwru.edu,file1KB.txt,2015/10/01 03:05:24,2015/10/01 03:05:24,406.000000
planetlab4.tamu.edu,planetlab-5.eecs.cwru.edu,file256KB.txt,2015/10/01 03:05:24,2015/10/01 03:05:46,21633.000000
planetlab4.tamu.edu,planetlab-5.eecs.cwru.edu,file512KB.txt,2015/10/01 03:05:46,2015/10/01 03:06:31,45572.000000
planetlab4.tamu.edu,planetlab-5.eecs.cwru.edu,file1MB.txt,2015/10/01 03:06:31,2015/10/01 03:08:00,89140.000000
planetlab-5.eecs.cwru.edu,planetlab-5.eecs.cwru.edu,file32B.txt,2015/10/01 03:08:00,2015/10/01 03:08:00,1.000000
planetlab-5.eecs.cwru.edu,planetlab-5.eecs.cwru.edu,file1KB.txt,2015/10/01 03:08:00,2015/10/01 03:08:00,0.000000
planetlab-5.eecs.cwru.edu,planetlab-5.eecs.cwru.edu,file256KB.txt,2015/10/01 03:08:00,2015/10/01 03:08:00,21.000000
planetlab-5.eecs.cwru.edu,planetlab-5.eecs.cwru.edu,file512KB.txt,2015/10/01 03:08:00,2015/10/01 03:08:00,47.000000
planetlab-5.eecs.cwru.edu,planetlab-5.eecs.cwru.edu,file1MB.txt,2015/10/01 03:08:00,2015/10/01 03:08:00,127.000000
planetlabone.ccs.neu.edu,planetlab-5.eecs.cwru.edu,file32B.txt,2015/10/01 03:08:00,2015/10/01 03:08:00,340.000000
planetlabone.ccs.neu.edu,planetlab-5.eecs.cwru.edu,file1KB.txt,2015/10/01 03:08:00,2015/10/01 03:08:01,1556.000000
planetlabone.ccs.neu.edu,planetlab-5.eecs.cwru.edu,file256KB.txt,2015/10/01 03:08:01,2015/10/01 03:08:28,26809.000000
planetlabone.ccs.neu.edu,planetlab-5.eecs.cwru.edu,file512KB.txt,2015/10/01 03:08:28,2015/10/01 03:09:21,52994.000000
planetlabone.ccs.neu.edu,planetlab-5.eecs.cwru.edu,file1MB.txt,2015/10/01 03:09:21,2015/10/01 03:11:09,108132.000000
pl-node-0.csl.sri.com,planetlab-5.eecs.cwru.edu,file32B.txt,2015/10/01 03:11:09,2015/10/01 03:11:09,738.000000
pl-node-0.csl.sri.com,planetlab-5.eecs.cwru.edu,file1KB.txt,2015/10/01 03:11:09,2015/10/01 03:11:10,1198.000000
pl-node-0.csl.sri.com,planetlab-5.eecs.cwru.edu,file256KB.txt,2015/10/01 03:11:10,2015/10/01 03:11:55,45074.000000
pl-node-0.csl.sri.com,planetlab-5.eecs.cwru.edu,file512KB.txt,2015/10/01 03:11:55,2015/10/01 03:13:24,89653.000000
pl-node-0.csl.sri.com,planetlab-5.eecs.cwru.edu,file1MB.txt,2015/10/01 03:13:24,2015/10/01 03:19:08,-343592.000000
ricepl-5.cs.rice.edu,planetlab-5.eecs.cwru.edu,file32B.txt,2015/10/01 03:19:08,2015/10/01 03:19:09,1563.000000
ricepl-5.cs.rice.edu,planetlab-5.eecs.cwru.edu,file1KB.txt,2015/10/01 03:19:09,2015/10/01 03:19:09,399.000000
ricepl-5.cs.rice.edu,planetlab-5.eecs.cwru.edu,file256KB.txt,2015/10/01 03:19:09,2015/10/01 03:19:31,21549.000000
ricepl-5.cs.rice.edu,planetlab-5.eecs.cwru.edu,file512KB.txt,2015/10/01 03:19:31,2015/10/01 03:20:16,45293.000000
ricepl-5.cs.rice.edu,planetlab-5.eecs.cwru.edu,file1MB.txt,2015/10/01 03:20:16,2015/10/01 03:21:45,88940.000000
salt.planetlab.cs.umd.edu,planetlab-5.eecs.cwru.edu,file32B.txt,2015/10/01 03:21:45,2015/10/01 03:21:45,196.000000
salt.planetlab.cs.umd.edu,planetlab-5.eecs.cwru.edu,file1KB.txt,2015/10/01 03:21:45,2015/10/01 03:21:46,1732.000000
salt.planetlab.cs.umd.edu,planetlab-5.eecs.cwru.edu,file256KB.txt,2015/10/01 03:21:46,2015/10/01 03:21:52,5960.000000
salt.planetlab.cs.umd.edu,planetlab-5.eecs.cwru.edu,file512KB.txt,2015/10/01 03:21:52,2015/10/01 03:22:04,12005.000000
salt.planetlab.cs.umd.edu,planetlab-5.eecs.cwru.edu,file1MB.txt,2015/10/01 03:22:04,2015/10/01 03:22:27,22527.000000
pl1.eecs.utk.edu,planetlab-5.eecs.cwru.edu,file32B.txt,2015/10/01 03:22:27,2015/10/01 03:22:28,1357.000000
pl1.eecs.utk.edu,planetlab-5.eecs.cwru.edu,file1KB.txt,2015/10/01 03:22:28,2015/10/01 03:22:29,1008.000000
pl1.eecs.utk.edu,planetlab-5.eecs.cwru.edu,file256KB.txt,2015/10/01 03:22:29,2015/10/01 03:23:56,87361.000000
pl1.eecs.utk.edu,planetlab-5.eecs.cwru.edu,file512KB.txt,2015/10/01 03:23:56,2015/10/01 03:26:52,175202.000000
pl1.eecs.utk.edu,planetlab-5.eecs.cwru.edu,file1MB.txt,2015/10/01 03:26:52,2015/10/01 03:30:26,214098.000000
planetlab-01.vt.nodes.planet-lab.org,planetlab-5.eecs.cwru.edu,file32B.txt,2015/10/01 03:30:26,2015/10/01 03:30:27,1686.000000
planetlab-01.vt.nodes.planet-lab.org,planetlab-5.eecs.cwru.edu,file1KB.txt,2015/10/01 03:30:27,2015/10/01 03:30:27,362.000000
planetlab-01.vt.nodes.planet-lab.org,planetlab-5.eecs.cwru.edu,file256KB.txt,2015/10/01 03:30:27,2015/10/01 03:30:38,10546.000000
planetlab-01.vt.nodes.planet-lab.org,planetlab-5.eecs.cwru.edu,file512KB.txt,2015/10/01 03:30:38,2015/10/01 03:31:01,23252.000000
planetlab-01.vt.nodes.planet-lab.org,planetlab-5.eecs.cwru.edu,file1MB.txt,2015/10/01 03:31:01,2015/10/01 03:31:46,44883.000000
planetlab-04.vt.nodes.planet-lab.org,planetlab-5.eecs.cwru.edu,file32B.txt,2015/10/01 03:31:46,2015/10/01 03:31:47,1695.000000
planetlab-04.vt.nodes.planet-lab.org,planetlab-5.eecs.cwru.edu,file1KB.txt,2015/10/01 03:31:47,2015/10/01 03:31:47,302.000000
planetlab-04.vt.nodes.planet-lab.org,planetlab-5.eecs.cwru.edu,file256KB.txt,2015/10/01 03:31:47,2015/10/01 03:31:58,10646.000000
planetlab-04.vt.nodes.planet-lab.org,planetlab-5.eecs.cwru.edu,file512KB.txt,2015/10/01 03:31:58,2015/10/01 03:32:21,23662.000000
planetlab-04.vt.nodes.planet-lab.org,planetlab-5.eecs.cwru.edu,file1MB.txt,2015/10/01 03:32:21,2015/10/01 03:33:05,43464.000000
planetlab-4.eecs.cwru.edu,planetlab-5.eecs.cwru.edu,file32B.txt,2015/10/01 03:33:05,2015/10/01 03:33:05,126.000000
planetlab-4.eecs.cwru.edu,planetlab-5.eecs.cwru.edu,file1KB.txt,2015/10/01 03:33:05,2015/10/01 03:33:05,152.000000
planetlab-4.eecs.cwru.edu,planetlab-5.eecs.cwru.edu,file256KB.txt,2015/10/01 03:33:05,2015/10/01 03:33:06,1694.000000
planetlab-4.eecs.cwru.edu,planetlab-5.eecs.cwru.edu,file512KB.txt,2015/10/01 03:33:06,2015/10/01 03:33:06,309.000000
planetlab-4.eecs.cwru.edu,planetlab-5.eecs.cwru.edu,file1MB.txt,2015/10/01 03:33:06,2015/10/01 03:33:07,1456.000000
planetlab01.cs.washington.edu,planetlab-5.eecs.cwru.edu,file32B.txt,2015/10/01 03:33:07,2015/10/01 03:33:07,582.000000
planetlab01.cs.washington.edu,planetlab-5.eecs.cwru.edu,file1KB.txt,2015/10/01 03:33:07,2015/10/01 03:33:08,1396.000000
planetlab01.cs.washington.edu,planetlab-5.eecs.cwru.edu,file256KB.txt,2015/10/01 03:33:08,2015/10/01 03:33:43,34658.000000
planetlab01.cs.washington.edu,planetlab-5.eecs.cwru.edu,file512KB.txt,2015/10/01 03:33:43,2015/10/01 03:34:53,69619.000000
planetlab01.cs.washington.edu,planetlab-5.eecs.cwru.edu,file1MB.txt,2015/10/01 03:34:53,2015/10/01 03:37:13,140026.000000
planetlab02.cs.washington.edu,planetlab-5.eecs.cwru.edu,file32B.txt,2015/10/01 03:37:13,2015/10/01 03:37:14,1446.000000
planetlab02.cs.washington.edu,planetlab-5.eecs.cwru.edu,file1KB.txt,2015/10/01 03:37:14,2015/10/01 03:37:15,1422.000000
planetlab02.cs.washington.edu,planetlab-5.eecs.cwru.edu,file256KB.txt,2015/10/01 03:37:15,2015/10/01 03:37:50,34696.000000
planetlab02.cs.washington.edu,planetlab-5.eecs.cwru.edu,file512KB.txt,2015/10/01 03:37:50,2015/10/01 03:39:00,69909.000000
planetlab02.cs.washington.edu,planetlab-5.eecs.cwru.edu,file1MB.txt,2015/10/01 03:39:00,2015/10/01 03:41:20,139728.000000
planetlab1.arizona-gigapop.net,planetlab-5.eecs.cwru.edu,file32B.txt,2015/10/01 03:41:20,2015/10/01 03:41:21,831.000000
planetlab1.arizona-gigapop.net,planetlab-5.eecs.cwru.edu,file1KB.txt,2015/10/01 03:41:21,2015/10/01 03:41:22,1386.000000
planetlab1.arizona-gigapop.net,planetlab-5.eecs.cwru.edu,file256KB.txt,2015/10/01 03:41:22,2015/10/01 03:41:55,32548.000000
planetlab1.arizona-gigapop.net,planetlab-5.eecs.cwru.edu,file512KB.txt,2015/10/01 03:41:55,2015/10/01 03:43:02,67825.000000
planetlab1.arizona-gigapop.net,planetlab-5.eecs.cwru.edu,file1MB.txt,2015/10/01 03:43:02,2015/10/01 03:45:14,131739.000000
planetlab1.cs.unc.edu,planetlab-5.eecs.cwru.edu,file32B.txt,2015/10/01 03:45:14,2015/10/01 03:45:14,212.000000
planetlab1.cs.unc.edu,planetlab-5.eecs.cwru.edu,file1KB.txt,2015/10/01 03:45:14,2015/10/01 03:45:14,234.000000
planetlab1.cs.unc.edu,planetlab-5.eecs.cwru.edu,file256KB.txt,2015/10/01 03:45:14,2015/10/01 03:45:25,11302.000000
planetlab1.cs.unc.edu,planetlab-5.eecs.cwru.edu,file512KB.txt,2015/10/01 03:45:25,2015/10/01 03:45:46,20641.000000
planetlab1.cs.unc.edu,planetlab-5.eecs.cwru.edu,file1MB.txt,2015/10/01 03:45:46,2015/10/01 03:46:29,43693.000000
planet3.cc.gt.atl.ga.us,planetlab-5.eecs.cwru.edu,file32B.txt,2015/10/01 03:46:29,2015/10/01 03:46:29,331.000000
planet3.cc.gt.atl.ga.us,planetlab-5.eecs.cwru.edu,file1KB.txt,2015/10/01 03:46:29,2015/10/01 03:46:30,1645.000000
planet3.cc.gt.atl.ga.us,planetlab-5.eecs.cwru.edu,file256KB.txt,2015/10/01 03:46:30,2015/10/01 03:46:44,13620.000000
planet3.cc.gt.atl.ga.us,planetlab-5.eecs.cwru.edu,file512KB.txt,2015/10/01 03:46:44,2015/10/01 03:47:13,29402.000000
planet3.cc.gt.atl.ga.us,planetlab-5.eecs.cwru.edu,file1MB.txt,2015/10/01 03:47:13,2015/10/01 03:48:10,56742.000000
