planetlab1.unr.edu,kc-sce-plab2.umkc.edu,file32B.txt,2015/09/30 21:02:03,2015/09/30 21:02:03,306.000000
planetlab1.unr.edu,kc-sce-plab2.umkc.edu,file1KB.txt,2015/09/30 21:02:03,2015/09/30 21:02:03,288.000000
planetlab1.unr.edu,kc-sce-plab2.umkc.edu,file256KB.txt,2015/09/30 21:02:03,2015/09/30 21:03:17,74729.000000
planetlab1.unr.edu,kc-sce-plab2.umkc.edu,file512KB.txt,2015/09/30 21:03:17,2015/09/30 21:05:44,147012.000000
planetlab1.unr.edu,kc-sce-plab2.umkc.edu,file1MB.txt,2015/09/30 21:05:44,2015/09/30 21:10:24,279853.000000
pl2.cs.unm.edu,kc-sce-plab2.umkc.edu,file32B.txt,2015/09/30 21:10:24,2015/09/30 21:10:26,2062.000000
pl2.cs.unm.edu,kc-sce-plab2.umkc.edu,file1KB.txt,2015/09/30 21:10:26,2015/09/30 21:10:27,160.000000
pl2.cs.unm.edu,kc-sce-plab2.umkc.edu,file256KB.txt,2015/09/30 21:10:27,2015/09/30 21:11:49,82787.000000
pl2.cs.unm.edu,kc-sce-plab2.umkc.edu,file512KB.txt,2015/09/30 21:11:49,2015/09/30 21:13:31,101523.000000
pl2.cs.unm.edu,kc-sce-plab2.umkc.edu,file1MB.txt,2015/09/30 21:13:31,2015/09/30 21:15:29,117828.000000
planetlab2.cnis.nyit.edu,kc-sce-plab2.umkc.edu,file32B.txt,2015/09/30 21:15:29,2015/09/30 21:15:31,2749.000000
planetlab2.cnis.nyit.edu,kc-sce-plab2.umkc.edu,file1KB.txt,2015/09/30 21:15:31,2015/09/30 21:15:33,2087.000000
planetlab2.cnis.nyit.edu,kc-sce-plab2.umkc.edu,file256KB.txt,2015/09/30 21:15:33,2015/09/30 21:16:20,46409.000000
planetlab2.cnis.nyit.edu,kc-sce-plab2.umkc.edu,file512KB.txt,2015/09/30 21:16:20,2015/09/30 21:17:09,49572.000000
planetlab2.cnis.nyit.edu,kc-sce-plab2.umkc.edu,file1MB.txt,2015/09/30 21:17:09,2015/09/30 21:20:54,-224364.000000
planetlab2.rutgers.edu,kc-sce-plab2.umkc.edu,file32B.txt,2015/09/30 21:20:54,2015/09/30 21:21:01,7116.000000
planetlab2.rutgers.edu,kc-sce-plab2.umkc.edu,file1KB.txt,2015/09/30 21:21:01,2015/09/30 21:21:10,8818.000000
planetlab2.rutgers.edu,kc-sce-plab2.umkc.edu,file256KB.txt,2015/09/30 21:21:10,2015/09/30 21:40:02,1132273.000000
planetlab2.rutgers.edu,kc-sce-plab2.umkc.edu,file512KB.txt,2015/09/30 21:40:02,2015/09/30 22:23:24,-1693511.000000
planetlab2.rutgers.edu,kc-sce-plab2.umkc.edu,file1MB.txt,2015/09/30 22:23:24,2015/09/30 23:25:00,598364.000000
planetlab2.cs.du.edu,kc-sce-plab2.umkc.edu,file32B.txt,2015/09/30 23:25:00,2015/09/30 23:25:00,316.000000
planetlab2.cs.du.edu,kc-sce-plab2.umkc.edu,file1KB.txt,2015/09/30 23:25:00,2015/09/30 23:25:01,1650.000000
planetlab2.cs.du.edu,kc-sce-plab2.umkc.edu,file256KB.txt,2015/09/30 23:25:01,2015/09/30 23:26:08,66991.000000
planetlab2.cs.du.edu,kc-sce-plab2.umkc.edu,file512KB.txt,2015/09/30 23:26:08,2015/09/30 23:26:51,42766.000000
planetlab2.cs.du.edu,kc-sce-plab2.umkc.edu,file1MB.txt,2015/09/30 23:26:51,2015/09/30 23:29:30,159145.000000
planetlab2.ucsd.edu,kc-sce-plab2.umkc.edu,file32B.txt,2015/09/30 23:29:30,2015/09/30 23:29:31,506.000000
planetlab2.ucsd.edu,kc-sce-plab2.umkc.edu,file1KB.txt,2015/09/30 23:29:31,2015/09/30 23:29:33,1941.000000
planetlab2.ucsd.edu,kc-sce-plab2.umkc.edu,file256KB.txt,2015/09/30 23:29:33,2015/09/30 23:30:05,31787.000000
planetlab2.ucsd.edu,kc-sce-plab2.umkc.edu,file512KB.txt,2015/09/30 23:30:05,2015/09/30 23:32:03,118059.000000
planetlab2.ucsd.edu,kc-sce-plab2.umkc.edu,file1MB.txt,2015/09/30 23:32:03,2015/09/30 23:36:27,264260.000000
planetlab3.cs.uoregon.edu,kc-sce-plab2.umkc.edu,file32B.txt,2015/09/30 23:36:27,2015/09/30 23:36:47,20491.000000
planetlab3.cs.uoregon.edu,kc-sce-plab2.umkc.edu,file1KB.txt,2015/09/30 23:36:47,2015/09/30 23:36:57,9825.000000
planetlab3.cs.uoregon.edu,kc-sce-plab2.umkc.edu,file256KB.txt,2015/09/30 23:36:57,2015/09/30 23:40:00,182662.000000
planetlab3.cs.uoregon.edu,kc-sce-plab2.umkc.edu,file512KB.txt,2015/09/30 23:40:00,2015/09/30 23:53:04,-784275.000000
planetlab3.cs.uoregon.edu,kc-sce-plab2.umkc.edu,file1MB.txt,2015/09/30 23:53:04,2015/10/01 00:13:12,1208060.000000
planetlab-01.bu.edu,kc-sce-plab2.umkc.edu,file32B.txt,2015/10/01 00:13:12,2015/10/01 00:13:13,1244.000000
planetlab-01.bu.edu,kc-sce-plab2.umkc.edu,file1KB.txt,2015/10/01 00:13:13,2015/10/01 00:13:13,815.000000
planetlab-01.bu.edu,kc-sce-plab2.umkc.edu,file256KB.txt,2015/10/01 00:13:13,2015/10/01 00:14:14,61092.000000
planetlab-01.bu.edu,kc-sce-plab2.umkc.edu,file512KB.txt,2015/10/01 00:14:14,2015/10/01 00:15:57,103158.000000
planetlab-01.bu.edu,kc-sce-plab2.umkc.edu,file1MB.txt,2015/10/01 00:15:57,2015/10/01 00:20:43,286011.000000
planetlab4.cnds.jhu.edu,kc-sce-plab2.umkc.edu,file32B.txt,2015/10/01 00:20:43,2015/10/01 00:20:45,2267.000000
planetlab4.cnds.jhu.edu,kc-sce-plab2.umkc.edu,file1KB.txt,2015/10/01 00:20:45,2015/10/01 00:20:47,1702.000000
planetlab4.cnds.jhu.edu,kc-sce-plab2.umkc.edu,file256KB.txt,2015/10/01 00:20:47,2015/10/01 00:22:09,82066.000000
planetlab4.cnds.jhu.edu,kc-sce-plab2.umkc.edu,file512KB.txt,2015/10/01 00:22:09,2015/10/01 00:24:29,139991.000000
planetlab4.cnds.jhu.edu,kc-sce-plab2.umkc.edu,file1MB.txt,2015/10/01 00:24:29,2015/10/01 00:41:53,1043879.000000
planetlabtwo.ccs.neu.edu,kc-sce-plab2.umkc.edu,file32B.txt,2015/10/01 00:41:53,2015/10/01 00:42:10,17133.000000
planetlabtwo.ccs.neu.edu,kc-sce-plab2.umkc.edu,file1KB.txt,2015/10/01 00:42:10,2015/10/01 00:42:29,19162.000000
planetlabtwo.ccs.neu.edu,kc-sce-plab2.umkc.edu,file256KB.txt,2015/10/01 00:42:29,2015/10/01 00:59:15,-1006246.000000
planetlabtwo.ccs.neu.edu,kc-sce-plab2.umkc.edu,file512KB.txt,2015/10/01 00:59:15,2015/10/01 01:16:18,1022622.000000
planetlabtwo.ccs.neu.edu,kc-sce-plab2.umkc.edu,file1MB.txt,2015/10/01 01:16:18,2015/10/01 01:19:00,162235.000000
planetlab1.cs.purdue.edu,kc-sce-plab2.umkc.edu,file32B.txt,2015/10/01 01:19:00,2015/10/01 01:19:01,1194.000000
planetlab1.cs.purdue.edu,kc-sce-plab2.umkc.edu,file1KB.txt,2015/10/01 01:19:01,2015/10/01 01:19:02,1078.000000
planetlab1.cs.purdue.edu,kc-sce-plab2.umkc.edu,file256KB.txt,2015/10/01 01:19:02,2015/10/01 01:20:04,61750.000000
planetlab1.cs.purdue.edu,kc-sce-plab2.umkc.edu,file512KB.txt,2015/10/01 01:20:04,2015/10/01 01:22:20,135660.000000
planetlab1.cs.purdue.edu,kc-sce-plab2.umkc.edu,file1MB.txt,2015/10/01 01:22:20,2015/10/01 01:24:56,156071.000000
planetlab2.tsuniv.edu,kc-sce-plab2.umkc.edu,file32B.txt,2015/10/01 01:24:56,2015/10/01 01:24:59,3366.000000
planetlab2.tsuniv.edu,kc-sce-plab2.umkc.edu,file1KB.txt,2015/10/01 01:24:59,2015/10/01 01:25:02,2354.000000
planetlab2.tsuniv.edu,kc-sce-plab2.umkc.edu,file256KB.txt,2015/10/01 01:25:02,2015/10/01 01:28:26,204172.000000
planetlab2.tsuniv.edu,kc-sce-plab2.umkc.edu,file512KB.txt,2015/10/01 01:28:26,2015/10/01 01:35:40,434453.000000
planetlab2.tsuniv.edu,kc-sce-plab2.umkc.edu,file1MB.txt,2015/10/01 01:35:40,2015/10/01 01:45:42,601605.000000
planetlab1.tsuniv.edu,kc-sce-plab2.umkc.edu,file32B.txt,2015/10/01 01:45:42,2015/10/01 01:45:47,4655.000000
planetlab1.tsuniv.edu,kc-sce-plab2.umkc.edu,file1KB.txt,2015/10/01 01:45:47,2015/10/01 01:45:53,6291.000000
planetlab1.tsuniv.edu,kc-sce-plab2.umkc.edu,file256KB.txt,2015/10/01 01:45:53,2015/10/01 01:55:16,562694.000000
planetlab1.tsuniv.edu,kc-sce-plab2.umkc.edu,file512KB.txt,2015/10/01 01:55:16,2015/10/01 02:12:19,-1023395.000000
planetlab1.tsuniv.edu,kc-sce-plab2.umkc.edu,file1MB.txt,2015/10/01 02:12:19,2015/10/01 02:35:07,1368004.000000
planetlab3.ucsd.edu,kc-sce-plab2.umkc.edu,file32B.txt,2015/10/01 02:35:07,2015/10/01 02:35:07,454.000000
planetlab3.ucsd.edu,kc-sce-plab2.umkc.edu,file1KB.txt,2015/10/01 02:35:07,2015/10/01 02:35:08,1384.000000
planetlab3.ucsd.edu,kc-sce-plab2.umkc.edu,file256KB.txt,2015/10/01 02:35:08,2015/10/01 02:36:20,71814.000000
planetlab3.ucsd.edu,kc-sce-plab2.umkc.edu,file512KB.txt,2015/10/01 02:36:20,2015/10/01 02:38:17,117288.000000
planetlab3.ucsd.edu,kc-sce-plab2.umkc.edu,file1MB.txt,2015/10/01 02:38:17,2015/10/01 02:40:05,107989.000000
node2.planetlab.mathcs.emory.edu,kc-sce-plab2.umkc.edu,file32B.txt,2015/10/01 02:40:06,2015/10/01 02:40:06,354.000000
node2.planetlab.mathcs.emory.edu,kc-sce-plab2.umkc.edu,file1KB.txt,2015/10/01 02:40:06,2015/10/01 02:40:07,1646.000000
node2.planetlab.mathcs.emory.edu,kc-sce-plab2.umkc.edu,file256KB.txt,2015/10/01 02:40:07,2015/10/01 02:40:23,15401.000000
node2.planetlab.mathcs.emory.edu,kc-sce-plab2.umkc.edu,file512KB.txt,2015/10/01 02:40:23,2015/10/01 02:41:32,68956.000000
node2.planetlab.mathcs.emory.edu,kc-sce-plab2.umkc.edu,file1MB.txt,2015/10/01 02:41:32,2015/10/01 02:47:04,332761.000000
planetlab5.csee.usf.edu,kc-sce-plab2.umkc.edu,file32B.txt,2015/10/01 02:47:04,2015/10/01 02:47:05,240.000000
planetlab5.csee.usf.edu,kc-sce-plab2.umkc.edu,file1KB.txt,2015/10/01 02:47:05,2015/10/01 02:47:08,3604.000000
planetlab5.csee.usf.edu,kc-sce-plab2.umkc.edu,file256KB.txt,2015/10/01 02:47:08,2015/10/01 02:49:20,132106.000000
planetlab5.csee.usf.edu,kc-sce-plab2.umkc.edu,file512KB.txt,2015/10/01 02:49:20,2015/10/01 02:54:45,324503.000000
planetlab5.csee.usf.edu,kc-sce-plab2.umkc.edu,file1MB.txt,2015/10/01 02:54:45,2015/10/01 03:04:40,595662.000000
planetlab1.emich.edu,kc-sce-plab2.umkc.edu,file32B.txt,2015/10/01 03:04:40,2015/10/01 03:04:40,324.000000
planetlab1.emich.edu,kc-sce-plab2.umkc.edu,file1KB.txt,2015/10/01 03:04:40,2015/10/01 03:04:40,317.000000
ebb.colgate.edu,kc-sce-plab2.umkc.edu,file32B.txt,2015/10/01 03:05:15,2015/10/01 03:05:17,2112.000000
ebb.colgate.edu,kc-sce-plab2.umkc.edu,file1KB.txt,2015/10/01 03:05:17,2015/10/01 03:05:21,3602.000000
ebb.colgate.edu,kc-sce-plab2.umkc.edu,file256KB.txt,2015/10/01 03:05:21,2015/10/01 03:06:14,53123.000000
ebb.colgate.edu,kc-sce-plab2.umkc.edu,file512KB.txt,2015/10/01 03:06:14,2015/10/01 03:08:34,140388.000000
ebb.colgate.edu,kc-sce-plab2.umkc.edu,file1MB.txt,2015/10/01 03:08:34,2015/10/01 03:14:18,343629.000000
kc-sce-plab2.umkc.edu,kc-sce-plab2.umkc.edu,file32B.txt,2015/10/01 03:14:18,2015/10/01 03:14:18,0.000000
kc-sce-plab2.umkc.edu,kc-sce-plab2.umkc.edu,file1KB.txt,2015/10/01 03:14:18,2015/10/01 03:14:18,0.000000
kc-sce-plab2.umkc.edu,kc-sce-plab2.umkc.edu,file256KB.txt,2015/10/01 03:14:18,2015/10/01 03:14:18,15.000000
kc-sce-plab2.umkc.edu,kc-sce-plab2.umkc.edu,file512KB.txt,2015/10/01 03:14:18,2015/10/01 03:14:18,32.000000
kc-sce-plab2.umkc.edu,kc-sce-plab2.umkc.edu,file1MB.txt,2015/10/01 03:14:18,2015/10/01 03:14:18,61.000000
node1.planetlab.mathcs.emory.edu,kc-sce-plab2.umkc.edu,file32B.txt,2015/10/01 03:14:18,2015/10/01 03:14:20,2114.000000
node1.planetlab.mathcs.emory.edu,kc-sce-plab2.umkc.edu,file1KB.txt,2015/10/01 03:14:20,2015/10/01 03:14:22,2014.000000
node1.planetlab.mathcs.emory.edu,kc-sce-plab2.umkc.edu,file256KB.txt,2015/10/01 03:14:22,2015/10/01 03:15:15,53268.000000
node1.planetlab.mathcs.emory.edu,kc-sce-plab2.umkc.edu,file512KB.txt,2015/10/01 03:15:15,2015/10/01 03:16:02,46747.000000
node1.planetlab.mathcs.emory.edu,kc-sce-plab2.umkc.edu,file1MB.txt,2015/10/01 03:16:02,2015/10/01 03:17:23,80755.000000
pl1.cs.montana.edu,kc-sce-plab2.umkc.edu,file32B.txt,2015/10/01 03:17:23,2015/10/01 03:17:24,1327.000000
pl1.cs.montana.edu,kc-sce-plab2.umkc.edu,file1KB.txt,2015/10/01 03:17:24,2015/10/01 03:17:24,671.000000
pl1.cs.montana.edu,kc-sce-plab2.umkc.edu,file256KB.txt,2015/10/01 03:17:24,2015/10/01 03:18:06,42527.000000
pl1.cs.montana.edu,kc-sce-plab2.umkc.edu,file512KB.txt,2015/10/01 03:18:06,2015/10/01 03:19:40,-94092.000000
pl1.cs.montana.edu,kc-sce-plab2.umkc.edu,file1MB.txt,2015/10/01 03:19:40,2015/10/01 03:24:51,310794.000000
plab3.eece.ksu.edu,kc-sce-plab2.umkc.edu,file32B.txt,2015/10/01 03:25:12,2015/10/01 03:25:13,1779.000000
plab3.eece.ksu.edu,kc-sce-plab2.umkc.edu,file1KB.txt,2015/10/01 03:25:13,2015/10/01 03:25:13,129.000000
plab3.eece.ksu.edu,kc-sce-plab2.umkc.edu,file256KB.txt,2015/10/01 03:25:13,2015/10/01 03:25:52,39112.000000
plab3.eece.ksu.edu,kc-sce-plab2.umkc.edu,file512KB.txt,2015/10/01 03:25:52,2015/10/01 03:26:02,9662.000000
plab3.eece.ksu.edu,kc-sce-plab2.umkc.edu,file1MB.txt,2015/10/01 03:26:02,2015/10/01 03:26:12,10329.000000
planet3.cc.gt.atl.ga.us,kc-sce-plab2.umkc.edu,file32B.txt,2015/10/01 03:26:12,2015/10/01 03:26:12,374.000000
planet3.cc.gt.atl.ga.us,kc-sce-plab2.umkc.edu,file1KB.txt,2015/10/01 03:26:12,2015/10/01 03:26:12,377.000000
planet3.cc.gt.atl.ga.us,kc-sce-plab2.umkc.edu,file256KB.txt,2015/10/01 03:26:12,2015/10/01 03:26:29,17589.000000
planet3.cc.gt.atl.ga.us,kc-sce-plab2.umkc.edu,file512KB.txt,2015/10/01 03:26:29,2015/10/01 03:27:02,32897.000000
planet3.cc.gt.atl.ga.us,kc-sce-plab2.umkc.edu,file1MB.txt,2015/10/01 03:27:02,2015/10/01 03:28:08,65731.000000
planetlab-02.bu.edu,kc-sce-plab2.umkc.edu,file32B.txt,2015/10/01 03:28:08,2015/10/01 03:28:09,1476.000000
planetlab-02.bu.edu,kc-sce-plab2.umkc.edu,file1KB.txt,2015/10/01 03:28:09,2015/10/01 03:28:09,548.000000
planetlab-02.bu.edu,kc-sce-plab2.umkc.edu,file256KB.txt,2015/10/01 03:28:09,2015/10/01 03:29:05,56169.000000
planetlab-02.bu.edu,kc-sce-plab2.umkc.edu,file512KB.txt,2015/10/01 03:29:05,2015/10/01 03:30:26,80772.000000
planetlab-02.bu.edu,kc-sce-plab2.umkc.edu,file1MB.txt,2015/10/01 03:30:26,2015/10/01 03:35:03,277881.000000
planetlab1.cs.du.edu,kc-sce-plab2.umkc.edu,file32B.txt,2015/10/01 03:35:34,2015/10/01 03:35:34,449.000000
planetlab1.cs.du.edu,kc-sce-plab2.umkc.edu,file1KB.txt,2015/10/01 03:35:34,2015/10/01 03:35:34,354.000000
planetlab1.cs.du.edu,kc-sce-plab2.umkc.edu,file256KB.txt,2015/10/01 03:35:34,2015/10/01 03:35:53,19122.000000
planetlab1.cs.du.edu,kc-sce-plab2.umkc.edu,file512KB.txt,2015/10/01 03:35:53,2015/10/01 03:37:06,73360.000000
planetlab1.cs.du.edu,kc-sce-plab2.umkc.edu,file1MB.txt,2015/10/01 03:37:06,2015/10/01 03:40:37,210725.000000
planetlab1.cs.okstate.edu,kc-sce-plab2.umkc.edu,file32B.txt,2015/10/01 03:40:59,2015/10/01 03:40:59,184.000000
planetlab1.cs.okstate.edu,kc-sce-plab2.umkc.edu,file1KB.txt,2015/10/01 03:40:59,2015/10/01 03:40:59,167.000000
planetlab1.cs.okstate.edu,kc-sce-plab2.umkc.edu,file256KB.txt,2015/10/01 03:40:59,2015/10/01 03:41:29,30122.000000
planetlab1.cs.okstate.edu,kc-sce-plab2.umkc.edu,file512KB.txt,2015/10/01 03:41:29,2015/10/01 03:41:54,24960.000000
planetlab1.cs.okstate.edu,kc-sce-plab2.umkc.edu,file1MB.txt,2015/10/01 03:41:54,2015/10/01 03:43:00,65853.000000
planetlab1.cs.ucla.edu,kc-sce-plab2.umkc.edu,file32B.txt,2015/10/01 03:43:00,2015/10/01 03:43:00,426.000000
planetlab1.cs.ucla.edu,kc-sce-plab2.umkc.edu,file1KB.txt,2015/10/01 03:43:00,2015/10/01 03:43:01,1554.000000
planetlab1.cs.ucla.edu,kc-sce-plab2.umkc.edu,file256KB.txt,2015/10/01 03:43:01,2015/10/01 03:43:27,26123.000000
planetlab1.cs.ucla.edu,kc-sce-plab2.umkc.edu,file512KB.txt,2015/10/01 03:43:27,2015/10/01 03:44:18,50708.000000
planetlab1.cs.ucla.edu,kc-sce-plab2.umkc.edu,file1MB.txt,2015/10/01 03:44:18,2015/10/01 03:46:49,151503.000000
planetlab1.csuohio.edu,kc-sce-plab2.umkc.edu,file32B.txt,2015/10/01 03:46:49,2015/10/01 03:46:50,543.000000
planetlab1.csuohio.edu,kc-sce-plab2.umkc.edu,file1KB.txt,2015/10/01 03:46:50,2015/10/01 03:46:52,2112.000000
planetlab1.csuohio.edu,kc-sce-plab2.umkc.edu,file256KB.txt,2015/10/01 03:46:52,2015/10/01 03:47:18,25684.000000
planetlab1.csuohio.edu,kc-sce-plab2.umkc.edu,file512KB.txt,2015/10/01 03:47:18,2015/10/01 03:47:51,32901.000000
planetlab1.csuohio.edu,kc-sce-plab2.umkc.edu,file1MB.txt,2015/10/01 03:47:51,2015/10/01 03:49:48,116855.000000
planetlab1.emich.edu,kc-sce-plab2.umkc.edu,file32B.txt,2015/10/01 03:49:48,2015/10/01 03:49:50,2334.000000
planetlab1.emich.edu,kc-sce-plab2.umkc.edu,file1KB.txt,2015/10/01 03:49:50,2015/10/01 03:49:52,1885.000000
planetlab1.emich.edu,kc-sce-plab2.umkc.edu,file256KB.txt,2015/10/01 03:49:52,2015/10/01 03:51:03,71584.000000
planetlab1.emich.edu,kc-sce-plab2.umkc.edu,file512KB.txt,2015/10/01 03:51:03,2015/10/01 03:52:24,80445.000000
planetlab1.emich.edu,kc-sce-plab2.umkc.edu,file1MB.txt,2015/10/01 03:52:24,2015/10/01 03:55:23,180730.000000
planetlab1.ucsd.edu,kc-sce-plab2.umkc.edu,file32B.txt,2015/10/01 03:55:45,2015/10/01 03:55:46,703.000000
planetlab1.ucsd.edu,kc-sce-plab2.umkc.edu,file1KB.txt,2015/10/01 03:55:46,2015/10/01 03:55:47,709.000000
planetlab1.ucsd.edu,kc-sce-plab2.umkc.edu,file256KB.txt,2015/10/01 03:55:47,2015/10/01 03:56:25,39791.000000
planetlab1.ucsd.edu,kc-sce-plab2.umkc.edu,file512KB.txt,2015/10/01 03:56:25,2015/10/01 03:58:15,108428.000000
planetlab1.ucsd.edu,kc-sce-plab2.umkc.edu,file1MB.txt,2015/10/01 03:58:15,2015/10/01 04:02:58,283112.000000
planetlab2.acis.ufl.edu,kc-sce-plab2.umkc.edu,file32B.txt,2015/10/01 04:02:58,2015/10/01 04:02:59,591.000000
planetlab2.acis.ufl.edu,kc-sce-plab2.umkc.edu,file1KB.txt,2015/10/01 04:02:59,2015/10/01 04:03:00,981.000000
planetlab2.acis.ufl.edu,kc-sce-plab2.umkc.edu,file256KB.txt,2015/10/01 04:03:00,2015/10/01 04:03:53,53751.000000
planetlab2.acis.ufl.edu,kc-sce-plab2.umkc.edu,file512KB.txt,2015/10/01 04:03:53,2015/10/01 04:05:06,72494.000000
planetlab2.acis.ufl.edu,kc-sce-plab2.umkc.edu,file1MB.txt,2015/10/01 04:05:06,2015/10/01 04:07:37,151425.000000
planetlab2.arizona-gigapop.net,kc-sce-plab2.umkc.edu,file32B.txt,2015/10/01 04:07:37,2015/10/01 04:07:38,256.000000
planetlab2.arizona-gigapop.net,kc-sce-plab2.umkc.edu,file1KB.txt,2015/10/01 04:07:38,2015/10/01 04:07:41,3768.000000
planetlab2.arizona-gigapop.net,kc-sce-plab2.umkc.edu,file256KB.txt,2015/10/01 04:07:41,2015/10/01 04:09:05,83628.000000
planetlab2.arizona-gigapop.net,kc-sce-plab2.umkc.edu,file512KB.txt,2015/10/01 04:09:05,2015/10/01 04:10:42,97252.000000
planetlab2.arizona-gigapop.net,kc-sce-plab2.umkc.edu,file1MB.txt,2015/10/01 04:10:42,2015/10/01 04:14:04,202287.000000
planetlab2.citadel.edu,kc-sce-plab2.umkc.edu,file32B.txt,2015/10/01 04:14:04,2015/10/01 04:14:04,354.000000
planetlab2.citadel.edu,kc-sce-plab2.umkc.edu,file1KB.txt,2015/10/01 04:14:04,2015/10/01 04:14:04,369.000000
planetlab2.citadel.edu,kc-sce-plab2.umkc.edu,file256KB.txt,2015/10/01 04:14:04,2015/10/01 04:14:26,21942.000000
planetlab2.citadel.edu,kc-sce-plab2.umkc.edu,file512KB.txt,2015/10/01 04:14:26,2015/10/01 04:15:10,44219.000000
planetlab2.citadel.edu,kc-sce-plab2.umkc.edu,file1MB.txt,2015/10/01 04:15:10,2015/10/01 04:17:03,112935.000000
planetlab2.cs.pitt.edu,kc-sce-plab2.umkc.edu,file32B.txt,2015/10/01 04:17:03,2015/10/01 04:17:04,1640.000000
planetlab2.cs.pitt.edu,kc-sce-plab2.umkc.edu,file1KB.txt,2015/10/01 04:17:04,2015/10/01 04:17:04,273.000000
planetlab2.cs.pitt.edu,kc-sce-plab2.umkc.edu,file256KB.txt,2015/10/01 04:17:04,2015/10/01 04:17:19,15376.000000
planetlab2.cs.pitt.edu,kc-sce-plab2.umkc.edu,file512KB.txt,2015/10/01 04:17:19,2015/10/01 04:18:14,54257.000000
