planetlab1.unr.edu,planetlab1.ucsd.edu,file32B.txt,2015/09/30 21:08:09,2015/09/30 21:08:15,6807.000000
planetlab1.unr.edu,planetlab1.ucsd.edu,file1KB.txt,2015/09/30 21:08:15,2015/09/30 21:08:20,4809.000000
planetlab1.unr.edu,planetlab1.ucsd.edu,file256KB.txt,2015/09/30 21:08:20,2015/09/30 21:08:38,17434.000000
planetlab1.unr.edu,planetlab1.ucsd.edu,file512KB.txt,2015/09/30 21:08:38,2015/09/30 21:09:10,31921.000000
planetlab1.unr.edu,planetlab1.ucsd.edu,file1MB.txt,2015/09/30 21:09:10,2015/09/30 21:10:09,59055.000000
pl2.cs.unm.edu,planetlab1.ucsd.edu,file32B.txt,2015/09/30 21:10:09,2015/09/30 21:10:14,4806.000000
pl2.cs.unm.edu,planetlab1.ucsd.edu,file1KB.txt,2015/09/30 21:10:14,2015/09/30 21:10:20,6809.000000
pl2.cs.unm.edu,planetlab1.ucsd.edu,file256KB.txt,2015/09/30 21:10:20,2015/09/30 21:10:38,17451.000000
pl2.cs.unm.edu,planetlab1.ucsd.edu,file512KB.txt,2015/09/30 21:10:38,2015/09/30 21:11:11,33603.000000
pl2.cs.unm.edu,planetlab1.ucsd.edu,file1MB.txt,2015/09/30 21:11:11,2015/09/30 21:12:10,59115.000000
planetlab2.cnis.nyit.edu,planetlab1.ucsd.edu,file32B.txt,2015/09/30 21:12:10,2015/09/30 21:12:15,4470.000000
planetlab2.cnis.nyit.edu,planetlab1.ucsd.edu,file1KB.txt,2015/09/30 21:12:15,2015/09/30 21:12:21,6366.000000
planetlab2.cnis.nyit.edu,planetlab1.ucsd.edu,file256KB.txt,2015/09/30 21:12:21,2015/09/30 21:13:12,50804.000000
planetlab2.cnis.nyit.edu,planetlab1.ucsd.edu,file512KB.txt,2015/09/30 21:13:12,2015/09/30 21:14:49,96820.000000
planetlab2.cnis.nyit.edu,planetlab1.ucsd.edu,file1MB.txt,2015/09/30 21:14:49,2015/09/30 21:17:53,183554.000000
planetlab2.rutgers.edu,planetlab1.ucsd.edu,file32B.txt,2015/09/30 21:17:53,2015/09/30 21:18:11,16132.000000
planetlab2.rutgers.edu,planetlab1.ucsd.edu,file1KB.txt,2015/09/30 21:18:11,2015/09/30 21:18:42,31683.000000
planetlab2.rutgers.edu,planetlab1.ucsd.edu,file256KB.txt,2015/09/30 21:18:42,2015/09/30 21:33:02,-859770.000000
planetlab2.rutgers.edu,planetlab1.ucsd.edu,file512KB.txt,2015/09/30 21:33:02,2015/09/30 22:13:11,-1886527.000000
planetlab2.rutgers.edu,planetlab1.ucsd.edu,file1MB.txt,2015/09/30 22:13:11,2015/09/30 23:16:43,482549.000000
planetlab2.ucsd.edu,planetlab1.ucsd.edu,file32B.txt,2015/09/30 23:16:48,2015/09/30 23:16:53,4987.000000
planetlab2.ucsd.edu,planetlab1.ucsd.edu,file1KB.txt,2015/09/30 23:16:53,2015/09/30 23:16:58,4991.000000
planetlab2.ucsd.edu,planetlab1.ucsd.edu,file256KB.txt,2015/09/30 23:16:58,2015/09/30 23:17:04,6625.000000
planetlab2.ucsd.edu,planetlab1.ucsd.edu,file512KB.txt,2015/09/30 23:17:04,2015/09/30 23:17:09,4128.000000
planetlab2.ucsd.edu,planetlab1.ucsd.edu,file1MB.txt,2015/09/30 23:17:09,2015/09/30 23:17:16,7618.000000
planetlab3.cs.uoregon.edu,planetlab1.ucsd.edu,file32B.txt,2015/09/30 23:17:16,2015/09/30 23:17:21,4824.000000
planetlab3.cs.uoregon.edu,planetlab1.ucsd.edu,file1KB.txt,2015/09/30 23:17:21,2015/09/30 23:17:26,4797.000000
planetlab3.cs.uoregon.edu,planetlab1.ucsd.edu,file256KB.txt,2015/09/30 23:17:26,2015/09/30 23:17:46,20561.000000
planetlab3.cs.uoregon.edu,planetlab1.ucsd.edu,file512KB.txt,2015/09/30 23:17:46,2015/09/30 23:18:19,32243.000000
planetlab3.cs.uoregon.edu,planetlab1.ucsd.edu,file1MB.txt,2015/09/30 23:18:19,2015/09/30 23:19:22,63712.000000
planetlab-01.bu.edu,planetlab1.ucsd.edu,file32B.txt,2015/09/30 23:19:22,2015/09/30 23:19:27,4369.000000
planetlab-01.bu.edu,planetlab1.ucsd.edu,file1KB.txt,2015/09/30 23:19:27,2015/09/30 23:19:33,6374.000000
planetlab-01.bu.edu,planetlab1.ucsd.edu,file256KB.txt,2015/09/30 23:19:33,2015/09/30 23:20:24,50853.000000
planetlab-01.bu.edu,planetlab1.ucsd.edu,file512KB.txt,2015/09/30 23:20:24,2015/09/30 23:22:01,97330.000000
planetlab-01.bu.edu,planetlab1.ucsd.edu,file1MB.txt,2015/09/30 23:22:01,2015/09/30 23:25:09,187851.000000
planetlab4.cnds.jhu.edu,planetlab1.ucsd.edu,file32B.txt,2015/09/30 23:25:09,2015/09/30 23:25:14,4537.000000
planetlab4.cnds.jhu.edu,planetlab1.ucsd.edu,file1KB.txt,2015/09/30 23:25:14,2015/09/30 23:25:20,6456.000000
planetlab4.cnds.jhu.edu,planetlab1.ucsd.edu,file256KB.txt,2015/09/30 23:25:20,2015/09/30 23:26:04,43547.000000
planetlab4.cnds.jhu.edu,planetlab1.ucsd.edu,file512KB.txt,2015/09/30 23:26:04,2015/09/30 23:27:28,84496.000000
planetlab4.cnds.jhu.edu,planetlab1.ucsd.edu,file1MB.txt,2015/09/30 23:27:28,2015/09/30 23:30:10,162252.000000
planetlabtwo.ccs.neu.edu,planetlab1.ucsd.edu,file32B.txt,2015/09/30 23:30:10,2015/09/30 23:30:15,4279.000000
planetlabtwo.ccs.neu.edu,planetlab1.ucsd.edu,file1KB.txt,2015/09/30 23:30:15,2015/09/30 23:30:21,6041.000000
planetlabtwo.ccs.neu.edu,planetlab1.ucsd.edu,file256KB.txt,2015/09/30 23:30:21,2015/09/30 23:31:25,64501.000000
planetlabtwo.ccs.neu.edu,planetlab1.ucsd.edu,file512KB.txt,2015/09/30 23:31:25,2015/09/30 23:33:31,126049.000000
planetlabtwo.ccs.neu.edu,planetlab1.ucsd.edu,file1MB.txt,2015/09/30 23:33:31,2015/09/30 23:37:35,244066.000000
planetlab1.cs.purdue.edu,planetlab1.ucsd.edu,file32B.txt,2015/09/30 23:37:35,2015/09/30 23:37:41,6060.000000
planetlab1.cs.purdue.edu,planetlab1.ucsd.edu,file1KB.txt,2015/09/30 23:37:41,2015/09/30 23:37:47,5386.000000
planetlab1.cs.purdue.edu,planetlab1.ucsd.edu,file256KB.txt,2015/09/30 23:37:47,2015/09/30 23:41:13,205966.000000
planetlab1.cs.purdue.edu,planetlab1.ucsd.edu,file512KB.txt,2015/09/30 23:41:13,2015/09/30 23:57:35,-981983.000000
planetlab1.cs.purdue.edu,planetlab1.ucsd.edu,file1MB.txt,2015/09/30 23:57:35,2015/10/01 00:37:58,-1871948.000000
planetlab2.tsuniv.edu,planetlab1.ucsd.edu,file32B.txt,2015/10/01 00:37:58,2015/10/01 00:38:06,8629.000000
planetlab2.tsuniv.edu,planetlab1.ucsd.edu,file1KB.txt,2015/10/01 00:38:06,2015/10/01 00:38:12,5605.000000
planetlab2.tsuniv.edu,planetlab1.ucsd.edu,file256KB.txt,2015/10/01 00:38:12,2015/10/01 00:41:13,181301.000000
planetlab2.tsuniv.edu,planetlab1.ucsd.edu,file512KB.txt,2015/10/01 00:41:13,2015/10/01 00:45:45,271515.000000
planetlab2.tsuniv.edu,planetlab1.ucsd.edu,file1MB.txt,2015/10/01 00:45:45,2015/10/01 00:56:28,-643429.000000
planetlab1.tsuniv.edu,planetlab1.ucsd.edu,file32B.txt,2015/10/01 00:56:28,2015/10/01 00:56:33,4456.000000
planetlab1.tsuniv.edu,planetlab1.ucsd.edu,file1KB.txt,2015/10/01 00:56:33,2015/10/01 00:56:39,6371.000000
planetlab1.tsuniv.edu,planetlab1.ucsd.edu,file256KB.txt,2015/10/01 00:56:39,2015/10/01 00:58:42,123241.000000
planetlab1.tsuniv.edu,planetlab1.ucsd.edu,file512KB.txt,2015/10/01 00:58:42,2015/10/01 01:00:19,96992.000000
planetlab1.tsuniv.edu,planetlab1.ucsd.edu,file1MB.txt,2015/10/01 01:00:19,2015/10/01 01:03:28,188188.000000
planetlab3.ucsd.edu,planetlab1.ucsd.edu,file32B.txt,2015/10/01 01:03:28,2015/10/01 01:03:34,6988.000000
planetlab3.ucsd.edu,planetlab1.ucsd.edu,file1KB.txt,2015/10/01 01:03:34,2015/10/01 01:03:39,4979.000000
planetlab3.ucsd.edu,planetlab1.ucsd.edu,file256KB.txt,2015/10/01 01:03:39,2015/10/01 01:03:44,4377.000000
planetlab3.ucsd.edu,planetlab1.ucsd.edu,file512KB.txt,2015/10/01 01:03:44,2015/10/01 01:03:51,7533.000000
planetlab3.ucsd.edu,planetlab1.ucsd.edu,file1MB.txt,2015/10/01 01:03:51,2015/10/01 01:03:58,6578.000000
node2.planetlab.mathcs.emory.edu,planetlab1.ucsd.edu,file32B.txt,2015/10/01 01:04:03,2015/10/01 01:04:08,4622.000000
node2.planetlab.mathcs.emory.edu,planetlab1.ucsd.edu,file1KB.txt,2015/10/01 01:04:08,2015/10/01 01:04:14,6559.000000
node2.planetlab.mathcs.emory.edu,planetlab1.ucsd.edu,file256KB.txt,2015/10/01 01:04:14,2015/10/01 01:04:51,37000.000000
node2.planetlab.mathcs.emory.edu,planetlab1.ucsd.edu,file512KB.txt,2015/10/01 01:04:51,2015/10/01 01:05:59,67561.000000
node2.planetlab.mathcs.emory.edu,planetlab1.ucsd.edu,file1MB.txt,2015/10/01 01:05:59,2015/10/01 01:08:11,132325.000000
planetlab5.csee.usf.edu,planetlab1.ucsd.edu,file32B.txt,2015/10/01 01:08:11,2015/10/01 01:08:16,4564.000000
planetlab5.csee.usf.edu,planetlab1.ucsd.edu,file1KB.txt,2015/10/01 01:08:16,2015/10/01 01:08:22,6565.000000
planetlab5.csee.usf.edu,planetlab1.ucsd.edu,file256KB.txt,2015/10/01 01:08:22,2015/10/01 01:08:58,35423.000000
planetlab5.csee.usf.edu,planetlab1.ucsd.edu,file512KB.txt,2015/10/01 01:08:58,2015/10/01 01:10:06,68098.000000
planetlab5.csee.usf.edu,planetlab1.ucsd.edu,file1MB.txt,2015/10/01 01:10:06,2015/10/01 01:12:34,148149.000000
planetlab1.emich.edu,planetlab1.ucsd.edu,file32B.txt,2015/10/01 01:12:34,2015/10/01 01:12:40,6521.000000
planetlab1.emich.edu,planetlab1.ucsd.edu,file1KB.txt,2015/10/01 01:12:40,2015/10/01 01:12:45,4445.000000
planetlab1.emich.edu,planetlab1.ucsd.edu,file256KB.txt,2015/10/01 01:12:45,2015/10/01 01:13:31,46464.000000
planetlab1.emich.edu,planetlab1.ucsd.edu,file512KB.txt,2015/10/01 01:13:31,2015/10/01 01:14:56,84677.000000
planetlab1.emich.edu,planetlab1.ucsd.edu,file1MB.txt,2015/10/01 01:14:56,2015/10/01 01:17:58,182486.000000
ebb.colgate.edu,planetlab1.ucsd.edu,file32B.txt,2015/10/01 01:18:03,2015/10/01 01:18:08,4470.000000
ebb.colgate.edu,planetlab1.ucsd.edu,file1KB.txt,2015/10/01 01:18:08,2015/10/01 01:18:14,5991.000000
ebb.colgate.edu,planetlab1.ucsd.edu,file256KB.txt,2015/10/01 01:18:14,2015/10/01 01:19:07,53238.000000
ebb.colgate.edu,planetlab1.ucsd.edu,file512KB.txt,2015/10/01 01:19:07,2015/10/01 01:20:47,99723.000000
ebb.colgate.edu,planetlab1.ucsd.edu,file1MB.txt,2015/10/01 01:20:47,2015/10/01 01:24:02,195385.000000
kc-sce-plab2.umkc.edu,planetlab1.ucsd.edu,file32B.txt,2015/10/01 01:24:02,2015/10/01 01:24:07,4680.000000
kc-sce-plab2.umkc.edu,planetlab1.ucsd.edu,file1KB.txt,2015/10/01 01:24:07,2015/10/01 01:24:13,6026.000000
kc-sce-plab2.umkc.edu,planetlab1.ucsd.edu,file256KB.txt,2015/10/01 01:24:13,2015/10/01 01:24:49,36221.000000
kc-sce-plab2.umkc.edu,planetlab1.ucsd.edu,file512KB.txt,2015/10/01 01:24:49,2015/10/01 01:26:19,90324.000000
kc-sce-plab2.umkc.edu,planetlab1.ucsd.edu,file1MB.txt,2015/10/01 01:26:19,2015/10/01 01:33:07,407959.000000
node1.planetlab.mathcs.emory.edu,planetlab1.ucsd.edu,file32B.txt,2015/10/01 01:33:07,2015/10/01 01:33:13,6170.000000
node1.planetlab.mathcs.emory.edu,planetlab1.ucsd.edu,file1KB.txt,2015/10/01 01:33:13,2015/10/01 01:33:19,5970.000000
node1.planetlab.mathcs.emory.edu,planetlab1.ucsd.edu,file256KB.txt,2015/10/01 01:33:19,2015/10/01 01:33:57,37092.000000
node1.planetlab.mathcs.emory.edu,planetlab1.ucsd.edu,file512KB.txt,2015/10/01 01:33:57,2015/10/01 01:35:06,69507.000000
node1.planetlab.mathcs.emory.edu,planetlab1.ucsd.edu,file1MB.txt,2015/10/01 01:35:06,2015/10/01 01:37:18,131780.000000
pl1.cs.montana.edu,planetlab1.ucsd.edu,file32B.txt,2015/10/01 01:37:18,2015/10/01 01:37:24,6565.000000
pl1.cs.montana.edu,planetlab1.ucsd.edu,file1KB.txt,2015/10/01 01:37:24,2015/10/01 01:37:29,4491.000000
pl1.cs.montana.edu,planetlab1.ucsd.edu,file256KB.txt,2015/10/01 01:37:29,2015/10/01 01:38:11,41908.000000
pl1.cs.montana.edu,planetlab1.ucsd.edu,file512KB.txt,2015/10/01 01:38:11,2015/10/01 01:39:29,78357.000000
pl1.cs.montana.edu,planetlab1.ucsd.edu,file1MB.txt,2015/10/01 01:39:29,2015/10/01 01:41:59,150118.000000
plab3.eece.ksu.edu,planetlab1.ucsd.edu,file32B.txt,2015/10/01 01:42:25,2015/10/01 01:42:30,4666.000000
plab3.eece.ksu.edu,planetlab1.ucsd.edu,file1KB.txt,2015/10/01 01:42:30,2015/10/01 01:42:35,4610.000000
plab3.eece.ksu.edu,planetlab1.ucsd.edu,file256KB.txt,2015/10/01 01:42:35,2015/10/01 01:43:11,35980.000000
plab3.eece.ksu.edu,planetlab1.ucsd.edu,file512KB.txt,2015/10/01 01:43:11,2015/10/01 01:44:13,62915.000000
plab3.eece.ksu.edu,planetlab1.ucsd.edu,file1MB.txt,2015/10/01 01:44:13,2015/10/01 01:46:11,117823.000000
planet3.cc.gt.atl.ga.us,planetlab1.ucsd.edu,file32B.txt,2015/10/01 01:46:11,2015/10/01 01:46:16,4549.000000
planet3.cc.gt.atl.ga.us,planetlab1.ucsd.edu,file1KB.txt,2015/10/01 01:46:16,2015/10/01 01:46:22,6564.000000
planet3.cc.gt.atl.ga.us,planetlab1.ucsd.edu,file256KB.txt,2015/10/01 01:46:22,2015/10/01 01:46:58,35172.000000
planet3.cc.gt.atl.ga.us,planetlab1.ucsd.edu,file512KB.txt,2015/10/01 01:46:58,2015/10/01 01:48:07,69956.000000
planet3.cc.gt.atl.ga.us,planetlab1.ucsd.edu,file1MB.txt,2015/10/01 01:48:07,2015/10/01 01:50:18,130720.000000
planetlab-02.bu.edu,planetlab1.ucsd.edu,file32B.txt,2015/10/01 01:50:23,2015/10/01 01:50:29,6364.000000
planetlab-02.bu.edu,planetlab1.ucsd.edu,file1KB.txt,2015/10/01 01:50:29,2015/10/01 01:50:34,4367.000000
planetlab-02.bu.edu,planetlab1.ucsd.edu,file256KB.txt,2015/10/01 01:50:34,2015/10/01 01:51:27,53312.000000
planetlab-02.bu.edu,planetlab1.ucsd.edu,file512KB.txt,2015/10/01 01:51:27,2015/10/01 01:53:04,97016.000000
planetlab-02.bu.edu,planetlab1.ucsd.edu,file1MB.txt,2015/10/01 01:53:04,2015/10/01 01:56:14,189362.000000
planetlab1.clemson.edu,planetlab1.ucsd.edu,file32B.txt,2015/10/01 01:56:46,2015/10/01 01:56:51,4543.000000
planetlab1.clemson.edu,planetlab1.ucsd.edu,file1KB.txt,2015/10/01 01:56:51,2015/10/01 01:56:57,6543.000000
planetlab1.clemson.edu,planetlab1.ucsd.edu,file256KB.txt,2015/10/01 01:56:57,2015/10/01 01:57:38,40086.000000
planetlab1.clemson.edu,planetlab1.ucsd.edu,file512KB.txt,2015/10/01 01:57:38,2015/10/01 01:58:49,71453.000000
planetlab1.clemson.edu,planetlab1.ucsd.edu,file1MB.txt,2015/10/01 01:58:49,2015/10/01 02:01:05,136231.000000
planetlab1.cs.du.edu,planetlab1.ucsd.edu,file32B.txt,2015/10/01 02:01:16,2015/10/01 02:01:22,6405.000000
planetlab1.cs.du.edu,planetlab1.ucsd.edu,file1KB.txt,2015/10/01 02:01:22,2015/10/01 02:01:27,4214.000000
planetlab1.cs.du.edu,planetlab1.ucsd.edu,file256KB.txt,2015/10/01 02:01:27,2015/10/01 02:02:00,33012.000000
planetlab1.cs.du.edu,planetlab1.ucsd.edu,file512KB.txt,2015/10/01 02:02:00,2015/10/01 02:03:01,61166.000000
planetlab1.cs.du.edu,planetlab1.ucsd.edu,file1MB.txt,2015/10/01 02:03:01,2015/10/01 02:05:32,151545.000000
planetlab-1.cse.ohio-state.edu,planetlab1.ucsd.edu,file32B.txt,2015/10/01 02:05:37,2015/10/01 02:05:46,8901.000000
planetlab-1.cse.ohio-state.edu,planetlab1.ucsd.edu,file1KB.txt,2015/10/01 02:05:46,2015/10/01 02:05:56,9780.000000
planetlab-1.cse.ohio-state.edu,planetlab1.ucsd.edu,file256KB.txt,2015/10/01 02:05:56,2015/10/01 02:16:23,-627244.000000
planetlab-1.cse.ohio-state.edu,planetlab1.ucsd.edu,file512KB.txt,2015/10/01 02:16:23,2015/10/01 02:38:28,1325302.000000
planetlab-1.cse.ohio-state.edu,planetlab1.ucsd.edu,file1MB.txt,2015/10/01 02:38:28,2015/10/01 03:53:23,199915.000000
planetlab1.cs.okstate.edu,planetlab1.ucsd.edu,file32B.txt,2015/10/01 03:53:23,2015/10/01 03:53:28,4621.000000
planetlab1.cs.okstate.edu,planetlab1.ucsd.edu,file1KB.txt,2015/10/01 03:53:28,2015/10/01 03:53:34,6620.000000
planetlab1.cs.okstate.edu,planetlab1.ucsd.edu,file256KB.txt,2015/10/01 03:53:34,2015/10/01 03:54:06,31174.000000
planetlab1.cs.okstate.edu,planetlab1.ucsd.edu,file512KB.txt,2015/10/01 03:54:06,2015/10/01 03:55:07,61328.000000
planetlab1.cs.okstate.edu,planetlab1.ucsd.edu,file1MB.txt,2015/10/01 03:55:07,2015/10/01 03:57:02,114594.000000
planetlab1.cs.ucla.edu,planetlab1.ucsd.edu,file32B.txt,2015/10/01 03:57:02,2015/10/01 03:57:07,4966.000000
planetlab1.cs.ucla.edu,planetlab1.ucsd.edu,file1KB.txt,2015/10/01 03:57:07,2015/10/01 03:57:12,4960.000000
planetlab1.cs.ucla.edu,planetlab1.ucsd.edu,file256KB.txt,2015/10/01 03:57:12,2015/10/01 03:57:20,8912.000000
planetlab1.cs.ucla.edu,planetlab1.ucsd.edu,file512KB.txt,2015/10/01 03:57:20,2015/10/01 03:57:29,8825.000000
planetlab1.cs.ucla.edu,planetlab1.ucsd.edu,file1MB.txt,2015/10/01 03:57:29,2015/10/01 03:57:42,12637.000000
planetlab1.csuohio.edu,planetlab1.ucsd.edu,file32B.txt,2015/10/01 03:57:42,2015/10/01 03:57:48,6426.000000
planetlab1.csuohio.edu,planetlab1.ucsd.edu,file1KB.txt,2015/10/01 03:57:48,2015/10/01 03:57:53,4412.000000
planetlab1.csuohio.edu,planetlab1.ucsd.edu,file256KB.txt,2015/10/01 03:57:53,2015/10/01 03:58:42,49432.000000
planetlab1.csuohio.edu,planetlab1.ucsd.edu,file512KB.txt,2015/10/01 03:58:42,2015/10/01 04:00:12,90105.000000
planetlab1.csuohio.edu,planetlab1.ucsd.edu,file1MB.txt,2015/10/01 04:00:12,2015/10/01 04:03:10,177784.000000
planetlab1.emich.edu,planetlab1.ucsd.edu,file32B.txt,2015/10/01 04:03:10,2015/10/01 04:03:16,6434.000000
planetlab1.emich.edu,planetlab1.ucsd.edu,file1KB.txt,2015/10/01 04:03:16,2015/10/01 04:03:21,4442.000000
planetlab1.emich.edu,planetlab1.ucsd.edu,file256KB.txt,2015/10/01 04:03:21,2015/10/01 04:04:06,44655.000000
planetlab1.emich.edu,planetlab1.ucsd.edu,file512KB.txt,2015/10/01 04:04:06,2015/10/01 04:05:32,86561.000000
planetlab1.ucsd.edu,planetlab1.ucsd.edu,file32B.txt,2015/10/01 04:07:27,2015/10/01 04:07:27,9.000000
planetlab1.ucsd.edu,planetlab1.ucsd.edu,file1KB.txt,2015/10/01 04:07:27,2015/10/01 04:07:27,10.000000
planetlab1.ucsd.edu,planetlab1.ucsd.edu,file256KB.txt,2015/10/01 04:07:27,2015/10/01 04:07:28,1538.000000
planetlab1.ucsd.edu,planetlab1.ucsd.edu,file512KB.txt,2015/10/01 04:07:28,2015/10/01 04:07:29,1109.000000
planetlab1.ucsd.edu,planetlab1.ucsd.edu,file1MB.txt,2015/10/01 04:07:29,2015/10/01 04:07:31,2247.000000
planetlab2.acis.ufl.edu,planetlab1.ucsd.edu,file32B.txt,2015/10/01 04:07:31,2015/10/01 04:07:36,4563.000000
planetlab2.acis.ufl.edu,planetlab1.ucsd.edu,file1KB.txt,2015/10/01 04:07:36,2015/10/01 04:07:41,4561.000000
planetlab2.acis.ufl.edu,planetlab1.ucsd.edu,file256KB.txt,2015/10/01 04:07:41,2015/10/01 04:08:18,37497.000000
planetlab2.acis.ufl.edu,planetlab1.ucsd.edu,file512KB.txt,2015/10/01 04:08:18,2015/10/01 04:09:25,66575.000000
planetlab2.acis.ufl.edu,planetlab1.ucsd.edu,file1MB.txt,2015/10/01 04:09:25,2015/10/01 04:11:35,129931.000000
planetlab2.arizona-gigapop.net,planetlab1.ucsd.edu,file32B.txt,2015/10/01 04:11:35,2015/10/01 04:11:41,6825.000000
planetlab2.arizona-gigapop.net,planetlab1.ucsd.edu,file1KB.txt,2015/10/01 04:11:41,2015/10/01 04:11:46,4877.000000
planetlab2.arizona-gigapop.net,planetlab1.ucsd.edu,file256KB.txt,2015/10/01 04:11:46,2015/10/01 04:11:59,12733.000000
planetlab2.arizona-gigapop.net,planetlab1.ucsd.edu,file512KB.txt,2015/10/01 04:11:59,2015/10/01 04:12:21,22347.000000
planetlab2.arizona-gigapop.net,planetlab1.ucsd.edu,file1MB.txt,2015/10/01 04:12:21,2015/10/01 04:12:58,36216.000000
planetlab2.citadel.edu,planetlab1.ucsd.edu,file32B.txt,2015/10/01 04:12:58,2015/10/01 04:13:04,6557.000000
planetlab2.citadel.edu,planetlab1.ucsd.edu,file1KB.txt,2015/10/01 04:13:04,2015/10/01 04:13:09,4483.000000
planetlab2.citadel.edu,planetlab1.ucsd.edu,file256KB.txt,2015/10/01 04:13:09,2015/10/01 04:13:52,43895.000000
planetlab2.citadel.edu,planetlab1.ucsd.edu,file512KB.txt,2015/10/01 04:13:52,2015/10/01 04:15:10,77245.000000
planetlab2.citadel.edu,planetlab1.ucsd.edu,file1MB.txt,2015/10/01 04:15:10,2015/10/01 04:17:43,153766.000000
planetlab2.cs.pitt.edu,planetlab1.ucsd.edu,file32B.txt,2015/10/01 04:17:48,2015/10/01 04:17:53,4435.000000
planetlab2.cs.pitt.edu,planetlab1.ucsd.edu,file1KB.txt,2015/10/01 04:17:53,2015/10/01 04:17:59,6062.000000
planetlab2.cs.pitt.edu,planetlab1.ucsd.edu,file256KB.txt,2015/10/01 04:17:59,2015/10/01 04:18:46,46976.000000
