planetlab1.unr.edu,planetlab2.ucsd.edu,file32B.txt,2015/09/30 20:58:49,2015/09/30 20:58:54,4829.000000
planetlab1.unr.edu,planetlab2.ucsd.edu,file1KB.txt,2015/09/30 20:58:54,2015/09/30 20:58:59,4815.000000
planetlab1.unr.edu,planetlab2.ucsd.edu,file256KB.txt,2015/09/30 20:58:59,2015/09/30 20:59:18,19789.000000
planetlab1.unr.edu,planetlab2.ucsd.edu,file512KB.txt,2015/09/30 20:59:18,2015/09/30 20:59:49,30680.000000
planetlab1.unr.edu,planetlab2.ucsd.edu,file1MB.txt,2015/09/30 20:59:49,2015/09/30 21:00:47,58382.000000
pl2.cs.unm.edu,planetlab2.ucsd.edu,file32B.txt,2015/09/30 21:00:47,2015/09/30 21:00:52,4744.000000
pl2.cs.unm.edu,planetlab2.ucsd.edu,file1KB.txt,2015/09/30 21:00:52,2015/09/30 21:00:57,4818.000000
pl2.cs.unm.edu,planetlab2.ucsd.edu,file256KB.txt,2015/09/30 21:00:57,2015/09/30 21:01:16,19527.000000
pl2.cs.unm.edu,planetlab2.ucsd.edu,file512KB.txt,2015/09/30 21:01:16,2015/09/30 21:01:47,30692.000000
pl2.cs.unm.edu,planetlab2.ucsd.edu,file1MB.txt,2015/09/30 21:01:47,2015/09/30 21:02:44,56769.000000
planetlab2.cnis.nyit.edu,planetlab2.ucsd.edu,file32B.txt,2015/09/30 21:02:44,2015/09/30 21:02:50,6385.000000
planetlab2.cnis.nyit.edu,planetlab2.ucsd.edu,file1KB.txt,2015/09/30 21:02:50,2015/09/30 21:02:55,4382.000000
planetlab2.cnis.nyit.edu,planetlab2.ucsd.edu,file256KB.txt,2015/09/30 21:02:55,2015/09/30 21:03:45,50346.000000
planetlab2.cnis.nyit.edu,planetlab2.ucsd.edu,file512KB.txt,2015/09/30 21:03:45,2015/09/30 21:05:21,95942.000000
planetlab2.cnis.nyit.edu,planetlab2.ucsd.edu,file1MB.txt,2015/09/30 21:05:21,2015/09/30 21:08:28,187567.000000
planetlab2.rutgers.edu,planetlab2.ucsd.edu,file32B.txt,2015/09/30 21:08:28,2015/09/30 21:08:34,5988.000000
planetlab2.rutgers.edu,planetlab2.ucsd.edu,file1KB.txt,2015/09/30 21:08:34,2015/09/30 21:08:39,4261.000000
planetlab2.rutgers.edu,planetlab2.ucsd.edu,file256KB.txt,2015/09/30 21:08:39,2015/09/30 21:11:44,185198.000000
planetlab2.rutgers.edu,planetlab2.ucsd.edu,file512KB.txt,2015/09/30 21:11:44,2015/09/30 21:32:50,-1266271.000000
planetlab2.rutgers.edu,planetlab2.ucsd.edu,file1MB.txt,2015/09/30 21:32:50,2015/09/30 22:47:49,204212.000000
planetlab2.ucsd.edu,planetlab2.ucsd.edu,file32B.txt,2015/09/30 22:47:54,2015/09/30 22:47:54,3.000000
planetlab2.ucsd.edu,planetlab2.ucsd.edu,file1KB.txt,2015/09/30 22:47:54,2015/09/30 22:47:54,2.000000
planetlab2.ucsd.edu,planetlab2.ucsd.edu,file256KB.txt,2015/09/30 22:47:54,2015/09/30 22:47:54,118.000000
planetlab2.ucsd.edu,planetlab2.ucsd.edu,file512KB.txt,2015/09/30 22:47:54,2015/09/30 22:47:54,198.000000
planetlab2.ucsd.edu,planetlab2.ucsd.edu,file1MB.txt,2015/09/30 22:47:54,2015/09/30 22:47:54,398.000000
planetlab3.cs.uoregon.edu,planetlab2.ucsd.edu,file32B.txt,2015/09/30 22:47:54,2015/09/30 22:48:00,6819.000000
planetlab3.cs.uoregon.edu,planetlab2.ucsd.edu,file1KB.txt,2015/09/30 22:48:00,2015/09/30 22:48:05,4803.000000
planetlab3.cs.uoregon.edu,planetlab2.ucsd.edu,file256KB.txt,2015/09/30 22:48:05,2015/09/30 22:48:24,18930.000000
planetlab3.cs.uoregon.edu,planetlab2.ucsd.edu,file512KB.txt,2015/09/30 22:48:24,2015/09/30 22:48:57,32895.000000
planetlab3.cs.uoregon.edu,planetlab2.ucsd.edu,file1MB.txt,2015/09/30 22:48:57,2015/09/30 22:49:58,61086.000000
planetlab-01.bu.edu,planetlab2.ucsd.edu,file32B.txt,2015/09/30 22:49:58,2015/09/30 22:50:04,6375.000000
planetlab-01.bu.edu,planetlab2.ucsd.edu,file1KB.txt,2015/09/30 22:50:04,2015/09/30 22:50:09,4367.000000
planetlab-01.bu.edu,planetlab2.ucsd.edu,file256KB.txt,2015/09/30 22:50:09,2015/09/30 22:51:00,51172.000000
planetlab-01.bu.edu,planetlab2.ucsd.edu,file512KB.txt,2015/09/30 22:51:00,2015/09/30 22:52:36,95565.000000
planetlab-01.bu.edu,planetlab2.ucsd.edu,file1MB.txt,2015/09/30 22:52:36,2015/09/30 22:55:44,188100.000000
planetlab4.cnds.jhu.edu,planetlab2.ucsd.edu,file32B.txt,2015/09/30 22:55:44,2015/09/30 22:55:50,6247.000000
planetlab4.cnds.jhu.edu,planetlab2.ucsd.edu,file1KB.txt,2015/09/30 22:55:50,2015/09/30 22:55:56,6086.000000
planetlab4.cnds.jhu.edu,planetlab2.ucsd.edu,file256KB.txt,2015/09/30 22:55:56,2015/09/30 22:56:41,44889.000000
planetlab4.cnds.jhu.edu,planetlab2.ucsd.edu,file512KB.txt,2015/09/30 22:56:41,2015/09/30 22:58:04,83178.000000
planetlab4.cnds.jhu.edu,planetlab2.ucsd.edu,file1MB.txt,2015/09/30 22:58:04,2015/09/30 23:00:47,163089.000000
planetlabtwo.ccs.neu.edu,planetlab2.ucsd.edu,file32B.txt,2015/09/30 23:00:47,2015/09/30 23:00:52,4399.000000
planetlabtwo.ccs.neu.edu,planetlab2.ucsd.edu,file1KB.txt,2015/09/30 23:00:52,2015/09/30 23:00:58,6406.000000
planetlabtwo.ccs.neu.edu,planetlab2.ucsd.edu,file256KB.txt,2015/09/30 23:00:58,2015/09/30 23:01:46,47833.000000
planetlabtwo.ccs.neu.edu,planetlab2.ucsd.edu,file512KB.txt,2015/09/30 23:01:46,2015/09/30 23:03:18,92702.000000
planetlabtwo.ccs.neu.edu,planetlab2.ucsd.edu,file1MB.txt,2015/09/30 23:03:18,2015/09/30 23:06:14,175912.000000
planetlab1.cs.purdue.edu,planetlab2.ucsd.edu,file32B.txt,2015/09/30 23:06:14,2015/09/30 23:06:19,4400.000000
planetlab1.cs.purdue.edu,planetlab2.ucsd.edu,file1KB.txt,2015/09/30 23:06:19,2015/09/30 23:06:25,6461.000000
planetlab1.cs.purdue.edu,planetlab2.ucsd.edu,file256KB.txt,2015/09/30 23:06:25,2015/09/30 23:07:14,48403.000000
planetlab1.cs.purdue.edu,planetlab2.ucsd.edu,file512KB.txt,2015/09/30 23:07:14,2015/09/30 23:08:40,86295.000000
planetlab1.cs.purdue.edu,planetlab2.ucsd.edu,file1MB.txt,2015/09/30 23:08:40,2015/09/30 23:11:31,171304.000000
planetlab2.tsuniv.edu,planetlab2.ucsd.edu,file32B.txt,2015/09/30 23:11:31,2015/09/30 23:11:36,4371.000000
planetlab2.tsuniv.edu,planetlab2.ucsd.edu,file1KB.txt,2015/09/30 23:11:36,2015/09/30 23:11:42,6377.000000
planetlab2.tsuniv.edu,planetlab2.ucsd.edu,file256KB.txt,2015/09/30 23:11:42,2015/09/30 23:12:32,49552.000000
planetlab2.tsuniv.edu,planetlab2.ucsd.edu,file512KB.txt,2015/09/30 23:12:32,2015/09/30 23:14:08,96132.000000
planetlab2.tsuniv.edu,planetlab2.ucsd.edu,file1MB.txt,2015/09/30 23:14:08,2015/09/30 23:17:14,186023.000000
planetlab1.tsuniv.edu,planetlab2.ucsd.edu,file32B.txt,2015/09/30 23:17:14,2015/09/30 23:17:20,6287.000000
planetlab1.tsuniv.edu,planetlab2.ucsd.edu,file1KB.txt,2015/09/30 23:17:20,2015/09/30 23:17:26,6378.000000
planetlab1.tsuniv.edu,planetlab2.ucsd.edu,file256KB.txt,2015/09/30 23:17:26,2015/09/30 23:18:16,49512.000000
planetlab1.tsuniv.edu,planetlab2.ucsd.edu,file512KB.txt,2015/09/30 23:18:16,2015/09/30 23:19:53,96751.000000
planetlab1.tsuniv.edu,planetlab2.ucsd.edu,file1MB.txt,2015/09/30 23:19:53,2015/09/30 23:22:59,186007.000000
planetlab3.ucsd.edu,planetlab2.ucsd.edu,file32B.txt,2015/09/30 23:22:59,2015/09/30 23:23:04,4988.000000
planetlab3.ucsd.edu,planetlab2.ucsd.edu,file1KB.txt,2015/09/30 23:23:04,2015/09/30 23:23:09,4988.000000
planetlab3.ucsd.edu,planetlab2.ucsd.edu,file256KB.txt,2015/09/30 23:23:09,2015/09/30 23:23:15,6481.000000
planetlab3.ucsd.edu,planetlab2.ucsd.edu,file512KB.txt,2015/09/30 23:23:15,2015/09/30 23:23:21,6070.000000
planetlab3.ucsd.edu,planetlab2.ucsd.edu,file1MB.txt,2015/09/30 23:23:21,2015/09/30 23:23:28,7140.000000
node2.planetlab.mathcs.emory.edu,planetlab2.ucsd.edu,file32B.txt,2015/09/30 23:23:33,2015/09/30 23:23:38,4501.000000
node2.planetlab.mathcs.emory.edu,planetlab2.ucsd.edu,file1KB.txt,2015/09/30 23:23:38,2015/09/30 23:23:44,6570.000000
node2.planetlab.mathcs.emory.edu,planetlab2.ucsd.edu,file256KB.txt,2015/09/30 23:23:44,2015/09/30 23:24:20,35325.000000
node2.planetlab.mathcs.emory.edu,planetlab2.ucsd.edu,file512KB.txt,2015/09/30 23:24:20,2015/09/30 23:25:29,69833.000000
node2.planetlab.mathcs.emory.edu,planetlab2.ucsd.edu,file1MB.txt,2015/09/30 23:25:29,2015/09/30 23:27:40,130927.000000
planetlab5.csee.usf.edu,planetlab2.ucsd.edu,file32B.txt,2015/09/30 23:27:40,2015/09/30 23:27:45,4507.000000
planetlab5.csee.usf.edu,planetlab2.ucsd.edu,file1KB.txt,2015/09/30 23:27:45,2015/09/30 23:27:51,6570.000000
planetlab5.csee.usf.edu,planetlab2.ucsd.edu,file256KB.txt,2015/09/30 23:27:51,2015/09/30 23:28:27,35732.000000
planetlab5.csee.usf.edu,planetlab2.ucsd.edu,file512KB.txt,2015/09/30 23:28:27,2015/09/30 23:29:34,66773.000000
planetlab5.csee.usf.edu,planetlab2.ucsd.edu,file1MB.txt,2015/09/30 23:29:34,2015/09/30 23:31:43,128700.000000
planetlab1.emich.edu,planetlab2.ucsd.edu,file32B.txt,2015/09/30 23:31:43,2015/09/30 23:31:49,6441.000000
planetlab1.emich.edu,planetlab2.ucsd.edu,file1KB.txt,2015/09/30 23:31:49,2015/09/30 23:31:55,6452.000000
planetlab1.emich.edu,planetlab2.ucsd.edu,file256KB.txt,2015/09/30 23:31:55,2015/09/30 23:32:40,44957.000000
planetlab1.emich.edu,planetlab2.ucsd.edu,file512KB.txt,2015/09/30 23:32:40,2015/09/30 23:34:04,83365.000000
planetlab1.emich.edu,planetlab2.ucsd.edu,file1MB.txt,2015/09/30 23:34:04,2015/09/30 23:36:48,163699.000000
ebb.colgate.edu,planetlab2.ucsd.edu,file32B.txt,2015/09/30 23:36:54,2015/09/30 23:36:59,4471.000000
ebb.colgate.edu,planetlab2.ucsd.edu,file1KB.txt,2015/09/30 23:36:59,2015/09/30 23:37:05,6110.000000
ebb.colgate.edu,planetlab2.ucsd.edu,file256KB.txt,2015/09/30 23:37:05,2015/09/30 23:37:55,50512.000000
ebb.colgate.edu,planetlab2.ucsd.edu,file512KB.txt,2015/09/30 23:37:55,2015/09/30 23:39:30,94161.000000
ebb.colgate.edu,planetlab2.ucsd.edu,file1MB.txt,2015/09/30 23:39:30,2015/09/30 23:42:48,198518.000000
kc-sce-plab2.umkc.edu,planetlab2.ucsd.edu,file32B.txt,2015/09/30 23:42:48,2015/09/30 23:43:02,14122.000000
kc-sce-plab2.umkc.edu,planetlab2.ucsd.edu,file1KB.txt,2015/09/30 23:43:02,2015/09/30 23:43:15,13243.000000
kc-sce-plab2.umkc.edu,planetlab2.ucsd.edu,file256KB.txt,2015/09/30 23:43:15,2015/09/30 23:59:19,-963315.000000
kc-sce-plab2.umkc.edu,planetlab2.ucsd.edu,file512KB.txt,2015/09/30 23:59:19,2015/10/01 00:10:11,651792.000000
kc-sce-plab2.umkc.edu,planetlab2.ucsd.edu,file1MB.txt,2015/10/01 00:10:11,2015/10/01 00:15:31,320136.000000
node1.planetlab.mathcs.emory.edu,planetlab2.ucsd.edu,file32B.txt,2015/10/01 00:15:31,2015/10/01 00:15:37,6565.000000
node1.planetlab.mathcs.emory.edu,planetlab2.ucsd.edu,file1KB.txt,2015/10/01 00:15:37,2015/10/01 00:15:42,4567.000000
node1.planetlab.mathcs.emory.edu,planetlab2.ucsd.edu,file256KB.txt,2015/10/01 00:15:42,2015/10/01 00:16:19,37333.000000
node1.planetlab.mathcs.emory.edu,planetlab2.ucsd.edu,file512KB.txt,2015/10/01 00:16:19,2015/10/01 00:17:33,73848.000000
node1.planetlab.mathcs.emory.edu,planetlab2.ucsd.edu,file1MB.txt,2015/10/01 00:17:33,2015/10/01 00:19:43,129627.000000
pl1.cs.montana.edu,planetlab2.ucsd.edu,file32B.txt,2015/10/01 00:19:43,2015/10/01 00:19:49,6504.000000
pl1.cs.montana.edu,planetlab2.ucsd.edu,file1KB.txt,2015/10/01 00:19:49,2015/10/01 00:19:54,4505.000000
pl1.cs.montana.edu,planetlab2.ucsd.edu,file256KB.txt,2015/10/01 00:19:54,2015/10/01 00:20:36,42776.000000
pl1.cs.montana.edu,planetlab2.ucsd.edu,file512KB.txt,2015/10/01 00:20:36,2015/10/01 00:21:53,76996.000000
pl1.cs.montana.edu,planetlab2.ucsd.edu,file1MB.txt,2015/10/01 00:21:53,2015/10/01 00:24:21,147321.000000
plab3.eece.ksu.edu,planetlab2.ucsd.edu,file32B.txt,2015/10/01 00:24:47,2015/10/01 00:24:53,6612.000000
plab3.eece.ksu.edu,planetlab2.ucsd.edu,file1KB.txt,2015/10/01 00:24:53,2015/10/01 00:24:58,4618.000000
plab3.eece.ksu.edu,planetlab2.ucsd.edu,file256KB.txt,2015/10/01 00:24:58,2015/10/01 00:25:31,33071.000000
plab3.eece.ksu.edu,planetlab2.ucsd.edu,file512KB.txt,2015/10/01 00:25:31,2015/10/01 00:26:31,59557.000000
plab3.eece.ksu.edu,planetlab2.ucsd.edu,file1MB.txt,2015/10/01 00:26:31,2015/10/01 00:28:27,116396.000000
planet3.cc.gt.atl.ga.us,planetlab2.ucsd.edu,file32B.txt,2015/10/01 00:28:27,2015/10/01 00:28:32,4564.000000
planet3.cc.gt.atl.ga.us,planetlab2.ucsd.edu,file1KB.txt,2015/10/01 00:28:32,2015/10/01 00:28:38,6561.000000
planet3.cc.gt.atl.ga.us,planetlab2.ucsd.edu,file256KB.txt,2015/10/01 00:28:38,2015/10/01 00:29:14,35569.000000
planet3.cc.gt.atl.ga.us,planetlab2.ucsd.edu,file512KB.txt,2015/10/01 00:29:14,2015/10/01 00:30:22,68132.000000
planet3.cc.gt.atl.ga.us,planetlab2.ucsd.edu,file1MB.txt,2015/10/01 00:30:22,2015/10/01 00:32:33,131177.000000
planetlab-02.bu.edu,planetlab2.ucsd.edu,file32B.txt,2015/10/01 00:32:38,2015/10/01 00:32:44,6366.000000
planetlab-02.bu.edu,planetlab2.ucsd.edu,file1KB.txt,2015/10/01 00:32:44,2015/10/01 00:32:49,4368.000000
planetlab-02.bu.edu,planetlab2.ucsd.edu,file256KB.txt,2015/10/01 00:32:49,2015/10/01 00:33:40,50912.000000
planetlab-02.bu.edu,planetlab2.ucsd.edu,file512KB.txt,2015/10/01 00:33:40,2015/10/01 00:35:19,99473.000000
planetlab-02.bu.edu,planetlab2.ucsd.edu,file1MB.txt,2015/10/01 00:35:19,2015/10/01 00:38:28,188771.000000
planetlab1.clemson.edu,planetlab2.ucsd.edu,file32B.txt,2015/10/01 00:38:59,2015/10/01 00:39:05,6609.000000
planetlab1.clemson.edu,planetlab2.ucsd.edu,file1KB.txt,2015/10/01 00:39:05,2015/10/01 00:39:10,4552.000000
planetlab1.clemson.edu,planetlab2.ucsd.edu,file256KB.txt,2015/10/01 00:39:10,2015/10/01 00:39:48,38385.000000
planetlab1.clemson.edu,planetlab2.ucsd.edu,file512KB.txt,2015/10/01 00:39:48,2015/10/01 00:40:58,69988.000000
planetlab1.clemson.edu,planetlab2.ucsd.edu,file1MB.txt,2015/10/01 00:40:58,2015/10/01 00:43:13,135411.000000
planetlab1.cs.du.edu,planetlab2.ucsd.edu,file32B.txt,2015/10/01 00:43:23,2015/10/01 00:43:28,4663.000000
planetlab1.cs.du.edu,planetlab2.ucsd.edu,file1KB.txt,2015/10/01 00:43:28,2015/10/01 00:43:34,6618.000000
planetlab1.cs.du.edu,planetlab2.ucsd.edu,file256KB.txt,2015/10/01 00:43:34,2015/10/01 00:44:07,33292.000000
planetlab1.cs.du.edu,planetlab2.ucsd.edu,file512KB.txt,2015/10/01 00:44:07,2015/10/01 00:45:07,59742.000000
planetlab1.cs.du.edu,planetlab2.ucsd.edu,file1MB.txt,2015/10/01 00:45:07,2015/10/01 00:47:04,117247.000000
planetlab-1.cse.ohio-state.edu,planetlab2.ucsd.edu,file32B.txt,2015/10/01 00:47:09,2015/10/01 00:47:16,6187.000000
planetlab-1.cse.ohio-state.edu,planetlab2.ucsd.edu,file1KB.txt,2015/10/01 00:47:16,2015/10/01 00:47:27,11258.000000
planetlab-1.cse.ohio-state.edu,planetlab2.ucsd.edu,file256KB.txt,2015/10/01 00:47:27,2015/10/01 00:54:12,404745.000000
planetlab-1.cse.ohio-state.edu,planetlab2.ucsd.edu,file512KB.txt,2015/10/01 00:54:12,2015/10/01 01:10:40,-988580.000000
planetlab-1.cse.ohio-state.edu,planetlab2.ucsd.edu,file1MB.txt,2015/10/01 01:10:40,2015/10/01 01:38:54,1694115.000000
planetlab1.cs.okstate.edu,planetlab2.ucsd.edu,file32B.txt,2015/10/01 01:38:54,2015/10/01 01:38:59,4626.000000
planetlab1.cs.okstate.edu,planetlab2.ucsd.edu,file1KB.txt,2015/10/01 01:38:59,2015/10/01 01:39:05,6627.000000
planetlab1.cs.okstate.edu,planetlab2.ucsd.edu,file256KB.txt,2015/10/01 01:39:05,2015/10/01 01:39:48,42637.000000
planetlab1.cs.okstate.edu,planetlab2.ucsd.edu,file512KB.txt,2015/10/01 01:39:48,2015/10/01 01:40:48,59955.000000
planetlab1.cs.okstate.edu,planetlab2.ucsd.edu,file1MB.txt,2015/10/01 01:40:48,2015/10/01 01:42:44,115899.000000
planetlab1.cs.ucla.edu,planetlab2.ucsd.edu,file32B.txt,2015/10/01 01:42:44,2015/10/01 01:42:49,4944.000000
planetlab1.cs.ucla.edu,planetlab2.ucsd.edu,file1KB.txt,2015/10/01 01:42:49,2015/10/01 01:42:54,4950.000000
planetlab1.cs.ucla.edu,planetlab2.ucsd.edu,file256KB.txt,2015/10/01 01:42:54,2015/10/01 01:43:02,8360.000000
planetlab1.cs.ucla.edu,planetlab2.ucsd.edu,file512KB.txt,2015/10/01 01:43:02,2015/10/01 01:43:12,10249.000000
planetlab1.cs.ucla.edu,planetlab2.ucsd.edu,file1MB.txt,2015/10/01 01:43:12,2015/10/01 01:43:24,11947.000000
planetlab1.csuohio.edu,planetlab2.ucsd.edu,file32B.txt,2015/10/01 01:43:24,2015/10/01 01:43:29,4261.000000
planetlab1.csuohio.edu,planetlab2.ucsd.edu,file1KB.txt,2015/10/01 01:43:29,2015/10/01 01:43:35,5965.000000
planetlab1.csuohio.edu,planetlab2.ucsd.edu,file256KB.txt,2015/10/01 01:43:35,2015/10/01 01:44:24,49150.000000
planetlab1.csuohio.edu,planetlab2.ucsd.edu,file512KB.txt,2015/10/01 01:44:24,2015/10/01 01:46:03,99207.000000
planetlab1.csuohio.edu,planetlab2.ucsd.edu,file1MB.txt,2015/10/01 01:46:03,2015/10/01 01:48:54,170623.000000
planetlab1.emich.edu,planetlab2.ucsd.edu,file32B.txt,2015/10/01 01:48:54,2015/10/01 01:49:00,6530.000000
planetlab1.emich.edu,planetlab2.ucsd.edu,file1KB.txt,2015/10/01 01:49:00,2015/10/01 01:49:05,4453.000000
planetlab1.emich.edu,planetlab2.ucsd.edu,file256KB.txt,2015/10/01 01:49:05,2015/10/01 01:49:50,44980.000000
planetlab1.emich.edu,planetlab2.ucsd.edu,file512KB.txt,2015/10/01 01:49:50,2015/10/01 01:51:15,85196.000000
planetlab1.emich.edu,planetlab2.ucsd.edu,file1MB.txt,2015/10/01 01:51:15,2015/10/01 01:54:00,165731.000000
planetlab1.ucsd.edu,planetlab2.ucsd.edu,file32B.txt,2015/10/01 01:54:26,2015/10/01 01:54:31,4989.000000
planetlab1.ucsd.edu,planetlab2.ucsd.edu,file1KB.txt,2015/10/01 01:54:31,2015/10/01 01:54:36,4989.000000
planetlab1.ucsd.edu,planetlab2.ucsd.edu,file256KB.txt,2015/10/01 01:54:36,2015/10/01 01:54:41,4652.000000
planetlab1.ucsd.edu,planetlab2.ucsd.edu,file512KB.txt,2015/10/01 01:54:41,2015/10/01 01:54:47,6318.000000
planetlab1.ucsd.edu,planetlab2.ucsd.edu,file1MB.txt,2015/10/01 01:54:47,2015/10/01 01:54:53,5638.000000
planetlab2.acis.ufl.edu,planetlab2.ucsd.edu,file32B.txt,2015/10/01 01:54:53,2015/10/01 01:54:59,6573.000000
planetlab2.acis.ufl.edu,planetlab2.ucsd.edu,file1KB.txt,2015/10/01 01:54:59,2015/10/01 01:55:04,4567.000000
planetlab2.acis.ufl.edu,planetlab2.ucsd.edu,file256KB.txt,2015/10/01 01:55:04,2015/10/01 01:55:42,38192.000000
planetlab2.acis.ufl.edu,planetlab2.ucsd.edu,file512KB.txt,2015/10/01 01:55:42,2015/10/01 01:56:49,67068.000000
planetlab2.acis.ufl.edu,planetlab2.ucsd.edu,file1MB.txt,2015/10/01 01:56:49,2015/10/01 01:58:57,127312.000000
planetlab2.arizona-gigapop.net,planetlab2.ucsd.edu,file32B.txt,2015/10/01 01:58:57,2015/10/01 01:59:03,6801.000000
planetlab2.arizona-gigapop.net,planetlab2.ucsd.edu,file1KB.txt,2015/10/01 01:59:03,2015/10/01 01:59:08,4623.000000
planetlab2.arizona-gigapop.net,planetlab2.ucsd.edu,file256KB.txt,2015/10/01 01:59:08,2015/10/01 01:59:26,18173.000000
planetlab2.arizona-gigapop.net,planetlab2.ucsd.edu,file512KB.txt,2015/10/01 01:59:26,2015/10/01 01:59:46,19332.000000
planetlab2.arizona-gigapop.net,planetlab2.ucsd.edu,file1MB.txt,2015/10/01 01:59:46,2015/10/01 02:00:23,37368.000000
planetlab2.citadel.edu,planetlab2.ucsd.edu,file32B.txt,2015/10/01 02:00:23,2015/10/01 02:00:29,6170.000000
planetlab2.citadel.edu,planetlab2.ucsd.edu,file1KB.txt,2015/10/01 02:00:29,2015/10/01 02:00:35,6076.000000
planetlab2.citadel.edu,planetlab2.ucsd.edu,file256KB.txt,2015/10/01 02:00:35,2015/10/01 02:01:52,77276.000000
planetlab2.citadel.edu,planetlab2.ucsd.edu,file512KB.txt,2015/10/01 02:01:52,2015/10/01 02:03:51,118260.000000
planetlab2.citadel.edu,planetlab2.ucsd.edu,file1MB.txt,2015/10/01 02:03:51,2015/10/01 02:08:17,-266021.000000
planetlab2.cs.pitt.edu,planetlab2.ucsd.edu,file32B.txt,2015/10/01 02:08:22,2015/10/01 02:08:28,6511.000000
planetlab2.cs.pitt.edu,planetlab2.ucsd.edu,file1KB.txt,2015/10/01 02:08:28,2015/10/01 02:08:33,4429.000000
planetlab2.cs.pitt.edu,planetlab2.ucsd.edu,file256KB.txt,2015/10/01 02:08:33,2015/10/01 02:09:21,48163.000000
planetlab2.cs.pitt.edu,planetlab2.ucsd.edu,file512KB.txt,2015/10/01 02:09:21,2015/10/01 02:10:51,90698.000000
planetlab2.cs.pitt.edu,planetlab2.ucsd.edu,file1MB.txt,2015/10/01 02:10:51,2015/10/01 02:13:43,171177.000000
planetlab2.cs.purdue.edu,planetlab2.ucsd.edu,file32B.txt,2015/10/01 02:13:43,2015/10/01 02:13:49,6481.000000
planetlab2.cs.purdue.edu,planetlab2.ucsd.edu,file1KB.txt,2015/10/01 02:13:49,2015/10/01 02:13:55,6380.000000
planetlab2.cs.purdue.edu,planetlab2.ucsd.edu,file256KB.txt,2015/10/01 02:13:55,2015/10/01 02:14:43,47786.000000
planetlab2.cs.purdue.edu,planetlab2.ucsd.edu,file512KB.txt,2015/10/01 02:14:43,2015/10/01 02:16:14,91031.000000
planetlab2.cs.purdue.edu,planetlab2.ucsd.edu,file1MB.txt,2015/10/01 02:16:14,2015/10/01 02:19:08,173429.000000
planetlab2.cs.uml.edu,planetlab2.ucsd.edu,file32B.txt,2015/10/01 02:20:00,2015/10/01 02:20:06,6448.000000
planetlab2.cs.uml.edu,planetlab2.ucsd.edu,file1KB.txt,2015/10/01 02:20:06,2015/10/01 02:20:12,6362.000000
planetlab2.cs.uml.edu,planetlab2.ucsd.edu,file256KB.txt,2015/10/01 02:20:12,2015/10/01 02:21:10,57566.000000
planetlab2.cs.uml.edu,planetlab2.ucsd.edu,file512KB.txt,2015/10/01 02:21:10,2015/10/01 02:22:48,97564.000000
planetlab2.cs.uml.edu,planetlab2.ucsd.edu,file1MB.txt,2015/10/01 02:22:48,2015/10/01 02:25:59,191694.000000
planetlab2.cs.unc.edu,planetlab2.ucsd.edu,file32B.txt,2015/10/01 02:25:59,2015/10/01 02:26:04,4440.000000
planetlab2.cs.unc.edu,planetlab2.ucsd.edu,file1KB.txt,2015/10/01 02:26:04,2015/10/01 02:26:10,6443.000000
planetlab2.cs.unc.edu,planetlab2.ucsd.edu,file256KB.txt,2015/10/01 02:26:10,2015/10/01 02:26:57,46376.000000
planetlab2.cs.unc.edu,planetlab2.ucsd.edu,file512KB.txt,2015/10/01 02:26:57,2015/10/01 02:28:26,89656.000000
planetlab2.cs.unc.edu,planetlab2.ucsd.edu,file1MB.txt,2015/10/01 02:28:26,2015/10/01 02:31:20,173935.000000
planetlab2.cs.uoregon.edu,planetlab2.ucsd.edu,file32B.txt,2015/10/01 02:31:20,2015/10/01 02:31:25,4831.000000
planetlab2.cs.uoregon.edu,planetlab2.ucsd.edu,file1KB.txt,2015/10/01 02:31:25,2015/10/01 02:31:30,4806.000000
planetlab2.cs.uoregon.edu,planetlab2.ucsd.edu,file256KB.txt,2015/10/01 02:31:30,2015/10/01 02:31:49,19089.000000
planetlab2.cs.uoregon.edu,planetlab2.ucsd.edu,file512KB.txt,2015/10/01 02:31:49,2015/10/01 02:32:22,33329.000000
planetlab2.cs.uoregon.edu,planetlab2.ucsd.edu,file1MB.txt,2015/10/01 02:32:22,2015/10/01 02:33:26,64222.000000
planetlab2.temple.edu,planetlab2.ucsd.edu,file32B.txt,2015/10/01 02:33:26,2015/10/01 02:33:31,4477.000000
planetlab2.temple.edu,planetlab2.ucsd.edu,file1KB.txt,2015/10/01 02:33:31,2015/10/01 02:33:37,6433.000000
planetlab2.temple.edu,planetlab2.ucsd.edu,file256KB.txt,2015/10/01 02:33:37,2015/10/01 02:34:38,60915.000000
planetlab2.temple.edu,planetlab2.ucsd.edu,file512KB.txt,2015/10/01 02:34:38,2015/10/01 02:36:33,115047.000000
planetlab2.temple.edu,planetlab2.ucsd.edu,file1MB.txt,2015/10/01 02:36:33,2015/10/01 02:39:45,191995.000000
planetlab2.unl.edu,planetlab2.ucsd.edu,file32B.txt,2015/10/01 02:39:45,2015/10/01 02:39:50,4662.000000
planetlab2.unl.edu,planetlab2.ucsd.edu,file1KB.txt,2015/10/01 02:39:50,2015/10/01 02:39:55,4607.000000
planetlab2.unl.edu,planetlab2.ucsd.edu,file256KB.txt,2015/10/01 02:39:55,2015/10/01 02:40:43,48791.000000
planetlab2.unl.edu,planetlab2.ucsd.edu,file512KB.txt,2015/10/01 02:40:43,2015/10/01 02:41:45,62026.000000
planetlab2.unl.edu,planetlab2.ucsd.edu,file1MB.txt,2015/10/01 02:41:45,2015/10/01 02:43:43,117184.000000
planetlab2.unr.edu,planetlab2.ucsd.edu,file32B.txt,2015/10/01 02:43:43,2015/10/01 02:43:49,6841.000000
planetlab2.unr.edu,planetlab2.ucsd.edu,file1KB.txt,2015/10/01 02:43:49,2015/10/01 02:43:54,4815.000000
planetlab2.unr.edu,planetlab2.ucsd.edu,file256KB.txt,2015/10/01 02:43:54,2015/10/01 02:44:12,17781.000000
planetlab2.unr.edu,planetlab2.ucsd.edu,file512KB.txt,2015/10/01 02:44:12,2015/10/01 02:44:49,36863.000000
planetlab2.unr.edu,planetlab2.ucsd.edu,file1MB.txt,2015/10/01 02:44:49,2015/10/01 02:45:47,58284.000000
planetlab2.uta.edu,planetlab2.ucsd.edu,file32B.txt,2015/10/01 02:45:47,2015/10/01 02:45:52,4743.000000
planetlab2.uta.edu,planetlab2.ucsd.edu,file1KB.txt,2015/10/01 02:45:52,2015/10/01 02:45:57,4702.000000
planetlab2.uta.edu,planetlab2.ucsd.edu,file256KB.txt,2015/10/01 02:45:57,2015/10/01 02:46:24,27412.000000
planetlab2.uta.edu,planetlab2.ucsd.edu,file512KB.txt,2015/10/01 02:46:24,2015/10/01 02:47:12,48113.000000
planetlab2.uta.edu,planetlab2.ucsd.edu,file1MB.txt,2015/10/01 02:47:12,2015/10/01 02:48:42,89457.000000
planetlab2.utdallas.edu,planetlab2.ucsd.edu,file32B.txt,2015/10/01 02:48:42,2015/10/01 02:48:48,6742.000000
planetlab2.utdallas.edu,planetlab2.ucsd.edu,file1KB.txt,2015/10/01 02:48:48,2015/10/01 02:48:53,4729.000000
planetlab2.utdallas.edu,planetlab2.ucsd.edu,file256KB.txt,2015/10/01 02:48:53,2015/10/01 02:49:20,27257.000000
planetlab2.utdallas.edu,planetlab2.ucsd.edu,file512KB.txt,2015/10/01 02:49:20,2015/10/01 02:50:08,47728.000000
planetlab2.utdallas.edu,planetlab2.ucsd.edu,file1MB.txt,2015/10/01 02:50:08,2015/10/01 02:51:40,92047.000000
planetlab3.eecs.umich.edu,planetlab2.ucsd.edu,file32B.txt,2015/10/01 02:51:40,2015/10/01 02:51:45,4578.000000
planetlab3.eecs.umich.edu,planetlab2.ucsd.edu,file1KB.txt,2015/10/01 02:51:45,2015/10/01 02:51:51,6524.000000
planetlab3.eecs.umich.edu,planetlab2.ucsd.edu,file256KB.txt,2015/10/01 02:51:51,2015/10/01 02:52:31,40302.000000
planetlab3.eecs.umich.edu,planetlab2.ucsd.edu,file512KB.txt,2015/10/01 02:52:31,2015/10/01 02:53:45,74003.000000
planetlab3.eecs.umich.edu,planetlab2.ucsd.edu,file1MB.txt,2015/10/01 02:53:45,2015/10/01 02:56:09,143810.000000
planetlab3.rutgers.edu,planetlab2.ucsd.edu,file32B.txt,2015/10/01 02:56:09,2015/10/01 02:56:14,4525.000000
planetlab3.rutgers.edu,planetlab2.ucsd.edu,file1KB.txt,2015/10/01 02:56:14,2015/10/01 02:56:20,6446.000000
planetlab3.rutgers.edu,planetlab2.ucsd.edu,file256KB.txt,2015/10/01 02:56:20,2015/10/01 02:57:05,44271.000000
planetlab3.rutgers.edu,planetlab2.ucsd.edu,file512KB.txt,2015/10/01 02:57:05,2015/10/01 02:58:43,98605.000000
planetlab3.rutgers.edu,planetlab2.ucsd.edu,file1MB.txt,2015/10/01 02:58:43,2015/10/01 03:01:35,171582.000000
planetlab3.wail.wisc.edu,planetlab2.ucsd.edu,file32B.txt,2015/10/01 03:01:35,2015/10/01 03:01:41,6518.000000
planetlab3.wail.wisc.edu,planetlab2.ucsd.edu,file1KB.txt,2015/10/01 03:01:41,2015/10/01 03:01:46,4440.000000
planetlab3.wail.wisc.edu,planetlab2.ucsd.edu,file256KB.txt,2015/10/01 03:01:46,2015/10/01 03:02:32,45972.000000
planetlab3.wail.wisc.edu,planetlab2.ucsd.edu,file512KB.txt,2015/10/01 03:02:32,2015/10/01 03:04:01,89774.000000
planetlab3.wail.wisc.edu,planetlab2.ucsd.edu,file1MB.txt,2015/10/01 03:04:01,2015/10/01 03:06:48,166074.000000
planetlab4.tamu.edu,planetlab2.ucsd.edu,file32B.txt,2015/10/01 03:06:49,2015/10/01 03:06:54,4682.000000
planetlab4.tamu.edu,planetlab2.ucsd.edu,file1KB.txt,2015/10/01 03:06:54,2015/10/01 03:06:59,4702.000000
planetlab4.tamu.edu,planetlab2.ucsd.edu,file256KB.txt,2015/10/01 03:06:59,2015/10/01 03:07:26,27565.000000
planetlab4.tamu.edu,planetlab2.ucsd.edu,file512KB.txt,2015/10/01 03:07:26,2015/10/01 03:08:13,46358.000000
planetlab4.tamu.edu,planetlab2.ucsd.edu,file1MB.txt,2015/10/01 03:08:13,2015/10/01 03:09:43,89916.000000
planetlab-5.eecs.cwru.edu,planetlab2.ucsd.edu,file32B.txt,2015/10/01 03:09:43,2015/10/01 03:09:49,6513.000000
planetlab-5.eecs.cwru.edu,planetlab2.ucsd.edu,file1KB.txt,2015/10/01 03:09:49,2015/10/01 03:09:54,4434.000000
planetlab-5.eecs.cwru.edu,planetlab2.ucsd.edu,file256KB.txt,2015/10/01 03:09:54,2015/10/01 03:10:40,46586.000000
planetlab-5.eecs.cwru.edu,planetlab2.ucsd.edu,file512KB.txt,2015/10/01 03:10:40,2015/10/01 03:12:05,84834.000000
planetlab-5.eecs.cwru.edu,planetlab2.ucsd.edu,file1MB.txt,2015/10/01 03:12:05,2015/10/01 03:14:57,172461.000000
planetlabone.ccs.neu.edu,planetlab2.ucsd.edu,file32B.txt,2015/10/01 03:14:57,2015/10/01 03:15:02,4468.000000
planetlabone.ccs.neu.edu,planetlab2.ucsd.edu,file1KB.txt,2015/10/01 03:15:02,2015/10/01 03:15:08,6371.000000
planetlabone.ccs.neu.edu,planetlab2.ucsd.edu,file256KB.txt,2015/10/01 03:15:08,2015/10/01 03:16:35,86788.000000
planetlabone.ccs.neu.edu,planetlab2.ucsd.edu,file512KB.txt,2015/10/01 03:16:35,2015/10/01 03:21:07,-272188.000000
planetlabone.ccs.neu.edu,planetlab2.ucsd.edu,file1MB.txt,2015/10/01 03:21:07,2015/10/01 03:25:20,252719.000000
pl-node-0.csl.sri.com,planetlab2.ucsd.edu,file32B.txt,2015/10/01 03:25:20,2015/10/01 03:25:25,4903.000000
pl-node-0.csl.sri.com,planetlab2.ucsd.edu,file1KB.txt,2015/10/01 03:25:25,2015/10/01 03:25:30,4892.000000
pl-node-0.csl.sri.com,planetlab2.ucsd.edu,file256KB.txt,2015/10/01 03:25:30,2015/10/01 03:25:44,14485.000000
pl-node-0.csl.sri.com,planetlab2.ucsd.edu,file512KB.txt,2015/10/01 03:25:44,2015/10/01 03:26:06,21695.000000
pl-node-0.csl.sri.com,planetlab2.ucsd.edu,file1MB.txt,2015/10/01 03:26:06,2015/10/01 03:26:46,40357.000000
ricepl-5.cs.rice.edu,planetlab2.ucsd.edu,file32B.txt,2015/10/01 03:26:51,2015/10/01 03:26:56,4772.000000
ricepl-5.cs.rice.edu,planetlab2.ucsd.edu,file1KB.txt,2015/10/01 03:26:56,2015/10/01 03:27:01,4734.000000
ricepl-5.cs.rice.edu,planetlab2.ucsd.edu,file256KB.txt,2015/10/01 03:27:01,2015/10/01 03:27:30,29204.000000
ricepl-5.cs.rice.edu,planetlab2.ucsd.edu,file512KB.txt,2015/10/01 03:27:30,2015/10/01 03:28:13,43251.000000
ricepl-5.cs.rice.edu,planetlab2.ucsd.edu,file1MB.txt,2015/10/01 03:28:13,2015/10/01 03:29:33,79710.000000
salt.planetlab.cs.umd.edu,planetlab2.ucsd.edu,file32B.txt,2015/10/01 03:29:33,2015/10/01 03:29:39,6543.000000
salt.planetlab.cs.umd.edu,planetlab2.ucsd.edu,file1KB.txt,2015/10/01 03:29:39,2015/10/01 03:29:44,4470.000000
salt.planetlab.cs.umd.edu,planetlab2.ucsd.edu,file256KB.txt,2015/10/01 03:29:44,2015/10/01 03:30:28,44369.000000
salt.planetlab.cs.umd.edu,planetlab2.ucsd.edu,file512KB.txt,2015/10/01 03:30:28,2015/10/01 03:31:50,82181.000000
salt.planetlab.cs.umd.edu,planetlab2.ucsd.edu,file1MB.txt,2015/10/01 03:31:50,2015/10/01 03:34:28,157908.000000
pl1.eecs.utk.edu,planetlab2.ucsd.edu,file32B.txt,2015/10/01 03:34:33,2015/10/01 03:34:38,4469.000000
pl1.eecs.utk.edu,planetlab2.ucsd.edu,file1KB.txt,2015/10/01 03:34:38,2015/10/01 03:34:44,6410.000000
pl1.eecs.utk.edu,planetlab2.ucsd.edu,file256KB.txt,2015/10/01 03:34:44,2015/10/01 03:35:34,50084.000000
pl1.eecs.utk.edu,planetlab2.ucsd.edu,file512KB.txt,2015/10/01 03:35:34,2015/10/01 03:37:17,102593.000000
pl1.eecs.utk.edu,planetlab2.ucsd.edu,file1MB.txt,2015/10/01 03:37:17,2015/10/01 03:40:22,184860.000000
planetlab-01.vt.nodes.planet-lab.org,planetlab2.ucsd.edu,file32B.txt,2015/10/01 03:40:22,2015/10/01 03:40:28,6528.000000
planetlab-01.vt.nodes.planet-lab.org,planetlab2.ucsd.edu,file1KB.txt,2015/10/01 03:40:28,2015/10/01 03:40:33,4451.000000
planetlab-01.vt.nodes.planet-lab.org,planetlab2.ucsd.edu,file256KB.txt,2015/10/01 03:40:33,2015/10/01 03:41:19,46411.000000
planetlab-01.vt.nodes.planet-lab.org,planetlab2.ucsd.edu,file512KB.txt,2015/10/01 03:41:19,2015/10/01 03:42:45,86147.000000
planetlab-01.vt.nodes.planet-lab.org,planetlab2.ucsd.edu,file1MB.txt,2015/10/01 03:42:45,2015/10/01 03:45:28,162439.000000
planetlab-04.vt.nodes.planet-lab.org,planetlab2.ucsd.edu,file32B.txt,2015/10/01 03:45:28,2015/10/01 03:45:34,6530.000000
planetlab-04.vt.nodes.planet-lab.org,planetlab2.ucsd.edu,file1KB.txt,2015/10/01 03:45:34,2015/10/01 03:45:39,4456.000000
planetlab-04.vt.nodes.planet-lab.org,planetlab2.ucsd.edu,file256KB.txt,2015/10/01 03:45:39,2015/10/01 03:46:25,46242.000000
planetlab-04.vt.nodes.planet-lab.org,planetlab2.ucsd.edu,file512KB.txt,2015/10/01 03:46:25,2015/10/01 03:47:51,86541.000000
planetlab-04.vt.nodes.planet-lab.org,planetlab2.ucsd.edu,file1MB.txt,2015/10/01 03:47:51,2015/10/01 03:50:35,163048.000000
planetlab-4.eecs.cwru.edu,planetlab2.ucsd.edu,file32B.txt,2015/10/01 03:50:35,2015/10/01 03:50:41,6527.000000
planetlab-4.eecs.cwru.edu,planetlab2.ucsd.edu,file1KB.txt,2015/10/01 03:50:41,2015/10/01 03:50:47,6442.000000
planetlab-4.eecs.cwru.edu,planetlab2.ucsd.edu,file256KB.txt,2015/10/01 03:50:47,2015/10/01 03:51:32,44703.000000
planetlab-4.eecs.cwru.edu,planetlab2.ucsd.edu,file512KB.txt,2015/10/01 03:51:32,2015/10/01 03:52:57,84743.000000
planetlab-4.eecs.cwru.edu,planetlab2.ucsd.edu,file1MB.txt,2015/10/01 03:52:57,2015/10/01 03:55:42,164777.000000
planetlab01.cs.washington.edu,planetlab2.ucsd.edu,file32B.txt,2015/10/01 03:55:42,2015/10/01 03:55:47,4824.000000
planetlab01.cs.washington.edu,planetlab2.ucsd.edu,file1KB.txt,2015/10/01 03:55:47,2015/10/01 03:55:53,6795.000000
planetlab01.cs.washington.edu,planetlab2.ucsd.edu,file256KB.txt,2015/10/01 03:55:53,2015/10/01 03:56:12,18333.000000
planetlab01.cs.washington.edu,planetlab2.ucsd.edu,file512KB.txt,2015/10/01 03:56:12,2015/10/01 03:56:47,35761.000000
planetlab01.cs.washington.edu,planetlab2.ucsd.edu,file1MB.txt,2015/10/01 03:56:47,2015/10/01 03:57:50,62789.000000
planetlab02.cs.washington.edu,planetlab2.ucsd.edu,file32B.txt,2015/10/01 03:57:50,2015/10/01 03:57:55,4821.000000
planetlab02.cs.washington.edu,planetlab2.ucsd.edu,file1KB.txt,2015/10/01 03:57:55,2015/10/01 03:58:00,4794.000000
planetlab02.cs.washington.edu,planetlab2.ucsd.edu,file256KB.txt,2015/10/01 03:58:00,2015/10/01 03:58:21,21359.000000
planetlab02.cs.washington.edu,planetlab2.ucsd.edu,file512KB.txt,2015/10/01 03:58:21,2015/10/01 03:58:56,35295.000000
planetlab02.cs.washington.edu,planetlab2.ucsd.edu,file1MB.txt,2015/10/01 03:58:56,2015/10/01 03:59:59,62394.000000
planetlab1.arizona-gigapop.net,planetlab2.ucsd.edu,file32B.txt,2015/10/01 03:59:59,2015/10/01 04:00:04,4901.000000
planetlab1.arizona-gigapop.net,planetlab2.ucsd.edu,file1KB.txt,2015/10/01 04:00:04,2015/10/01 04:00:09,4887.000000
planetlab1.arizona-gigapop.net,planetlab2.ucsd.edu,file256KB.txt,2015/10/01 04:00:09,2015/10/01 04:00:22,13079.000000
planetlab1.arizona-gigapop.net,planetlab2.ucsd.edu,file512KB.txt,2015/10/01 04:00:22,2015/10/01 04:00:48,25967.000000
planetlab1.arizona-gigapop.net,planetlab2.ucsd.edu,file1MB.txt,2015/10/01 04:00:48,2015/10/01 04:01:26,38240.000000
planetlab1.cs.unc.edu,planetlab2.ucsd.edu,file32B.txt,2015/10/01 04:01:26,2015/10/01 04:01:32,6529.000000
planetlab1.cs.unc.edu,planetlab2.ucsd.edu,file1KB.txt,2015/10/01 04:01:32,2015/10/01 04:01:37,4455.000000
planetlab1.cs.unc.edu,planetlab2.ucsd.edu,file256KB.txt,2015/10/01 04:01:37,2015/10/01 04:02:23,46077.000000
planetlab1.cs.unc.edu,planetlab2.ucsd.edu,file512KB.txt,2015/10/01 04:02:23,2015/10/01 04:03:52,88926.000000
planetlab1.cs.unc.edu,planetlab2.ucsd.edu,file1MB.txt,2015/10/01 04:03:52,2015/10/01 04:06:36,163897.000000
planet3.cc.gt.atl.ga.us,planetlab2.ucsd.edu,file32B.txt,2015/10/01 04:06:41,2015/10/01 04:06:47,6571.000000
planet3.cc.gt.atl.ga.us,planetlab2.ucsd.edu,file1KB.txt,2015/10/01 04:06:47,2015/10/01 04:06:52,4570.000000
planet3.cc.gt.atl.ga.us,planetlab2.ucsd.edu,file256KB.txt,2015/10/01 04:06:52,2015/10/01 04:07:28,35640.000000
planet3.cc.gt.atl.ga.us,planetlab2.ucsd.edu,file512KB.txt,2015/10/01 04:07:28,2015/10/01 04:08:36,68390.000000
planet3.cc.gt.atl.ga.us,planetlab2.ucsd.edu,file1MB.txt,2015/10/01 04:08:36,2015/10/01 04:10:46,129757.000000
