planetlab1.unr.edu,planetlab2.unl.edu,file32B.txt,2015/09/30 21:12:42,2015/09/30 21:12:42,303.000000
planetlab1.unr.edu,planetlab2.unl.edu,file1KB.txt,2015/09/30 21:12:42,2015/09/30 21:12:42,244.000000
planetlab1.unr.edu,planetlab2.unl.edu,file256KB.txt,2015/09/30 21:12:42,2015/09/30 21:13:00,18032.000000
planetlab1.unr.edu,planetlab2.unl.edu,file512KB.txt,2015/09/30 21:13:00,2015/09/30 21:13:36,36203.000000
planetlab1.unr.edu,planetlab2.unl.edu,file1MB.txt,2015/09/30 21:13:36,2015/09/30 21:14:47,70726.000000
pl2.cs.unm.edu,planetlab2.unl.edu,file32B.txt,2015/09/30 21:14:47,2015/09/30 21:14:48,1667.000000
pl2.cs.unm.edu,planetlab2.unl.edu,file1KB.txt,2015/09/30 21:14:48,2015/09/30 21:14:48,331.000000
pl2.cs.unm.edu,planetlab2.unl.edu,file256KB.txt,2015/09/30 21:14:48,2015/09/30 21:15:13,25325.000000
pl2.cs.unm.edu,planetlab2.unl.edu,file512KB.txt,2015/09/30 21:15:13,2015/09/30 21:16:01,47245.000000
pl2.cs.unm.edu,planetlab2.unl.edu,file1MB.txt,2015/09/30 21:16:01,2015/09/30 21:17:40,99578.000000
planetlab2.cnis.nyit.edu,planetlab2.unl.edu,file32B.txt,2015/09/30 21:17:40,2015/09/30 21:17:40,330.000000
planetlab2.cnis.nyit.edu,planetlab2.unl.edu,file1KB.txt,2015/09/30 21:17:40,2015/09/30 21:17:41,1650.000000
planetlab2.cnis.nyit.edu,planetlab2.unl.edu,file256KB.txt,2015/09/30 21:17:41,2015/09/30 21:18:04,22378.000000
planetlab2.cnis.nyit.edu,planetlab2.unl.edu,file512KB.txt,2015/09/30 21:18:04,2015/09/30 21:18:52,48122.000000
planetlab2.cnis.nyit.edu,planetlab2.unl.edu,file1MB.txt,2015/09/30 21:18:52,2015/09/30 21:20:35,-102964.000000
planetlab2.rutgers.edu,planetlab2.unl.edu,file32B.txt,2015/09/30 21:20:35,2015/09/30 21:20:56,21532.000000
planetlab2.rutgers.edu,planetlab2.unl.edu,file1KB.txt,2015/09/30 21:20:56,2015/09/30 21:21:03,6166.000000
planetlab2.rutgers.edu,planetlab2.unl.edu,file256KB.txt,2015/09/30 21:21:03,2015/09/30 21:40:30,1167539.000000
planetlab2.rutgers.edu,planetlab2.unl.edu,file512KB.txt,2015/09/30 21:40:30,2015/09/30 22:24:10,-1675012.000000
planetlab2.rutgers.edu,planetlab2.unl.edu,file1MB.txt,2015/09/30 22:24:10,2015/09/30 23:24:18,687333.000000
planetlab2.cs.du.edu,planetlab2.unl.edu,file32B.txt,2015/09/30 23:24:18,2015/09/30 23:24:19,1677.000000
planetlab2.cs.du.edu,planetlab2.unl.edu,file1KB.txt,2015/09/30 23:24:19,2015/09/30 23:24:19,342.000000
planetlab2.cs.du.edu,planetlab2.unl.edu,file256KB.txt,2015/09/30 23:24:19,2015/09/30 23:24:39,19647.000000
planetlab2.cs.du.edu,planetlab2.unl.edu,file512KB.txt,2015/09/30 23:24:39,2015/09/30 23:25:21,42189.000000
planetlab2.cs.du.edu,planetlab2.unl.edu,file1MB.txt,2015/09/30 23:25:21,2015/09/30 23:26:59,97977.000000
planetlab2.ucsd.edu,planetlab2.unl.edu,file32B.txt,2015/09/30 23:26:59,2015/09/30 23:27:00,1556.000000
planetlab2.ucsd.edu,planetlab2.unl.edu,file1KB.txt,2015/09/30 23:27:00,2015/09/30 23:27:00,387.000000
planetlab2.ucsd.edu,planetlab2.unl.edu,file256KB.txt,2015/09/30 23:27:00,2015/09/30 23:27:29,29447.000000
planetlab2.ucsd.edu,planetlab2.unl.edu,file512KB.txt,2015/09/30 23:27:29,2015/09/30 23:28:25,55137.000000
planetlab2.ucsd.edu,planetlab2.unl.edu,file1MB.txt,2015/09/30 23:28:25,2015/09/30 23:30:19,114637.000000
planetlab3.cs.uoregon.edu,planetlab2.unl.edu,file32B.txt,2015/09/30 23:30:19,2015/09/30 23:30:19,354.000000
planetlab3.cs.uoregon.edu,planetlab2.unl.edu,file1KB.txt,2015/09/30 23:30:19,2015/09/30 23:30:19,338.000000
planetlab3.cs.uoregon.edu,planetlab2.unl.edu,file256KB.txt,2015/09/30 23:30:19,2015/09/30 23:30:44,25196.000000
planetlab3.cs.uoregon.edu,planetlab2.unl.edu,file512KB.txt,2015/09/30 23:30:44,2015/09/30 23:31:34,50514.000000
planetlab3.cs.uoregon.edu,planetlab2.unl.edu,file1MB.txt,2015/09/30 23:31:34,2015/09/30 23:33:12,97551.000000
planetlab-01.bu.edu,planetlab2.unl.edu,file32B.txt,2015/09/30 23:33:12,2015/09/30 23:33:13,1557.000000
planetlab-01.bu.edu,planetlab2.unl.edu,file1KB.txt,2015/09/30 23:33:13,2015/09/30 23:33:13,469.000000
planetlab-01.bu.edu,planetlab2.unl.edu,file256KB.txt,2015/09/30 23:33:13,2015/09/30 23:33:48,34696.000000
planetlab-01.bu.edu,planetlab2.unl.edu,file512KB.txt,2015/09/30 23:33:48,2015/09/30 23:34:58,70481.000000
planetlab-01.bu.edu,planetlab2.unl.edu,file1MB.txt,2015/09/30 23:34:58,2015/09/30 23:37:16,137834.000000
planetlab4.cnds.jhu.edu,planetlab2.unl.edu,file32B.txt,2015/09/30 23:37:16,2015/09/30 23:37:16,332.000000
planetlab4.cnds.jhu.edu,planetlab2.unl.edu,file1KB.txt,2015/09/30 23:37:16,2015/09/30 23:37:17,1742.000000
planetlab4.cnds.jhu.edu,planetlab2.unl.edu,file256KB.txt,2015/09/30 23:37:17,2015/09/30 23:37:36,19113.000000
planetlab4.cnds.jhu.edu,planetlab2.unl.edu,file512KB.txt,2015/09/30 23:37:36,2015/09/30 23:38:13,36361.000000
planetlab4.cnds.jhu.edu,planetlab2.unl.edu,file1MB.txt,2015/09/30 23:38:13,2015/09/30 23:39:28,74989.000000
planetlabtwo.ccs.neu.edu,planetlab2.unl.edu,file32B.txt,2015/09/30 23:39:28,2015/09/30 23:39:29,1622.000000
planetlabtwo.ccs.neu.edu,planetlab2.unl.edu,file1KB.txt,2015/09/30 23:39:29,2015/09/30 23:39:29,281.000000
planetlabtwo.ccs.neu.edu,planetlab2.unl.edu,file256KB.txt,2015/09/30 23:39:29,2015/09/30 23:39:49,19570.000000
planetlabtwo.ccs.neu.edu,planetlab2.unl.edu,file512KB.txt,2015/09/30 23:39:49,2015/09/30 23:40:30,41360.000000
planetlabtwo.ccs.neu.edu,planetlab2.unl.edu,file1MB.txt,2015/09/30 23:40:30,2015/09/30 23:41:51,81051.000000
planetlab1.cs.purdue.edu,planetlab2.unl.edu,file32B.txt,2015/09/30 23:41:51,2015/09/30 23:41:56,4959.000000
planetlab1.cs.purdue.edu,planetlab2.unl.edu,file1KB.txt,2015/09/30 23:41:56,2015/09/30 23:42:02,6224.000000
planetlab1.cs.purdue.edu,planetlab2.unl.edu,file256KB.txt,2015/09/30 23:42:02,2015/09/30 23:55:07,-784452.000000
planetlab1.cs.purdue.edu,planetlab2.unl.edu,file512KB.txt,2015/09/30 23:55:07,2015/10/01 00:27:26,1939656.000000
planetlab1.cs.purdue.edu,planetlab2.unl.edu,file1MB.txt,2015/10/01 00:27:26,2015/10/01 01:14:54,1446884.000000
planetlab2.tsuniv.edu,planetlab2.unl.edu,file32B.txt,2015/10/01 01:14:54,2015/10/01 01:14:56,1299.000000
planetlab2.tsuniv.edu,planetlab2.unl.edu,file1KB.txt,2015/10/01 01:14:56,2015/10/01 01:14:59,3507.000000
planetlab2.tsuniv.edu,planetlab2.unl.edu,file256KB.txt,2015/10/01 01:14:59,2015/10/01 01:19:58,298692.000000
planetlab2.tsuniv.edu,planetlab2.unl.edu,file512KB.txt,2015/10/01 01:19:58,2015/10/01 01:25:44,346424.000000
planetlab2.tsuniv.edu,planetlab2.unl.edu,file1MB.txt,2015/10/01 01:25:44,2015/10/01 01:33:53,488905.000000
planetlab1.tsuniv.edu,planetlab2.unl.edu,file32B.txt,2015/10/01 01:33:53,2015/10/01 01:33:58,4405.000000
planetlab1.tsuniv.edu,planetlab2.unl.edu,file1KB.txt,2015/10/01 01:33:58,2015/10/01 01:34:09,10830.000000
planetlab1.tsuniv.edu,planetlab2.unl.edu,file256KB.txt,2015/10/01 01:34:09,2015/10/01 01:39:35,326878.000000
planetlab1.tsuniv.edu,planetlab2.unl.edu,file512KB.txt,2015/10/01 01:39:35,2015/10/01 01:53:39,843556.000000
planetlab1.tsuniv.edu,planetlab2.unl.edu,file1MB.txt,2015/10/01 01:53:39,2015/10/01 02:26:23,-1963750.000000
planetlab3.ucsd.edu,planetlab2.unl.edu,file32B.txt,2015/10/01 02:26:23,2015/10/01 02:26:24,1599.000000
planetlab3.ucsd.edu,planetlab2.unl.edu,file1KB.txt,2015/10/01 02:26:24,2015/10/01 02:26:24,402.000000
planetlab3.ucsd.edu,planetlab2.unl.edu,file256KB.txt,2015/10/01 02:26:24,2015/10/01 02:26:53,28685.000000
planetlab3.ucsd.edu,planetlab2.unl.edu,file512KB.txt,2015/10/01 02:26:53,2015/10/01 02:27:52,59705.000000
planetlab3.ucsd.edu,planetlab2.unl.edu,file1MB.txt,2015/10/01 02:27:52,2015/10/01 02:29:48,115919.000000
node2.planetlab.mathcs.emory.edu,planetlab2.unl.edu,file32B.txt,2015/10/01 02:29:48,2015/10/01 02:29:48,289.000000
node2.planetlab.mathcs.emory.edu,planetlab2.unl.edu,file1KB.txt,2015/10/01 02:29:48,2015/10/01 02:29:49,1748.000000
node2.planetlab.mathcs.emory.edu,planetlab2.unl.edu,file256KB.txt,2015/10/01 02:29:49,2015/10/01 02:30:07,17383.000000
node2.planetlab.mathcs.emory.edu,planetlab2.unl.edu,file512KB.txt,2015/10/01 02:30:07,2015/10/01 02:30:45,37982.000000
node2.planetlab.mathcs.emory.edu,planetlab2.unl.edu,file1MB.txt,2015/10/01 02:30:45,2015/10/01 02:31:59,74229.000000
planetlab5.csee.usf.edu,planetlab2.unl.edu,file32B.txt,2015/10/01 02:31:59,2015/10/01 02:31:59,346.000000
planetlab5.csee.usf.edu,planetlab2.unl.edu,file1KB.txt,2015/10/01 02:31:59,2015/10/01 02:32:00,1657.000000
planetlab5.csee.usf.edu,planetlab2.unl.edu,file256KB.txt,2015/10/01 02:32:00,2015/10/01 02:32:25,24779.000000
planetlab5.csee.usf.edu,planetlab2.unl.edu,file512KB.txt,2015/10/01 02:32:25,2015/10/01 02:33:15,49878.000000
planetlab5.csee.usf.edu,planetlab2.unl.edu,file1MB.txt,2015/10/01 02:33:15,2015/10/01 02:34:55,99797.000000
planetlab1.emich.edu,planetlab2.unl.edu,file32B.txt,2015/10/01 02:34:55,2015/10/01 02:34:55,262.000000
planetlab1.emich.edu,planetlab2.unl.edu,file1KB.txt,2015/10/01 02:34:55,2015/10/01 02:34:56,1733.000000
planetlab1.emich.edu,planetlab2.unl.edu,file256KB.txt,2015/10/01 02:34:56,2015/10/01 02:35:15,18573.000000
planetlab1.emich.edu,planetlab2.unl.edu,file512KB.txt,2015/10/01 02:35:15,2015/10/01 02:35:54,39405.000000
planetlab1.emich.edu,planetlab2.unl.edu,file1MB.txt,2015/10/01 02:35:54,2015/10/01 02:37:11,76292.000000
ebb.colgate.edu,planetlab2.unl.edu,file32B.txt,2015/10/01 02:37:12,2015/10/01 02:37:12,473.000000
ebb.colgate.edu,planetlab2.unl.edu,file1KB.txt,2015/10/01 02:37:12,2015/10/01 02:37:13,1453.000000
ebb.colgate.edu,planetlab2.unl.edu,file256KB.txt,2015/10/01 02:37:13,2015/10/01 02:38:07,53597.000000
ebb.colgate.edu,planetlab2.unl.edu,file512KB.txt,2015/10/01 02:38:07,2015/10/01 02:39:47,100267.000000
ebb.colgate.edu,planetlab2.unl.edu,file1MB.txt,2015/10/01 02:39:47,2015/10/01 02:42:50,182641.000000
kc-sce-plab2.umkc.edu,planetlab2.unl.edu,file32B.txt,2015/10/01 02:42:50,2015/10/01 02:42:51,1511.000000
kc-sce-plab2.umkc.edu,planetlab2.unl.edu,file1KB.txt,2015/10/01 02:42:51,2015/10/01 02:42:51,749.000000
kc-sce-plab2.umkc.edu,planetlab2.unl.edu,file256KB.txt,2015/10/01 02:42:51,2015/10/01 02:43:30,39130.000000
kc-sce-plab2.umkc.edu,planetlab2.unl.edu,file512KB.txt,2015/10/01 02:43:30,2015/10/01 02:44:36,66126.000000
kc-sce-plab2.umkc.edu,planetlab2.unl.edu,file1MB.txt,2015/10/01 02:44:36,2015/10/01 02:48:53,257080.000000
node1.planetlab.mathcs.emory.edu,planetlab2.unl.edu,file32B.txt,2015/10/01 02:48:53,2015/10/01 02:48:53,252.000000
node1.planetlab.mathcs.emory.edu,planetlab2.unl.edu,file1KB.txt,2015/10/01 02:48:53,2015/10/01 02:48:53,256.000000
node1.planetlab.mathcs.emory.edu,planetlab2.unl.edu,file256KB.txt,2015/10/01 02:48:53,2015/10/01 02:49:12,19420.000000
node1.planetlab.mathcs.emory.edu,planetlab2.unl.edu,file512KB.txt,2015/10/01 02:49:12,2015/10/01 02:49:49,37021.000000
node1.planetlab.mathcs.emory.edu,planetlab2.unl.edu,file1MB.txt,2015/10/01 02:49:49,2015/10/01 02:51:03,74129.000000
pl1.cs.montana.edu,planetlab2.unl.edu,file32B.txt,2015/10/01 02:51:03,2015/10/01 02:51:04,1322.000000
pl1.cs.montana.edu,planetlab2.unl.edu,file1KB.txt,2015/10/01 02:51:04,2015/10/01 02:51:04,627.000000
pl1.cs.montana.edu,planetlab2.unl.edu,file256KB.txt,2015/10/01 02:51:04,2015/10/01 02:51:50,45688.000000
pl1.cs.montana.edu,planetlab2.unl.edu,file512KB.txt,2015/10/01 02:51:50,2015/10/01 02:53:23,93829.000000
pl1.cs.montana.edu,planetlab2.unl.edu,file1MB.txt,2015/10/01 02:53:23,2015/10/01 02:56:26,182210.000000
plab3.eece.ksu.edu,planetlab2.unl.edu,file32B.txt,2015/10/01 02:56:48,2015/10/01 02:56:48,66.000000
plab3.eece.ksu.edu,planetlab2.unl.edu,file1KB.txt,2015/10/01 02:56:48,2015/10/01 02:56:48,60.000000
plab3.eece.ksu.edu,planetlab2.unl.edu,file256KB.txt,2015/10/01 02:56:48,2015/10/01 02:56:52,3505.000000
plab3.eece.ksu.edu,planetlab2.unl.edu,file512KB.txt,2015/10/01 02:56:52,2015/10/01 02:57:01,9010.000000
plab3.eece.ksu.edu,planetlab2.unl.edu,file1MB.txt,2015/10/01 02:57:01,2015/10/01 02:57:19,18125.000000
planet3.cc.gt.atl.ga.us,planetlab2.unl.edu,file32B.txt,2015/10/01 02:57:19,2015/10/01 02:57:19,303.000000
planet3.cc.gt.atl.ga.us,planetlab2.unl.edu,file1KB.txt,2015/10/01 02:57:19,2015/10/01 02:57:20,1751.000000
planet3.cc.gt.atl.ga.us,planetlab2.unl.edu,file256KB.txt,2015/10/01 02:57:20,2015/10/01 02:57:38,17493.000000
planet3.cc.gt.atl.ga.us,planetlab2.unl.edu,file512KB.txt,2015/10/01 02:57:38,2015/10/01 02:58:15,37214.000000
planet3.cc.gt.atl.ga.us,planetlab2.unl.edu,file1MB.txt,2015/10/01 02:58:15,2015/10/01 02:59:28,72651.000000
planetlab-02.bu.edu,planetlab2.unl.edu,file32B.txt,2015/10/01 02:59:28,2015/10/01 02:59:29,1513.000000
planetlab-02.bu.edu,planetlab2.unl.edu,file1KB.txt,2015/10/01 02:59:29,2015/10/01 02:59:29,478.000000
planetlab-02.bu.edu,planetlab2.unl.edu,file256KB.txt,2015/10/01 02:59:29,2015/10/01 03:00:04,34801.000000
planetlab-02.bu.edu,planetlab2.unl.edu,file512KB.txt,2015/10/01 03:00:04,2015/10/01 03:01:15,71990.000000
planetlab-02.bu.edu,planetlab2.unl.edu,file1MB.txt,2015/10/01 03:01:15,2015/10/01 03:03:34,138684.000000
planetlab1.clemson.edu,planetlab2.unl.edu,file32B.txt,2015/10/01 03:03:55,2015/10/01 03:03:55,423.000000
planetlab1.clemson.edu,planetlab2.unl.edu,file1KB.txt,2015/10/01 03:03:55,2015/10/01 03:03:56,1689.000000
planetlab1.clemson.edu,planetlab2.unl.edu,file256KB.txt,2015/10/01 03:03:56,2015/10/01 03:04:16,20230.000000
planetlab1.clemson.edu,planetlab2.unl.edu,file512KB.txt,2015/10/01 03:04:16,2015/10/01 03:04:55,38711.000000
planetlab1.clemson.edu,planetlab2.unl.edu,file1MB.txt,2015/10/01 03:04:55,2015/10/01 03:06:13,77584.000000
planetlab1.cs.du.edu,planetlab2.unl.edu,file32B.txt,2015/10/01 03:06:13,2015/10/01 03:06:14,1746.000000
planetlab1.cs.du.edu,planetlab2.unl.edu,file1KB.txt,2015/10/01 03:06:14,2015/10/01 03:06:14,277.000000
planetlab1.cs.du.edu,planetlab2.unl.edu,file256KB.txt,2015/10/01 03:06:14,2015/10/01 03:06:36,22386.000000
planetlab1.cs.du.edu,planetlab2.unl.edu,file512KB.txt,2015/10/01 03:06:36,2015/10/01 03:07:16,39455.000000
planetlab1.cs.du.edu,planetlab2.unl.edu,file1MB.txt,2015/10/01 03:07:16,2015/10/01 03:08:37,81169.000000
planetlab1.cs.okstate.edu,planetlab2.unl.edu,file32B.txt,2015/10/01 03:08:58,2015/10/01 03:08:58,96.000000
planetlab1.cs.okstate.edu,planetlab2.unl.edu,file1KB.txt,2015/10/01 03:08:58,2015/10/01 03:08:58,86.000000
planetlab1.cs.okstate.edu,planetlab2.unl.edu,file256KB.txt,2015/10/01 03:08:58,2015/10/01 03:09:05,7301.000000
planetlab1.cs.okstate.edu,planetlab2.unl.edu,file512KB.txt,2015/10/01 03:09:05,2015/10/01 03:09:18,13354.000000
planetlab1.cs.okstate.edu,planetlab2.unl.edu,file1MB.txt,2015/10/01 03:09:18,2015/10/01 03:09:44,26135.000000
planetlab1.cs.ucla.edu,planetlab2.unl.edu,file32B.txt,2015/10/01 03:09:44,2015/10/01 03:09:44,450.000000
planetlab1.cs.ucla.edu,planetlab2.unl.edu,file1KB.txt,2015/10/01 03:09:44,2015/10/01 03:09:44,375.000000
planetlab1.cs.ucla.edu,planetlab2.unl.edu,file256KB.txt,2015/10/01 03:09:44,2015/10/01 03:10:12,28132.000000
planetlab1.cs.ucla.edu,planetlab2.unl.edu,file512KB.txt,2015/10/01 03:10:12,2015/10/01 03:11:08,56654.000000
planetlab1.cs.ucla.edu,planetlab2.unl.edu,file1MB.txt,2015/10/01 03:11:08,2015/10/01 03:12:59,110265.000000
planetlab1.csuohio.edu,planetlab2.unl.edu,file32B.txt,2015/10/01 03:12:59,2015/10/01 03:13:00,1570.000000
planetlab1.csuohio.edu,planetlab2.unl.edu,file1KB.txt,2015/10/01 03:13:00,2015/10/01 03:13:00,442.000000
planetlab1.csuohio.edu,planetlab2.unl.edu,file256KB.txt,2015/10/01 03:13:00,2015/10/01 03:13:31,31465.000000
planetlab1.csuohio.edu,planetlab2.unl.edu,file512KB.txt,2015/10/01 03:13:31,2015/10/01 03:14:37,66231.000000
planetlab1.csuohio.edu,planetlab2.unl.edu,file1MB.txt,2015/10/01 03:14:37,2015/10/01 03:16:40,123033.000000
planetlab1.emich.edu,planetlab2.unl.edu,file32B.txt,2015/10/01 03:16:40,2015/10/01 03:16:40,224.000000
planetlab1.emich.edu,planetlab2.unl.edu,file1KB.txt,2015/10/01 03:16:40,2015/10/01 03:16:40,261.000000
planetlab1.emich.edu,planetlab2.unl.edu,file256KB.txt,2015/10/01 03:16:40,2015/10/01 03:16:59,18737.000000
planetlab1.emich.edu,planetlab2.unl.edu,file512KB.txt,2015/10/01 03:16:59,2015/10/01 03:17:38,39682.000000
planetlab1.emich.edu,planetlab2.unl.edu,file1MB.txt,2015/10/01 03:17:38,2015/10/01 03:18:54,-75415.000000
planetlab1.ucsd.edu,planetlab2.unl.edu,file32B.txt,2015/10/01 03:19:15,2015/10/01 03:19:16,1550.000000
planetlab1.ucsd.edu,planetlab2.unl.edu,file1KB.txt,2015/10/01 03:19:16,2015/10/01 03:19:16,394.000000
planetlab1.ucsd.edu,planetlab2.unl.edu,file256KB.txt,2015/10/01 03:19:16,2015/10/01 03:19:45,29047.000000
planetlab1.ucsd.edu,planetlab2.unl.edu,file512KB.txt,2015/10/01 03:19:45,2015/10/01 03:20:43,58308.000000
planetlab1.ucsd.edu,planetlab2.unl.edu,file1MB.txt,2015/10/01 03:20:43,2015/10/01 03:22:38,115053.000000
planetlab2.acis.ufl.edu,planetlab2.unl.edu,file32B.txt,2015/10/01 03:22:38,2015/10/01 03:22:38,394.000000
planetlab2.acis.ufl.edu,planetlab2.unl.edu,file1KB.txt,2015/10/01 03:22:38,2015/10/01 03:22:38,346.000000
planetlab2.acis.ufl.edu,planetlab2.unl.edu,file256KB.txt,2015/10/01 03:22:38,2015/10/01 03:23:04,26552.000000
planetlab2.acis.ufl.edu,planetlab2.unl.edu,file512KB.txt,2015/10/01 03:23:04,2015/10/01 03:23:55,51355.000000
planetlab2.acis.ufl.edu,planetlab2.unl.edu,file1MB.txt,2015/10/01 03:23:55,2015/10/01 03:25:36,100833.000000
planetlab2.arizona-gigapop.net,planetlab2.unl.edu,file32B.txt,2015/10/01 03:25:36,2015/10/01 03:25:36,378.000000
planetlab2.arizona-gigapop.net,planetlab2.unl.edu,file1KB.txt,2015/10/01 03:25:36,2015/10/01 03:25:36,294.000000
planetlab2.arizona-gigapop.net,planetlab2.unl.edu,file256KB.txt,2015/10/01 03:25:36,2015/10/01 03:25:58,22317.000000
planetlab2.arizona-gigapop.net,planetlab2.unl.edu,file512KB.txt,2015/10/01 03:25:58,2015/10/01 03:26:41,42769.000000
planetlab2.arizona-gigapop.net,planetlab2.unl.edu,file1MB.txt,2015/10/01 03:26:41,2015/10/01 03:28:08,87635.000000
planetlab2.citadel.edu,planetlab2.unl.edu,file32B.txt,2015/10/01 03:28:08,2015/10/01 03:28:08,346.000000
planetlab2.citadel.edu,planetlab2.unl.edu,file1KB.txt,2015/10/01 03:28:08,2015/10/01 03:28:08,343.000000
planetlab2.citadel.edu,planetlab2.unl.edu,file256KB.txt,2015/10/01 03:28:08,2015/10/01 03:28:34,26826.000000
planetlab2.citadel.edu,planetlab2.unl.edu,file512KB.txt,2015/10/01 03:28:34,2015/10/01 03:29:25,50102.000000
planetlab2.citadel.edu,planetlab2.unl.edu,file1MB.txt,2015/10/01 03:29:25,2015/10/01 03:31:05,100281.000000
planetlab2.cs.pitt.edu,planetlab2.unl.edu,file32B.txt,2015/10/01 03:31:05,2015/10/01 03:31:05,254.000000
planetlab2.cs.pitt.edu,planetlab2.unl.edu,file1KB.txt,2015/10/01 03:31:05,2015/10/01 03:31:06,1767.000000
planetlab2.cs.pitt.edu,planetlab2.unl.edu,file256KB.txt,2015/10/01 03:31:06,2015/10/01 03:31:22,15235.000000
planetlab2.cs.pitt.edu,planetlab2.unl.edu,file512KB.txt,2015/10/01 03:31:22,2015/10/01 03:31:56,34375.000000
planetlab2.cs.pitt.edu,planetlab2.unl.edu,file1MB.txt,2015/10/01 03:31:56,2015/10/01 03:33:03,67203.000000
planetlab2.cs.purdue.edu,planetlab2.unl.edu,file32B.txt,2015/10/01 03:33:03,2015/10/01 03:33:03,263.000000
planetlab2.cs.purdue.edu,planetlab2.unl.edu,file1KB.txt,2015/10/01 03:33:03,2015/10/01 03:33:03,295.000000
planetlab2.cs.purdue.edu,planetlab2.unl.edu,file256KB.txt,2015/10/01 03:33:03,2015/10/01 03:33:24,21547.000000
planetlab2.cs.purdue.edu,planetlab2.unl.edu,file512KB.txt,2015/10/01 03:33:24,2015/10/01 03:34:04,39791.000000
planetlab2.cs.purdue.edu,planetlab2.unl.edu,file1MB.txt,2015/10/01 03:34:04,2015/10/01 03:35:31,86727.000000
planetlab2.cs.uml.edu,planetlab2.unl.edu,file32B.txt,2015/10/01 03:36:14,2015/10/01 03:36:14,318.000000
planetlab2.cs.uml.edu,planetlab2.unl.edu,file1KB.txt,2015/10/01 03:36:14,2015/10/01 03:36:14,301.000000
planetlab2.cs.uml.edu,planetlab2.unl.edu,file256KB.txt,2015/10/01 03:36:14,2015/10/01 03:36:37,23573.000000
planetlab2.cs.uml.edu,planetlab2.unl.edu,file512KB.txt,2015/10/01 03:36:37,2015/10/01 03:37:21,43478.000000
planetlab2.cs.uml.edu,planetlab2.unl.edu,file1MB.txt,2015/10/01 03:37:21,2015/10/01 03:38:51,90293.000000
planetlab2.cs.unc.edu,planetlab2.unl.edu,file32B.txt,2015/10/01 03:38:51,2015/10/01 03:38:51,463.000000
planetlab2.cs.unc.edu,planetlab2.unl.edu,file1KB.txt,2015/10/01 03:38:51,2015/10/01 03:38:52,1519.000000
planetlab2.cs.unc.edu,planetlab2.unl.edu,file256KB.txt,2015/10/01 03:38:52,2015/10/01 03:39:28,36247.000000
planetlab2.cs.unc.edu,planetlab2.unl.edu,file512KB.txt,2015/10/01 03:39:28,2015/10/01 03:40:39,70683.000000
planetlab2.cs.unc.edu,planetlab2.unl.edu,file1MB.txt,2015/10/01 03:40:39,2015/10/01 03:43:01,141996.000000
planetlab2.cs.uoregon.edu,planetlab2.unl.edu,file32B.txt,2015/10/01 03:43:01,2015/10/01 03:43:01,363.000000
planetlab2.cs.uoregon.edu,planetlab2.unl.edu,file1KB.txt,2015/10/01 03:43:01,2015/10/01 03:43:02,1666.000000
planetlab2.cs.uoregon.edu,planetlab2.unl.edu,file256KB.txt,2015/10/01 03:43:02,2015/10/01 03:43:26,23292.000000
planetlab2.cs.uoregon.edu,planetlab2.unl.edu,file512KB.txt,2015/10/01 03:43:26,2015/10/01 03:44:15,48970.000000
planetlab2.cs.uoregon.edu,planetlab2.unl.edu,file1MB.txt,2015/10/01 03:44:15,2015/10/01 03:45:54,99582.000000
planetlab2.temple.edu,planetlab2.unl.edu,file32B.txt,2015/10/01 03:45:54,2015/10/01 03:45:54,278.000000
planetlab2.temple.edu,planetlab2.unl.edu,file1KB.txt,2015/10/01 03:45:54,2015/10/01 03:45:54,277.000000
planetlab2.temple.edu,planetlab2.unl.edu,file256KB.txt,2015/10/01 03:45:54,2015/10/01 03:46:17,23493.000000
planetlab2.temple.edu,planetlab2.unl.edu,file512KB.txt,2015/10/01 03:46:17,2015/10/01 03:46:57,39695.000000
planetlab2.temple.edu,planetlab2.unl.edu,file1MB.txt,2015/10/01 03:46:57,2015/10/01 03:48:18,80620.000000
planetlab2.unl.edu,planetlab2.unl.edu,file32B.txt,2015/10/01 03:48:18,2015/10/01 03:48:18,2.000000
planetlab2.unl.edu,planetlab2.unl.edu,file1KB.txt,2015/10/01 03:48:18,2015/10/01 03:48:18,1.000000
planetlab2.unl.edu,planetlab2.unl.edu,file256KB.txt,2015/10/01 03:48:18,2015/10/01 03:48:18,36.000000
planetlab2.unl.edu,planetlab2.unl.edu,file512KB.txt,2015/10/01 03:48:18,2015/10/01 03:48:19,1925.000000
planetlab2.unl.edu,planetlab2.unl.edu,file1MB.txt,2015/10/01 03:48:19,2015/10/01 03:48:19,108.000000
planetlab2.unr.edu,planetlab2.unl.edu,file32B.txt,2015/10/01 03:48:19,2015/10/01 03:48:19,247.000000
planetlab2.unr.edu,planetlab2.unl.edu,file1KB.txt,2015/10/01 03:48:19,2015/10/01 03:48:19,245.000000
planetlab2.unr.edu,planetlab2.unl.edu,file256KB.txt,2015/10/01 03:48:19,2015/10/01 03:48:37,17978.000000
planetlab2.unr.edu,planetlab2.unl.edu,file512KB.txt,2015/10/01 03:48:37,2015/10/01 03:49:13,36197.000000
planetlab2.unr.edu,planetlab2.unl.edu,file1MB.txt,2015/10/01 03:49:13,2015/10/01 03:50:25,72435.000000
planetlab2.uta.edu,planetlab2.unl.edu,file32B.txt,2015/10/01 03:50:25,2015/10/01 03:50:25,109.000000
planetlab2.uta.edu,planetlab2.unl.edu,file1KB.txt,2015/10/01 03:50:25,2015/10/01 03:50:25,108.000000
planetlab2.uta.edu,planetlab2.unl.edu,file256KB.txt,2015/10/01 03:50:25,2015/10/01 03:50:33,7996.000000
planetlab2.uta.edu,planetlab2.unl.edu,file512KB.txt,2015/10/01 03:50:33,2015/10/01 03:50:49,16039.000000
planetlab2.uta.edu,planetlab2.unl.edu,file1MB.txt,2015/10/01 03:50:49,2015/10/01 03:51:21,32122.000000
planetlab2.utdallas.edu,planetlab2.unl.edu,file32B.txt,2015/10/01 03:51:21,2015/10/01 03:51:21,110.000000
planetlab2.utdallas.edu,planetlab2.unl.edu,file1KB.txt,2015/10/01 03:51:21,2015/10/01 03:51:21,109.000000
planetlab2.utdallas.edu,planetlab2.unl.edu,file256KB.txt,2015/10/01 03:51:21,2015/10/01 03:51:29,8029.000000
planetlab2.utdallas.edu,planetlab2.unl.edu,file512KB.txt,2015/10/01 03:51:29,2015/10/01 03:51:45,16143.000000
planetlab2.utdallas.edu,planetlab2.unl.edu,file1MB.txt,2015/10/01 03:51:45,2015/10/01 03:52:16,30274.000000
planetlab3.eecs.umich.edu,planetlab2.unl.edu,file32B.txt,2015/10/01 03:52:16,2015/10/01 03:52:17,1790.000000
planetlab3.eecs.umich.edu,planetlab2.unl.edu,file1KB.txt,2015/10/01 03:52:17,2015/10/01 03:52:17,208.000000
planetlab3.eecs.umich.edu,planetlab2.unl.edu,file256KB.txt,2015/10/01 03:52:17,2015/10/01 03:52:32,14658.000000
planetlab3.eecs.umich.edu,planetlab2.unl.edu,file512KB.txt,2015/10/01 03:52:32,2015/10/01 03:53:03,31471.000000
planetlab3.eecs.umich.edu,planetlab2.unl.edu,file1MB.txt,2015/10/01 03:53:03,2015/10/01 03:54:04,61154.000000
planetlab3.rutgers.edu,planetlab2.unl.edu,file32B.txt,2015/10/01 03:54:04,2015/10/01 03:54:04,285.000000
planetlab3.rutgers.edu,planetlab2.unl.edu,file1KB.txt,2015/10/01 03:54:04,2015/10/01 03:54:04,279.000000
planetlab3.rutgers.edu,planetlab2.unl.edu,file256KB.txt,2015/10/01 03:54:04,2015/10/01 03:54:25,21456.000000
planetlab3.rutgers.edu,planetlab2.unl.edu,file512KB.txt,2015/10/01 03:54:25,2015/10/01 03:55:05,39217.000000
planetlab3.rutgers.edu,planetlab2.unl.edu,file1MB.txt,2015/10/01 03:55:05,2015/10/01 03:56:27,82741.000000
planetlab3.wail.wisc.edu,planetlab2.unl.edu,file32B.txt,2015/10/01 03:56:27,2015/10/01 03:56:27,310.000000
planetlab3.wail.wisc.edu,planetlab2.unl.edu,file1KB.txt,2015/10/01 03:56:27,2015/10/01 03:56:27,242.000000
planetlab3.wail.wisc.edu,planetlab2.unl.edu,file256KB.txt,2015/10/01 03:56:27,2015/10/01 03:56:45,18171.000000
planetlab3.wail.wisc.edu,planetlab2.unl.edu,file512KB.txt,2015/10/01 03:56:45,2015/10/01 03:57:21,36565.000000
planetlab3.wail.wisc.edu,planetlab2.unl.edu,file1MB.txt,2015/10/01 03:57:21,2015/10/01 03:58:31,69309.000000
planetlab4.tamu.edu,planetlab2.unl.edu,file32B.txt,2015/10/01 03:58:31,2015/10/01 03:58:31,152.000000
planetlab4.tamu.edu,planetlab2.unl.edu,file1KB.txt,2015/10/01 03:58:31,2015/10/01 03:58:31,132.000000
planetlab4.tamu.edu,planetlab2.unl.edu,file256KB.txt,2015/10/01 03:58:31,2015/10/01 03:58:41,10512.000000
planetlab4.tamu.edu,planetlab2.unl.edu,file512KB.txt,2015/10/01 03:58:41,2015/10/01 03:59:00,19110.000000
planetlab4.tamu.edu,planetlab2.unl.edu,file1MB.txt,2015/10/01 03:59:00,2015/10/01 03:59:38,38333.000000
planetlab-5.eecs.cwru.edu,planetlab2.unl.edu,file32B.txt,2015/10/01 03:59:38,2015/10/01 03:59:38,254.000000
planetlab-5.eecs.cwru.edu,planetlab2.unl.edu,file1KB.txt,2015/10/01 03:59:38,2015/10/01 03:59:38,252.000000
planetlab-5.eecs.cwru.edu,planetlab2.unl.edu,file256KB.txt,2015/10/01 03:59:38,2015/10/01 03:59:57,19490.000000
planetlab-5.eecs.cwru.edu,planetlab2.unl.edu,file512KB.txt,2015/10/01 03:59:57,2015/10/01 04:00:34,36975.000000
planetlab-5.eecs.cwru.edu,planetlab2.unl.edu,file1MB.txt,2015/10/01 04:00:34,2015/10/01 04:01:47,72277.000000
planetlabone.ccs.neu.edu,planetlab2.unl.edu,file32B.txt,2015/10/01 04:01:47,2015/10/01 04:01:48,1623.000000
planetlabone.ccs.neu.edu,planetlab2.unl.edu,file1KB.txt,2015/10/01 04:01:48,2015/10/01 04:01:48,279.000000
planetlabone.ccs.neu.edu,planetlab2.unl.edu,file256KB.txt,2015/10/01 04:01:48,2015/10/01 04:02:08,19556.000000
planetlabone.ccs.neu.edu,planetlab2.unl.edu,file512KB.txt,2015/10/01 04:02:08,2015/10/01 04:02:49,41395.000000
planetlabone.ccs.neu.edu,planetlab2.unl.edu,file1MB.txt,2015/10/01 04:02:49,2015/10/01 04:04:10,80836.000000
pl-node-0.csl.sri.com,planetlab2.unl.edu,file32B.txt,2015/10/01 04:04:10,2015/10/01 04:04:11,1486.000000
pl-node-0.csl.sri.com,planetlab2.unl.edu,file1KB.txt,2015/10/01 04:04:11,2015/10/01 04:04:11,501.000000
pl-node-0.csl.sri.com,planetlab2.unl.edu,file256KB.txt,2015/10/01 04:04:11,2015/10/01 04:04:48,37187.000000
pl-node-0.csl.sri.com,planetlab2.unl.edu,file512KB.txt,2015/10/01 04:04:48,2015/10/01 04:06:00,71607.000000
pl-node-0.csl.sri.com,planetlab2.unl.edu,file1MB.txt,2015/10/01 04:06:00,2015/10/01 04:08:26,146042.000000
ricepl-5.cs.rice.edu,planetlab2.unl.edu,file32B.txt,2015/10/01 04:08:26,2015/10/01 04:08:27,1853.000000
ricepl-5.cs.rice.edu,planetlab2.unl.edu,file1KB.txt,2015/10/01 04:08:27,2015/10/01 04:08:27,146.000000
ricepl-5.cs.rice.edu,planetlab2.unl.edu,file256KB.txt,2015/10/01 04:08:27,2015/10/01 04:08:37,9553.000000
ricepl-5.cs.rice.edu,planetlab2.unl.edu,file512KB.txt,2015/10/01 04:08:37,2015/10/01 04:08:58,21103.000000
ricepl-5.cs.rice.edu,planetlab2.unl.edu,file1MB.txt,2015/10/01 04:08:58,2015/10/01 04:09:40,42017.000000
salt.planetlab.cs.umd.edu,planetlab2.unl.edu,file32B.txt,2015/10/01 04:09:40,2015/10/01 04:09:40,327.000000
salt.planetlab.cs.umd.edu,planetlab2.unl.edu,file1KB.txt,2015/10/01 04:09:40,2015/10/01 04:09:41,1747.000000
salt.planetlab.cs.umd.edu,planetlab2.unl.edu,file256KB.txt,2015/10/01 04:09:41,2015/10/01 04:09:59,17533.000000
salt.planetlab.cs.umd.edu,planetlab2.unl.edu,file512KB.txt,2015/10/01 04:09:59,2015/10/01 04:10:36,37179.000000
salt.planetlab.cs.umd.edu,planetlab2.unl.edu,file1MB.txt,2015/10/01 04:10:36,2015/10/01 04:11:49,72722.000000
pl1.eecs.utk.edu,planetlab2.unl.edu,file32B.txt,2015/10/01 04:11:50,2015/10/01 04:11:51,893.000000
pl1.eecs.utk.edu,planetlab2.unl.edu,file1KB.txt,2015/10/01 04:11:51,2015/10/01 04:11:52,1095.000000
pl1.eecs.utk.edu,planetlab2.unl.edu,file256KB.txt,2015/10/01 04:11:52,2015/10/01 04:13:18,85544.000000
pl1.eecs.utk.edu,planetlab2.unl.edu,file512KB.txt,2015/10/01 04:13:18,2015/10/01 04:15:40,141835.000000
pl1.eecs.utk.edu,planetlab2.unl.edu,file1MB.txt,2015/10/01 04:15:40,2015/10/01 04:19:11,211147.000000
planetlab-01.vt.nodes.planet-lab.org,planetlab2.unl.edu,file32B.txt,2015/10/01 04:19:11,2015/10/01 04:19:11,394.000000
planetlab-01.vt.nodes.planet-lab.org,planetlab2.unl.edu,file1KB.txt,2015/10/01 04:19:11,2015/10/01 04:19:12,1711.000000
planetlab-01.vt.nodes.planet-lab.org,planetlab2.unl.edu,file256KB.txt,2015/10/01 04:19:12,2015/10/01 04:19:35,22592.000000
planetlab-01.vt.nodes.planet-lab.org,planetlab2.unl.edu,file512KB.txt,2015/10/01 04:19:35,2015/10/01 04:20:17,41635.000000
