planetlab1.unr.edu,planetlab1.arizona-gigapop.net,file32B.txt,2015/09/30 21:13:44,2015/09/30 21:13:44,210.000000
planetlab1.unr.edu,planetlab1.arizona-gigapop.net,file1KB.txt,2015/09/30 21:13:44,2015/09/30 21:13:45,1755.000000
planetlab1.unr.edu,planetlab1.arizona-gigapop.net,file256KB.txt,2015/09/30 21:13:45,2015/09/30 21:14:03,18063.000000
planetlab1.unr.edu,planetlab1.arizona-gigapop.net,file512KB.txt,2015/09/30 21:14:03,2015/09/30 21:14:38,34330.000000
planetlab1.unr.edu,planetlab1.arizona-gigapop.net,file1MB.txt,2015/09/30 21:14:38,2015/09/30 21:15:50,72609.000000
pl2.cs.unm.edu,planetlab1.arizona-gigapop.net,file32B.txt,2015/09/30 21:15:50,2015/09/30 21:15:50,554.000000
pl2.cs.unm.edu,planetlab1.arizona-gigapop.net,file1KB.txt,2015/09/30 21:15:50,2015/09/30 21:15:51,1448.000000
pl2.cs.unm.edu,planetlab1.arizona-gigapop.net,file256KB.txt,2015/09/30 21:15:51,2015/09/30 21:16:32,40535.000000
pl2.cs.unm.edu,planetlab1.arizona-gigapop.net,file512KB.txt,2015/09/30 21:16:32,2015/09/30 21:17:53,81021.000000
pl2.cs.unm.edu,planetlab1.arizona-gigapop.net,file1MB.txt,2015/09/30 21:17:53,2015/09/30 21:20:35,-161977.000000
planetlab2.cnis.nyit.edu,planetlab1.arizona-gigapop.net,file32B.txt,2015/09/30 21:20:35,2015/09/30 21:20:36,1454.000000
planetlab2.cnis.nyit.edu,planetlab1.arizona-gigapop.net,file1KB.txt,2015/09/30 21:20:36,2015/09/30 21:20:36,628.000000
planetlab2.cnis.nyit.edu,planetlab1.arizona-gigapop.net,file256KB.txt,2015/09/30 21:20:36,2015/09/30 21:21:24,48279.000000
planetlab2.cnis.nyit.edu,planetlab1.arizona-gigapop.net,file512KB.txt,2015/09/30 21:21:24,2015/09/30 21:22:57,93246.000000
planetlab2.cnis.nyit.edu,planetlab1.arizona-gigapop.net,file1MB.txt,2015/09/30 21:22:57,2015/09/30 21:26:06,189310.000000
planetlab2.rutgers.edu,planetlab1.arizona-gigapop.net,file32B.txt,2015/09/30 21:26:06,2015/09/30 21:26:11,4901.000000
planetlab2.rutgers.edu,planetlab1.arizona-gigapop.net,file1KB.txt,2015/09/30 21:26:11,2015/09/30 21:26:21,9966.000000
planetlab2.rutgers.edu,planetlab1.arizona-gigapop.net,file256KB.txt,2015/09/30 21:26:21,2015/09/30 21:47:13,1251259.000000
planetlab2.rutgers.edu,planetlab1.arizona-gigapop.net,file512KB.txt,2015/09/30 21:47:13,2015/09/30 22:27:37,-1870320.000000
planetlab2.rutgers.edu,planetlab1.arizona-gigapop.net,file1MB.txt,2015/09/30 22:27:37,2015/09/30 23:23:33,938930.000000
planetlab2.cs.du.edu,planetlab1.arizona-gigapop.net,file32B.txt,2015/09/30 23:23:33,2015/09/30 23:23:33,378.000000
planetlab2.cs.du.edu,planetlab1.arizona-gigapop.net,file1KB.txt,2015/09/30 23:23:33,2015/09/30 23:23:34,1559.000000
planetlab2.cs.du.edu,planetlab1.arizona-gigapop.net,file256KB.txt,2015/09/30 23:23:34,2015/09/30 23:24:06,31596.000000
planetlab2.cs.du.edu,planetlab1.arizona-gigapop.net,file512KB.txt,2015/09/30 23:24:06,2015/09/30 23:25:12,66493.000000
planetlab2.cs.du.edu,planetlab1.arizona-gigapop.net,file1MB.txt,2015/09/30 23:25:12,2015/09/30 23:27:49,156060.000000
planetlab2.ucsd.edu,planetlab1.arizona-gigapop.net,file32B.txt,2015/09/30 23:27:49,2015/09/30 23:27:50,1906.000000
planetlab2.ucsd.edu,planetlab1.arizona-gigapop.net,file1KB.txt,2015/09/30 23:27:50,2015/09/30 23:27:50,107.000000
planetlab2.ucsd.edu,planetlab1.arizona-gigapop.net,file256KB.txt,2015/09/30 23:27:50,2015/09/30 23:27:57,6213.000000
planetlab2.ucsd.edu,planetlab1.arizona-gigapop.net,file512KB.txt,2015/09/30 23:27:57,2015/09/30 23:28:13,16472.000000
planetlab2.ucsd.edu,planetlab1.arizona-gigapop.net,file1MB.txt,2015/09/30 23:28:13,2015/09/30 23:28:44,30997.000000
planetlab3.cs.uoregon.edu,planetlab1.arizona-gigapop.net,file32B.txt,2015/09/30 23:28:44,2015/09/30 23:28:44,222.000000
planetlab3.cs.uoregon.edu,planetlab1.arizona-gigapop.net,file1KB.txt,2015/09/30 23:28:44,2015/09/30 23:28:44,260.000000
planetlab3.cs.uoregon.edu,planetlab1.arizona-gigapop.net,file256KB.txt,2015/09/30 23:28:44,2015/09/30 23:29:03,19136.000000
planetlab3.cs.uoregon.edu,planetlab1.arizona-gigapop.net,file512KB.txt,2015/09/30 23:29:03,2015/09/30 23:29:41,38474.000000
planetlab3.cs.uoregon.edu,planetlab1.arizona-gigapop.net,file1MB.txt,2015/09/30 23:29:41,2015/09/30 23:30:56,75246.000000
planetlab-01.bu.edu,planetlab1.arizona-gigapop.net,file32B.txt,2015/09/30 23:30:56,2015/09/30 23:30:56,505.000000
planetlab-01.bu.edu,planetlab1.arizona-gigapop.net,file1KB.txt,2015/09/30 23:30:56,2015/09/30 23:30:57,1412.000000
planetlab-01.bu.edu,planetlab1.arizona-gigapop.net,file256KB.txt,2015/09/30 23:30:57,2015/09/30 23:31:40,42596.000000
planetlab-01.bu.edu,planetlab1.arizona-gigapop.net,file512KB.txt,2015/09/30 23:31:40,2015/09/30 23:33:07,87374.000000
planetlab-01.bu.edu,planetlab1.arizona-gigapop.net,file1MB.txt,2015/09/30 23:33:07,2015/09/30 23:36:00,172788.000000
planetlab4.cnds.jhu.edu,planetlab1.arizona-gigapop.net,file32B.txt,2015/09/30 23:36:00,2015/09/30 23:36:00,374.000000
planetlab4.cnds.jhu.edu,planetlab1.arizona-gigapop.net,file1KB.txt,2015/09/30 23:36:00,2015/09/30 23:36:01,1563.000000
planetlab4.cnds.jhu.edu,planetlab1.arizona-gigapop.net,file256KB.txt,2015/09/30 23:36:01,2015/09/30 23:36:33,31974.000000
planetlab4.cnds.jhu.edu,planetlab1.arizona-gigapop.net,file512KB.txt,2015/09/30 23:36:33,2015/09/30 23:37:37,63443.000000
planetlab4.cnds.jhu.edu,planetlab1.arizona-gigapop.net,file1MB.txt,2015/09/30 23:37:37,2015/09/30 23:39:46,129708.000000
planetlabtwo.ccs.neu.edu,planetlab1.arizona-gigapop.net,file32B.txt,2015/09/30 23:39:46,2015/09/30 23:39:46,423.000000
planetlabtwo.ccs.neu.edu,planetlab1.arizona-gigapop.net,file1KB.txt,2015/09/30 23:39:46,2015/09/30 23:39:47,1506.000000
planetlabtwo.ccs.neu.edu,planetlab1.arizona-gigapop.net,file256KB.txt,2015/09/30 23:39:47,2015/09/30 23:40:23,35680.000000
planetlabtwo.ccs.neu.edu,planetlab1.arizona-gigapop.net,file512KB.txt,2015/09/30 23:40:23,2015/09/30 23:41:35,72227.000000
planetlabtwo.ccs.neu.edu,planetlab1.arizona-gigapop.net,file1MB.txt,2015/09/30 23:41:35,2015/09/30 23:43:58,-142878.000000
planetlab1.cs.purdue.edu,planetlab1.arizona-gigapop.net,file32B.txt,2015/09/30 23:43:58,2015/09/30 23:44:03,5052.000000
planetlab1.cs.purdue.edu,planetlab1.arizona-gigapop.net,file1KB.txt,2015/09/30 23:44:03,2015/09/30 23:44:08,4365.000000
planetlab1.cs.purdue.edu,planetlab1.arizona-gigapop.net,file256KB.txt,2015/09/30 23:44:08,2015/09/30 23:57:20,791965.000000
planetlab1.cs.purdue.edu,planetlab1.arizona-gigapop.net,file512KB.txt,2015/09/30 23:57:20,2015/10/01 00:29:45,1945047.000000
planetlab1.cs.purdue.edu,planetlab1.arizona-gigapop.net,file1MB.txt,2015/10/01 00:29:45,2015/10/01 01:16:22,1497161.000000
planetlab2.tsuniv.edu,planetlab1.arizona-gigapop.net,file32B.txt,2015/10/01 01:16:22,2015/10/01 01:16:24,1484.000000
planetlab2.tsuniv.edu,planetlab1.arizona-gigapop.net,file1KB.txt,2015/10/01 01:16:24,2015/10/01 01:16:27,2878.000000
planetlab2.tsuniv.edu,planetlab1.arizona-gigapop.net,file256KB.txt,2015/10/01 01:16:27,2015/10/01 01:20:47,260407.000000
planetlab2.tsuniv.edu,planetlab1.arizona-gigapop.net,file512KB.txt,2015/10/01 01:20:47,2015/10/01 01:26:41,353933.000000
planetlab2.tsuniv.edu,planetlab1.arizona-gigapop.net,file1MB.txt,2015/10/01 01:26:41,2015/10/01 01:34:24,462867.000000
planetlab1.tsuniv.edu,planetlab1.arizona-gigapop.net,file32B.txt,2015/10/01 01:34:24,2015/10/01 01:34:33,9051.000000
planetlab1.tsuniv.edu,planetlab1.arizona-gigapop.net,file1KB.txt,2015/10/01 01:34:33,2015/10/01 01:34:42,8903.000000
planetlab1.tsuniv.edu,planetlab1.arizona-gigapop.net,file256KB.txt,2015/10/01 01:34:42,2015/10/01 01:39:44,302017.000000
planetlab1.tsuniv.edu,planetlab1.arizona-gigapop.net,file512KB.txt,2015/10/01 01:39:44,2015/10/01 01:55:19,935105.000000
planetlab1.tsuniv.edu,planetlab1.arizona-gigapop.net,file1MB.txt,2015/10/01 01:55:19,2015/10/01 02:27:55,-1955594.000000
planetlab3.ucsd.edu,planetlab1.arizona-gigapop.net,file32B.txt,2015/10/01 02:27:55,2015/10/01 02:27:55,172.000000
planetlab3.ucsd.edu,planetlab1.arizona-gigapop.net,file1KB.txt,2015/10/01 02:27:55,2015/10/01 02:27:56,1880.000000
planetlab3.ucsd.edu,planetlab1.arizona-gigapop.net,file256KB.txt,2015/10/01 02:27:56,2015/10/01 02:28:04,7588.000000
planetlab3.ucsd.edu,planetlab1.arizona-gigapop.net,file512KB.txt,2015/10/01 02:28:04,2015/10/01 02:28:21,17227.000000
planetlab3.ucsd.edu,planetlab1.arizona-gigapop.net,file1MB.txt,2015/10/01 02:28:21,2015/10/01 02:28:54,32472.000000
node2.planetlab.mathcs.emory.edu,planetlab1.arizona-gigapop.net,file32B.txt,2015/10/01 02:28:54,2015/10/01 02:28:55,1310.000000
node2.planetlab.mathcs.emory.edu,planetlab1.arizona-gigapop.net,file1KB.txt,2015/10/01 02:28:55,2015/10/01 02:28:56,1666.000000
node2.planetlab.mathcs.emory.edu,planetlab1.arizona-gigapop.net,file256KB.txt,2015/10/01 02:28:56,2015/10/01 02:29:20,23132.000000
node2.planetlab.mathcs.emory.edu,planetlab1.arizona-gigapop.net,file512KB.txt,2015/10/01 02:29:20,2015/10/01 02:30:10,50178.000000
node2.planetlab.mathcs.emory.edu,planetlab1.arizona-gigapop.net,file1MB.txt,2015/10/01 02:30:10,2015/10/01 02:31:48,98164.000000
planetlab5.csee.usf.edu,planetlab1.arizona-gigapop.net,file32B.txt,2015/10/01 02:31:48,2015/10/01 02:31:49,1488.000000
planetlab5.csee.usf.edu,planetlab1.arizona-gigapop.net,file1KB.txt,2015/10/01 02:31:49,2015/10/01 02:31:49,423.000000
planetlab5.csee.usf.edu,planetlab1.arizona-gigapop.net,file256KB.txt,2015/10/01 02:31:49,2015/10/01 02:32:20,30865.000000
planetlab5.csee.usf.edu,planetlab1.arizona-gigapop.net,file512KB.txt,2015/10/01 02:32:20,2015/10/01 02:33:22,62050.000000
planetlab5.csee.usf.edu,planetlab1.arizona-gigapop.net,file1MB.txt,2015/10/01 02:33:22,2015/10/01 02:35:26,124282.000000
planetlab1.emich.edu,planetlab1.arizona-gigapop.net,file32B.txt,2015/10/01 02:35:26,2015/10/01 02:35:26,586.000000
planetlab1.emich.edu,planetlab1.arizona-gigapop.net,file1KB.txt,2015/10/01 02:35:26,2015/10/01 02:35:27,1551.000000
planetlab1.emich.edu,planetlab1.arizona-gigapop.net,file256KB.txt,2015/10/01 02:35:27,2015/10/01 02:36:00,32949.000000
planetlab1.emich.edu,planetlab1.arizona-gigapop.net,file512KB.txt,2015/10/01 02:36:00,2015/10/01 02:37:06,66283.000000
planetlab1.emich.edu,planetlab1.arizona-gigapop.net,file1MB.txt,2015/10/01 02:37:06,2015/10/01 02:39:17,130831.000000
ebb.colgate.edu,planetlab1.arizona-gigapop.net,file32B.txt,2015/10/01 02:39:17,2015/10/01 02:39:17,497.000000
ebb.colgate.edu,planetlab1.arizona-gigapop.net,file1KB.txt,2015/10/01 02:39:17,2015/10/01 02:39:18,1429.000000
ebb.colgate.edu,planetlab1.arizona-gigapop.net,file256KB.txt,2015/10/01 02:39:18,2015/10/01 02:40:06,47755.000000
ebb.colgate.edu,planetlab1.arizona-gigapop.net,file512KB.txt,2015/10/01 02:40:06,2015/10/01 02:41:45,98894.000000
ebb.colgate.edu,planetlab1.arizona-gigapop.net,file1MB.txt,2015/10/01 02:41:45,2015/10/01 02:45:05,200546.000000
kc-sce-plab2.umkc.edu,planetlab1.arizona-gigapop.net,file32B.txt,2015/10/01 02:45:05,2015/10/01 02:45:06,1192.000000
kc-sce-plab2.umkc.edu,planetlab1.arizona-gigapop.net,file1KB.txt,2015/10/01 02:45:06,2015/10/01 02:45:07,980.000000
kc-sce-plab2.umkc.edu,planetlab1.arizona-gigapop.net,file256KB.txt,2015/10/01 02:45:07,2015/10/01 02:46:56,108484.000000
kc-sce-plab2.umkc.edu,planetlab1.arizona-gigapop.net,file512KB.txt,2015/10/01 02:46:56,2015/10/01 02:50:39,223268.000000
kc-sce-plab2.umkc.edu,planetlab1.arizona-gigapop.net,file1MB.txt,2015/10/01 02:50:39,2015/10/01 03:02:16,696372.000000
node1.planetlab.mathcs.emory.edu,planetlab1.arizona-gigapop.net,file32B.txt,2015/10/01 03:02:16,2015/10/01 03:02:17,1663.000000
node1.planetlab.mathcs.emory.edu,planetlab1.arizona-gigapop.net,file1KB.txt,2015/10/01 03:02:17,2015/10/01 03:02:17,333.000000
node1.planetlab.mathcs.emory.edu,planetlab1.arizona-gigapop.net,file256KB.txt,2015/10/01 03:02:17,2015/10/01 03:02:42,25371.000000
node1.planetlab.mathcs.emory.edu,planetlab1.arizona-gigapop.net,file512KB.txt,2015/10/01 03:02:42,2015/10/01 03:03:31,48992.000000
node1.planetlab.mathcs.emory.edu,planetlab1.arizona-gigapop.net,file1MB.txt,2015/10/01 03:03:31,2015/10/01 03:05:09,97843.000000
pl1.cs.montana.edu,planetlab1.arizona-gigapop.net,file32B.txt,2015/10/01 03:05:09,2015/10/01 03:05:09,556.000000
pl1.cs.montana.edu,planetlab1.arizona-gigapop.net,file1KB.txt,2015/10/01 03:05:09,2015/10/01 03:05:10,1445.000000
pl1.cs.montana.edu,planetlab1.arizona-gigapop.net,file256KB.txt,2015/10/01 03:05:10,2015/10/01 03:05:51,41196.000000
pl1.cs.montana.edu,planetlab1.arizona-gigapop.net,file512KB.txt,2015/10/01 03:05:51,2015/10/01 03:07:12,80807.000000
pl1.cs.montana.edu,planetlab1.arizona-gigapop.net,file1MB.txt,2015/10/01 03:07:12,2015/10/01 03:09:54,162031.000000
plab3.eece.ksu.edu,planetlab1.arizona-gigapop.net,file32B.txt,2015/10/01 03:13:03,2015/10/01 03:13:04,1671.000000
plab3.eece.ksu.edu,planetlab1.arizona-gigapop.net,file1KB.txt,2015/10/01 03:13:04,2015/10/01 03:13:04,283.000000
plab3.eece.ksu.edu,planetlab1.arizona-gigapop.net,file256KB.txt,2015/10/01 03:13:04,2015/10/01 03:13:25,21083.000000
plab3.eece.ksu.edu,planetlab1.arizona-gigapop.net,file512KB.txt,2015/10/01 03:13:25,2015/10/01 03:14:06,40537.000000
plab3.eece.ksu.edu,planetlab1.arizona-gigapop.net,file1MB.txt,2015/10/01 03:14:06,2015/10/01 03:15:29,83261.000000
planet3.cc.gt.atl.ga.us,planetlab1.arizona-gigapop.net,file32B.txt,2015/10/01 03:15:29,2015/10/01 03:15:29,504.000000
planet3.cc.gt.atl.ga.us,planetlab1.arizona-gigapop.net,file1KB.txt,2015/10/01 03:15:29,2015/10/01 03:15:30,1671.000000
planet3.cc.gt.atl.ga.us,planetlab1.arizona-gigapop.net,file256KB.txt,2015/10/01 03:15:30,2015/10/01 03:15:55,25114.000000
planet3.cc.gt.atl.ga.us,planetlab1.arizona-gigapop.net,file512KB.txt,2015/10/01 03:15:55,2015/10/01 03:16:43,47280.000000
planet3.cc.gt.atl.ga.us,planetlab1.arizona-gigapop.net,file1MB.txt,2015/10/01 03:16:43,2015/10/01 03:18:21,98443.000000
planetlab-02.bu.edu,planetlab1.arizona-gigapop.net,file32B.txt,2015/10/01 03:18:21,2015/10/01 03:18:22,1420.000000
planetlab-02.bu.edu,planetlab1.arizona-gigapop.net,file1KB.txt,2015/10/01 03:18:22,2015/10/01 03:18:22,594.000000
planetlab-02.bu.edu,planetlab1.arizona-gigapop.net,file256KB.txt,2015/10/01 03:18:22,2015/10/01 03:19:06,-44404.000000
planetlab-02.bu.edu,planetlab1.arizona-gigapop.net,file512KB.txt,2015/10/01 03:19:06,2015/10/01 03:20:33,87240.000000
planetlab-02.bu.edu,planetlab1.arizona-gigapop.net,file1MB.txt,2015/10/01 03:20:33,2015/10/01 03:23:26,172500.000000
planetlab1.clemson.edu,planetlab1.arizona-gigapop.net,file32B.txt,2015/10/01 03:26:35,2015/10/01 03:26:36,1597.000000
planetlab1.clemson.edu,planetlab1.arizona-gigapop.net,file1KB.txt,2015/10/01 03:26:36,2015/10/01 03:26:36,348.000000
planetlab1.clemson.edu,planetlab1.arizona-gigapop.net,file256KB.txt,2015/10/01 03:26:36,2015/10/01 03:27:02,26347.000000
planetlab1.clemson.edu,planetlab1.arizona-gigapop.net,file512KB.txt,2015/10/01 03:27:02,2015/10/01 03:27:53,50961.000000
planetlab1.clemson.edu,planetlab1.arizona-gigapop.net,file1MB.txt,2015/10/01 03:27:53,2015/10/01 03:29:35,102197.000000
planetlab1.cs.du.edu,planetlab1.arizona-gigapop.net,file32B.txt,2015/10/01 03:29:35,2015/10/01 03:29:35,394.000000
planetlab1.cs.du.edu,planetlab1.arizona-gigapop.net,file1KB.txt,2015/10/01 03:29:35,2015/10/01 03:29:36,1557.000000
planetlab1.cs.du.edu,planetlab1.arizona-gigapop.net,file256KB.txt,2015/10/01 03:29:36,2015/10/01 03:30:08,31567.000000
planetlab1.cs.du.edu,planetlab1.arizona-gigapop.net,file512KB.txt,2015/10/01 03:30:08,2015/10/01 03:31:13,65478.000000
planetlab1.cs.du.edu,planetlab1.arizona-gigapop.net,file1MB.txt,2015/10/01 03:31:13,2015/10/01 03:33:23,129755.000000
planetlab-1.cse.ohio-state.edu,planetlab1.arizona-gigapop.net,file32B.txt,2015/10/01 03:33:23,2015/10/01 03:33:35,12294.000000
planetlab-1.cse.ohio-state.edu,planetlab1.arizona-gigapop.net,file1KB.txt,2015/10/01 03:33:35,2015/10/01 03:33:41,5579.000000
planetlab-1.cse.ohio-state.edu,planetlab1.arizona-gigapop.net,file256KB.txt,2015/10/01 03:33:41,2015/10/01 03:53:54,1213456.000000
