planetlab1.unr.edu,planetlab4.cnds.jhu.edu,file32B.txt,2015/09/30 20:58:55,2015/09/30 20:58:56,1318.000000
planetlab1.unr.edu,planetlab4.cnds.jhu.edu,file1KB.txt,2015/09/30 20:58:56,2015/09/30 20:58:57,1402.000000
planetlab1.unr.edu,planetlab4.cnds.jhu.edu,file256KB.txt,2015/09/30 20:58:57,2015/09/30 20:59:28,30243.000000
planetlab1.unr.edu,planetlab4.cnds.jhu.edu,file512KB.txt,2015/09/30 20:59:28,2015/09/30 21:00:31,62993.000000
planetlab1.unr.edu,planetlab4.cnds.jhu.edu,file1MB.txt,2015/09/30 21:00:31,2015/09/30 21:02:37,126734.000000
pl2.cs.unm.edu,planetlab4.cnds.jhu.edu,file32B.txt,2015/09/30 21:02:37,2015/09/30 21:02:37,474.000000
pl2.cs.unm.edu,planetlab4.cnds.jhu.edu,file1KB.txt,2015/09/30 21:02:37,2015/09/30 21:02:38,1252.000000
pl2.cs.unm.edu,planetlab4.cnds.jhu.edu,file256KB.txt,2015/09/30 21:02:38,2015/09/30 21:03:05,27190.000000
pl2.cs.unm.edu,planetlab4.cnds.jhu.edu,file512KB.txt,2015/09/30 21:03:05,2015/09/30 21:03:58,52815.000000
pl2.cs.unm.edu,planetlab4.cnds.jhu.edu,file1MB.txt,2015/09/30 21:03:58,2015/09/30 21:05:44,105588.000000
planetlab2.cnis.nyit.edu,planetlab4.cnds.jhu.edu,file32B.txt,2015/09/30 21:05:44,2015/09/30 21:05:45,1766.000000
planetlab2.cnis.nyit.edu,planetlab4.cnds.jhu.edu,file1KB.txt,2015/09/30 21:05:45,2015/09/30 21:05:45,147.000000
planetlab2.cnis.nyit.edu,planetlab4.cnds.jhu.edu,file256KB.txt,2015/09/30 21:05:45,2015/09/30 21:05:53,7742.000000
planetlab2.cnis.nyit.edu,planetlab4.cnds.jhu.edu,file512KB.txt,2015/09/30 21:05:53,2015/09/30 21:06:10,17377.000000
planetlab2.cnis.nyit.edu,planetlab4.cnds.jhu.edu,file1MB.txt,2015/09/30 21:06:10,2015/09/30 21:06:43,32669.000000
planetlab2.rutgers.edu,planetlab4.cnds.jhu.edu,file32B.txt,2015/09/30 21:06:43,2015/09/30 21:06:43,471.000000
planetlab2.rutgers.edu,planetlab4.cnds.jhu.edu,file1KB.txt,2015/09/30 21:06:43,2015/09/30 21:06:44,1617.000000
planetlab2.rutgers.edu,planetlab4.cnds.jhu.edu,file256KB.txt,2015/09/30 21:06:44,2015/09/30 21:06:54,9341.000000
planetlab2.rutgers.edu,planetlab4.cnds.jhu.edu,file512KB.txt,2015/09/30 21:06:54,2015/09/30 21:07:13,19210.000000
planetlab2.rutgers.edu,planetlab4.cnds.jhu.edu,file1MB.txt,2015/09/30 21:07:13,2015/09/30 21:08:33,80534.000000
planetlab2.ucsd.edu,planetlab4.cnds.jhu.edu,file32B.txt,2015/09/30 21:08:33,2015/09/30 21:08:33,632.000000
planetlab2.ucsd.edu,planetlab4.cnds.jhu.edu,file1KB.txt,2015/09/30 21:08:33,2015/09/30 21:08:34,1351.000000
planetlab2.ucsd.edu,planetlab4.cnds.jhu.edu,file256KB.txt,2015/09/30 21:08:34,2015/09/30 21:09:13,38805.000000
planetlab2.ucsd.edu,planetlab4.cnds.jhu.edu,file512KB.txt,2015/09/30 21:09:13,2015/09/30 21:10:31,78144.000000
planetlab2.ucsd.edu,planetlab4.cnds.jhu.edu,file1MB.txt,2015/09/30 21:10:31,2015/09/30 21:13:07,155693.000000
planetlab3.cs.uoregon.edu,planetlab4.cnds.jhu.edu,file32B.txt,2015/09/30 21:13:07,2015/09/30 21:13:09,2766.000000
planetlab3.cs.uoregon.edu,planetlab4.cnds.jhu.edu,file1KB.txt,2015/09/30 21:13:09,2015/09/30 21:13:11,1803.000000
planetlab3.cs.uoregon.edu,planetlab4.cnds.jhu.edu,file256KB.txt,2015/09/30 21:13:11,2015/09/30 21:14:01,49645.000000
planetlab3.cs.uoregon.edu,planetlab4.cnds.jhu.edu,file512KB.txt,2015/09/30 21:14:01,2015/09/30 21:15:41,99997.000000
planetlab3.cs.uoregon.edu,planetlab4.cnds.jhu.edu,file1MB.txt,2015/09/30 21:15:41,2015/09/30 21:19:00,199220.000000
planetlab-01.bu.edu,planetlab4.cnds.jhu.edu,file32B.txt,2015/09/30 21:19:00,2015/09/30 21:19:00,224.000000
planetlab-01.bu.edu,planetlab4.cnds.jhu.edu,file1KB.txt,2015/09/30 21:19:00,2015/09/30 21:19:00,208.000000
planetlab-01.bu.edu,planetlab4.cnds.jhu.edu,file256KB.txt,2015/09/30 21:19:00,2015/09/30 21:19:11,11816.000000
planetlab-01.bu.edu,planetlab4.cnds.jhu.edu,file512KB.txt,2015/09/30 21:19:11,2015/09/30 21:19:32,20263.000000
planetlab-01.bu.edu,planetlab4.cnds.jhu.edu,file1MB.txt,2015/09/30 21:19:32,2015/09/30 21:20:13,41508.000000
planetlab4.cnds.jhu.edu,planetlab4.cnds.jhu.edu,file32B.txt,2015/09/30 21:20:13,2015/09/30 21:20:13,101.000000
planetlab4.cnds.jhu.edu,planetlab4.cnds.jhu.edu,file1KB.txt,2015/09/30 21:20:13,2015/09/30 21:20:13,99.000000
planetlab4.cnds.jhu.edu,planetlab4.cnds.jhu.edu,file256KB.txt,2015/09/30 21:20:13,2015/09/30 21:20:13,109.000000
planetlab4.cnds.jhu.edu,planetlab4.cnds.jhu.edu,file512KB.txt,2015/09/30 21:20:13,2015/09/30 21:20:13,145.000000
planetlab4.cnds.jhu.edu,planetlab4.cnds.jhu.edu,file1MB.txt,2015/09/30 21:20:13,2015/09/30 21:20:14,1804.000000
planetlabtwo.ccs.neu.edu,planetlab4.cnds.jhu.edu,file32B.txt,2015/09/30 21:20:14,2015/09/30 21:20:14,350.000000
planetlabtwo.ccs.neu.edu,planetlab4.cnds.jhu.edu,file1KB.txt,2015/09/30 21:20:14,2015/09/30 21:20:14,242.000000
planetlabtwo.ccs.neu.edu,planetlab4.cnds.jhu.edu,file256KB.txt,2015/09/30 21:20:14,2015/09/30 21:20:22,7953.000000
planetlabtwo.ccs.neu.edu,planetlab4.cnds.jhu.edu,file512KB.txt,2015/09/30 21:20:22,2015/09/30 21:20:38,-15812.000000
planetlabtwo.ccs.neu.edu,planetlab4.cnds.jhu.edu,file1MB.txt,2015/09/30 21:20:38,2015/09/30 21:21:10,32166.000000
planetlab1.cs.purdue.edu,planetlab4.cnds.jhu.edu,file32B.txt,2015/09/30 21:21:10,2015/09/30 21:21:11,1632.000000
planetlab1.cs.purdue.edu,planetlab4.cnds.jhu.edu,file1KB.txt,2015/09/30 21:21:11,2015/09/30 21:21:11,372.000000
planetlab1.cs.purdue.edu,planetlab4.cnds.jhu.edu,file256KB.txt,2015/09/30 21:21:11,2015/09/30 21:21:34,23384.000000
planetlab1.cs.purdue.edu,planetlab4.cnds.jhu.edu,file512KB.txt,2015/09/30 21:21:34,2015/09/30 21:22:14,39925.000000
planetlab1.cs.purdue.edu,planetlab4.cnds.jhu.edu,file1MB.txt,2015/09/30 21:22:14,2015/09/30 21:23:34,80062.000000
planetlab2.tsuniv.edu,planetlab4.cnds.jhu.edu,file32B.txt,2015/09/30 21:23:34,2015/09/30 21:23:35,673.000000
planetlab2.tsuniv.edu,planetlab4.cnds.jhu.edu,file1KB.txt,2015/09/30 21:23:35,2015/09/30 21:23:36,532.000000
planetlab2.tsuniv.edu,planetlab4.cnds.jhu.edu,file256KB.txt,2015/09/30 21:23:36,2015/09/30 21:24:05,29518.000000
planetlab2.tsuniv.edu,planetlab4.cnds.jhu.edu,file512KB.txt,2015/09/30 21:24:05,2015/09/30 21:24:58,52920.000000
planetlab2.tsuniv.edu,planetlab4.cnds.jhu.edu,file1MB.txt,2015/09/30 21:24:58,2015/09/30 21:26:38,99826.000000
planetlab1.tsuniv.edu,planetlab4.cnds.jhu.edu,file32B.txt,2015/09/30 21:26:38,2015/09/30 21:26:39,1564.000000
planetlab1.tsuniv.edu,planetlab4.cnds.jhu.edu,file1KB.txt,2015/09/30 21:26:39,2015/09/30 21:26:42,2533.000000
planetlab1.tsuniv.edu,planetlab4.cnds.jhu.edu,file256KB.txt,2015/09/30 21:26:42,2015/09/30 21:27:07,25010.000000
planetlab1.tsuniv.edu,planetlab4.cnds.jhu.edu,file512KB.txt,2015/09/30 21:27:07,2015/09/30 21:27:57,50229.000000
planetlab1.tsuniv.edu,planetlab4.cnds.jhu.edu,file1MB.txt,2015/09/30 21:27:57,2015/09/30 21:29:36,98686.000000
planetlab3.ucsd.edu,planetlab4.cnds.jhu.edu,file32B.txt,2015/09/30 21:29:36,2015/09/30 21:29:37,1002.000000
planetlab3.ucsd.edu,planetlab4.cnds.jhu.edu,file1KB.txt,2015/09/30 21:29:37,2015/09/30 21:29:38,1264.000000
planetlab3.ucsd.edu,planetlab4.cnds.jhu.edu,file256KB.txt,2015/09/30 21:29:38,2015/09/30 21:30:18,39791.000000
planetlab3.ucsd.edu,planetlab4.cnds.jhu.edu,file512KB.txt,2015/09/30 21:30:18,2015/09/30 21:31:37,79123.000000
planetlab3.ucsd.edu,planetlab4.cnds.jhu.edu,file1MB.txt,2015/09/30 21:31:37,2015/09/30 21:34:16,158832.000000
node2.planetlab.mathcs.emory.edu,planetlab4.cnds.jhu.edu,file32B.txt,2015/09/30 21:34:17,2015/09/30 21:34:17,157.000000
node2.planetlab.mathcs.emory.edu,planetlab4.cnds.jhu.edu,file1KB.txt,2015/09/30 21:34:17,2015/09/30 21:34:17,182.000000
node2.planetlab.mathcs.emory.edu,planetlab4.cnds.jhu.edu,file256KB.txt,2015/09/30 21:34:17,2015/09/30 21:34:27,10657.000000
node2.planetlab.mathcs.emory.edu,planetlab4.cnds.jhu.edu,file512KB.txt,2015/09/30 21:34:27,2015/09/30 21:34:45,17848.000000
node2.planetlab.mathcs.emory.edu,planetlab4.cnds.jhu.edu,file1MB.txt,2015/09/30 21:34:45,2015/09/30 21:35:22,37038.000000
planetlab5.csee.usf.edu,planetlab4.cnds.jhu.edu,file32B.txt,2015/09/30 21:35:22,2015/09/30 21:35:22,288.000000
planetlab5.csee.usf.edu,planetlab4.cnds.jhu.edu,file1KB.txt,2015/09/30 21:35:22,2015/09/30 21:35:22,294.000000
planetlab5.csee.usf.edu,planetlab4.cnds.jhu.edu,file256KB.txt,2015/09/30 21:35:22,2015/09/30 21:35:38,16282.000000
planetlab5.csee.usf.edu,planetlab4.cnds.jhu.edu,file512KB.txt,2015/09/30 21:35:38,2015/09/30 21:36:10,32155.000000
planetlab5.csee.usf.edu,planetlab4.cnds.jhu.edu,file1MB.txt,2015/09/30 21:36:10,2015/09/30 21:37:12,61695.000000
planetlab1.emich.edu,planetlab4.cnds.jhu.edu,file32B.txt,2015/09/30 21:37:12,2015/09/30 21:37:12,296.000000
planetlab1.emich.edu,planetlab4.cnds.jhu.edu,file1KB.txt,2015/09/30 21:37:12,2015/09/30 21:37:13,1742.000000
planetlab1.emich.edu,planetlab4.cnds.jhu.edu,file256KB.txt,2015/09/30 21:37:13,2015/09/30 21:37:24,10355.000000
planetlab1.emich.edu,planetlab4.cnds.jhu.edu,file512KB.txt,2015/09/30 21:37:24,2015/09/30 21:37:48,24755.000000
planetlab1.emich.edu,planetlab4.cnds.jhu.edu,file1MB.txt,2015/09/30 21:37:48,2015/09/30 21:38:34,45536.000000
ebb.colgate.edu,planetlab4.cnds.jhu.edu,file32B.txt,2015/09/30 21:38:34,2015/09/30 21:38:34,164.000000
ebb.colgate.edu,planetlab4.cnds.jhu.edu,file1KB.txt,2015/09/30 21:38:34,2015/09/30 21:38:35,1801.000000
ebb.colgate.edu,planetlab4.cnds.jhu.edu,file256KB.txt,2015/09/30 21:38:35,2015/09/30 21:38:48,12756.000000
ebb.colgate.edu,planetlab4.cnds.jhu.edu,file512KB.txt,2015/09/30 21:38:48,2015/09/30 21:39:07,18655.000000
ebb.colgate.edu,planetlab4.cnds.jhu.edu,file1MB.txt,2015/09/30 21:39:07,2015/09/30 21:39:47,40438.000000
kc-sce-plab2.umkc.edu,planetlab4.cnds.jhu.edu,file32B.txt,2015/09/30 21:39:47,2015/09/30 21:39:47,287.000000
kc-sce-plab2.umkc.edu,planetlab4.cnds.jhu.edu,file1KB.txt,2015/09/30 21:39:47,2015/09/30 21:39:47,277.000000
kc-sce-plab2.umkc.edu,planetlab4.cnds.jhu.edu,file256KB.txt,2015/09/30 21:39:47,2015/09/30 21:40:25,38565.000000
kc-sce-plab2.umkc.edu,planetlab4.cnds.jhu.edu,file512KB.txt,2015/09/30 21:40:25,2015/09/30 21:42:15,110039.000000
kc-sce-plab2.umkc.edu,planetlab4.cnds.jhu.edu,file1MB.txt,2015/09/30 21:42:15,2015/09/30 21:44:55,159588.000000
node1.planetlab.mathcs.emory.edu,planetlab4.cnds.jhu.edu,file32B.txt,2015/09/30 21:44:55,2015/09/30 21:44:55,165.000000
node1.planetlab.mathcs.emory.edu,planetlab4.cnds.jhu.edu,file1KB.txt,2015/09/30 21:44:55,2015/09/30 21:44:55,184.000000
node1.planetlab.mathcs.emory.edu,planetlab4.cnds.jhu.edu,file256KB.txt,2015/09/30 21:44:55,2015/09/30 21:45:05,10885.000000
node1.planetlab.mathcs.emory.edu,planetlab4.cnds.jhu.edu,file512KB.txt,2015/09/30 21:45:05,2015/09/30 21:45:23,17704.000000
node1.planetlab.mathcs.emory.edu,planetlab4.cnds.jhu.edu,file1MB.txt,2015/09/30 21:45:23,2015/09/30 21:45:59,35526.000000
pl1.cs.montana.edu,planetlab4.cnds.jhu.edu,file32B.txt,2015/09/30 21:45:59,2015/09/30 21:46:00,935.000000
pl1.cs.montana.edu,planetlab4.cnds.jhu.edu,file1KB.txt,2015/09/30 21:46:00,2015/09/30 21:46:01,1177.000000
pl1.cs.montana.edu,planetlab4.cnds.jhu.edu,file256KB.txt,2015/09/30 21:46:01,2015/09/30 21:46:58,57043.000000
pl1.cs.montana.edu,planetlab4.cnds.jhu.edu,file512KB.txt,2015/09/30 21:46:58,2015/09/30 21:48:51,112728.000000
pl1.cs.montana.edu,planetlab4.cnds.jhu.edu,file1MB.txt,2015/09/30 21:48:51,2015/09/30 21:52:38,227804.000000
pl3.cs.unm.edu,planetlab4.cnds.jhu.edu,file32B.txt,2015/09/30 21:52:38,2015/09/30 21:52:38,507.000000
pl3.cs.unm.edu,planetlab4.cnds.jhu.edu,file1KB.txt,2015/09/30 21:52:38,2015/09/30 21:52:39,1581.000000
pl3.cs.unm.edu,planetlab4.cnds.jhu.edu,file256KB.txt,2015/09/30 21:52:39,2015/09/30 21:53:05,25323.000000
pl3.cs.unm.edu,planetlab4.cnds.jhu.edu,file512KB.txt,2015/09/30 21:53:05,2015/09/30 21:53:58,53079.000000
pl3.cs.unm.edu,planetlab4.cnds.jhu.edu,file1MB.txt,2015/09/30 21:53:58,2015/09/30 21:55:44,106410.000000
plab3.eece.ksu.edu,planetlab4.cnds.jhu.edu,file32B.txt,2015/09/30 21:55:44,2015/09/30 21:55:44,387.000000
plab3.eece.ksu.edu,planetlab4.cnds.jhu.edu,file1KB.txt,2015/09/30 21:55:44,2015/09/30 21:55:45,1609.000000
plab3.eece.ksu.edu,planetlab4.cnds.jhu.edu,file256KB.txt,2015/09/30 21:55:45,2015/09/30 21:56:03,17565.000000
plab3.eece.ksu.edu,planetlab4.cnds.jhu.edu,file512KB.txt,2015/09/30 21:56:03,2015/09/30 21:56:41,38396.000000
plab3.eece.ksu.edu,planetlab4.cnds.jhu.edu,file1MB.txt,2015/09/30 21:56:41,2015/09/30 21:57:53,71524.000000
planet3.cc.gt.atl.ga.us,planetlab4.cnds.jhu.edu,file32B.txt,2015/09/30 21:57:53,2015/09/30 21:57:53,205.000000
planet3.cc.gt.atl.ga.us,planetlab4.cnds.jhu.edu,file1KB.txt,2015/09/30 21:57:53,2015/09/30 21:57:53,171.000000
planet3.cc.gt.atl.ga.us,planetlab4.cnds.jhu.edu,file256KB.txt,2015/09/30 21:57:53,2015/09/30 21:58:02,9226.000000
planet3.cc.gt.atl.ga.us,planetlab4.cnds.jhu.edu,file512KB.txt,2015/09/30 21:58:02,2015/09/30 21:58:20,18408.000000
planet3.cc.gt.atl.ga.us,planetlab4.cnds.jhu.edu,file1MB.txt,2015/09/30 21:58:20,2015/09/30 21:58:56,35928.000000
planetlab-02.bu.edu,planetlab4.cnds.jhu.edu,file32B.txt,2015/09/30 21:58:56,2015/09/30 21:58:56,208.000000
planetlab-02.bu.edu,planetlab4.cnds.jhu.edu,file1KB.txt,2015/09/30 21:58:56,2015/09/30 21:58:56,197.000000
planetlab-02.bu.edu,planetlab4.cnds.jhu.edu,file256KB.txt,2015/09/30 21:58:56,2015/09/30 21:59:07,11562.000000
planetlab-02.bu.edu,planetlab4.cnds.jhu.edu,file512KB.txt,2015/09/30 21:59:07,2015/09/30 21:59:28,21086.000000
planetlab-02.bu.edu,planetlab4.cnds.jhu.edu,file1MB.txt,2015/09/30 21:59:28,2015/09/30 22:00:09,40555.000000
planetlab1.clemson.edu,planetlab4.cnds.jhu.edu,file32B.txt,2015/09/30 22:00:31,2015/09/30 22:00:31,395.000000
planetlab1.clemson.edu,planetlab4.cnds.jhu.edu,file1KB.txt,2015/09/30 22:00:31,2015/09/30 22:00:31,254.000000
planetlab1.clemson.edu,planetlab4.cnds.jhu.edu,file256KB.txt,2015/09/30 22:00:31,2015/09/30 22:00:42,11585.000000
planetlab1.clemson.edu,planetlab4.cnds.jhu.edu,file512KB.txt,2015/09/30 22:00:42,2015/09/30 22:01:02,19381.000000
planetlab1.clemson.edu,planetlab4.cnds.jhu.edu,file1MB.txt,2015/09/30 22:01:02,2015/09/30 22:01:43,40963.000000
planetlab1.cs.du.edu,planetlab4.cnds.jhu.edu,file32B.txt,2015/09/30 22:01:44,2015/09/30 22:01:45,1048.000000
planetlab1.cs.du.edu,planetlab4.cnds.jhu.edu,file1KB.txt,2015/09/30 22:01:45,2015/09/30 22:01:46,1418.000000
planetlab1.cs.du.edu,planetlab4.cnds.jhu.edu,file256KB.txt,2015/09/30 22:01:46,2015/09/30 22:02:09,22732.000000
planetlab1.cs.du.edu,planetlab4.cnds.jhu.edu,file512KB.txt,2015/09/30 22:02:09,2015/09/30 22:02:54,45325.000000
planetlab1.cs.du.edu,planetlab4.cnds.jhu.edu,file1MB.txt,2015/09/30 22:02:54,2015/09/30 22:04:23,88913.000000
planetlab-1.cse.ohio-state.edu,planetlab4.cnds.jhu.edu,file32B.txt,2015/09/30 22:04:23,2015/09/30 22:04:23,413.000000
planetlab-1.cse.ohio-state.edu,planetlab4.cnds.jhu.edu,file1KB.txt,2015/09/30 22:04:23,2015/09/30 22:04:24,1504.000000
planetlab-1.cse.ohio-state.edu,planetlab4.cnds.jhu.edu,file256KB.txt,2015/09/30 22:04:24,2015/09/30 22:06:18,113960.000000
planetlab-1.cse.ohio-state.edu,planetlab4.cnds.jhu.edu,file512KB.txt,2015/09/30 22:06:18,2015/09/30 22:08:08,109955.000000
planetlab-1.cse.ohio-state.edu,planetlab4.cnds.jhu.edu,file1MB.txt,2015/09/30 22:08:08,2015/09/30 22:11:54,226419.000000
planetlab1.cs.okstate.edu,planetlab4.cnds.jhu.edu,file32B.txt,2015/09/30 22:11:54,2015/09/30 22:11:54,437.000000
planetlab1.cs.okstate.edu,planetlab4.cnds.jhu.edu,file1KB.txt,2015/09/30 22:11:54,2015/09/30 22:11:54,421.000000
planetlab1.cs.okstate.edu,planetlab4.cnds.jhu.edu,file256KB.txt,2015/09/30 22:11:54,2015/09/30 22:12:18,24084.000000
planetlab1.cs.okstate.edu,planetlab4.cnds.jhu.edu,file512KB.txt,2015/09/30 22:12:18,2015/09/30 22:13:06,48345.000000
planetlab1.cs.okstate.edu,planetlab4.cnds.jhu.edu,file1MB.txt,2015/09/30 22:13:06,2015/09/30 22:14:41,95307.000000
planetlab1.cs.ucla.edu,planetlab4.cnds.jhu.edu,file32B.txt,2015/09/30 22:14:41,2015/09/30 22:14:41,570.000000
planetlab1.cs.ucla.edu,planetlab4.cnds.jhu.edu,file1KB.txt,2015/09/30 22:14:41,2015/09/30 22:14:42,1415.000000
planetlab1.cs.ucla.edu,planetlab4.cnds.jhu.edu,file256KB.txt,2015/09/30 22:14:42,2015/09/30 22:15:22,40190.000000
planetlab1.cs.ucla.edu,planetlab4.cnds.jhu.edu,file512KB.txt,2015/09/30 22:15:22,2015/09/30 22:16:39,76617.000000
planetlab1.cs.ucla.edu,planetlab4.cnds.jhu.edu,file1MB.txt,2015/09/30 22:16:39,2015/09/30 22:19:12,153211.000000
planetlab1.csuohio.edu,planetlab4.cnds.jhu.edu,file32B.txt,2015/09/30 22:19:12,2015/09/30 22:19:12,213.000000
planetlab1.csuohio.edu,planetlab4.cnds.jhu.edu,file1KB.txt,2015/09/30 22:19:12,2015/09/30 22:19:12,235.000000
planetlab1.csuohio.edu,planetlab4.cnds.jhu.edu,file256KB.txt,2015/09/30 22:19:12,2015/09/30 22:19:26,13911.000000
planetlab1.csuohio.edu,planetlab4.cnds.jhu.edu,file512KB.txt,2015/09/30 22:19:26,2015/09/30 22:19:55,29787.000000
planetlab1.csuohio.edu,planetlab4.cnds.jhu.edu,file1MB.txt,2015/09/30 22:19:55,2015/09/30 22:20:51,55217.000000
planetlab1.emich.edu,planetlab4.cnds.jhu.edu,file32B.txt,2015/09/30 22:20:51,2015/09/30 22:20:52,1764.000000
planetlab1.emich.edu,planetlab4.cnds.jhu.edu,file1KB.txt,2015/09/30 22:20:52,2015/09/30 22:20:52,266.000000
planetlab1.emich.edu,planetlab4.cnds.jhu.edu,file256KB.txt,2015/09/30 22:20:52,2015/09/30 22:21:04,12327.000000
planetlab1.emich.edu,planetlab4.cnds.jhu.edu,file512KB.txt,2015/09/30 22:21:04,2015/09/30 22:21:27,22837.000000
planetlab1.emich.edu,planetlab4.cnds.jhu.edu,file1MB.txt,2015/09/30 22:21:27,2015/09/30 22:22:13,45818.000000
planetlab1.ucsd.edu,planetlab4.cnds.jhu.edu,file32B.txt,2015/09/30 22:22:34,2015/09/30 22:22:35,1425.000000
planetlab1.ucsd.edu,planetlab4.cnds.jhu.edu,file1KB.txt,2015/09/30 22:22:35,2015/09/30 22:22:35,637.000000
planetlab1.ucsd.edu,planetlab4.cnds.jhu.edu,file256KB.txt,2015/09/30 22:22:35,2015/09/30 22:23:15,40507.000000
planetlab1.ucsd.edu,planetlab4.cnds.jhu.edu,file512KB.txt,2015/09/30 22:23:15,2015/09/30 22:24:33,77304.000000
planetlab1.ucsd.edu,planetlab4.cnds.jhu.edu,file1MB.txt,2015/09/30 22:24:33,2015/09/30 22:27:10,157394.000000
planetlab2.acis.ufl.edu,planetlab4.cnds.jhu.edu,file32B.txt,2015/09/30 22:27:10,2015/09/30 22:27:10,300.000000
planetlab2.acis.ufl.edu,planetlab4.cnds.jhu.edu,file1KB.txt,2015/09/30 22:27:10,2015/09/30 22:27:11,1703.000000
planetlab2.acis.ufl.edu,planetlab4.cnds.jhu.edu,file256KB.txt,2015/09/30 22:27:11,2015/09/30 22:27:27,16077.000000
planetlab2.acis.ufl.edu,planetlab4.cnds.jhu.edu,file512KB.txt,2015/09/30 22:27:27,2015/09/30 22:27:58,30413.000000
planetlab2.acis.ufl.edu,planetlab4.cnds.jhu.edu,file1MB.txt,2015/09/30 22:27:58,2015/09/30 22:29:01,62955.000000
planetlab2.arizona-gigapop.net,planetlab4.cnds.jhu.edu,file32B.txt,2015/09/30 22:29:01,2015/09/30 22:29:02,1404.000000
planetlab2.arizona-gigapop.net,planetlab4.cnds.jhu.edu,file1KB.txt,2015/09/30 22:29:02,2015/09/30 22:29:03,1309.000000
planetlab2.arizona-gigapop.net,planetlab4.cnds.jhu.edu,file256KB.txt,2015/09/30 22:29:03,2015/09/30 22:29:35,31422.000000
planetlab2.arizona-gigapop.net,planetlab4.cnds.jhu.edu,file512KB.txt,2015/09/30 22:29:35,2015/09/30 22:30:39,63778.000000
planetlab2.arizona-gigapop.net,planetlab4.cnds.jhu.edu,file1MB.txt,2015/09/30 22:30:39,2015/09/30 22:32:47,-127967.000000
planetlab2.citadel.edu,planetlab4.cnds.jhu.edu,file32B.txt,2015/09/30 22:32:47,2015/09/30 22:32:48,1750.000000
planetlab2.citadel.edu,planetlab4.cnds.jhu.edu,file1KB.txt,2015/09/30 22:32:48,2015/09/30 22:32:48,358.000000
planetlab2.citadel.edu,planetlab4.cnds.jhu.edu,file256KB.txt,2015/09/30 22:32:48,2015/09/30 22:33:02,13674.000000
planetlab2.citadel.edu,planetlab4.cnds.jhu.edu,file512KB.txt,2015/09/30 22:33:02,2015/09/30 22:33:31,29459.000000
planetlab2.citadel.edu,planetlab4.cnds.jhu.edu,file1MB.txt,2015/09/30 22:33:31,2015/09/30 22:34:28,57161.000000
planetlab2.cs.pitt.edu,planetlab4.cnds.jhu.edu,file32B.txt,2015/09/30 22:34:28,2015/09/30 22:34:28,161.000000
planetlab2.cs.pitt.edu,planetlab4.cnds.jhu.edu,file1KB.txt,2015/09/30 22:34:28,2015/09/30 22:34:28,178.000000
planetlab2.cs.pitt.edu,planetlab4.cnds.jhu.edu,file256KB.txt,2015/09/30 22:34:28,2015/09/30 22:34:35,7335.000000
planetlab2.cs.pitt.edu,planetlab4.cnds.jhu.edu,file512KB.txt,2015/09/30 22:34:35,2015/09/30 22:34:48,13016.000000
planetlab2.cs.pitt.edu,planetlab4.cnds.jhu.edu,file1MB.txt,2015/09/30 22:34:48,2015/09/30 22:35:13,24301.000000
planetlab2.cs.purdue.edu,planetlab4.cnds.jhu.edu,file32B.txt,2015/09/30 22:35:13,2015/09/30 22:35:14,1637.000000
planetlab2.cs.purdue.edu,planetlab4.cnds.jhu.edu,file1KB.txt,2015/09/30 22:35:14,2015/09/30 22:35:14,339.000000
planetlab2.cs.purdue.edu,planetlab4.cnds.jhu.edu,file256KB.txt,2015/09/30 22:35:14,2015/09/30 22:35:35,20971.000000
planetlab2.cs.purdue.edu,planetlab4.cnds.jhu.edu,file512KB.txt,2015/09/30 22:35:35,2015/09/30 22:36:19,44041.000000
planetlab2.cs.purdue.edu,planetlab4.cnds.jhu.edu,file1MB.txt,2015/09/30 22:36:19,2015/09/30 22:37:50,90866.000000
planetlab2.cs.uml.edu,planetlab4.cnds.jhu.edu,file32B.txt,2015/09/30 22:38:33,2015/09/30 22:38:33,228.000000
planetlab2.cs.uml.edu,planetlab4.cnds.jhu.edu,file1KB.txt,2015/09/30 22:38:33,2015/09/30 22:38:33,244.000000
planetlab2.cs.uml.edu,planetlab4.cnds.jhu.edu,file256KB.txt,2015/09/30 22:38:33,2015/09/30 22:38:44,11068.000000
planetlab2.cs.uml.edu,planetlab4.cnds.jhu.edu,file512KB.txt,2015/09/30 22:38:44,2015/09/30 22:39:07,22893.000000
planetlab2.cs.uml.edu,planetlab4.cnds.jhu.edu,file1MB.txt,2015/09/30 22:39:07,2015/09/30 22:39:54,47266.000000
planetlab2.cs.unc.edu,planetlab4.cnds.jhu.edu,file32B.txt,2015/09/30 22:39:54,2015/09/30 22:39:54,267.000000
planetlab2.cs.unc.edu,planetlab4.cnds.jhu.edu,file1KB.txt,2015/09/30 22:39:54,2015/09/30 22:39:54,306.000000
planetlab2.cs.unc.edu,planetlab4.cnds.jhu.edu,file256KB.txt,2015/09/30 22:39:54,2015/09/30 22:40:08,13970.000000
planetlab2.cs.unc.edu,planetlab4.cnds.jhu.edu,file512KB.txt,2015/09/30 22:40:08,2015/09/30 22:40:36,28597.000000
planetlab2.cs.unc.edu,planetlab4.cnds.jhu.edu,file1MB.txt,2015/09/30 22:40:36,2015/09/30 22:41:30,53605.000000
planetlab2.cs.uoregon.edu,planetlab4.cnds.jhu.edu,file32B.txt,2015/09/30 22:41:30,2015/09/30 22:41:31,1365.000000
planetlab2.cs.uoregon.edu,planetlab4.cnds.jhu.edu,file1KB.txt,2015/09/30 22:41:31,2015/09/30 22:41:32,1203.000000
planetlab2.cs.uoregon.edu,planetlab4.cnds.jhu.edu,file256KB.txt,2015/09/30 22:41:32,2015/09/30 22:42:22,49998.000000
planetlab2.cs.uoregon.edu,planetlab4.cnds.jhu.edu,file512KB.txt,2015/09/30 22:42:22,2015/09/30 22:44:01,98498.000000
planetlab2.cs.uoregon.edu,planetlab4.cnds.jhu.edu,file1MB.txt,2015/09/30 22:44:01,2015/09/30 22:47:20,199407.000000
planetlab2.temple.edu,planetlab4.cnds.jhu.edu,file32B.txt,2015/09/30 22:47:20,2015/09/30 22:47:20,140.000000
planetlab2.temple.edu,planetlab4.cnds.jhu.edu,file1KB.txt,2015/09/30 22:47:20,2015/09/30 22:47:20,144.000000
planetlab2.temple.edu,planetlab4.cnds.jhu.edu,file256KB.txt,2015/09/30 22:47:20,2015/09/30 22:47:25,5246.000000
planetlab2.temple.edu,planetlab4.cnds.jhu.edu,file512KB.txt,2015/09/30 22:47:25,2015/09/30 22:47:34,8527.000000
planetlab2.temple.edu,planetlab4.cnds.jhu.edu,file1MB.txt,2015/09/30 22:47:34,2015/09/30 22:47:53,19450.000000
planetlab2.unl.edu,planetlab4.cnds.jhu.edu,file32B.txt,2015/09/30 22:47:53,2015/09/30 22:47:53,313.000000
planetlab2.unl.edu,planetlab4.cnds.jhu.edu,file1KB.txt,2015/09/30 22:47:53,2015/09/30 22:47:54,1660.000000
planetlab2.unl.edu,planetlab4.cnds.jhu.edu,file256KB.txt,2015/09/30 22:47:54,2015/09/30 22:48:12,17011.000000
planetlab2.unl.edu,planetlab4.cnds.jhu.edu,file512KB.txt,2015/09/30 22:48:12,2015/09/30 22:48:50,38261.000000
planetlab2.unl.edu,planetlab4.cnds.jhu.edu,file1MB.txt,2015/09/30 22:48:50,2015/09/30 22:50:06,76564.000000
planetlab2.unr.edu,planetlab4.cnds.jhu.edu,file32B.txt,2015/09/30 22:50:06,2015/09/30 22:50:06,512.000000
planetlab2.unr.edu,planetlab4.cnds.jhu.edu,file1KB.txt,2015/09/30 22:50:06,2015/09/30 22:50:07,1401.000000
planetlab2.unr.edu,planetlab4.cnds.jhu.edu,file256KB.txt,2015/09/30 22:50:07,2015/09/30 22:50:38,30310.000000
planetlab2.unr.edu,planetlab4.cnds.jhu.edu,file512KB.txt,2015/09/30 22:50:38,2015/09/30 22:51:41,63132.000000
planetlab2.unr.edu,planetlab4.cnds.jhu.edu,file1MB.txt,2015/09/30 22:51:41,2015/09/30 22:53:47,126585.000000
planetlab2.uta.edu,planetlab4.cnds.jhu.edu,file32B.txt,2015/09/30 22:53:47,2015/09/30 22:53:47,460.000000
planetlab2.uta.edu,planetlab4.cnds.jhu.edu,file1KB.txt,2015/09/30 22:53:47,2015/09/30 22:53:48,1610.000000
planetlab2.uta.edu,planetlab4.cnds.jhu.edu,file256KB.txt,2015/09/30 22:53:48,2015/09/30 22:54:12,23901.000000
planetlab2.uta.edu,planetlab4.cnds.jhu.edu,file512KB.txt,2015/09/30 22:54:12,2015/09/30 22:55:00,48179.000000
planetlab2.uta.edu,planetlab4.cnds.jhu.edu,file1MB.txt,2015/09/30 22:55:00,2015/09/30 22:56:36,95134.000000
planetlab2.utdallas.edu,planetlab4.cnds.jhu.edu,file32B.txt,2015/09/30 22:56:36,2015/09/30 22:56:37,1605.000000
planetlab2.utdallas.edu,planetlab4.cnds.jhu.edu,file1KB.txt,2015/09/30 22:56:37,2015/09/30 22:56:37,341.000000
planetlab2.utdallas.edu,planetlab4.cnds.jhu.edu,file256KB.txt,2015/09/30 22:56:37,2015/09/30 22:56:59,22491.000000
planetlab2.utdallas.edu,planetlab4.cnds.jhu.edu,file512KB.txt,2015/09/30 22:56:59,2015/09/30 22:57:42,42961.000000
planetlab2.utdallas.edu,planetlab4.cnds.jhu.edu,file1MB.txt,2015/09/30 22:57:42,2015/09/30 22:59:06,83600.000000
planetlab3.eecs.umich.edu,planetlab4.cnds.jhu.edu,file32B.txt,2015/09/30 22:59:06,2015/09/30 22:59:06,324.000000
planetlab3.eecs.umich.edu,planetlab4.cnds.jhu.edu,file1KB.txt,2015/09/30 22:59:06,2015/09/30 22:59:07,1690.000000
planetlab3.eecs.umich.edu,planetlab4.cnds.jhu.edu,file256KB.txt,2015/09/30 22:59:07,2015/09/30 22:59:21,13914.000000
planetlab3.eecs.umich.edu,planetlab4.cnds.jhu.edu,file512KB.txt,2015/09/30 22:59:21,2015/09/30 22:59:49,27954.000000
planetlab3.eecs.umich.edu,planetlab4.cnds.jhu.edu,file1MB.txt,2015/09/30 22:59:49,2015/09/30 23:00:45,55840.000000
planetlab3.rutgers.edu,planetlab4.cnds.jhu.edu,file32B.txt,2015/09/30 23:00:45,2015/09/30 23:00:46,1415.000000
planetlab3.rutgers.edu,planetlab4.cnds.jhu.edu,file1KB.txt,2015/09/30 23:00:46,2015/09/30 23:00:46,319.000000
planetlab3.rutgers.edu,planetlab4.cnds.jhu.edu,file256KB.txt,2015/09/30 23:00:46,2015/09/30 23:00:51,4906.000000
planetlab3.rutgers.edu,planetlab4.cnds.jhu.edu,file512KB.txt,2015/09/30 23:00:51,2015/09/30 23:01:01,9983.000000
planetlab3.rutgers.edu,planetlab4.cnds.jhu.edu,file1MB.txt,2015/09/30 23:01:01,2015/09/30 23:01:21,20195.000000
planetlab3.wail.wisc.edu,planetlab4.cnds.jhu.edu,file32B.txt,2015/09/30 23:01:21,2015/09/30 23:01:21,400.000000
planetlab3.wail.wisc.edu,planetlab4.cnds.jhu.edu,file1KB.txt,2015/09/30 23:01:21,2015/09/30 23:01:22,1639.000000
planetlab3.wail.wisc.edu,planetlab4.cnds.jhu.edu,file256KB.txt,2015/09/30 23:01:22,2015/09/30 23:01:42,19965.000000
planetlab3.wail.wisc.edu,planetlab4.cnds.jhu.edu,file512KB.txt,2015/09/30 23:01:42,2015/09/30 23:02:21,38182.000000
planetlab3.wail.wisc.edu,planetlab4.cnds.jhu.edu,file1MB.txt,2015/09/30 23:02:21,2015/09/30 23:03:41,80752.000000
planetlab4.tamu.edu,planetlab4.cnds.jhu.edu,file32B.txt,2015/09/30 23:03:41,2015/09/30 23:03:41,385.000000
planetlab4.tamu.edu,planetlab4.cnds.jhu.edu,file1KB.txt,2015/09/30 23:03:41,2015/09/30 23:03:41,353.000000
planetlab4.tamu.edu,planetlab4.cnds.jhu.edu,file256KB.txt,2015/09/30 23:03:41,2015/09/30 23:04:04,23783.000000
planetlab4.tamu.edu,planetlab4.cnds.jhu.edu,file512KB.txt,2015/09/30 23:04:04,2015/09/30 23:04:48,43613.000000
planetlab4.tamu.edu,planetlab4.cnds.jhu.edu,file1MB.txt,2015/09/30 23:04:48,2015/09/30 23:06:17,88894.000000
planetlab-5.eecs.cwru.edu,planetlab4.cnds.jhu.edu,file32B.txt,2015/09/30 23:06:17,2015/09/30 23:06:17,226.000000
planetlab-5.eecs.cwru.edu,planetlab4.cnds.jhu.edu,file1KB.txt,2015/09/30 23:06:17,2015/09/30 23:06:18,1795.000000
planetlab-5.eecs.cwru.edu,planetlab4.cnds.jhu.edu,file256KB.txt,2015/09/30 23:06:18,2015/09/30 23:06:24,5484.000000
planetlab-5.eecs.cwru.edu,planetlab4.cnds.jhu.edu,file512KB.txt,2015/09/30 23:06:24,2015/09/30 23:06:37,13105.000000
planetlab-5.eecs.cwru.edu,planetlab4.cnds.jhu.edu,file1MB.txt,2015/09/30 23:06:37,2015/09/30 23:07:03,26365.000000
planetlabone.ccs.neu.edu,planetlab4.cnds.jhu.edu,file32B.txt,2015/09/30 23:07:03,2015/09/30 23:07:03,343.000000
planetlabone.ccs.neu.edu,planetlab4.cnds.jhu.edu,file1KB.txt,2015/09/30 23:07:03,2015/09/30 23:07:03,297.000000
planetlabone.ccs.neu.edu,planetlab4.cnds.jhu.edu,file256KB.txt,2015/09/30 23:07:03,2015/09/30 23:07:11,7944.000000
planetlabone.ccs.neu.edu,planetlab4.cnds.jhu.edu,file512KB.txt,2015/09/30 23:07:11,2015/09/30 23:07:27,16223.000000
planetlabone.ccs.neu.edu,planetlab4.cnds.jhu.edu,file1MB.txt,2015/09/30 23:07:27,2015/09/30 23:07:59,31972.000000
pl-node-0.csl.sri.com,planetlab4.cnds.jhu.edu,file32B.txt,2015/09/30 23:07:59,2015/09/30 23:08:00,1307.000000
pl-node-0.csl.sri.com,planetlab4.cnds.jhu.edu,file1KB.txt,2015/09/30 23:08:00,2015/09/30 23:08:01,1315.000000
pl-node-0.csl.sri.com,planetlab4.cnds.jhu.edu,file256KB.txt,2015/09/30 23:08:01,2015/09/30 23:08:46,44699.000000
pl-node-0.csl.sri.com,planetlab4.cnds.jhu.edu,file512KB.txt,2015/09/30 23:08:46,2015/09/30 23:10:17,90604.000000
pl-node-0.csl.sri.com,planetlab4.cnds.jhu.edu,file1MB.txt,2015/09/30 23:10:17,2015/09/30 23:13:20,183178.000000
ricepl-5.cs.rice.edu,planetlab4.cnds.jhu.edu,file32B.txt,2015/09/30 23:13:20,2015/09/30 23:13:21,1626.000000
ricepl-5.cs.rice.edu,planetlab4.cnds.jhu.edu,file1KB.txt,2015/09/30 23:13:21,2015/09/30 23:13:21,381.000000
ricepl-5.cs.rice.edu,planetlab4.cnds.jhu.edu,file256KB.txt,2015/09/30 23:13:21,2015/09/30 23:13:42,20515.000000
ricepl-5.cs.rice.edu,planetlab4.cnds.jhu.edu,file512KB.txt,2015/09/30 23:13:42,2015/09/30 23:14:25,43397.000000
ricepl-5.cs.rice.edu,planetlab4.cnds.jhu.edu,file1MB.txt,2015/09/30 23:14:25,2015/09/30 23:15:52,86633.000000
salt.planetlab.cs.umd.edu,planetlab4.cnds.jhu.edu,file32B.txt,2015/09/30 23:15:52,2015/09/30 23:15:53,1902.000000
salt.planetlab.cs.umd.edu,planetlab4.cnds.jhu.edu,file1KB.txt,2015/09/30 23:15:53,2015/09/30 23:15:53,143.000000
salt.planetlab.cs.umd.edu,planetlab4.cnds.jhu.edu,file256KB.txt,2015/09/30 23:15:53,2015/09/30 23:15:55,1325.000000
salt.planetlab.cs.umd.edu,planetlab4.cnds.jhu.edu,file512KB.txt,2015/09/30 23:15:55,2015/09/30 23:16:01,6007.000000
salt.planetlab.cs.umd.edu,planetlab4.cnds.jhu.edu,file1MB.txt,2015/09/30 23:16:01,2015/09/30 23:16:12,11320.000000
pl1.eecs.utk.edu,planetlab4.cnds.jhu.edu,file32B.txt,2015/09/30 23:16:12,2015/09/30 23:16:13,1538.000000
pl1.eecs.utk.edu,planetlab4.cnds.jhu.edu,file1KB.txt,2015/09/30 23:16:13,2015/09/30 23:16:13,481.000000
pl1.eecs.utk.edu,planetlab4.cnds.jhu.edu,file256KB.txt,2015/09/30 23:16:13,2015/09/30 23:16:47,33864.000000
pl1.eecs.utk.edu,planetlab4.cnds.jhu.edu,file512KB.txt,2015/09/30 23:16:47,2015/09/30 23:17:57,70575.000000
pl1.eecs.utk.edu,planetlab4.cnds.jhu.edu,file1MB.txt,2015/09/30 23:17:57,2015/09/30 23:19:56,118378.000000
planetlab-01.vt.nodes.planet-lab.org,planetlab4.cnds.jhu.edu,file32B.txt,2015/09/30 23:19:56,2015/09/30 23:19:57,1758.000000
planetlab-01.vt.nodes.planet-lab.org,planetlab4.cnds.jhu.edu,file1KB.txt,2015/09/30 23:19:57,2015/09/30 23:19:57,174.000000
planetlab-01.vt.nodes.planet-lab.org,planetlab4.cnds.jhu.edu,file256KB.txt,2015/09/30 23:19:57,2015/09/30 23:20:03,5899.000000
planetlab-01.vt.nodes.planet-lab.org,planetlab4.cnds.jhu.edu,file512KB.txt,2015/09/30 23:20:03,2015/09/30 23:20:15,11765.000000
planetlab-01.vt.nodes.planet-lab.org,planetlab4.cnds.jhu.edu,file1MB.txt,2015/09/30 23:20:15,2015/09/30 23:20:39,24140.000000
planetlab-04.vt.nodes.planet-lab.org,planetlab4.cnds.jhu.edu,file32B.txt,2015/09/30 23:20:39,2015/09/30 23:20:39,157.000000
planetlab-04.vt.nodes.planet-lab.org,planetlab4.cnds.jhu.edu,file1KB.txt,2015/09/30 23:20:39,2015/09/30 23:20:39,153.000000
planetlab-04.vt.nodes.planet-lab.org,planetlab4.cnds.jhu.edu,file256KB.txt,2015/09/30 23:20:39,2015/09/30 23:20:45,6092.000000
planetlab-04.vt.nodes.planet-lab.org,planetlab4.cnds.jhu.edu,file512KB.txt,2015/09/30 23:20:45,2015/09/30 23:20:57,12392.000000
planetlab-04.vt.nodes.planet-lab.org,planetlab4.cnds.jhu.edu,file1MB.txt,2015/09/30 23:20:57,2015/09/30 23:21:20,22376.000000
planetlab-4.eecs.cwru.edu,planetlab4.cnds.jhu.edu,file32B.txt,2015/09/30 23:21:20,2015/09/30 23:21:21,1832.000000
planetlab-4.eecs.cwru.edu,planetlab4.cnds.jhu.edu,file1KB.txt,2015/09/30 23:21:21,2015/09/30 23:21:21,216.000000
planetlab-4.eecs.cwru.edu,planetlab4.cnds.jhu.edu,file256KB.txt,2015/09/30 23:21:21,2015/09/30 23:21:27,5400.000000
planetlab-4.eecs.cwru.edu,planetlab4.cnds.jhu.edu,file512KB.txt,2015/09/30 23:21:27,2015/09/30 23:21:40,13008.000000
planetlab-4.eecs.cwru.edu,planetlab4.cnds.jhu.edu,file1MB.txt,2015/09/30 23:21:40,2015/09/30 23:22:07,27813.000000
planetlab01.cs.washington.edu,planetlab4.cnds.jhu.edu,file32B.txt,2015/09/30 23:22:07,2015/09/30 23:22:07,607.000000
planetlab01.cs.washington.edu,planetlab4.cnds.jhu.edu,file1KB.txt,2015/09/30 23:22:07,2015/09/30 23:22:08,1274.000000
planetlab01.cs.washington.edu,planetlab4.cnds.jhu.edu,file256KB.txt,2015/09/30 23:22:08,2015/09/30 23:22:44,36306.000000
planetlab01.cs.washington.edu,planetlab4.cnds.jhu.edu,file512KB.txt,2015/09/30 23:22:44,2015/09/30 23:23:55,70562.000000
planetlab01.cs.washington.edu,planetlab4.cnds.jhu.edu,file1MB.txt,2015/09/30 23:23:55,2015/09/30 23:26:17,142603.000000
planetlab02.cs.washington.edu,planetlab4.cnds.jhu.edu,file32B.txt,2015/09/30 23:26:17,2015/09/30 23:26:17,528.000000
planetlab02.cs.washington.edu,planetlab4.cnds.jhu.edu,file1KB.txt,2015/09/30 23:26:17,2015/09/30 23:26:18,1458.000000
planetlab02.cs.washington.edu,planetlab4.cnds.jhu.edu,file256KB.txt,2015/09/30 23:26:18,2015/09/30 23:26:53,34272.000000
planetlab02.cs.washington.edu,planetlab4.cnds.jhu.edu,file512KB.txt,2015/09/30 23:26:53,2015/09/30 23:28:05,72686.000000
planetlab02.cs.washington.edu,planetlab4.cnds.jhu.edu,file1MB.txt,2015/09/30 23:28:05,2015/09/30 23:30:26,140694.000000
planetlab1.arizona-gigapop.net,planetlab4.cnds.jhu.edu,file32B.txt,2015/09/30 23:30:26,2015/09/30 23:30:27,1315.000000
planetlab1.arizona-gigapop.net,planetlab4.cnds.jhu.edu,file1KB.txt,2015/09/30 23:30:27,2015/09/30 23:30:27,635.000000
planetlab1.arizona-gigapop.net,planetlab4.cnds.jhu.edu,file256KB.txt,2015/09/30 23:30:27,2015/09/30 23:31:00,33825.000000
planetlab1.arizona-gigapop.net,planetlab4.cnds.jhu.edu,file512KB.txt,2015/09/30 23:31:00,2015/09/30 23:32:03,62030.000000
planetlab1.arizona-gigapop.net,planetlab4.cnds.jhu.edu,file1MB.txt,2015/09/30 23:32:03,2015/09/30 23:34:11,128807.000000
planetlab1.cs.unc.edu,planetlab4.cnds.jhu.edu,file32B.txt,2015/09/30 23:34:11,2015/09/30 23:34:11,212.000000
planetlab1.cs.unc.edu,planetlab4.cnds.jhu.edu,file1KB.txt,2015/09/30 23:34:11,2015/09/30 23:34:11,244.000000
planetlab1.cs.unc.edu,planetlab4.cnds.jhu.edu,file256KB.txt,2015/09/30 23:34:11,2015/09/30 23:34:24,13361.000000
planetlab1.cs.unc.edu,planetlab4.cnds.jhu.edu,file512KB.txt,2015/09/30 23:34:24,2015/09/30 23:34:49,24724.000000
planetlab1.cs.unc.edu,planetlab4.cnds.jhu.edu,file1MB.txt,2015/09/30 23:34:49,2015/09/30 23:35:40,51407.000000
planet3.cc.gt.atl.ga.us,planetlab4.cnds.jhu.edu,file32B.txt,2015/09/30 23:35:40,2015/09/30 23:35:40,212.000000
planet3.cc.gt.atl.ga.us,planetlab4.cnds.jhu.edu,file1KB.txt,2015/09/30 23:35:40,2015/09/30 23:35:40,181.000000
planet3.cc.gt.atl.ga.us,planetlab4.cnds.jhu.edu,file256KB.txt,2015/09/30 23:35:40,2015/09/30 23:35:50,10771.000000
planet3.cc.gt.atl.ga.us,planetlab4.cnds.jhu.edu,file512KB.txt,2015/09/30 23:35:50,2015/09/30 23:36:08,17935.000000
planet3.cc.gt.atl.ga.us,planetlab4.cnds.jhu.edu,file1MB.txt,2015/09/30 23:36:08,2015/09/30 23:36:44,36174.000000
