planetlab1.unr.edu,planetlab02.cs.washington.edu,file32B.txt,2015/09/30 21:13:43,2015/09/30 21:13:43,152.000000
planetlab1.unr.edu,planetlab02.cs.washington.edu,file1KB.txt,2015/09/30 21:13:43,2015/09/30 21:13:43,175.000000
planetlab1.unr.edu,planetlab02.cs.washington.edu,file256KB.txt,2015/09/30 21:13:43,2015/09/30 21:13:56,13287.000000
planetlab1.unr.edu,planetlab02.cs.washington.edu,file512KB.txt,2015/09/30 21:13:56,2015/09/30 21:14:21,24645.000000
planetlab1.unr.edu,planetlab02.cs.washington.edu,file1MB.txt,2015/09/30 21:14:21,2015/09/30 21:15:12,51392.000000
pl2.cs.unm.edu,planetlab02.cs.washington.edu,file32B.txt,2015/09/30 21:15:12,2015/09/30 21:15:12,357.000000
pl2.cs.unm.edu,planetlab02.cs.washington.edu,file1KB.txt,2015/09/30 21:15:12,2015/09/30 21:15:13,1590.000000
pl2.cs.unm.edu,planetlab02.cs.washington.edu,file256KB.txt,2015/09/30 21:15:13,2015/09/30 21:15:43,29655.000000
pl2.cs.unm.edu,planetlab02.cs.washington.edu,file512KB.txt,2015/09/30 21:15:43,2015/09/30 21:16:44,60831.000000
pl2.cs.unm.edu,planetlab02.cs.washington.edu,file1MB.txt,2015/09/30 21:16:44,2015/09/30 21:18:44,119651.000000
planetlab2.cnis.nyit.edu,planetlab02.cs.washington.edu,file32B.txt,2015/09/30 21:18:44,2015/09/30 21:18:45,1494.000000
planetlab2.cnis.nyit.edu,planetlab02.cs.washington.edu,file1KB.txt,2015/09/30 21:18:45,2015/09/30 21:18:46,1361.000000
planetlab2.cnis.nyit.edu,planetlab02.cs.washington.edu,file256KB.txt,2015/09/30 21:18:46,2015/09/30 21:19:29,42672.000000
planetlab2.cnis.nyit.edu,planetlab02.cs.washington.edu,file512KB.txt,2015/09/30 21:19:29,2015/09/30 21:20:54,-84567.000000
planetlab2.cnis.nyit.edu,planetlab02.cs.washington.edu,file1MB.txt,2015/09/30 21:20:54,2015/09/30 21:23:46,172005.000000
planetlab2.rutgers.edu,planetlab02.cs.washington.edu,file32B.txt,2015/09/30 21:23:46,2015/09/30 21:23:55,9249.000000
planetlab2.rutgers.edu,planetlab02.cs.washington.edu,file1KB.txt,2015/09/30 21:23:55,2015/09/30 21:24:05,10151.000000
planetlab2.rutgers.edu,planetlab02.cs.washington.edu,file256KB.txt,2015/09/30 21:24:05,2015/09/30 21:45:33,1288362.000000
planetlab2.rutgers.edu,planetlab02.cs.washington.edu,file512KB.txt,2015/09/30 21:45:33,2015/09/30 22:25:46,-1882185.000000
planetlab2.rutgers.edu,planetlab02.cs.washington.edu,file1MB.txt,2015/09/30 22:25:46,2015/09/30 23:25:47,694271.000000
planetlab2.cs.du.edu,planetlab02.cs.washington.edu,file32B.txt,2015/09/30 23:25:47,2015/09/30 23:25:47,168.000000
planetlab2.cs.du.edu,planetlab02.cs.washington.edu,file1KB.txt,2015/09/30 23:25:47,2015/09/30 23:25:47,195.000000
planetlab2.cs.du.edu,planetlab02.cs.washington.edu,file256KB.txt,2015/09/30 23:25:47,2015/09/30 23:26:26,39481.000000
planetlab2.cs.du.edu,planetlab02.cs.washington.edu,file512KB.txt,2015/09/30 23:26:26,2015/09/30 23:26:54,27676.000000
planetlab2.cs.du.edu,planetlab02.cs.washington.edu,file1MB.txt,2015/09/30 23:26:54,2015/09/30 23:27:56,62073.000000
planetlab2.ucsd.edu,planetlab02.cs.washington.edu,file32B.txt,2015/09/30 23:27:56,2015/09/30 23:27:56,177.000000
planetlab2.ucsd.edu,planetlab02.cs.washington.edu,file1KB.txt,2015/09/30 23:27:56,2015/09/30 23:27:57,1797.000000
planetlab2.ucsd.edu,planetlab02.cs.washington.edu,file256KB.txt,2015/09/30 23:27:57,2015/09/30 23:28:11,13186.000000
planetlab2.ucsd.edu,planetlab02.cs.washington.edu,file512KB.txt,2015/09/30 23:28:11,2015/09/30 23:28:41,30552.000000
planetlab2.ucsd.edu,planetlab02.cs.washington.edu,file1MB.txt,2015/09/30 23:28:41,2015/09/30 23:29:39,57367.000000
planetlab3.cs.uoregon.edu,planetlab02.cs.washington.edu,file32B.txt,2015/09/30 23:29:39,2015/09/30 23:29:40,1946.000000
planetlab3.cs.uoregon.edu,planetlab02.cs.washington.edu,file1KB.txt,2015/09/30 23:29:40,2015/09/30 23:29:40,61.000000
planetlab3.cs.uoregon.edu,planetlab02.cs.washington.edu,file256KB.txt,2015/09/30 23:29:40,2015/09/30 23:29:44,3710.000000
planetlab3.cs.uoregon.edu,planetlab02.cs.washington.edu,file512KB.txt,2015/09/30 23:29:44,2015/09/30 23:29:52,8078.000000
planetlab3.cs.uoregon.edu,planetlab02.cs.washington.edu,file1MB.txt,2015/09/30 23:29:52,2015/09/30 23:30:08,15973.000000
planetlab-01.bu.edu,planetlab02.cs.washington.edu,file32B.txt,2015/09/30 23:30:08,2015/09/30 23:30:08,503.000000
planetlab-01.bu.edu,planetlab02.cs.washington.edu,file1KB.txt,2015/09/30 23:30:08,2015/09/30 23:30:09,1413.000000
planetlab-01.bu.edu,planetlab02.cs.washington.edu,file256KB.txt,2015/09/30 23:30:09,2015/09/30 23:30:51,41613.000000
planetlab-01.bu.edu,planetlab02.cs.washington.edu,file512KB.txt,2015/09/30 23:30:51,2015/09/30 23:32:15,84031.000000
planetlab-01.bu.edu,planetlab02.cs.washington.edu,file1MB.txt,2015/09/30 23:32:15,2015/09/30 23:35:07,172469.000000
planetlab4.cnds.jhu.edu,planetlab02.cs.washington.edu,file32B.txt,2015/09/30 23:35:07,2015/09/30 23:35:07,415.000000
planetlab4.cnds.jhu.edu,planetlab02.cs.washington.edu,file1KB.txt,2015/09/30 23:35:07,2015/09/30 23:35:08,1510.000000
planetlab4.cnds.jhu.edu,planetlab02.cs.washington.edu,file256KB.txt,2015/09/30 23:35:08,2015/09/30 23:35:43,34396.000000
planetlab4.cnds.jhu.edu,planetlab02.cs.washington.edu,file512KB.txt,2015/09/30 23:35:43,2015/09/30 23:36:54,71250.000000
planetlab4.cnds.jhu.edu,planetlab02.cs.washington.edu,file1MB.txt,2015/09/30 23:36:54,2015/09/30 23:39:16,142117.000000
planetlabtwo.ccs.neu.edu,planetlab02.cs.washington.edu,file32B.txt,2015/09/30 23:39:16,2015/09/30 23:39:17,1566.000000
planetlabtwo.ccs.neu.edu,planetlab02.cs.washington.edu,file1KB.txt,2015/09/30 23:39:17,2015/09/30 23:39:17,503.000000
planetlabtwo.ccs.neu.edu,planetlab02.cs.washington.edu,file256KB.txt,2015/09/30 23:39:17,2015/09/30 23:39:54,37049.000000
planetlabtwo.ccs.neu.edu,planetlab02.cs.washington.edu,file512KB.txt,2015/09/30 23:39:54,2015/09/30 23:41:08,73785.000000
planetlabtwo.ccs.neu.edu,planetlab02.cs.washington.edu,file1MB.txt,2015/09/30 23:41:08,2015/09/30 23:43:35,147136.000000
planetlab1.cs.purdue.edu,planetlab02.cs.washington.edu,file32B.txt,2015/09/30 23:43:35,2015/09/30 23:43:38,2992.000000
planetlab1.cs.purdue.edu,planetlab02.cs.washington.edu,file1KB.txt,2015/09/30 23:43:38,2015/09/30 23:43:44,-5954.000000
planetlab1.cs.purdue.edu,planetlab02.cs.washington.edu,file256KB.txt,2015/09/30 23:43:44,2015/09/30 23:57:50,846358.000000
planetlab1.cs.purdue.edu,planetlab02.cs.washington.edu,file512KB.txt,2015/09/30 23:57:50,2015/10/01 00:31:00,1989656.000000
planetlab1.cs.purdue.edu,planetlab02.cs.washington.edu,file1MB.txt,2015/10/01 00:31:00,2015/10/01 01:16:18,1576727.000000
planetlab2.tsuniv.edu,planetlab02.cs.washington.edu,file32B.txt,2015/10/01 01:16:18,2015/10/01 01:16:22,3910.000000
planetlab2.tsuniv.edu,planetlab02.cs.washington.edu,file1KB.txt,2015/10/01 01:16:22,2015/10/01 01:16:25,2828.000000
planetlab2.tsuniv.edu,planetlab02.cs.washington.edu,file256KB.txt,2015/10/01 01:16:25,2015/10/01 01:20:51,266186.000000
planetlab2.tsuniv.edu,planetlab02.cs.washington.edu,file512KB.txt,2015/10/01 01:20:51,2015/10/01 01:26:58,366810.000000
planetlab2.tsuniv.edu,planetlab02.cs.washington.edu,file1MB.txt,2015/10/01 01:26:58,2015/10/01 01:34:44,466014.000000
planetlab1.tsuniv.edu,planetlab02.cs.washington.edu,file32B.txt,2015/10/01 01:34:44,2015/10/01 01:34:57,13704.000000
planetlab1.tsuniv.edu,planetlab02.cs.washington.edu,file1KB.txt,2015/10/01 01:34:57,2015/10/01 01:35:02,4395.000000
planetlab1.tsuniv.edu,planetlab02.cs.washington.edu,file256KB.txt,2015/10/01 01:35:02,2015/10/01 01:39:52,290700.000000
planetlab1.tsuniv.edu,planetlab02.cs.washington.edu,file512KB.txt,2015/10/01 01:39:52,2015/10/01 01:56:59,1026989.000000
planetlab1.tsuniv.edu,planetlab02.cs.washington.edu,file1MB.txt,2015/10/01 01:56:59,2015/10/01 02:29:18,-1938668.000000
planetlab3.ucsd.edu,planetlab02.cs.washington.edu,file32B.txt,2015/10/01 02:29:18,2015/10/01 02:29:18,259.000000
planetlab3.ucsd.edu,planetlab02.cs.washington.edu,file1KB.txt,2015/10/01 02:29:18,2015/10/01 02:29:19,1470.000000
planetlab3.ucsd.edu,planetlab02.cs.washington.edu,file256KB.txt,2015/10/01 02:29:19,2015/10/01 02:29:34,14678.000000
planetlab3.ucsd.edu,planetlab02.cs.washington.edu,file512KB.txt,2015/10/01 02:29:34,2015/10/01 02:30:09,34908.000000
planetlab3.ucsd.edu,planetlab02.cs.washington.edu,file1MB.txt,2015/10/01 02:30:09,2015/10/01 02:31:17,67910.000000
node2.planetlab.mathcs.emory.edu,planetlab02.cs.washington.edu,file32B.txt,2015/10/01 02:31:17,2015/10/01 02:31:18,1592.000000
node2.planetlab.mathcs.emory.edu,planetlab02.cs.washington.edu,file1KB.txt,2015/10/01 02:31:18,2015/10/01 02:31:18,474.000000
node2.planetlab.mathcs.emory.edu,planetlab02.cs.washington.edu,file256KB.txt,2015/10/01 02:31:18,2015/10/01 02:31:54,36600.000000
node2.planetlab.mathcs.emory.edu,planetlab02.cs.washington.edu,file512KB.txt,2015/10/01 02:31:54,2015/10/01 02:33:04,69287.000000
node2.planetlab.mathcs.emory.edu,planetlab02.cs.washington.edu,file1MB.txt,2015/10/01 02:33:04,2015/10/01 02:35:25,141759.000000
planetlab5.csee.usf.edu,planetlab02.cs.washington.edu,file32B.txt,2015/10/01 02:35:25,2015/10/01 02:35:25,573.000000
planetlab5.csee.usf.edu,planetlab02.cs.washington.edu,file1KB.txt,2015/10/01 02:35:25,2015/10/01 02:35:26,1426.000000
planetlab5.csee.usf.edu,planetlab02.cs.washington.edu,file256KB.txt,2015/10/01 02:35:26,2015/10/01 02:36:08,41628.000000
planetlab5.csee.usf.edu,planetlab02.cs.washington.edu,file512KB.txt,2015/10/01 02:36:08,2015/10/01 02:37:32,84349.000000
planetlab5.csee.usf.edu,planetlab02.cs.washington.edu,file1MB.txt,2015/10/01 02:37:32,2015/10/01 02:40:18,165723.000000
planetlab1.emich.edu,planetlab02.cs.washington.edu,file32B.txt,2015/10/01 02:40:18,2015/10/01 02:40:18,409.000000
planetlab1.emich.edu,planetlab02.cs.washington.edu,file1KB.txt,2015/10/01 02:40:19,2015/10/01 02:40:19,475.000000
planetlab1.emich.edu,planetlab02.cs.washington.edu,file256KB.txt,2015/10/01 02:40:19,2015/10/01 02:40:55,36609.000000
planetlab1.emich.edu,planetlab02.cs.washington.edu,file512KB.txt,2015/10/01 02:40:55,2015/10/01 02:42:05,69999.000000
planetlab1.emich.edu,planetlab02.cs.washington.edu,file1MB.txt,2015/10/01 02:42:05,2015/10/01 02:44:25,139145.000000
ebb.colgate.edu,planetlab02.cs.washington.edu,file32B.txt,2015/10/01 02:44:26,2015/10/01 02:44:27,699.000000
ebb.colgate.edu,planetlab02.cs.washington.edu,file1KB.txt,2015/10/01 02:44:27,2015/10/01 02:44:27,571.000000
ebb.colgate.edu,planetlab02.cs.washington.edu,file256KB.txt,2015/10/01 02:44:27,2015/10/01 02:45:23,56583.000000
ebb.colgate.edu,planetlab02.cs.washington.edu,file512KB.txt,2015/10/01 02:45:23,2015/10/01 02:47:08,104675.000000
ebb.colgate.edu,planetlab02.cs.washington.edu,file1MB.txt,2015/10/01 02:47:08,2015/10/01 02:50:27,198968.000000
kc-sce-plab2.umkc.edu,planetlab02.cs.washington.edu,file32B.txt,2015/10/01 02:50:27,2015/10/01 02:50:30,3566.000000
kc-sce-plab2.umkc.edu,planetlab02.cs.washington.edu,file1KB.txt,2015/10/01 02:50:30,2015/10/01 02:50:32,1585.000000
kc-sce-plab2.umkc.edu,planetlab02.cs.washington.edu,file256KB.txt,2015/10/01 02:50:32,2015/10/01 02:53:10,158252.000000
kc-sce-plab2.umkc.edu,planetlab02.cs.washington.edu,file512KB.txt,2015/10/01 02:53:10,2015/10/01 02:59:25,374594.000000
kc-sce-plab2.umkc.edu,planetlab02.cs.washington.edu,file1MB.txt,2015/10/01 02:59:25,2015/10/01 03:05:34,369245.000000
node1.planetlab.mathcs.emory.edu,planetlab02.cs.washington.edu,file32B.txt,2015/10/01 03:05:34,2015/10/01 03:05:34,412.000000
node1.planetlab.mathcs.emory.edu,planetlab02.cs.washington.edu,file1KB.txt,2015/10/01 03:05:34,2015/10/01 03:05:35,1522.000000
node1.planetlab.mathcs.emory.edu,planetlab02.cs.washington.edu,file256KB.txt,2015/10/01 03:05:35,2015/10/01 03:06:10,34705.000000
node1.planetlab.mathcs.emory.edu,planetlab02.cs.washington.edu,file512KB.txt,2015/10/01 03:06:10,2015/10/01 03:07:21,71470.000000
node1.planetlab.mathcs.emory.edu,planetlab02.cs.washington.edu,file1MB.txt,2015/10/01 03:07:21,2015/10/01 03:09:42,140690.000000
pl1.cs.montana.edu,planetlab02.cs.washington.edu,file32B.txt,2015/10/01 03:09:42,2015/10/01 03:09:42,286.000000
pl1.cs.montana.edu,planetlab02.cs.washington.edu,file1KB.txt,2015/10/01 03:09:42,2015/10/01 03:09:43,1688.000000
pl1.cs.montana.edu,planetlab02.cs.washington.edu,file256KB.txt,2015/10/01 03:09:43,2015/10/01 03:10:06,23030.000000
pl1.cs.montana.edu,planetlab02.cs.washington.edu,file512KB.txt,2015/10/01 03:10:06,2015/10/01 03:10:50,43405.000000
pl1.cs.montana.edu,planetlab02.cs.washington.edu,file1MB.txt,2015/10/01 03:10:50,2015/10/01 03:12:19,88797.000000
plab3.eece.ksu.edu,planetlab02.cs.washington.edu,file32B.txt,2015/10/01 03:12:41,2015/10/01 03:12:41,248.000000
plab3.eece.ksu.edu,planetlab02.cs.washington.edu,file1KB.txt,2015/10/01 03:12:41,2015/10/01 03:12:41,289.000000
plab3.eece.ksu.edu,planetlab02.cs.washington.edu,file256KB.txt,2015/10/01 03:12:41,2015/10/01 03:13:03,22527.000000
plab3.eece.ksu.edu,planetlab02.cs.washington.edu,file512KB.txt,2015/10/01 03:13:03,2015/10/01 03:13:45,41630.000000
plab3.eece.ksu.edu,planetlab02.cs.washington.edu,file1MB.txt,2015/10/01 03:13:45,2015/10/01 03:15:10,85316.000000
planet3.cc.gt.atl.ga.us,planetlab02.cs.washington.edu,file32B.txt,2015/10/01 03:15:10,2015/10/01 03:15:10,590.000000
planet3.cc.gt.atl.ga.us,planetlab02.cs.washington.edu,file1KB.txt,2015/10/01 03:15:10,2015/10/01 03:15:11,1400.000000
planet3.cc.gt.atl.ga.us,planetlab02.cs.washington.edu,file256KB.txt,2015/10/01 03:15:11,2015/10/01 03:15:46,34528.000000
planet3.cc.gt.atl.ga.us,planetlab02.cs.washington.edu,file512KB.txt,2015/10/01 03:15:46,2015/10/01 03:16:57,71149.000000
planet3.cc.gt.atl.ga.us,planetlab02.cs.washington.edu,file1MB.txt,2015/10/01 03:16:57,2015/10/01 03:19:17,-139776.000000
planetlab-02.bu.edu,planetlab02.cs.washington.edu,file32B.txt,2015/10/01 03:19:18,2015/10/01 03:19:18,574.000000
planetlab-02.bu.edu,planetlab02.cs.washington.edu,file1KB.txt,2015/10/01 03:19:18,2015/10/01 03:19:19,1413.000000
planetlab-02.bu.edu,planetlab02.cs.washington.edu,file256KB.txt,2015/10/01 03:19:19,2015/10/01 03:20:02,43138.000000
planetlab-02.bu.edu,planetlab02.cs.washington.edu,file512KB.txt,2015/10/01 03:20:02,2015/10/01 03:21:28,85984.000000
planetlab-02.bu.edu,planetlab02.cs.washington.edu,file1MB.txt,2015/10/01 03:21:28,2015/10/01 03:24:19,170821.000000
planetlab1.clemson.edu,planetlab02.cs.washington.edu,file32B.txt,2015/10/01 03:24:40,2015/10/01 03:24:40,507.000000
planetlab1.clemson.edu,planetlab02.cs.washington.edu,file1KB.txt,2015/10/01 03:24:40,2015/10/01 03:24:41,1506.000000
planetlab1.clemson.edu,planetlab02.cs.washington.edu,file256KB.txt,2015/10/01 03:24:41,2015/10/01 03:25:17,35515.000000
planetlab1.clemson.edu,planetlab02.cs.washington.edu,file512KB.txt,2015/10/01 03:25:17,2015/10/01 03:26:30,73633.000000
planetlab1.clemson.edu,planetlab02.cs.washington.edu,file1MB.txt,2015/10/01 03:26:30,2015/10/01 03:28:55,144813.000000
planetlab1.cs.du.edu,planetlab02.cs.washington.edu,file32B.txt,2015/10/01 03:28:55,2015/10/01 03:28:55,168.000000
planetlab1.cs.du.edu,planetlab02.cs.washington.edu,file1KB.txt,2015/10/01 03:28:55,2015/10/01 03:28:56,1471.000000
planetlab1.cs.du.edu,planetlab02.cs.washington.edu,file256KB.txt,2015/10/01 03:28:56,2015/10/01 03:29:11,15318.000000
planetlab1.cs.du.edu,planetlab02.cs.washington.edu,file512KB.txt,2015/10/01 03:29:11,2015/10/01 03:29:39,27554.000000
planetlab1.cs.du.edu,planetlab02.cs.washington.edu,file1MB.txt,2015/10/01 03:29:39,2015/10/01 03:30:37,57833.000000
planetlab1.cs.okstate.edu,planetlab02.cs.washington.edu,file32B.txt,2015/10/01 03:30:58,2015/10/01 03:30:59,1593.000000
planetlab1.cs.okstate.edu,planetlab02.cs.washington.edu,file1KB.txt,2015/10/01 03:30:59,2015/10/01 03:30:59,314.000000
planetlab1.cs.okstate.edu,planetlab02.cs.washington.edu,file256KB.txt,2015/10/01 03:30:59,2015/10/01 03:31:22,22905.000000
planetlab1.cs.okstate.edu,planetlab02.cs.washington.edu,file512KB.txt,2015/10/01 03:31:22,2015/10/01 03:32:08,46059.000000
planetlab1.cs.okstate.edu,planetlab02.cs.washington.edu,file1MB.txt,2015/10/01 03:32:08,2015/10/01 03:33:40,92123.000000
planetlab1.cs.ucla.edu,planetlab02.cs.washington.edu,file32B.txt,2015/10/01 03:33:40,2015/10/01 03:33:40,193.000000
planetlab1.cs.ucla.edu,planetlab02.cs.washington.edu,file1KB.txt,2015/10/01 03:33:40,2015/10/01 03:33:40,192.000000
planetlab1.cs.ucla.edu,planetlab02.cs.washington.edu,file256KB.txt,2015/10/01 03:33:40,2015/10/01 03:33:54,14080.000000
planetlab1.cs.ucla.edu,planetlab02.cs.washington.edu,file512KB.txt,2015/10/01 03:33:54,2015/10/01 03:34:23,29018.000000
planetlab1.cs.ucla.edu,planetlab02.cs.washington.edu,file1MB.txt,2015/10/01 03:34:23,2015/10/01 03:35:21,58233.000000
planetlab1.csuohio.edu,planetlab02.cs.washington.edu,file32B.txt,2015/10/01 03:35:21,2015/10/01 03:35:22,1578.000000
planetlab1.csuohio.edu,planetlab02.cs.washington.edu,file1KB.txt,2015/10/01 03:35:22,2015/10/01 03:35:22,416.000000
planetlab1.csuohio.edu,planetlab02.cs.washington.edu,file256KB.txt,2015/10/01 03:35:22,2015/10/01 03:35:53,30533.000000
planetlab1.csuohio.edu,planetlab02.cs.washington.edu,file512KB.txt,2015/10/01 03:35:53,2015/10/01 03:36:55,62137.000000
planetlab1.csuohio.edu,planetlab02.cs.washington.edu,file1MB.txt,2015/10/01 03:36:55,2015/10/01 03:39:01,126679.000000
planetlab1.emich.edu,planetlab02.cs.washington.edu,file32B.txt,2015/10/01 03:39:01,2015/10/01 03:39:01,410.000000
planetlab1.emich.edu,planetlab02.cs.washington.edu,file1KB.txt,2015/10/01 03:39:01,2015/10/01 03:39:02,1525.000000
planetlab1.emich.edu,planetlab02.cs.washington.edu,file256KB.txt,2015/10/01 03:39:02,2015/10/01 03:39:37,34969.000000
planetlab1.emich.edu,planetlab02.cs.washington.edu,file512KB.txt,2015/10/01 03:39:37,2015/10/01 03:40:46,68202.000000
planetlab1.emich.edu,planetlab02.cs.washington.edu,file1MB.txt,2015/10/01 03:40:46,2015/10/01 03:43:05,138907.000000
planetlab1.ucsd.edu,planetlab02.cs.washington.edu,file32B.txt,2015/10/01 03:43:27,2015/10/01 03:43:27,271.000000
planetlab1.ucsd.edu,planetlab02.cs.washington.edu,file1KB.txt,2015/10/01 03:43:27,2015/10/01 03:43:27,208.000000
planetlab1.ucsd.edu,planetlab02.cs.washington.edu,file256KB.txt,2015/10/01 03:43:27,2015/10/01 03:43:43,16129.000000
planetlab1.ucsd.edu,planetlab02.cs.washington.edu,file512KB.txt,2015/10/01 03:43:43,2015/10/01 03:44:18,35210.000000
planetlab1.ucsd.edu,planetlab02.cs.washington.edu,file1MB.txt,2015/10/01 03:44:18,2015/10/01 03:45:22,63431.000000
planetlab2.acis.ufl.edu,planetlab02.cs.washington.edu,file32B.txt,2015/10/01 03:45:22,2015/10/01 03:45:23,1340.000000
planetlab2.acis.ufl.edu,planetlab02.cs.washington.edu,file1KB.txt,2015/10/01 03:45:23,2015/10/01 03:45:24,1424.000000
planetlab2.acis.ufl.edu,planetlab02.cs.washington.edu,file256KB.txt,2015/10/01 03:45:24,2015/10/01 03:46:06,41926.000000
planetlab2.acis.ufl.edu,planetlab02.cs.washington.edu,file512KB.txt,2015/10/01 03:46:06,2015/10/01 03:47:30,83918.000000
planetlab2.acis.ufl.edu,planetlab02.cs.washington.edu,file1MB.txt,2015/10/01 03:47:30,2015/10/01 03:50:17,166952.000000
planetlab2.arizona-gigapop.net,planetlab02.cs.washington.edu,file32B.txt,2015/10/01 03:50:17,2015/10/01 03:50:17,274.000000
planetlab2.arizona-gigapop.net,planetlab02.cs.washington.edu,file1KB.txt,2015/10/01 03:50:17,2015/10/01 03:50:17,266.000000
planetlab2.arizona-gigapop.net,planetlab02.cs.washington.edu,file256KB.txt,2015/10/01 03:50:17,2015/10/01 03:50:37,20402.000000
planetlab2.arizona-gigapop.net,planetlab02.cs.washington.edu,file512KB.txt,2015/10/01 03:50:37,2015/10/01 03:51:16,38996.000000
planetlab2.arizona-gigapop.net,planetlab02.cs.washington.edu,file1MB.txt,2015/10/01 03:51:16,2015/10/01 03:52:34,78017.000000
planetlab2.citadel.edu,planetlab02.cs.washington.edu,file32B.txt,2015/10/01 03:52:34,2015/10/01 03:52:36,2328.000000
planetlab2.citadel.edu,planetlab02.cs.washington.edu,file1KB.txt,2015/10/01 03:52:36,2015/10/01 03:52:36,550.000000
planetlab2.citadel.edu,planetlab02.cs.washington.edu,file256KB.txt,2015/10/01 03:52:36,2015/10/01 03:53:17,41526.000000
planetlab2.citadel.edu,planetlab02.cs.washington.edu,file512KB.txt,2015/10/01 03:53:17,2015/10/01 03:54:37,79770.000000
planetlab2.citadel.edu,planetlab02.cs.washington.edu,file1MB.txt,2015/10/01 03:54:37,2015/10/01 03:57:18,160713.000000
planetlab2.cs.pitt.edu,planetlab02.cs.washington.edu,file32B.txt,2015/10/01 03:57:18,2015/10/01 03:57:19,1412.000000
planetlab2.cs.pitt.edu,planetlab02.cs.washington.edu,file1KB.txt,2015/10/01 03:57:19,2015/10/01 03:57:19,454.000000
planetlab2.cs.pitt.edu,planetlab02.cs.washington.edu,file256KB.txt,2015/10/01 03:57:19,2015/10/01 03:57:53,34688.000000
planetlab2.cs.pitt.edu,planetlab02.cs.washington.edu,file512KB.txt,2015/10/01 03:57:53,2015/10/01 03:59:00,66738.000000
planetlab2.cs.pitt.edu,planetlab02.cs.washington.edu,file1MB.txt,2015/10/01 03:59:00,2015/10/01 04:01:13,133057.000000
planetlab2.cs.purdue.edu,planetlab02.cs.washington.edu,file32B.txt,2015/10/01 04:01:13,2015/10/01 04:01:14,1204.000000
planetlab2.cs.purdue.edu,planetlab02.cs.washington.edu,file1KB.txt,2015/10/01 04:01:14,2015/10/01 04:01:15,1181.000000
planetlab2.cs.purdue.edu,planetlab02.cs.washington.edu,file256KB.txt,2015/10/01 04:01:15,2015/10/01 04:02:08,52817.000000
planetlab2.cs.purdue.edu,planetlab02.cs.washington.edu,file512KB.txt,2015/10/01 04:02:08,2015/10/01 04:04:44,155329.000000
planetlab2.cs.purdue.edu,planetlab02.cs.washington.edu,file1MB.txt,2015/10/01 04:04:44,2015/10/01 04:08:31,227284.000000
planetlab2.cs.uml.edu,planetlab02.cs.washington.edu,file32B.txt,2015/10/01 04:09:13,2015/10/01 04:09:14,1217.000000
planetlab2.cs.uml.edu,planetlab02.cs.washington.edu,file1KB.txt,2015/10/01 04:09:14,2015/10/01 04:09:15,1351.000000
planetlab2.cs.uml.edu,planetlab02.cs.washington.edu,file256KB.txt,2015/10/01 04:09:15,2015/10/01 04:09:55,40038.000000
planetlab2.cs.uml.edu,planetlab02.cs.washington.edu,file512KB.txt,2015/10/01 04:09:55,2015/10/01 04:11:14,79253.000000
planetlab2.cs.uml.edu,planetlab02.cs.washington.edu,file1MB.txt,2015/10/01 04:11:14,2015/10/01 04:13:50,155370.000000
planetlab2.cs.unc.edu,planetlab02.cs.washington.edu,file32B.txt,2015/10/01 04:13:50,2015/10/01 04:13:51,1290.000000
planetlab2.cs.unc.edu,planetlab02.cs.washington.edu,file1KB.txt,2015/10/01 04:13:51,2015/10/01 04:13:52,1253.000000
planetlab2.cs.unc.edu,planetlab02.cs.washington.edu,file256KB.txt,2015/10/01 04:13:52,2015/10/01 04:14:47,54684.000000
planetlab2.cs.unc.edu,planetlab02.cs.washington.edu,file512KB.txt,2015/10/01 04:14:47,2015/10/01 04:16:37,109841.000000
planetlab2.cs.unc.edu,planetlab02.cs.washington.edu,file1MB.txt,2015/10/01 04:16:37,2015/10/01 04:20:11,214561.000000
planetlab2.cs.uoregon.edu,planetlab02.cs.washington.edu,file32B.txt,2015/10/01 04:20:11,2015/10/01 04:20:12,325.000000
planetlab2.cs.uoregon.edu,planetlab02.cs.washington.edu,file1KB.txt,2015/10/01 04:20:12,2015/10/01 04:20:12,57.000000
planetlab2.cs.uoregon.edu,planetlab02.cs.washington.edu,file256KB.txt,2015/10/01 04:20:12,2015/10/01 04:20:16,3769.000000
planetlab2.cs.uoregon.edu,planetlab02.cs.washington.edu,file512KB.txt,2015/10/01 04:20:16,2015/10/01 04:20:25,9939.000000
planetlab2.cs.uoregon.edu,planetlab02.cs.washington.edu,file1MB.txt,2015/10/01 04:20:25,2015/10/01 04:20:40,14283.000000
planetlab2.temple.edu,planetlab02.cs.washington.edu,file32B.txt,2015/10/01 04:20:40,2015/10/01 04:20:41,978.000000
planetlab2.temple.edu,planetlab02.cs.washington.edu,file1KB.txt,2015/10/01 04:20:41,2015/10/01 04:20:42,1475.000000
planetlab2.temple.edu,planetlab02.cs.washington.edu,file256KB.txt,2015/10/01 04:20:42,2015/10/01 04:21:20,38242.000000
