planetlab1.unr.edu,planetlab1.csuohio.edu,file32B.txt,2015/09/30 21:06:23,2015/09/30 21:06:24,1491.000000
planetlab1.unr.edu,planetlab1.csuohio.edu,file1KB.txt,2015/09/30 21:06:24,2015/09/30 21:06:24,527.000000
planetlab1.unr.edu,planetlab1.csuohio.edu,file256KB.txt,2015/09/30 21:06:24,2015/09/30 21:07:02,38026.000000
planetlab1.unr.edu,planetlab1.csuohio.edu,file512KB.txt,2015/09/30 21:07:02,2015/09/30 21:08:15,73184.000000
planetlab1.unr.edu,planetlab1.csuohio.edu,file1MB.txt,2015/09/30 21:08:15,2015/09/30 21:10:45,149927.000000
pl2.cs.unm.edu,planetlab1.csuohio.edu,file32B.txt,2015/09/30 21:10:45,2015/09/30 21:10:46,710.000000
pl2.cs.unm.edu,planetlab1.csuohio.edu,file1KB.txt,2015/09/30 21:10:46,2015/09/30 21:10:47,1564.000000
pl2.cs.unm.edu,planetlab1.csuohio.edu,file256KB.txt,2015/09/30 21:10:47,2015/09/30 21:11:18,30714.000000
pl2.cs.unm.edu,planetlab1.csuohio.edu,file512KB.txt,2015/09/30 21:11:18,2015/09/30 21:12:19,60514.000000
pl2.cs.unm.edu,planetlab1.csuohio.edu,file1MB.txt,2015/09/30 21:12:19,2015/09/30 21:14:21,122275.000000
planetlab2.cnis.nyit.edu,planetlab1.csuohio.edu,file32B.txt,2015/09/30 21:14:21,2015/09/30 21:14:22,1660.000000
planetlab2.cnis.nyit.edu,planetlab1.csuohio.edu,file1KB.txt,2015/09/30 21:14:22,2015/09/30 21:14:22,346.000000
planetlab2.cnis.nyit.edu,planetlab1.csuohio.edu,file256KB.txt,2015/09/30 21:14:22,2015/09/30 21:14:47,25206.000000
planetlab2.cnis.nyit.edu,planetlab1.csuohio.edu,file512KB.txt,2015/09/30 21:14:47,2015/09/30 21:15:37,50044.000000
planetlab2.cnis.nyit.edu,planetlab1.csuohio.edu,file1MB.txt,2015/09/30 21:15:37,2015/09/30 21:17:18,100588.000000
planetlab2.rutgers.edu,planetlab1.csuohio.edu,file32B.txt,2015/09/30 21:17:18,2015/09/30 21:17:23,5110.000000
planetlab2.rutgers.edu,planetlab1.csuohio.edu,file1KB.txt,2015/09/30 21:17:23,2015/09/30 21:17:27,4031.000000
planetlab2.rutgers.edu,planetlab1.csuohio.edu,file256KB.txt,2015/09/30 21:17:27,2015/09/30 21:30:27,-779844.000000
planetlab2.rutgers.edu,planetlab1.csuohio.edu,file512KB.txt,2015/09/30 21:30:27,2015/09/30 22:12:15,-1786630.000000
planetlab2.rutgers.edu,planetlab1.csuohio.edu,file1MB.txt,2015/09/30 22:12:15,2015/09/30 23:19:16,273847.000000
planetlab2.ucsd.edu,planetlab1.csuohio.edu,file32B.txt,2015/09/30 23:19:16,2015/09/30 23:19:16,660.000000
planetlab2.ucsd.edu,planetlab1.csuohio.edu,file1KB.txt,2015/09/30 23:19:16,2015/09/30 23:19:17,1423.000000
planetlab2.ucsd.edu,planetlab1.csuohio.edu,file256KB.txt,2015/09/30 23:19:17,2015/09/30 23:19:59,42220.000000
planetlab2.ucsd.edu,planetlab1.csuohio.edu,file512KB.txt,2015/09/30 23:19:59,2015/09/30 23:21:22,82783.000000
planetlab2.ucsd.edu,planetlab1.csuohio.edu,file1MB.txt,2015/09/30 23:21:22,2015/09/30 23:24:02,160234.000000
planetlab3.cs.uoregon.edu,planetlab1.csuohio.edu,file32B.txt,2015/09/30 23:24:02,2015/09/30 23:24:02,490.000000
planetlab3.cs.uoregon.edu,planetlab1.csuohio.edu,file1KB.txt,2015/09/30 23:24:02,2015/09/30 23:24:03,1505.000000
planetlab3.cs.uoregon.edu,planetlab1.csuohio.edu,file256KB.txt,2015/09/30 23:24:03,2015/09/30 23:24:39,36108.000000
planetlab3.cs.uoregon.edu,planetlab1.csuohio.edu,file512KB.txt,2015/09/30 23:24:39,2015/09/30 23:25:49,69320.000000
planetlab3.cs.uoregon.edu,planetlab1.csuohio.edu,file1MB.txt,2015/09/30 23:25:49,2015/09/30 23:28:09,140280.000000
planetlab-01.bu.edu,planetlab1.csuohio.edu,file32B.txt,2015/09/30 23:28:09,2015/09/30 23:28:09,241.000000
planetlab-01.bu.edu,planetlab1.csuohio.edu,file1KB.txt,2015/09/30 23:28:09,2015/09/30 23:28:10,1524.000000
planetlab-01.bu.edu,planetlab1.csuohio.edu,file256KB.txt,2015/09/30 23:28:10,2015/09/30 23:28:27,17046.000000
planetlab-01.bu.edu,planetlab1.csuohio.edu,file512KB.txt,2015/09/30 23:28:27,2015/09/30 23:28:59,31284.000000
planetlab-01.bu.edu,planetlab1.csuohio.edu,file1MB.txt,2015/09/30 23:28:59,2015/09/30 23:30:06,67491.000000
planetlab4.cnds.jhu.edu,planetlab1.csuohio.edu,file32B.txt,2015/09/30 23:30:06,2015/09/30 23:30:07,929.000000
planetlab4.cnds.jhu.edu,planetlab1.csuohio.edu,file1KB.txt,2015/09/30 23:30:07,2015/09/30 23:30:07,209.000000
planetlab4.cnds.jhu.edu,planetlab1.csuohio.edu,file256KB.txt,2015/09/30 23:30:07,2015/09/30 23:30:21,14143.000000
planetlab4.cnds.jhu.edu,planetlab1.csuohio.edu,file512KB.txt,2015/09/30 23:30:21,2015/09/30 23:30:48,26788.000000
planetlab4.cnds.jhu.edu,planetlab1.csuohio.edu,file1MB.txt,2015/09/30 23:30:48,2015/09/30 23:31:42,54173.000000
planetlabtwo.ccs.neu.edu,planetlab1.csuohio.edu,file32B.txt,2015/09/30 23:31:42,2015/09/30 23:31:42,329.000000
planetlabtwo.ccs.neu.edu,planetlab1.csuohio.edu,file1KB.txt,2015/09/30 23:31:42,2015/09/30 23:31:43,1616.000000
planetlabtwo.ccs.neu.edu,planetlab1.csuohio.edu,file256KB.txt,2015/09/30 23:31:43,2015/09/30 23:32:09,25523.000000
planetlabtwo.ccs.neu.edu,planetlab1.csuohio.edu,file512KB.txt,2015/09/30 23:32:09,2015/09/30 23:33:02,53083.000000
planetlabtwo.ccs.neu.edu,planetlab1.csuohio.edu,file1MB.txt,2015/09/30 23:33:02,2015/09/30 23:34:57,114801.000000
planetlab1.cs.purdue.edu,planetlab1.csuohio.edu,file32B.txt,2015/09/30 23:34:57,2015/09/30 23:34:58,1008.000000
planetlab1.cs.purdue.edu,planetlab1.csuohio.edu,file1KB.txt,2015/09/30 23:34:58,2015/09/30 23:35:00,2462.000000
planetlab1.cs.purdue.edu,planetlab1.csuohio.edu,file256KB.txt,2015/09/30 23:35:00,2015/09/30 23:38:23,202914.000000
planetlab1.cs.purdue.edu,planetlab1.csuohio.edu,file512KB.txt,2015/09/30 23:38:23,2015/10/01 00:01:33,-1390059.000000
planetlab1.cs.purdue.edu,planetlab1.csuohio.edu,file1MB.txt,2015/10/01 00:01:33,2015/10/01 01:01:12,715522.000000
planetlab2.tsuniv.edu,planetlab1.csuohio.edu,file32B.txt,2015/10/01 01:01:12,2015/10/01 01:01:15,2263.000000
planetlab2.tsuniv.edu,planetlab1.csuohio.edu,file1KB.txt,2015/10/01 01:01:15,2015/10/01 01:01:19,4586.000000
planetlab2.tsuniv.edu,planetlab1.csuohio.edu,file256KB.txt,2015/10/01 01:01:19,2015/10/01 01:05:50,270899.000000
planetlab2.tsuniv.edu,planetlab1.csuohio.edu,file512KB.txt,2015/10/01 01:05:50,2015/10/01 01:11:06,315615.000000
planetlab2.tsuniv.edu,planetlab1.csuohio.edu,file1MB.txt,2015/10/01 01:11:06,2015/10/01 01:21:35,628922.000000
planetlab1.tsuniv.edu,planetlab1.csuohio.edu,file32B.txt,2015/10/01 01:21:35,2015/10/01 01:21:37,2496.000000
planetlab1.tsuniv.edu,planetlab1.csuohio.edu,file1KB.txt,2015/10/01 01:21:37,2015/10/01 01:21:39,2225.000000
planetlab1.tsuniv.edu,planetlab1.csuohio.edu,file256KB.txt,2015/10/01 01:21:39,2015/10/01 01:23:42,122920.000000
planetlab1.tsuniv.edu,planetlab1.csuohio.edu,file512KB.txt,2015/10/01 01:23:42,2015/10/01 01:28:32,290032.000000
planetlab1.tsuniv.edu,planetlab1.csuohio.edu,file1MB.txt,2015/10/01 01:28:32,2015/10/01 01:32:13,220724.000000
planetlab3.ucsd.edu,planetlab1.csuohio.edu,file32B.txt,2015/10/01 01:32:13,2015/10/01 01:32:13,559.000000
planetlab3.ucsd.edu,planetlab1.csuohio.edu,file1KB.txt,2015/10/01 01:32:13,2015/10/01 01:32:14,1395.000000
planetlab3.ucsd.edu,planetlab1.csuohio.edu,file256KB.txt,2015/10/01 01:32:14,2015/10/01 01:32:56,41701.000000
planetlab3.ucsd.edu,planetlab1.csuohio.edu,file512KB.txt,2015/10/01 01:32:56,2015/10/01 01:34:24,88211.000000
planetlab3.ucsd.edu,planetlab1.csuohio.edu,file1MB.txt,2015/10/01 01:34:24,2015/10/01 01:37:07,163152.000000
node2.planetlab.mathcs.emory.edu,planetlab1.csuohio.edu,file32B.txt,2015/10/01 01:37:07,2015/10/01 01:37:08,1712.000000
node2.planetlab.mathcs.emory.edu,planetlab1.csuohio.edu,file1KB.txt,2015/10/01 01:37:08,2015/10/01 01:37:08,277.000000
node2.planetlab.mathcs.emory.edu,planetlab1.csuohio.edu,file256KB.txt,2015/10/01 01:37:08,2015/10/01 01:37:27,19384.000000
node2.planetlab.mathcs.emory.edu,planetlab1.csuohio.edu,file512KB.txt,2015/10/01 01:37:27,2015/10/01 01:38:05,37699.000000
node2.planetlab.mathcs.emory.edu,planetlab1.csuohio.edu,file1MB.txt,2015/10/01 01:38:05,2015/10/01 01:39:19,73527.000000
planetlab5.csee.usf.edu,planetlab1.csuohio.edu,file32B.txt,2015/10/01 01:39:19,2015/10/01 01:39:20,1582.000000
planetlab5.csee.usf.edu,planetlab1.csuohio.edu,file1KB.txt,2015/10/01 01:39:20,2015/10/01 01:39:20,379.000000
planetlab5.csee.usf.edu,planetlab1.csuohio.edu,file256KB.txt,2015/10/01 01:39:20,2015/10/01 01:39:47,26667.000000
planetlab5.csee.usf.edu,planetlab1.csuohio.edu,file512KB.txt,2015/10/01 01:39:47,2015/10/01 01:40:51,64680.000000
planetlab5.csee.usf.edu,planetlab1.csuohio.edu,file1MB.txt,2015/10/01 01:40:51,2015/10/01 01:42:44,112549.000000
planetlab1.emich.edu,planetlab1.csuohio.edu,file32B.txt,2015/10/01 01:42:44,2015/10/01 01:42:44,127.000000
planetlab1.emich.edu,planetlab1.csuohio.edu,file1KB.txt,2015/10/01 01:42:44,2015/10/01 01:42:45,1871.000000
planetlab1.emich.edu,planetlab1.csuohio.edu,file256KB.txt,2015/10/01 01:42:45,2015/10/01 01:42:54,8643.000000
planetlab1.emich.edu,planetlab1.csuohio.edu,file512KB.txt,2015/10/01 01:42:54,2015/10/01 01:43:11,16463.000000
planetlab1.emich.edu,planetlab1.csuohio.edu,file1MB.txt,2015/10/01 01:43:11,2015/10/01 01:43:59,48717.000000
ebb.colgate.edu,planetlab1.csuohio.edu,file32B.txt,2015/10/01 01:43:59,2015/10/01 01:43:59,204.000000
ebb.colgate.edu,planetlab1.csuohio.edu,file1KB.txt,2015/10/01 01:43:59,2015/10/01 01:43:59,206.000000
ebb.colgate.edu,planetlab1.csuohio.edu,file256KB.txt,2015/10/01 01:43:59,2015/10/01 01:44:14,15296.000000
ebb.colgate.edu,planetlab1.csuohio.edu,file512KB.txt,2015/10/01 01:44:14,2015/10/01 01:44:54,40015.000000
ebb.colgate.edu,planetlab1.csuohio.edu,file1MB.txt,2015/10/01 01:44:54,2015/10/01 01:46:06,72105.000000
kc-sce-plab2.umkc.edu,planetlab1.csuohio.edu,file32B.txt,2015/10/01 01:46:06,2015/10/01 01:46:06,224.000000
kc-sce-plab2.umkc.edu,planetlab1.csuohio.edu,file1KB.txt,2015/10/01 01:46:06,2015/10/01 01:46:06,375.000000
kc-sce-plab2.umkc.edu,planetlab1.csuohio.edu,file256KB.txt,2015/10/01 01:46:06,2015/10/01 01:46:23,17052.000000
kc-sce-plab2.umkc.edu,planetlab1.csuohio.edu,file512KB.txt,2015/10/01 01:46:23,2015/10/01 01:47:31,67988.000000
kc-sce-plab2.umkc.edu,planetlab1.csuohio.edu,file1MB.txt,2015/10/01 01:47:31,2015/10/01 01:48:50,79404.000000
node1.planetlab.mathcs.emory.edu,planetlab1.csuohio.edu,file32B.txt,2015/10/01 01:48:50,2015/10/01 01:48:50,293.000000
node1.planetlab.mathcs.emory.edu,planetlab1.csuohio.edu,file1KB.txt,2015/10/01 01:48:50,2015/10/01 01:48:51,1733.000000
node1.planetlab.mathcs.emory.edu,planetlab1.csuohio.edu,file256KB.txt,2015/10/01 01:48:51,2015/10/01 01:49:09,17167.000000
node1.planetlab.mathcs.emory.edu,planetlab1.csuohio.edu,file512KB.txt,2015/10/01 01:49:09,2015/10/01 01:49:47,38816.000000
node1.planetlab.mathcs.emory.edu,planetlab1.csuohio.edu,file1MB.txt,2015/10/01 01:49:47,2015/10/01 01:51:02,74680.000000
pl1.cs.montana.edu,planetlab1.csuohio.edu,file32B.txt,2015/10/01 01:51:02,2015/10/01 01:51:03,1283.000000
pl1.cs.montana.edu,planetlab1.csuohio.edu,file1KB.txt,2015/10/01 01:51:03,2015/10/01 01:51:03,746.000000
pl1.cs.montana.edu,planetlab1.csuohio.edu,file256KB.txt,2015/10/01 01:51:03,2015/10/01 01:51:58,55451.000000
pl1.cs.montana.edu,planetlab1.csuohio.edu,file512KB.txt,2015/10/01 01:51:58,2015/10/01 01:53:48,109975.000000
pl1.cs.montana.edu,planetlab1.csuohio.edu,file1MB.txt,2015/10/01 01:53:48,2015/10/01 01:57:26,217484.000000
plab3.eece.ksu.edu,planetlab1.csuohio.edu,file32B.txt,2015/10/01 01:57:48,2015/10/01 01:57:49,1591.000000
plab3.eece.ksu.edu,planetlab1.csuohio.edu,file1KB.txt,2015/10/01 01:57:49,2015/10/01 01:57:49,407.000000
plab3.eece.ksu.edu,planetlab1.csuohio.edu,file256KB.txt,2015/10/01 01:57:49,2015/10/01 01:58:18,28864.000000
plab3.eece.ksu.edu,planetlab1.csuohio.edu,file512KB.txt,2015/10/01 01:58:18,2015/10/01 01:59:17,58785.000000
plab3.eece.ksu.edu,planetlab1.csuohio.edu,file1MB.txt,2015/10/01 01:59:17,2015/10/01 02:01:15,118886.000000
planet3.cc.gt.atl.ga.us,planetlab1.csuohio.edu,file32B.txt,2015/10/01 02:01:15,2015/10/01 02:01:15,326.000000
planet3.cc.gt.atl.ga.us,planetlab1.csuohio.edu,file1KB.txt,2015/10/01 02:01:15,2015/10/01 02:01:15,263.000000
planet3.cc.gt.atl.ga.us,planetlab1.csuohio.edu,file256KB.txt,2015/10/01 02:01:15,2015/10/01 02:01:34,19280.000000
planet3.cc.gt.atl.ga.us,planetlab1.csuohio.edu,file512KB.txt,2015/10/01 02:01:34,2015/10/01 02:02:11,36574.000000
planet3.cc.gt.atl.ga.us,planetlab1.csuohio.edu,file1MB.txt,2015/10/01 02:02:11,2015/10/01 02:03:26,75509.000000
planetlab-02.bu.edu,planetlab1.csuohio.edu,file32B.txt,2015/10/01 02:03:26,2015/10/01 02:03:26,235.000000
planetlab-02.bu.edu,planetlab1.csuohio.edu,file1KB.txt,2015/10/01 02:03:26,2015/10/01 02:03:26,245.000000
planetlab-02.bu.edu,planetlab1.csuohio.edu,file256KB.txt,2015/10/01 02:03:26,2015/10/01 02:03:43,17224.000000
planetlab-02.bu.edu,planetlab1.csuohio.edu,file512KB.txt,2015/10/01 02:03:43,2015/10/01 02:04:16,33101.000000
planetlab-02.bu.edu,planetlab1.csuohio.edu,file1MB.txt,2015/10/01 02:04:16,2015/10/01 02:05:23,66919.000000
planetlab1.clemson.edu,planetlab1.csuohio.edu,file32B.txt,2015/10/01 02:05:45,2015/10/01 02:05:45,299.000000
planetlab1.clemson.edu,planetlab1.csuohio.edu,file1KB.txt,2015/10/01 02:05:45,2015/10/01 02:05:45,220.000000
planetlab1.clemson.edu,planetlab1.csuohio.edu,file256KB.txt,2015/10/01 02:05:45,2015/10/01 02:06:00,14888.000000
planetlab1.clemson.edu,planetlab1.csuohio.edu,file512KB.txt,2015/10/01 02:06:00,2015/10/01 02:06:30,29937.000000
planetlab1.clemson.edu,planetlab1.csuohio.edu,file1MB.txt,2015/10/01 02:06:30,2015/10/01 02:07:40,-69921.000000
planetlab1.cs.du.edu,planetlab1.csuohio.edu,file32B.txt,2015/10/01 02:07:41,2015/10/01 02:07:41,315.000000
planetlab1.cs.du.edu,planetlab1.csuohio.edu,file1KB.txt,2015/10/01 02:07:41,2015/10/01 02:07:41,315.000000
planetlab1.cs.du.edu,planetlab1.csuohio.edu,file256KB.txt,2015/10/01 02:07:41,2015/10/01 02:08:04,23410.000000
planetlab1.cs.du.edu,planetlab1.csuohio.edu,file512KB.txt,2015/10/01 02:08:04,2015/10/01 02:08:50,46238.000000
planetlab1.cs.du.edu,planetlab1.csuohio.edu,file1MB.txt,2015/10/01 02:08:50,2015/10/01 02:10:21,91091.000000
planetlab-1.cse.ohio-state.edu,planetlab1.csuohio.edu,file32B.txt,2015/10/01 02:10:21,2015/10/01 02:10:27,6183.000000
planetlab-1.cse.ohio-state.edu,planetlab1.csuohio.edu,file1KB.txt,2015/10/01 02:10:27,2015/10/01 02:10:34,6542.000000
planetlab-1.cse.ohio-state.edu,planetlab1.csuohio.edu,file256KB.txt,2015/10/01 02:10:34,2015/10/01 02:24:56,862337.000000
planetlab-1.cse.ohio-state.edu,planetlab1.csuohio.edu,file512KB.txt,2015/10/01 02:24:56,2015/10/01 03:02:33,-2038791.000000
