planetlab1.unr.edu,planetlab1.cs.purdue.edu,file32B.txt,2015/09/30 20:59:05,2015/09/30 20:59:06,1404.000000
planetlab1.unr.edu,planetlab1.cs.purdue.edu,file1KB.txt,2015/09/30 20:59:06,2015/09/30 20:59:07,1423.000000
planetlab1.unr.edu,planetlab1.cs.purdue.edu,file256KB.txt,2015/09/30 20:59:07,2015/09/30 20:59:40,32832.000000
planetlab1.unr.edu,planetlab1.cs.purdue.edu,file512KB.txt,2015/09/30 20:59:40,2015/09/30 21:00:44,63496.000000
planetlab1.unr.edu,planetlab1.cs.purdue.edu,file1MB.txt,2015/09/30 21:00:44,2015/09/30 21:02:49,124869.000000
pl2.cs.unm.edu,planetlab1.cs.purdue.edu,file32B.txt,2015/09/30 21:02:49,2015/09/30 21:02:50,964.000000
pl2.cs.unm.edu,planetlab1.cs.purdue.edu,file1KB.txt,2015/09/30 21:02:50,2015/09/30 21:02:51,1351.000000
pl2.cs.unm.edu,planetlab1.cs.purdue.edu,file256KB.txt,2015/09/30 21:02:51,2015/09/30 21:03:53,62304.000000
pl2.cs.unm.edu,planetlab1.cs.purdue.edu,file512KB.txt,2015/09/30 21:03:53,2015/09/30 21:04:45,51278.000000
pl2.cs.unm.edu,planetlab1.cs.purdue.edu,file1MB.txt,2015/09/30 21:04:45,2015/09/30 21:06:29,104333.000000
planetlab2.cnis.nyit.edu,planetlab1.cs.purdue.edu,file32B.txt,2015/09/30 21:06:29,2015/09/30 21:06:30,1371.000000
planetlab2.cnis.nyit.edu,planetlab1.cs.purdue.edu,file1KB.txt,2015/09/30 21:06:30,2015/09/30 21:06:30,487.000000
planetlab2.cnis.nyit.edu,planetlab1.cs.purdue.edu,file256KB.txt,2015/09/30 21:06:30,2015/09/30 21:06:57,26921.000000
planetlab2.cnis.nyit.edu,planetlab1.cs.purdue.edu,file512KB.txt,2015/09/30 21:06:57,2015/09/30 21:08:18,81742.000000
planetlab2.cnis.nyit.edu,planetlab1.cs.purdue.edu,file1MB.txt,2015/09/30 21:08:18,2015/09/30 21:09:53,94222.000000
planetlab2.rutgers.edu,planetlab1.cs.purdue.edu,file32B.txt,2015/09/30 21:09:53,2015/09/30 21:10:08,15208.000000
planetlab2.rutgers.edu,planetlab1.cs.purdue.edu,file1KB.txt,2015/09/30 21:10:08,2015/09/30 21:10:10,2427.000000
planetlab2.rutgers.edu,planetlab1.cs.purdue.edu,file256KB.txt,2015/09/30 21:10:10,2015/09/30 21:14:57,286630.000000
planetlab2.rutgers.edu,planetlab1.cs.purdue.edu,file512KB.txt,2015/09/30 21:14:57,2015/09/30 21:51:27,2105092.000000
planetlab2.rutgers.edu,planetlab1.cs.purdue.edu,file1MB.txt,2015/09/30 21:51:27,2015/09/30 23:05:26,144101.000000
planetlab2.ucsd.edu,planetlab1.cs.purdue.edu,file32B.txt,2015/09/30 23:05:26,2015/09/30 23:05:27,1308.000000
planetlab2.ucsd.edu,planetlab1.cs.purdue.edu,file1KB.txt,2015/09/30 23:05:27,2015/09/30 23:05:28,1292.000000
planetlab2.ucsd.edu,planetlab1.cs.purdue.edu,file256KB.txt,2015/09/30 23:05:28,2015/09/30 23:06:09,40803.000000
planetlab2.ucsd.edu,planetlab1.cs.purdue.edu,file512KB.txt,2015/09/30 23:06:09,2015/09/30 23:07:34,85050.000000
planetlab2.ucsd.edu,planetlab1.cs.purdue.edu,file1MB.txt,2015/09/30 23:07:34,2015/09/30 23:10:13,158893.000000
planetlab3.cs.uoregon.edu,planetlab1.cs.purdue.edu,file32B.txt,2015/09/30 23:10:13,2015/09/30 23:10:14,1005.000000
planetlab3.cs.uoregon.edu,planetlab1.cs.purdue.edu,file1KB.txt,2015/09/30 23:10:14,2015/09/30 23:10:15,1263.000000
planetlab3.cs.uoregon.edu,planetlab1.cs.purdue.edu,file256KB.txt,2015/09/30 23:10:15,2015/09/30 23:10:54,39176.000000
planetlab3.cs.uoregon.edu,planetlab1.cs.purdue.edu,file512KB.txt,2015/09/30 23:10:54,2015/09/30 23:12:10,75934.000000
planetlab3.cs.uoregon.edu,planetlab1.cs.purdue.edu,file1MB.txt,2015/09/30 23:12:10,2015/09/30 23:14:46,155700.000000
planetlab-01.bu.edu,planetlab1.cs.purdue.edu,file32B.txt,2015/09/30 23:14:46,2015/09/30 23:14:47,1392.000000
planetlab-01.bu.edu,planetlab1.cs.purdue.edu,file1KB.txt,2015/09/30 23:14:47,2015/09/30 23:14:47,615.000000
planetlab-01.bu.edu,planetlab1.cs.purdue.edu,file256KB.txt,2015/09/30 23:14:47,2015/09/30 23:15:19,32434.000000
planetlab-01.bu.edu,planetlab1.cs.purdue.edu,file512KB.txt,2015/09/30 23:15:19,2015/09/30 23:16:20,60589.000000
planetlab-01.bu.edu,planetlab1.cs.purdue.edu,file1MB.txt,2015/09/30 23:16:20,2015/09/30 23:18:29,129137.000000
planetlab4.cnds.jhu.edu,planetlab1.cs.purdue.edu,file32B.txt,2015/09/30 23:18:29,2015/09/30 23:18:29,499.000000
planetlab4.cnds.jhu.edu,planetlab1.cs.purdue.edu,file1KB.txt,2015/09/30 23:18:29,2015/09/30 23:18:30,1550.000000
planetlab4.cnds.jhu.edu,planetlab1.cs.purdue.edu,file256KB.txt,2015/09/30 23:18:30,2015/09/30 23:18:53,22967.000000
planetlab4.cnds.jhu.edu,planetlab1.cs.purdue.edu,file512KB.txt,2015/09/30 23:18:53,2015/09/30 23:19:38,44994.000000
planetlab4.cnds.jhu.edu,planetlab1.cs.purdue.edu,file1MB.txt,2015/09/30 23:19:38,2015/09/30 23:22:38,179617.000000
planetlabtwo.ccs.neu.edu,planetlab1.cs.purdue.edu,file32B.txt,2015/09/30 23:22:38,2015/09/30 23:22:39,1012.000000
planetlabtwo.ccs.neu.edu,planetlab1.cs.purdue.edu,file1KB.txt,2015/09/30 23:22:39,2015/09/30 23:22:40,1134.000000
planetlabtwo.ccs.neu.edu,planetlab1.cs.purdue.edu,file256KB.txt,2015/09/30 23:22:40,2015/09/30 23:23:08,28209.000000
planetlabtwo.ccs.neu.edu,planetlab1.cs.purdue.edu,file512KB.txt,2015/09/30 23:23:08,2015/09/30 23:25:04,115822.000000
planetlabtwo.ccs.neu.edu,planetlab1.cs.purdue.edu,file1MB.txt,2015/09/30 23:25:04,2015/09/30 23:29:11,247574.000000
planetlab1.cs.purdue.edu,planetlab1.cs.purdue.edu,file32B.txt,2015/09/30 23:29:11,2015/09/30 23:29:12,796.000000
planetlab1.cs.purdue.edu,planetlab1.cs.purdue.edu,file1KB.txt,2015/09/30 23:29:12,2015/09/30 23:29:13,827.000000
planetlab1.cs.purdue.edu,planetlab1.cs.purdue.edu,file256KB.txt,2015/09/30 23:29:13,2015/09/30 23:29:50,36947.000000
planetlab1.cs.purdue.edu,planetlab1.cs.purdue.edu,file512KB.txt,2015/09/30 23:29:50,2015/09/30 23:31:24,93797.000000
planetlab1.cs.purdue.edu,planetlab1.cs.purdue.edu,file1MB.txt,2015/09/30 23:31:24,2015/09/30 23:37:13,349142.000000
planetlab2.tsuniv.edu,planetlab1.cs.purdue.edu,file32B.txt,2015/09/30 23:37:14,2015/09/30 23:37:17,3061.000000
planetlab2.tsuniv.edu,planetlab1.cs.purdue.edu,file1KB.txt,2015/09/30 23:37:17,2015/09/30 23:37:21,3519.000000
planetlab2.tsuniv.edu,planetlab1.cs.purdue.edu,file256KB.txt,2015/09/30 23:37:21,2015/09/30 23:43:56,-395190.000000
planetlab2.tsuniv.edu,planetlab1.cs.purdue.edu,file512KB.txt,2015/09/30 23:43:56,2015/10/01 00:13:11,1755013.000000
planetlab2.tsuniv.edu,planetlab1.cs.purdue.edu,file1MB.txt,2015/10/01 00:13:11,2015/10/01 01:09:41,904980.000000
planetlab1.tsuniv.edu,planetlab1.cs.purdue.edu,file32B.txt,2015/10/01 01:09:41,2015/10/01 01:09:50,9217.000000
planetlab1.tsuniv.edu,planetlab1.cs.purdue.edu,file1KB.txt,2015/10/01 01:09:50,2015/10/01 01:09:59,9226.000000
planetlab1.tsuniv.edu,planetlab1.cs.purdue.edu,file256KB.txt,2015/10/01 01:09:59,2015/10/01 01:16:32,392899.000000
planetlab1.tsuniv.edu,planetlab1.cs.purdue.edu,file512KB.txt,2015/10/01 01:16:32,2015/10/01 01:18:16,104030.000000
planetlab1.tsuniv.edu,planetlab1.cs.purdue.edu,file1MB.txt,2015/10/01 01:18:16,2015/10/01 01:21:12,176116.000000
planetlab3.ucsd.edu,planetlab1.cs.purdue.edu,file32B.txt,2015/10/01 01:21:12,2015/10/01 01:21:13,992.000000
planetlab3.ucsd.edu,planetlab1.cs.purdue.edu,file1KB.txt,2015/10/01 01:21:13,2015/10/01 01:21:14,805.000000
planetlab3.ucsd.edu,planetlab1.cs.purdue.edu,file256KB.txt,2015/10/01 01:21:14,2015/10/01 01:22:01,47511.000000
planetlab3.ucsd.edu,planetlab1.cs.purdue.edu,file512KB.txt,2015/10/01 01:22:01,2015/10/01 01:23:31,89891.000000
planetlab3.ucsd.edu,planetlab1.cs.purdue.edu,file1MB.txt,2015/10/01 01:23:31,2015/10/01 01:26:25,174215.000000
node2.planetlab.mathcs.emory.edu,planetlab1.cs.purdue.edu,file32B.txt,2015/10/01 01:26:25,2015/10/01 01:26:25,419.000000
node2.planetlab.mathcs.emory.edu,planetlab1.cs.purdue.edu,file1KB.txt,2015/10/01 01:26:25,2015/10/01 01:26:26,1527.000000
node2.planetlab.mathcs.emory.edu,planetlab1.cs.purdue.edu,file256KB.txt,2015/10/01 01:26:26,2015/10/01 01:26:49,22767.000000
node2.planetlab.mathcs.emory.edu,planetlab1.cs.purdue.edu,file512KB.txt,2015/10/01 01:26:49,2015/10/01 01:27:36,47158.000000
node2.planetlab.mathcs.emory.edu,planetlab1.cs.purdue.edu,file1MB.txt,2015/10/01 01:27:36,2015/10/01 01:28:58,81390.000000
planetlab5.csee.usf.edu,planetlab1.cs.purdue.edu,file32B.txt,2015/10/01 01:28:58,2015/10/01 01:28:59,1533.000000
planetlab5.csee.usf.edu,planetlab1.cs.purdue.edu,file1KB.txt,2015/10/01 01:28:59,2015/10/01 01:28:59,521.000000
planetlab5.csee.usf.edu,planetlab1.cs.purdue.edu,file256KB.txt,2015/10/01 01:28:59,2015/10/01 01:29:28,29352.000000
planetlab5.csee.usf.edu,planetlab1.cs.purdue.edu,file512KB.txt,2015/10/01 01:29:28,2015/10/01 01:30:25,56537.000000
planetlab5.csee.usf.edu,planetlab1.cs.purdue.edu,file1MB.txt,2015/10/01 01:30:25,2015/10/01 01:32:20,115152.000000
planetlab1.emich.edu,planetlab1.cs.purdue.edu,file32B.txt,2015/10/01 01:32:20,2015/10/01 01:32:21,1627.000000
planetlab1.emich.edu,planetlab1.cs.purdue.edu,file1KB.txt,2015/10/01 01:32:21,2015/10/01 01:32:21,355.000000
planetlab1.emich.edu,planetlab1.cs.purdue.edu,file256KB.txt,2015/10/01 01:32:21,2015/10/01 01:32:39,18165.000000
planetlab1.emich.edu,planetlab1.cs.purdue.edu,file512KB.txt,2015/10/01 01:32:39,2015/10/01 01:33:16,37330.000000
planetlab1.emich.edu,planetlab1.cs.purdue.edu,file1MB.txt,2015/10/01 01:33:16,2015/10/01 01:34:27,70570.000000
ebb.colgate.edu,planetlab1.cs.purdue.edu,file32B.txt,2015/10/01 01:34:27,2015/10/01 01:34:31,4537.000000
ebb.colgate.edu,planetlab1.cs.purdue.edu,file1KB.txt,2015/10/01 01:34:31,2015/10/01 01:34:31,449.000000
ebb.colgate.edu,planetlab1.cs.purdue.edu,file256KB.txt,2015/10/01 01:34:31,2015/10/01 01:34:59,27908.000000
ebb.colgate.edu,planetlab1.cs.purdue.edu,file512KB.txt,2015/10/01 01:34:59,2015/10/01 01:35:52,53092.000000
ebb.colgate.edu,planetlab1.cs.purdue.edu,file1MB.txt,2015/10/01 01:35:52,2015/10/01 01:37:39,106986.000000
kc-sce-plab2.umkc.edu,planetlab1.cs.purdue.edu,file32B.txt,2015/10/01 01:37:39,2015/10/01 01:37:41,2373.000000
kc-sce-plab2.umkc.edu,planetlab1.cs.purdue.edu,file1KB.txt,2015/10/01 01:37:41,2015/10/01 01:37:43,1959.000000
kc-sce-plab2.umkc.edu,planetlab1.cs.purdue.edu,file256KB.txt,2015/10/01 01:37:43,2015/10/01 01:40:16,152537.000000
kc-sce-plab2.umkc.edu,planetlab1.cs.purdue.edu,file512KB.txt,2015/10/01 01:40:16,2015/10/01 01:41:18,61910.000000
kc-sce-plab2.umkc.edu,planetlab1.cs.purdue.edu,file1MB.txt,2015/10/01 01:41:18,2015/10/01 01:43:14,115946.000000
node1.planetlab.mathcs.emory.edu,planetlab1.cs.purdue.edu,file32B.txt,2015/10/01 01:43:14,2015/10/01 01:43:15,1520.000000
node1.planetlab.mathcs.emory.edu,planetlab1.cs.purdue.edu,file1KB.txt,2015/10/01 01:43:15,2015/10/01 01:43:15,487.000000
node1.planetlab.mathcs.emory.edu,planetlab1.cs.purdue.edu,file256KB.txt,2015/10/01 01:43:15,2015/10/01 01:43:38,23382.000000
node1.planetlab.mathcs.emory.edu,planetlab1.cs.purdue.edu,file512KB.txt,2015/10/01 01:43:38,2015/10/01 01:44:21,42424.000000
node1.planetlab.mathcs.emory.edu,planetlab1.cs.purdue.edu,file1MB.txt,2015/10/01 01:44:21,2015/10/01 01:45:53,92801.000000
pl1.cs.montana.edu,planetlab1.cs.purdue.edu,file32B.txt,2015/10/01 01:45:53,2015/10/01 01:45:54,972.000000
pl1.cs.montana.edu,planetlab1.cs.purdue.edu,file1KB.txt,2015/10/01 01:45:54,2015/10/01 01:45:55,786.000000
pl1.cs.montana.edu,planetlab1.cs.purdue.edu,file256KB.txt,2015/10/01 01:45:55,2015/10/01 01:46:52,56559.000000
pl1.cs.montana.edu,planetlab1.cs.purdue.edu,file512KB.txt,2015/10/01 01:46:52,2015/10/01 01:48:45,113184.000000
pl1.cs.montana.edu,planetlab1.cs.purdue.edu,file1MB.txt,2015/10/01 01:48:45,2015/10/01 01:52:32,227542.000000
plab3.eece.ksu.edu,planetlab1.cs.purdue.edu,file32B.txt,2015/10/01 01:52:53,2015/10/01 01:52:53,473.000000
plab3.eece.ksu.edu,planetlab1.cs.purdue.edu,file1KB.txt,2015/10/01 01:52:53,2015/10/01 01:52:54,1565.000000
plab3.eece.ksu.edu,planetlab1.cs.purdue.edu,file256KB.txt,2015/10/01 01:52:54,2015/10/01 01:53:14,19914.000000
plab3.eece.ksu.edu,planetlab1.cs.purdue.edu,file512KB.txt,2015/10/01 01:53:14,2015/10/01 01:53:52,38245.000000
plab3.eece.ksu.edu,planetlab1.cs.purdue.edu,file1MB.txt,2015/10/01 01:53:52,2015/10/01 01:55:07,74389.000000
planet3.cc.gt.atl.ga.us,planetlab1.cs.purdue.edu,file32B.txt,2015/10/01 01:55:07,2015/10/01 01:55:08,1529.000000
planet3.cc.gt.atl.ga.us,planetlab1.cs.purdue.edu,file1KB.txt,2015/10/01 01:55:08,2015/10/01 01:55:08,481.000000
planet3.cc.gt.atl.ga.us,planetlab1.cs.purdue.edu,file256KB.txt,2015/10/01 01:55:08,2015/10/01 01:55:31,23503.000000
planet3.cc.gt.atl.ga.us,planetlab1.cs.purdue.edu,file512KB.txt,2015/10/01 01:55:31,2015/10/01 01:56:14,42802.000000
planet3.cc.gt.atl.ga.us,planetlab1.cs.purdue.edu,file1MB.txt,2015/10/01 01:56:14,2015/10/01 01:57:43,88813.000000
planetlab-02.bu.edu,planetlab1.cs.purdue.edu,file32B.txt,2015/10/01 01:57:43,2015/10/01 01:57:44,1453.000000
planetlab-02.bu.edu,planetlab1.cs.purdue.edu,file1KB.txt,2015/10/01 01:57:44,2015/10/01 01:57:44,597.000000
planetlab-02.bu.edu,planetlab1.cs.purdue.edu,file256KB.txt,2015/10/01 01:57:44,2015/10/01 01:58:14,30335.000000
planetlab-02.bu.edu,planetlab1.cs.purdue.edu,file512KB.txt,2015/10/01 01:58:14,2015/10/01 01:59:18,63653.000000
planetlab-02.bu.edu,planetlab1.cs.purdue.edu,file1MB.txt,2015/10/01 01:59:18,2015/10/01 02:01:26,128870.000000
planetlab1.clemson.edu,planetlab1.cs.purdue.edu,file32B.txt,2015/10/01 02:01:47,2015/10/01 02:01:47,422.000000
planetlab1.clemson.edu,planetlab1.cs.purdue.edu,file1KB.txt,2015/10/01 02:01:47,2015/10/01 02:01:48,1548.000000
planetlab1.clemson.edu,planetlab1.cs.purdue.edu,file256KB.txt,2015/10/01 02:01:48,2015/10/01 02:02:08,19266.000000
planetlab1.clemson.edu,planetlab1.cs.purdue.edu,file512KB.txt,2015/10/01 02:02:08,2015/10/01 02:02:56,48367.000000
planetlab1.clemson.edu,planetlab1.cs.purdue.edu,file1MB.txt,2015/10/01 02:02:56,2015/10/01 02:04:23,87232.000000
planetlab1.cs.du.edu,planetlab1.cs.purdue.edu,file32B.txt,2015/10/01 02:04:23,2015/10/01 02:04:24,1599.000000
planetlab1.cs.du.edu,planetlab1.cs.purdue.edu,file1KB.txt,2015/10/01 02:04:24,2015/10/01 02:04:24,458.000000
planetlab1.cs.du.edu,planetlab1.cs.purdue.edu,file256KB.txt,2015/10/01 02:04:24,2015/10/01 02:04:47,23460.000000
planetlab1.cs.du.edu,planetlab1.cs.purdue.edu,file512KB.txt,2015/10/01 02:04:47,2015/10/01 02:05:30,42364.000000
planetlab1.cs.du.edu,planetlab1.cs.purdue.edu,file1MB.txt,2015/10/01 02:05:30,2015/10/01 02:06:57,-87507.000000
planetlab-1.cse.ohio-state.edu,planetlab1.cs.purdue.edu,file32B.txt,2015/10/01 02:06:57,2015/10/01 02:07:02,4529.000000
planetlab-1.cse.ohio-state.edu,planetlab1.cs.purdue.edu,file1KB.txt,2015/10/01 02:07:02,2015/10/01 02:07:08,6297.000000
planetlab-1.cse.ohio-state.edu,planetlab1.cs.purdue.edu,file256KB.txt,2015/10/01 02:07:08,2015/10/01 02:18:20,671625.000000
planetlab-1.cse.ohio-state.edu,planetlab1.cs.purdue.edu,file512KB.txt,2015/10/01 02:18:20,2015/10/01 02:49:00,1841884.000000
planetlab1.cs.okstate.edu,planetlab1.cs.purdue.edu,file32B.txt,2015/10/01 02:49:22,2015/10/01 02:49:22,374.000000
planetlab1.cs.okstate.edu,planetlab1.cs.purdue.edu,file1KB.txt,2015/10/01 02:49:22,2015/10/01 02:49:23,1111.000000
planetlab1.cs.okstate.edu,planetlab1.cs.purdue.edu,file256KB.txt,2015/10/01 02:49:23,2015/10/01 02:49:42,19039.000000
planetlab1.cs.okstate.edu,planetlab1.cs.purdue.edu,file512KB.txt,2015/10/01 02:49:42,2015/10/01 02:50:23,40384.000000
planetlab1.cs.okstate.edu,planetlab1.cs.purdue.edu,file1MB.txt,2015/10/01 02:50:23,2015/10/01 02:51:43,80248.000000
planetlab1.cs.ucla.edu,planetlab1.cs.purdue.edu,file32B.txt,2015/10/01 02:51:43,2015/10/01 02:51:44,1336.000000
planetlab1.cs.ucla.edu,planetlab1.cs.purdue.edu,file1KB.txt,2015/10/01 02:51:44,2015/10/01 02:51:45,1310.000000
planetlab1.cs.ucla.edu,planetlab1.cs.purdue.edu,file256KB.txt,2015/10/01 02:51:45,2015/10/01 02:52:27,41652.000000
planetlab1.cs.ucla.edu,planetlab1.cs.purdue.edu,file512KB.txt,2015/10/01 02:52:27,2015/10/01 02:53:49,81675.000000
planetlab1.cs.ucla.edu,planetlab1.cs.purdue.edu,file1MB.txt,2015/10/01 02:53:49,2015/10/01 02:56:36,167711.000000
planetlab1.csuohio.edu,planetlab1.cs.purdue.edu,file32B.txt,2015/10/01 02:56:36,2015/10/01 02:56:36,369.000000
planetlab1.csuohio.edu,planetlab1.cs.purdue.edu,file1KB.txt,2015/10/01 02:56:36,2015/10/01 02:56:36,398.000000
planetlab1.csuohio.edu,planetlab1.cs.purdue.edu,file256KB.txt,2015/10/01 02:56:36,2015/10/01 02:56:55,19659.000000
planetlab1.csuohio.edu,planetlab1.cs.purdue.edu,file512KB.txt,2015/10/01 02:56:55,2015/10/01 02:57:32,37093.000000
planetlab1.csuohio.edu,planetlab1.cs.purdue.edu,file1MB.txt,2015/10/01 02:57:32,2015/10/01 02:58:48,75682.000000
planetlab1.emich.edu,planetlab1.cs.purdue.edu,file32B.txt,2015/10/01 02:58:48,2015/10/01 02:58:48,409.000000
planetlab1.emich.edu,planetlab1.cs.purdue.edu,file1KB.txt,2015/10/01 02:58:48,2015/10/01 02:58:49,1592.000000
planetlab1.emich.edu,planetlab1.cs.purdue.edu,file256KB.txt,2015/10/01 02:58:49,2015/10/01 02:59:06,17049.000000
planetlab1.emich.edu,planetlab1.cs.purdue.edu,file512KB.txt,2015/10/01 02:59:06,2015/10/01 02:59:36,29639.000000
planetlab1.emich.edu,planetlab1.cs.purdue.edu,file1MB.txt,2015/10/01 02:59:36,2015/10/01 03:01:04,88269.000000
planetlab1.ucsd.edu,planetlab1.cs.purdue.edu,file32B.txt,2015/10/01 03:01:25,2015/10/01 03:01:26,1349.000000
planetlab1.ucsd.edu,planetlab1.cs.purdue.edu,file1KB.txt,2015/10/01 03:01:26,2015/10/01 03:01:26,703.000000
planetlab1.ucsd.edu,planetlab1.cs.purdue.edu,file256KB.txt,2015/10/01 03:01:26,2015/10/01 03:02:06,40140.000000
planetlab1.ucsd.edu,planetlab1.cs.purdue.edu,file512KB.txt,2015/10/01 03:02:06,2015/10/01 03:03:25,78886.000000
planetlab1.ucsd.edu,planetlab1.cs.purdue.edu,file1MB.txt,2015/10/01 03:03:25,2015/10/01 03:06:05,160594.000000
planetlab2.acis.ufl.edu,planetlab1.cs.purdue.edu,file32B.txt,2015/10/01 03:06:05,2015/10/01 03:06:05,501.000000
planetlab2.acis.ufl.edu,planetlab1.cs.purdue.edu,file1KB.txt,2015/10/01 03:06:05,2015/10/01 03:06:06,1477.000000
planetlab2.acis.ufl.edu,planetlab1.cs.purdue.edu,file256KB.txt,2015/10/01 03:06:06,2015/10/01 03:06:31,24638.000000
planetlab2.acis.ufl.edu,planetlab1.cs.purdue.edu,file512KB.txt,2015/10/01 03:06:31,2015/10/01 03:07:21,49652.000000
planetlab2.acis.ufl.edu,planetlab1.cs.purdue.edu,file1MB.txt,2015/10/01 03:07:21,2015/10/01 03:08:59,98745.000000
planetlab2.arizona-gigapop.net,planetlab1.cs.purdue.edu,file32B.txt,2015/10/01 03:08:59,2015/10/01 03:08:59,643.000000
planetlab2.arizona-gigapop.net,planetlab1.cs.purdue.edu,file1KB.txt,2015/10/01 03:08:59,2015/10/01 03:09:00,1421.000000
planetlab2.arizona-gigapop.net,planetlab1.cs.purdue.edu,file256KB.txt,2015/10/01 03:09:00,2015/10/01 03:09:35,35106.000000
planetlab2.arizona-gigapop.net,planetlab1.cs.purdue.edu,file512KB.txt,2015/10/01 03:09:35,2015/10/01 03:10:44,68347.000000
planetlab2.arizona-gigapop.net,planetlab1.cs.purdue.edu,file1MB.txt,2015/10/01 03:10:44,2015/10/01 03:13:02,138873.000000
planetlab2.citadel.edu,planetlab1.cs.purdue.edu,file32B.txt,2015/10/01 03:13:02,2015/10/01 03:13:02,756.000000
planetlab2.citadel.edu,planetlab1.cs.purdue.edu,file1KB.txt,2015/10/01 03:13:02,2015/10/01 03:13:03,1169.000000
planetlab2.citadel.edu,planetlab1.cs.purdue.edu,file256KB.txt,2015/10/01 03:13:03,2015/10/01 03:13:49,46146.000000
planetlab2.citadel.edu,planetlab1.cs.purdue.edu,file512KB.txt,2015/10/01 03:13:49,2015/10/01 03:15:30,101002.000000
planetlab2.citadel.edu,planetlab1.cs.purdue.edu,file1MB.txt,2015/10/01 03:15:30,2015/10/01 03:18:02,151632.000000
planetlab2.cs.pitt.edu,planetlab1.cs.purdue.edu,file32B.txt,2015/10/01 03:18:03,2015/10/01 03:18:03,365.000000
planetlab2.cs.pitt.edu,planetlab1.cs.purdue.edu,file1KB.txt,2015/10/01 03:18:03,2015/10/01 03:18:03,313.000000
planetlab2.cs.pitt.edu,planetlab1.cs.purdue.edu,file256KB.txt,2015/10/01 03:18:03,2015/10/01 03:18:19,16419.000000
planetlab2.cs.pitt.edu,planetlab1.cs.purdue.edu,file512KB.txt,2015/10/01 03:18:19,2015/10/01 03:18:50,-30827.000000
planetlab2.cs.pitt.edu,planetlab1.cs.purdue.edu,file1MB.txt,2015/10/01 03:18:50,2015/10/01 03:19:51,60502.000000
planetlab2.cs.purdue.edu,planetlab1.cs.purdue.edu,file32B.txt,2015/10/01 03:19:51,2015/10/01 03:19:52,1771.000000
planetlab2.cs.purdue.edu,planetlab1.cs.purdue.edu,file1KB.txt,2015/10/01 03:19:52,2015/10/01 03:19:52,213.000000
planetlab2.cs.purdue.edu,planetlab1.cs.purdue.edu,file256KB.txt,2015/10/01 03:19:52,2015/10/01 03:20:03,10616.000000
planetlab2.cs.purdue.edu,planetlab1.cs.purdue.edu,file512KB.txt,2015/10/01 03:20:03,2015/10/01 03:20:29,25974.000000
planetlab2.cs.purdue.edu,planetlab1.cs.purdue.edu,file1MB.txt,2015/10/01 03:20:29,2015/10/01 03:21:18,49177.000000
planetlab2.cs.uml.edu,planetlab1.cs.purdue.edu,file32B.txt,2015/10/01 03:22:01,2015/10/01 03:22:01,410.000000
planetlab2.cs.uml.edu,planetlab1.cs.purdue.edu,file1KB.txt,2015/10/01 03:22:01,2015/10/01 03:22:01,436.000000
planetlab2.cs.uml.edu,planetlab1.cs.purdue.edu,file256KB.txt,2015/10/01 03:22:01,2015/10/01 03:22:25,23970.000000
planetlab2.cs.uml.edu,planetlab1.cs.purdue.edu,file512KB.txt,2015/10/01 03:22:25,2015/10/01 03:23:12,47535.000000
planetlab2.cs.uml.edu,planetlab1.cs.purdue.edu,file1MB.txt,2015/10/01 03:23:12,2015/10/01 03:24:48,96228.000000
planetlab2.cs.unc.edu,planetlab1.cs.purdue.edu,file32B.txt,2015/10/01 03:24:48,2015/10/01 03:24:48,387.000000
planetlab2.cs.unc.edu,planetlab1.cs.purdue.edu,file1KB.txt,2015/10/01 03:24:48,2015/10/01 03:24:48,358.000000
planetlab2.cs.unc.edu,planetlab1.cs.purdue.edu,file256KB.txt,2015/10/01 03:24:48,2015/10/01 03:25:10,22692.000000
planetlab2.cs.unc.edu,planetlab1.cs.purdue.edu,file512KB.txt,2015/10/01 03:25:10,2015/10/01 03:25:53,43101.000000
planetlab2.cs.unc.edu,planetlab1.cs.purdue.edu,file1MB.txt,2015/10/01 03:25:53,2015/10/01 03:27:18,84215.000000
planetlab2.cs.uoregon.edu,planetlab1.cs.purdue.edu,file32B.txt,2015/10/01 03:27:18,2015/10/01 03:27:19,1335.000000
planetlab2.cs.uoregon.edu,planetlab1.cs.purdue.edu,file1KB.txt,2015/10/01 03:27:19,2015/10/01 03:27:20,1387.000000
planetlab2.cs.uoregon.edu,planetlab1.cs.purdue.edu,file256KB.txt,2015/10/01 03:27:20,2015/10/01 03:27:59,38736.000000
planetlab2.cs.uoregon.edu,planetlab1.cs.purdue.edu,file512KB.txt,2015/10/01 03:27:59,2015/10/01 03:29:15,76172.000000
planetlab2.cs.uoregon.edu,planetlab1.cs.purdue.edu,file1MB.txt,2015/10/01 03:29:15,2015/10/01 03:31:47,151782.000000
planetlab2.temple.edu,planetlab1.cs.purdue.edu,file32B.txt,2015/10/01 03:31:47,2015/10/01 03:31:48,1443.000000
planetlab2.temple.edu,planetlab1.cs.purdue.edu,file1KB.txt,2015/10/01 03:31:48,2015/10/01 03:31:48,412.000000
planetlab2.temple.edu,planetlab1.cs.purdue.edu,file256KB.txt,2015/10/01 03:31:48,2015/10/01 03:32:10,22105.000000
planetlab2.temple.edu,planetlab1.cs.purdue.edu,file512KB.txt,2015/10/01 03:32:10,2015/10/01 03:32:58,47866.000000
planetlab2.temple.edu,planetlab1.cs.purdue.edu,file1MB.txt,2015/10/01 03:32:58,2015/10/01 03:34:36,97689.000000
planetlab2.unl.edu,planetlab1.cs.purdue.edu,file32B.txt,2015/10/01 03:34:36,2015/10/01 03:34:37,1609.000000
planetlab2.unl.edu,planetlab1.cs.purdue.edu,file1KB.txt,2015/10/01 03:34:37,2015/10/01 03:34:37,416.000000
planetlab2.unl.edu,planetlab1.cs.purdue.edu,file256KB.txt,2015/10/01 03:34:37,2015/10/01 03:34:59,21933.000000
planetlab2.unl.edu,planetlab1.cs.purdue.edu,file512KB.txt,2015/10/01 03:34:59,2015/10/01 03:35:38,39169.000000
planetlab2.unl.edu,planetlab1.cs.purdue.edu,file1MB.txt,2015/10/01 03:35:38,2015/10/01 03:36:50,72166.000000
planetlab2.unr.edu,planetlab1.cs.purdue.edu,file32B.txt,2015/10/01 03:36:50,2015/10/01 03:36:50,485.000000
planetlab2.unr.edu,planetlab1.cs.purdue.edu,file1KB.txt,2015/10/01 03:36:50,2015/10/01 03:36:51,1468.000000
planetlab2.unr.edu,planetlab1.cs.purdue.edu,file256KB.txt,2015/10/01 03:36:51,2015/10/01 03:37:21,29909.000000
planetlab2.unr.edu,planetlab1.cs.purdue.edu,file512KB.txt,2015/10/01 03:37:21,2015/10/01 03:38:22,61211.000000
planetlab2.unr.edu,planetlab1.cs.purdue.edu,file1MB.txt,2015/10/01 03:38:22,2015/10/01 03:40:24,121688.000000
planetlab2.uta.edu,planetlab1.cs.purdue.edu,file32B.txt,2015/10/01 03:40:24,2015/10/01 03:40:25,1363.000000
planetlab2.uta.edu,planetlab1.cs.purdue.edu,file1KB.txt,2015/10/01 03:40:25,2015/10/01 03:40:25,728.000000
planetlab2.uta.edu,planetlab1.cs.purdue.edu,file256KB.txt,2015/10/01 03:40:25,2015/10/01 03:40:58,33118.000000
planetlab2.uta.edu,planetlab1.cs.purdue.edu,file512KB.txt,2015/10/01 03:40:58,2015/10/01 03:41:56,58594.000000
planetlab2.uta.edu,planetlab1.cs.purdue.edu,file1MB.txt,2015/10/01 03:41:56,2015/10/01 03:43:50,113370.000000
planetlab2.utdallas.edu,planetlab1.cs.purdue.edu,file32B.txt,2015/10/01 03:43:50,2015/10/01 03:43:51,1575.000000
planetlab2.utdallas.edu,planetlab1.cs.purdue.edu,file1KB.txt,2015/10/01 03:43:51,2015/10/01 03:43:51,461.000000
planetlab2.utdallas.edu,planetlab1.cs.purdue.edu,file256KB.txt,2015/10/01 03:43:51,2015/10/01 03:44:12,20877.000000
planetlab2.utdallas.edu,planetlab1.cs.purdue.edu,file512KB.txt,2015/10/01 03:44:12,2015/10/01 03:44:53,40918.000000
planetlab2.utdallas.edu,planetlab1.cs.purdue.edu,file1MB.txt,2015/10/01 03:44:53,2015/10/01 03:46:14,81587.000000
planetlab3.eecs.umich.edu,planetlab1.cs.purdue.edu,file32B.txt,2015/10/01 03:46:14,2015/10/01 03:46:14,280.000000
planetlab3.eecs.umich.edu,planetlab1.cs.purdue.edu,file1KB.txt,2015/10/01 03:46:14,2015/10/01 03:46:14,331.000000
planetlab3.eecs.umich.edu,planetlab1.cs.purdue.edu,file256KB.txt,2015/10/01 03:46:14,2015/10/01 03:46:28,14660.000000
planetlab3.eecs.umich.edu,planetlab1.cs.purdue.edu,file512KB.txt,2015/10/01 03:46:28,2015/10/01 03:46:54,25878.000000
planetlab3.eecs.umich.edu,planetlab1.cs.purdue.edu,file1MB.txt,2015/10/01 03:46:54,2015/10/01 03:47:48,54258.000000
planetlab3.rutgers.edu,planetlab1.cs.purdue.edu,file32B.txt,2015/10/01 03:47:48,2015/10/01 03:47:48,384.000000
planetlab3.rutgers.edu,planetlab1.cs.purdue.edu,file1KB.txt,2015/10/01 03:47:48,2015/10/01 03:47:48,399.000000
planetlab3.rutgers.edu,planetlab1.cs.purdue.edu,file256KB.txt,2015/10/01 03:47:48,2015/10/01 03:48:10,22047.000000
planetlab3.rutgers.edu,planetlab1.cs.purdue.edu,file512KB.txt,2015/10/01 03:48:10,2015/10/01 03:48:57,47698.000000
planetlab3.rutgers.edu,planetlab1.cs.purdue.edu,file1MB.txt,2015/10/01 03:48:57,2015/10/01 03:50:25,87350.000000
planetlab3.wail.wisc.edu,planetlab1.cs.purdue.edu,file32B.txt,2015/10/01 03:50:25,2015/10/01 03:50:26,1543.000000
planetlab3.wail.wisc.edu,planetlab1.cs.purdue.edu,file1KB.txt,2015/10/01 03:50:26,2015/10/01 03:50:26,452.000000
planetlab3.wail.wisc.edu,planetlab1.cs.purdue.edu,file256KB.txt,2015/10/01 03:50:26,2015/10/01 03:50:51,25692.000000
planetlab3.wail.wisc.edu,planetlab1.cs.purdue.edu,file512KB.txt,2015/10/01 03:50:51,2015/10/01 03:51:31,39918.000000
planetlab3.wail.wisc.edu,planetlab1.cs.purdue.edu,file1MB.txt,2015/10/01 03:51:31,2015/10/01 03:52:53,81268.000000
planetlab4.tamu.edu,planetlab1.cs.purdue.edu,file32B.txt,2015/10/01 03:52:53,2015/10/01 03:52:54,1464.000000
planetlab4.tamu.edu,planetlab1.cs.purdue.edu,file1KB.txt,2015/10/01 03:52:54,2015/10/01 03:52:54,462.000000
planetlab4.tamu.edu,planetlab1.cs.purdue.edu,file256KB.txt,2015/10/01 03:52:54,2015/10/01 03:53:18,23894.000000
planetlab4.tamu.edu,planetlab1.cs.purdue.edu,file512KB.txt,2015/10/01 03:53:18,2015/10/01 03:54:05,47564.000000
planetlab4.tamu.edu,planetlab1.cs.purdue.edu,file1MB.txt,2015/10/01 03:54:05,2015/10/01 03:55:34,89368.000000
planetlab-5.eecs.cwru.edu,planetlab1.cs.purdue.edu,file32B.txt,2015/10/01 03:55:34,2015/10/01 03:55:34,411.000000
planetlab-5.eecs.cwru.edu,planetlab1.cs.purdue.edu,file1KB.txt,2015/10/01 03:55:34,2015/10/01 03:55:34,430.000000
planetlab-5.eecs.cwru.edu,planetlab1.cs.purdue.edu,file256KB.txt,2015/10/01 03:55:34,2015/10/01 03:55:56,22774.000000
planetlab-5.eecs.cwru.edu,planetlab1.cs.purdue.edu,file512KB.txt,2015/10/01 03:55:56,2015/10/01 03:56:38,41314.000000
planetlab-5.eecs.cwru.edu,planetlab1.cs.purdue.edu,file1MB.txt,2015/10/01 03:56:38,2015/10/01 03:58:00,82565.000000
planetlabone.ccs.neu.edu,planetlab1.cs.purdue.edu,file32B.txt,2015/10/01 03:58:00,2015/10/01 03:58:00,529.000000
planetlabone.ccs.neu.edu,planetlab1.cs.purdue.edu,file1KB.txt,2015/10/01 03:58:00,2015/10/01 03:58:01,1507.000000
planetlabone.ccs.neu.edu,planetlab1.cs.purdue.edu,file256KB.txt,2015/10/01 03:58:01,2015/10/01 03:58:24,22360.000000
planetlabone.ccs.neu.edu,planetlab1.cs.purdue.edu,file512KB.txt,2015/10/01 03:58:24,2015/10/01 03:59:09,45611.000000
planetlabone.ccs.neu.edu,planetlab1.cs.purdue.edu,file1MB.txt,2015/10/01 03:59:09,2015/10/01 04:00:37,88085.000000
pl-node-0.csl.sri.com,planetlab1.cs.purdue.edu,file32B.txt,2015/10/01 04:00:37,2015/10/01 04:00:37,712.000000
pl-node-0.csl.sri.com,planetlab1.cs.purdue.edu,file1KB.txt,2015/10/01 04:00:37,2015/10/01 04:00:38,1305.000000
pl-node-0.csl.sri.com,planetlab1.cs.purdue.edu,file256KB.txt,2015/10/01 04:00:38,2015/10/01 04:01:20,42590.000000
pl-node-0.csl.sri.com,planetlab1.cs.purdue.edu,file512KB.txt,2015/10/01 04:01:20,2015/10/01 04:02:40,79920.000000
pl-node-0.csl.sri.com,planetlab1.cs.purdue.edu,file1MB.txt,2015/10/01 04:02:40,2015/10/01 04:05:22,161456.000000
ricepl-5.cs.rice.edu,planetlab1.cs.purdue.edu,file32B.txt,2015/10/01 04:05:22,2015/10/01 04:05:23,1432.000000
ricepl-5.cs.rice.edu,planetlab1.cs.purdue.edu,file1KB.txt,2015/10/01 04:05:23,2015/10/01 04:05:23,532.000000
ricepl-5.cs.rice.edu,planetlab1.cs.purdue.edu,file256KB.txt,2015/10/01 04:05:23,2015/10/01 04:05:50,27624.000000
ricepl-5.cs.rice.edu,planetlab1.cs.purdue.edu,file512KB.txt,2015/10/01 04:05:50,2015/10/01 04:06:36,45434.000000
ricepl-5.cs.rice.edu,planetlab1.cs.purdue.edu,file1MB.txt,2015/10/01 04:06:36,2015/10/01 04:08:06,90011.000000
salt.planetlab.cs.umd.edu,planetlab1.cs.purdue.edu,file32B.txt,2015/10/01 04:08:06,2015/10/01 04:08:07,1550.000000
salt.planetlab.cs.umd.edu,planetlab1.cs.purdue.edu,file1KB.txt,2015/10/01 04:08:07,2015/10/01 04:08:07,377.000000
salt.planetlab.cs.umd.edu,planetlab1.cs.purdue.edu,file256KB.txt,2015/10/01 04:08:07,2015/10/01 04:08:27,19987.000000
salt.planetlab.cs.umd.edu,planetlab1.cs.purdue.edu,file512KB.txt,2015/10/01 04:08:27,2015/10/01 04:09:05,37891.000000
salt.planetlab.cs.umd.edu,planetlab1.cs.purdue.edu,file1MB.txt,2015/10/01 04:09:05,2015/10/01 04:10:39,94463.000000
pl1.eecs.utk.edu,planetlab1.cs.purdue.edu,file32B.txt,2015/10/01 04:10:39,2015/10/01 04:10:40,1372.000000
pl1.eecs.utk.edu,planetlab1.cs.purdue.edu,file1KB.txt,2015/10/01 04:10:40,2015/10/01 04:10:40,587.000000
pl1.eecs.utk.edu,planetlab1.cs.purdue.edu,file256KB.txt,2015/10/01 04:10:40,2015/10/01 04:11:16,35842.000000
pl1.eecs.utk.edu,planetlab1.cs.purdue.edu,file512KB.txt,2015/10/01 04:11:16,2015/10/01 04:13:09,113898.000000
pl1.eecs.utk.edu,planetlab1.cs.purdue.edu,file1MB.txt,2015/10/01 04:13:09,2015/10/01 04:16:56,226377.000000
planetlab-01.vt.nodes.planet-lab.org,planetlab1.cs.purdue.edu,file32B.txt,2015/10/01 04:16:56,2015/10/01 04:16:57,1563.000000
planetlab-01.vt.nodes.planet-lab.org,planetlab1.cs.purdue.edu,file1KB.txt,2015/10/01 04:16:57,2015/10/01 04:16:57,407.000000
planetlab-01.vt.nodes.planet-lab.org,planetlab1.cs.purdue.edu,file256KB.txt,2015/10/01 04:16:57,2015/10/01 04:17:20,23052.000000
