planetlab1.unr.edu,planetlab2.cs.du.edu,file32B.txt,2015/09/30 23:20:31,2015/09/30 23:20:32,1534.000000
planetlab1.unr.edu,planetlab2.cs.du.edu,file1KB.txt,2015/09/30 23:20:32,2015/09/30 23:20:32,407.000000
planetlab1.unr.edu,planetlab2.cs.du.edu,file256KB.txt,2015/09/30 23:20:32,2015/09/30 23:20:58,25801.000000
planetlab1.unr.edu,planetlab2.cs.du.edu,file512KB.txt,2015/09/30 23:20:58,2015/09/30 23:21:50,52698.000000
planetlab1.unr.edu,planetlab2.cs.du.edu,file1MB.txt,2015/09/30 23:21:50,2015/09/30 23:23:32,101473.000000
planetlab2.cnis.nyit.edu,planetlab2.cs.du.edu,file32B.txt,2015/09/30 23:23:54,2015/09/30 23:23:55,1446.000000
planetlab2.cnis.nyit.edu,planetlab2.cs.du.edu,file1KB.txt,2015/09/30 23:23:55,2015/09/30 23:23:55,451.000000
planetlab2.cnis.nyit.edu,planetlab2.cs.du.edu,file256KB.txt,2015/09/30 23:23:55,2015/09/30 23:24:30,34814.000000
planetlab2.cnis.nyit.edu,planetlab2.cs.du.edu,file512KB.txt,2015/09/30 23:24:30,2015/09/30 23:25:34,63854.000000
planetlab2.cnis.nyit.edu,planetlab2.cs.du.edu,file1MB.txt,2015/09/30 23:25:34,2015/09/30 23:27:41,127329.000000
planetlab2.rutgers.edu,planetlab2.cs.du.edu,file32B.txt,2015/09/30 23:27:41,2015/09/30 23:27:42,1437.000000
planetlab2.rutgers.edu,planetlab2.cs.du.edu,file1KB.txt,2015/09/30 23:27:42,2015/09/30 23:27:42,529.000000
planetlab2.rutgers.edu,planetlab2.cs.du.edu,file256KB.txt,2015/09/30 23:27:42,2015/09/30 23:28:13,31407.000000
planetlab2.rutgers.edu,planetlab2.cs.du.edu,file512KB.txt,2015/09/30 23:28:13,2015/09/30 23:29:09,55427.000000
planetlab2.rutgers.edu,planetlab2.cs.du.edu,file1MB.txt,2015/09/30 23:29:09,2015/09/30 23:31:20,131340.000000
planetlab2.cs.du.edu,planetlab2.cs.du.edu,file32B.txt,2015/09/30 23:31:20,2015/09/30 23:31:20,1.000000
planetlab2.cs.du.edu,planetlab2.cs.du.edu,file1KB.txt,2015/09/30 23:31:20,2015/09/30 23:31:20,1.000000
planetlab2.cs.du.edu,planetlab2.cs.du.edu,file256KB.txt,2015/09/30 23:31:20,2015/09/30 23:31:20,27.000000
planetlab2.cs.du.edu,planetlab2.cs.du.edu,file512KB.txt,2015/09/30 23:31:20,2015/09/30 23:31:20,56.000000
planetlab2.cs.du.edu,planetlab2.cs.du.edu,file1MB.txt,2015/09/30 23:31:20,2015/09/30 23:31:20,113.000000
planetlab2.ucsd.edu,planetlab2.cs.du.edu,file32B.txt,2015/09/30 23:31:20,2015/09/30 23:31:20,327.000000
planetlab2.ucsd.edu,planetlab2.cs.du.edu,file1KB.txt,2015/09/30 23:31:20,2015/09/30 23:31:21,1617.000000
planetlab2.ucsd.edu,planetlab2.cs.du.edu,file256KB.txt,2015/09/30 23:31:21,2015/09/30 23:31:49,28297.000000
planetlab2.ucsd.edu,planetlab2.cs.du.edu,file512KB.txt,2015/09/30 23:31:49,2015/09/30 23:32:44,54819.000000
planetlab2.ucsd.edu,planetlab2.cs.du.edu,file1MB.txt,2015/09/30 23:32:44,2015/09/30 23:34:34,109892.000000
planetlab3.cs.uoregon.edu,planetlab2.cs.du.edu,file32B.txt,2015/09/30 23:34:35,2015/09/30 23:34:35,204.000000
planetlab3.cs.uoregon.edu,planetlab2.cs.du.edu,file1KB.txt,2015/09/30 23:34:35,2015/09/30 23:34:35,237.000000
planetlab3.cs.uoregon.edu,planetlab2.cs.du.edu,file256KB.txt,2015/09/30 23:34:35,2015/09/30 23:34:52,16896.000000
planetlab3.cs.uoregon.edu,planetlab2.cs.du.edu,file512KB.txt,2015/09/30 23:34:52,2015/09/30 23:35:27,35865.000000
planetlab3.cs.uoregon.edu,planetlab2.cs.du.edu,file1MB.txt,2015/09/30 23:35:27,2015/09/30 23:36:40,72681.000000
planetlab-01.bu.edu,planetlab2.cs.du.edu,file32B.txt,2015/09/30 23:36:40,2015/09/30 23:36:40,405.000000
planetlab-01.bu.edu,planetlab2.cs.du.edu,file1KB.txt,2015/09/30 23:36:40,2015/09/30 23:36:41,1554.000000
planetlab-01.bu.edu,planetlab2.cs.du.edu,file256KB.txt,2015/09/30 23:36:41,2015/09/30 23:37:09,27299.000000
planetlab-01.bu.edu,planetlab2.cs.du.edu,file512KB.txt,2015/09/30 23:37:09,2015/09/30 23:38:08,59627.000000
planetlab-01.bu.edu,planetlab2.cs.du.edu,file1MB.txt,2015/09/30 23:38:08,2015/09/30 23:40:06,117403.000000
planetlab4.cnds.jhu.edu,planetlab2.cs.du.edu,file32B.txt,2015/09/30 23:40:06,2015/09/30 23:40:07,1685.000000
planetlab4.cnds.jhu.edu,planetlab2.cs.du.edu,file1KB.txt,2015/09/30 23:40:07,2015/09/30 23:40:07,308.000000
planetlab4.cnds.jhu.edu,planetlab2.cs.du.edu,file256KB.txt,2015/09/30 23:40:07,2015/09/30 23:40:30,23458.000000
planetlab4.cnds.jhu.edu,planetlab2.cs.du.edu,file512KB.txt,2015/09/30 23:40:30,2015/09/30 23:41:34,63502.000000
planetlab4.cnds.jhu.edu,planetlab2.cs.du.edu,file1MB.txt,2015/09/30 23:41:43,2015/09/30 23:43:13,90093.000000
planetlabtwo.ccs.neu.edu,planetlab2.cs.du.edu,file32B.txt,2015/09/30 23:43:13,2015/09/30 23:43:13,380.000000
planetlabtwo.ccs.neu.edu,planetlab2.cs.du.edu,file1KB.txt,2015/09/30 23:43:13,2015/09/30 23:43:14,1571.000000
planetlabtwo.ccs.neu.edu,planetlab2.cs.du.edu,file256KB.txt,2015/09/30 23:43:14,2015/09/30 23:43:38,23970.000000
planetlabtwo.ccs.neu.edu,planetlab2.cs.du.edu,file512KB.txt,2015/09/30 23:43:38,2015/09/30 23:44:25,-46393.000000
planetlabtwo.ccs.neu.edu,planetlab2.cs.du.edu,file1MB.txt,2015/09/30 23:44:25,2015/09/30 23:46:01,96331.000000
planetlab1.cs.purdue.edu,planetlab2.cs.du.edu,file32B.txt,2015/09/30 23:46:01,2015/09/30 23:46:06,4676.000000
planetlab1.cs.purdue.edu,planetlab2.cs.du.edu,file1KB.txt,2015/09/30 23:46:06,2015/09/30 23:46:14,8837.000000
planetlab1.cs.purdue.edu,planetlab2.cs.du.edu,file256KB.txt,2015/09/30 23:46:14,2015/10/01 00:00:40,865514.000000
planetlab1.cs.purdue.edu,planetlab2.cs.du.edu,file512KB.txt,2015/10/01 00:00:40,2015/10/01 00:30:19,1779119.000000
planetlab1.cs.purdue.edu,planetlab2.cs.du.edu,file1MB.txt,2015/10/01 00:30:19,2015/10/01 01:16:04,1550446.000000
planetlab2.tsuniv.edu,planetlab2.cs.du.edu,file32B.txt,2015/10/01 01:16:04,2015/10/01 01:16:08,4611.000000
planetlab2.tsuniv.edu,planetlab2.cs.du.edu,file1KB.txt,2015/10/01 01:16:08,2015/10/01 01:16:12,4118.000000
planetlab2.tsuniv.edu,planetlab2.cs.du.edu,file256KB.txt,2015/10/01 01:16:12,2015/10/01 01:20:36,264272.000000
planetlab2.tsuniv.edu,planetlab2.cs.du.edu,file512KB.txt,2015/10/01 01:20:36,2015/10/01 01:26:24,347826.000000
planetlab2.tsuniv.edu,planetlab2.cs.du.edu,file1MB.txt,2015/10/01 01:26:24,2015/10/01 01:34:08,464029.000000
planetlab1.tsuniv.edu,planetlab2.cs.du.edu,file32B.txt,2015/10/01 01:34:08,2015/10/01 01:34:18,10713.000000
planetlab1.tsuniv.edu,planetlab2.cs.du.edu,file1KB.txt,2015/10/01 01:34:18,2015/10/01 01:34:26,7893.000000
planetlab1.tsuniv.edu,planetlab2.cs.du.edu,file256KB.txt,2015/10/01 01:34:26,2015/10/01 01:39:38,311248.000000
planetlab1.tsuniv.edu,planetlab2.cs.du.edu,file512KB.txt,2015/10/01 01:39:38,2015/10/01 01:55:39,961674.000000
planetlab1.tsuniv.edu,planetlab2.cs.du.edu,file1MB.txt,2015/10/01 01:55:39,2015/10/01 02:27:45,-1926052.000000
planetlab3.ucsd.edu,planetlab2.cs.du.edu,file32B.txt,2015/10/01 02:27:45,2015/10/01 02:27:45,441.000000
planetlab3.ucsd.edu,planetlab2.cs.du.edu,file1KB.txt,2015/10/01 02:27:45,2015/10/01 02:27:46,1507.000000
planetlab3.ucsd.edu,planetlab2.cs.du.edu,file256KB.txt,2015/10/01 02:27:46,2015/10/01 02:28:14,27732.000000
planetlab3.ucsd.edu,planetlab2.cs.du.edu,file512KB.txt,2015/10/01 02:28:14,2015/10/01 02:29:13,59334.000000
planetlab3.ucsd.edu,planetlab2.cs.du.edu,file1MB.txt,2015/10/01 02:29:13,2015/10/01 02:31:05,111331.000000
node2.planetlab.mathcs.emory.edu,planetlab2.cs.du.edu,file32B.txt,2015/10/01 02:31:06,2015/10/01 02:31:06,261.000000
node2.planetlab.mathcs.emory.edu,planetlab2.cs.du.edu,file1KB.txt,2015/10/01 02:31:06,2015/10/01 02:31:06,302.000000
node2.planetlab.mathcs.emory.edu,planetlab2.cs.du.edu,file256KB.txt,2015/10/01 02:31:06,2015/10/01 02:31:28,21960.000000
node2.planetlab.mathcs.emory.edu,planetlab2.cs.du.edu,file512KB.txt,2015/10/01 02:31:28,2015/10/01 02:32:12,43896.000000
node2.planetlab.mathcs.emory.edu,planetlab2.cs.du.edu,file1MB.txt,2015/10/01 02:32:12,2015/10/01 02:34:04,112558.000000
planetlab5.csee.usf.edu,planetlab2.cs.du.edu,file32B.txt,2015/10/01 02:34:04,2015/10/01 02:34:04,339.000000
planetlab5.csee.usf.edu,planetlab2.cs.du.edu,file1KB.txt,2015/10/01 02:34:04,2015/10/01 02:34:05,1604.000000
planetlab5.csee.usf.edu,planetlab2.cs.du.edu,file256KB.txt,2015/10/01 02:34:05,2015/10/01 02:34:33,27260.000000
planetlab5.csee.usf.edu,planetlab2.cs.du.edu,file512KB.txt,2015/10/01 02:34:48,2015/10/01 02:35:46,58460.000000
planetlab5.csee.usf.edu,planetlab2.cs.du.edu,file1MB.txt,2015/10/01 02:35:46,2015/10/01 02:38:43,176815.000000
planetlab1.emich.edu,planetlab2.cs.du.edu,file32B.txt,2015/10/01 02:38:43,2015/10/01 02:38:43,302.000000
planetlab1.emich.edu,planetlab2.cs.du.edu,file1KB.txt,2015/10/01 02:38:43,2015/10/01 02:38:43,301.000000
planetlab1.emich.edu,planetlab2.cs.du.edu,file256KB.txt,2015/10/01 02:38:43,2015/10/01 02:39:05,22094.000000
planetlab1.emich.edu,planetlab2.cs.du.edu,file512KB.txt,2015/10/01 02:39:05,2015/10/01 02:39:49,44391.000000
planetlab1.emich.edu,planetlab2.cs.du.edu,file1MB.txt,2015/10/01 02:39:49,2015/10/01 02:41:17,88276.000000
ebb.colgate.edu,planetlab2.cs.du.edu,file32B.txt,2015/10/01 02:41:18,2015/10/01 02:41:18,385.000000
ebb.colgate.edu,planetlab2.cs.du.edu,file1KB.txt,2015/10/01 02:41:18,2015/10/01 02:41:19,1345.000000
ebb.colgate.edu,planetlab2.cs.du.edu,file256KB.txt,2015/10/01 02:41:19,2015/10/01 02:41:52,32951.000000
ebb.colgate.edu,planetlab2.cs.du.edu,file512KB.txt,2015/10/01 02:41:52,2015/10/01 02:42:58,65845.000000
ebb.colgate.edu,planetlab2.cs.du.edu,file1MB.txt,2015/10/01 02:42:58,2015/10/01 02:45:29,150904.000000
kc-sce-plab2.umkc.edu,planetlab2.cs.du.edu,file32B.txt,2015/10/01 02:45:30,2015/10/01 02:45:32,2605.000000
kc-sce-plab2.umkc.edu,planetlab2.cs.du.edu,file1KB.txt,2015/10/01 02:45:32,2015/10/01 02:45:32,753.000000
kc-sce-plab2.umkc.edu,planetlab2.cs.du.edu,file256KB.txt,2015/10/01 02:45:33,2015/10/01 02:47:25,112686.000000
kc-sce-plab2.umkc.edu,planetlab2.cs.du.edu,file512KB.txt,2015/10/01 02:47:25,2015/10/01 02:51:20,234800.000000
kc-sce-plab2.umkc.edu,planetlab2.cs.du.edu,file1MB.txt,2015/10/01 02:51:20,2015/10/01 03:02:44,683420.000000
node1.planetlab.mathcs.emory.edu,planetlab2.cs.du.edu,file32B.txt,2015/10/01 03:02:44,2015/10/01 03:02:45,1739.000000
node1.planetlab.mathcs.emory.edu,planetlab2.cs.du.edu,file1KB.txt,2015/10/01 03:02:45,2015/10/01 03:02:45,301.000000
node1.planetlab.mathcs.emory.edu,planetlab2.cs.du.edu,file256KB.txt,2015/10/01 03:02:45,2015/10/01 03:03:07,21865.000000
node1.planetlab.mathcs.emory.edu,planetlab2.cs.du.edu,file512KB.txt,2015/10/01 03:03:07,2015/10/01 03:03:51,43820.000000
node1.planetlab.mathcs.emory.edu,planetlab2.cs.du.edu,file1MB.txt,2015/10/01 03:03:51,2015/10/01 03:05:19,88134.000000
pl1.cs.montana.edu,planetlab2.cs.du.edu,file32B.txt,2015/10/01 03:05:19,2015/10/01 03:05:20,1580.000000
pl1.cs.montana.edu,planetlab2.cs.du.edu,file1KB.txt,2015/10/01 03:05:20,2015/10/01 03:05:20,487.000000
pl1.cs.montana.edu,planetlab2.cs.du.edu,file256KB.txt,2015/10/01 03:05:20,2015/10/01 03:05:58,38255.000000
pl1.cs.montana.edu,planetlab2.cs.du.edu,file512KB.txt,2015/10/01 03:05:58,2015/10/01 03:07:09,70943.000000
pl1.cs.montana.edu,planetlab2.cs.du.edu,file1MB.txt,2015/10/01 03:07:09,2015/10/01 03:09:46,157124.000000
plab3.eece.ksu.edu,planetlab2.cs.du.edu,file32B.txt,2015/10/01 03:10:07,2015/10/01 03:10:07,234.000000
plab3.eece.ksu.edu,planetlab2.cs.du.edu,file1KB.txt,2015/10/01 03:10:07,2015/10/01 03:10:07,271.000000
plab3.eece.ksu.edu,planetlab2.cs.du.edu,file256KB.txt,2015/10/01 03:10:07,2015/10/01 03:10:46,38966.000000
plab3.eece.ksu.edu,planetlab2.cs.du.edu,file512KB.txt,2015/10/01 03:11:05,2015/10/01 03:12:37,91872.000000
plab3.eece.ksu.edu,planetlab2.cs.du.edu,file1MB.txt,2015/10/01 03:12:37,2015/10/01 03:14:51,133977.000000
planet3.cc.gt.atl.ga.us,planetlab2.cs.du.edu,file32B.txt,2015/10/01 03:14:51,2015/10/01 03:14:52,1650.000000
planet3.cc.gt.atl.ga.us,planetlab2.cs.du.edu,file1KB.txt,2015/10/01 03:14:52,2015/10/01 03:14:52,346.000000
planet3.cc.gt.atl.ga.us,planetlab2.cs.du.edu,file256KB.txt,2015/10/01 03:14:52,2015/10/01 03:15:33,41007.000000
planet3.cc.gt.atl.ga.us,planetlab2.cs.du.edu,file512KB.txt,2015/10/01 03:15:34,2015/10/01 03:16:38,63628.000000
planet3.cc.gt.atl.ga.us,planetlab2.cs.du.edu,file1MB.txt,2015/10/01 03:16:38,2015/10/01 03:18:57,-139446.000000
planetlab-02.bu.edu,planetlab2.cs.du.edu,file32B.txt,2015/10/01 03:18:57,2015/10/01 03:18:57,387.000000
planetlab-02.bu.edu,planetlab2.cs.du.edu,file1KB.txt,2015/10/01 03:18:57,2015/10/01 03:18:58,1549.000000
planetlab-02.bu.edu,planetlab2.cs.du.edu,file256KB.txt,2015/10/01 03:18:58,2015/10/01 03:19:28,30382.000000
planetlab-02.bu.edu,planetlab2.cs.du.edu,file512KB.txt,2015/10/01 03:19:28,2015/10/01 03:20:54,85469.000000
planetlab-02.bu.edu,planetlab2.cs.du.edu,file1MB.txt,2015/10/01 03:20:54,2015/10/01 03:23:43,169460.000000
planetlab1.clemson.edu,planetlab2.cs.du.edu,file32B.txt,2015/10/01 03:24:04,2015/10/01 03:24:04,362.000000
planetlab1.clemson.edu,planetlab2.cs.du.edu,file1KB.txt,2015/10/01 03:24:04,2015/10/01 03:24:05,1584.000000
planetlab1.clemson.edu,planetlab2.cs.du.edu,file256KB.txt,2015/10/01 03:24:05,2015/10/01 03:24:28,22844.000000
planetlab1.clemson.edu,planetlab2.cs.du.edu,file512KB.txt,2015/10/01 03:24:28,2015/10/01 03:25:14,45996.000000
planetlab1.clemson.edu,planetlab2.cs.du.edu,file1MB.txt,2015/10/01 03:25:14,2015/10/01 03:26:46,92164.000000
planetlab1.cs.du.edu,planetlab2.cs.du.edu,file32B.txt,2015/10/01 03:26:46,2015/10/01 03:26:46,10.000000
planetlab1.cs.du.edu,planetlab2.cs.du.edu,file1KB.txt,2015/10/01 03:26:46,2015/10/01 03:26:46,7.000000
planetlab1.cs.du.edu,planetlab2.cs.du.edu,file256KB.txt,2015/10/01 03:26:46,2015/10/01 03:26:46,181.000000
planetlab1.cs.du.edu,planetlab2.cs.du.edu,file512KB.txt,2015/10/01 03:26:46,2015/10/01 03:26:47,1694.000000
planetlab1.cs.du.edu,planetlab2.cs.du.edu,file1MB.txt,2015/10/01 03:26:47,2015/10/01 03:26:47,615.000000
planetlab-1.cse.ohio-state.edu,planetlab2.cs.du.edu,file32B.txt,2015/10/01 03:26:47,2015/10/01 03:26:48,869.000000
planetlab-1.cse.ohio-state.edu,planetlab2.cs.du.edu,file1KB.txt,2015/10/01 03:26:48,2015/10/01 03:26:51,3226.000000
planetlab-1.cse.ohio-state.edu,planetlab2.cs.du.edu,file256KB.txt,2015/10/01 03:26:52,2015/10/01 03:47:41,1248217.000000
