planetlab1.unr.edu,planetlab2.cs.pitt.edu,file32B.txt,2015/09/30 21:08:18,2015/09/30 21:08:18,425.000000
planetlab1.unr.edu,planetlab2.cs.pitt.edu,file1KB.txt,2015/09/30 21:08:18,2015/09/30 21:08:19,1449.000000
planetlab1.unr.edu,planetlab2.cs.pitt.edu,file256KB.txt,2015/09/30 21:08:19,2015/09/30 21:08:48,28624.000000
planetlab1.unr.edu,planetlab2.cs.pitt.edu,file512KB.txt,2015/09/30 21:08:48,2015/09/30 21:09:46,57817.000000
planetlab1.unr.edu,planetlab2.cs.pitt.edu,file1MB.txt,2015/09/30 21:09:46,2015/09/30 21:11:42,115964.000000
pl2.cs.unm.edu,planetlab2.cs.pitt.edu,file32B.txt,2015/09/30 21:11:42,2015/09/30 21:11:43,1580.000000
pl2.cs.unm.edu,planetlab2.cs.pitt.edu,file1KB.txt,2015/09/30 21:11:43,2015/09/30 21:11:43,409.000000
pl2.cs.unm.edu,planetlab2.cs.pitt.edu,file256KB.txt,2015/09/30 21:11:43,2015/09/30 21:12:08,25493.000000
pl2.cs.unm.edu,planetlab2.cs.pitt.edu,file512KB.txt,2015/09/30 21:12:08,2015/09/30 21:12:56,47606.000000
pl2.cs.unm.edu,planetlab2.cs.pitt.edu,file1MB.txt,2015/09/30 21:12:56,2015/09/30 21:14:34,98088.000000
planetlab2.cnis.nyit.edu,planetlab2.cs.pitt.edu,file32B.txt,2015/09/30 21:14:34,2015/09/30 21:14:34,294.000000
planetlab2.cnis.nyit.edu,planetlab2.cs.pitt.edu,file1KB.txt,2015/09/30 21:14:34,2015/09/30 21:14:35,1544.000000
planetlab2.cnis.nyit.edu,planetlab2.cs.pitt.edu,file256KB.txt,2015/09/30 21:14:35,2015/09/30 21:14:52,16254.000000
planetlab2.cnis.nyit.edu,planetlab2.cs.pitt.edu,file512KB.txt,2015/09/30 21:14:52,2015/09/30 21:15:30,38830.000000
planetlab2.cnis.nyit.edu,planetlab2.cs.pitt.edu,file1MB.txt,2015/09/30 21:15:30,2015/09/30 21:16:42,71150.000000
planetlab2.rutgers.edu,planetlab2.cs.pitt.edu,file32B.txt,2015/09/30 21:16:42,2015/09/30 21:16:44,2044.000000
planetlab2.rutgers.edu,planetlab2.cs.pitt.edu,file1KB.txt,2015/09/30 21:16:44,2015/09/30 21:17:09,25490.000000
planetlab2.rutgers.edu,planetlab2.cs.pitt.edu,file256KB.txt,2015/09/30 21:17:09,2015/09/30 21:27:54,-644714.000000
planetlab2.rutgers.edu,planetlab2.cs.pitt.edu,file512KB.txt,2015/09/30 21:27:54,2015/09/30 22:12:06,-1642664.000000
planetlab2.rutgers.edu,planetlab2.cs.pitt.edu,file1MB.txt,2015/09/30 22:12:06,2015/09/30 23:14:12,568903.000000
planetlab2.ucsd.edu,planetlab2.cs.pitt.edu,file32B.txt,2015/09/30 23:14:12,2015/09/30 23:14:13,1310.000000
planetlab2.ucsd.edu,planetlab2.cs.pitt.edu,file1KB.txt,2015/09/30 23:14:13,2015/09/30 23:14:13,623.000000
planetlab2.ucsd.edu,planetlab2.cs.pitt.edu,file256KB.txt,2015/09/30 23:14:13,2015/09/30 23:14:55,42209.000000
planetlab2.ucsd.edu,planetlab2.cs.pitt.edu,file512KB.txt,2015/09/30 23:14:55,2015/09/30 23:16:18,82700.000000
planetlab2.ucsd.edu,planetlab2.cs.pitt.edu,file1MB.txt,2015/09/30 23:16:18,2015/09/30 23:19:04,166180.000000
planetlab3.cs.uoregon.edu,planetlab2.cs.pitt.edu,file32B.txt,2015/09/30 23:19:04,2015/09/30 23:19:05,1232.000000
planetlab3.cs.uoregon.edu,planetlab2.cs.pitt.edu,file1KB.txt,2015/09/30 23:19:05,2015/09/30 23:19:06,1053.000000
planetlab3.cs.uoregon.edu,planetlab2.cs.pitt.edu,file256KB.txt,2015/09/30 23:19:06,2015/09/30 23:19:59,52584.000000
planetlab3.cs.uoregon.edu,planetlab2.cs.pitt.edu,file512KB.txt,2015/09/30 23:19:59,2015/09/30 23:21:46,107507.000000
planetlab3.cs.uoregon.edu,planetlab2.cs.pitt.edu,file1MB.txt,2015/09/30 23:21:46,2015/09/30 23:25:18,211897.000000
planetlab-01.bu.edu,planetlab2.cs.pitt.edu,file32B.txt,2015/09/30 23:25:18,2015/09/30 23:25:18,418.000000
planetlab-01.bu.edu,planetlab2.cs.pitt.edu,file1KB.txt,2015/09/30 23:25:18,2015/09/30 23:25:19,1558.000000
planetlab-01.bu.edu,planetlab2.cs.pitt.edu,file256KB.txt,2015/09/30 23:25:19,2015/09/30 23:25:43,23571.000000
planetlab-01.bu.edu,planetlab2.cs.pitt.edu,file512KB.txt,2015/09/30 23:25:43,2015/09/30 23:26:32,48847.000000
planetlab-01.bu.edu,planetlab2.cs.pitt.edu,file1MB.txt,2015/09/30 23:26:32,2015/09/30 23:28:12,100071.000000
planetlab4.cnds.jhu.edu,planetlab2.cs.pitt.edu,file32B.txt,2015/09/30 23:28:12,2015/09/30 23:28:13,1239.000000
planetlab4.cnds.jhu.edu,planetlab2.cs.pitt.edu,file1KB.txt,2015/09/30 23:28:13,2015/09/30 23:28:13,355.000000
planetlab4.cnds.jhu.edu,planetlab2.cs.pitt.edu,file256KB.txt,2015/09/30 23:28:13,2015/09/30 23:28:20,6959.000000
planetlab4.cnds.jhu.edu,planetlab2.cs.pitt.edu,file512KB.txt,2015/09/30 23:28:20,2015/09/30 23:28:33,13156.000000
planetlab4.cnds.jhu.edu,planetlab2.cs.pitt.edu,file1MB.txt,2015/09/30 23:28:33,2015/09/30 23:28:59,26631.000000
planetlabtwo.ccs.neu.edu,planetlab2.cs.pitt.edu,file32B.txt,2015/09/30 23:28:59,2015/09/30 23:28:59,770.000000
planetlabtwo.ccs.neu.edu,planetlab2.cs.pitt.edu,file1KB.txt,2015/09/30 23:28:59,2015/09/30 23:29:00,1646.000000
planetlabtwo.ccs.neu.edu,planetlab2.cs.pitt.edu,file256KB.txt,2015/09/30 23:29:00,2015/09/30 23:29:32,32196.000000
planetlabtwo.ccs.neu.edu,planetlab2.cs.pitt.edu,file512KB.txt,2015/09/30 23:29:32,2015/09/30 23:30:25,52551.000000
planetlabtwo.ccs.neu.edu,planetlab2.cs.pitt.edu,file1MB.txt,2015/09/30 23:30:25,2015/09/30 23:32:30,125522.000000
planetlab1.cs.purdue.edu,planetlab2.cs.pitt.edu,file32B.txt,2015/09/30 23:32:30,2015/09/30 23:32:30,581.000000
planetlab1.cs.purdue.edu,planetlab2.cs.pitt.edu,file1KB.txt,2015/09/30 23:32:30,2015/09/30 23:32:31,1636.000000
planetlab1.cs.purdue.edu,planetlab2.cs.pitt.edu,file256KB.txt,2015/09/30 23:32:31,2015/09/30 23:33:17,45435.000000
planetlab1.cs.purdue.edu,planetlab2.cs.pitt.edu,file512KB.txt,2015/09/30 23:33:17,2015/09/30 23:36:38,200907.000000
planetlab1.cs.purdue.edu,planetlab2.cs.pitt.edu,file1MB.txt,2015/09/30 23:36:38,2015/10/01 00:02:13,-1534937.000000
planetlab2.tsuniv.edu,planetlab2.cs.pitt.edu,file32B.txt,2015/10/01 00:02:13,2015/10/01 00:02:17,4504.000000
planetlab2.tsuniv.edu,planetlab2.cs.pitt.edu,file1KB.txt,2015/10/01 00:02:17,2015/10/01 00:02:20,2499.000000
planetlab2.tsuniv.edu,planetlab2.cs.pitt.edu,file256KB.txt,2015/10/01 00:02:20,2015/10/01 00:02:49,29624.000000
planetlab2.tsuniv.edu,planetlab2.cs.pitt.edu,file512KB.txt,2015/10/01 00:02:49,2015/10/01 00:03:45,55883.000000
planetlab2.tsuniv.edu,planetlab2.cs.pitt.edu,file1MB.txt,2015/10/01 00:03:45,2015/10/01 00:05:40,115188.000000
planetlab1.tsuniv.edu,planetlab2.cs.pitt.edu,file32B.txt,2015/10/01 00:05:40,2015/10/01 00:05:40,480.000000
planetlab1.tsuniv.edu,planetlab2.cs.pitt.edu,file1KB.txt,2015/10/01 00:05:40,2015/10/01 00:05:43,2504.000000
planetlab1.tsuniv.edu,planetlab2.cs.pitt.edu,file256KB.txt,2015/10/01 00:05:43,2015/10/01 00:07:47,124912.000000
planetlab1.tsuniv.edu,planetlab2.cs.pitt.edu,file512KB.txt,2015/10/01 00:07:47,2015/10/01 00:11:57,249240.000000
planetlab1.tsuniv.edu,planetlab2.cs.pitt.edu,file1MB.txt,2015/10/01 00:11:57,2015/10/01 00:20:29,512403.000000
planetlab3.ucsd.edu,planetlab2.cs.pitt.edu,file32B.txt,2015/10/01 00:20:29,2015/10/01 00:20:30,1356.000000
planetlab3.ucsd.edu,planetlab2.cs.pitt.edu,file1KB.txt,2015/10/01 00:20:30,2015/10/01 00:20:30,722.000000
planetlab3.ucsd.edu,planetlab2.cs.pitt.edu,file256KB.txt,2015/10/01 00:20:30,2015/10/01 00:21:13,43513.000000
planetlab3.ucsd.edu,planetlab2.cs.pitt.edu,file512KB.txt,2015/10/01 00:21:13,2015/10/01 00:22:37,84099.000000
planetlab3.ucsd.edu,planetlab2.cs.pitt.edu,file1MB.txt,2015/10/01 00:22:37,2015/10/01 00:25:25,167954.000000
node2.planetlab.mathcs.emory.edu,planetlab2.cs.pitt.edu,file32B.txt,2015/10/01 00:25:25,2015/10/01 00:25:26,1403.000000
node2.planetlab.mathcs.emory.edu,planetlab2.cs.pitt.edu,file1KB.txt,2015/10/01 00:25:26,2015/10/01 00:25:26,238.000000
node2.planetlab.mathcs.emory.edu,planetlab2.cs.pitt.edu,file256KB.txt,2015/10/01 00:25:26,2015/10/01 00:25:38,11580.000000
node2.planetlab.mathcs.emory.edu,planetlab2.cs.pitt.edu,file512KB.txt,2015/10/01 00:25:38,2015/10/01 00:26:03,25375.000000
node2.planetlab.mathcs.emory.edu,planetlab2.cs.pitt.edu,file1MB.txt,2015/10/01 00:26:03,2015/10/01 00:26:52,48845.000000
planetlab5.csee.usf.edu,planetlab2.cs.pitt.edu,file32B.txt,2015/10/01 00:26:52,2015/10/01 00:26:52,330.000000
planetlab5.csee.usf.edu,planetlab2.cs.pitt.edu,file1KB.txt,2015/10/01 00:26:52,2015/10/01 00:26:53,1635.000000
planetlab5.csee.usf.edu,planetlab2.cs.pitt.edu,file256KB.txt,2015/10/01 00:26:53,2015/10/01 00:27:12,19005.000000
planetlab5.csee.usf.edu,planetlab2.cs.pitt.edu,file512KB.txt,2015/10/01 00:27:12,2015/10/01 00:27:52,39556.000000
planetlab5.csee.usf.edu,planetlab2.cs.pitt.edu,file1MB.txt,2015/10/01 00:27:52,2015/10/01 00:29:09,77248.000000
planetlab1.emich.edu,planetlab2.cs.pitt.edu,file32B.txt,2015/10/01 00:29:09,2015/10/01 00:29:09,247.000000
planetlab1.emich.edu,planetlab2.cs.pitt.edu,file1KB.txt,2015/10/01 00:29:09,2015/10/01 00:29:09,243.000000
planetlab1.emich.edu,planetlab2.cs.pitt.edu,file256KB.txt,2015/10/01 00:29:09,2015/10/01 00:29:22,13715.000000
planetlab1.emich.edu,planetlab2.cs.pitt.edu,file512KB.txt,2015/10/01 00:29:22,2015/10/01 00:29:46,24152.000000
ebb.colgate.edu,planetlab2.cs.pitt.edu,file32B.txt,2015/10/01 00:30:23,2015/10/01 00:30:27,4772.000000
ebb.colgate.edu,planetlab2.cs.pitt.edu,file1KB.txt,2015/10/01 00:30:27,2015/10/01 00:30:27,253.000000
ebb.colgate.edu,planetlab2.cs.pitt.edu,file256KB.txt,2015/10/01 00:30:27,2015/10/01 00:30:40,13241.000000
ebb.colgate.edu,planetlab2.cs.pitt.edu,file512KB.txt,2015/10/01 00:30:40,2015/10/01 00:31:04,23896.000000
ebb.colgate.edu,planetlab2.cs.pitt.edu,file1MB.txt,2015/10/01 00:31:04,2015/10/01 00:31:53,48496.000000
kc-sce-plab2.umkc.edu,planetlab2.cs.pitt.edu,file32B.txt,2015/10/01 00:31:53,2015/10/01 00:31:56,3229.000000
kc-sce-plab2.umkc.edu,planetlab2.cs.pitt.edu,file1KB.txt,2015/10/01 00:31:56,2015/10/01 00:31:59,2999.000000
kc-sce-plab2.umkc.edu,planetlab2.cs.pitt.edu,file256KB.txt,2015/10/01 00:31:59,2015/10/01 00:41:50,590927.000000
kc-sce-plab2.umkc.edu,planetlab2.cs.pitt.edu,file512KB.txt,2015/10/01 00:41:50,2015/10/01 01:05:40,-1429920.000000
kc-sce-plab2.umkc.edu,planetlab2.cs.pitt.edu,file1MB.txt,2015/10/01 01:05:40,2015/10/01 01:18:16,756071.000000
node1.planetlab.mathcs.emory.edu,planetlab2.cs.pitt.edu,file32B.txt,2015/10/01 01:18:16,2015/10/01 01:18:16,225.000000
node1.planetlab.mathcs.emory.edu,planetlab2.cs.pitt.edu,file1KB.txt,2015/10/01 01:18:16,2015/10/01 01:18:17,1750.000000
node1.planetlab.mathcs.emory.edu,planetlab2.cs.pitt.edu,file256KB.txt,2015/10/01 01:18:17,2015/10/01 01:18:29,11177.000000
node1.planetlab.mathcs.emory.edu,planetlab2.cs.pitt.edu,file512KB.txt,2015/10/01 01:18:29,2015/10/01 01:18:54,25885.000000
node1.planetlab.mathcs.emory.edu,planetlab2.cs.pitt.edu,file1MB.txt,2015/10/01 01:18:54,2015/10/01 01:19:42,47671.000000
pl1.cs.montana.edu,planetlab2.cs.pitt.edu,file32B.txt,2015/10/01 01:19:42,2015/10/01 01:19:43,1180.000000
pl1.cs.montana.edu,planetlab2.cs.pitt.edu,file1KB.txt,2015/10/01 01:19:43,2015/10/01 01:19:44,1185.000000
pl1.cs.montana.edu,planetlab2.cs.pitt.edu,file256KB.txt,2015/10/01 01:19:44,2015/10/01 01:20:39,54817.000000
pl1.cs.montana.edu,planetlab2.cs.pitt.edu,file512KB.txt,2015/10/01 01:20:39,2015/10/01 01:22:28,108963.000000
pl1.cs.montana.edu,planetlab2.cs.pitt.edu,file1MB.txt,2015/10/01 01:22:28,2015/10/01 01:26:05,216303.000000
plab3.eece.ksu.edu,planetlab2.cs.pitt.edu,file32B.txt,2015/10/01 01:26:27,2015/10/01 01:26:27,408.000000
plab3.eece.ksu.edu,planetlab2.cs.pitt.edu,file1KB.txt,2015/10/01 01:26:27,2015/10/01 01:26:27,465.000000
plab3.eece.ksu.edu,planetlab2.cs.pitt.edu,file256KB.txt,2015/10/01 01:26:27,2015/10/01 01:26:43,16013.000000
plab3.eece.ksu.edu,planetlab2.cs.pitt.edu,file512KB.txt,2015/10/01 01:26:43,2015/10/01 01:27:15,32129.000000
plab3.eece.ksu.edu,planetlab2.cs.pitt.edu,file1MB.txt,2015/10/01 01:27:15,2015/10/01 01:28:19,64477.000000
planet3.cc.gt.atl.ga.us,planetlab2.cs.pitt.edu,file32B.txt,2015/10/01 01:28:19,2015/10/01 01:28:19,238.000000
planet3.cc.gt.atl.ga.us,planetlab2.cs.pitt.edu,file1KB.txt,2015/10/01 01:28:19,2015/10/01 01:28:19,220.000000
planet3.cc.gt.atl.ga.us,planetlab2.cs.pitt.edu,file256KB.txt,2015/10/01 01:28:19,2015/10/01 01:28:31,12208.000000
planet3.cc.gt.atl.ga.us,planetlab2.cs.pitt.edu,file512KB.txt,2015/10/01 01:28:31,2015/10/01 01:28:55,23940.000000
planet3.cc.gt.atl.ga.us,planetlab2.cs.pitt.edu,file1MB.txt,2015/10/01 01:28:55,2015/10/01 01:29:44,49642.000000
planetlab-02.bu.edu,planetlab2.cs.pitt.edu,file32B.txt,2015/10/01 01:29:44,2015/10/01 01:29:44,363.000000
planetlab-02.bu.edu,planetlab2.cs.pitt.edu,file1KB.txt,2015/10/01 01:29:44,2015/10/01 01:29:44,354.000000
planetlab-02.bu.edu,planetlab2.cs.pitt.edu,file256KB.txt,2015/10/01 01:29:44,2015/10/01 01:30:10,26917.000000
planetlab-02.bu.edu,planetlab2.cs.pitt.edu,file512KB.txt,2015/10/01 01:30:10,2015/10/01 01:30:59,48831.000000
planetlab-02.bu.edu,planetlab2.cs.pitt.edu,file1MB.txt,2015/10/01 01:30:59,2015/10/01 01:32:08,68259.000000
planetlab1.clemson.edu,planetlab2.cs.pitt.edu,file32B.txt,2015/10/01 01:32:30,2015/10/01 01:32:30,467.000000
planetlab1.clemson.edu,planetlab2.cs.pitt.edu,file1KB.txt,2015/10/01 01:32:30,2015/10/01 01:32:31,1595.000000
planetlab1.clemson.edu,planetlab2.cs.pitt.edu,file256KB.txt,2015/10/01 01:32:31,2015/10/01 01:32:45,13962.000000
planetlab1.clemson.edu,planetlab2.cs.pitt.edu,file512KB.txt,2015/10/01 01:32:45,2015/10/01 01:33:12,26665.000000
planetlab1.clemson.edu,planetlab2.cs.pitt.edu,file1MB.txt,2015/10/01 01:33:12,2015/10/01 01:34:05,53024.000000
planetlab1.cs.du.edu,planetlab2.cs.pitt.edu,file32B.txt,2015/10/01 01:34:05,2015/10/01 01:34:06,1662.000000
planetlab1.cs.du.edu,planetlab2.cs.pitt.edu,file1KB.txt,2015/10/01 01:34:06,2015/10/01 01:34:06,362.000000
planetlab1.cs.du.edu,planetlab2.cs.pitt.edu,file256KB.txt,2015/10/01 01:34:06,2015/10/01 01:34:27,21658.000000
planetlab1.cs.du.edu,planetlab2.cs.pitt.edu,file512KB.txt,2015/10/01 01:34:27,2015/10/01 01:35:07,39273.000000
planetlab1.cs.du.edu,planetlab2.cs.pitt.edu,file1MB.txt,2015/10/01 01:35:07,2015/10/01 01:36:29,82415.000000
planetlab-1.cse.ohio-state.edu,planetlab2.cs.pitt.edu,file32B.txt,2015/10/01 01:36:29,2015/10/01 01:36:31,2451.000000
planetlab-1.cse.ohio-state.edu,planetlab2.cs.pitt.edu,file1KB.txt,2015/10/01 01:36:31,2015/10/01 01:36:34,2441.000000
planetlab-1.cse.ohio-state.edu,planetlab2.cs.pitt.edu,file256KB.txt,2015/10/01 01:36:34,2015/10/01 01:41:42,308081.000000
planetlab-1.cse.ohio-state.edu,planetlab2.cs.pitt.edu,file512KB.txt,2015/10/01 01:41:42,2015/10/01 01:48:05,383402.000000
planetlab-1.cse.ohio-state.edu,planetlab2.cs.pitt.edu,file1MB.txt,2015/10/01 01:48:05,2015/10/01 02:00:18,732153.000000
planetlab1.cs.okstate.edu,planetlab2.cs.pitt.edu,file32B.txt,2015/10/01 02:00:18,2015/10/01 02:00:19,1662.000000
planetlab1.cs.okstate.edu,planetlab2.cs.pitt.edu,file1KB.txt,2015/10/01 02:00:19,2015/10/01 02:00:19,354.000000
planetlab1.cs.okstate.edu,planetlab2.cs.pitt.edu,file256KB.txt,2015/10/01 02:00:19,2015/10/01 02:00:37,18149.000000
planetlab1.cs.okstate.edu,planetlab2.cs.pitt.edu,file512KB.txt,2015/10/01 02:00:37,2015/10/01 02:01:12,34549.000000
planetlab1.cs.okstate.edu,planetlab2.cs.pitt.edu,file1MB.txt,2015/10/01 02:01:12,2015/10/01 02:02:24,72432.000000
planetlab1.cs.ucla.edu,planetlab2.cs.pitt.edu,file32B.txt,2015/10/01 02:02:24,2015/10/01 02:02:25,1348.000000
planetlab1.cs.ucla.edu,planetlab2.cs.pitt.edu,file1KB.txt,2015/10/01 02:02:25,2015/10/01 02:02:25,657.000000
planetlab1.cs.ucla.edu,planetlab2.cs.pitt.edu,file256KB.txt,2015/10/01 02:02:25,2015/10/01 02:03:10,45247.000000
planetlab1.cs.ucla.edu,planetlab2.cs.pitt.edu,file512KB.txt,2015/10/01 02:03:10,2015/10/01 02:04:42,91889.000000
planetlab1.cs.ucla.edu,planetlab2.cs.pitt.edu,file1MB.txt,2015/10/01 02:04:42,2015/10/01 02:07:36,-174689.000000
planetlab1.csuohio.edu,planetlab2.cs.pitt.edu,file32B.txt,2015/10/01 02:07:36,2015/10/01 02:07:36,118.000000
planetlab1.csuohio.edu,planetlab2.cs.pitt.edu,file1KB.txt,2015/10/01 02:07:36,2015/10/01 02:07:36,230.000000
planetlab1.csuohio.edu,planetlab2.cs.pitt.edu,file256KB.txt,2015/10/01 02:07:36,2015/10/01 02:07:40,3935.000000
planetlab1.csuohio.edu,planetlab2.cs.pitt.edu,file512KB.txt,2015/10/01 02:07:40,2015/10/01 02:07:48,7968.000000
planetlab1.csuohio.edu,planetlab2.cs.pitt.edu,file1MB.txt,2015/10/01 02:07:48,2015/10/01 02:08:04,16353.000000
planetlab1.emich.edu,planetlab2.cs.pitt.edu,file32B.txt,2015/10/01 02:08:04,2015/10/01 02:08:04,244.000000
planetlab1.emich.edu,planetlab2.cs.pitt.edu,file1KB.txt,2015/10/01 02:08:04,2015/10/01 02:08:04,279.000000
planetlab1.emich.edu,planetlab2.cs.pitt.edu,file256KB.txt,2015/10/01 02:08:04,2015/10/01 02:08:16,12015.000000
planetlab1.emich.edu,planetlab2.cs.pitt.edu,file512KB.txt,2015/10/01 02:08:16,2015/10/01 02:08:41,25320.000000
planetlab1.emich.edu,planetlab2.cs.pitt.edu,file1MB.txt,2015/10/01 02:08:41,2015/10/01 02:09:30,48718.000000
planetlab1.ucsd.edu,planetlab2.cs.pitt.edu,file32B.txt,2015/10/01 02:09:51,2015/10/01 02:09:52,1372.000000
planetlab1.ucsd.edu,planetlab2.cs.pitt.edu,file1KB.txt,2015/10/01 02:09:52,2015/10/01 02:09:53,1258.000000
planetlab1.ucsd.edu,planetlab2.cs.pitt.edu,file256KB.txt,2015/10/01 02:09:53,2015/10/01 02:10:36,42955.000000
planetlab1.ucsd.edu,planetlab2.cs.pitt.edu,file512KB.txt,2015/10/01 02:10:36,2015/10/01 02:12:00,83862.000000
planetlab1.ucsd.edu,planetlab2.cs.pitt.edu,file1MB.txt,2015/10/01 02:12:00,2015/10/01 02:14:47,166536.000000
planetlab2.acis.ufl.edu,planetlab2.cs.pitt.edu,file32B.txt,2015/10/01 02:14:47,2015/10/01 02:14:48,1626.000000
planetlab2.acis.ufl.edu,planetlab2.cs.pitt.edu,file1KB.txt,2015/10/01 02:14:48,2015/10/01 02:14:48,389.000000
planetlab2.acis.ufl.edu,planetlab2.cs.pitt.edu,file256KB.txt,2015/10/01 02:14:48,2015/10/01 02:15:06,17610.000000
planetlab2.acis.ufl.edu,planetlab2.cs.pitt.edu,file512KB.txt,2015/10/01 02:15:06,2015/10/01 02:15:43,37181.000000
planetlab2.acis.ufl.edu,planetlab2.cs.pitt.edu,file1MB.txt,2015/10/01 02:15:43,2015/10/01 02:16:59,76381.000000
planetlab2.arizona-gigapop.net,planetlab2.cs.pitt.edu,file32B.txt,2015/10/01 02:16:59,2015/10/01 02:16:59,639.000000
planetlab2.arizona-gigapop.net,planetlab2.cs.pitt.edu,file1KB.txt,2015/10/01 02:16:59,2015/10/01 02:17:00,1262.000000
planetlab2.arizona-gigapop.net,planetlab2.cs.pitt.edu,file256KB.txt,2015/10/01 02:17:00,2015/10/01 02:17:36,36593.000000
planetlab2.arizona-gigapop.net,planetlab2.cs.pitt.edu,file512KB.txt,2015/10/01 02:17:36,2015/10/01 02:18:45,68366.000000
planetlab2.arizona-gigapop.net,planetlab2.cs.pitt.edu,file1MB.txt,2015/10/01 02:18:45,2015/10/01 02:21:05,139833.000000
planetlab2.citadel.edu,planetlab2.cs.pitt.edu,file32B.txt,2015/10/01 02:21:05,2015/10/01 02:21:06,1293.000000
planetlab2.citadel.edu,planetlab2.cs.pitt.edu,file1KB.txt,2015/10/01 02:21:06,2015/10/01 02:21:08,2339.000000
planetlab2.citadel.edu,planetlab2.cs.pitt.edu,file256KB.txt,2015/10/01 02:21:08,2015/10/01 02:22:02,53811.000000
planetlab2.citadel.edu,planetlab2.cs.pitt.edu,file512KB.txt,2015/10/01 02:22:02,2015/10/01 02:23:48,106272.000000
planetlab2.citadel.edu,planetlab2.cs.pitt.edu,file1MB.txt,2015/10/01 02:23:48,2015/10/01 02:27:21,213190.000000
planetlab2.cs.pitt.edu,planetlab2.cs.pitt.edu,file32B.txt,2015/10/01 02:27:21,2015/10/01 02:27:21,22.000000
planetlab2.cs.pitt.edu,planetlab2.cs.pitt.edu,file1KB.txt,2015/10/01 02:27:21,2015/10/01 02:27:21,31.000000
planetlab2.cs.pitt.edu,planetlab2.cs.pitt.edu,file256KB.txt,2015/10/01 02:27:21,2015/10/01 02:27:22,776.000000
planetlab2.cs.pitt.edu,planetlab2.cs.pitt.edu,file512KB.txt,2015/10/01 02:27:22,2015/10/01 02:27:24,1740.000000
planetlab2.cs.pitt.edu,planetlab2.cs.pitt.edu,file1MB.txt,2015/10/01 02:27:24,2015/10/01 02:27:29,4976.000000
planetlab2.cs.purdue.edu,planetlab2.cs.pitt.edu,file32B.txt,2015/10/01 02:27:29,2015/10/01 02:27:30,1627.000000
planetlab2.cs.purdue.edu,planetlab2.cs.pitt.edu,file1KB.txt,2015/10/01 02:27:30,2015/10/01 02:27:30,311.000000
planetlab2.cs.purdue.edu,planetlab2.cs.pitt.edu,file256KB.txt,2015/10/01 02:27:30,2015/10/01 02:27:48,18161.000000
planetlab2.cs.purdue.edu,planetlab2.cs.pitt.edu,file512KB.txt,2015/10/01 02:27:48,2015/10/01 02:28:24,36044.000000
planetlab2.cs.purdue.edu,planetlab2.cs.pitt.edu,file1MB.txt,2015/10/01 02:28:24,2015/10/01 02:29:33,68233.000000
planetlab2.cs.uml.edu,planetlab2.cs.pitt.edu,file32B.txt,2015/10/01 02:30:16,2015/10/01 02:30:16,277.000000
planetlab2.cs.uml.edu,planetlab2.cs.pitt.edu,file1KB.txt,2015/10/01 02:30:16,2015/10/01 02:30:16,294.000000
planetlab2.cs.uml.edu,planetlab2.cs.pitt.edu,file256KB.txt,2015/10/01 02:30:16,2015/10/01 02:30:29,13592.000000
planetlab2.cs.uml.edu,planetlab2.cs.pitt.edu,file512KB.txt,2015/10/01 02:30:29,2015/10/01 02:30:53,23951.000000
planetlab2.cs.uml.edu,planetlab2.cs.pitt.edu,file1MB.txt,2015/10/01 02:30:53,2015/10/01 02:31:42,49209.000000
planetlab2.cs.unc.edu,planetlab2.cs.pitt.edu,file32B.txt,2015/10/01 02:31:42,2015/10/01 02:31:42,226.000000
planetlab2.cs.unc.edu,planetlab2.cs.pitt.edu,file1KB.txt,2015/10/01 02:31:42,2015/10/01 02:31:42,280.000000
planetlab2.cs.unc.edu,planetlab2.cs.pitt.edu,file256KB.txt,2015/10/01 02:31:42,2015/10/01 02:31:55,13041.000000
planetlab2.cs.unc.edu,planetlab2.cs.pitt.edu,file512KB.txt,2015/10/01 02:31:55,2015/10/01 02:32:21,26278.000000
planetlab2.cs.unc.edu,planetlab2.cs.pitt.edu,file1MB.txt,2015/10/01 02:32:21,2015/10/01 02:33:13,51419.000000
planetlab2.cs.uoregon.edu,planetlab2.cs.pitt.edu,file32B.txt,2015/10/01 02:33:13,2015/10/01 02:33:14,1230.000000
planetlab2.cs.uoregon.edu,planetlab2.cs.pitt.edu,file1KB.txt,2015/10/01 02:33:14,2015/10/01 02:33:15,1203.000000
planetlab2.cs.uoregon.edu,planetlab2.cs.pitt.edu,file256KB.txt,2015/10/01 02:33:15,2015/10/01 02:34:08,53015.000000
planetlab2.cs.uoregon.edu,planetlab2.cs.pitt.edu,file512KB.txt,2015/10/01 02:34:08,2015/10/01 02:35:54,105508.000000
planetlab2.cs.uoregon.edu,planetlab2.cs.pitt.edu,file1MB.txt,2015/10/01 02:35:54,2015/10/01 02:39:25,211435.000000
planetlab2.temple.edu,planetlab2.cs.pitt.edu,file32B.txt,2015/10/01 02:39:25,2015/10/01 02:39:25,220.000000
planetlab2.temple.edu,planetlab2.cs.pitt.edu,file1KB.txt,2015/10/01 02:39:25,2015/10/01 02:39:25,242.000000
planetlab2.temple.edu,planetlab2.cs.pitt.edu,file256KB.txt,2015/10/01 02:39:25,2015/10/01 02:39:34,9507.000000
planetlab2.temple.edu,planetlab2.cs.pitt.edu,file512KB.txt,2015/10/01 02:39:34,2015/10/01 02:39:51,16702.000000
planetlab2.temple.edu,planetlab2.cs.pitt.edu,file1MB.txt,2015/10/01 02:39:51,2015/10/01 02:40:24,33569.000000
planetlab2.unl.edu,planetlab2.cs.pitt.edu,file32B.txt,2015/10/01 02:40:24,2015/10/01 02:40:24,315.000000
planetlab2.unl.edu,planetlab2.cs.pitt.edu,file1KB.txt,2015/10/01 02:40:24,2015/10/01 02:40:24,309.000000
planetlab2.unl.edu,planetlab2.cs.pitt.edu,file256KB.txt,2015/10/01 02:40:24,2015/10/01 02:40:41,17007.000000
planetlab2.unl.edu,planetlab2.cs.pitt.edu,file512KB.txt,2015/10/01 02:40:41,2015/10/01 02:41:17,36501.000000
planetlab2.unl.edu,planetlab2.cs.pitt.edu,file1MB.txt,2015/10/01 02:41:17,2015/10/01 02:42:24,66759.000000
planetlab2.unr.edu,planetlab2.cs.pitt.edu,file32B.txt,2015/10/01 02:42:24,2015/10/01 02:42:25,1398.000000
planetlab2.unr.edu,planetlab2.cs.pitt.edu,file1KB.txt,2015/10/01 02:42:25,2015/10/01 02:42:25,657.000000
planetlab2.unr.edu,planetlab2.cs.pitt.edu,file256KB.txt,2015/10/01 02:42:25,2015/10/01 02:42:54,28765.000000
planetlab2.unr.edu,planetlab2.cs.pitt.edu,file512KB.txt,2015/10/01 02:42:54,2015/10/01 02:43:53,59789.000000
planetlab2.unr.edu,planetlab2.cs.pitt.edu,file1MB.txt,2015/10/01 02:43:53,2015/10/01 02:45:50,116252.000000
planetlab2.uta.edu,planetlab2.cs.pitt.edu,file32B.txt,2015/10/01 02:45:50,2015/10/01 02:45:51,1609.000000
planetlab2.uta.edu,planetlab2.cs.pitt.edu,file1KB.txt,2015/10/01 02:45:51,2015/10/01 02:45:51,424.000000
planetlab2.uta.edu,planetlab2.cs.pitt.edu,file256KB.txt,2015/10/01 02:45:51,2015/10/01 02:46:11,20380.000000
planetlab2.uta.edu,planetlab2.cs.pitt.edu,file512KB.txt,2015/10/01 02:46:11,2015/10/01 02:46:50,39368.000000
planetlab2.uta.edu,planetlab2.cs.pitt.edu,file1MB.txt,2015/10/01 02:46:50,2015/10/01 02:48:06,75081.000000
planetlab2.utdallas.edu,planetlab2.cs.pitt.edu,file32B.txt,2015/10/01 02:48:06,2015/10/01 02:48:07,1508.000000
planetlab2.utdallas.edu,planetlab2.cs.pitt.edu,file1KB.txt,2015/10/01 02:48:07,2015/10/01 02:48:07,405.000000
planetlab2.utdallas.edu,planetlab2.cs.pitt.edu,file256KB.txt,2015/10/01 02:48:07,2015/10/01 02:48:28,21439.000000
planetlab2.utdallas.edu,planetlab2.cs.pitt.edu,file512KB.txt,2015/10/01 02:48:28,2015/10/01 02:49:08,39435.000000
planetlab2.utdallas.edu,planetlab2.cs.pitt.edu,file1MB.txt,2015/10/01 02:49:08,2015/10/01 02:50:30,82307.000000
planetlab3.eecs.umich.edu,planetlab2.cs.pitt.edu,file32B.txt,2015/10/01 02:50:30,2015/10/01 02:50:30,273.000000
planetlab3.eecs.umich.edu,planetlab2.cs.pitt.edu,file1KB.txt,2015/10/01 02:50:30,2015/10/01 02:50:31,1703.000000
planetlab3.eecs.umich.edu,planetlab2.cs.pitt.edu,file256KB.txt,2015/10/01 02:50:31,2015/10/01 02:50:42,10680.000000
planetlab3.eecs.umich.edu,planetlab2.cs.pitt.edu,file512KB.txt,2015/10/01 02:50:42,2015/10/01 02:51:04,21970.000000
planetlab3.eecs.umich.edu,planetlab2.cs.pitt.edu,file1MB.txt,2015/10/01 02:51:04,2015/10/01 02:51:49,45432.000000
planetlab3.rutgers.edu,planetlab2.cs.pitt.edu,file32B.txt,2015/10/01 02:51:49,2015/10/01 02:51:49,738.000000
planetlab3.rutgers.edu,planetlab2.cs.pitt.edu,file1KB.txt,2015/10/01 02:51:49,2015/10/01 02:51:50,1817.000000
planetlab3.rutgers.edu,planetlab2.cs.pitt.edu,file256KB.txt,2015/10/01 02:51:50,2015/10/01 02:51:58,8024.000000
planetlab3.rutgers.edu,planetlab2.cs.pitt.edu,file512KB.txt,2015/10/01 02:51:58,2015/10/01 02:52:14,15474.000000
planetlab3.rutgers.edu,planetlab2.cs.pitt.edu,file1MB.txt,2015/10/01 02:52:14,2015/10/01 02:52:46,32244.000000
planetlab3.wail.wisc.edu,planetlab2.cs.pitt.edu,file32B.txt,2015/10/01 02:52:46,2015/10/01 02:52:46,440.000000
planetlab3.wail.wisc.edu,planetlab2.cs.pitt.edu,file1KB.txt,2015/10/01 02:52:46,2015/10/01 02:52:47,1561.000000
planetlab3.wail.wisc.edu,planetlab2.cs.pitt.edu,file256KB.txt,2015/10/01 02:52:47,2015/10/01 02:53:05,17948.000000
planetlab3.wail.wisc.edu,planetlab2.cs.pitt.edu,file512KB.txt,2015/10/01 02:53:05,2015/10/01 02:53:40,34475.000000
planetlab3.wail.wisc.edu,planetlab2.cs.pitt.edu,file1MB.txt,2015/10/01 02:53:40,2015/10/01 02:54:51,71512.000000
planetlab4.tamu.edu,planetlab2.cs.pitt.edu,file32B.txt,2015/10/01 02:54:51,2015/10/01 02:54:51,414.000000
planetlab4.tamu.edu,planetlab2.cs.pitt.edu,file1KB.txt,2015/10/01 02:54:51,2015/10/01 02:54:52,1549.000000
planetlab4.tamu.edu,planetlab2.cs.pitt.edu,file256KB.txt,2015/10/01 02:54:52,2015/10/01 02:55:13,21057.000000
planetlab4.tamu.edu,planetlab2.cs.pitt.edu,file512KB.txt,2015/10/01 02:55:13,2015/10/01 02:55:56,42970.000000
planetlab4.tamu.edu,planetlab2.cs.pitt.edu,file1MB.txt,2015/10/01 02:55:56,2015/10/01 02:57:18,81561.000000
planetlab-5.eecs.cwru.edu,planetlab2.cs.pitt.edu,file32B.txt,2015/10/01 02:57:18,2015/10/01 02:57:18,206.000000
planetlab-5.eecs.cwru.edu,planetlab2.cs.pitt.edu,file1KB.txt,2015/10/01 02:57:18,2015/10/01 02:57:18,215.000000
planetlab-5.eecs.cwru.edu,planetlab2.cs.pitt.edu,file256KB.txt,2015/10/01 02:57:18,2015/10/01 02:57:25,7494.000000
planetlab-5.eecs.cwru.edu,planetlab2.cs.pitt.edu,file512KB.txt,2015/10/01 02:57:25,2015/10/01 02:57:38,13207.000000
planetlab-5.eecs.cwru.edu,planetlab2.cs.pitt.edu,file1MB.txt,2015/10/01 02:57:38,2015/10/01 02:58:04,25836.000000
planetlabone.ccs.neu.edu,planetlab2.cs.pitt.edu,file32B.txt,2015/10/01 02:58:04,2015/10/01 02:58:04,284.000000
planetlabone.ccs.neu.edu,planetlab2.cs.pitt.edu,file1KB.txt,2015/10/01 02:58:04,2015/10/01 02:58:04,290.000000
planetlabone.ccs.neu.edu,planetlab2.cs.pitt.edu,file256KB.txt,2015/10/01 02:58:04,2015/10/01 02:58:18,14836.000000
planetlabone.ccs.neu.edu,planetlab2.cs.pitt.edu,file512KB.txt,2015/10/01 02:58:18,2015/10/01 02:58:47,28893.000000
planetlabone.ccs.neu.edu,planetlab2.cs.pitt.edu,file1MB.txt,2015/10/01 02:58:47,2015/10/01 02:59:46,58662.000000
pl-node-0.csl.sri.com,planetlab2.cs.pitt.edu,file32B.txt,2015/10/01 02:59:46,2015/10/01 02:59:47,1466.000000
pl-node-0.csl.sri.com,planetlab2.cs.pitt.edu,file1KB.txt,2015/10/01 02:59:47,2015/10/01 02:59:48,1098.000000
pl-node-0.csl.sri.com,planetlab2.cs.pitt.edu,file256KB.txt,2015/10/01 02:59:48,2015/10/01 03:00:31,42972.000000
pl-node-0.csl.sri.com,planetlab2.cs.pitt.edu,file512KB.txt,2015/10/01 03:00:31,2015/10/01 03:01:55,83436.000000
pl-node-0.csl.sri.com,planetlab2.cs.pitt.edu,file1MB.txt,2015/10/01 03:01:55,2015/10/01 03:04:49,173868.000000
ricepl-5.cs.rice.edu,planetlab2.cs.pitt.edu,file32B.txt,2015/10/01 03:04:49,2015/10/01 03:04:50,1627.000000
ricepl-5.cs.rice.edu,planetlab2.cs.pitt.edu,file1KB.txt,2015/10/01 03:04:50,2015/10/01 03:04:50,412.000000
ricepl-5.cs.rice.edu,planetlab2.cs.pitt.edu,file256KB.txt,2015/10/01 03:04:50,2015/10/01 03:05:13,23572.000000
ricepl-5.cs.rice.edu,planetlab2.cs.pitt.edu,file512KB.txt,2015/10/01 03:05:13,2015/10/01 03:05:56,42762.000000
ricepl-5.cs.rice.edu,planetlab2.cs.pitt.edu,file1MB.txt,2015/10/01 03:05:56,2015/10/01 03:07:23,87249.000000
salt.planetlab.cs.umd.edu,planetlab2.cs.pitt.edu,file32B.txt,2015/10/01 03:07:23,2015/10/01 03:07:23,177.000000
salt.planetlab.cs.umd.edu,planetlab2.cs.pitt.edu,file1KB.txt,2015/10/01 03:07:23,2015/10/01 03:07:23,186.000000
salt.planetlab.cs.umd.edu,planetlab2.cs.pitt.edu,file256KB.txt,2015/10/01 03:07:23,2015/10/01 03:07:29,5633.000000
salt.planetlab.cs.umd.edu,planetlab2.cs.pitt.edu,file512KB.txt,2015/10/01 03:07:29,2015/10/01 03:07:42,13732.000000
salt.planetlab.cs.umd.edu,planetlab2.cs.pitt.edu,file1MB.txt,2015/10/01 03:07:42,2015/10/01 03:08:05,22568.000000
pl1.eecs.utk.edu,planetlab2.cs.pitt.edu,file32B.txt,2015/10/01 03:08:05,2015/10/01 03:08:06,1605.000000
pl1.eecs.utk.edu,planetlab2.cs.pitt.edu,file1KB.txt,2015/10/01 03:08:06,2015/10/01 03:08:06,415.000000
pl1.eecs.utk.edu,planetlab2.cs.pitt.edu,file256KB.txt,2015/10/01 03:08:06,2015/10/01 03:08:33,26552.000000
pl1.eecs.utk.edu,planetlab2.cs.pitt.edu,file512KB.txt,2015/10/01 03:08:33,2015/10/01 03:09:26,53965.000000
pl1.eecs.utk.edu,planetlab2.cs.pitt.edu,file1MB.txt,2015/10/01 03:09:26,2015/10/01 03:12:05,158997.000000
planetlab-01.vt.nodes.planet-lab.org,planetlab2.cs.pitt.edu,file32B.txt,2015/10/01 03:12:05,2015/10/01 03:12:05,227.000000
planetlab-01.vt.nodes.planet-lab.org,planetlab2.cs.pitt.edu,file1KB.txt,2015/10/01 03:12:05,2015/10/01 03:12:05,369.000000
planetlab-01.vt.nodes.planet-lab.org,planetlab2.cs.pitt.edu,file256KB.txt,2015/10/01 03:12:05,2015/10/01 03:12:21,15733.000000
planetlab-01.vt.nodes.planet-lab.org,planetlab2.cs.pitt.edu,file512KB.txt,2015/10/01 03:12:21,2015/10/01 03:12:39,18122.000000
planetlab-01.vt.nodes.planet-lab.org,planetlab2.cs.pitt.edu,file1MB.txt,2015/10/01 03:12:39,2015/10/01 03:13:15,36336.000000
planetlab-04.vt.nodes.planet-lab.org,planetlab2.cs.pitt.edu,file32B.txt,2015/10/01 03:13:15,2015/10/01 03:13:15,222.000000
planetlab-04.vt.nodes.planet-lab.org,planetlab2.cs.pitt.edu,file1KB.txt,2015/10/01 03:13:15,2015/10/01 03:13:15,327.000000
planetlab-04.vt.nodes.planet-lab.org,planetlab2.cs.pitt.edu,file256KB.txt,2015/10/01 03:13:15,2015/10/01 03:13:32,17862.000000
planetlab-04.vt.nodes.planet-lab.org,planetlab2.cs.pitt.edu,file512KB.txt,2015/10/01 03:13:32,2015/10/01 03:13:49,16537.000000
planetlab-04.vt.nodes.planet-lab.org,planetlab2.cs.pitt.edu,file1MB.txt,2015/10/01 03:13:49,2015/10/01 03:14:25,36379.000000
planetlab-4.eecs.cwru.edu,planetlab2.cs.pitt.edu,file32B.txt,2015/10/01 03:14:25,2015/10/01 03:14:25,265.000000
planetlab-4.eecs.cwru.edu,planetlab2.cs.pitt.edu,file1KB.txt,2015/10/01 03:14:25,2015/10/01 03:14:25,254.000000
planetlab-4.eecs.cwru.edu,planetlab2.cs.pitt.edu,file256KB.txt,2015/10/01 03:14:25,2015/10/01 03:14:35,9761.000000
planetlab-4.eecs.cwru.edu,planetlab2.cs.pitt.edu,file512KB.txt,2015/10/01 03:14:35,2015/10/01 03:15:06,31466.000000
planetlab-4.eecs.cwru.edu,planetlab2.cs.pitt.edu,file1MB.txt,2015/10/01 03:15:06,2015/10/01 03:15:46,40319.000000
planetlab01.cs.washington.edu,planetlab2.cs.pitt.edu,file32B.txt,2015/10/01 03:15:46,2015/10/01 03:15:46,524.000000
planetlab01.cs.washington.edu,planetlab2.cs.pitt.edu,file1KB.txt,2015/10/01 03:15:46,2015/10/01 03:15:47,1413.000000
planetlab01.cs.washington.edu,planetlab2.cs.pitt.edu,file256KB.txt,2015/10/01 03:15:47,2015/10/01 03:16:20,33081.000000
planetlab01.cs.washington.edu,planetlab2.cs.pitt.edu,file512KB.txt,2015/10/01 03:16:20,2015/10/01 03:17:25,64452.000000
planetlab01.cs.washington.edu,planetlab2.cs.pitt.edu,file1MB.txt,2015/10/01 03:17:25,2015/10/01 03:19:36,-131147.000000
planetlab02.cs.washington.edu,planetlab2.cs.pitt.edu,file32B.txt,2015/10/01 03:19:36,2015/10/01 03:19:37,1468.000000
planetlab02.cs.washington.edu,planetlab2.cs.pitt.edu,file1KB.txt,2015/10/01 03:19:37,2015/10/01 03:19:37,637.000000
planetlab02.cs.washington.edu,planetlab2.cs.pitt.edu,file256KB.txt,2015/10/01 03:19:37,2015/10/01 03:20:11,34202.000000
planetlab02.cs.washington.edu,planetlab2.cs.pitt.edu,file512KB.txt,2015/10/01 03:20:11,2015/10/01 03:21:18,67129.000000
planetlab02.cs.washington.edu,planetlab2.cs.pitt.edu,file1MB.txt,2015/10/01 03:21:18,2015/10/01 03:23:31,132527.000000
planetlab1.arizona-gigapop.net,planetlab2.cs.pitt.edu,file32B.txt,2015/10/01 03:23:31,2015/10/01 03:23:32,1366.000000
planetlab1.arizona-gigapop.net,planetlab2.cs.pitt.edu,file1KB.txt,2015/10/01 03:23:32,2015/10/01 03:23:33,1173.000000
planetlab1.arizona-gigapop.net,planetlab2.cs.pitt.edu,file256KB.txt,2015/10/01 03:23:33,2015/10/01 03:24:08,34821.000000
planetlab1.arizona-gigapop.net,planetlab2.cs.pitt.edu,file512KB.txt,2015/10/01 03:24:08,2015/10/01 03:25:18,69910.000000
planetlab1.arizona-gigapop.net,planetlab2.cs.pitt.edu,file1MB.txt,2015/10/01 03:25:18,2015/10/01 03:27:38,140525.000000
planetlab1.cs.unc.edu,planetlab2.cs.pitt.edu,file32B.txt,2015/10/01 03:27:38,2015/10/01 03:27:38,229.000000
planetlab1.cs.unc.edu,planetlab2.cs.pitt.edu,file1KB.txt,2015/10/01 03:27:38,2015/10/01 03:27:38,205.000000
planetlab1.cs.unc.edu,planetlab2.cs.pitt.edu,file256KB.txt,2015/10/01 03:27:38,2015/10/01 03:27:51,13450.000000
planetlab1.cs.unc.edu,planetlab2.cs.pitt.edu,file512KB.txt,2015/10/01 03:27:51,2015/10/01 03:28:16,25022.000000
planetlab1.cs.unc.edu,planetlab2.cs.pitt.edu,file1MB.txt,2015/10/01 03:28:16,2015/10/01 03:29:05,48213.000000
planet3.cc.gt.atl.ga.us,planetlab2.cs.pitt.edu,file32B.txt,2015/10/01 03:29:06,2015/10/01 03:29:06,270.000000
planet3.cc.gt.atl.ga.us,planetlab2.cs.pitt.edu,file1KB.txt,2015/10/01 03:29:06,2015/10/01 03:29:06,242.000000
planet3.cc.gt.atl.ga.us,planetlab2.cs.pitt.edu,file256KB.txt,2015/10/01 03:29:06,2015/10/01 03:29:18,11844.000000
planet3.cc.gt.atl.ga.us,planetlab2.cs.pitt.edu,file512KB.txt,2015/10/01 03:29:18,2015/10/01 03:29:42,23919.000000
planet3.cc.gt.atl.ga.us,planetlab2.cs.pitt.edu,file1MB.txt,2015/10/01 03:29:42,2015/10/01 03:30:31,49777.000000
