planetlab1.unr.edu,planetlab3.ucsd.edu,file32B.txt,2015/09/30 20:59:35,2015/09/30 20:59:40,4825.000000
planetlab1.unr.edu,planetlab3.ucsd.edu,file1KB.txt,2015/09/30 20:59:40,2015/09/30 20:59:45,4808.000000
planetlab1.unr.edu,planetlab3.ucsd.edu,file256KB.txt,2015/09/30 20:59:45,2015/09/30 21:00:04,19242.000000
planetlab1.unr.edu,planetlab3.ucsd.edu,file512KB.txt,2015/09/30 21:00:04,2015/09/30 21:00:36,31664.000000
planetlab1.unr.edu,planetlab3.ucsd.edu,file1MB.txt,2015/09/30 21:00:36,2015/09/30 21:01:40,63817.000000
pl2.cs.unm.edu,planetlab3.ucsd.edu,file32B.txt,2015/09/30 21:01:40,2015/09/30 21:01:46,6830.000000
pl2.cs.unm.edu,planetlab3.ucsd.edu,file1KB.txt,2015/09/30 21:01:46,2015/09/30 21:01:51,4807.000000
pl2.cs.unm.edu,planetlab3.ucsd.edu,file256KB.txt,2015/09/30 21:01:51,2015/09/30 21:02:11,19269.000000
pl2.cs.unm.edu,planetlab3.ucsd.edu,file512KB.txt,2015/09/30 21:02:11,2015/09/30 21:02:49,38918.000000
pl2.cs.unm.edu,planetlab3.ucsd.edu,file1MB.txt,2015/09/30 21:02:49,2015/09/30 21:03:48,58843.000000
planetlab2.cnis.nyit.edu,planetlab3.ucsd.edu,file32B.txt,2015/09/30 21:03:48,2015/09/30 21:03:53,4460.000000
planetlab2.cnis.nyit.edu,planetlab3.ucsd.edu,file1KB.txt,2015/09/30 21:03:53,2015/09/30 21:03:59,6363.000000
planetlab2.cnis.nyit.edu,planetlab3.ucsd.edu,file256KB.txt,2015/09/30 21:03:59,2015/09/30 21:04:49,50072.000000
planetlab2.cnis.nyit.edu,planetlab3.ucsd.edu,file512KB.txt,2015/09/30 21:04:49,2015/09/30 21:06:23,93617.000000
planetlab2.cnis.nyit.edu,planetlab3.ucsd.edu,file1MB.txt,2015/09/30 21:06:23,2015/09/30 21:09:32,188961.000000
planetlab2.rutgers.edu,planetlab3.ucsd.edu,file32B.txt,2015/09/30 21:09:32,2015/09/30 21:09:38,5786.000000
planetlab2.rutgers.edu,planetlab3.ucsd.edu,file1KB.txt,2015/09/30 21:09:38,2015/09/30 21:10:07,29099.000000
planetlab2.rutgers.edu,planetlab3.ucsd.edu,file256KB.txt,2015/09/30 21:10:07,2015/09/30 21:16:29,382709.000000
planetlab2.rutgers.edu,planetlab3.ucsd.edu,file512KB.txt,2015/09/30 21:16:29,2015/09/30 21:50:39,-2049873.000000
planetlab2.rutgers.edu,planetlab3.ucsd.edu,file1MB.txt,2015/09/30 21:50:39,2015/09/30 23:01:58,16116.000000
planetlab2.ucsd.edu,planetlab3.ucsd.edu,file32B.txt,2015/09/30 23:02:03,2015/09/30 23:02:08,4983.000000
planetlab2.ucsd.edu,planetlab3.ucsd.edu,file1KB.txt,2015/09/30 23:02:08,2015/09/30 23:02:13,4986.000000
planetlab2.ucsd.edu,planetlab3.ucsd.edu,file256KB.txt,2015/09/30 23:02:13,2015/09/30 23:02:18,4549.000000
planetlab2.ucsd.edu,planetlab3.ucsd.edu,file512KB.txt,2015/09/30 23:02:18,2015/09/30 23:02:24,6104.000000
planetlab2.ucsd.edu,planetlab3.ucsd.edu,file1MB.txt,2015/09/30 23:02:24,2015/09/30 23:02:31,7288.000000
planetlab3.cs.uoregon.edu,planetlab3.ucsd.edu,file32B.txt,2015/09/30 23:02:31,2015/09/30 23:02:36,4819.000000
planetlab3.cs.uoregon.edu,planetlab3.ucsd.edu,file1KB.txt,2015/09/30 23:02:36,2015/09/30 23:02:41,4794.000000
planetlab3.cs.uoregon.edu,planetlab3.ucsd.edu,file256KB.txt,2015/09/30 23:02:41,2015/09/30 23:03:01,20427.000000
planetlab3.cs.uoregon.edu,planetlab3.ucsd.edu,file512KB.txt,2015/09/30 23:03:01,2015/09/30 23:03:35,33987.000000
planetlab3.cs.uoregon.edu,planetlab3.ucsd.edu,file1MB.txt,2015/09/30 23:03:35,2015/09/30 23:04:44,69125.000000
planetlab-01.bu.edu,planetlab3.ucsd.edu,file32B.txt,2015/09/30 23:04:44,2015/09/30 23:04:49,4369.000000
planetlab-01.bu.edu,planetlab3.ucsd.edu,file1KB.txt,2015/09/30 23:04:49,2015/09/30 23:04:55,4366.000000
planetlab-01.bu.edu,planetlab3.ucsd.edu,file256KB.txt,2015/09/30 23:04:55,2015/09/30 23:05:46,50639.000000
planetlab-01.bu.edu,planetlab3.ucsd.edu,file512KB.txt,2015/09/30 23:05:46,2015/09/30 23:07:23,97134.000000
planetlab-01.bu.edu,planetlab3.ucsd.edu,file1MB.txt,2015/09/30 23:07:23,2015/09/30 23:10:33,190152.000000
planetlab4.cnds.jhu.edu,planetlab3.ucsd.edu,file32B.txt,2015/09/30 23:10:33,2015/09/30 23:10:39,6531.000000
planetlab4.cnds.jhu.edu,planetlab3.ucsd.edu,file1KB.txt,2015/09/30 23:10:39,2015/09/30 23:10:44,4451.000000
planetlab4.cnds.jhu.edu,planetlab3.ucsd.edu,file256KB.txt,2015/09/30 23:10:44,2015/09/30 23:11:29,45432.000000
planetlab4.cnds.jhu.edu,planetlab3.ucsd.edu,file512KB.txt,2015/09/30 23:11:29,2015/09/30 23:12:53,84182.000000
planetlab4.cnds.jhu.edu,planetlab3.ucsd.edu,file1MB.txt,2015/09/30 23:12:53,2015/09/30 23:15:35,161368.000000
planetlabtwo.ccs.neu.edu,planetlab3.ucsd.edu,file32B.txt,2015/09/30 23:15:35,2015/09/30 23:15:41,6416.000000
planetlabtwo.ccs.neu.edu,planetlab3.ucsd.edu,file1KB.txt,2015/09/30 23:15:41,2015/09/30 23:15:46,4371.000000
planetlabtwo.ccs.neu.edu,planetlab3.ucsd.edu,file256KB.txt,2015/09/30 23:15:46,2015/09/30 23:16:53,67560.000000
planetlabtwo.ccs.neu.edu,planetlab3.ucsd.edu,file512KB.txt,2015/09/30 23:16:53,2015/09/30 23:18:41,108238.000000
planetlabtwo.ccs.neu.edu,planetlab3.ucsd.edu,file1MB.txt,2015/09/30 23:18:41,2015/09/30 23:21:40,178416.000000
planetlab1.cs.purdue.edu,planetlab3.ucsd.edu,file32B.txt,2015/09/30 23:21:40,2015/09/30 23:21:46,5985.000000
planetlab1.cs.purdue.edu,planetlab3.ucsd.edu,file1KB.txt,2015/09/30 23:21:46,2015/09/30 23:21:52,6266.000000
planetlab1.cs.purdue.edu,planetlab3.ucsd.edu,file256KB.txt,2015/09/30 23:21:52,2015/09/30 23:22:50,58384.000000
planetlab1.cs.purdue.edu,planetlab3.ucsd.edu,file512KB.txt,2015/09/30 23:22:50,2015/09/30 23:24:27,96879.000000
planetlab1.cs.purdue.edu,planetlab3.ucsd.edu,file1MB.txt,2015/09/30 23:24:27,2015/09/30 23:28:01,213658.000000
planetlab2.tsuniv.edu,planetlab3.ucsd.edu,file32B.txt,2015/09/30 23:28:01,2015/09/30 23:28:07,6451.000000
planetlab2.tsuniv.edu,planetlab3.ucsd.edu,file1KB.txt,2015/09/30 23:28:07,2015/09/30 23:28:12,4361.000000
planetlab2.tsuniv.edu,planetlab3.ucsd.edu,file256KB.txt,2015/09/30 23:28:12,2015/09/30 23:29:04,52706.000000
planetlab2.tsuniv.edu,planetlab3.ucsd.edu,file512KB.txt,2015/09/30 23:29:04,2015/09/30 23:30:43,98702.000000
planetlab2.tsuniv.edu,planetlab3.ucsd.edu,file1MB.txt,2015/09/30 23:30:43,2015/09/30 23:33:52,189257.000000
planetlab1.tsuniv.edu,planetlab3.ucsd.edu,file32B.txt,2015/09/30 23:33:52,2015/09/30 23:33:57,4432.000000
planetlab1.tsuniv.edu,planetlab3.ucsd.edu,file1KB.txt,2015/09/30 23:33:57,2015/09/30 23:34:03,6359.000000
planetlab1.tsuniv.edu,planetlab3.ucsd.edu,file256KB.txt,2015/09/30 23:34:03,2015/09/30 23:35:32,89059.000000
planetlab1.tsuniv.edu,planetlab3.ucsd.edu,file512KB.txt,2015/09/30 23:35:32,2015/09/30 23:42:55,442477.000000
planetlab1.tsuniv.edu,planetlab3.ucsd.edu,file1MB.txt,2015/09/30 23:42:55,2015/09/30 23:46:56,-240765.000000
planetlab3.ucsd.edu,planetlab3.ucsd.edu,file32B.txt,2015/09/30 23:46:57,2015/09/30 23:46:57,19.000000
planetlab3.ucsd.edu,planetlab3.ucsd.edu,file1KB.txt,2015/09/30 23:46:57,2015/09/30 23:46:57,20.000000
planetlab3.ucsd.edu,planetlab3.ucsd.edu,file256KB.txt,2015/09/30 23:46:57,2015/09/30 23:46:58,496.000000
planetlab3.ucsd.edu,planetlab3.ucsd.edu,file512KB.txt,2015/09/30 23:46:58,2015/09/30 23:47:00,2318.000000
planetlab3.ucsd.edu,planetlab3.ucsd.edu,file1MB.txt,2015/09/30 23:47:00,2015/09/30 23:47:03,2982.000000
node2.planetlab.mathcs.emory.edu,planetlab3.ucsd.edu,file32B.txt,2015/09/30 23:47:08,2015/09/30 23:47:13,4612.000000
node2.planetlab.mathcs.emory.edu,planetlab3.ucsd.edu,file1KB.txt,2015/09/30 23:47:13,2015/09/30 23:47:19,6555.000000
node2.planetlab.mathcs.emory.edu,planetlab3.ucsd.edu,file256KB.txt,2015/09/30 23:47:19,2015/09/30 23:47:56,36758.000000
node2.planetlab.mathcs.emory.edu,planetlab3.ucsd.edu,file512KB.txt,2015/09/30 23:47:56,2015/09/30 23:49:05,68954.000000
node2.planetlab.mathcs.emory.edu,planetlab3.ucsd.edu,file1MB.txt,2015/09/30 23:49:05,2015/09/30 23:51:18,133278.000000
planetlab5.csee.usf.edu,planetlab3.ucsd.edu,file32B.txt,2015/09/30 23:51:18,2015/09/30 23:51:23,4619.000000
planetlab5.csee.usf.edu,planetlab3.ucsd.edu,file1KB.txt,2015/09/30 23:51:23,2015/09/30 23:51:28,4559.000000
planetlab5.csee.usf.edu,planetlab3.ucsd.edu,file256KB.txt,2015/09/30 23:51:28,2015/09/30 23:52:05,37136.000000
planetlab5.csee.usf.edu,planetlab3.ucsd.edu,file512KB.txt,2015/09/30 23:52:05,2015/09/30 23:53:14,69607.000000
planetlab5.csee.usf.edu,planetlab3.ucsd.edu,file1MB.txt,2015/09/30 23:53:14,2015/09/30 23:55:25,130812.000000
planetlab1.emich.edu,planetlab3.ucsd.edu,file32B.txt,2015/09/30 23:55:25,2015/09/30 23:55:30,4516.000000
planetlab1.emich.edu,planetlab3.ucsd.edu,file1KB.txt,2015/09/30 23:55:30,2015/09/30 23:55:36,6437.000000
planetlab1.emich.edu,planetlab3.ucsd.edu,file256KB.txt,2015/09/30 23:55:36,2015/09/30 23:56:21,44430.000000
planetlab1.emich.edu,planetlab3.ucsd.edu,file512KB.txt,2015/09/30 23:56:21,2015/09/30 23:57:47,86251.000000
planetlab1.emich.edu,planetlab3.ucsd.edu,file1MB.txt,2015/09/30 23:57:47,2015/10/01 00:00:33,165947.000000
ebb.colgate.edu,planetlab3.ucsd.edu,file32B.txt,2015/10/01 00:00:38,2015/10/01 00:00:44,6466.000000
ebb.colgate.edu,planetlab3.ucsd.edu,file1KB.txt,2015/10/01 00:00:44,2015/10/01 00:00:50,6382.000000
ebb.colgate.edu,planetlab3.ucsd.edu,file256KB.txt,2015/10/01 00:00:50,2015/10/01 00:01:41,50064.000000
ebb.colgate.edu,planetlab3.ucsd.edu,file512KB.txt,2015/10/01 00:01:41,2015/10/01 00:03:19,98670.000000
ebb.colgate.edu,planetlab3.ucsd.edu,file1MB.txt,2015/10/01 00:03:19,2015/10/01 00:06:29,189764.000000
kc-sce-plab2.umkc.edu,planetlab3.ucsd.edu,file32B.txt,2015/10/01 00:06:29,2015/10/01 00:06:37,8491.000000
kc-sce-plab2.umkc.edu,planetlab3.ucsd.edu,file1KB.txt,2015/10/01 00:06:37,2015/10/01 00:06:45,7728.000000
kc-sce-plab2.umkc.edu,planetlab3.ucsd.edu,file256KB.txt,2015/10/01 00:06:45,2015/10/01 00:11:38,292370.000000
kc-sce-plab2.umkc.edu,planetlab3.ucsd.edu,file512KB.txt,2015/10/01 00:11:38,2015/10/01 00:14:14,156051.000000
kc-sce-plab2.umkc.edu,planetlab3.ucsd.edu,file1MB.txt,2015/10/01 00:14:14,2015/10/01 00:17:00,166216.000000
node1.planetlab.mathcs.emory.edu,planetlab3.ucsd.edu,file32B.txt,2015/10/01 00:17:00,2015/10/01 00:17:06,6377.000000
node1.planetlab.mathcs.emory.edu,planetlab3.ucsd.edu,file1KB.txt,2015/10/01 00:17:06,2015/10/01 00:17:11,4550.000000
node1.planetlab.mathcs.emory.edu,planetlab3.ucsd.edu,file256KB.txt,2015/10/01 00:17:11,2015/10/01 00:17:48,36852.000000
node1.planetlab.mathcs.emory.edu,planetlab3.ucsd.edu,file512KB.txt,2015/10/01 00:17:48,2015/10/01 00:18:57,69158.000000
node1.planetlab.mathcs.emory.edu,planetlab3.ucsd.edu,file1MB.txt,2015/10/01 00:18:57,2015/10/01 00:21:10,133296.000000
pl1.cs.montana.edu,planetlab3.ucsd.edu,file32B.txt,2015/10/01 00:21:10,2015/10/01 00:21:15,4562.000000
pl1.cs.montana.edu,planetlab3.ucsd.edu,file1KB.txt,2015/10/01 00:21:15,2015/10/01 00:21:21,6492.000000
pl1.cs.montana.edu,planetlab3.ucsd.edu,file256KB.txt,2015/10/01 00:21:21,2015/10/01 00:22:03,42324.000000
pl1.cs.montana.edu,planetlab3.ucsd.edu,file512KB.txt,2015/10/01 00:22:03,2015/10/01 00:23:21,77935.000000
pl1.cs.montana.edu,planetlab3.ucsd.edu,file1MB.txt,2015/10/01 00:23:21,2015/10/01 00:25:51,149336.000000
plab3.eece.ksu.edu,planetlab3.ucsd.edu,file32B.txt,2015/10/01 00:26:17,2015/10/01 00:26:23,6660.000000
plab3.eece.ksu.edu,planetlab3.ucsd.edu,file1KB.txt,2015/10/01 00:26:23,2015/10/01 00:26:28,4604.000000
plab3.eece.ksu.edu,planetlab3.ucsd.edu,file256KB.txt,2015/10/01 00:26:28,2015/10/01 00:27:01,32634.000000
plab3.eece.ksu.edu,planetlab3.ucsd.edu,file512KB.txt,2015/10/01 00:27:01,2015/10/01 00:28:03,62512.000000
plab3.eece.ksu.edu,planetlab3.ucsd.edu,file1MB.txt,2015/10/01 00:28:03,2015/10/01 00:30:01,118292.000000
planet3.cc.gt.atl.ga.us,planetlab3.ucsd.edu,file32B.txt,2015/10/01 00:30:01,2015/10/01 00:30:06,4558.000000
planet3.cc.gt.atl.ga.us,planetlab3.ucsd.edu,file1KB.txt,2015/10/01 00:30:06,2015/10/01 00:30:12,6554.000000
planet3.cc.gt.atl.ga.us,planetlab3.ucsd.edu,file256KB.txt,2015/10/01 00:30:12,2015/10/01 00:30:48,35110.000000
planet3.cc.gt.atl.ga.us,planetlab3.ucsd.edu,file512KB.txt,2015/10/01 00:30:48,2015/10/01 00:31:57,69257.000000
planet3.cc.gt.atl.ga.us,planetlab3.ucsd.edu,file1MB.txt,2015/10/01 00:31:57,2015/10/01 00:34:09,131996.000000
planetlab-02.bu.edu,planetlab3.ucsd.edu,file32B.txt,2015/10/01 00:34:14,2015/10/01 00:34:20,6444.000000
planetlab-02.bu.edu,planetlab3.ucsd.edu,file1KB.txt,2015/10/01 00:34:20,2015/10/01 00:34:25,4358.000000
planetlab-02.bu.edu,planetlab3.ucsd.edu,file256KB.txt,2015/10/01 00:34:25,2015/10/01 00:35:17,52379.000000
planetlab-02.bu.edu,planetlab3.ucsd.edu,file512KB.txt,2015/10/01 00:35:17,2015/10/01 00:36:55,98343.000000
planetlab-02.bu.edu,planetlab3.ucsd.edu,file1MB.txt,2015/10/01 00:36:55,2015/10/01 00:40:05,189918.000000
planetlab1.clemson.edu,planetlab3.ucsd.edu,file32B.txt,2015/10/01 00:40:36,2015/10/01 00:40:41,4605.000000
planetlab1.clemson.edu,planetlab3.ucsd.edu,file1KB.txt,2015/10/01 00:40:41,2015/10/01 00:40:47,6540.000000
planetlab1.clemson.edu,planetlab3.ucsd.edu,file256KB.txt,2015/10/01 00:40:47,2015/10/01 00:41:25,37784.000000
planetlab1.clemson.edu,planetlab3.ucsd.edu,file512KB.txt,2015/10/01 00:41:25,2015/10/01 00:42:36,70872.000000
planetlab1.clemson.edu,planetlab3.ucsd.edu,file1MB.txt,2015/10/01 00:42:36,2015/10/01 00:44:53,136989.000000
planetlab1.cs.du.edu,planetlab3.ucsd.edu,file32B.txt,2015/10/01 00:45:03,2015/10/01 00:45:09,6652.000000
planetlab1.cs.du.edu,planetlab3.ucsd.edu,file1KB.txt,2015/10/01 00:45:09,2015/10/01 00:45:14,4526.000000
planetlab1.cs.du.edu,planetlab3.ucsd.edu,file256KB.txt,2015/10/01 00:45:14,2015/10/01 00:45:47,32825.000000
planetlab1.cs.du.edu,planetlab3.ucsd.edu,file512KB.txt,2015/10/01 00:45:47,2015/10/01 00:46:48,60823.000000
planetlab1.cs.du.edu,planetlab3.ucsd.edu,file1MB.txt,2015/10/01 00:46:48,2015/10/01 00:48:46,118667.000000
planetlab-1.cse.ohio-state.edu,planetlab3.ucsd.edu,file32B.txt,2015/10/01 00:48:51,2015/10/01 00:48:57,5634.000000
planetlab-1.cse.ohio-state.edu,planetlab3.ucsd.edu,file1KB.txt,2015/10/01 00:48:57,2015/10/01 00:49:04,6729.000000
planetlab-1.cse.ohio-state.edu,planetlab3.ucsd.edu,file256KB.txt,2015/10/01 00:49:04,2015/10/01 00:55:53,-409009.000000
planetlab-1.cse.ohio-state.edu,planetlab3.ucsd.edu,file512KB.txt,2015/10/01 00:55:53,2015/10/01 01:13:40,1067294.000000
planetlab-1.cse.ohio-state.edu,planetlab3.ucsd.edu,file1MB.txt,2015/10/01 01:13:40,2015/10/01 01:42:07,1707354.000000
planetlab1.cs.okstate.edu,planetlab3.ucsd.edu,file32B.txt,2015/10/01 01:42:07,2015/10/01 01:42:12,4611.000000
planetlab1.cs.okstate.edu,planetlab3.ucsd.edu,file1KB.txt,2015/10/01 01:42:12,2015/10/01 01:42:18,6600.000000
planetlab1.cs.okstate.edu,planetlab3.ucsd.edu,file256KB.txt,2015/10/01 01:42:18,2015/10/01 01:42:52,33896.000000
planetlab1.cs.okstate.edu,planetlab3.ucsd.edu,file512KB.txt,2015/10/01 01:42:52,2015/10/01 01:43:54,61478.000000
planetlab1.cs.okstate.edu,planetlab3.ucsd.edu,file1MB.txt,2015/10/01 01:43:54,2015/10/01 01:45:51,117221.000000
planetlab1.cs.ucla.edu,planetlab3.ucsd.edu,file32B.txt,2015/10/01 01:45:51,2015/10/01 01:45:56,4963.000000
planetlab1.cs.ucla.edu,planetlab3.ucsd.edu,file1KB.txt,2015/10/01 01:45:56,2015/10/01 01:46:01,4786.000000
planetlab1.cs.ucla.edu,planetlab3.ucsd.edu,file256KB.txt,2015/10/01 01:46:01,2015/10/01 01:46:09,8455.000000
planetlab1.cs.ucla.edu,planetlab3.ucsd.edu,file512KB.txt,2015/10/01 01:46:09,2015/10/01 01:46:22,12326.000000
planetlab1.cs.ucla.edu,planetlab3.ucsd.edu,file1MB.txt,2015/10/01 01:46:22,2015/10/01 01:46:37,15215.000000
planetlab1.csuohio.edu,planetlab3.ucsd.edu,file32B.txt,2015/10/01 01:46:37,2015/10/01 01:46:43,6470.000000
planetlab1.csuohio.edu,planetlab3.ucsd.edu,file1KB.txt,2015/10/01 01:46:43,2015/10/01 01:46:48,4417.000000
planetlab1.csuohio.edu,planetlab3.ucsd.edu,file256KB.txt,2015/10/01 01:46:48,2015/10/01 01:47:35,47169.000000
planetlab1.csuohio.edu,planetlab3.ucsd.edu,file512KB.txt,2015/10/01 01:47:35,2015/10/01 01:49:05,90213.000000
planetlab1.csuohio.edu,planetlab3.ucsd.edu,file1MB.txt,2015/10/01 01:49:05,2015/10/01 01:51:58,172579.000000
planetlab1.emich.edu,planetlab3.ucsd.edu,file32B.txt,2015/10/01 01:51:58,2015/10/01 01:52:04,6519.000000
planetlab1.emich.edu,planetlab3.ucsd.edu,file1KB.txt,2015/10/01 01:52:04,2015/10/01 01:52:09,4441.000000
planetlab1.emich.edu,planetlab3.ucsd.edu,file256KB.txt,2015/10/01 01:52:09,2015/10/01 01:52:55,46447.000000
planetlab1.emich.edu,planetlab3.ucsd.edu,file512KB.txt,2015/10/01 01:52:55,2015/10/01 01:54:21,86038.000000
planetlab1.emich.edu,planetlab3.ucsd.edu,file1MB.txt,2015/10/01 01:54:21,2015/10/01 01:57:07,165994.000000
planetlab1.ucsd.edu,planetlab3.ucsd.edu,file32B.txt,2015/10/01 01:57:33,2015/10/01 01:57:38,4981.000000
planetlab1.ucsd.edu,planetlab3.ucsd.edu,file1KB.txt,2015/10/01 01:57:38,2015/10/01 01:57:43,4985.000000
planetlab1.ucsd.edu,planetlab3.ucsd.edu,file256KB.txt,2015/10/01 01:57:43,2015/10/01 01:57:49,6349.000000
planetlab1.ucsd.edu,planetlab3.ucsd.edu,file512KB.txt,2015/10/01 01:57:49,2015/10/01 01:57:55,5750.000000
planetlab1.ucsd.edu,planetlab3.ucsd.edu,file1MB.txt,2015/10/01 01:57:55,2015/10/01 01:58:02,6433.000000
planetlab2.acis.ufl.edu,planetlab3.ucsd.edu,file32B.txt,2015/10/01 01:58:02,2015/10/01 01:58:08,6624.000000
planetlab2.acis.ufl.edu,planetlab3.ucsd.edu,file1KB.txt,2015/10/01 01:58:08,2015/10/01 01:58:13,4567.000000
planetlab2.acis.ufl.edu,planetlab3.ucsd.edu,file256KB.txt,2015/10/01 01:58:13,2015/10/01 01:58:50,37533.000000
planetlab2.acis.ufl.edu,planetlab3.ucsd.edu,file512KB.txt,2015/10/01 01:58:50,2015/10/01 01:59:57,66394.000000
planetlab2.acis.ufl.edu,planetlab3.ucsd.edu,file1MB.txt,2015/10/01 01:59:57,2015/10/01 02:02:08,131390.000000
planetlab2.arizona-gigapop.net,planetlab3.ucsd.edu,file32B.txt,2015/10/01 02:02:08,2015/10/01 02:02:13,4891.000000
planetlab2.arizona-gigapop.net,planetlab3.ucsd.edu,file1KB.txt,2015/10/01 02:02:13,2015/10/01 02:02:18,4872.000000
planetlab2.arizona-gigapop.net,planetlab3.ucsd.edu,file256KB.txt,2015/10/01 02:02:18,2015/10/01 02:02:38,20153.000000
planetlab2.arizona-gigapop.net,planetlab3.ucsd.edu,file512KB.txt,2015/10/01 02:02:38,2015/10/01 02:03:04,26112.000000
planetlab2.arizona-gigapop.net,planetlab3.ucsd.edu,file1MB.txt,2015/10/01 02:03:04,2015/10/01 02:03:42,37683.000000
planetlab2.citadel.edu,planetlab3.ucsd.edu,file32B.txt,2015/10/01 02:03:42,2015/10/01 02:03:48,6307.000000
planetlab2.cs.pitt.edu,planetlab3.ucsd.edu,file32B.txt,2015/10/01 02:04:19,2015/10/01 02:04:25,5951.000000
planetlab2.cs.pitt.edu,planetlab3.ucsd.edu,file1KB.txt,2015/10/01 02:04:25,2015/10/01 02:04:31,6429.000000
planetlab2.cs.pitt.edu,planetlab3.ucsd.edu,file256KB.txt,2015/10/01 02:04:31,2015/10/01 02:05:19,47424.000000
planetlab2.cs.pitt.edu,planetlab3.ucsd.edu,file512KB.txt,2015/10/01 02:05:19,2015/10/01 02:06:52,-93458.000000
planetlab2.cs.pitt.edu,planetlab3.ucsd.edu,file1MB.txt,2015/10/01 02:06:52,2015/10/01 02:09:46,174495.000000
planetlab2.cs.purdue.edu,planetlab3.ucsd.edu,file32B.txt,2015/10/01 02:09:46,2015/10/01 02:09:51,4423.000000
planetlab2.cs.purdue.edu,planetlab3.ucsd.edu,file1KB.txt,2015/10/01 02:09:51,2015/10/01 02:09:57,6386.000000
planetlab2.cs.purdue.edu,planetlab3.ucsd.edu,file256KB.txt,2015/10/01 02:09:57,2015/10/01 02:10:47,49834.000000
planetlab2.cs.purdue.edu,planetlab3.ucsd.edu,file512KB.txt,2015/10/01 02:10:47,2015/10/01 02:12:25,97568.000000
planetlab2.cs.purdue.edu,planetlab3.ucsd.edu,file1MB.txt,2015/10/01 02:12:25,2015/10/01 02:15:24,178919.000000
planetlab2.cs.uml.edu,planetlab3.ucsd.edu,file32B.txt,2015/10/01 02:16:17,2015/10/01 02:16:22,4351.000000
planetlab2.cs.uml.edu,planetlab3.ucsd.edu,file1KB.txt,2015/10/01 02:16:22,2015/10/01 02:16:28,6354.000000
planetlab2.cs.uml.edu,planetlab3.ucsd.edu,file256KB.txt,2015/10/01 02:16:28,2015/10/01 02:17:20,51871.000000
planetlab2.cs.uml.edu,planetlab3.ucsd.edu,file512KB.txt,2015/10/01 02:17:20,2015/10/01 02:19:00,99532.000000
planetlab2.cs.uml.edu,planetlab3.ucsd.edu,file1MB.txt,2015/10/01 02:19:00,2015/10/01 02:22:35,215741.000000
planetlab2.cs.unc.edu,planetlab3.ucsd.edu,file32B.txt,2015/10/01 02:22:35,2015/10/01 02:22:40,4446.000000
planetlab2.cs.unc.edu,planetlab3.ucsd.edu,file1KB.txt,2015/10/01 02:22:40,2015/10/01 02:22:46,6439.000000
planetlab2.cs.unc.edu,planetlab3.ucsd.edu,file256KB.txt,2015/10/01 02:22:46,2015/10/01 02:23:32,46159.000000
planetlab2.cs.unc.edu,planetlab3.ucsd.edu,file512KB.txt,2015/10/01 02:23:32,2015/10/01 02:25:00,87176.000000
planetlab2.cs.unc.edu,planetlab3.ucsd.edu,file1MB.txt,2015/10/01 02:25:00,2015/10/01 02:27:57,177268.000000
planetlab2.cs.uoregon.edu,planetlab3.ucsd.edu,file32B.txt,2015/10/01 02:27:57,2015/10/01 02:28:02,4799.000000
planetlab2.cs.uoregon.edu,planetlab3.ucsd.edu,file1KB.txt,2015/10/01 02:28:02,2015/10/01 02:28:08,6788.000000
planetlab2.cs.uoregon.edu,planetlab3.ucsd.edu,file256KB.txt,2015/10/01 02:28:08,2015/10/01 02:28:27,18369.000000
planetlab2.cs.uoregon.edu,planetlab3.ucsd.edu,file512KB.txt,2015/10/01 02:28:27,2015/10/01 02:29:01,34047.000000
planetlab2.cs.uoregon.edu,planetlab3.ucsd.edu,file1MB.txt,2015/10/01 02:29:01,2015/10/01 02:30:04,62767.000000
planetlab2.temple.edu,planetlab3.ucsd.edu,file32B.txt,2015/10/01 02:30:04,2015/10/01 02:30:10,6411.000000
planetlab2.temple.edu,planetlab3.ucsd.edu,file1KB.txt,2015/10/01 02:30:10,2015/10/01 02:30:16,6181.000000
planetlab2.temple.edu,planetlab3.ucsd.edu,file256KB.txt,2015/10/01 02:30:16,2015/10/01 02:31:18,61815.000000
planetlab2.temple.edu,planetlab3.ucsd.edu,file512KB.txt,2015/10/01 02:31:18,2015/10/01 02:33:16,118296.000000
planetlab2.temple.edu,planetlab3.ucsd.edu,file1MB.txt,2015/10/01 02:33:16,2015/10/01 02:36:54,217376.000000
planetlab2.unl.edu,planetlab3.ucsd.edu,file32B.txt,2015/10/01 02:36:54,2015/10/01 02:37:00,6570.000000
planetlab2.unl.edu,planetlab3.ucsd.edu,file1KB.txt,2015/10/01 02:37:00,2015/10/01 02:37:05,4514.000000
planetlab2.unl.edu,planetlab3.ucsd.edu,file256KB.txt,2015/10/01 02:37:05,2015/10/01 02:37:45,39934.000000
planetlab2.unl.edu,planetlab3.ucsd.edu,file512KB.txt,2015/10/01 02:37:45,2015/10/01 02:39:06,81340.000000
planetlab2.unl.edu,planetlab3.ucsd.edu,file1MB.txt,2015/10/01 02:39:06,2015/10/01 02:41:07,121145.000000
planetlab2.unr.edu,planetlab3.ucsd.edu,file32B.txt,2015/10/01 02:41:07,2015/10/01 02:41:12,4745.000000
planetlab2.unr.edu,planetlab3.ucsd.edu,file1KB.txt,2015/10/01 02:41:12,2015/10/01 02:41:18,6343.000000
planetlab2.unr.edu,planetlab3.ucsd.edu,file256KB.txt,2015/10/01 02:41:18,2015/10/01 02:41:36,17266.000000
planetlab2.unr.edu,planetlab3.ucsd.edu,file512KB.txt,2015/10/01 02:41:36,2015/10/01 02:42:09,33696.000000
planetlab2.unr.edu,planetlab3.ucsd.edu,file1MB.txt,2015/10/01 02:42:09,2015/10/01 02:43:21,72081.000000
planetlab2.uta.edu,planetlab3.ucsd.edu,file32B.txt,2015/10/01 02:43:21,2015/10/01 02:43:26,4262.000000
planetlab2.uta.edu,planetlab3.ucsd.edu,file1KB.txt,2015/10/01 02:43:26,2015/10/01 02:43:32,6429.000000
planetlab2.uta.edu,planetlab3.ucsd.edu,file256KB.txt,2015/10/01 02:43:32,2015/10/01 02:44:13,41200.000000
planetlab2.uta.edu,planetlab3.ucsd.edu,file512KB.txt,2015/10/01 02:44:13,2015/10/01 02:45:35,81729.000000
planetlab2.uta.edu,planetlab3.ucsd.edu,file1MB.txt,2015/10/01 02:45:35,2015/10/01 02:48:01,146425.000000
planetlab2.utdallas.edu,planetlab3.ucsd.edu,file32B.txt,2015/10/01 02:48:01,2015/10/01 02:48:06,4712.000000
planetlab2.utdallas.edu,planetlab3.ucsd.edu,file1KB.txt,2015/10/01 02:48:06,2015/10/01 02:48:11,4687.000000
planetlab2.utdallas.edu,planetlab3.ucsd.edu,file256KB.txt,2015/10/01 02:48:11,2015/10/01 02:48:41,30594.000000
planetlab2.utdallas.edu,planetlab3.ucsd.edu,file512KB.txt,2015/10/01 02:48:41,2015/10/01 02:49:26,45094.000000
planetlab2.utdallas.edu,planetlab3.ucsd.edu,file1MB.txt,2015/10/01 02:49:26,2015/10/01 02:51:00,93754.000000
planetlab3.eecs.umich.edu,planetlab3.ucsd.edu,file32B.txt,2015/10/01 02:51:00,2015/10/01 02:51:05,4444.000000
planetlab3.eecs.umich.edu,planetlab3.ucsd.edu,file1KB.txt,2015/10/01 02:51:05,2015/10/01 02:51:11,6512.000000
planetlab3.eecs.umich.edu,planetlab3.ucsd.edu,file256KB.txt,2015/10/01 02:51:11,2015/10/01 02:51:51,39665.000000
planetlab3.eecs.umich.edu,planetlab3.ucsd.edu,file512KB.txt,2015/10/01 02:51:51,2015/10/01 02:53:06,74984.000000
planetlab3.eecs.umich.edu,planetlab3.ucsd.edu,file1MB.txt,2015/10/01 02:53:06,2015/10/01 02:55:31,145207.000000
planetlab3.rutgers.edu,planetlab3.ucsd.edu,file32B.txt,2015/10/01 02:55:31,2015/10/01 02:55:37,6374.000000
planetlab3.rutgers.edu,planetlab3.ucsd.edu,file1KB.txt,2015/10/01 02:55:37,2015/10/01 02:55:42,4436.000000
planetlab3.rutgers.edu,planetlab3.ucsd.edu,file256KB.txt,2015/10/01 02:55:42,2015/10/01 02:56:29,47661.000000
planetlab3.rutgers.edu,planetlab3.ucsd.edu,file512KB.txt,2015/10/01 02:56:29,2015/10/01 02:57:56,86854.000000
planetlab3.rutgers.edu,planetlab3.ucsd.edu,file1MB.txt,2015/10/01 02:57:56,2015/10/01 03:00:44,167517.000000
planetlab3.wail.wisc.edu,planetlab3.ucsd.edu,file32B.txt,2015/10/01 03:00:44,2015/10/01 03:00:50,6348.000000
planetlab3.wail.wisc.edu,planetlab3.ucsd.edu,file1KB.txt,2015/10/01 03:00:50,2015/10/01 03:00:55,4423.000000
planetlab3.wail.wisc.edu,planetlab3.ucsd.edu,file256KB.txt,2015/10/01 03:00:55,2015/10/01 03:01:50,55757.000000
planetlab3.wail.wisc.edu,planetlab3.ucsd.edu,file512KB.txt,2015/10/01 03:01:50,2015/10/01 03:03:17,86258.000000
planetlab3.wail.wisc.edu,planetlab3.ucsd.edu,file1MB.txt,2015/10/01 03:03:17,2015/10/01 03:06:08,171771.000000
planetlab4.tamu.edu,planetlab3.ucsd.edu,file32B.txt,2015/10/01 03:06:08,2015/10/01 03:06:13,4657.000000
planetlab4.tamu.edu,planetlab3.ucsd.edu,file1KB.txt,2015/10/01 03:06:13,2015/10/01 03:06:18,4689.000000
planetlab4.tamu.edu,planetlab3.ucsd.edu,file256KB.txt,2015/10/01 03:06:18,2015/10/01 03:06:47,29317.000000
planetlab4.tamu.edu,planetlab3.ucsd.edu,file512KB.txt,2015/10/01 03:06:47,2015/10/01 03:07:36,49317.000000
planetlab4.tamu.edu,planetlab3.ucsd.edu,file1MB.txt,2015/10/01 03:07:36,2015/10/01 03:09:08,91799.000000
planetlab-5.eecs.cwru.edu,planetlab3.ucsd.edu,file32B.txt,2015/10/01 03:09:08,2015/10/01 03:09:13,4364.000000
planetlab-5.eecs.cwru.edu,planetlab3.ucsd.edu,file1KB.txt,2015/10/01 03:09:13,2015/10/01 03:09:19,6432.000000
planetlab-5.eecs.cwru.edu,planetlab3.ucsd.edu,file256KB.txt,2015/10/01 03:09:19,2015/10/01 03:10:06,47470.000000
planetlab-5.eecs.cwru.edu,planetlab3.ucsd.edu,file512KB.txt,2015/10/01 03:10:06,2015/10/01 03:11:32,85770.000000
planetlab-5.eecs.cwru.edu,planetlab3.ucsd.edu,file1MB.txt,2015/10/01 03:11:32,2015/10/01 03:14:19,166897.000000
planetlabone.ccs.neu.edu,planetlab3.ucsd.edu,file32B.txt,2015/10/01 03:14:19,2015/10/01 03:14:25,6329.000000
planetlabone.ccs.neu.edu,planetlab3.ucsd.edu,file1KB.txt,2015/10/01 03:14:25,2015/10/01 03:14:30,4379.000000
planetlabone.ccs.neu.edu,planetlab3.ucsd.edu,file256KB.txt,2015/10/01 03:14:30,2015/10/01 03:15:22,51994.000000
planetlabone.ccs.neu.edu,planetlab3.ucsd.edu,file512KB.txt,2015/10/01 03:15:22,2015/10/01 03:17:12,110550.000000
planetlabone.ccs.neu.edu,planetlab3.ucsd.edu,file1MB.txt,2015/10/01 03:17:12,2015/10/01 03:21:16,-243233.000000
pl-node-0.csl.sri.com,planetlab3.ucsd.edu,file32B.txt,2015/10/01 03:21:16,2015/10/01 03:21:22,6709.000000
pl-node-0.csl.sri.com,planetlab3.ucsd.edu,file1KB.txt,2015/10/01 03:21:22,2015/10/01 03:21:27,4883.000000
pl-node-0.csl.sri.com,planetlab3.ucsd.edu,file256KB.txt,2015/10/01 03:21:27,2015/10/01 03:21:40,12336.000000
pl-node-0.csl.sri.com,planetlab3.ucsd.edu,file512KB.txt,2015/10/01 03:21:40,2015/10/01 03:22:03,23304.000000
pl-node-0.csl.sri.com,planetlab3.ucsd.edu,file1MB.txt,2015/10/01 03:22:03,2015/10/01 03:22:43,39732.000000
ricepl-5.cs.rice.edu,planetlab3.ucsd.edu,file32B.txt,2015/10/01 03:22:49,2015/10/01 03:22:54,4716.000000
ricepl-5.cs.rice.edu,planetlab3.ucsd.edu,file1KB.txt,2015/10/01 03:22:54,2015/10/01 03:22:59,4722.000000
ricepl-5.cs.rice.edu,planetlab3.ucsd.edu,file256KB.txt,2015/10/01 03:22:59,2015/10/01 03:23:24,25518.000000
ricepl-5.cs.rice.edu,planetlab3.ucsd.edu,file512KB.txt,2015/10/01 03:23:24,2015/10/01 03:24:07,42110.000000
ricepl-5.cs.rice.edu,planetlab3.ucsd.edu,file1MB.txt,2015/10/01 03:24:07,2015/10/01 03:25:30,83281.000000
salt.planetlab.cs.umd.edu,planetlab3.ucsd.edu,file32B.txt,2015/10/01 03:25:30,2015/10/01 03:25:36,6108.000000
salt.planetlab.cs.umd.edu,planetlab3.ucsd.edu,file1KB.txt,2015/10/01 03:25:36,2015/10/01 03:25:42,6457.000000
salt.planetlab.cs.umd.edu,planetlab3.ucsd.edu,file256KB.txt,2015/10/01 03:25:42,2015/10/01 03:26:26,43948.000000
salt.planetlab.cs.umd.edu,planetlab3.ucsd.edu,file512KB.txt,2015/10/01 03:26:26,2015/10/01 03:27:48,81275.000000
salt.planetlab.cs.umd.edu,planetlab3.ucsd.edu,file1MB.txt,2015/10/01 03:27:48,2015/10/01 03:30:28,159894.000000
pl1.eecs.utk.edu,planetlab3.ucsd.edu,file32B.txt,2015/10/01 03:30:34,2015/10/01 03:30:39,4314.000000
pl1.eecs.utk.edu,planetlab3.ucsd.edu,file1KB.txt,2015/10/01 03:30:39,2015/10/01 03:30:45,6369.000000
pl1.eecs.utk.edu,planetlab3.ucsd.edu,file256KB.txt,2015/10/01 03:30:45,2015/10/01 03:31:35,49553.000000
pl1.eecs.utk.edu,planetlab3.ucsd.edu,file512KB.txt,2015/10/01 03:31:35,2015/10/01 03:33:15,100231.000000
pl1.eecs.utk.edu,planetlab3.ucsd.edu,file1MB.txt,2015/10/01 03:33:15,2015/10/01 03:36:27,192392.000000
planetlab-01.vt.nodes.planet-lab.org,planetlab3.ucsd.edu,file32B.txt,2015/10/01 03:36:27,2015/10/01 03:36:32,4416.000000
planetlab-01.vt.nodes.planet-lab.org,planetlab3.ucsd.edu,file1KB.txt,2015/10/01 03:36:32,2015/10/01 03:36:38,6384.000000
planetlab-01.vt.nodes.planet-lab.org,planetlab3.ucsd.edu,file256KB.txt,2015/10/01 03:36:38,2015/10/01 03:37:24,46402.000000
planetlab-01.vt.nodes.planet-lab.org,planetlab3.ucsd.edu,file512KB.txt,2015/10/01 03:37:24,2015/10/01 03:38:52,88091.000000
planetlab-01.vt.nodes.planet-lab.org,planetlab3.ucsd.edu,file1MB.txt,2015/10/01 03:38:52,2015/10/01 03:41:40,167843.000000
planetlab-04.vt.nodes.planet-lab.org,planetlab3.ucsd.edu,file32B.txt,2015/10/01 03:41:40,2015/10/01 03:41:45,4419.000000
planetlab-04.vt.nodes.planet-lab.org,planetlab3.ucsd.edu,file1KB.txt,2015/10/01 03:41:45,2015/10/01 03:41:51,6432.000000
planetlab-04.vt.nodes.planet-lab.org,planetlab3.ucsd.edu,file256KB.txt,2015/10/01 03:41:51,2015/10/01 03:42:37,46048.000000
planetlab-04.vt.nodes.planet-lab.org,planetlab3.ucsd.edu,file512KB.txt,2015/10/01 03:42:37,2015/10/01 03:44:02,84882.000000
planetlab-04.vt.nodes.planet-lab.org,planetlab3.ucsd.edu,file1MB.txt,2015/10/01 03:44:02,2015/10/01 03:46:48,166190.000000
planetlab-4.eecs.cwru.edu,planetlab3.ucsd.edu,file32B.txt,2015/10/01 03:46:48,2015/10/01 03:46:53,4441.000000
planetlab-4.eecs.cwru.edu,planetlab3.ucsd.edu,file1KB.txt,2015/10/01 03:46:53,2015/10/01 03:46:59,6438.000000
planetlab-4.eecs.cwru.edu,planetlab3.ucsd.edu,file256KB.txt,2015/10/01 03:46:59,2015/10/01 03:47:45,46148.000000
planetlab-4.eecs.cwru.edu,planetlab3.ucsd.edu,file512KB.txt,2015/10/01 03:47:45,2015/10/01 03:49:11,85667.000000
planetlab-4.eecs.cwru.edu,planetlab3.ucsd.edu,file1MB.txt,2015/10/01 03:49:11,2015/10/01 03:51:58,166878.000000
planetlab01.cs.washington.edu,planetlab3.ucsd.edu,file32B.txt,2015/10/01 03:51:58,2015/10/01 03:52:03,4780.000000
planetlab01.cs.washington.edu,planetlab3.ucsd.edu,file1KB.txt,2015/10/01 03:52:03,2015/10/01 03:52:09,6783.000000
planetlab01.cs.washington.edu,planetlab3.ucsd.edu,file256KB.txt,2015/10/01 03:52:09,2015/10/01 03:52:29,20062.000000
planetlab01.cs.washington.edu,planetlab3.ucsd.edu,file512KB.txt,2015/10/01 03:52:29,2015/10/01 03:53:03,33146.000000
planetlab01.cs.washington.edu,planetlab3.ucsd.edu,file1MB.txt,2015/10/01 03:53:03,2015/10/01 03:54:08,65280.000000
planetlab02.cs.washington.edu,planetlab3.ucsd.edu,file32B.txt,2015/10/01 03:54:08,2015/10/01 03:54:13,4710.000000
planetlab02.cs.washington.edu,planetlab3.ucsd.edu,file1KB.txt,2015/10/01 03:54:13,2015/10/01 03:54:19,6779.000000
planetlab02.cs.washington.edu,planetlab3.ucsd.edu,file256KB.txt,2015/10/01 03:54:19,2015/10/01 03:54:39,19686.000000
planetlab02.cs.washington.edu,planetlab3.ucsd.edu,file512KB.txt,2015/10/01 03:54:39,2015/10/01 03:55:15,36145.000000
planetlab02.cs.washington.edu,planetlab3.ucsd.edu,file1MB.txt,2015/10/01 03:55:15,2015/10/01 03:56:22,66477.000000
planetlab1.arizona-gigapop.net,planetlab3.ucsd.edu,file32B.txt,2015/10/01 03:56:22,2015/10/01 03:56:27,4876.000000
planetlab1.arizona-gigapop.net,planetlab3.ucsd.edu,file1KB.txt,2015/10/01 03:56:27,2015/10/01 03:56:33,6875.000000
planetlab1.arizona-gigapop.net,planetlab3.ucsd.edu,file256KB.txt,2015/10/01 03:56:33,2015/10/01 03:56:46,12613.000000
planetlab1.arizona-gigapop.net,planetlab3.ucsd.edu,file512KB.txt,2015/10/01 03:56:46,2015/10/01 03:57:08,22326.000000
planetlab1.arizona-gigapop.net,planetlab3.ucsd.edu,file1MB.txt,2015/10/01 03:57:08,2015/10/01 03:57:46,37816.000000
planetlab1.cs.unc.edu,planetlab3.ucsd.edu,file32B.txt,2015/10/01 03:57:46,2015/10/01 03:57:51,4450.000000
planetlab1.cs.unc.edu,planetlab3.ucsd.edu,file1KB.txt,2015/10/01 03:57:51,2015/10/01 03:57:57,6419.000000
planetlab1.cs.unc.edu,planetlab3.ucsd.edu,file256KB.txt,2015/10/01 03:57:57,2015/10/01 03:58:42,44487.000000
planetlab1.cs.unc.edu,planetlab3.ucsd.edu,file512KB.txt,2015/10/01 03:58:42,2015/10/01 04:00:08,85936.000000
planetlab1.cs.unc.edu,planetlab3.ucsd.edu,file1MB.txt,2015/10/01 04:00:08,2015/10/01 04:02:55,167742.000000
planet3.cc.gt.atl.ga.us,planetlab3.ucsd.edu,file32B.txt,2015/10/01 04:03:00,2015/10/01 04:03:05,4553.000000
planet3.cc.gt.atl.ga.us,planetlab3.ucsd.edu,file1KB.txt,2015/10/01 04:03:05,2015/10/01 04:03:11,6556.000000
planet3.cc.gt.atl.ga.us,planetlab3.ucsd.edu,file256KB.txt,2015/10/01 04:03:11,2015/10/01 04:03:48,37016.000000
planet3.cc.gt.atl.ga.us,planetlab3.ucsd.edu,file512KB.txt,2015/10/01 04:03:48,2015/10/01 04:04:56,67438.000000
planet3.cc.gt.atl.ga.us,planetlab3.ucsd.edu,file1MB.txt,2015/10/01 04:04:56,2015/10/01 04:07:08,131849.000000
