planetlab1.unr.edu,planetlab2.citadel.edu,file32B.txt,2015/09/30 21:08:14,2015/09/30 21:08:14,572.000000
planetlab1.unr.edu,planetlab2.citadel.edu,file1KB.txt,2015/09/30 21:08:14,2015/09/30 21:08:15,1500.000000
planetlab1.unr.edu,planetlab2.citadel.edu,file256KB.txt,2015/09/30 21:08:15,2015/09/30 21:08:51,35579.000000
planetlab1.unr.edu,planetlab2.citadel.edu,file512KB.txt,2015/09/30 21:08:51,2015/09/30 21:10:04,73572.000000
planetlab1.unr.edu,planetlab2.citadel.edu,file1MB.txt,2015/09/30 21:10:04,2015/09/30 21:12:29,145052.000000
pl2.cs.unm.edu,planetlab2.citadel.edu,file32B.txt,2015/09/30 21:12:29,2015/09/30 21:12:29,500.000000
pl2.cs.unm.edu,planetlab2.citadel.edu,file1KB.txt,2015/09/30 21:12:29,2015/09/30 21:12:30,1565.000000
pl2.cs.unm.edu,planetlab2.citadel.edu,file256KB.txt,2015/09/30 21:12:30,2015/09/30 21:13:01,30492.000000
pl2.cs.unm.edu,planetlab2.citadel.edu,file512KB.txt,2015/09/30 21:13:01,2015/09/30 21:14:04,63176.000000
pl2.cs.unm.edu,planetlab2.citadel.edu,file1MB.txt,2015/09/30 21:14:04,2015/09/30 21:16:10,126429.000000
planetlab2.cnis.nyit.edu,planetlab2.citadel.edu,file32B.txt,2015/09/30 21:16:10,2015/09/30 21:16:10,338.000000
planetlab2.cnis.nyit.edu,planetlab2.citadel.edu,file1KB.txt,2015/09/30 21:16:10,2015/09/30 21:16:10,336.000000
planetlab2.cnis.nyit.edu,planetlab2.citadel.edu,file256KB.txt,2015/09/30 21:16:10,2015/09/30 21:16:35,25614.000000
planetlab2.cnis.nyit.edu,planetlab2.citadel.edu,file512KB.txt,2015/09/30 21:16:35,2015/09/30 21:17:23,47297.000000
planetlab2.cnis.nyit.edu,planetlab2.citadel.edu,file1MB.txt,2015/09/30 21:17:23,2015/09/30 21:19:00,97145.000000
planetlab2.rutgers.edu,planetlab2.citadel.edu,file32B.txt,2015/09/30 21:19:00,2015/09/30 21:19:05,5305.000000
planetlab2.rutgers.edu,planetlab2.citadel.edu,file1KB.txt,2015/09/30 21:19:05,2015/09/30 21:19:11,6161.000000
planetlab2.rutgers.edu,planetlab2.citadel.edu,file256KB.txt,2015/09/30 21:19:11,2015/09/30 21:32:22,-790265.000000
planetlab2.rutgers.edu,planetlab2.citadel.edu,file512KB.txt,2015/09/30 21:32:22,2015/09/30 22:19:07,-1489351.000000
planetlab2.rutgers.edu,planetlab2.citadel.edu,file1MB.txt,2015/09/30 22:19:07,2015/09/30 23:24:38,364001.000000
planetlab2.cs.du.edu,planetlab2.citadel.edu,file32B.txt,2015/09/30 23:24:38,2015/09/30 23:24:38,410.000000
planetlab2.cs.du.edu,planetlab2.citadel.edu,file1KB.txt,2015/09/30 23:24:38,2015/09/30 23:24:39,1602.000000
planetlab2.cs.du.edu,planetlab2.citadel.edu,file256KB.txt,2015/09/30 23:24:39,2015/09/30 23:25:07,28000.000000
planetlab2.cs.du.edu,planetlab2.citadel.edu,file512KB.txt,2015/09/30 23:25:07,2015/09/30 23:26:02,55059.000000
planetlab2.cs.du.edu,planetlab2.citadel.edu,file1MB.txt,2015/09/30 23:26:02,2015/09/30 23:28:01,118857.000000
planetlab2.ucsd.edu,planetlab2.citadel.edu,file32B.txt,2015/09/30 23:28:01,2015/09/30 23:28:01,584.000000
planetlab2.ucsd.edu,planetlab2.citadel.edu,file1KB.txt,2015/09/30 23:28:01,2015/09/30 23:28:02,1490.000000
planetlab2.ucsd.edu,planetlab2.citadel.edu,file256KB.txt,2015/09/30 23:28:02,2015/09/30 23:28:39,37148.000000
planetlab2.ucsd.edu,planetlab2.citadel.edu,file512KB.txt,2015/09/30 23:28:39,2015/09/30 23:29:53,74244.000000
planetlab2.ucsd.edu,planetlab2.citadel.edu,file1MB.txt,2015/09/30 23:29:53,2015/09/30 23:32:20,147054.000000
planetlab3.cs.uoregon.edu,planetlab2.citadel.edu,file32B.txt,2015/09/30 23:32:20,2015/09/30 23:32:20,638.000000
planetlab3.cs.uoregon.edu,planetlab2.citadel.edu,file1KB.txt,2015/09/30 23:32:20,2015/09/30 23:32:21,1403.000000
planetlab3.cs.uoregon.edu,planetlab2.citadel.edu,file256KB.txt,2015/09/30 23:32:21,2015/09/30 23:33:04,42436.000000
planetlab3.cs.uoregon.edu,planetlab2.citadel.edu,file512KB.txt,2015/09/30 23:33:04,2015/09/30 23:34:32,88503.000000
planetlab3.cs.uoregon.edu,planetlab2.citadel.edu,file1MB.txt,2015/09/30 23:34:32,2015/09/30 23:37:25,173265.000000
planetlab-01.bu.edu,planetlab2.citadel.edu,file32B.txt,2015/09/30 23:37:25,2015/09/30 23:37:25,443.000000
planetlab-01.bu.edu,planetlab2.citadel.edu,file1KB.txt,2015/09/30 23:37:25,2015/09/30 23:37:26,1203.000000
planetlab-01.bu.edu,planetlab2.citadel.edu,file256KB.txt,2015/09/30 23:37:26,2015/09/30 23:37:57,30355.000000
planetlab-01.bu.edu,planetlab2.citadel.edu,file512KB.txt,2015/09/30 23:37:57,2015/09/30 23:39:01,64732.000000
planetlab-01.bu.edu,planetlab2.citadel.edu,file1MB.txt,2015/09/30 23:39:01,2015/09/30 23:41:09,128167.000000
planetlab4.cnds.jhu.edu,planetlab2.citadel.edu,file32B.txt,2015/09/30 23:41:09,2015/09/30 23:41:09,266.000000
planetlab4.cnds.jhu.edu,planetlab2.citadel.edu,file1KB.txt,2015/09/30 23:41:09,2015/09/30 23:41:09,204.000000
planetlab4.cnds.jhu.edu,planetlab2.citadel.edu,file256KB.txt,2015/09/30 23:41:09,2015/09/30 23:41:24,15134.000000
planetlab4.cnds.jhu.edu,planetlab2.citadel.edu,file512KB.txt,2015/09/30 23:41:24,2015/09/30 23:41:53,28447.000000
planetlab4.cnds.jhu.edu,planetlab2.citadel.edu,file1MB.txt,2015/09/30 23:41:53,2015/09/30 23:42:52,59788.000000
planetlabtwo.ccs.neu.edu,planetlab2.citadel.edu,file32B.txt,2015/09/30 23:42:52,2015/09/30 23:42:52,472.000000
planetlabtwo.ccs.neu.edu,planetlab2.citadel.edu,file1KB.txt,2015/09/30 23:42:52,2015/09/30 23:42:52,380.000000
planetlabtwo.ccs.neu.edu,planetlab2.citadel.edu,file256KB.txt,2015/09/30 23:42:53,2015/09/30 23:43:20,26435.000000
planetlabtwo.ccs.neu.edu,planetlab2.citadel.edu,file512KB.txt,2015/09/30 23:43:20,2015/09/30 23:44:16,-55871.000000
planetlabtwo.ccs.neu.edu,planetlab2.citadel.edu,file1MB.txt,2015/09/30 23:44:16,2015/09/30 23:46:10,114711.000000
planetlab1.cs.purdue.edu,planetlab2.citadel.edu,file32B.txt,2015/09/30 23:46:10,2015/09/30 23:46:16,5839.000000
planetlab1.cs.purdue.edu,planetlab2.citadel.edu,file1KB.txt,2015/09/30 23:46:16,2015/09/30 23:46:21,4482.000000
planetlab1.cs.purdue.edu,planetlab2.citadel.edu,file256KB.txt,2015/09/30 23:46:21,2015/09/30 23:59:43,802311.000000
planetlab1.cs.purdue.edu,planetlab2.citadel.edu,file512KB.txt,2015/09/30 23:59:43,2015/10/01 00:31:04,1880806.000000
planetlab1.cs.purdue.edu,planetlab2.citadel.edu,file1MB.txt,2015/10/01 00:31:04,2015/10/01 01:16:24,1574887.000000
planetlab2.tsuniv.edu,planetlab2.citadel.edu,file32B.txt,2015/10/01 01:16:24,2015/10/01 01:16:27,2798.000000
planetlab2.tsuniv.edu,planetlab2.citadel.edu,file1KB.txt,2015/10/01 01:16:27,2015/10/01 01:16:33,6665.000000
planetlab2.tsuniv.edu,planetlab2.citadel.edu,file256KB.txt,2015/10/01 01:16:33,2015/10/01 01:21:04,270954.000000
planetlab2.tsuniv.edu,planetlab2.citadel.edu,file512KB.txt,2015/10/01 01:21:04,2015/10/01 01:27:40,395336.000000
planetlab2.tsuniv.edu,planetlab2.citadel.edu,file1MB.txt,2015/10/01 01:27:40,2015/10/01 01:35:46,485948.000000
planetlab1.tsuniv.edu,planetlab2.citadel.edu,file32B.txt,2015/10/01 01:35:46,2015/10/01 01:35:58,12748.000000
planetlab1.tsuniv.edu,planetlab2.citadel.edu,file1KB.txt,2015/10/01 01:35:58,2015/10/01 01:36:13,14880.000000
planetlab1.tsuniv.edu,planetlab2.citadel.edu,file256KB.txt,2015/10/01 01:36:13,2015/10/01 01:40:29,256126.000000
planetlab1.tsuniv.edu,planetlab2.citadel.edu,file512KB.txt,2015/10/01 01:40:29,2015/10/01 02:01:33,1263508.000000
planetlab1.tsuniv.edu,planetlab2.citadel.edu,file1MB.txt,2015/10/01 02:01:33,2015/10/01 02:32:41,-1868244.000000
planetlab3.ucsd.edu,planetlab2.citadel.edu,file32B.txt,2015/10/01 02:32:41,2015/10/01 02:32:42,873.000000
planetlab3.ucsd.edu,planetlab2.citadel.edu,file1KB.txt,2015/10/01 02:32:42,2015/10/01 02:32:43,1092.000000
planetlab3.ucsd.edu,planetlab2.citadel.edu,file256KB.txt,2015/10/01 02:32:43,2015/10/01 02:33:56,73304.000000
planetlab3.ucsd.edu,planetlab2.citadel.edu,file512KB.txt,2015/10/01 02:33:56,2015/10/01 02:36:13,136647.000000
planetlab3.ucsd.edu,planetlab2.citadel.edu,file1MB.txt,2015/10/01 02:36:13,2015/10/01 02:41:07,293568.000000
node2.planetlab.mathcs.emory.edu,planetlab2.citadel.edu,file32B.txt,2015/10/01 02:41:08,2015/10/01 02:41:08,568.000000
node2.planetlab.mathcs.emory.edu,planetlab2.citadel.edu,file1KB.txt,2015/10/01 02:41:08,2015/10/01 02:41:09,1504.000000
node2.planetlab.mathcs.emory.edu,planetlab2.citadel.edu,file256KB.txt,2015/10/01 02:41:09,2015/10/01 02:41:48,38676.000000
node2.planetlab.mathcs.emory.edu,planetlab2.citadel.edu,file512KB.txt,2015/10/01 02:41:48,2015/10/01 02:43:05,77257.000000
node2.planetlab.mathcs.emory.edu,planetlab2.citadel.edu,file1MB.txt,2015/10/01 02:43:05,2015/10/01 02:45:21,135955.000000
planetlab5.csee.usf.edu,planetlab2.citadel.edu,file32B.txt,2015/10/01 02:45:21,2015/10/01 02:45:22,1373.000000
planetlab5.csee.usf.edu,planetlab2.citadel.edu,file1KB.txt,2015/10/01 02:45:22,2015/10/01 02:45:22,518.000000
planetlab5.csee.usf.edu,planetlab2.citadel.edu,file256KB.txt,2015/10/01 02:45:22,2015/10/01 02:46:02,40013.000000
planetlab5.csee.usf.edu,planetlab2.citadel.edu,file512KB.txt,2015/10/01 02:46:02,2015/10/01 02:47:23,80755.000000
planetlab5.csee.usf.edu,planetlab2.citadel.edu,file1MB.txt,2015/10/01 02:47:23,2015/10/01 02:50:04,161445.000000
planetlab1.emich.edu,planetlab2.citadel.edu,file32B.txt,2015/10/01 02:50:04,2015/10/01 02:50:05,967.000000
planetlab1.emich.edu,planetlab2.citadel.edu,file1KB.txt,2015/10/01 02:50:05,2015/10/01 02:50:06,1336.000000
planetlab1.emich.edu,planetlab2.citadel.edu,file256KB.txt,2015/10/01 02:50:06,2015/10/01 02:50:55,48944.000000
planetlab1.emich.edu,planetlab2.citadel.edu,file512KB.txt,2015/10/01 02:50:55,2015/10/01 02:52:34,99136.000000
planetlab1.emich.edu,planetlab2.citadel.edu,file1MB.txt,2015/10/01 02:52:34,2015/10/01 02:55:59,204860.000000
ebb.colgate.edu,planetlab2.citadel.edu,file32B.txt,2015/10/01 02:55:59,2015/10/01 02:56:01,2591.000000
ebb.colgate.edu,planetlab2.citadel.edu,file1KB.txt,2015/10/01 02:56:01,2015/10/01 02:56:02,1206.000000
ebb.colgate.edu,planetlab2.citadel.edu,file256KB.txt,2015/10/01 02:56:02,2015/10/01 02:57:24,81500.000000
ebb.colgate.edu,planetlab2.citadel.edu,file512KB.txt,2015/10/01 02:57:24,2015/10/01 03:00:06,162399.000000
ebb.colgate.edu,planetlab2.citadel.edu,file1MB.txt,2015/10/01 03:00:06,2015/10/01 03:05:03,296993.000000
kc-sce-plab2.umkc.edu,planetlab2.citadel.edu,file32B.txt,2015/10/01 03:05:03,2015/10/01 03:05:05,1442.000000
kc-sce-plab2.umkc.edu,planetlab2.citadel.edu,file1KB.txt,2015/10/01 03:05:05,2015/10/01 03:05:11,6753.000000
kc-sce-plab2.umkc.edu,planetlab2.citadel.edu,file256KB.txt,2015/10/01 03:05:11,2015/10/01 03:06:13,61769.000000
kc-sce-plab2.umkc.edu,planetlab2.citadel.edu,file512KB.txt,2015/10/01 03:06:13,2015/10/01 03:08:53,159812.000000
kc-sce-plab2.umkc.edu,planetlab2.citadel.edu,file1MB.txt,2015/10/01 03:08:53,2015/10/01 03:14:52,359392.000000
node1.planetlab.mathcs.emory.edu,planetlab2.citadel.edu,file32B.txt,2015/10/01 03:14:52,2015/10/01 03:14:52,423.000000
node1.planetlab.mathcs.emory.edu,planetlab2.citadel.edu,file1KB.txt,2015/10/01 03:14:52,2015/10/01 03:14:53,1591.000000
node1.planetlab.mathcs.emory.edu,planetlab2.citadel.edu,file256KB.txt,2015/10/01 03:14:53,2015/10/01 03:15:22,28321.000000
node1.planetlab.mathcs.emory.edu,planetlab2.citadel.edu,file512KB.txt,2015/10/01 03:15:22,2015/10/01 03:16:07,44994.000000
node1.planetlab.mathcs.emory.edu,planetlab2.citadel.edu,file1MB.txt,2015/10/01 03:16:07,2015/10/01 03:17:26,79249.000000
pl1.cs.montana.edu,planetlab2.citadel.edu,file32B.txt,2015/10/01 03:17:26,2015/10/01 03:17:27,804.000000
pl1.cs.montana.edu,planetlab2.citadel.edu,file1KB.txt,2015/10/01 03:17:27,2015/10/01 03:17:28,976.000000
pl1.cs.montana.edu,planetlab2.citadel.edu,file256KB.txt,2015/10/01 03:17:28,2015/10/01 03:18:39,-71274.000000
pl1.cs.montana.edu,planetlab2.citadel.edu,file512KB.txt,2015/10/01 03:18:39,2015/10/01 03:21:02,142810.000000
pl1.cs.montana.edu,planetlab2.citadel.edu,file1MB.txt,2015/10/01 03:21:02,2015/10/01 03:25:09,246823.000000
plab3.eece.ksu.edu,planetlab2.citadel.edu,file32B.txt,2015/10/01 03:25:30,2015/10/01 03:25:31,1672.000000
plab3.eece.ksu.edu,planetlab2.citadel.edu,file1KB.txt,2015/10/01 03:25:31,2015/10/01 03:25:31,320.000000
plab3.eece.ksu.edu,planetlab2.citadel.edu,file256KB.txt,2015/10/01 03:25:31,2015/10/01 03:25:55,23488.000000
plab3.eece.ksu.edu,planetlab2.citadel.edu,file512KB.txt,2015/10/01 03:25:55,2015/10/01 03:26:43,48192.000000
plab3.eece.ksu.edu,planetlab2.citadel.edu,file1MB.txt,2015/10/01 03:26:43,2015/10/01 03:28:23,100545.000000
planet3.cc.gt.atl.ga.us,planetlab2.citadel.edu,file32B.txt,2015/10/01 03:28:23,2015/10/01 03:28:23,143.000000
planet3.cc.gt.atl.ga.us,planetlab2.citadel.edu,file1KB.txt,2015/10/01 03:28:23,2015/10/01 03:28:23,96.000000
planet3.cc.gt.atl.ga.us,planetlab2.citadel.edu,file256KB.txt,2015/10/01 03:28:23,2015/10/01 03:28:31,7674.000000
planet3.cc.gt.atl.ga.us,planetlab2.citadel.edu,file512KB.txt,2015/10/01 03:28:31,2015/10/01 03:28:49,18152.000000
planet3.cc.gt.atl.ga.us,planetlab2.citadel.edu,file1MB.txt,2015/10/01 03:28:49,2015/10/01 03:29:17,28380.000000
planetlab-02.bu.edu,planetlab2.citadel.edu,file32B.txt,2015/10/01 03:29:17,2015/10/01 03:29:17,421.000000
planetlab-02.bu.edu,planetlab2.citadel.edu,file1KB.txt,2015/10/01 03:29:17,2015/10/01 03:29:18,1527.000000
planetlab-02.bu.edu,planetlab2.citadel.edu,file256KB.txt,2015/10/01 03:29:18,2015/10/01 03:29:54,35679.000000
planetlab-02.bu.edu,planetlab2.citadel.edu,file512KB.txt,2015/10/01 03:29:54,2015/10/01 03:31:00,65820.000000
planetlab-02.bu.edu,planetlab2.citadel.edu,file1MB.txt,2015/10/01 03:31:00,2015/10/01 03:33:13,133448.000000
planetlab1.clemson.edu,planetlab2.citadel.edu,file32B.txt,2015/10/01 03:33:34,2015/10/01 03:33:34,72.000000
planetlab1.clemson.edu,planetlab2.citadel.edu,file1KB.txt,2015/10/01 03:33:34,2015/10/01 03:33:34,71.000000
planetlab1.clemson.edu,planetlab2.citadel.edu,file256KB.txt,2015/10/01 03:33:34,2015/10/01 03:33:39,5181.000000
planetlab1.clemson.edu,planetlab2.citadel.edu,file512KB.txt,2015/10/01 03:33:39,2015/10/01 03:33:49,10140.000000
planetlab1.clemson.edu,planetlab2.citadel.edu,file1MB.txt,2015/10/01 03:33:49,2015/10/01 03:34:09,19894.000000
planetlab1.cs.du.edu,planetlab2.citadel.edu,file32B.txt,2015/10/01 03:34:09,2015/10/01 03:34:10,1642.000000
planetlab1.cs.du.edu,planetlab2.citadel.edu,file1KB.txt,2015/10/01 03:34:10,2015/10/01 03:34:10,376.000000
planetlab1.cs.du.edu,planetlab2.citadel.edu,file256KB.txt,2015/10/01 03:34:10,2015/10/01 03:34:38,28361.000000
planetlab1.cs.du.edu,planetlab2.citadel.edu,file512KB.txt,2015/10/01 03:34:38,2015/10/01 03:35:33,55214.000000
planetlab1.cs.du.edu,planetlab2.citadel.edu,file1MB.txt,2015/10/01 03:35:33,2015/10/01 03:37:23,109780.000000
planetlab-1.cse.ohio-state.edu,planetlab2.citadel.edu,file32B.txt,2015/10/01 03:37:23,2015/10/01 03:37:27,3562.000000
planetlab1.cs.okstate.edu,planetlab2.citadel.edu,file32B.txt,2015/10/01 03:37:48,2015/10/01 03:37:49,1634.000000
planetlab1.cs.okstate.edu,planetlab2.citadel.edu,file1KB.txt,2015/10/01 03:37:49,2015/10/01 03:37:49,340.000000
planetlab1.cs.okstate.edu,planetlab2.citadel.edu,file256KB.txt,2015/10/01 03:37:49,2015/10/01 03:38:14,24967.000000
planetlab1.cs.okstate.edu,planetlab2.citadel.edu,file512KB.txt,2015/10/01 03:38:14,2015/10/01 03:39:04,50273.000000
planetlab1.cs.okstate.edu,planetlab2.citadel.edu,file1MB.txt,2015/10/01 03:39:04,2015/10/01 03:40:43,98654.000000
planetlab1.cs.ucla.edu,planetlab2.citadel.edu,file32B.txt,2015/10/01 03:40:43,2015/10/01 03:40:44,1506.000000
planetlab1.cs.ucla.edu,planetlab2.citadel.edu,file1KB.txt,2015/10/01 03:40:44,2015/10/01 03:40:44,493.000000
planetlab1.cs.ucla.edu,planetlab2.citadel.edu,file256KB.txt,2015/10/01 03:40:44,2015/10/01 03:41:20,35877.000000
planetlab1.cs.ucla.edu,planetlab2.citadel.edu,file512KB.txt,2015/10/01 03:41:20,2015/10/01 03:42:34,74484.000000
planetlab1.cs.ucla.edu,planetlab2.citadel.edu,file1MB.txt,2015/10/01 03:42:34,2015/10/01 03:44:57,142318.000000
planetlab1.csuohio.edu,planetlab2.citadel.edu,file32B.txt,2015/10/01 03:44:57,2015/10/01 03:44:58,1557.000000
planetlab1.csuohio.edu,planetlab2.citadel.edu,file1KB.txt,2015/10/01 03:44:58,2015/10/01 03:44:58,393.000000
planetlab1.csuohio.edu,planetlab2.citadel.edu,file256KB.txt,2015/10/01 03:44:58,2015/10/01 03:45:29,31315.000000
planetlab1.csuohio.edu,planetlab2.citadel.edu,file512KB.txt,2015/10/01 03:45:29,2015/10/01 03:46:28,58580.000000
planetlab1.csuohio.edu,planetlab2.citadel.edu,file1MB.txt,2015/10/01 03:46:28,2015/10/01 03:48:23,114993.000000
planetlab1.emich.edu,planetlab2.citadel.edu,file32B.txt,2015/10/01 03:48:23,2015/10/01 03:48:24,1763.000000
planetlab1.emich.edu,planetlab2.citadel.edu,file1KB.txt,2015/10/01 03:48:24,2015/10/01 03:48:24,270.000000
planetlab1.emich.edu,planetlab2.citadel.edu,file256KB.txt,2015/10/01 03:48:24,2015/10/01 03:48:43,18416.000000
planetlab1.emich.edu,planetlab2.citadel.edu,file512KB.txt,2015/10/01 03:48:43,2015/10/01 03:49:22,39061.000000
planetlab1.emich.edu,planetlab2.citadel.edu,file1MB.txt,2015/10/01 03:49:22,2015/10/01 03:50:40,78096.000000
planetlab1.ucsd.edu,planetlab2.citadel.edu,file32B.txt,2015/10/01 03:51:01,2015/10/01 03:51:02,1490.000000
planetlab1.ucsd.edu,planetlab2.citadel.edu,file1KB.txt,2015/10/01 03:51:02,2015/10/01 03:51:02,509.000000
planetlab1.ucsd.edu,planetlab2.citadel.edu,file256KB.txt,2015/10/01 03:51:02,2015/10/01 03:51:40,38756.000000
planetlab1.ucsd.edu,planetlab2.citadel.edu,file512KB.txt,2015/10/01 03:51:40,2015/10/01 03:52:54,73843.000000
planetlab1.ucsd.edu,planetlab2.citadel.edu,file1MB.txt,2015/10/01 03:52:54,2015/10/01 03:55:21,146302.000000
planetlab2.acis.ufl.edu,planetlab2.citadel.edu,file32B.txt,2015/10/01 03:55:21,2015/10/01 03:55:22,1784.000000
planetlab2.acis.ufl.edu,planetlab2.citadel.edu,file1KB.txt,2015/10/01 03:55:22,2015/10/01 03:55:22,189.000000
planetlab2.acis.ufl.edu,planetlab2.citadel.edu,file256KB.txt,2015/10/01 03:55:22,2015/10/01 03:55:35,12547.000000
planetlab2.acis.ufl.edu,planetlab2.citadel.edu,file512KB.txt,2015/10/01 03:55:35,2015/10/01 03:56:02,27168.000000
planetlab2.acis.ufl.edu,planetlab2.citadel.edu,file1MB.txt,2015/10/01 03:56:02,2015/10/01 03:56:56,54451.000000
planetlab2.arizona-gigapop.net,planetlab2.citadel.edu,file32B.txt,2015/10/01 03:56:56,2015/10/01 03:56:56,530.000000
planetlab2.arizona-gigapop.net,planetlab2.citadel.edu,file1KB.txt,2015/10/01 03:56:56,2015/10/01 03:56:57,1589.000000
planetlab2.arizona-gigapop.net,planetlab2.citadel.edu,file256KB.txt,2015/10/01 03:56:57,2015/10/01 03:57:26,28106.000000
planetlab2.arizona-gigapop.net,planetlab2.citadel.edu,file512KB.txt,2015/10/01 03:57:26,2015/10/01 03:58:26,60564.000000
planetlab2.arizona-gigapop.net,planetlab2.citadel.edu,file1MB.txt,2015/10/01 03:58:26,2015/10/01 04:00:25,119392.000000
planetlab2.citadel.edu,planetlab2.citadel.edu,file32B.txt,2015/10/01 04:00:25,2015/10/01 04:00:25,2.000000
planetlab2.citadel.edu,planetlab2.citadel.edu,file1KB.txt,2015/10/01 04:00:25,2015/10/01 04:00:25,2.000000
planetlab2.citadel.edu,planetlab2.citadel.edu,file256KB.txt,2015/10/01 04:00:25,2015/10/01 04:00:25,31.000000
planetlab2.citadel.edu,planetlab2.citadel.edu,file512KB.txt,2015/10/01 04:00:25,2015/10/01 04:00:25,60.000000
planetlab2.citadel.edu,planetlab2.citadel.edu,file1MB.txt,2015/10/01 04:00:25,2015/10/01 04:00:25,123.000000
planetlab2.cs.pitt.edu,planetlab2.citadel.edu,file32B.txt,2015/10/01 04:00:25,2015/10/01 04:00:25,269.000000
planetlab2.cs.pitt.edu,planetlab2.citadel.edu,file1KB.txt,2015/10/01 04:00:25,2015/10/01 04:00:25,241.000000
planetlab2.cs.pitt.edu,planetlab2.citadel.edu,file256KB.txt,2015/10/01 04:00:25,2015/10/01 04:00:43,18528.000000
planetlab2.cs.pitt.edu,planetlab2.citadel.edu,file512KB.txt,2015/10/01 04:00:43,2015/10/01 04:01:18,35029.000000
planetlab2.cs.pitt.edu,planetlab2.citadel.edu,file1MB.txt,2015/10/01 04:01:18,2015/10/01 04:02:27,68630.000000
planetlab2.cs.purdue.edu,planetlab2.citadel.edu,file32B.txt,2015/10/01 04:02:27,2015/10/01 04:02:28,1342.000000
planetlab2.cs.purdue.edu,planetlab2.citadel.edu,file1KB.txt,2015/10/01 04:02:28,2015/10/01 04:02:29,719.000000
planetlab2.cs.purdue.edu,planetlab2.citadel.edu,file256KB.txt,2015/10/01 04:02:29,2015/10/01 04:03:50,81007.000000
planetlab2.cs.purdue.edu,planetlab2.citadel.edu,file512KB.txt,2015/10/01 04:03:50,2015/10/01 04:05:48,118516.000000
planetlab2.cs.purdue.edu,planetlab2.citadel.edu,file1MB.txt,2015/10/01 04:05:48,2015/10/01 04:08:46,177814.000000
planetlab2.cs.uml.edu,planetlab2.citadel.edu,file32B.txt,2015/10/01 04:09:28,2015/10/01 04:09:29,1539.000000
planetlab2.cs.uml.edu,planetlab2.citadel.edu,file1KB.txt,2015/10/01 04:09:29,2015/10/01 04:09:29,400.000000
planetlab2.cs.uml.edu,planetlab2.citadel.edu,file256KB.txt,2015/10/01 04:09:29,2015/10/01 04:09:58,28849.000000
planetlab2.cs.uml.edu,planetlab2.citadel.edu,file512KB.txt,2015/10/01 04:09:58,2015/10/01 04:10:57,59248.000000
planetlab2.cs.uml.edu,planetlab2.citadel.edu,file1MB.txt,2015/10/01 04:10:57,2015/10/01 04:12:54,116787.000000
planetlab2.cs.unc.edu,planetlab2.citadel.edu,file32B.txt,2015/10/01 04:12:54,2015/10/01 04:12:54,210.000000
planetlab2.cs.unc.edu,planetlab2.citadel.edu,file1KB.txt,2015/10/01 04:12:54,2015/10/01 04:12:55,1795.000000
planetlab2.cs.unc.edu,planetlab2.citadel.edu,file256KB.txt,2015/10/01 04:12:55,2015/10/01 04:13:07,11229.000000
planetlab2.cs.unc.edu,planetlab2.citadel.edu,file512KB.txt,2015/10/01 04:13:07,2015/10/01 04:13:33,26448.000000
planetlab2.cs.unc.edu,planetlab2.citadel.edu,file1MB.txt,2015/10/01 04:13:33,2015/10/01 04:14:23,49999.000000
planetlab2.cs.uoregon.edu,planetlab2.citadel.edu,file32B.txt,2015/10/01 04:14:23,2015/10/01 04:14:24,1409.000000
planetlab2.cs.uoregon.edu,planetlab2.citadel.edu,file1KB.txt,2015/10/01 04:14:24,2015/10/01 04:14:24,587.000000
planetlab2.cs.uoregon.edu,planetlab2.citadel.edu,file256KB.txt,2015/10/01 04:14:24,2015/10/01 04:15:07,42971.000000
planetlab2.cs.uoregon.edu,planetlab2.citadel.edu,file512KB.txt,2015/10/01 04:15:07,2015/10/01 04:16:33,86437.000000
planetlab2.cs.uoregon.edu,planetlab2.citadel.edu,file1MB.txt,2015/10/01 04:16:33,2015/10/01 04:19:24,171059.000000
planetlab2.temple.edu,planetlab2.citadel.edu,file32B.txt,2015/10/01 04:19:24,2015/10/01 04:19:24,326.000000
planetlab2.temple.edu,planetlab2.citadel.edu,file1KB.txt,2015/10/01 04:19:24,2015/10/01 04:19:24,210.000000
planetlab2.temple.edu,planetlab2.citadel.edu,file256KB.txt,2015/10/01 04:19:24,2015/10/01 04:19:40,16455.000000
planetlab2.temple.edu,planetlab2.citadel.edu,file512KB.txt,2015/10/01 04:19:40,2015/10/01 04:20:11,31050.000000
