planetlab1.unr.edu,planetlab2.cs.uoregon.edu,file32B.txt,2015/09/30 21:12:39,2015/09/30 21:12:39,211.000000
planetlab1.unr.edu,planetlab2.cs.uoregon.edu,file1KB.txt,2015/09/30 21:12:39,2015/09/30 21:12:39,209.000000
planetlab1.unr.edu,planetlab2.cs.uoregon.edu,file256KB.txt,2015/09/30 21:12:39,2015/09/30 21:12:55,16594.000000
planetlab1.unr.edu,planetlab2.cs.uoregon.edu,file512KB.txt,2015/09/30 21:12:55,2015/09/30 21:13:26,31241.000000
planetlab1.unr.edu,planetlab2.cs.uoregon.edu,file1MB.txt,2015/09/30 21:13:26,2015/09/30 21:14:27,60828.000000
pl2.cs.unm.edu,planetlab2.cs.uoregon.edu,file32B.txt,2015/09/30 21:14:27,2015/09/30 21:14:27,593.000000
pl2.cs.unm.edu,planetlab2.cs.uoregon.edu,file1KB.txt,2015/09/30 21:14:27,2015/09/30 21:14:28,1392.000000
pl2.cs.unm.edu,planetlab2.cs.uoregon.edu,file256KB.txt,2015/09/30 21:14:28,2015/09/30 21:15:12,44081.000000
pl2.cs.unm.edu,planetlab2.cs.uoregon.edu,file512KB.txt,2015/09/30 21:15:12,2015/09/30 21:16:39,86416.000000
pl2.cs.unm.edu,planetlab2.cs.uoregon.edu,file1MB.txt,2015/09/30 21:16:39,2015/09/30 21:19:33,174193.000000
planetlab2.cnis.nyit.edu,planetlab2.cs.uoregon.edu,file32B.txt,2015/09/30 21:19:33,2015/09/30 21:19:34,1377.000000
planetlab2.cnis.nyit.edu,planetlab2.cs.uoregon.edu,file1KB.txt,2015/09/30 21:19:34,2015/09/30 21:19:34,620.000000
planetlab2.cnis.nyit.edu,planetlab2.cs.uoregon.edu,file256KB.txt,2015/09/30 21:19:34,2015/09/30 21:20:20,46489.000000
planetlab2.cnis.nyit.edu,planetlab2.cs.uoregon.edu,file512KB.txt,2015/09/30 21:20:20,2015/09/30 21:21:51,-91283.000000
planetlab2.cnis.nyit.edu,planetlab2.cs.uoregon.edu,file1MB.txt,2015/09/30 21:21:51,2015/09/30 21:24:52,181122.000000
planetlab2.rutgers.edu,planetlab2.cs.uoregon.edu,file32B.txt,2015/09/30 21:24:52,2015/09/30 21:24:59,6174.000000
planetlab2.rutgers.edu,planetlab2.cs.uoregon.edu,file1KB.txt,2015/09/30 21:24:59,2015/09/30 21:25:12,13716.000000
planetlab2.rutgers.edu,planetlab2.cs.uoregon.edu,file256KB.txt,2015/09/30 21:25:12,2015/09/30 21:47:17,1324304.000000
planetlab2.rutgers.edu,planetlab2.cs.uoregon.edu,file512KB.txt,2015/09/30 21:47:17,2015/09/30 22:29:58,-1733516.000000
planetlab2.rutgers.edu,planetlab2.cs.uoregon.edu,file1MB.txt,2015/09/30 22:29:58,2015/09/30 23:25:48,944759.000000
planetlab2.cs.du.edu,planetlab2.cs.uoregon.edu,file32B.txt,2015/09/30 23:25:48,2015/09/30 23:25:48,199.000000
planetlab2.cs.du.edu,planetlab2.cs.uoregon.edu,file1KB.txt,2015/09/30 23:25:48,2015/09/30 23:25:48,230.000000
planetlab2.cs.du.edu,planetlab2.cs.uoregon.edu,file256KB.txt,2015/09/30 23:25:48,2015/09/30 23:26:27,38713.000000
planetlab2.cs.du.edu,planetlab2.cs.uoregon.edu,file512KB.txt,2015/09/30 23:26:27,2015/09/30 23:27:01,34089.000000
planetlab2.cs.du.edu,planetlab2.cs.uoregon.edu,file1MB.txt,2015/09/30 23:27:01,2015/09/30 23:28:11,70376.000000
planetlab2.ucsd.edu,planetlab2.cs.uoregon.edu,file32B.txt,2015/09/30 23:28:11,2015/09/30 23:28:11,164.000000
planetlab2.ucsd.edu,planetlab2.cs.uoregon.edu,file1KB.txt,2015/09/30 23:28:11,2015/09/30 23:28:11,190.000000
planetlab2.ucsd.edu,planetlab2.cs.uoregon.edu,file256KB.txt,2015/09/30 23:28:11,2015/09/30 23:28:25,14091.000000
planetlab2.ucsd.edu,planetlab2.cs.uoregon.edu,file512KB.txt,2015/09/30 23:28:25,2015/09/30 23:28:53,28290.000000
planetlab2.ucsd.edu,planetlab2.cs.uoregon.edu,file1MB.txt,2015/09/30 23:28:53,2015/09/30 23:29:48,54727.000000
planetlab3.cs.uoregon.edu,planetlab2.cs.uoregon.edu,file32B.txt,2015/09/30 23:29:48,2015/09/30 23:29:48,10.000000
planetlab3.cs.uoregon.edu,planetlab2.cs.uoregon.edu,file1KB.txt,2015/09/30 23:29:48,2015/09/30 23:29:48,8.000000
planetlab3.cs.uoregon.edu,planetlab2.cs.uoregon.edu,file256KB.txt,2015/09/30 23:29:48,2015/09/30 23:29:49,1473.000000
planetlab3.cs.uoregon.edu,planetlab2.cs.uoregon.edu,file512KB.txt,2015/09/30 23:29:49,2015/09/30 23:29:50,907.000000
planetlab3.cs.uoregon.edu,planetlab2.cs.uoregon.edu,file1MB.txt,2015/09/30 23:29:50,2015/09/30 23:29:52,1838.000000
planetlab-01.bu.edu,planetlab2.cs.uoregon.edu,file32B.txt,2015/09/30 23:29:52,2015/09/30 23:29:53,1287.000000
planetlab-01.bu.edu,planetlab2.cs.uoregon.edu,file1KB.txt,2015/09/30 23:29:53,2015/09/30 23:29:53,632.000000
planetlab-01.bu.edu,planetlab2.cs.uoregon.edu,file256KB.txt,2015/09/30 23:29:53,2015/09/30 23:30:41,48598.000000
planetlab-01.bu.edu,planetlab2.cs.uoregon.edu,file512KB.txt,2015/09/30 23:30:41,2015/09/30 23:32:15,93571.000000
planetlab-01.bu.edu,planetlab2.cs.uoregon.edu,file1MB.txt,2015/09/30 23:32:15,2015/09/30 23:35:23,188665.000000
planetlab4.cnds.jhu.edu,planetlab2.cs.uoregon.edu,file32B.txt,2015/09/30 23:35:23,2015/09/30 23:35:23,581.000000
planetlab4.cnds.jhu.edu,planetlab2.cs.uoregon.edu,file1KB.txt,2015/09/30 23:35:23,2015/09/30 23:35:24,1322.000000
planetlab4.cnds.jhu.edu,planetlab2.cs.uoregon.edu,file256KB.txt,2015/09/30 23:35:24,2015/09/30 23:36:14,50044.000000
planetlab4.cnds.jhu.edu,planetlab2.cs.uoregon.edu,file512KB.txt,2015/09/30 23:36:14,2015/09/30 23:37:54,99868.000000
planetlab4.cnds.jhu.edu,planetlab2.cs.uoregon.edu,file1MB.txt,2015/09/30 23:37:54,2015/09/30 23:41:12,197575.000000
planetlabtwo.ccs.neu.edu,planetlab2.cs.uoregon.edu,file32B.txt,2015/09/30 23:41:12,2015/09/30 23:41:13,1351.000000
planetlabtwo.ccs.neu.edu,planetlab2.cs.uoregon.edu,file1KB.txt,2015/09/30 23:41:13,2015/09/30 23:41:14,1458.000000
planetlabtwo.ccs.neu.edu,planetlab2.cs.uoregon.edu,file256KB.txt,2015/09/30 23:41:14,2015/09/30 23:41:53,38329.000000
planetlabtwo.ccs.neu.edu,planetlab2.cs.uoregon.edu,file512KB.txt,2015/09/30 23:41:53,2015/09/30 23:43:12,79061.000000
planetlabtwo.ccs.neu.edu,planetlab2.cs.uoregon.edu,file1MB.txt,2015/09/30 23:43:12,2015/09/30 23:45:50,-158435.000000
planetlab1.cs.purdue.edu,planetlab2.cs.uoregon.edu,file32B.txt,2015/09/30 23:45:50,2015/09/30 23:45:57,6990.000000
planetlab1.cs.purdue.edu,planetlab2.cs.uoregon.edu,file1KB.txt,2015/09/30 23:45:57,2015/09/30 23:46:03,6213.000000
planetlab1.cs.purdue.edu,planetlab2.cs.uoregon.edu,file256KB.txt,2015/09/30 23:46:03,2015/09/30 23:58:52,769008.000000
planetlab1.cs.purdue.edu,planetlab2.cs.uoregon.edu,file512KB.txt,2015/09/30 23:58:52,2015/10/01 00:29:51,1858496.000000
planetlab1.cs.purdue.edu,planetlab2.cs.uoregon.edu,file1MB.txt,2015/10/01 00:29:51,2015/10/01 01:16:09,1517039.000000
planetlab2.tsuniv.edu,planetlab2.cs.uoregon.edu,file32B.txt,2015/10/01 01:16:09,2015/10/01 01:16:12,3016.000000
planetlab2.tsuniv.edu,planetlab2.cs.uoregon.edu,file1KB.txt,2015/10/01 01:16:12,2015/10/01 01:16:17,5216.000000
planetlab2.tsuniv.edu,planetlab2.cs.uoregon.edu,file256KB.txt,2015/10/01 01:16:17,2015/10/01 01:20:50,273168.000000
planetlab2.tsuniv.edu,planetlab2.cs.uoregon.edu,file512KB.txt,2015/10/01 01:20:50,2015/10/01 01:26:59,368744.000000
planetlab2.tsuniv.edu,planetlab2.cs.uoregon.edu,file1MB.txt,2015/10/01 01:26:59,2015/10/01 01:34:50,471457.000000
planetlab1.tsuniv.edu,planetlab2.cs.uoregon.edu,file32B.txt,2015/10/01 01:34:50,2015/10/01 01:34:58,7909.000000
planetlab1.tsuniv.edu,planetlab2.cs.uoregon.edu,file1KB.txt,2015/10/01 01:34:58,2015/10/01 01:35:04,5121.000000
planetlab1.tsuniv.edu,planetlab2.cs.uoregon.edu,file256KB.txt,2015/10/01 01:35:04,2015/10/01 01:39:54,290599.000000
planetlab1.tsuniv.edu,planetlab2.cs.uoregon.edu,file512KB.txt,2015/10/01 01:39:54,2015/10/01 01:57:19,1044501.000000
planetlab1.tsuniv.edu,planetlab2.cs.uoregon.edu,file1MB.txt,2015/10/01 01:57:19,2015/10/01 02:29:36,-1936953.000000
planetlab3.ucsd.edu,planetlab2.cs.uoregon.edu,file32B.txt,2015/10/01 02:29:36,2015/10/01 02:29:37,1744.000000
planetlab3.ucsd.edu,planetlab2.cs.uoregon.edu,file1KB.txt,2015/10/01 02:29:37,2015/10/01 02:29:37,526.000000
planetlab3.ucsd.edu,planetlab2.cs.uoregon.edu,file256KB.txt,2015/10/01 02:29:37,2015/10/01 02:29:54,17027.000000
planetlab3.ucsd.edu,planetlab2.cs.uoregon.edu,file512KB.txt,2015/10/01 02:29:54,2015/10/01 02:30:23,28869.000000
planetlab3.ucsd.edu,planetlab2.cs.uoregon.edu,file1MB.txt,2015/10/01 02:30:23,2015/10/01 02:31:21,58492.000000
node2.planetlab.mathcs.emory.edu,planetlab2.cs.uoregon.edu,file32B.txt,2015/10/01 02:31:21,2015/10/01 02:31:22,1561.000000
node2.planetlab.mathcs.emory.edu,planetlab2.cs.uoregon.edu,file1KB.txt,2015/10/01 02:31:22,2015/10/01 02:31:22,525.000000
node2.planetlab.mathcs.emory.edu,planetlab2.cs.uoregon.edu,file256KB.txt,2015/10/01 02:31:22,2015/10/01 02:32:00,38088.000000
node2.planetlab.mathcs.emory.edu,planetlab2.cs.uoregon.edu,file512KB.txt,2015/10/01 02:32:00,2015/10/01 02:33:15,74657.000000
node2.planetlab.mathcs.emory.edu,planetlab2.cs.uoregon.edu,file1MB.txt,2015/10/01 02:33:15,2015/10/01 02:35:46,151559.000000
planetlab5.csee.usf.edu,planetlab2.cs.uoregon.edu,file32B.txt,2015/10/01 02:35:46,2015/10/01 02:35:47,1291.000000
planetlab5.csee.usf.edu,planetlab2.cs.uoregon.edu,file1KB.txt,2015/10/01 02:35:47,2015/10/01 02:35:47,663.000000
planetlab5.csee.usf.edu,planetlab2.cs.uoregon.edu,file256KB.txt,2015/10/01 02:35:47,2015/10/01 02:36:36,49065.000000
planetlab5.csee.usf.edu,planetlab2.cs.uoregon.edu,file512KB.txt,2015/10/01 02:36:36,2015/10/01 02:38:14,98489.000000
planetlab5.csee.usf.edu,planetlab2.cs.uoregon.edu,file1MB.txt,2015/10/01 02:38:14,2015/10/01 02:41:28,193615.000000
planetlab1.emich.edu,planetlab2.cs.uoregon.edu,file32B.txt,2015/10/01 02:41:28,2015/10/01 02:41:29,1494.000000
planetlab1.emich.edu,planetlab2.cs.uoregon.edu,file1KB.txt,2015/10/01 02:41:29,2015/10/01 02:41:29,589.000000
planetlab1.emich.edu,planetlab2.cs.uoregon.edu,file256KB.txt,2015/10/01 02:41:29,2015/10/01 02:42:13,44556.000000
planetlab1.emich.edu,planetlab2.cs.uoregon.edu,file512KB.txt,2015/10/01 02:42:13,2015/10/01 02:43:39,85491.000000
planetlab1.emich.edu,planetlab2.cs.uoregon.edu,file1MB.txt,2015/10/01 02:43:39,2015/10/01 02:46:32,173453.000000
ebb.colgate.edu,planetlab2.cs.uoregon.edu,file32B.txt,2015/10/01 02:46:32,2015/10/01 02:46:33,1157.000000
ebb.colgate.edu,planetlab2.cs.uoregon.edu,file1KB.txt,2015/10/01 02:46:33,2015/10/01 02:46:33,625.000000
ebb.colgate.edu,planetlab2.cs.uoregon.edu,file256KB.txt,2015/10/01 02:46:33,2015/10/01 02:47:23,49994.000000
ebb.colgate.edu,planetlab2.cs.uoregon.edu,file512KB.txt,2015/10/01 02:47:23,2015/10/01 02:49:04,101330.000000
ebb.colgate.edu,planetlab2.cs.uoregon.edu,file1MB.txt,2015/10/01 02:49:04,2015/10/01 02:52:49,224883.000000
kc-sce-plab2.umkc.edu,planetlab2.cs.uoregon.edu,file32B.txt,2015/10/01 02:52:49,2015/10/01 02:52:50,1027.000000
kc-sce-plab2.umkc.edu,planetlab2.cs.uoregon.edu,file1KB.txt,2015/10/01 02:52:50,2015/10/01 02:52:53,3318.000000
kc-sce-plab2.umkc.edu,planetlab2.cs.uoregon.edu,file256KB.txt,2015/10/01 02:52:53,2015/10/01 02:56:12,198147.000000
kc-sce-plab2.umkc.edu,planetlab2.cs.uoregon.edu,file512KB.txt,2015/10/01 02:56:12,2015/10/01 03:02:50,398392.000000
kc-sce-plab2.umkc.edu,planetlab2.cs.uoregon.edu,file1MB.txt,2015/10/01 03:02:50,2015/10/01 03:06:04,194164.000000
node1.planetlab.mathcs.emory.edu,planetlab2.cs.uoregon.edu,file32B.txt,2015/10/01 03:06:04,2015/10/01 03:06:04,438.000000
node1.planetlab.mathcs.emory.edu,planetlab2.cs.uoregon.edu,file1KB.txt,2015/10/01 03:06:04,2015/10/01 03:06:05,1484.000000
node1.planetlab.mathcs.emory.edu,planetlab2.cs.uoregon.edu,file256KB.txt,2015/10/01 03:06:05,2015/10/01 03:06:43,37690.000000
node1.planetlab.mathcs.emory.edu,planetlab2.cs.uoregon.edu,file512KB.txt,2015/10/01 03:06:43,2015/10/01 03:07:59,76358.000000
node1.planetlab.mathcs.emory.edu,planetlab2.cs.uoregon.edu,file1MB.txt,2015/10/01 03:07:59,2015/10/01 03:10:30,151229.000000
pl1.cs.montana.edu,planetlab2.cs.uoregon.edu,file32B.txt,2015/10/01 03:10:30,2015/10/01 03:10:30,451.000000
pl1.cs.montana.edu,planetlab2.cs.uoregon.edu,file1KB.txt,2015/10/01 03:10:30,2015/10/01 03:10:30,342.000000
pl1.cs.montana.edu,planetlab2.cs.uoregon.edu,file256KB.txt,2015/10/01 03:10:30,2015/10/01 03:10:56,26781.000000
pl1.cs.montana.edu,planetlab2.cs.uoregon.edu,file512KB.txt,2015/10/01 03:10:56,2015/10/01 03:11:46,49824.000000
pl1.cs.montana.edu,planetlab2.cs.uoregon.edu,file1MB.txt,2015/10/01 03:11:46,2015/10/01 03:13:26,99862.000000
plab3.eece.ksu.edu,planetlab2.cs.uoregon.edu,file32B.txt,2015/10/01 03:13:47,2015/10/01 03:13:47,279.000000
plab3.eece.ksu.edu,planetlab2.cs.uoregon.edu,file1KB.txt,2015/10/01 03:13:47,2015/10/01 03:13:48,1677.000000
plab3.eece.ksu.edu,planetlab2.cs.uoregon.edu,file256KB.txt,2015/10/01 03:13:48,2015/10/01 03:14:12,24139.000000
plab3.eece.ksu.edu,planetlab2.cs.uoregon.edu,file512KB.txt,2015/10/01 03:14:12,2015/10/01 03:14:59,46494.000000
plab3.eece.ksu.edu,planetlab2.cs.uoregon.edu,file1MB.txt,2015/10/01 03:14:59,2015/10/01 03:16:34,95014.000000
planet3.cc.gt.atl.ga.us,planetlab2.cs.uoregon.edu,file32B.txt,2015/10/01 03:16:34,2015/10/01 03:16:36,2504.000000
planet3.cc.gt.atl.ga.us,planetlab2.cs.uoregon.edu,file1KB.txt,2015/10/01 03:16:36,2015/10/01 03:16:36,508.000000
planet3.cc.gt.atl.ga.us,planetlab2.cs.uoregon.edu,file256KB.txt,2015/10/01 03:16:36,2015/10/01 03:17:14,38147.000000
planet3.cc.gt.atl.ga.us,planetlab2.cs.uoregon.edu,file512KB.txt,2015/10/01 03:17:14,2015/10/01 03:18:29,-74900.000000
planet3.cc.gt.atl.ga.us,planetlab2.cs.uoregon.edu,file1MB.txt,2015/10/01 03:18:29,2015/10/01 03:20:59,150155.000000
planetlab-02.bu.edu,planetlab2.cs.uoregon.edu,file32B.txt,2015/10/01 03:20:59,2015/10/01 03:21:00,1364.000000
planetlab-02.bu.edu,planetlab2.cs.uoregon.edu,file1KB.txt,2015/10/01 03:21:00,2015/10/01 03:21:00,623.000000
planetlab-02.bu.edu,planetlab2.cs.uoregon.edu,file256KB.txt,2015/10/01 03:21:00,2015/10/01 03:21:47,47409.000000
planetlab-02.bu.edu,planetlab2.cs.uoregon.edu,file512KB.txt,2015/10/01 03:21:47,2015/10/01 03:23:21,93754.000000
planetlab-02.bu.edu,planetlab2.cs.uoregon.edu,file1MB.txt,2015/10/01 03:23:21,2015/10/01 03:26:26,184670.000000
planetlab1.clemson.edu,planetlab2.cs.uoregon.edu,file32B.txt,2015/10/01 03:26:48,2015/10/01 03:26:48,497.000000
planetlab1.clemson.edu,planetlab2.cs.uoregon.edu,file1KB.txt,2015/10/01 03:26:48,2015/10/01 03:26:49,1470.000000
planetlab1.clemson.edu,planetlab2.cs.uoregon.edu,file256KB.txt,2015/10/01 03:26:49,2015/10/01 03:27:28,38865.000000
planetlab1.clemson.edu,planetlab2.cs.uoregon.edu,file512KB.txt,2015/10/01 03:27:28,2015/10/01 03:28:45,76417.000000
planetlab1.clemson.edu,planetlab2.cs.uoregon.edu,file1MB.txt,2015/10/01 03:28:45,2015/10/01 03:31:20,155012.000000
planetlab1.cs.du.edu,planetlab2.cs.uoregon.edu,file32B.txt,2015/10/01 03:31:21,2015/10/01 03:31:21,198.000000
planetlab1.cs.du.edu,planetlab2.cs.uoregon.edu,file1KB.txt,2015/10/01 03:31:21,2015/10/01 03:31:21,229.000000
planetlab1.cs.du.edu,planetlab2.cs.uoregon.edu,file256KB.txt,2015/10/01 03:31:21,2015/10/01 03:31:38,17096.000000
planetlab1.cs.du.edu,planetlab2.cs.uoregon.edu,file512KB.txt,2015/10/01 03:31:38,2015/10/01 03:32:12,33826.000000
planetlab1.cs.du.edu,planetlab2.cs.uoregon.edu,file1MB.txt,2015/10/01 03:32:12,2015/10/01 03:33:20,68208.000000
planetlab-1.cse.ohio-state.edu,planetlab2.cs.uoregon.edu,file32B.txt,2015/10/01 03:33:20,2015/10/01 03:33:25,5293.000000
planetlab-1.cse.ohio-state.edu,planetlab2.cs.uoregon.edu,file1KB.txt,2015/10/01 03:33:25,2015/10/01 03:33:33,7701.000000
planetlab-1.cse.ohio-state.edu,planetlab2.cs.uoregon.edu,file256KB.txt,2015/10/01 03:33:33,2015/10/01 03:53:10,1177436.000000
