planetlab1.unr.edu,planetlab01.cs.washington.edu,file32B.txt,2015/09/30 21:13:41,2015/09/30 21:13:41,204.000000
planetlab1.unr.edu,planetlab01.cs.washington.edu,file1KB.txt,2015/09/30 21:13:41,2015/09/30 21:13:41,174.000000
planetlab1.unr.edu,planetlab01.cs.washington.edu,file256KB.txt,2015/09/30 21:13:41,2015/09/30 21:13:54,13296.000000
planetlab1.unr.edu,planetlab01.cs.washington.edu,file512KB.txt,2015/09/30 21:13:54,2015/09/30 21:14:19,24728.000000
planetlab1.unr.edu,planetlab01.cs.washington.edu,file1MB.txt,2015/09/30 21:14:19,2015/09/30 21:15:10,51540.000000
pl2.cs.unm.edu,planetlab01.cs.washington.edu,file32B.txt,2015/09/30 21:15:10,2015/09/30 21:15:10,417.000000
pl2.cs.unm.edu,planetlab01.cs.washington.edu,file1KB.txt,2015/09/30 21:15:10,2015/09/30 21:15:11,1580.000000
pl2.cs.unm.edu,planetlab01.cs.washington.edu,file256KB.txt,2015/09/30 21:15:11,2015/09/30 21:15:41,29712.000000
pl2.cs.unm.edu,planetlab01.cs.washington.edu,file512KB.txt,2015/09/30 21:15:41,2015/09/30 21:16:42,60994.000000
pl2.cs.unm.edu,planetlab01.cs.washington.edu,file1MB.txt,2015/09/30 21:16:42,2015/09/30 21:18:42,119667.000000
planetlab2.cnis.nyit.edu,planetlab01.cs.washington.edu,file32B.txt,2015/09/30 21:18:42,2015/09/30 21:18:43,1417.000000
planetlab2.cnis.nyit.edu,planetlab01.cs.washington.edu,file1KB.txt,2015/09/30 21:18:43,2015/09/30 21:18:43,584.000000
planetlab2.cnis.nyit.edu,planetlab01.cs.washington.edu,file256KB.txt,2015/09/30 21:18:43,2015/09/30 21:19:26,43152.000000
planetlab2.cnis.nyit.edu,planetlab01.cs.washington.edu,file512KB.txt,2015/09/30 21:19:26,2015/09/30 21:20:51,-85008.000000
planetlab2.cnis.nyit.edu,planetlab01.cs.washington.edu,file1MB.txt,2015/09/30 21:20:51,2015/09/30 21:23:42,171117.000000
planetlab2.rutgers.edu,planetlab01.cs.washington.edu,file32B.txt,2015/09/30 21:23:42,2015/09/30 21:23:49,6720.000000
planetlab2.rutgers.edu,planetlab01.cs.washington.edu,file1KB.txt,2015/09/30 21:23:49,2015/09/30 21:23:55,6640.000000
planetlab2.rutgers.edu,planetlab01.cs.washington.edu,file256KB.txt,2015/09/30 21:23:55,2015/09/30 21:41:31,1056329.000000
planetlab2.rutgers.edu,planetlab01.cs.washington.edu,file512KB.txt,2015/09/30 21:41:31,2015/09/30 22:22:55,-1810963.000000
planetlab2.rutgers.edu,planetlab01.cs.washington.edu,file1MB.txt,2015/09/30 22:22:55,2015/09/30 23:21:45,765757.000000
planetlab2.cs.du.edu,planetlab01.cs.washington.edu,file32B.txt,2015/09/30 23:21:45,2015/09/30 23:21:45,173.000000
planetlab2.cs.du.edu,planetlab01.cs.washington.edu,file1KB.txt,2015/09/30 23:21:45,2015/09/30 23:21:46,1805.000000
planetlab2.cs.du.edu,planetlab01.cs.washington.edu,file256KB.txt,2015/09/30 23:21:46,2015/09/30 23:22:00,13750.000000
planetlab2.cs.du.edu,planetlab01.cs.washington.edu,file512KB.txt,2015/09/30 23:22:00,2015/09/30 23:22:28,27628.000000
planetlab2.cs.du.edu,planetlab01.cs.washington.edu,file1MB.txt,2015/09/30 23:22:28,2015/09/30 23:23:25,56827.000000
planetlab2.ucsd.edu,planetlab01.cs.washington.edu,file32B.txt,2015/09/30 23:23:26,2015/09/30 23:23:26,207.000000
planetlab2.ucsd.edu,planetlab01.cs.washington.edu,file1KB.txt,2015/09/30 23:23:26,2015/09/30 23:23:26,202.000000
planetlab2.ucsd.edu,planetlab01.cs.washington.edu,file256KB.txt,2015/09/30 23:23:26,2015/09/30 23:23:41,15292.000000
planetlab2.ucsd.edu,planetlab01.cs.washington.edu,file512KB.txt,2015/09/30 23:23:41,2015/09/30 23:24:10,28746.000000
planetlab2.ucsd.edu,planetlab01.cs.washington.edu,file1MB.txt,2015/09/30 23:24:10,2015/09/30 23:25:08,57517.000000
planetlab3.cs.uoregon.edu,planetlab01.cs.washington.edu,file32B.txt,2015/09/30 23:25:08,2015/09/30 23:25:09,1932.000000
planetlab3.cs.uoregon.edu,planetlab01.cs.washington.edu,file1KB.txt,2015/09/30 23:25:09,2015/09/30 23:25:09,58.000000
planetlab3.cs.uoregon.edu,planetlab01.cs.washington.edu,file256KB.txt,2015/09/30 23:25:09,2015/09/30 23:25:13,3936.000000
planetlab3.cs.uoregon.edu,planetlab01.cs.washington.edu,file512KB.txt,2015/09/30 23:25:13,2015/09/30 23:25:21,7992.000000
planetlab3.cs.uoregon.edu,planetlab01.cs.washington.edu,file1MB.txt,2015/09/30 23:25:21,2015/09/30 23:25:37,15792.000000
planetlab-01.bu.edu,planetlab01.cs.washington.edu,file32B.txt,2015/09/30 23:25:37,2015/09/30 23:25:37,565.000000
planetlab-01.bu.edu,planetlab01.cs.washington.edu,file1KB.txt,2015/09/30 23:25:37,2015/09/30 23:25:38,1431.000000
planetlab-01.bu.edu,planetlab01.cs.washington.edu,file256KB.txt,2015/09/30 23:25:38,2015/09/30 23:26:20,41599.000000
planetlab-01.bu.edu,planetlab01.cs.washington.edu,file512KB.txt,2015/09/30 23:26:20,2015/09/30 23:27:46,86734.000000
planetlab-01.bu.edu,planetlab01.cs.washington.edu,file1MB.txt,2015/09/30 23:27:46,2015/09/30 23:30:34,167546.000000
planetlab4.cnds.jhu.edu,planetlab01.cs.washington.edu,file32B.txt,2015/09/30 23:30:34,2015/09/30 23:30:35,1507.000000
planetlab4.cnds.jhu.edu,planetlab01.cs.washington.edu,file1KB.txt,2015/09/30 23:30:35,2015/09/30 23:30:35,483.000000
planetlab4.cnds.jhu.edu,planetlab01.cs.washington.edu,file256KB.txt,2015/09/30 23:30:35,2015/09/30 23:31:11,36467.000000
planetlab4.cnds.jhu.edu,planetlab01.cs.washington.edu,file512KB.txt,2015/09/30 23:31:11,2015/09/30 23:32:21,69264.000000
planetlab4.cnds.jhu.edu,planetlab01.cs.washington.edu,file1MB.txt,2015/09/30 23:32:21,2015/09/30 23:34:42,140906.000000
planetlabtwo.ccs.neu.edu,planetlab01.cs.washington.edu,file32B.txt,2015/09/30 23:34:42,2015/09/30 23:34:43,1402.000000
planetlabtwo.ccs.neu.edu,planetlab01.cs.washington.edu,file1KB.txt,2015/09/30 23:34:43,2015/09/30 23:34:44,1155.000000
planetlabtwo.ccs.neu.edu,planetlab01.cs.washington.edu,file256KB.txt,2015/09/30 23:34:44,2015/09/30 23:36:08,83731.000000
planetlabtwo.ccs.neu.edu,planetlab01.cs.washington.edu,file512KB.txt,2015/09/30 23:36:08,2015/09/30 23:38:06,118532.000000
planetlabtwo.ccs.neu.edu,planetlab01.cs.washington.edu,file1MB.txt,2015/09/30 23:38:06,2015/09/30 23:40:32,145462.000000
planetlab1.cs.purdue.edu,planetlab01.cs.washington.edu,file32B.txt,2015/09/30 23:40:32,2015/09/30 23:40:34,1867.000000
planetlab1.cs.purdue.edu,planetlab01.cs.washington.edu,file1KB.txt,2015/09/30 23:40:34,2015/09/30 23:40:37,3186.000000
planetlab1.cs.purdue.edu,planetlab01.cs.washington.edu,file256KB.txt,2015/09/30 23:40:37,2015/09/30 23:47:16,-399287.000000
planetlab1.cs.purdue.edu,planetlab01.cs.washington.edu,file512KB.txt,2015/09/30 23:47:16,2015/10/01 00:07:08,1192090.000000
planetlab1.cs.purdue.edu,planetlab01.cs.washington.edu,file1MB.txt,2015/10/01 00:07:08,2015/10/01 00:48:08,-1834903.000000
planetlab2.tsuniv.edu,planetlab01.cs.washington.edu,file32B.txt,2015/10/01 00:48:08,2015/10/01 00:48:09,358.000000
planetlab2.tsuniv.edu,planetlab01.cs.washington.edu,file1KB.txt,2015/10/01 00:48:09,2015/10/01 00:48:12,3640.000000
planetlab2.tsuniv.edu,planetlab01.cs.washington.edu,file256KB.txt,2015/10/01 00:48:12,2015/10/01 00:51:54,222204.000000
planetlab2.tsuniv.edu,planetlab01.cs.washington.edu,file512KB.txt,2015/10/01 00:51:54,2015/10/01 01:02:17,-622272.000000
planetlab2.tsuniv.edu,planetlab01.cs.washington.edu,file1MB.txt,2015/10/01 01:02:17,2015/10/01 01:12:43,626347.000000
planetlab1.tsuniv.edu,planetlab01.cs.washington.edu,file32B.txt,2015/10/01 01:12:43,2015/10/01 01:12:46,2551.000000
planetlab1.tsuniv.edu,planetlab01.cs.washington.edu,file1KB.txt,2015/10/01 01:12:46,2015/10/01 01:12:51,5486.000000
planetlab1.tsuniv.edu,planetlab01.cs.washington.edu,file256KB.txt,2015/10/01 01:12:51,2015/10/01 01:15:11,140331.000000
planetlab1.tsuniv.edu,planetlab01.cs.washington.edu,file512KB.txt,2015/10/01 01:15:11,2015/10/01 01:17:35,143513.000000
planetlab1.tsuniv.edu,planetlab01.cs.washington.edu,file1MB.txt,2015/10/01 01:17:35,2015/10/01 01:20:58,203076.000000
planetlab3.ucsd.edu,planetlab01.cs.washington.edu,file32B.txt,2015/10/01 01:20:58,2015/10/01 01:20:58,207.000000
planetlab3.ucsd.edu,planetlab01.cs.washington.edu,file1KB.txt,2015/10/01 01:20:58,2015/10/01 01:20:58,205.000000
planetlab3.ucsd.edu,planetlab01.cs.washington.edu,file256KB.txt,2015/10/01 01:20:58,2015/10/01 01:21:13,14983.000000
planetlab3.ucsd.edu,planetlab01.cs.washington.edu,file512KB.txt,2015/10/01 01:21:13,2015/10/01 01:21:44,31357.000000
planetlab3.ucsd.edu,planetlab01.cs.washington.edu,file1MB.txt,2015/10/01 01:21:44,2015/10/01 01:22:44,59795.000000
node2.planetlab.mathcs.emory.edu,planetlab01.cs.washington.edu,file32B.txt,2015/10/01 01:22:45,2015/10/01 01:22:45,549.000000
node2.planetlab.mathcs.emory.edu,planetlab01.cs.washington.edu,file1KB.txt,2015/10/01 01:22:45,2015/10/01 01:22:46,1525.000000
node2.planetlab.mathcs.emory.edu,planetlab01.cs.washington.edu,file256KB.txt,2015/10/01 01:22:46,2015/10/01 01:23:21,34783.000000
node2.planetlab.mathcs.emory.edu,planetlab01.cs.washington.edu,file512KB.txt,2015/10/01 01:23:21,2015/10/01 01:24:31,70024.000000
node2.planetlab.mathcs.emory.edu,planetlab01.cs.washington.edu,file1MB.txt,2015/10/01 01:24:31,2015/10/01 01:26:50,138375.000000
planetlab5.csee.usf.edu,planetlab01.cs.washington.edu,file32B.txt,2015/10/01 01:26:50,2015/10/01 01:26:51,1425.000000
planetlab5.csee.usf.edu,planetlab01.cs.washington.edu,file1KB.txt,2015/10/01 01:26:51,2015/10/01 01:26:52,1432.000000
planetlab5.csee.usf.edu,planetlab01.cs.washington.edu,file256KB.txt,2015/10/01 01:26:52,2015/10/01 01:27:33,40265.000000
planetlab5.csee.usf.edu,planetlab01.cs.washington.edu,file512KB.txt,2015/10/01 01:27:33,2015/10/01 01:28:56,82970.000000
planetlab5.csee.usf.edu,planetlab01.cs.washington.edu,file1MB.txt,2015/10/01 01:28:56,2015/10/01 01:31:42,165855.000000
planetlab1.emich.edu,planetlab01.cs.washington.edu,file32B.txt,2015/10/01 01:31:42,2015/10/01 01:31:43,1506.000000
planetlab1.emich.edu,planetlab01.cs.washington.edu,file1KB.txt,2015/10/01 01:31:43,2015/10/01 01:31:43,475.000000
planetlab1.emich.edu,planetlab01.cs.washington.edu,file256KB.txt,2015/10/01 01:31:43,2015/10/01 01:32:18,35041.000000
planetlab1.emich.edu,planetlab01.cs.washington.edu,file512KB.txt,2015/10/01 01:32:18,2015/10/01 01:33:28,70445.000000
planetlab1.emich.edu,planetlab01.cs.washington.edu,file1MB.txt,2015/10/01 01:33:28,2015/10/01 01:35:47,139307.000000
ebb.colgate.edu,planetlab01.cs.washington.edu,file32B.txt,2015/10/01 01:35:47,2015/10/01 01:35:47,574.000000
ebb.colgate.edu,planetlab01.cs.washington.edu,file1KB.txt,2015/10/01 01:35:47,2015/10/01 01:35:48,1438.000000
ebb.colgate.edu,planetlab01.cs.washington.edu,file256KB.txt,2015/10/01 01:35:48,2015/10/01 01:36:33,44608.000000
ebb.colgate.edu,planetlab01.cs.washington.edu,file512KB.txt,2015/10/01 01:36:33,2015/10/01 01:37:59,86539.000000
ebb.colgate.edu,planetlab01.cs.washington.edu,file1MB.txt,2015/10/01 01:37:59,2015/10/01 01:40:49,170133.000000
kc-sce-plab2.umkc.edu,planetlab01.cs.washington.edu,file32B.txt,2015/10/01 01:40:49,2015/10/01 01:40:49,368.000000
kc-sce-plab2.umkc.edu,planetlab01.cs.washington.edu,file1KB.txt,2015/10/01 01:40:49,2015/10/01 01:40:50,1599.000000
kc-sce-plab2.umkc.edu,planetlab01.cs.washington.edu,file256KB.txt,2015/10/01 01:40:50,2015/10/01 01:41:36,45410.000000
kc-sce-plab2.umkc.edu,planetlab01.cs.washington.edu,file512KB.txt,2015/10/01 01:41:36,2015/10/01 01:42:37,61523.000000
kc-sce-plab2.umkc.edu,planetlab01.cs.washington.edu,file1MB.txt,2015/10/01 01:42:37,2015/10/01 01:43:57,79724.000000
node1.planetlab.mathcs.emory.edu,planetlab01.cs.washington.edu,file32B.txt,2015/10/01 01:43:57,2015/10/01 01:43:57,477.000000
node1.planetlab.mathcs.emory.edu,planetlab01.cs.washington.edu,file1KB.txt,2015/10/01 01:43:57,2015/10/01 01:43:58,1499.000000
node1.planetlab.mathcs.emory.edu,planetlab01.cs.washington.edu,file256KB.txt,2015/10/01 01:43:58,2015/10/01 01:44:33,34741.000000
node1.planetlab.mathcs.emory.edu,planetlab01.cs.washington.edu,file512KB.txt,2015/10/01 01:44:33,2015/10/01 01:45:43,70080.000000
node1.planetlab.mathcs.emory.edu,planetlab01.cs.washington.edu,file1MB.txt,2015/10/01 01:45:43,2015/10/01 01:48:03,140049.000000
pl1.cs.montana.edu,planetlab01.cs.washington.edu,file32B.txt,2015/10/01 01:48:03,2015/10/01 01:48:03,296.000000
pl1.cs.montana.edu,planetlab01.cs.washington.edu,file1KB.txt,2015/10/01 01:48:03,2015/10/01 01:48:04,1689.000000
pl1.cs.montana.edu,planetlab01.cs.washington.edu,file256KB.txt,2015/10/01 01:48:04,2015/10/01 01:48:26,21205.000000
pl1.cs.montana.edu,planetlab01.cs.washington.edu,file512KB.txt,2015/10/01 01:48:26,2015/10/01 01:49:11,45644.000000
pl1.cs.montana.edu,planetlab01.cs.washington.edu,file1MB.txt,2015/10/01 01:49:11,2015/10/01 01:50:42,91103.000000
plab3.eece.ksu.edu,planetlab01.cs.washington.edu,file32B.txt,2015/10/01 01:51:03,2015/10/01 01:51:03,343.000000
plab3.eece.ksu.edu,planetlab01.cs.washington.edu,file1KB.txt,2015/10/01 01:51:03,2015/10/01 01:51:03,289.000000
plab3.eece.ksu.edu,planetlab01.cs.washington.edu,file256KB.txt,2015/10/01 01:51:03,2015/10/01 01:51:25,22792.000000
plab3.eece.ksu.edu,planetlab01.cs.washington.edu,file512KB.txt,2015/10/01 01:51:25,2015/10/01 01:52:07,41876.000000
plab3.eece.ksu.edu,planetlab01.cs.washington.edu,file1MB.txt,2015/10/01 01:52:07,2015/10/01 01:53:31,83915.000000
planet3.cc.gt.atl.ga.us,planetlab01.cs.washington.edu,file32B.txt,2015/10/01 01:53:31,2015/10/01 01:53:31,588.000000
planet3.cc.gt.atl.ga.us,planetlab01.cs.washington.edu,file1KB.txt,2015/10/01 01:53:31,2015/10/01 01:53:32,1526.000000
planet3.cc.gt.atl.ga.us,planetlab01.cs.washington.edu,file256KB.txt,2015/10/01 01:53:32,2015/10/01 01:54:07,35093.000000
planet3.cc.gt.atl.ga.us,planetlab01.cs.washington.edu,file512KB.txt,2015/10/01 01:54:07,2015/10/01 01:55:17,69572.000000
planet3.cc.gt.atl.ga.us,planetlab01.cs.washington.edu,file1MB.txt,2015/10/01 01:55:17,2015/10/01 01:57:37,140349.000000
planetlab-02.bu.edu,planetlab01.cs.washington.edu,file32B.txt,2015/10/01 01:57:37,2015/10/01 01:57:38,1434.000000
planetlab-02.bu.edu,planetlab01.cs.washington.edu,file1KB.txt,2015/10/01 01:57:38,2015/10/01 01:57:38,574.000000
planetlab-02.bu.edu,planetlab01.cs.washington.edu,file256KB.txt,2015/10/01 01:57:38,2015/10/01 01:58:21,43165.000000
planetlab-02.bu.edu,planetlab01.cs.washington.edu,file512KB.txt,2015/10/01 01:58:21,2015/10/01 01:59:45,83931.000000
planetlab-02.bu.edu,planetlab01.cs.washington.edu,file1MB.txt,2015/10/01 01:59:45,2015/10/01 02:02:36,171495.000000
planetlab1.clemson.edu,planetlab01.cs.washington.edu,file32B.txt,2015/10/01 02:02:57,2015/10/01 02:02:58,626.000000
planetlab1.clemson.edu,planetlab01.cs.washington.edu,file1KB.txt,2015/10/01 02:02:58,2015/10/01 02:02:59,1505.000000
planetlab1.clemson.edu,planetlab01.cs.washington.edu,file256KB.txt,2015/10/01 02:02:59,2015/10/01 02:03:35,35670.000000
planetlab1.clemson.edu,planetlab01.cs.washington.edu,file512KB.txt,2015/10/01 02:03:35,2015/10/01 02:04:47,71753.000000
planetlab1.clemson.edu,planetlab01.cs.washington.edu,file1MB.txt,2015/10/01 02:04:47,2015/10/01 02:07:11,-143763.000000
planetlab1.cs.du.edu,planetlab01.cs.washington.edu,file32B.txt,2015/10/01 02:07:12,2015/10/01 02:07:12,180.000000
planetlab1.cs.du.edu,planetlab01.cs.washington.edu,file1KB.txt,2015/10/01 02:07:12,2015/10/01 02:07:12,198.000000
planetlab1.cs.du.edu,planetlab01.cs.washington.edu,file256KB.txt,2015/10/01 02:07:12,2015/10/01 02:07:27,15752.000000
planetlab1.cs.du.edu,planetlab01.cs.washington.edu,file512KB.txt,2015/10/01 02:07:27,2015/10/01 02:07:55,27111.000000
planetlab1.cs.du.edu,planetlab01.cs.washington.edu,file1MB.txt,2015/10/01 02:07:55,2015/10/01 02:08:52,57477.000000
planetlab-1.cse.ohio-state.edu,planetlab01.cs.washington.edu,file32B.txt,2015/10/01 02:08:52,2015/10/01 02:08:55,3169.000000
planetlab-1.cse.ohio-state.edu,planetlab01.cs.washington.edu,file1KB.txt,2015/10/01 02:08:55,2015/10/01 02:08:58,2922.000000
planetlab-1.cse.ohio-state.edu,planetlab01.cs.washington.edu,file256KB.txt,2015/10/01 02:08:58,2015/10/01 02:21:25,746745.000000
planetlab-1.cse.ohio-state.edu,planetlab01.cs.washington.edu,file512KB.txt,2015/10/01 02:21:25,2015/10/01 02:53:46,1940998.000000
planetlab-1.cse.ohio-state.edu,planetlab01.cs.washington.edu,file1MB.txt,2015/10/01 02:53:46,2015/10/01 04:11:03,342108.000000
planetlab1.cs.okstate.edu,planetlab01.cs.washington.edu,file32B.txt,2015/10/01 04:11:03,2015/10/01 04:11:04,1685.000000
planetlab1.cs.okstate.edu,planetlab01.cs.washington.edu,file1KB.txt,2015/10/01 04:11:04,2015/10/01 04:11:04,308.000000
planetlab1.cs.okstate.edu,planetlab01.cs.washington.edu,file256KB.txt,2015/10/01 04:11:04,2015/10/01 04:11:27,22944.000000
planetlab1.cs.okstate.edu,planetlab01.cs.washington.edu,file512KB.txt,2015/10/01 04:11:27,2015/10/01 04:12:13,46149.000000
planetlab1.cs.okstate.edu,planetlab01.cs.washington.edu,file1MB.txt,2015/10/01 04:12:13,2015/10/01 04:13:45,92217.000000
planetlab1.cs.ucla.edu,planetlab01.cs.washington.edu,file32B.txt,2015/10/01 04:13:45,2015/10/01 04:13:45,162.000000
planetlab1.cs.ucla.edu,planetlab01.cs.washington.edu,file1KB.txt,2015/10/01 04:13:45,2015/10/01 04:13:45,187.000000
planetlab1.cs.ucla.edu,planetlab01.cs.washington.edu,file256KB.txt,2015/10/01 04:13:45,2015/10/01 04:14:00,15186.000000
planetlab1.cs.ucla.edu,planetlab01.cs.washington.edu,file512KB.txt,2015/10/01 04:14:00,2015/10/01 04:14:28,28099.000000
planetlab1.cs.ucla.edu,planetlab01.cs.washington.edu,file1MB.txt,2015/10/01 04:14:28,2015/10/01 04:15:24,55557.000000
planetlab1.csuohio.edu,planetlab01.cs.washington.edu,file32B.txt,2015/10/01 04:15:24,2015/10/01 04:15:25,1567.000000
planetlab1.csuohio.edu,planetlab01.cs.washington.edu,file1KB.txt,2015/10/01 04:15:25,2015/10/01 04:15:25,411.000000
planetlab1.csuohio.edu,planetlab01.cs.washington.edu,file256KB.txt,2015/10/01 04:15:25,2015/10/01 04:15:56,31130.000000
planetlab1.csuohio.edu,planetlab01.cs.washington.edu,file512KB.txt,2015/10/01 04:15:56,2015/10/01 04:16:58,62047.000000
planetlab1.csuohio.edu,planetlab01.cs.washington.edu,file1MB.txt,2015/10/01 04:16:58,2015/10/01 04:19:03,125304.000000
planetlab1.emich.edu,planetlab01.cs.washington.edu,file32B.txt,2015/10/01 04:19:03,2015/10/01 04:19:03,407.000000
planetlab1.emich.edu,planetlab01.cs.washington.edu,file1KB.txt,2015/10/01 04:19:03,2015/10/01 04:19:03,475.000000
planetlab1.emich.edu,planetlab01.cs.washington.edu,file256KB.txt,2015/10/01 04:19:03,2015/10/01 04:19:38,35142.000000
planetlab1.emich.edu,planetlab01.cs.washington.edu,file512KB.txt,2015/10/01 04:19:38,2015/10/01 04:20:48,70557.000000
