planetlab1.unr.edu,planetlab1.tsuniv.edu,file32B.txt,2015/09/30 20:59:08,2015/09/30 20:59:09,1479.000000
planetlab1.unr.edu,planetlab1.tsuniv.edu,file1KB.txt,2015/09/30 20:59:09,2015/09/30 20:59:09,606.000000
planetlab1.unr.edu,planetlab1.tsuniv.edu,file256KB.txt,2015/09/30 20:59:09,2015/09/30 20:59:54,45241.000000
planetlab1.unr.edu,planetlab1.tsuniv.edu,file512KB.txt,2015/09/30 20:59:54,2015/09/30 21:01:25,90982.000000
planetlab1.unr.edu,planetlab1.tsuniv.edu,file1MB.txt,2015/09/30 21:01:25,2015/09/30 21:04:23,178215.000000
pl2.cs.unm.edu,planetlab1.tsuniv.edu,file32B.txt,2015/09/30 21:04:23,2015/09/30 21:04:23,408.000000
pl2.cs.unm.edu,planetlab1.tsuniv.edu,file1KB.txt,2015/09/30 21:04:23,2015/09/30 21:04:24,1505.000000
pl2.cs.unm.edu,planetlab1.tsuniv.edu,file256KB.txt,2015/09/30 21:04:24,2015/09/30 21:04:59,34912.000000
pl2.cs.unm.edu,planetlab1.tsuniv.edu,file512KB.txt,2015/09/30 21:04:59,2015/09/30 21:06:11,71581.000000
pl2.cs.unm.edu,planetlab1.tsuniv.edu,file1MB.txt,2015/09/30 21:06:11,2015/09/30 21:08:35,144314.000000
planetlab2.cnis.nyit.edu,planetlab1.tsuniv.edu,file32B.txt,2015/09/30 21:08:35,2015/09/30 21:08:35,273.000000
planetlab2.cnis.nyit.edu,planetlab1.tsuniv.edu,file1KB.txt,2015/09/30 21:08:35,2015/09/30 21:08:36,1683.000000
planetlab2.cnis.nyit.edu,planetlab1.tsuniv.edu,file256KB.txt,2015/09/30 21:08:36,2015/09/30 21:08:59,23024.000000
planetlab2.cnis.nyit.edu,planetlab1.tsuniv.edu,file512KB.txt,2015/09/30 21:08:59,2015/09/30 21:09:44,44423.000000
planetlab2.cnis.nyit.edu,planetlab1.tsuniv.edu,file1MB.txt,2015/09/30 21:09:44,2015/09/30 21:11:19,95452.000000
planetlab2.rutgers.edu,planetlab1.tsuniv.edu,file32B.txt,2015/09/30 21:11:19,2015/09/30 21:11:21,1448.000000
planetlab2.rutgers.edu,planetlab1.tsuniv.edu,file1KB.txt,2015/09/30 21:11:21,2015/09/30 21:11:25,3972.000000
planetlab2.rutgers.edu,planetlab1.tsuniv.edu,file256KB.txt,2015/09/30 21:11:25,2015/09/30 21:19:53,508809.000000
planetlab2.rutgers.edu,planetlab1.tsuniv.edu,file512KB.txt,2015/09/30 21:19:53,2015/09/30 21:59:39,1909171.000000
planetlab2.rutgers.edu,planetlab1.tsuniv.edu,file1MB.txt,2015/09/30 21:59:39,2015/09/30 23:12:24,70139.000000
planetlab2.ucsd.edu,planetlab1.tsuniv.edu,file32B.txt,2015/09/30 23:12:24,2015/09/30 23:12:25,1217.000000
planetlab2.ucsd.edu,planetlab1.tsuniv.edu,file1KB.txt,2015/09/30 23:12:25,2015/09/30 23:12:25,617.000000
planetlab2.ucsd.edu,planetlab1.tsuniv.edu,file256KB.txt,2015/09/30 23:12:25,2015/09/30 23:13:11,46333.000000
planetlab2.ucsd.edu,planetlab1.tsuniv.edu,file512KB.txt,2015/09/30 23:13:11,2015/09/30 23:14:42,91029.000000
planetlab2.ucsd.edu,planetlab1.tsuniv.edu,file1MB.txt,2015/09/30 23:14:42,2015/09/30 23:17:43,180827.000000
planetlab3.cs.uoregon.edu,planetlab1.tsuniv.edu,file32B.txt,2015/09/30 23:17:43,2015/09/30 23:17:44,1264.000000
planetlab3.cs.uoregon.edu,planetlab1.tsuniv.edu,file1KB.txt,2015/09/30 23:17:44,2015/09/30 23:17:44,636.000000
planetlab3.cs.uoregon.edu,planetlab1.tsuniv.edu,file256KB.txt,2015/09/30 23:17:44,2015/09/30 23:18:31,47040.000000
planetlab3.cs.uoregon.edu,planetlab1.tsuniv.edu,file512KB.txt,2015/09/30 23:18:31,2015/09/30 23:20:04,92997.000000
planetlab3.cs.uoregon.edu,planetlab1.tsuniv.edu,file1MB.txt,2015/09/30 23:20:04,2015/09/30 23:23:12,188633.000000
planetlab-01.bu.edu,planetlab1.tsuniv.edu,file32B.txt,2015/09/30 23:23:12,2015/09/30 23:23:12,456.000000
planetlab-01.bu.edu,planetlab1.tsuniv.edu,file1KB.txt,2015/09/30 23:23:12,2015/09/30 23:23:13,1611.000000
planetlab-01.bu.edu,planetlab1.tsuniv.edu,file256KB.txt,2015/09/30 23:23:13,2015/09/30 23:23:41,28086.000000
planetlab-01.bu.edu,planetlab1.tsuniv.edu,file512KB.txt,2015/09/30 23:23:41,2015/09/30 23:24:36,54110.000000
planetlab-01.bu.edu,planetlab1.tsuniv.edu,file1MB.txt,2015/09/30 23:24:36,2015/09/30 23:26:27,110910.000000
planetlab4.cnds.jhu.edu,planetlab1.tsuniv.edu,file32B.txt,2015/09/30 23:26:27,2015/09/30 23:26:28,1547.000000
planetlab4.cnds.jhu.edu,planetlab1.tsuniv.edu,file1KB.txt,2015/09/30 23:26:28,2015/09/30 23:26:28,339.000000
planetlab4.cnds.jhu.edu,planetlab1.tsuniv.edu,file256KB.txt,2015/09/30 23:26:28,2015/09/30 23:26:53,25034.000000
planetlab4.cnds.jhu.edu,planetlab1.tsuniv.edu,file512KB.txt,2015/09/30 23:26:53,2015/09/30 23:27:43,50089.000000
planetlab4.cnds.jhu.edu,planetlab1.tsuniv.edu,file1MB.txt,2015/09/30 23:27:43,2015/09/30 23:29:22,98873.000000
planetlabtwo.ccs.neu.edu,planetlab1.tsuniv.edu,file32B.txt,2015/09/30 23:29:22,2015/09/30 23:29:23,1252.000000
planetlabtwo.ccs.neu.edu,planetlab1.tsuniv.edu,file1KB.txt,2015/09/30 23:29:23,2015/09/30 23:29:24,1489.000000
planetlabtwo.ccs.neu.edu,planetlab1.tsuniv.edu,file256KB.txt,2015/09/30 23:29:24,2015/09/30 23:30:15,50145.000000
planetlabtwo.ccs.neu.edu,planetlab1.tsuniv.edu,file512KB.txt,2015/09/30 23:30:15,2015/09/30 23:31:57,102006.000000
planetlabtwo.ccs.neu.edu,planetlab1.tsuniv.edu,file1MB.txt,2015/09/30 23:31:57,2015/09/30 23:38:13,376046.000000
planetlab1.cs.purdue.edu,planetlab1.tsuniv.edu,file32B.txt,2015/09/30 23:38:13,2015/09/30 23:38:18,5248.000000
planetlab1.cs.purdue.edu,planetlab1.tsuniv.edu,file1KB.txt,2015/09/30 23:38:18,2015/09/30 23:38:22,3704.000000
planetlab1.cs.purdue.edu,planetlab1.tsuniv.edu,file256KB.txt,2015/09/30 23:38:22,2015/09/30 23:48:38,-616830.000000
planetlab1.cs.purdue.edu,planetlab1.tsuniv.edu,file512KB.txt,2015/09/30 23:48:38,2015/10/01 00:20:44,1925990.000000
planetlab1.cs.purdue.edu,planetlab1.tsuniv.edu,file1MB.txt,2015/10/01 00:20:44,2015/10/01 01:12:52,1167130.000000
planetlab2.tsuniv.edu,planetlab1.tsuniv.edu,file32B.txt,2015/10/01 01:12:52,2015/10/01 01:12:54,1523.000000
planetlab2.tsuniv.edu,planetlab1.tsuniv.edu,file1KB.txt,2015/10/01 01:12:54,2015/10/01 01:12:55,1705.000000
planetlab2.tsuniv.edu,planetlab1.tsuniv.edu,file256KB.txt,2015/10/01 01:12:55,2015/10/01 01:14:32,96518.000000
planetlab2.tsuniv.edu,planetlab1.tsuniv.edu,file512KB.txt,2015/10/01 01:14:32,2015/10/01 01:21:14,402442.000000
planetlab2.tsuniv.edu,planetlab1.tsuniv.edu,file1MB.txt,2015/10/01 01:21:14,2015/10/01 01:33:19,724145.000000
planetlab1.tsuniv.edu,planetlab1.tsuniv.edu,file32B.txt,2015/10/01 01:33:19,2015/10/01 01:33:19,1.000000
planetlab1.tsuniv.edu,planetlab1.tsuniv.edu,file1KB.txt,2015/10/01 01:33:19,2015/10/01 01:33:19,0.000000
planetlab1.tsuniv.edu,planetlab1.tsuniv.edu,file256KB.txt,2015/10/01 01:33:19,2015/10/01 01:33:19,14.000000
planetlab1.tsuniv.edu,planetlab1.tsuniv.edu,file512KB.txt,2015/10/01 01:33:19,2015/10/01 01:33:19,34.000000
planetlab1.tsuniv.edu,planetlab1.tsuniv.edu,file1MB.txt,2015/10/01 01:33:19,2015/10/01 01:33:20,1931.000000
planetlab3.ucsd.edu,planetlab1.tsuniv.edu,file32B.txt,2015/10/01 01:33:20,2015/10/01 01:33:21,706.000000
planetlab3.ucsd.edu,planetlab1.tsuniv.edu,file1KB.txt,2015/10/01 01:33:21,2015/10/01 01:33:22,1324.000000
planetlab3.ucsd.edu,planetlab1.tsuniv.edu,file256KB.txt,2015/10/01 01:33:22,2015/10/01 01:39:22,359895.000000
planetlab3.ucsd.edu,planetlab1.tsuniv.edu,file512KB.txt,2015/10/01 01:39:22,2015/10/01 01:54:24,901307.000000
planetlab3.ucsd.edu,planetlab1.tsuniv.edu,file1MB.txt,2015/10/01 01:54:24,2015/10/01 02:28:46,-2061850.000000
node2.planetlab.mathcs.emory.edu,planetlab1.tsuniv.edu,file32B.txt,2015/10/01 02:28:49,2015/10/01 02:28:53,4031.000000
node2.planetlab.mathcs.emory.edu,planetlab1.tsuniv.edu,file1KB.txt,2015/10/01 02:28:53,2015/10/01 02:28:56,2978.000000
node2.planetlab.mathcs.emory.edu,planetlab1.tsuniv.edu,file256KB.txt,2015/10/01 02:28:56,2015/10/01 02:31:34,158116.000000
node2.planetlab.mathcs.emory.edu,planetlab1.tsuniv.edu,file512KB.txt,2015/10/01 02:31:34,2015/10/01 02:35:44,250138.000000
node2.planetlab.mathcs.emory.edu,planetlab1.tsuniv.edu,file1MB.txt,2015/10/01 02:35:44,2015/10/01 02:38:00,136220.000000
planetlab5.csee.usf.edu,planetlab1.tsuniv.edu,file32B.txt,2015/10/01 02:38:00,2015/10/01 02:38:00,324.000000
planetlab5.csee.usf.edu,planetlab1.tsuniv.edu,file1KB.txt,2015/10/01 02:38:00,2015/10/01 02:38:00,378.000000
planetlab5.csee.usf.edu,planetlab1.tsuniv.edu,file256KB.txt,2015/10/01 02:38:00,2015/10/01 02:38:29,29867.000000
planetlab5.csee.usf.edu,planetlab1.tsuniv.edu,file512KB.txt,2015/10/01 02:38:29,2015/10/01 02:39:32,62350.000000
planetlab5.csee.usf.edu,planetlab1.tsuniv.edu,file1MB.txt,2015/10/01 02:39:32,2015/10/01 02:41:24,111967.000000
planetlab1.emich.edu,planetlab1.tsuniv.edu,file32B.txt,2015/10/01 02:41:24,2015/10/01 02:41:25,1596.000000
planetlab1.emich.edu,planetlab1.tsuniv.edu,file1KB.txt,2015/10/01 02:41:25,2015/10/01 02:41:25,436.000000
planetlab1.emich.edu,planetlab1.tsuniv.edu,file256KB.txt,2015/10/01 02:41:25,2015/10/01 02:42:02,37225.000000
planetlab1.emich.edu,planetlab1.tsuniv.edu,file512KB.txt,2015/10/01 02:42:02,2015/10/01 02:43:17,74546.000000
planetlab1.emich.edu,planetlab1.tsuniv.edu,file1MB.txt,2015/10/01 02:43:17,2015/10/01 02:45:29,132767.000000
ebb.colgate.edu,planetlab1.tsuniv.edu,file32B.txt,2015/10/01 02:45:29,2015/10/01 02:45:29,343.000000
ebb.colgate.edu,planetlab1.tsuniv.edu,file1KB.txt,2015/10/01 02:45:29,2015/10/01 02:45:29,295.000000
ebb.colgate.edu,planetlab1.tsuniv.edu,file256KB.txt,2015/10/01 02:45:29,2015/10/01 02:46:03,34456.000000
ebb.colgate.edu,planetlab1.tsuniv.edu,file512KB.txt,2015/10/01 02:46:03,2015/10/01 02:47:04,60682.000000
ebb.colgate.edu,planetlab1.tsuniv.edu,file1MB.txt,2015/10/01 02:47:04,2015/10/01 02:48:43,98854.000000
kc-sce-plab2.umkc.edu,planetlab1.tsuniv.edu,file32B.txt,2015/10/01 02:48:43,2015/10/01 02:48:45,2574.000000
kc-sce-plab2.umkc.edu,planetlab1.tsuniv.edu,file1KB.txt,2015/10/01 02:48:45,2015/10/01 02:48:47,1965.000000
kc-sce-plab2.umkc.edu,planetlab1.tsuniv.edu,file256KB.txt,2015/10/01 02:48:47,2015/10/01 02:51:12,144770.000000
kc-sce-plab2.umkc.edu,planetlab1.tsuniv.edu,file512KB.txt,2015/10/01 02:51:12,2015/10/01 02:57:26,373952.000000
kc-sce-plab2.umkc.edu,planetlab1.tsuniv.edu,file1MB.txt,2015/10/01 02:57:26,2015/10/01 03:05:37,490649.000000
node1.planetlab.mathcs.emory.edu,planetlab1.tsuniv.edu,file32B.txt,2015/10/01 03:05:37,2015/10/01 03:05:38,1606.000000
node1.planetlab.mathcs.emory.edu,planetlab1.tsuniv.edu,file1KB.txt,2015/10/01 03:05:38,2015/10/01 03:05:38,457.000000
node1.planetlab.mathcs.emory.edu,planetlab1.tsuniv.edu,file256KB.txt,2015/10/01 03:05:38,2015/10/01 03:06:12,34153.000000
node1.planetlab.mathcs.emory.edu,planetlab1.tsuniv.edu,file512KB.txt,2015/10/01 03:06:12,2015/10/01 03:07:20,68207.000000
node1.planetlab.mathcs.emory.edu,planetlab1.tsuniv.edu,file1MB.txt,2015/10/01 03:07:20,2015/10/01 03:09:35,134862.000000
pl1.cs.montana.edu,planetlab1.tsuniv.edu,file32B.txt,2015/10/01 03:09:35,2015/10/01 03:09:36,1236.000000
pl1.cs.montana.edu,planetlab1.tsuniv.edu,file1KB.txt,2015/10/01 03:09:36,2015/10/01 03:09:37,1108.000000
pl1.cs.montana.edu,planetlab1.tsuniv.edu,file256KB.txt,2015/10/01 03:09:37,2015/10/01 03:10:42,64157.000000
pl1.cs.montana.edu,planetlab1.tsuniv.edu,file512KB.txt,2015/10/01 03:10:42,2015/10/01 03:12:53,131152.000000
pl1.cs.montana.edu,planetlab1.tsuniv.edu,file1MB.txt,2015/10/01 03:12:53,2015/10/01 03:17:14,261049.000000
plab3.eece.ksu.edu,planetlab1.tsuniv.edu,file32B.txt,2015/10/01 03:17:35,2015/10/01 03:17:36,1667.000000
plab3.eece.ksu.edu,planetlab1.tsuniv.edu,file1KB.txt,2015/10/01 03:17:36,2015/10/01 03:17:36,387.000000
plab3.eece.ksu.edu,planetlab1.tsuniv.edu,file256KB.txt,2015/10/01 03:17:36,2015/10/01 03:18:05,29401.000000
plab3.eece.ksu.edu,planetlab1.tsuniv.edu,file512KB.txt,2015/10/01 03:18:05,2015/10/01 03:19:02,-57049.000000
plab3.eece.ksu.edu,planetlab1.tsuniv.edu,file1MB.txt,2015/10/01 03:19:02,2015/10/01 03:20:55,112443.000000
planet3.cc.gt.atl.ga.us,planetlab1.tsuniv.edu,file32B.txt,2015/10/01 03:20:55,2015/10/01 03:20:56,1592.000000
planet3.cc.gt.atl.ga.us,planetlab1.tsuniv.edu,file1KB.txt,2015/10/01 03:20:56,2015/10/01 03:20:56,283.000000
planet3.cc.gt.atl.ga.us,planetlab1.tsuniv.edu,file256KB.txt,2015/10/01 03:20:56,2015/10/01 03:21:17,20988.000000
planet3.cc.gt.atl.ga.us,planetlab1.tsuniv.edu,file512KB.txt,2015/10/01 03:21:17,2015/10/01 03:22:00,43397.000000
planet3.cc.gt.atl.ga.us,planetlab1.tsuniv.edu,file1MB.txt,2015/10/01 03:22:00,2015/10/01 03:23:28,87723.000000
planetlab-02.bu.edu,planetlab1.tsuniv.edu,file32B.txt,2015/10/01 03:23:28,2015/10/01 03:23:29,1401.000000
planetlab-02.bu.edu,planetlab1.tsuniv.edu,file1KB.txt,2015/10/01 03:23:29,2015/10/01 03:23:29,381.000000
planetlab-02.bu.edu,planetlab1.tsuniv.edu,file256KB.txt,2015/10/01 03:23:29,2015/10/01 03:23:57,28195.000000
planetlab-02.bu.edu,planetlab1.tsuniv.edu,file512KB.txt,2015/10/01 03:23:57,2015/10/01 03:24:53,56051.000000
planetlab-02.bu.edu,planetlab1.tsuniv.edu,file1MB.txt,2015/10/01 03:24:53,2015/10/01 03:26:44,110908.000000
planetlab1.clemson.edu,planetlab1.tsuniv.edu,file32B.txt,2015/10/01 03:27:05,2015/10/01 03:27:05,259.000000
planetlab1.clemson.edu,planetlab1.tsuniv.edu,file1KB.txt,2015/10/01 03:27:05,2015/10/01 03:27:06,1696.000000
planetlab1.clemson.edu,planetlab1.tsuniv.edu,file256KB.txt,2015/10/01 03:27:06,2015/10/01 03:27:28,21494.000000
planetlab1.clemson.edu,planetlab1.tsuniv.edu,file512KB.txt,2015/10/01 03:27:28,2015/10/01 03:28:12,43692.000000
planetlab1.clemson.edu,planetlab1.tsuniv.edu,file1MB.txt,2015/10/01 03:28:12,2015/10/01 03:29:41,89409.000000
planetlab1.cs.du.edu,planetlab1.tsuniv.edu,file32B.txt,2015/10/01 03:29:41,2015/10/01 03:29:42,1640.000000
planetlab1.cs.du.edu,planetlab1.tsuniv.edu,file1KB.txt,2015/10/01 03:29:42,2015/10/01 03:29:42,416.000000
planetlab1.cs.du.edu,planetlab1.tsuniv.edu,file256KB.txt,2015/10/01 03:29:42,2015/10/01 03:30:13,31152.000000
planetlab1.cs.du.edu,planetlab1.tsuniv.edu,file512KB.txt,2015/10/01 03:30:13,2015/10/01 03:31:14,60814.000000
planetlab1.cs.du.edu,planetlab1.tsuniv.edu,file1MB.txt,2015/10/01 03:31:14,2015/10/01 03:33:16,122002.000000
planetlab-1.cse.ohio-state.edu,planetlab1.tsuniv.edu,file32B.txt,2015/10/01 03:33:16,2015/10/01 03:33:22,6517.000000
planetlab-1.cse.ohio-state.edu,planetlab1.tsuniv.edu,file1KB.txt,2015/10/01 03:33:22,2015/10/01 03:33:37,14777.000000
planetlab-1.cse.ohio-state.edu,planetlab1.tsuniv.edu,file256KB.txt,2015/10/01 03:33:37,2015/10/01 03:53:20,1183160.000000
