planetlab1.unr.edu,node2.planetlab.mathcs.emory.edu,file32B.txt,2015/09/30 21:01:43,2015/09/30 21:01:44,1430.000000
planetlab1.unr.edu,node2.planetlab.mathcs.emory.edu,file1KB.txt,2015/09/30 21:01:44,2015/09/30 21:01:44,425.000000
planetlab1.unr.edu,node2.planetlab.mathcs.emory.edu,file256KB.txt,2015/09/30 21:01:44,2015/09/30 21:02:16,32586.000000
planetlab1.unr.edu,node2.planetlab.mathcs.emory.edu,file512KB.txt,2015/09/30 21:02:16,2015/09/30 21:03:18,61805.000000
planetlab1.unr.edu,node2.planetlab.mathcs.emory.edu,file1MB.txt,2015/09/30 21:03:18,2015/09/30 21:05:22,124276.000000
pl2.cs.unm.edu,node2.planetlab.mathcs.emory.edu,file32B.txt,2015/09/30 21:05:22,2015/09/30 21:05:22,368.000000
pl2.cs.unm.edu,node2.planetlab.mathcs.emory.edu,file1KB.txt,2015/09/30 21:05:22,2015/09/30 21:05:22,356.000000
pl2.cs.unm.edu,node2.planetlab.mathcs.emory.edu,file256KB.txt,2015/09/30 21:05:22,2015/09/30 21:05:49,27253.000000
pl2.cs.unm.edu,node2.planetlab.mathcs.emory.edu,file512KB.txt,2015/09/30 21:05:49,2015/09/30 21:06:41,51752.000000
pl2.cs.unm.edu,node2.planetlab.mathcs.emory.edu,file1MB.txt,2015/09/30 21:06:41,2015/09/30 21:08:26,105061.000000
planetlab2.cnis.nyit.edu,node2.planetlab.mathcs.emory.edu,file32B.txt,2015/09/30 21:08:26,2015/09/30 21:08:27,1704.000000
planetlab2.cnis.nyit.edu,node2.planetlab.mathcs.emory.edu,file1KB.txt,2015/09/30 21:08:27,2015/09/30 21:08:27,277.000000
planetlab2.cnis.nyit.edu,node2.planetlab.mathcs.emory.edu,file256KB.txt,2015/09/30 21:08:27,2015/09/30 21:08:49,22248.000000
planetlab2.cnis.nyit.edu,node2.planetlab.mathcs.emory.edu,file512KB.txt,2015/09/30 21:08:49,2015/09/30 21:09:31,41159.000000
planetlab2.cnis.nyit.edu,node2.planetlab.mathcs.emory.edu,file1MB.txt,2015/09/30 21:09:31,2015/09/30 21:10:59,88991.000000
planetlab2.rutgers.edu,node2.planetlab.mathcs.emory.edu,file32B.txt,2015/09/30 21:10:59,2015/09/30 21:11:04,4615.000000
planetlab2.rutgers.edu,node2.planetlab.mathcs.emory.edu,file1KB.txt,2015/09/30 21:11:04,2015/09/30 21:11:08,4372.000000
planetlab2.rutgers.edu,node2.planetlab.mathcs.emory.edu,file256KB.txt,2015/09/30 21:11:08,2015/09/30 21:20:12,543335.000000
planetlab2.rutgers.edu,node2.planetlab.mathcs.emory.edu,file512KB.txt,2015/09/30 21:20:12,2015/09/30 21:59:59,1908023.000000
planetlab2.rutgers.edu,node2.planetlab.mathcs.emory.edu,file1MB.txt,2015/09/30 21:59:59,2015/09/30 23:09:30,124071.000000
planetlab2.ucsd.edu,node2.planetlab.mathcs.emory.edu,file32B.txt,2015/09/30 23:09:30,2015/09/30 23:09:31,1601.000000
planetlab2.ucsd.edu,node2.planetlab.mathcs.emory.edu,file1KB.txt,2015/09/30 23:09:31,2015/09/30 23:09:31,427.000000
planetlab2.ucsd.edu,node2.planetlab.mathcs.emory.edu,file256KB.txt,2015/09/30 23:09:31,2015/09/30 23:10:03,32395.000000
planetlab2.ucsd.edu,node2.planetlab.mathcs.emory.edu,file512KB.txt,2015/09/30 23:10:03,2015/09/30 23:11:06,63092.000000
planetlab2.ucsd.edu,node2.planetlab.mathcs.emory.edu,file1MB.txt,2015/09/30 23:11:06,2015/09/30 23:13:11,124416.000000
planetlab3.cs.uoregon.edu,node2.planetlab.mathcs.emory.edu,file32B.txt,2015/09/30 23:13:11,2015/09/30 23:13:12,1556.000000
planetlab3.cs.uoregon.edu,node2.planetlab.mathcs.emory.edu,file1KB.txt,2015/09/30 23:13:12,2015/09/30 23:13:12,514.000000
planetlab3.cs.uoregon.edu,node2.planetlab.mathcs.emory.edu,file256KB.txt,2015/09/30 23:13:12,2015/09/30 23:13:51,39436.000000
planetlab3.cs.uoregon.edu,node2.planetlab.mathcs.emory.edu,file512KB.txt,2015/09/30 23:13:51,2015/09/30 23:15:07,76170.000000
planetlab3.cs.uoregon.edu,node2.planetlab.mathcs.emory.edu,file1MB.txt,2015/09/30 23:15:07,2015/09/30 23:17:38,150681.000000
planetlab-01.bu.edu,node2.planetlab.mathcs.emory.edu,file32B.txt,2015/09/30 23:17:38,2015/09/30 23:17:38,247.000000
planetlab-01.bu.edu,node2.planetlab.mathcs.emory.edu,file1KB.txt,2015/09/30 23:17:38,2015/09/30 23:17:39,1712.000000
planetlab-01.bu.edu,node2.planetlab.mathcs.emory.edu,file256KB.txt,2015/09/30 23:17:39,2015/09/30 23:18:00,20737.000000
planetlab-01.bu.edu,node2.planetlab.mathcs.emory.edu,file512KB.txt,2015/09/30 23:18:00,2015/09/30 23:18:41,40304.000000
planetlab-01.bu.edu,node2.planetlab.mathcs.emory.edu,file1MB.txt,2015/09/30 23:18:41,2015/09/30 23:20:05,84405.000000
planetlab4.cnds.jhu.edu,node2.planetlab.mathcs.emory.edu,file32B.txt,2015/09/30 23:20:05,2015/09/30 23:20:05,111.000000
planetlab4.cnds.jhu.edu,node2.planetlab.mathcs.emory.edu,file1KB.txt,2015/09/30 23:20:05,2015/09/30 23:20:05,131.000000
planetlab4.cnds.jhu.edu,node2.planetlab.mathcs.emory.edu,file256KB.txt,2015/09/30 23:20:05,2015/09/30 23:20:14,8827.000000
planetlab4.cnds.jhu.edu,node2.planetlab.mathcs.emory.edu,file512KB.txt,2015/09/30 23:20:14,2015/09/30 23:20:33,19722.000000
planetlab4.cnds.jhu.edu,node2.planetlab.mathcs.emory.edu,file1MB.txt,2015/09/30 23:20:33,2015/09/30 23:21:09,35612.000000
planetlabtwo.ccs.neu.edu,node2.planetlab.mathcs.emory.edu,file32B.txt,2015/09/30 23:21:09,2015/09/30 23:21:09,325.000000
planetlabtwo.ccs.neu.edu,node2.planetlab.mathcs.emory.edu,file1KB.txt,2015/09/30 23:21:09,2015/09/30 23:21:10,1692.000000
planetlabtwo.ccs.neu.edu,node2.planetlab.mathcs.emory.edu,file256KB.txt,2015/09/30 23:21:10,2015/09/30 23:21:32,21503.000000
planetlabtwo.ccs.neu.edu,node2.planetlab.mathcs.emory.edu,file512KB.txt,2015/09/30 23:21:32,2015/09/30 23:22:17,45288.000000
planetlabtwo.ccs.neu.edu,node2.planetlab.mathcs.emory.edu,file1MB.txt,2015/09/30 23:22:17,2015/09/30 23:24:29,132042.000000
planetlab1.cs.purdue.edu,node2.planetlab.mathcs.emory.edu,file32B.txt,2015/09/30 23:24:29,2015/09/30 23:24:30,1341.000000
planetlab1.cs.purdue.edu,node2.planetlab.mathcs.emory.edu,file1KB.txt,2015/09/30 23:24:30,2015/09/30 23:24:30,698.000000
planetlab1.cs.purdue.edu,node2.planetlab.mathcs.emory.edu,file256KB.txt,2015/09/30 23:24:30,2015/09/30 23:25:38,68464.000000
planetlab1.cs.purdue.edu,node2.planetlab.mathcs.emory.edu,file512KB.txt,2015/09/30 23:25:38,2015/09/30 23:27:24,105773.000000
planetlab1.cs.purdue.edu,node2.planetlab.mathcs.emory.edu,file1MB.txt,2015/09/30 23:27:24,2015/09/30 23:30:37,192578.000000
planetlab2.tsuniv.edu,node2.planetlab.mathcs.emory.edu,file32B.txt,2015/09/30 23:30:37,2015/09/30 23:30:38,1605.000000
planetlab2.tsuniv.edu,node2.planetlab.mathcs.emory.edu,file1KB.txt,2015/09/30 23:30:38,2015/09/30 23:30:38,459.000000
planetlab2.tsuniv.edu,node2.planetlab.mathcs.emory.edu,file256KB.txt,2015/09/30 23:30:38,2015/09/30 23:31:12,34052.000000
planetlab2.tsuniv.edu,node2.planetlab.mathcs.emory.edu,file512KB.txt,2015/09/30 23:31:12,2015/09/30 23:32:20,67919.000000
planetlab2.tsuniv.edu,node2.planetlab.mathcs.emory.edu,file1MB.txt,2015/09/30 23:32:20,2015/09/30 23:34:35,134954.000000
planetlab1.tsuniv.edu,node2.planetlab.mathcs.emory.edu,file32B.txt,2015/09/30 23:34:35,2015/09/30 23:34:36,1604.000000
planetlab1.tsuniv.edu,node2.planetlab.mathcs.emory.edu,file1KB.txt,2015/09/30 23:34:36,2015/09/30 23:34:36,458.000000
planetlab1.tsuniv.edu,node2.planetlab.mathcs.emory.edu,file256KB.txt,2015/09/30 23:34:36,2015/09/30 23:36:55,139393.000000
planetlab1.tsuniv.edu,node2.planetlab.mathcs.emory.edu,file512KB.txt,2015/09/30 23:36:55,2015/09/30 23:42:01,305435.000000
planetlab1.tsuniv.edu,node2.planetlab.mathcs.emory.edu,file1MB.txt,2015/09/30 23:42:01,2015/09/30 23:45:53,-232238.000000
planetlab3.ucsd.edu,node2.planetlab.mathcs.emory.edu,file32B.txt,2015/09/30 23:45:53,2015/09/30 23:45:54,1624.000000
planetlab3.ucsd.edu,node2.planetlab.mathcs.emory.edu,file1KB.txt,2015/09/30 23:45:54,2015/09/30 23:45:54,441.000000
planetlab3.ucsd.edu,node2.planetlab.mathcs.emory.edu,file256KB.txt,2015/09/30 23:45:54,2015/09/30 23:46:26,31826.000000
planetlab3.ucsd.edu,node2.planetlab.mathcs.emory.edu,file512KB.txt,2015/09/30 23:46:26,2015/09/30 23:47:30,63853.000000
planetlab3.ucsd.edu,node2.planetlab.mathcs.emory.edu,file1MB.txt,2015/09/30 23:47:30,2015/09/30 23:49:38,128320.000000
node2.planetlab.mathcs.emory.edu,node2.planetlab.mathcs.emory.edu,file32B.txt,2015/09/30 23:49:38,2015/09/30 23:49:38,1.000000
node2.planetlab.mathcs.emory.edu,node2.planetlab.mathcs.emory.edu,file1KB.txt,2015/09/30 23:49:38,2015/09/30 23:49:38,1.000000
node2.planetlab.mathcs.emory.edu,node2.planetlab.mathcs.emory.edu,file256KB.txt,2015/09/30 23:49:38,2015/09/30 23:49:38,21.000000
node2.planetlab.mathcs.emory.edu,node2.planetlab.mathcs.emory.edu,file512KB.txt,2015/09/30 23:49:38,2015/09/30 23:49:38,41.000000
node2.planetlab.mathcs.emory.edu,node2.planetlab.mathcs.emory.edu,file1MB.txt,2015/09/30 23:49:38,2015/09/30 23:49:38,113.000000
planetlab5.csee.usf.edu,node2.planetlab.mathcs.emory.edu,file32B.txt,2015/09/30 23:49:38,2015/09/30 23:49:38,95.000000
planetlab5.csee.usf.edu,node2.planetlab.mathcs.emory.edu,file1KB.txt,2015/09/30 23:49:38,2015/09/30 23:49:38,109.000000
planetlab5.csee.usf.edu,node2.planetlab.mathcs.emory.edu,file256KB.txt,2015/09/30 23:49:38,2015/09/30 23:49:46,8073.000000
planetlab5.csee.usf.edu,node2.planetlab.mathcs.emory.edu,file512KB.txt,2015/09/30 23:49:46,2015/09/30 23:50:02,15994.000000
planetlab5.csee.usf.edu,node2.planetlab.mathcs.emory.edu,file1MB.txt,2015/09/30 23:50:02,2015/09/30 23:50:34,32237.000000
planetlab1.emich.edu,node2.planetlab.mathcs.emory.edu,file32B.txt,2015/09/30 23:50:34,2015/09/30 23:50:34,167.000000
planetlab1.emich.edu,node2.planetlab.mathcs.emory.edu,file1KB.txt,2015/09/30 23:50:34,2015/09/30 23:50:35,1801.000000
planetlab1.emich.edu,node2.planetlab.mathcs.emory.edu,file256KB.txt,2015/09/30 23:50:35,2015/09/30 23:50:49,13690.000000
planetlab1.emich.edu,node2.planetlab.mathcs.emory.edu,file512KB.txt,2015/09/30 23:50:49,2015/09/30 23:51:17,27505.000000
planetlab1.emich.edu,node2.planetlab.mathcs.emory.edu,file1MB.txt,2015/09/30 23:51:17,2015/09/30 23:52:14,57258.000000
ebb.colgate.edu,node2.planetlab.mathcs.emory.edu,file32B.txt,2015/09/30 23:52:14,2015/09/30 23:52:14,176.000000
ebb.colgate.edu,node2.planetlab.mathcs.emory.edu,file1KB.txt,2015/09/30 23:52:14,2015/09/30 23:52:15,1795.000000
ebb.colgate.edu,node2.planetlab.mathcs.emory.edu,file256KB.txt,2015/09/30 23:52:15,2015/09/30 23:52:30,14568.000000
ebb.colgate.edu,node2.planetlab.mathcs.emory.edu,file512KB.txt,2015/09/30 23:52:30,2015/09/30 23:53:00,30122.000000
ebb.colgate.edu,node2.planetlab.mathcs.emory.edu,file1MB.txt,2015/09/30 23:53:00,2015/09/30 23:54:00,59606.000000
kc-sce-plab2.umkc.edu,node2.planetlab.mathcs.emory.edu,file32B.txt,2015/09/30 23:54:00,2015/09/30 23:54:19,19009.000000
kc-sce-plab2.umkc.edu,node2.planetlab.mathcs.emory.edu,file1KB.txt,2015/09/30 23:54:19,2015/09/30 23:54:46,26881.000000
kc-sce-plab2.umkc.edu,node2.planetlab.mathcs.emory.edu,file256KB.txt,2015/09/30 23:54:46,2015/10/01 00:01:29,403122.000000
kc-sce-plab2.umkc.edu,node2.planetlab.mathcs.emory.edu,file512KB.txt,2015/10/01 00:01:29,2015/10/01 00:11:03,573734.000000
kc-sce-plab2.umkc.edu,node2.planetlab.mathcs.emory.edu,file1MB.txt,2015/10/01 00:11:03,2015/10/01 00:15:06,243110.000000
node1.planetlab.mathcs.emory.edu,node2.planetlab.mathcs.emory.edu,file32B.txt,2015/10/01 00:15:06,2015/10/01 00:15:06,11.000000
node1.planetlab.mathcs.emory.edu,node2.planetlab.mathcs.emory.edu,file1KB.txt,2015/10/01 00:15:06,2015/10/01 00:15:06,11.000000
node1.planetlab.mathcs.emory.edu,node2.planetlab.mathcs.emory.edu,file256KB.txt,2015/10/01 00:15:06,2015/10/01 00:15:07,1612.000000
node1.planetlab.mathcs.emory.edu,node2.planetlab.mathcs.emory.edu,file512KB.txt,2015/10/01 00:15:07,2015/10/01 00:15:08,1224.000000
node1.planetlab.mathcs.emory.edu,node2.planetlab.mathcs.emory.edu,file1MB.txt,2015/10/01 00:15:08,2015/10/01 00:15:09,469.000000
pl1.cs.montana.edu,node2.planetlab.mathcs.emory.edu,file32B.txt,2015/10/01 00:15:09,2015/10/01 00:15:10,1343.000000
pl1.cs.montana.edu,node2.planetlab.mathcs.emory.edu,file1KB.txt,2015/10/01 00:15:10,2015/10/01 00:15:11,1233.000000
pl1.cs.montana.edu,node2.planetlab.mathcs.emory.edu,file256KB.txt,2015/10/01 00:15:11,2015/10/01 00:16:07,55415.000000
pl1.cs.montana.edu,node2.planetlab.mathcs.emory.edu,file512KB.txt,2015/10/01 00:16:07,2015/10/01 00:18:00,113375.000000
pl1.cs.montana.edu,node2.planetlab.mathcs.emory.edu,file1MB.txt,2015/10/01 00:18:00,2015/10/01 00:21:44,223728.000000
plab3.eece.ksu.edu,node2.planetlab.mathcs.emory.edu,file32B.txt,2015/10/01 00:22:05,2015/10/01 00:22:05,209.000000
plab3.eece.ksu.edu,node2.planetlab.mathcs.emory.edu,file1KB.txt,2015/10/01 00:22:05,2015/10/01 00:22:05,241.000000
plab3.eece.ksu.edu,node2.planetlab.mathcs.emory.edu,file256KB.txt,2015/10/01 00:22:05,2015/10/01 00:22:23,18173.000000
plab3.eece.ksu.edu,node2.planetlab.mathcs.emory.edu,file512KB.txt,2015/10/01 00:22:23,2015/10/01 00:22:59,36229.000000
plab3.eece.ksu.edu,node2.planetlab.mathcs.emory.edu,file1MB.txt,2015/10/01 00:22:59,2015/10/01 00:24:10,71054.000000
planet3.cc.gt.atl.ga.us,node2.planetlab.mathcs.emory.edu,file32B.txt,2015/10/01 00:24:10,2015/10/01 00:24:10,12.000000
planet3.cc.gt.atl.ga.us,node2.planetlab.mathcs.emory.edu,file1KB.txt,2015/10/01 00:24:10,2015/10/01 00:24:10,14.000000
planet3.cc.gt.atl.ga.us,node2.planetlab.mathcs.emory.edu,file256KB.txt,2015/10/01 00:24:10,2015/10/01 00:24:11,1112.000000
planet3.cc.gt.atl.ga.us,node2.planetlab.mathcs.emory.edu,file512KB.txt,2015/10/01 00:24:11,2015/10/01 00:24:13,2216.000000
planet3.cc.gt.atl.ga.us,node2.planetlab.mathcs.emory.edu,file1MB.txt,2015/10/01 00:24:13,2015/10/01 00:24:16,2607.000000
planetlab-02.bu.edu,node2.planetlab.mathcs.emory.edu,file32B.txt,2015/10/01 00:24:16,2015/10/01 00:24:16,244.000000
planetlab-02.bu.edu,node2.planetlab.mathcs.emory.edu,file1KB.txt,2015/10/01 00:24:16,2015/10/01 00:24:17,1713.000000
planetlab-02.bu.edu,node2.planetlab.mathcs.emory.edu,file256KB.txt,2015/10/01 00:24:17,2015/10/01 00:24:38,20866.000000
planetlab-02.bu.edu,node2.planetlab.mathcs.emory.edu,file512KB.txt,2015/10/01 00:24:38,2015/10/01 00:25:20,41791.000000
planetlab-02.bu.edu,node2.planetlab.mathcs.emory.edu,file1MB.txt,2015/10/01 00:25:20,2015/10/01 00:26:44,84212.000000
planetlab1.clemson.edu,node2.planetlab.mathcs.emory.edu,file32B.txt,2015/10/01 00:27:05,2015/10/01 00:27:05,30.000000
planetlab1.clemson.edu,node2.planetlab.mathcs.emory.edu,file1KB.txt,2015/10/01 00:27:05,2015/10/01 00:27:05,35.000000
planetlab1.clemson.edu,node2.planetlab.mathcs.emory.edu,file256KB.txt,2015/10/01 00:27:05,2015/10/01 00:27:07,1576.000000
planetlab1.clemson.edu,node2.planetlab.mathcs.emory.edu,file512KB.txt,2015/10/01 00:27:07,2015/10/01 00:27:12,5137.000000
planetlab1.clemson.edu,node2.planetlab.mathcs.emory.edu,file1MB.txt,2015/10/01 00:27:12,2015/10/01 00:27:22,10235.000000
planetlab1.cs.du.edu,node2.planetlab.mathcs.emory.edu,file32B.txt,2015/10/01 00:27:22,2015/10/01 00:27:22,257.000000
planetlab1.cs.du.edu,node2.planetlab.mathcs.emory.edu,file1KB.txt,2015/10/01 00:27:22,2015/10/01 00:27:23,1700.000000
planetlab1.cs.du.edu,node2.planetlab.mathcs.emory.edu,file256KB.txt,2015/10/01 00:27:23,2015/10/01 00:27:45,21872.000000
planetlab1.cs.du.edu,node2.planetlab.mathcs.emory.edu,file512KB.txt,2015/10/01 00:27:45,2015/10/01 00:28:29,43804.000000
planetlab1.cs.du.edu,node2.planetlab.mathcs.emory.edu,file1MB.txt,2015/10/01 00:28:29,2015/10/01 00:29:57,88049.000000
planetlab-1.cse.ohio-state.edu,node2.planetlab.mathcs.emory.edu,file32B.txt,2015/10/01 00:29:57,2015/10/01 00:29:58,912.000000
planetlab-1.cse.ohio-state.edu,node2.planetlab.mathcs.emory.edu,file1KB.txt,2015/10/01 00:29:58,2015/10/01 00:30:00,1704.000000
planetlab-1.cse.ohio-state.edu,node2.planetlab.mathcs.emory.edu,file256KB.txt,2015/10/01 00:30:00,2015/10/01 00:35:42,342422.000000
planetlab-1.cse.ohio-state.edu,node2.planetlab.mathcs.emory.edu,file512KB.txt,2015/10/01 00:35:42,2015/10/01 00:58:41,-1378513.000000
planetlab-1.cse.ohio-state.edu,node2.planetlab.mathcs.emory.edu,file1MB.txt,2015/10/01 00:58:41,2015/10/01 01:38:56,-1879279.000000
planetlab1.cs.okstate.edu,node2.planetlab.mathcs.emory.edu,file32B.txt,2015/10/01 01:38:56,2015/10/01 01:38:56,270.000000
planetlab1.cs.okstate.edu,node2.planetlab.mathcs.emory.edu,file1KB.txt,2015/10/01 01:38:56,2015/10/01 01:38:56,289.000000
planetlab1.cs.okstate.edu,node2.planetlab.mathcs.emory.edu,file256KB.txt,2015/10/01 01:38:56,2015/10/01 01:39:16,20492.000000
planetlab1.cs.okstate.edu,node2.planetlab.mathcs.emory.edu,file512KB.txt,2015/10/01 01:39:16,2015/10/01 01:39:55,39006.000000
planetlab1.cs.okstate.edu,node2.planetlab.mathcs.emory.edu,file1MB.txt,2015/10/01 01:39:55,2015/10/01 01:41:14,78881.000000
planetlab1.cs.ucla.edu,node2.planetlab.mathcs.emory.edu,file32B.txt,2015/10/01 01:41:14,2015/10/01 01:41:14,534.000000
planetlab1.cs.ucla.edu,node2.planetlab.mathcs.emory.edu,file1KB.txt,2015/10/01 01:41:14,2015/10/01 01:41:15,1478.000000
planetlab1.cs.ucla.edu,node2.planetlab.mathcs.emory.edu,file256KB.txt,2015/10/01 01:41:15,2015/10/01 01:41:47,32125.000000
planetlab1.cs.ucla.edu,node2.planetlab.mathcs.emory.edu,file512KB.txt,2015/10/01 01:41:47,2015/10/01 01:42:51,63714.000000
planetlab1.cs.ucla.edu,node2.planetlab.mathcs.emory.edu,file1MB.txt,2015/10/01 01:42:51,2015/10/01 01:44:56,125228.000000
planetlab1.csuohio.edu,node2.planetlab.mathcs.emory.edu,file32B.txt,2015/10/01 01:44:56,2015/10/01 01:44:56,254.000000
planetlab1.csuohio.edu,node2.planetlab.mathcs.emory.edu,file1KB.txt,2015/10/01 01:44:56,2015/10/01 01:44:56,247.000000
planetlab1.csuohio.edu,node2.planetlab.mathcs.emory.edu,file256KB.txt,2015/10/01 01:44:56,2015/10/01 01:45:24,28773.000000
planetlab1.csuohio.edu,node2.planetlab.mathcs.emory.edu,file512KB.txt,2015/10/01 01:45:24,2015/10/01 01:46:04,39983.000000
planetlab1.csuohio.edu,node2.planetlab.mathcs.emory.edu,file1MB.txt,2015/10/01 01:46:04,2015/10/01 01:47:19,74552.000000
planetlab1.emich.edu,node2.planetlab.mathcs.emory.edu,file32B.txt,2015/10/01 01:47:19,2015/10/01 01:47:19,168.000000
planetlab1.emich.edu,node2.planetlab.mathcs.emory.edu,file1KB.txt,2015/10/01 01:47:19,2015/10/01 01:47:19,194.000000
planetlab1.emich.edu,node2.planetlab.mathcs.emory.edu,file256KB.txt,2015/10/01 01:47:19,2015/10/01 01:47:34,15516.000000
planetlab1.emich.edu,node2.planetlab.mathcs.emory.edu,file512KB.txt,2015/10/01 01:47:34,2015/10/01 01:48:03,29267.000000
planetlab1.emich.edu,node2.planetlab.mathcs.emory.edu,file1MB.txt,2015/10/01 01:48:03,2015/10/01 01:49:00,56663.000000
planetlab1.ucsd.edu,node2.planetlab.mathcs.emory.edu,file32B.txt,2015/10/01 01:49:21,2015/10/01 01:49:21,440.000000
planetlab1.ucsd.edu,node2.planetlab.mathcs.emory.edu,file1KB.txt,2015/10/01 01:49:21,2015/10/01 01:49:22,1564.000000
planetlab1.ucsd.edu,node2.planetlab.mathcs.emory.edu,file256KB.txt,2015/10/01 01:49:22,2015/10/01 01:49:54,31933.000000
planetlab1.ucsd.edu,node2.planetlab.mathcs.emory.edu,file512KB.txt,2015/10/01 01:49:54,2015/10/01 01:50:57,62573.000000
planetlab1.ucsd.edu,node2.planetlab.mathcs.emory.edu,file1MB.txt,2015/10/01 01:50:57,2015/10/01 01:53:04,127280.000000
planetlab2.acis.ufl.edu,node2.planetlab.mathcs.emory.edu,file32B.txt,2015/10/01 01:53:04,2015/10/01 01:53:04,105.000000
planetlab2.acis.ufl.edu,node2.planetlab.mathcs.emory.edu,file1KB.txt,2015/10/01 01:53:04,2015/10/01 01:53:04,110.000000
planetlab2.acis.ufl.edu,node2.planetlab.mathcs.emory.edu,file256KB.txt,2015/10/01 01:53:04,2015/10/01 01:53:13,9708.000000
planetlab2.acis.ufl.edu,node2.planetlab.mathcs.emory.edu,file512KB.txt,2015/10/01 01:53:13,2015/10/01 01:53:29,15835.000000
planetlab2.acis.ufl.edu,node2.planetlab.mathcs.emory.edu,file1MB.txt,2015/10/01 01:53:29,2015/10/01 01:54:01,31714.000000
planetlab2.arizona-gigapop.net,node2.planetlab.mathcs.emory.edu,file32B.txt,2015/10/01 01:54:01,2015/10/01 01:54:01,475.000000
planetlab2.arizona-gigapop.net,node2.planetlab.mathcs.emory.edu,file1KB.txt,2015/10/01 01:54:01,2015/10/01 01:54:02,1656.000000
planetlab2.arizona-gigapop.net,node2.planetlab.mathcs.emory.edu,file256KB.txt,2015/10/01 01:54:02,2015/10/01 01:54:26,23306.000000
planetlab2.arizona-gigapop.net,node2.planetlab.mathcs.emory.edu,file512KB.txt,2015/10/01 01:54:26,2015/10/01 01:55:16,50826.000000
planetlab2.arizona-gigapop.net,node2.planetlab.mathcs.emory.edu,file1MB.txt,2015/10/01 01:55:16,2015/10/01 01:56:54,97889.000000
planetlab2.citadel.edu,node2.planetlab.mathcs.emory.edu,file32B.txt,2015/10/01 01:56:54,2015/10/01 01:56:54,443.000000
planetlab2.citadel.edu,node2.planetlab.mathcs.emory.edu,file1KB.txt,2015/10/01 01:56:54,2015/10/01 01:56:55,1007.000000
planetlab2.citadel.edu,node2.planetlab.mathcs.emory.edu,file256KB.txt,2015/10/01 01:56:55,2015/10/01 01:57:29,33898.000000
planetlab2.citadel.edu,node2.planetlab.mathcs.emory.edu,file512KB.txt,2015/10/01 01:57:29,2015/10/01 01:58:38,69708.000000
planetlab2.citadel.edu,node2.planetlab.mathcs.emory.edu,file1MB.txt,2015/10/01 01:58:38,2015/10/01 02:00:56,137710.000000
planetlab2.cs.pitt.edu,node2.planetlab.mathcs.emory.edu,file32B.txt,2015/10/01 02:00:56,2015/10/01 02:00:56,185.000000
planetlab2.cs.pitt.edu,node2.planetlab.mathcs.emory.edu,file1KB.txt,2015/10/01 02:00:56,2015/10/01 02:00:56,161.000000
planetlab2.cs.pitt.edu,node2.planetlab.mathcs.emory.edu,file256KB.txt,2015/10/01 02:00:56,2015/10/01 02:01:09,13817.000000
planetlab2.cs.pitt.edu,node2.planetlab.mathcs.emory.edu,file512KB.txt,2015/10/01 02:01:09,2015/10/01 02:01:34,24022.000000
planetlab2.cs.pitt.edu,node2.planetlab.mathcs.emory.edu,file1MB.txt,2015/10/01 02:01:34,2015/10/01 02:02:23,49249.000000
planetlab2.cs.purdue.edu,node2.planetlab.mathcs.emory.edu,file32B.txt,2015/10/01 02:02:23,2015/10/01 02:02:24,1436.000000
planetlab2.cs.purdue.edu,node2.planetlab.mathcs.emory.edu,file1KB.txt,2015/10/01 02:02:24,2015/10/01 02:02:25,1272.000000
planetlab2.cs.purdue.edu,node2.planetlab.mathcs.emory.edu,file256KB.txt,2015/10/01 02:02:25,2015/10/01 02:02:51,25109.000000
planetlab2.cs.purdue.edu,node2.planetlab.mathcs.emory.edu,file512KB.txt,2015/10/01 02:02:51,2015/10/01 02:04:06,75554.000000
planetlab2.cs.purdue.edu,node2.planetlab.mathcs.emory.edu,file1MB.txt,2015/10/01 02:04:06,2015/10/01 02:07:27,-201298.000000
planetlab2.cs.uml.edu,node2.planetlab.mathcs.emory.edu,file32B.txt,2015/10/01 02:08:09,2015/10/01 02:08:09,376.000000
planetlab2.cs.uml.edu,node2.planetlab.mathcs.emory.edu,file1KB.txt,2015/10/01 02:08:09,2015/10/01 02:08:09,325.000000
planetlab2.cs.uml.edu,node2.planetlab.mathcs.emory.edu,file256KB.txt,2015/10/01 02:08:09,2015/10/01 02:08:38,29757.000000
planetlab2.cs.uml.edu,node2.planetlab.mathcs.emory.edu,file512KB.txt,2015/10/01 02:08:38,2015/10/01 02:09:26,47942.000000
planetlab2.cs.uml.edu,node2.planetlab.mathcs.emory.edu,file1MB.txt,2015/10/01 02:09:26,2015/10/01 02:11:04,97815.000000
planetlab2.cs.unc.edu,node2.planetlab.mathcs.emory.edu,file32B.txt,2015/10/01 02:11:04,2015/10/01 02:11:04,107.000000
planetlab2.cs.unc.edu,node2.planetlab.mathcs.emory.edu,file1KB.txt,2015/10/01 02:11:04,2015/10/01 02:11:04,109.000000
planetlab2.cs.unc.edu,node2.planetlab.mathcs.emory.edu,file256KB.txt,2015/10/01 02:11:04,2015/10/01 02:11:13,9684.000000
planetlab2.cs.unc.edu,node2.planetlab.mathcs.emory.edu,file512KB.txt,2015/10/01 02:11:13,2015/10/01 02:11:28,14237.000000
planetlab2.cs.unc.edu,node2.planetlab.mathcs.emory.edu,file1MB.txt,2015/10/01 02:11:28,2015/10/01 02:12:01,33588.000000
planetlab2.cs.uoregon.edu,node2.planetlab.mathcs.emory.edu,file32B.txt,2015/10/01 02:12:01,2015/10/01 02:12:01,516.000000
planetlab2.cs.uoregon.edu,node2.planetlab.mathcs.emory.edu,file1KB.txt,2015/10/01 02:12:01,2015/10/01 02:12:02,1486.000000
planetlab2.cs.uoregon.edu,node2.planetlab.mathcs.emory.edu,file256KB.txt,2015/10/01 02:12:02,2015/10/01 02:12:40,38162.000000
planetlab2.cs.uoregon.edu,node2.planetlab.mathcs.emory.edu,file512KB.txt,2015/10/01 02:12:40,2015/10/01 02:13:55,74423.000000
planetlab2.cs.uoregon.edu,node2.planetlab.mathcs.emory.edu,file1MB.txt,2015/10/01 02:13:55,2015/10/01 02:16:25,149704.000000
planetlab2.temple.edu,node2.planetlab.mathcs.emory.edu,file32B.txt,2015/10/01 02:16:25,2015/10/01 02:16:26,1860.000000
planetlab2.temple.edu,node2.planetlab.mathcs.emory.edu,file1KB.txt,2015/10/01 02:16:26,2015/10/01 02:16:26,134.000000
planetlab2.temple.edu,node2.planetlab.mathcs.emory.edu,file256KB.txt,2015/10/01 02:16:26,2015/10/01 02:16:36,10024.000000
planetlab2.temple.edu,node2.planetlab.mathcs.emory.edu,file512KB.txt,2015/10/01 02:16:36,2015/10/01 02:16:56,20084.000000
planetlab2.temple.edu,node2.planetlab.mathcs.emory.edu,file1MB.txt,2015/10/01 02:16:56,2015/10/01 02:17:35,38460.000000
planetlab2.unl.edu,node2.planetlab.mathcs.emory.edu,file32B.txt,2015/10/01 02:17:35,2015/10/01 02:17:35,257.000000
planetlab2.unl.edu,node2.planetlab.mathcs.emory.edu,file1KB.txt,2015/10/01 02:17:35,2015/10/01 02:17:36,1744.000000
planetlab2.unl.edu,node2.planetlab.mathcs.emory.edu,file256KB.txt,2015/10/01 02:17:36,2015/10/01 02:17:54,17401.000000
planetlab2.unl.edu,node2.planetlab.mathcs.emory.edu,file512KB.txt,2015/10/01 02:17:54,2015/10/01 02:18:31,36781.000000
planetlab2.unl.edu,node2.planetlab.mathcs.emory.edu,file1MB.txt,2015/10/01 02:18:31,2015/10/01 02:19:46,75933.000000
planetlab2.unr.edu,node2.planetlab.mathcs.emory.edu,file32B.txt,2015/10/01 02:19:46,2015/10/01 02:19:46,425.000000
planetlab2.unr.edu,node2.planetlab.mathcs.emory.edu,file1KB.txt,2015/10/01 02:19:46,2015/10/01 02:19:46,421.000000
planetlab2.unr.edu,node2.planetlab.mathcs.emory.edu,file256KB.txt,2015/10/01 02:19:46,2015/10/01 02:20:18,32634.000000
planetlab2.unr.edu,node2.planetlab.mathcs.emory.edu,file512KB.txt,2015/10/01 02:20:18,2015/10/01 02:21:20,61805.000000
planetlab2.unr.edu,node2.planetlab.mathcs.emory.edu,file1MB.txt,2015/10/01 02:21:20,2015/10/01 02:23:24,123874.000000
planetlab2.uta.edu,node2.planetlab.mathcs.emory.edu,file32B.txt,2015/10/01 02:23:24,2015/10/01 02:23:24,293.000000
planetlab2.uta.edu,node2.planetlab.mathcs.emory.edu,file1KB.txt,2015/10/01 02:23:24,2015/10/01 02:23:25,1712.000000
planetlab2.uta.edu,node2.planetlab.mathcs.emory.edu,file256KB.txt,2015/10/01 02:23:25,2015/10/01 02:23:46,20882.000000
planetlab2.uta.edu,node2.planetlab.mathcs.emory.edu,file512KB.txt,2015/10/01 02:23:46,2015/10/01 02:24:28,41801.000000
planetlab2.uta.edu,node2.planetlab.mathcs.emory.edu,file1MB.txt,2015/10/01 02:24:28,2015/10/01 02:25:52,83959.000000
planetlab2.utdallas.edu,node2.planetlab.mathcs.emory.edu,file32B.txt,2015/10/01 02:25:52,2015/10/01 02:25:52,227.000000
planetlab2.utdallas.edu,node2.planetlab.mathcs.emory.edu,file1KB.txt,2015/10/01 02:25:52,2015/10/01 02:25:52,223.000000
planetlab2.utdallas.edu,node2.planetlab.mathcs.emory.edu,file256KB.txt,2015/10/01 02:25:52,2015/10/01 02:26:09,17625.000000
planetlab2.utdallas.edu,node2.planetlab.mathcs.emory.edu,file512KB.txt,2015/10/01 02:26:09,2015/10/01 02:26:42,33009.000000
planetlab2.utdallas.edu,node2.planetlab.mathcs.emory.edu,file1MB.txt,2015/10/01 02:26:42,2015/10/01 02:27:47,64448.000000
planetlab3.eecs.umich.edu,node2.planetlab.mathcs.emory.edu,file32B.txt,2015/10/01 02:27:47,2015/10/01 02:27:48,1791.000000
planetlab3.eecs.umich.edu,node2.planetlab.mathcs.emory.edu,file1KB.txt,2015/10/01 02:27:48,2015/10/01 02:27:48,179.000000
planetlab3.eecs.umich.edu,node2.planetlab.mathcs.emory.edu,file256KB.txt,2015/10/01 02:27:48,2015/10/01 02:28:01,12812.000000
planetlab3.eecs.umich.edu,node2.planetlab.mathcs.emory.edu,file512KB.txt,2015/10/01 02:28:01,2015/10/01 02:28:27,25917.000000
planetlab3.eecs.umich.edu,node2.planetlab.mathcs.emory.edu,file1MB.txt,2015/10/01 02:28:27,2015/10/01 02:29:19,51762.000000
planetlab3.rutgers.edu,node2.planetlab.mathcs.emory.edu,file32B.txt,2015/10/01 02:29:19,2015/10/01 02:29:19,165.000000
planetlab3.rutgers.edu,node2.planetlab.mathcs.emory.edu,file1KB.txt,2015/10/01 02:29:19,2015/10/01 02:29:20,1849.000000
planetlab3.rutgers.edu,node2.planetlab.mathcs.emory.edu,file256KB.txt,2015/10/01 02:29:20,2015/10/01 02:29:30,9261.000000
planetlab3.rutgers.edu,node2.planetlab.mathcs.emory.edu,file512KB.txt,2015/10/01 02:29:30,2015/10/01 02:29:51,20837.000000
planetlab3.rutgers.edu,node2.planetlab.mathcs.emory.edu,file1MB.txt,2015/10/01 02:29:51,2015/10/01 02:30:34,43551.000000
planetlab3.wail.wisc.edu,node2.planetlab.mathcs.emory.edu,file32B.txt,2015/10/01 02:30:34,2015/10/01 02:30:34,333.000000
planetlab3.wail.wisc.edu,node2.planetlab.mathcs.emory.edu,file1KB.txt,2015/10/01 02:30:34,2015/10/01 02:30:35,1734.000000
planetlab3.wail.wisc.edu,node2.planetlab.mathcs.emory.edu,file256KB.txt,2015/10/01 02:30:35,2015/10/01 02:30:54,18392.000000
planetlab3.wail.wisc.edu,node2.planetlab.mathcs.emory.edu,file512KB.txt,2015/10/01 02:30:54,2015/10/01 02:31:33,38852.000000
planetlab3.wail.wisc.edu,node2.planetlab.mathcs.emory.edu,file1MB.txt,2015/10/01 02:31:33,2015/10/01 02:32:51,78302.000000
planetlab4.tamu.edu,node2.planetlab.mathcs.emory.edu,file32B.txt,2015/10/01 02:32:51,2015/10/01 02:32:51,372.000000
planetlab4.tamu.edu,node2.planetlab.mathcs.emory.edu,file1KB.txt,2015/10/01 02:32:51,2015/10/01 02:32:52,1692.000000
planetlab4.tamu.edu,node2.planetlab.mathcs.emory.edu,file256KB.txt,2015/10/01 02:32:52,2015/10/01 02:33:14,21352.000000
planetlab4.tamu.edu,node2.planetlab.mathcs.emory.edu,file512KB.txt,2015/10/01 02:33:14,2015/10/01 02:33:59,44910.000000
planetlab4.tamu.edu,node2.planetlab.mathcs.emory.edu,file1MB.txt,2015/10/01 02:33:59,2015/10/01 02:35:30,91490.000000
planetlab-5.eecs.cwru.edu,node2.planetlab.mathcs.emory.edu,file32B.txt,2015/10/01 02:35:30,2015/10/01 02:35:30,231.000000
planetlab-5.eecs.cwru.edu,node2.planetlab.mathcs.emory.edu,file1KB.txt,2015/10/01 02:35:30,2015/10/01 02:35:30,198.000000
planetlab-5.eecs.cwru.edu,node2.planetlab.mathcs.emory.edu,file256KB.txt,2015/10/01 02:35:30,2015/10/01 02:35:45,15235.000000
planetlab-5.eecs.cwru.edu,node2.planetlab.mathcs.emory.edu,file512KB.txt,2015/10/01 02:35:45,2015/10/01 02:36:14,28745.000000
planetlab-5.eecs.cwru.edu,node2.planetlab.mathcs.emory.edu,file1MB.txt,2015/10/01 02:36:14,2015/10/01 02:37:12,58151.000000
planetlabone.ccs.neu.edu,node2.planetlab.mathcs.emory.edu,file32B.txt,2015/10/01 02:37:12,2015/10/01 02:37:13,1637.000000
planetlabone.ccs.neu.edu,node2.planetlab.mathcs.emory.edu,file1KB.txt,2015/10/01 02:37:13,2015/10/01 02:37:13,305.000000
planetlabone.ccs.neu.edu,node2.planetlab.mathcs.emory.edu,file256KB.txt,2015/10/01 02:37:13,2015/10/01 02:37:35,21759.000000
planetlabone.ccs.neu.edu,node2.planetlab.mathcs.emory.edu,file512KB.txt,2015/10/01 02:37:35,2015/10/01 02:38:19,43746.000000
planetlabone.ccs.neu.edu,node2.planetlab.mathcs.emory.edu,file1MB.txt,2015/10/01 02:38:19,2015/10/01 02:39:47,88192.000000
pl-node-0.csl.sri.com,node2.planetlab.mathcs.emory.edu,file32B.txt,2015/10/01 02:39:47,2015/10/01 02:39:48,1415.000000
pl-node-0.csl.sri.com,node2.planetlab.mathcs.emory.edu,file1KB.txt,2015/10/01 02:39:48,2015/10/01 02:39:48,473.000000
pl-node-0.csl.sri.com,node2.planetlab.mathcs.emory.edu,file256KB.txt,2015/10/01 02:39:48,2015/10/01 02:40:28,40337.000000
pl-node-0.csl.sri.com,node2.planetlab.mathcs.emory.edu,file512KB.txt,2015/10/01 02:40:28,2015/10/01 02:41:46,77548.000000
pl-node-0.csl.sri.com,node2.planetlab.mathcs.emory.edu,file1MB.txt,2015/10/01 02:41:46,2015/10/01 02:44:23,157181.000000
ricepl-5.cs.rice.edu,node2.planetlab.mathcs.emory.edu,file32B.txt,2015/10/01 02:44:23,2015/10/01 02:44:24,1612.000000
ricepl-5.cs.rice.edu,node2.planetlab.mathcs.emory.edu,file1KB.txt,2015/10/01 02:44:24,2015/10/01 02:44:24,323.000000
ricepl-5.cs.rice.edu,node2.planetlab.mathcs.emory.edu,file256KB.txt,2015/10/01 02:44:24,2015/10/01 02:44:50,26137.000000
ricepl-5.cs.rice.edu,node2.planetlab.mathcs.emory.edu,file512KB.txt,2015/10/01 02:44:50,2015/10/01 02:45:37,46927.000000
ricepl-5.cs.rice.edu,node2.planetlab.mathcs.emory.edu,file1MB.txt,2015/10/01 02:45:37,2015/10/01 02:47:10,92409.000000
salt.planetlab.cs.umd.edu,node2.planetlab.mathcs.emory.edu,file32B.txt,2015/10/01 02:47:10,2015/10/01 02:47:11,1844.000000
salt.planetlab.cs.umd.edu,node2.planetlab.mathcs.emory.edu,file1KB.txt,2015/10/01 02:47:11,2015/10/01 02:47:11,120.000000
salt.planetlab.cs.umd.edu,node2.planetlab.mathcs.emory.edu,file256KB.txt,2015/10/01 02:47:11,2015/10/01 02:47:19,7455.000000
salt.planetlab.cs.umd.edu,node2.planetlab.mathcs.emory.edu,file512KB.txt,2015/10/01 02:47:19,2015/10/01 02:47:36,17089.000000
salt.planetlab.cs.umd.edu,node2.planetlab.mathcs.emory.edu,file1MB.txt,2015/10/01 02:47:36,2015/10/01 02:48:10,33856.000000
pl1.eecs.utk.edu,node2.planetlab.mathcs.emory.edu,file32B.txt,2015/10/01 02:48:10,2015/10/01 02:48:11,1351.000000
pl1.eecs.utk.edu,node2.planetlab.mathcs.emory.edu,file1KB.txt,2015/10/01 02:48:11,2015/10/01 02:48:12,1215.000000
pl1.eecs.utk.edu,node2.planetlab.mathcs.emory.edu,file256KB.txt,2015/10/01 02:48:12,2015/10/01 02:49:44,92341.000000
pl1.eecs.utk.edu,node2.planetlab.mathcs.emory.edu,file512KB.txt,2015/10/01 02:49:44,2015/10/01 02:54:04,259472.000000
pl1.eecs.utk.edu,node2.planetlab.mathcs.emory.edu,file1MB.txt,2015/10/01 02:54:04,2015/10/01 03:01:39,454879.000000
planetlab-01.vt.nodes.planet-lab.org,node2.planetlab.mathcs.emory.edu,file32B.txt,2015/10/01 03:01:39,2015/10/01 03:01:39,84.000000
planetlab-01.vt.nodes.planet-lab.org,node2.planetlab.mathcs.emory.edu,file1KB.txt,2015/10/01 03:01:39,2015/10/01 03:01:39,92.000000
planetlab-01.vt.nodes.planet-lab.org,node2.planetlab.mathcs.emory.edu,file256KB.txt,2015/10/01 03:01:39,2015/10/01 03:01:46,7142.000000
planetlab-01.vt.nodes.planet-lab.org,node2.planetlab.mathcs.emory.edu,file512KB.txt,2015/10/01 03:01:46,2015/10/01 03:02:00,14467.000000
planetlab-01.vt.nodes.planet-lab.org,node2.planetlab.mathcs.emory.edu,file1MB.txt,2015/10/01 03:02:00,2015/10/01 03:02:27,26708.000000
planetlab-04.vt.nodes.planet-lab.org,node2.planetlab.mathcs.emory.edu,file32B.txt,2015/10/01 03:02:27,2015/10/01 03:02:27,78.000000
planetlab-04.vt.nodes.planet-lab.org,node2.planetlab.mathcs.emory.edu,file1KB.txt,2015/10/01 03:02:27,2015/10/01 03:02:27,98.000000
planetlab-04.vt.nodes.planet-lab.org,node2.planetlab.mathcs.emory.edu,file256KB.txt,2015/10/01 03:02:27,2015/10/01 03:02:34,7332.000000
planetlab-04.vt.nodes.planet-lab.org,node2.planetlab.mathcs.emory.edu,file512KB.txt,2015/10/01 03:02:34,2015/10/01 03:02:47,12902.000000
planetlab-04.vt.nodes.planet-lab.org,node2.planetlab.mathcs.emory.edu,file1MB.txt,2015/10/01 03:02:47,2015/10/01 03:03:13,25639.000000
planetlab-4.eecs.cwru.edu,node2.planetlab.mathcs.emory.edu,file32B.txt,2015/10/01 03:03:13,2015/10/01 03:03:13,170.000000
planetlab-4.eecs.cwru.edu,node2.planetlab.mathcs.emory.edu,file1KB.txt,2015/10/01 03:03:13,2015/10/01 03:03:14,1804.000000
planetlab-4.eecs.cwru.edu,node2.planetlab.mathcs.emory.edu,file256KB.txt,2015/10/01 03:03:14,2015/10/01 03:03:28,13568.000000
planetlab-4.eecs.cwru.edu,node2.planetlab.mathcs.emory.edu,file512KB.txt,2015/10/01 03:03:28,2015/10/01 03:03:57,29059.000000
planetlab-4.eecs.cwru.edu,node2.planetlab.mathcs.emory.edu,file1MB.txt,2015/10/01 03:03:57,2015/10/01 03:04:56,59709.000000
planetlab01.cs.washington.edu,node2.planetlab.mathcs.emory.edu,file32B.txt,2015/10/01 03:04:56,2015/10/01 03:04:56,412.000000
planetlab01.cs.washington.edu,node2.planetlab.mathcs.emory.edu,file1KB.txt,2015/10/01 03:04:56,2015/10/01 03:04:57,1512.000000
planetlab01.cs.washington.edu,node2.planetlab.mathcs.emory.edu,file256KB.txt,2015/10/01 03:04:57,2015/10/01 03:05:32,34811.000000
planetlab01.cs.washington.edu,node2.planetlab.mathcs.emory.edu,file512KB.txt,2015/10/01 03:05:32,2015/10/01 03:06:42,70101.000000
planetlab01.cs.washington.edu,node2.planetlab.mathcs.emory.edu,file1MB.txt,2015/10/01 03:06:42,2015/10/01 03:09:01,138622.000000
planetlab02.cs.washington.edu,node2.planetlab.mathcs.emory.edu,file32B.txt,2015/10/01 03:09:01,2015/10/01 03:09:01,411.000000
planetlab02.cs.washington.edu,node2.planetlab.mathcs.emory.edu,file1KB.txt,2015/10/01 03:09:01,2015/10/01 03:09:02,1521.000000
planetlab02.cs.washington.edu,node2.planetlab.mathcs.emory.edu,file256KB.txt,2015/10/01 03:09:02,2015/10/01 03:09:37,34866.000000
planetlab02.cs.washington.edu,node2.planetlab.mathcs.emory.edu,file512KB.txt,2015/10/01 03:09:37,2015/10/01 03:10:47,69617.000000
planetlab02.cs.washington.edu,node2.planetlab.mathcs.emory.edu,file1MB.txt,2015/10/01 03:10:47,2015/10/01 03:13:08,141416.000000
planetlab1.arizona-gigapop.net,node2.planetlab.mathcs.emory.edu,file32B.txt,2015/10/01 03:13:08,2015/10/01 03:13:08,286.000000
planetlab1.arizona-gigapop.net,node2.planetlab.mathcs.emory.edu,file1KB.txt,2015/10/01 03:13:08,2015/10/01 03:13:09,1665.000000
planetlab1.arizona-gigapop.net,node2.planetlab.mathcs.emory.edu,file256KB.txt,2015/10/01 03:13:09,2015/10/01 03:13:33,23388.000000
planetlab1.arizona-gigapop.net,node2.planetlab.mathcs.emory.edu,file512KB.txt,2015/10/01 03:13:33,2015/10/01 03:14:23,50742.000000
planetlab1.arizona-gigapop.net,node2.planetlab.mathcs.emory.edu,file1MB.txt,2015/10/01 03:14:23,2015/10/01 03:16:00,96059.000000
planetlab1.cs.unc.edu,node2.planetlab.mathcs.emory.edu,file32B.txt,2015/10/01 03:16:00,2015/10/01 03:16:01,1914.000000
planetlab1.cs.unc.edu,node2.planetlab.mathcs.emory.edu,file1KB.txt,2015/10/01 03:16:01,2015/10/01 03:16:01,109.000000
planetlab1.cs.unc.edu,node2.planetlab.mathcs.emory.edu,file256KB.txt,2015/10/01 03:16:01,2015/10/01 03:16:08,6837.000000
planetlab1.cs.unc.edu,node2.planetlab.mathcs.emory.edu,file512KB.txt,2015/10/01 03:16:08,2015/10/01 03:16:22,13326.000000
planetlab1.cs.unc.edu,node2.planetlab.mathcs.emory.edu,file1MB.txt,2015/10/01 03:16:22,2015/10/01 03:16:51,29129.000000
planet3.cc.gt.atl.ga.us,node2.planetlab.mathcs.emory.edu,file32B.txt,2015/10/01 03:16:52,2015/10/01 03:16:52,32.000000
planet3.cc.gt.atl.ga.us,node2.planetlab.mathcs.emory.edu,file1KB.txt,2015/10/01 03:16:52,2015/10/01 03:16:52,14.000000
planet3.cc.gt.atl.ga.us,node2.planetlab.mathcs.emory.edu,file256KB.txt,2015/10/01 03:16:52,2015/10/01 03:16:53,1113.000000
planet3.cc.gt.atl.ga.us,node2.planetlab.mathcs.emory.edu,file512KB.txt,2015/10/01 03:16:53,2015/10/01 03:16:54,277.000000
planet3.cc.gt.atl.ga.us,node2.planetlab.mathcs.emory.edu,file1MB.txt,2015/10/01 03:16:54,2015/10/01 03:16:58,4392.000000
