planetlab1.unr.edu,node1.planetlab.mathcs.emory.edu,file32B.txt,2015/09/30 21:02:04,2015/09/30 21:02:04,367.000000
planetlab1.unr.edu,node1.planetlab.mathcs.emory.edu,file1KB.txt,2015/09/30 21:02:04,2015/09/30 21:02:05,1577.000000
planetlab1.unr.edu,node1.planetlab.mathcs.emory.edu,file256KB.txt,2015/09/30 21:02:05,2015/09/30 21:02:36,30673.000000
planetlab1.unr.edu,node1.planetlab.mathcs.emory.edu,file512KB.txt,2015/09/30 21:02:36,2015/09/30 21:03:39,63328.000000
planetlab1.unr.edu,node1.planetlab.mathcs.emory.edu,file1MB.txt,2015/09/30 21:03:39,2015/09/30 21:05:43,123736.000000
pl2.cs.unm.edu,node1.planetlab.mathcs.emory.edu,file32B.txt,2015/09/30 21:05:43,2015/09/30 21:05:43,310.000000
pl2.cs.unm.edu,node1.planetlab.mathcs.emory.edu,file1KB.txt,2015/09/30 21:05:43,2015/09/30 21:05:44,1637.000000
pl2.cs.unm.edu,node1.planetlab.mathcs.emory.edu,file256KB.txt,2015/09/30 21:05:44,2015/09/30 21:06:10,25788.000000
pl2.cs.unm.edu,node1.planetlab.mathcs.emory.edu,file512KB.txt,2015/09/30 21:06:10,2015/09/30 21:07:03,52955.000000
pl2.cs.unm.edu,node1.planetlab.mathcs.emory.edu,file1MB.txt,2015/09/30 21:07:03,2015/09/30 21:08:48,104934.000000
planetlab2.cnis.nyit.edu,node1.planetlab.mathcs.emory.edu,file32B.txt,2015/09/30 21:08:48,2015/09/30 21:08:48,252.000000
planetlab2.cnis.nyit.edu,node1.planetlab.mathcs.emory.edu,file1KB.txt,2015/09/30 21:08:48,2015/09/30 21:08:49,1701.000000
planetlab2.cnis.nyit.edu,node1.planetlab.mathcs.emory.edu,file256KB.txt,2015/09/30 21:08:49,2015/09/30 21:09:10,20774.000000
planetlab2.cnis.nyit.edu,node1.planetlab.mathcs.emory.edu,file512KB.txt,2015/09/30 21:09:10,2015/09/30 21:09:52,42236.000000
planetlab2.cnis.nyit.edu,node1.planetlab.mathcs.emory.edu,file1MB.txt,2015/09/30 21:09:52,2015/09/30 21:11:15,82981.000000
planetlab2.rutgers.edu,node1.planetlab.mathcs.emory.edu,file32B.txt,2015/09/30 21:11:15,2015/09/30 21:11:17,1722.000000
planetlab2.rutgers.edu,node1.planetlab.mathcs.emory.edu,file1KB.txt,2015/09/30 21:11:17,2015/09/30 21:11:21,3810.000000
planetlab2.rutgers.edu,node1.planetlab.mathcs.emory.edu,file256KB.txt,2015/09/30 21:11:21,2015/09/30 21:19:27,485657.000000
planetlab2.rutgers.edu,node1.planetlab.mathcs.emory.edu,file512KB.txt,2015/09/30 21:19:27,2015/09/30 21:54:48,-2121300.000000
planetlab2.rutgers.edu,node1.planetlab.mathcs.emory.edu,file1MB.txt,2015/09/30 21:54:48,2015/09/30 23:09:01,158357.000000
planetlab2.ucsd.edu,node1.planetlab.mathcs.emory.edu,file32B.txt,2015/09/30 23:09:01,2015/09/30 23:09:01,497.000000
planetlab2.ucsd.edu,node1.planetlab.mathcs.emory.edu,file1KB.txt,2015/09/30 23:09:01,2015/09/30 23:09:02,1572.000000
planetlab2.ucsd.edu,node1.planetlab.mathcs.emory.edu,file256KB.txt,2015/09/30 23:09:02,2015/09/30 23:09:33,30474.000000
planetlab2.ucsd.edu,node1.planetlab.mathcs.emory.edu,file512KB.txt,2015/09/30 23:09:33,2015/09/30 23:10:36,63204.000000
planetlab2.ucsd.edu,node1.planetlab.mathcs.emory.edu,file1MB.txt,2015/09/30 23:10:36,2015/09/30 23:12:45,128700.000000
planetlab3.cs.uoregon.edu,node1.planetlab.mathcs.emory.edu,file32B.txt,2015/09/30 23:12:45,2015/09/30 23:12:46,1489.000000
planetlab3.cs.uoregon.edu,node1.planetlab.mathcs.emory.edu,file1KB.txt,2015/09/30 23:12:46,2015/09/30 23:12:46,517.000000
planetlab3.cs.uoregon.edu,node1.planetlab.mathcs.emory.edu,file256KB.txt,2015/09/30 23:12:46,2015/09/30 23:13:25,39773.000000
planetlab3.cs.uoregon.edu,node1.planetlab.mathcs.emory.edu,file512KB.txt,2015/09/30 23:13:25,2015/09/30 23:14:41,75586.000000
planetlab3.cs.uoregon.edu,node1.planetlab.mathcs.emory.edu,file1MB.txt,2015/09/30 23:14:41,2015/09/30 23:17:12,150758.000000
planetlab-01.bu.edu,node1.planetlab.mathcs.emory.edu,file32B.txt,2015/09/30 23:17:12,2015/09/30 23:17:13,1713.000000
planetlab-01.bu.edu,node1.planetlab.mathcs.emory.edu,file1KB.txt,2015/09/30 23:17:13,2015/09/30 23:17:13,286.000000
planetlab-01.bu.edu,node1.planetlab.mathcs.emory.edu,file256KB.txt,2015/09/30 23:17:13,2015/09/30 23:17:35,22314.000000
planetlab-01.bu.edu,node1.planetlab.mathcs.emory.edu,file512KB.txt,2015/09/30 23:17:35,2015/09/30 23:18:17,41725.000000
planetlab-01.bu.edu,node1.planetlab.mathcs.emory.edu,file1MB.txt,2015/09/30 23:18:17,2015/09/30 23:19:40,83023.000000
planetlab4.cnds.jhu.edu,node1.planetlab.mathcs.emory.edu,file32B.txt,2015/09/30 23:19:40,2015/09/30 23:19:40,156.000000
planetlab4.cnds.jhu.edu,node1.planetlab.mathcs.emory.edu,file1KB.txt,2015/09/30 23:19:40,2015/09/30 23:19:40,127.000000
planetlab4.cnds.jhu.edu,node1.planetlab.mathcs.emory.edu,file256KB.txt,2015/09/30 23:19:40,2015/09/30 23:19:49,8870.000000
planetlab4.cnds.jhu.edu,node1.planetlab.mathcs.emory.edu,file512KB.txt,2015/09/30 23:19:49,2015/09/30 23:20:07,17706.000000
planetlab4.cnds.jhu.edu,node1.planetlab.mathcs.emory.edu,file1MB.txt,2015/09/30 23:20:07,2015/09/30 23:20:43,36053.000000
planetlabtwo.ccs.neu.edu,node1.planetlab.mathcs.emory.edu,file32B.txt,2015/09/30 23:20:43,2015/09/30 23:20:44,1629.000000
planetlabtwo.ccs.neu.edu,node1.planetlab.mathcs.emory.edu,file1KB.txt,2015/09/30 23:20:44,2015/09/30 23:20:44,311.000000
planetlabtwo.ccs.neu.edu,node1.planetlab.mathcs.emory.edu,file256KB.txt,2015/09/30 23:20:44,2015/09/30 23:21:07,23565.000000
planetlabtwo.ccs.neu.edu,node1.planetlab.mathcs.emory.edu,file512KB.txt,2015/09/30 23:21:07,2015/09/30 23:21:51,43345.000000
planetlabtwo.ccs.neu.edu,node1.planetlab.mathcs.emory.edu,file1MB.txt,2015/09/30 23:21:51,2015/09/30 23:23:27,96202.000000
planetlab1.cs.purdue.edu,node1.planetlab.mathcs.emory.edu,file32B.txt,2015/09/30 23:23:27,2015/09/30 23:23:28,1480.000000
planetlab1.cs.purdue.edu,node1.planetlab.mathcs.emory.edu,file1KB.txt,2015/09/30 23:23:28,2015/09/30 23:23:28,440.000000
planetlab1.cs.purdue.edu,node1.planetlab.mathcs.emory.edu,file256KB.txt,2015/09/30 23:23:28,2015/09/30 23:24:14,46424.000000
planetlab1.cs.purdue.edu,node1.planetlab.mathcs.emory.edu,file512KB.txt,2015/09/30 23:24:14,2015/09/30 23:26:06,111111.000000
planetlab1.cs.purdue.edu,node1.planetlab.mathcs.emory.edu,file1MB.txt,2015/09/30 23:26:06,2015/09/30 23:29:16,190011.000000
planetlab2.tsuniv.edu,node1.planetlab.mathcs.emory.edu,file32B.txt,2015/09/30 23:29:16,2015/09/30 23:29:17,1526.000000
planetlab2.tsuniv.edu,node1.planetlab.mathcs.emory.edu,file1KB.txt,2015/09/30 23:29:17,2015/09/30 23:29:17,459.000000
planetlab2.tsuniv.edu,node1.planetlab.mathcs.emory.edu,file256KB.txt,2015/09/30 23:29:17,2015/09/30 23:29:51,34079.000000
planetlab2.tsuniv.edu,node1.planetlab.mathcs.emory.edu,file512KB.txt,2015/09/30 23:29:51,2015/09/30 23:30:59,68370.000000
planetlab2.tsuniv.edu,node1.planetlab.mathcs.emory.edu,file1MB.txt,2015/09/30 23:30:59,2015/09/30 23:33:14,134567.000000
planetlab1.tsuniv.edu,node1.planetlab.mathcs.emory.edu,file32B.txt,2015/09/30 23:33:14,2015/09/30 23:33:16,2699.000000
planetlab1.tsuniv.edu,node1.planetlab.mathcs.emory.edu,file1KB.txt,2015/09/30 23:33:16,2015/09/30 23:33:16,458.000000
planetlab1.tsuniv.edu,node1.planetlab.mathcs.emory.edu,file256KB.txt,2015/09/30 23:33:16,2015/09/30 23:33:50,33879.000000
planetlab1.tsuniv.edu,node1.planetlab.mathcs.emory.edu,file512KB.txt,2015/09/30 23:33:50,2015/09/30 23:35:54,124624.000000
planetlab1.tsuniv.edu,node1.planetlab.mathcs.emory.edu,file1MB.txt,2015/09/30 23:35:54,2015/09/30 23:44:33,-518565.000000
planetlab3.ucsd.edu,node1.planetlab.mathcs.emory.edu,file32B.txt,2015/09/30 23:44:33,2015/09/30 23:44:33,439.000000
planetlab3.ucsd.edu,node1.planetlab.mathcs.emory.edu,file1KB.txt,2015/09/30 23:44:33,2015/09/30 23:44:34,1564.000000
planetlab3.ucsd.edu,node1.planetlab.mathcs.emory.edu,file256KB.txt,2015/09/30 23:44:34,2015/09/30 23:45:06,31988.000000
planetlab3.ucsd.edu,node1.planetlab.mathcs.emory.edu,file512KB.txt,2015/09/30 23:45:06,2015/09/30 23:46:10,63987.000000
planetlab3.ucsd.edu,node1.planetlab.mathcs.emory.edu,file1MB.txt,2015/09/30 23:46:10,2015/09/30 23:48:18,127930.000000
node2.planetlab.mathcs.emory.edu,node1.planetlab.mathcs.emory.edu,file32B.txt,2015/09/30 23:48:18,2015/09/30 23:48:18,14.000000
node2.planetlab.mathcs.emory.edu,node1.planetlab.mathcs.emory.edu,file1KB.txt,2015/09/30 23:48:18,2015/09/30 23:48:18,7.000000
node2.planetlab.mathcs.emory.edu,node1.planetlab.mathcs.emory.edu,file256KB.txt,2015/09/30 23:48:18,2015/09/30 23:48:19,1629.000000
node2.planetlab.mathcs.emory.edu,node1.planetlab.mathcs.emory.edu,file512KB.txt,2015/09/30 23:48:19,2015/09/30 23:48:20,1246.000000
node2.planetlab.mathcs.emory.edu,node1.planetlab.mathcs.emory.edu,file1MB.txt,2015/09/30 23:48:20,2015/09/30 23:48:21,513.000000
planetlab5.csee.usf.edu,node1.planetlab.mathcs.emory.edu,file32B.txt,2015/09/30 23:48:21,2015/09/30 23:48:21,117.000000
planetlab5.csee.usf.edu,node1.planetlab.mathcs.emory.edu,file1KB.txt,2015/09/30 23:48:21,2015/09/30 23:48:21,108.000000
planetlab5.csee.usf.edu,node1.planetlab.mathcs.emory.edu,file256KB.txt,2015/09/30 23:48:21,2015/09/30 23:48:29,7964.000000
planetlab5.csee.usf.edu,node1.planetlab.mathcs.emory.edu,file512KB.txt,2015/09/30 23:48:29,2015/09/30 23:48:45,16307.000000
planetlab5.csee.usf.edu,node1.planetlab.mathcs.emory.edu,file1MB.txt,2015/09/30 23:48:45,2015/09/30 23:49:18,33336.000000
planetlab1.emich.edu,node1.planetlab.mathcs.emory.edu,file32B.txt,2015/09/30 23:49:18,2015/09/30 23:49:18,204.000000
planetlab1.emich.edu,node1.planetlab.mathcs.emory.edu,file1KB.txt,2015/09/30 23:49:18,2015/09/30 23:49:18,196.000000
planetlab1.emich.edu,node1.planetlab.mathcs.emory.edu,file256KB.txt,2015/09/30 23:49:18,2015/09/30 23:49:33,15427.000000
planetlab1.emich.edu,node1.planetlab.mathcs.emory.edu,file512KB.txt,2015/09/30 23:49:33,2015/09/30 23:50:01,27489.000000
planetlab1.emich.edu,node1.planetlab.mathcs.emory.edu,file1MB.txt,2015/09/30 23:50:01,2015/09/30 23:50:58,57024.000000
ebb.colgate.edu,node1.planetlab.mathcs.emory.edu,file32B.txt,2015/09/30 23:50:58,2015/09/30 23:50:58,182.000000
ebb.colgate.edu,node1.planetlab.mathcs.emory.edu,file1KB.txt,2015/09/30 23:50:58,2015/09/30 23:50:59,1809.000000
ebb.colgate.edu,node1.planetlab.mathcs.emory.edu,file256KB.txt,2015/09/30 23:50:59,2015/09/30 23:51:15,15326.000000
ebb.colgate.edu,node1.planetlab.mathcs.emory.edu,file512KB.txt,2015/09/30 23:51:15,2015/09/30 23:51:45,30085.000000
ebb.colgate.edu,node1.planetlab.mathcs.emory.edu,file1MB.txt,2015/09/30 23:51:45,2015/09/30 23:52:45,60175.000000
kc-sce-plab2.umkc.edu,node1.planetlab.mathcs.emory.edu,file32B.txt,2015/09/30 23:52:45,2015/09/30 23:52:56,10461.000000
kc-sce-plab2.umkc.edu,node1.planetlab.mathcs.emory.edu,file1KB.txt,2015/09/30 23:52:56,2015/09/30 23:53:09,13402.000000
kc-sce-plab2.umkc.edu,node1.planetlab.mathcs.emory.edu,file256KB.txt,2015/09/30 23:53:09,2015/10/01 00:01:14,485164.000000
kc-sce-plab2.umkc.edu,node1.planetlab.mathcs.emory.edu,file512KB.txt,2015/10/01 00:01:14,2015/10/01 00:10:51,576484.000000
kc-sce-plab2.umkc.edu,node1.planetlab.mathcs.emory.edu,file1MB.txt,2015/10/01 00:10:51,2015/10/01 00:15:05,254175.000000
node1.planetlab.mathcs.emory.edu,node1.planetlab.mathcs.emory.edu,file32B.txt,2015/10/01 00:15:05,2015/10/01 00:15:05,1.000000
node1.planetlab.mathcs.emory.edu,node1.planetlab.mathcs.emory.edu,file1KB.txt,2015/10/01 00:15:05,2015/10/01 00:15:05,0.000000
node1.planetlab.mathcs.emory.edu,node1.planetlab.mathcs.emory.edu,file256KB.txt,2015/10/01 00:15:05,2015/10/01 00:15:05,53.000000
node1.planetlab.mathcs.emory.edu,node1.planetlab.mathcs.emory.edu,file512KB.txt,2015/10/01 00:15:05,2015/10/01 00:15:05,47.000000
node1.planetlab.mathcs.emory.edu,node1.planetlab.mathcs.emory.edu,file1MB.txt,2015/10/01 00:15:05,2015/10/01 00:15:05,130.000000
pl1.cs.montana.edu,node1.planetlab.mathcs.emory.edu,file32B.txt,2015/10/01 00:15:05,2015/10/01 00:15:06,1256.000000
pl1.cs.montana.edu,node1.planetlab.mathcs.emory.edu,file1KB.txt,2015/10/01 00:15:06,2015/10/01 00:15:07,1234.000000
pl1.cs.montana.edu,node1.planetlab.mathcs.emory.edu,file256KB.txt,2015/10/01 00:15:07,2015/10/01 00:16:04,57395.000000
pl1.cs.montana.edu,node1.planetlab.mathcs.emory.edu,file512KB.txt,2015/10/01 00:16:04,2015/10/01 00:17:56,111525.000000
pl1.cs.montana.edu,node1.planetlab.mathcs.emory.edu,file1MB.txt,2015/10/01 00:17:56,2015/10/01 00:21:41,225287.000000
plab3.eece.ksu.edu,node1.planetlab.mathcs.emory.edu,file32B.txt,2015/10/01 00:22:02,2015/10/01 00:22:02,249.000000
plab3.eece.ksu.edu,node1.planetlab.mathcs.emory.edu,file1KB.txt,2015/10/01 00:22:02,2015/10/01 00:22:02,245.000000
plab3.eece.ksu.edu,node1.planetlab.mathcs.emory.edu,file256KB.txt,2015/10/01 00:22:02,2015/10/01 00:22:20,18036.000000
plab3.eece.ksu.edu,node1.planetlab.mathcs.emory.edu,file512KB.txt,2015/10/01 00:22:20,2015/10/01 00:22:56,36363.000000
plab3.eece.ksu.edu,node1.planetlab.mathcs.emory.edu,file1MB.txt,2015/10/01 00:22:56,2015/10/01 00:24:07,70669.000000
planet3.cc.gt.atl.ga.us,node1.planetlab.mathcs.emory.edu,file32B.txt,2015/10/01 00:24:07,2015/10/01 00:24:07,42.000000
planet3.cc.gt.atl.ga.us,node1.planetlab.mathcs.emory.edu,file1KB.txt,2015/10/01 00:24:07,2015/10/01 00:24:07,12.000000
planet3.cc.gt.atl.ga.us,node1.planetlab.mathcs.emory.edu,file256KB.txt,2015/10/01 00:24:07,2015/10/01 00:24:08,1038.000000
planet3.cc.gt.atl.ga.us,node1.planetlab.mathcs.emory.edu,file512KB.txt,2015/10/01 00:24:08,2015/10/01 00:24:10,2233.000000
planet3.cc.gt.atl.ga.us,node1.planetlab.mathcs.emory.edu,file1MB.txt,2015/10/01 00:24:10,2015/10/01 00:24:14,4100.000000
planetlab-02.bu.edu,node1.planetlab.mathcs.emory.edu,file32B.txt,2015/10/01 00:24:14,2015/10/01 00:24:14,291.000000
planetlab-02.bu.edu,node1.planetlab.mathcs.emory.edu,file1KB.txt,2015/10/01 00:24:14,2015/10/01 00:24:15,1710.000000
planetlab-02.bu.edu,node1.planetlab.mathcs.emory.edu,file256KB.txt,2015/10/01 00:24:15,2015/10/01 00:24:36,20576.000000
planetlab-02.bu.edu,node1.planetlab.mathcs.emory.edu,file512KB.txt,2015/10/01 00:24:36,2015/10/01 00:25:18,41790.000000
planetlab-02.bu.edu,node1.planetlab.mathcs.emory.edu,file1MB.txt,2015/10/01 00:25:18,2015/10/01 00:26:43,85571.000000
planetlab1.clemson.edu,node1.planetlab.mathcs.emory.edu,file32B.txt,2015/10/01 00:27:04,2015/10/01 00:27:04,166.000000
planetlab1.clemson.edu,node1.planetlab.mathcs.emory.edu,file1KB.txt,2015/10/01 00:27:04,2015/10/01 00:27:04,37.000000
planetlab1.clemson.edu,node1.planetlab.mathcs.emory.edu,file256KB.txt,2015/10/01 00:27:04,2015/10/01 00:27:07,3595.000000
planetlab1.clemson.edu,node1.planetlab.mathcs.emory.edu,file512KB.txt,2015/10/01 00:27:07,2015/10/01 00:27:11,3280.000000
planetlab1.clemson.edu,node1.planetlab.mathcs.emory.edu,file1MB.txt,2015/10/01 00:27:11,2015/10/01 00:27:21,10254.000000
planetlab1.cs.du.edu,node1.planetlab.mathcs.emory.edu,file32B.txt,2015/10/01 00:27:21,2015/10/01 00:27:21,274.000000
planetlab1.cs.du.edu,node1.planetlab.mathcs.emory.edu,file1KB.txt,2015/10/01 00:27:21,2015/10/01 00:27:22,1700.000000
planetlab1.cs.du.edu,node1.planetlab.mathcs.emory.edu,file256KB.txt,2015/10/01 00:27:22,2015/10/01 00:27:44,21528.000000
planetlab1.cs.du.edu,node1.planetlab.mathcs.emory.edu,file512KB.txt,2015/10/01 00:27:44,2015/10/01 00:28:28,44116.000000
planetlab1.cs.du.edu,node1.planetlab.mathcs.emory.edu,file1MB.txt,2015/10/01 00:28:28,2015/10/01 00:29:56,88311.000000
planetlab-1.cse.ohio-state.edu,node1.planetlab.mathcs.emory.edu,file32B.txt,2015/10/01 00:29:56,2015/10/01 00:29:58,1873.000000
planetlab-1.cse.ohio-state.edu,node1.planetlab.mathcs.emory.edu,file1KB.txt,2015/10/01 00:29:58,2015/10/01 00:30:00,1704.000000
planetlab-1.cse.ohio-state.edu,node1.planetlab.mathcs.emory.edu,file256KB.txt,2015/10/01 00:30:00,2015/10/01 00:35:49,349156.000000
planetlab-1.cse.ohio-state.edu,node1.planetlab.mathcs.emory.edu,file512KB.txt,2015/10/01 00:35:49,2015/10/01 00:56:18,-1228816.000000
planetlab-1.cse.ohio-state.edu,node1.planetlab.mathcs.emory.edu,file1MB.txt,2015/10/01 00:56:18,2015/10/01 01:39:05,-1727584.000000
planetlab1.cs.okstate.edu,node1.planetlab.mathcs.emory.edu,file32B.txt,2015/10/01 01:39:05,2015/10/01 01:39:05,232.000000
planetlab1.cs.okstate.edu,node1.planetlab.mathcs.emory.edu,file1KB.txt,2015/10/01 01:39:05,2015/10/01 01:39:05,268.000000
planetlab1.cs.okstate.edu,node1.planetlab.mathcs.emory.edu,file256KB.txt,2015/10/01 01:39:05,2015/10/01 01:39:25,19993.000000
planetlab1.cs.okstate.edu,node1.planetlab.mathcs.emory.edu,file512KB.txt,2015/10/01 01:39:25,2015/10/01 01:40:05,40010.000000
planetlab1.cs.okstate.edu,node1.planetlab.mathcs.emory.edu,file1MB.txt,2015/10/01 01:40:05,2015/10/01 01:41:24,79585.000000
planetlab1.cs.ucla.edu,node1.planetlab.mathcs.emory.edu,file32B.txt,2015/10/01 01:41:24,2015/10/01 01:41:24,358.000000
planetlab1.cs.ucla.edu,node1.planetlab.mathcs.emory.edu,file1KB.txt,2015/10/01 01:41:24,2015/10/01 01:41:25,1586.000000
planetlab1.cs.ucla.edu,node1.planetlab.mathcs.emory.edu,file256KB.txt,2015/10/01 01:41:25,2015/10/01 01:41:57,31115.000000
planetlab1.cs.ucla.edu,node1.planetlab.mathcs.emory.edu,file512KB.txt,2015/10/01 01:41:57,2015/10/01 01:43:01,64370.000000
planetlab1.cs.ucla.edu,node1.planetlab.mathcs.emory.edu,file1MB.txt,2015/10/01 01:43:01,2015/10/01 01:45:08,126659.000000
planetlab1.csuohio.edu,node1.planetlab.mathcs.emory.edu,file32B.txt,2015/10/01 01:45:08,2015/10/01 01:45:09,1483.000000
planetlab1.csuohio.edu,node1.planetlab.mathcs.emory.edu,file1KB.txt,2015/10/01 01:45:09,2015/10/01 01:45:09,453.000000
planetlab1.csuohio.edu,node1.planetlab.mathcs.emory.edu,file256KB.txt,2015/10/01 01:45:09,2015/10/01 01:45:39,30769.000000
planetlab1.csuohio.edu,node1.planetlab.mathcs.emory.edu,file512KB.txt,2015/10/01 01:45:39,2015/10/01 01:46:17,38010.000000
planetlab1.csuohio.edu,node1.planetlab.mathcs.emory.edu,file1MB.txt,2015/10/01 01:46:17,2015/10/01 01:47:33,75412.000000
planetlab1.emich.edu,node1.planetlab.mathcs.emory.edu,file32B.txt,2015/10/01 01:47:33,2015/10/01 01:47:33,167.000000
planetlab1.emich.edu,node1.planetlab.mathcs.emory.edu,file1KB.txt,2015/10/01 01:47:33,2015/10/01 01:47:34,1805.000000
planetlab1.emich.edu,node1.planetlab.mathcs.emory.edu,file256KB.txt,2015/10/01 01:47:34,2015/10/01 01:47:48,13543.000000
planetlab1.emich.edu,node1.planetlab.mathcs.emory.edu,file512KB.txt,2015/10/01 01:47:48,2015/10/01 01:48:17,29018.000000
planetlab1.emich.edu,node1.planetlab.mathcs.emory.edu,file1MB.txt,2015/10/01 01:48:17,2015/10/01 01:49:14,56593.000000
planetlab1.ucsd.edu,node1.planetlab.mathcs.emory.edu,file32B.txt,2015/10/01 01:49:35,2015/10/01 01:49:36,1625.000000
planetlab1.ucsd.edu,node1.planetlab.mathcs.emory.edu,file1KB.txt,2015/10/01 01:49:36,2015/10/01 01:49:36,432.000000
planetlab1.ucsd.edu,node1.planetlab.mathcs.emory.edu,file256KB.txt,2015/10/01 01:49:36,2015/10/01 01:50:09,33590.000000
planetlab1.ucsd.edu,node1.planetlab.mathcs.emory.edu,file512KB.txt,2015/10/01 01:50:09,2015/10/01 01:51:13,63428.000000
planetlab1.ucsd.edu,node1.planetlab.mathcs.emory.edu,file1MB.txt,2015/10/01 01:51:13,2015/10/01 01:53:21,127883.000000
planetlab2.acis.ufl.edu,node1.planetlab.mathcs.emory.edu,file32B.txt,2015/10/01 01:53:21,2015/10/01 01:53:21,98.000000
planetlab2.acis.ufl.edu,node1.planetlab.mathcs.emory.edu,file1KB.txt,2015/10/01 01:53:21,2015/10/01 01:53:21,110.000000
planetlab2.acis.ufl.edu,node1.planetlab.mathcs.emory.edu,file256KB.txt,2015/10/01 01:53:21,2015/10/01 01:53:30,9886.000000
planetlab2.acis.ufl.edu,node1.planetlab.mathcs.emory.edu,file512KB.txt,2015/10/01 01:53:30,2015/10/01 01:53:46,15892.000000
planetlab2.acis.ufl.edu,node1.planetlab.mathcs.emory.edu,file1MB.txt,2015/10/01 01:53:46,2015/10/01 01:54:18,31848.000000
planetlab2.arizona-gigapop.net,node1.planetlab.mathcs.emory.edu,file32B.txt,2015/10/01 01:54:18,2015/10/01 01:54:18,287.000000
planetlab2.arizona-gigapop.net,node1.planetlab.mathcs.emory.edu,file1KB.txt,2015/10/01 01:54:18,2015/10/01 01:54:18,333.000000
planetlab2.arizona-gigapop.net,node1.planetlab.mathcs.emory.edu,file256KB.txt,2015/10/01 01:54:18,2015/10/01 01:54:43,25301.000000
planetlab2.arizona-gigapop.net,node1.planetlab.mathcs.emory.edu,file512KB.txt,2015/10/01 01:54:43,2015/10/01 01:55:32,48709.000000
planetlab2.arizona-gigapop.net,node1.planetlab.mathcs.emory.edu,file1MB.txt,2015/10/01 01:55:32,2015/10/01 01:57:11,99889.000000
planetlab2.citadel.edu,node1.planetlab.mathcs.emory.edu,file32B.txt,2015/10/01 01:57:11,2015/10/01 01:57:11,401.000000
planetlab2.citadel.edu,node1.planetlab.mathcs.emory.edu,file1KB.txt,2015/10/01 01:57:11,2015/10/01 01:57:11,454.000000
planetlab2.citadel.edu,node1.planetlab.mathcs.emory.edu,file256KB.txt,2015/10/01 01:57:11,2015/10/01 01:57:45,34359.000000
planetlab2.citadel.edu,node1.planetlab.mathcs.emory.edu,file512KB.txt,2015/10/01 01:57:45,2015/10/01 01:58:53,68324.000000
planetlab2.citadel.edu,node1.planetlab.mathcs.emory.edu,file1MB.txt,2015/10/01 01:58:53,2015/10/01 02:01:11,138220.000000
planetlab2.cs.pitt.edu,node1.planetlab.mathcs.emory.edu,file32B.txt,2015/10/01 02:01:11,2015/10/01 02:01:11,149.000000
planetlab2.cs.pitt.edu,node1.planetlab.mathcs.emory.edu,file1KB.txt,2015/10/01 02:01:11,2015/10/01 02:01:11,173.000000
planetlab2.cs.pitt.edu,node1.planetlab.mathcs.emory.edu,file256KB.txt,2015/10/01 02:01:11,2015/10/01 02:01:24,13281.000000
planetlab2.cs.pitt.edu,node1.planetlab.mathcs.emory.edu,file512KB.txt,2015/10/01 02:01:24,2015/10/01 02:01:48,23427.000000
planetlab2.cs.pitt.edu,node1.planetlab.mathcs.emory.edu,file1MB.txt,2015/10/01 02:01:48,2015/10/01 02:02:41,52985.000000
planetlab2.cs.purdue.edu,node1.planetlab.mathcs.emory.edu,file32B.txt,2015/10/01 02:02:41,2015/10/01 02:02:42,1731.000000
planetlab2.cs.purdue.edu,node1.planetlab.mathcs.emory.edu,file1KB.txt,2015/10/01 02:02:42,2015/10/01 02:02:42,313.000000
planetlab2.cs.purdue.edu,node1.planetlab.mathcs.emory.edu,file256KB.txt,2015/10/01 02:02:42,2015/10/01 02:03:22,39623.000000
planetlab2.cs.purdue.edu,node1.planetlab.mathcs.emory.edu,file512KB.txt,2015/10/01 02:03:22,2015/10/01 02:04:39,77454.000000
planetlab2.cs.purdue.edu,node1.planetlab.mathcs.emory.edu,file1MB.txt,2015/10/01 02:04:39,2015/10/01 02:07:49,-190195.000000
planetlab2.cs.uml.edu,node1.planetlab.mathcs.emory.edu,file32B.txt,2015/10/01 02:08:31,2015/10/01 02:08:31,280.000000
planetlab2.cs.uml.edu,node1.planetlab.mathcs.emory.edu,file1KB.txt,2015/10/01 02:08:31,2015/10/01 02:08:31,329.000000
planetlab2.cs.uml.edu,node1.planetlab.mathcs.emory.edu,file256KB.txt,2015/10/01 02:08:31,2015/10/01 02:08:56,25730.000000
planetlab2.cs.uml.edu,node1.planetlab.mathcs.emory.edu,file512KB.txt,2015/10/01 02:08:56,2015/10/01 02:09:46,49379.000000
planetlab2.cs.uml.edu,node1.planetlab.mathcs.emory.edu,file1MB.txt,2015/10/01 02:09:46,2015/10/01 02:11:22,96501.000000
planetlab2.cs.unc.edu,node1.planetlab.mathcs.emory.edu,file32B.txt,2015/10/01 02:11:22,2015/10/01 02:11:22,92.000000
planetlab2.cs.unc.edu,node1.planetlab.mathcs.emory.edu,file1KB.txt,2015/10/01 02:11:22,2015/10/01 02:11:22,106.000000
planetlab2.cs.unc.edu,node1.planetlab.mathcs.emory.edu,file256KB.txt,2015/10/01 02:11:22,2015/10/01 02:11:30,8141.000000
planetlab2.cs.unc.edu,node1.planetlab.mathcs.emory.edu,file512KB.txt,2015/10/01 02:11:30,2015/10/01 02:11:46,15924.000000
planetlab2.cs.unc.edu,node1.planetlab.mathcs.emory.edu,file1MB.txt,2015/10/01 02:11:46,2015/10/01 02:12:17,30435.000000
planetlab2.cs.uoregon.edu,node1.planetlab.mathcs.emory.edu,file32B.txt,2015/10/01 02:12:17,2015/10/01 02:12:18,1558.000000
planetlab2.cs.uoregon.edu,node1.planetlab.mathcs.emory.edu,file1KB.txt,2015/10/01 02:12:18,2015/10/01 02:12:18,515.000000
planetlab2.cs.uoregon.edu,node1.planetlab.mathcs.emory.edu,file256KB.txt,2015/10/01 02:12:18,2015/10/01 02:12:57,39910.000000
planetlab2.cs.uoregon.edu,node1.planetlab.mathcs.emory.edu,file512KB.txt,2015/10/01 02:12:57,2015/10/01 02:14:12,74646.000000
planetlab2.cs.uoregon.edu,node1.planetlab.mathcs.emory.edu,file1MB.txt,2015/10/01 02:14:12,2015/10/01 02:16:43,151147.000000
planetlab2.temple.edu,node1.planetlab.mathcs.emory.edu,file32B.txt,2015/10/01 02:16:43,2015/10/01 02:16:43,119.000000
planetlab2.temple.edu,node1.planetlab.mathcs.emory.edu,file1KB.txt,2015/10/01 02:16:43,2015/10/01 02:16:43,136.000000
planetlab2.temple.edu,node1.planetlab.mathcs.emory.edu,file256KB.txt,2015/10/01 02:16:43,2015/10/01 02:16:53,9842.000000
planetlab2.temple.edu,node1.planetlab.mathcs.emory.edu,file512KB.txt,2015/10/01 02:16:53,2015/10/01 02:17:13,20264.000000
planetlab2.temple.edu,node1.planetlab.mathcs.emory.edu,file1MB.txt,2015/10/01 02:17:13,2015/10/01 02:17:52,38545.000000
planetlab2.unl.edu,node1.planetlab.mathcs.emory.edu,file32B.txt,2015/10/01 02:17:52,2015/10/01 02:17:53,1779.000000
planetlab2.unl.edu,node1.planetlab.mathcs.emory.edu,file1KB.txt,2015/10/01 02:17:53,2015/10/01 02:17:53,251.000000
planetlab2.unl.edu,node1.planetlab.mathcs.emory.edu,file256KB.txt,2015/10/01 02:17:53,2015/10/01 02:18:12,19159.000000
planetlab2.unl.edu,node1.planetlab.mathcs.emory.edu,file512KB.txt,2015/10/01 02:18:12,2015/10/01 02:18:49,36706.000000
planetlab2.unl.edu,node1.planetlab.mathcs.emory.edu,file1MB.txt,2015/10/01 02:18:49,2015/10/01 02:20:03,73719.000000
planetlab2.unr.edu,node1.planetlab.mathcs.emory.edu,file32B.txt,2015/10/01 02:20:03,2015/10/01 02:20:04,1635.000000
planetlab2.unr.edu,node1.planetlab.mathcs.emory.edu,file1KB.txt,2015/10/01 02:20:04,2015/10/01 02:20:04,424.000000
planetlab2.unr.edu,node1.planetlab.mathcs.emory.edu,file256KB.txt,2015/10/01 02:20:04,2015/10/01 02:20:35,30902.000000
planetlab2.unr.edu,node1.planetlab.mathcs.emory.edu,file512KB.txt,2015/10/01 02:20:35,2015/10/01 02:21:37,62029.000000
planetlab2.unr.edu,node1.planetlab.mathcs.emory.edu,file1MB.txt,2015/10/01 02:21:37,2015/10/01 02:23:41,124338.000000
planetlab2.uta.edu,node1.planetlab.mathcs.emory.edu,file32B.txt,2015/10/01 02:23:41,2015/10/01 02:23:41,248.000000
planetlab2.uta.edu,node1.planetlab.mathcs.emory.edu,file1KB.txt,2015/10/01 02:23:41,2015/10/01 02:23:41,287.000000
planetlab2.uta.edu,node1.planetlab.mathcs.emory.edu,file256KB.txt,2015/10/01 02:23:41,2015/10/01 02:24:02,20863.000000
planetlab2.uta.edu,node1.planetlab.mathcs.emory.edu,file512KB.txt,2015/10/01 02:24:02,2015/10/01 02:24:45,43683.000000
planetlab2.uta.edu,node1.planetlab.mathcs.emory.edu,file1MB.txt,2015/10/01 02:24:45,2015/10/01 02:26:10,84998.000000
planetlab2.utdallas.edu,node1.planetlab.mathcs.emory.edu,file32B.txt,2015/10/01 02:26:10,2015/10/01 02:26:10,191.000000
planetlab2.utdallas.edu,node1.planetlab.mathcs.emory.edu,file1KB.txt,2015/10/01 02:26:10,2015/10/01 02:26:10,222.000000
planetlab2.utdallas.edu,node1.planetlab.mathcs.emory.edu,file256KB.txt,2015/10/01 02:26:10,2015/10/01 02:26:27,17610.000000
planetlab2.utdallas.edu,node1.planetlab.mathcs.emory.edu,file512KB.txt,2015/10/01 02:26:27,2015/10/01 02:26:59,31584.000000
planetlab2.utdallas.edu,node1.planetlab.mathcs.emory.edu,file1MB.txt,2015/10/01 02:26:59,2015/10/01 02:28:04,64879.000000
planetlab3.eecs.umich.edu,node1.planetlab.mathcs.emory.edu,file32B.txt,2015/10/01 02:28:04,2015/10/01 02:28:04,154.000000
planetlab3.eecs.umich.edu,node1.planetlab.mathcs.emory.edu,file1KB.txt,2015/10/01 02:28:04,2015/10/01 02:28:04,179.000000
planetlab3.eecs.umich.edu,node1.planetlab.mathcs.emory.edu,file256KB.txt,2015/10/01 02:28:04,2015/10/01 02:28:18,14873.000000
planetlab3.eecs.umich.edu,node1.planetlab.mathcs.emory.edu,file512KB.txt,2015/10/01 02:28:18,2015/10/01 02:28:44,25659.000000
planetlab3.eecs.umich.edu,node1.planetlab.mathcs.emory.edu,file1MB.txt,2015/10/01 02:28:44,2015/10/01 02:29:36,51618.000000
planetlab3.rutgers.edu,node1.planetlab.mathcs.emory.edu,file32B.txt,2015/10/01 02:29:36,2015/10/01 02:29:36,128.000000
planetlab3.rutgers.edu,node1.planetlab.mathcs.emory.edu,file1KB.txt,2015/10/01 02:29:36,2015/10/01 02:29:37,1853.000000
planetlab3.rutgers.edu,node1.planetlab.mathcs.emory.edu,file256KB.txt,2015/10/01 02:29:37,2015/10/01 02:29:47,9392.000000
planetlab3.rutgers.edu,node1.planetlab.mathcs.emory.edu,file512KB.txt,2015/10/01 02:29:47,2015/10/01 02:30:08,20817.000000
planetlab3.rutgers.edu,node1.planetlab.mathcs.emory.edu,file1MB.txt,2015/10/01 02:30:08,2015/10/01 02:30:50,41914.000000
planetlab3.wail.wisc.edu,node1.planetlab.mathcs.emory.edu,file32B.txt,2015/10/01 02:30:50,2015/10/01 02:30:51,1771.000000
planetlab3.wail.wisc.edu,node1.planetlab.mathcs.emory.edu,file1KB.txt,2015/10/01 02:30:51,2015/10/01 02:30:51,271.000000
planetlab3.wail.wisc.edu,node1.planetlab.mathcs.emory.edu,file256KB.txt,2015/10/01 02:30:51,2015/10/01 02:31:10,18521.000000
planetlab3.wail.wisc.edu,node1.planetlab.mathcs.emory.edu,file512KB.txt,2015/10/01 02:31:10,2015/10/01 02:31:50,40888.000000
planetlab3.wail.wisc.edu,node1.planetlab.mathcs.emory.edu,file1MB.txt,2015/10/01 02:31:50,2015/10/01 02:33:07,76680.000000
planetlab4.tamu.edu,node1.planetlab.mathcs.emory.edu,file32B.txt,2015/10/01 02:33:07,2015/10/01 02:33:07,264.000000
planetlab4.tamu.edu,node1.planetlab.mathcs.emory.edu,file1KB.txt,2015/10/01 02:33:07,2015/10/01 02:33:07,309.000000
planetlab4.tamu.edu,node1.planetlab.mathcs.emory.edu,file256KB.txt,2015/10/01 02:33:07,2015/10/01 02:33:30,23411.000000
planetlab4.tamu.edu,node1.planetlab.mathcs.emory.edu,file512KB.txt,2015/10/01 02:33:30,2015/10/01 02:34:15,44931.000000
planetlab4.tamu.edu,node1.planetlab.mathcs.emory.edu,file1MB.txt,2015/10/01 02:34:15,2015/10/01 02:35:45,89771.000000
planetlab-5.eecs.cwru.edu,node1.planetlab.mathcs.emory.edu,file32B.txt,2015/10/01 02:35:45,2015/10/01 02:35:45,170.000000
planetlab-5.eecs.cwru.edu,node1.planetlab.mathcs.emory.edu,file1KB.txt,2015/10/01 02:35:45,2015/10/01 02:35:46,1801.000000
planetlab-5.eecs.cwru.edu,node1.planetlab.mathcs.emory.edu,file256KB.txt,2015/10/01 02:35:46,2015/10/01 02:36:00,13413.000000
planetlab-5.eecs.cwru.edu,node1.planetlab.mathcs.emory.edu,file512KB.txt,2015/10/01 02:36:00,2015/10/01 02:36:29,28995.000000
planetlab-5.eecs.cwru.edu,node1.planetlab.mathcs.emory.edu,file1MB.txt,2015/10/01 02:36:29,2015/10/01 02:37:27,58124.000000
planetlabone.ccs.neu.edu,node1.planetlab.mathcs.emory.edu,file32B.txt,2015/10/01 02:37:27,2015/10/01 02:37:27,262.000000
planetlabone.ccs.neu.edu,node1.planetlab.mathcs.emory.edu,file1KB.txt,2015/10/01 02:37:27,2015/10/01 02:37:28,1695.000000
planetlabone.ccs.neu.edu,node1.planetlab.mathcs.emory.edu,file256KB.txt,2015/10/01 02:37:28,2015/10/01 02:37:50,21753.000000
planetlabone.ccs.neu.edu,node1.planetlab.mathcs.emory.edu,file512KB.txt,2015/10/01 02:37:50,2015/10/01 02:38:34,43594.000000
planetlabone.ccs.neu.edu,node1.planetlab.mathcs.emory.edu,file1MB.txt,2015/10/01 02:38:34,2015/10/01 02:40:02,88219.000000
pl-node-0.csl.sri.com,node1.planetlab.mathcs.emory.edu,file32B.txt,2015/10/01 02:40:02,2015/10/01 02:40:03,1377.000000
pl-node-0.csl.sri.com,node1.planetlab.mathcs.emory.edu,file1KB.txt,2015/10/01 02:40:03,2015/10/01 02:40:03,536.000000
pl-node-0.csl.sri.com,node1.planetlab.mathcs.emory.edu,file256KB.txt,2015/10/01 02:40:03,2015/10/01 02:40:43,40359.000000
pl-node-0.csl.sri.com,node1.planetlab.mathcs.emory.edu,file512KB.txt,2015/10/01 02:40:43,2015/10/01 02:42:02,78923.000000
pl-node-0.csl.sri.com,node1.planetlab.mathcs.emory.edu,file1MB.txt,2015/10/01 02:42:02,2015/10/01 02:44:37,154830.000000
ricepl-5.cs.rice.edu,node1.planetlab.mathcs.emory.edu,file32B.txt,2015/10/01 02:44:37,2015/10/01 02:44:38,1721.000000
ricepl-5.cs.rice.edu,node1.planetlab.mathcs.emory.edu,file1KB.txt,2015/10/01 02:44:38,2015/10/01 02:44:38,325.000000
ricepl-5.cs.rice.edu,node1.planetlab.mathcs.emory.edu,file256KB.txt,2015/10/01 02:44:38,2015/10/01 02:45:01,22421.000000
ricepl-5.cs.rice.edu,node1.planetlab.mathcs.emory.edu,file512KB.txt,2015/10/01 02:45:01,2015/10/01 02:45:49,48647.000000
ricepl-5.cs.rice.edu,node1.planetlab.mathcs.emory.edu,file1MB.txt,2015/10/01 02:45:49,2015/10/01 02:47:23,93500.000000
salt.planetlab.cs.umd.edu,node1.planetlab.mathcs.emory.edu,file32B.txt,2015/10/01 02:47:23,2015/10/01 02:47:23,104.000000
salt.planetlab.cs.umd.edu,node1.planetlab.mathcs.emory.edu,file1KB.txt,2015/10/01 02:47:23,2015/10/01 02:47:24,1877.000000
salt.planetlab.cs.umd.edu,node1.planetlab.mathcs.emory.edu,file256KB.txt,2015/10/01 02:47:24,2015/10/01 02:47:32,7422.000000
salt.planetlab.cs.umd.edu,node1.planetlab.mathcs.emory.edu,file512KB.txt,2015/10/01 02:47:32,2015/10/01 02:47:49,16745.000000
salt.planetlab.cs.umd.edu,node1.planetlab.mathcs.emory.edu,file1MB.txt,2015/10/01 02:47:49,2015/10/01 02:48:24,35514.000000
pl1.eecs.utk.edu,node1.planetlab.mathcs.emory.edu,file32B.txt,2015/10/01 02:48:24,2015/10/01 02:48:24,379.000000
pl1.eecs.utk.edu,node1.planetlab.mathcs.emory.edu,file1KB.txt,2015/10/01 02:48:24,2015/10/01 02:48:25,1322.000000
pl1.eecs.utk.edu,node1.planetlab.mathcs.emory.edu,file256KB.txt,2015/10/01 02:48:25,2015/10/01 02:49:40,75211.000000
pl1.eecs.utk.edu,node1.planetlab.mathcs.emory.edu,file512KB.txt,2015/10/01 02:49:40,2015/10/01 02:53:13,212891.000000
pl1.eecs.utk.edu,node1.planetlab.mathcs.emory.edu,file1MB.txt,2015/10/01 02:53:13,2015/10/01 02:59:46,392686.000000
planetlab-01.vt.nodes.planet-lab.org,node1.planetlab.mathcs.emory.edu,file32B.txt,2015/10/01 02:59:46,2015/10/01 02:59:46,166.000000
planetlab-01.vt.nodes.planet-lab.org,node1.planetlab.mathcs.emory.edu,file1KB.txt,2015/10/01 02:59:46,2015/10/01 02:59:46,92.000000
planetlab-01.vt.nodes.planet-lab.org,node1.planetlab.mathcs.emory.edu,file256KB.txt,2015/10/01 02:59:46,2015/10/01 02:59:55,9463.000000
planetlab-01.vt.nodes.planet-lab.org,node1.planetlab.mathcs.emory.edu,file512KB.txt,2015/10/01 02:59:55,2015/10/01 03:00:09,14428.000000
planetlab-01.vt.nodes.planet-lab.org,node1.planetlab.mathcs.emory.edu,file1MB.txt,2015/10/01 03:00:09,2015/10/01 03:00:36,26831.000000
planetlab-04.vt.nodes.planet-lab.org,node1.planetlab.mathcs.emory.edu,file32B.txt,2015/10/01 03:00:36,2015/10/01 03:00:36,282.000000
planetlab-04.vt.nodes.planet-lab.org,node1.planetlab.mathcs.emory.edu,file1KB.txt,2015/10/01 03:00:36,2015/10/01 03:00:36,93.000000
planetlab-04.vt.nodes.planet-lab.org,node1.planetlab.mathcs.emory.edu,file256KB.txt,2015/10/01 03:00:36,2015/10/01 03:00:43,7373.000000
planetlab-04.vt.nodes.planet-lab.org,node1.planetlab.mathcs.emory.edu,file512KB.txt,2015/10/01 03:00:43,2015/10/01 03:00:56,12689.000000
planetlab-04.vt.nodes.planet-lab.org,node1.planetlab.mathcs.emory.edu,file1MB.txt,2015/10/01 03:00:56,2015/10/01 03:01:22,25727.000000
planetlab-4.eecs.cwru.edu,node1.planetlab.mathcs.emory.edu,file32B.txt,2015/10/01 03:01:22,2015/10/01 03:01:22,200.000000
planetlab-4.eecs.cwru.edu,node1.planetlab.mathcs.emory.edu,file1KB.txt,2015/10/01 03:01:22,2015/10/01 03:01:23,1803.000000
planetlab-4.eecs.cwru.edu,node1.planetlab.mathcs.emory.edu,file256KB.txt,2015/10/01 03:01:23,2015/10/01 03:01:37,13272.000000
planetlab-4.eecs.cwru.edu,node1.planetlab.mathcs.emory.edu,file512KB.txt,2015/10/01 03:01:37,2015/10/01 03:02:06,29135.000000
planetlab-4.eecs.cwru.edu,node1.planetlab.mathcs.emory.edu,file1MB.txt,2015/10/01 03:02:06,2015/10/01 03:03:04,58278.000000
planetlab01.cs.washington.edu,node1.planetlab.mathcs.emory.edu,file32B.txt,2015/10/01 03:03:04,2015/10/01 03:03:04,480.000000
planetlab01.cs.washington.edu,node1.planetlab.mathcs.emory.edu,file1KB.txt,2015/10/01 03:03:04,2015/10/01 03:03:05,1520.000000
planetlab01.cs.washington.edu,node1.planetlab.mathcs.emory.edu,file256KB.txt,2015/10/01 03:03:05,2015/10/01 03:03:40,34862.000000
planetlab01.cs.washington.edu,node1.planetlab.mathcs.emory.edu,file512KB.txt,2015/10/01 03:03:40,2015/10/01 03:04:50,70177.000000
planetlab01.cs.washington.edu,node1.planetlab.mathcs.emory.edu,file1MB.txt,2015/10/01 03:04:50,2015/10/01 03:07:10,140374.000000
planetlab02.cs.washington.edu,node1.planetlab.mathcs.emory.edu,file32B.txt,2015/10/01 03:07:10,2015/10/01 03:07:10,481.000000
planetlab02.cs.washington.edu,node1.planetlab.mathcs.emory.edu,file1KB.txt,2015/10/01 03:07:10,2015/10/01 03:07:10,477.000000
planetlab02.cs.washington.edu,node1.planetlab.mathcs.emory.edu,file256KB.txt,2015/10/01 03:07:10,2015/10/01 03:07:46,36484.000000
planetlab02.cs.washington.edu,node1.planetlab.mathcs.emory.edu,file512KB.txt,2015/10/01 03:07:46,2015/10/01 03:08:57,70879.000000
planetlab02.cs.washington.edu,node1.planetlab.mathcs.emory.edu,file1MB.txt,2015/10/01 03:08:57,2015/10/01 03:11:17,140064.000000
planetlab1.arizona-gigapop.net,node1.planetlab.mathcs.emory.edu,file32B.txt,2015/10/01 03:11:17,2015/10/01 03:11:17,381.000000
planetlab1.arizona-gigapop.net,node1.planetlab.mathcs.emory.edu,file1KB.txt,2015/10/01 03:11:17,2015/10/01 03:11:18,1666.000000
planetlab1.arizona-gigapop.net,node1.planetlab.mathcs.emory.edu,file256KB.txt,2015/10/01 03:11:18,2015/10/01 03:11:43,25053.000000
planetlab1.arizona-gigapop.net,node1.planetlab.mathcs.emory.edu,file512KB.txt,2015/10/01 03:11:43,2015/10/01 03:12:32,49003.000000
planetlab1.arizona-gigapop.net,node1.planetlab.mathcs.emory.edu,file1MB.txt,2015/10/01 03:12:32,2015/10/01 03:14:10,98093.000000
planetlab1.cs.unc.edu,node1.planetlab.mathcs.emory.edu,file32B.txt,2015/10/01 03:14:10,2015/10/01 03:14:10,99.000000
planetlab1.cs.unc.edu,node1.planetlab.mathcs.emory.edu,file1KB.txt,2015/10/01 03:14:10,2015/10/01 03:14:10,99.000000
planetlab1.cs.unc.edu,node1.planetlab.mathcs.emory.edu,file256KB.txt,2015/10/01 03:14:10,2015/10/01 03:14:17,7055.000000
planetlab1.cs.unc.edu,node1.planetlab.mathcs.emory.edu,file512KB.txt,2015/10/01 03:14:17,2015/10/01 03:14:30,12413.000000
planetlab1.cs.unc.edu,node1.planetlab.mathcs.emory.edu,file1MB.txt,2015/10/01 03:14:30,2015/10/01 03:14:58,28186.000000
planet3.cc.gt.atl.ga.us,node1.planetlab.mathcs.emory.edu,file32B.txt,2015/10/01 03:14:58,2015/10/01 03:14:59,1945.000000
planet3.cc.gt.atl.ga.us,node1.planetlab.mathcs.emory.edu,file1KB.txt,2015/10/01 03:14:59,2015/10/01 03:14:59,13.000000
planet3.cc.gt.atl.ga.us,node1.planetlab.mathcs.emory.edu,file256KB.txt,2015/10/01 03:14:59,2015/10/01 03:15:00,663.000000
planet3.cc.gt.atl.ga.us,node1.planetlab.mathcs.emory.edu,file512KB.txt,2015/10/01 03:15:00,2015/10/01 03:15:02,2098.000000
planet3.cc.gt.atl.ga.us,node1.planetlab.mathcs.emory.edu,file1MB.txt,2015/10/01 03:15:02,2015/10/01 03:15:06,3328.000000
