planetlab1.unr.edu,salt.planetlab.cs.umd.edu,file32B.txt,2015/09/30 21:13:27,2015/09/30 21:13:28,1516.000000
planetlab1.unr.edu,salt.planetlab.cs.umd.edu,file1KB.txt,2015/09/30 21:13:28,2015/09/30 21:13:28,423.000000
planetlab1.unr.edu,salt.planetlab.cs.umd.edu,file256KB.txt,2015/09/30 21:13:28,2015/09/30 21:13:59,31018.000000
planetlab1.unr.edu,salt.planetlab.cs.umd.edu,file512KB.txt,2015/09/30 21:13:59,2015/09/30 21:15:01,62279.000000
planetlab1.unr.edu,salt.planetlab.cs.umd.edu,file1MB.txt,2015/09/30 21:15:01,2015/09/30 21:17:04,123081.000000
pl2.cs.unm.edu,salt.planetlab.cs.umd.edu,file32B.txt,2015/09/30 21:17:04,2015/09/30 21:17:04,421.000000
pl2.cs.unm.edu,salt.planetlab.cs.umd.edu,file1KB.txt,2015/09/30 21:17:04,2015/09/30 21:17:04,357.000000
pl2.cs.unm.edu,salt.planetlab.cs.umd.edu,file256KB.txt,2015/09/30 21:17:04,2015/09/30 21:17:30,25895.000000
pl2.cs.unm.edu,salt.planetlab.cs.umd.edu,file512KB.txt,2015/09/30 21:17:30,2015/09/30 21:18:23,53638.000000
pl2.cs.unm.edu,salt.planetlab.cs.umd.edu,file1MB.txt,2015/09/30 21:18:23,2015/09/30 21:20:06,102437.000000
planetlab2.cnis.nyit.edu,salt.planetlab.cs.umd.edu,file32B.txt,2015/09/30 21:20:06,2015/09/30 21:20:07,1869.000000
planetlab2.cnis.nyit.edu,salt.planetlab.cs.umd.edu,file1KB.txt,2015/09/30 21:20:07,2015/09/30 21:20:07,121.000000
planetlab2.cnis.nyit.edu,salt.planetlab.cs.umd.edu,file256KB.txt,2015/09/30 21:20:07,2015/09/30 21:20:16,8792.000000
planetlab2.cnis.nyit.edu,salt.planetlab.cs.umd.edu,file512KB.txt,2015/09/30 21:20:16,2015/09/30 21:20:35,-18966.000000
planetlab2.cnis.nyit.edu,salt.planetlab.cs.umd.edu,file1MB.txt,2015/09/30 21:20:35,2015/09/30 21:21:12,36579.000000
planetlab2.rutgers.edu,salt.planetlab.cs.umd.edu,file32B.txt,2015/09/30 21:21:12,2015/09/30 21:21:17,5509.000000
planetlab2.rutgers.edu,salt.planetlab.cs.umd.edu,file1KB.txt,2015/09/30 21:21:17,2015/09/30 21:21:25,7742.000000
planetlab2.rutgers.edu,salt.planetlab.cs.umd.edu,file256KB.txt,2015/09/30 21:21:25,2015/09/30 21:45:31,1446408.000000
planetlab2.rutgers.edu,salt.planetlab.cs.umd.edu,file512KB.txt,2015/09/30 21:45:31,2015/09/30 22:25:57,-1869703.000000
planetlab2.rutgers.edu,salt.planetlab.cs.umd.edu,file1MB.txt,2015/09/30 22:25:57,2015/09/30 23:25:08,743678.000000
planetlab2.cs.du.edu,salt.planetlab.cs.umd.edu,file32B.txt,2015/09/30 23:25:08,2015/09/30 23:25:08,303.000000
planetlab2.cs.du.edu,salt.planetlab.cs.umd.edu,file1KB.txt,2015/09/30 23:25:08,2015/09/30 23:25:09,1696.000000
planetlab2.cs.du.edu,salt.planetlab.cs.umd.edu,file256KB.txt,2015/09/30 23:25:09,2015/09/30 23:25:31,21988.000000
planetlab2.cs.du.edu,salt.planetlab.cs.umd.edu,file512KB.txt,2015/09/30 23:25:31,2015/09/30 23:26:40,68616.000000
planetlab2.cs.du.edu,salt.planetlab.cs.umd.edu,file1MB.txt,2015/09/30 23:26:40,2015/09/30 23:28:12,92494.000000
planetlab2.ucsd.edu,salt.planetlab.cs.umd.edu,file32B.txt,2015/09/30 23:28:12,2015/09/30 23:28:12,526.000000
planetlab2.ucsd.edu,salt.planetlab.cs.umd.edu,file1KB.txt,2015/09/30 23:28:12,2015/09/30 23:28:13,1474.000000
planetlab2.ucsd.edu,salt.planetlab.cs.umd.edu,file256KB.txt,2015/09/30 23:28:13,2015/09/30 23:28:51,37437.000000
planetlab2.ucsd.edu,salt.planetlab.cs.umd.edu,file512KB.txt,2015/09/30 23:28:51,2015/09/30 23:30:08,77277.000000
planetlab2.ucsd.edu,salt.planetlab.cs.umd.edu,file1MB.txt,2015/09/30 23:30:08,2015/09/30 23:32:41,153081.000000
planetlab3.cs.uoregon.edu,salt.planetlab.cs.umd.edu,file32B.txt,2015/09/30 23:32:41,2015/09/30 23:32:42,1325.000000
planetlab3.cs.uoregon.edu,salt.planetlab.cs.umd.edu,file1KB.txt,2015/09/30 23:32:42,2015/09/30 23:32:42,673.000000
planetlab3.cs.uoregon.edu,salt.planetlab.cs.umd.edu,file256KB.txt,2015/09/30 23:32:42,2015/09/30 23:33:32,50462.000000
planetlab3.cs.uoregon.edu,salt.planetlab.cs.umd.edu,file512KB.txt,2015/09/30 23:33:32,2015/09/30 23:35:10,97428.000000
planetlab3.cs.uoregon.edu,salt.planetlab.cs.umd.edu,file1MB.txt,2015/09/30 23:35:10,2015/09/30 23:38:27,196986.000000
planetlab-01.bu.edu,salt.planetlab.cs.umd.edu,file32B.txt,2015/09/30 23:38:27,2015/09/30 23:38:28,1854.000000
planetlab-01.bu.edu,salt.planetlab.cs.umd.edu,file1KB.txt,2015/09/30 23:38:28,2015/09/30 23:38:28,155.000000
planetlab-01.bu.edu,salt.planetlab.cs.umd.edu,file256KB.txt,2015/09/30 23:38:28,2015/09/30 23:38:39,10949.000000
planetlab-01.bu.edu,salt.planetlab.cs.umd.edu,file512KB.txt,2015/09/30 23:38:39,2015/09/30 23:39:01,21990.000000
planetlab-01.bu.edu,salt.planetlab.cs.umd.edu,file1MB.txt,2015/09/30 23:39:01,2015/09/30 23:39:45,44046.000000
planetlab4.cnds.jhu.edu,salt.planetlab.cs.umd.edu,file32B.txt,2015/09/30 23:39:45,2015/09/30 23:39:45,41.000000
planetlab4.cnds.jhu.edu,salt.planetlab.cs.umd.edu,file1KB.txt,2015/09/30 23:39:45,2015/09/30 23:39:45,39.000000
planetlab4.cnds.jhu.edu,salt.planetlab.cs.umd.edu,file256KB.txt,2015/09/30 23:39:45,2015/09/30 23:39:47,1384.000000
planetlab4.cnds.jhu.edu,salt.planetlab.cs.umd.edu,file512KB.txt,2015/09/30 23:39:47,2015/09/30 23:39:53,6805.000000
planetlab4.cnds.jhu.edu,salt.planetlab.cs.umd.edu,file1MB.txt,2015/09/30 23:39:53,2015/09/30 23:40:03,9491.000000
planetlabtwo.ccs.neu.edu,salt.planetlab.cs.umd.edu,file32B.txt,2015/09/30 23:40:03,2015/09/30 23:40:04,1057.000000
planetlabtwo.ccs.neu.edu,salt.planetlab.cs.umd.edu,file1KB.txt,2015/09/30 23:40:04,2015/09/30 23:40:04,108.000000
planetlabtwo.ccs.neu.edu,salt.planetlab.cs.umd.edu,file256KB.txt,2015/09/30 23:40:04,2015/09/30 23:40:12,8384.000000
planetlabtwo.ccs.neu.edu,salt.planetlab.cs.umd.edu,file512KB.txt,2015/09/30 23:40:12,2015/09/30 23:40:27,15147.000000
planetlabtwo.ccs.neu.edu,salt.planetlab.cs.umd.edu,file1MB.txt,2015/09/30 23:40:27,2015/09/30 23:40:56,28294.000000
planetlab1.cs.purdue.edu,salt.planetlab.cs.umd.edu,file32B.txt,2015/09/30 23:40:56,2015/09/30 23:41:00,4077.000000
planetlab1.cs.purdue.edu,salt.planetlab.cs.umd.edu,file1KB.txt,2015/09/30 23:41:00,2015/09/30 23:41:05,5375.000000
planetlab1.cs.purdue.edu,salt.planetlab.cs.umd.edu,file256KB.txt,2015/09/30 23:41:05,2015/09/30 23:54:29,-803800.000000
planetlab1.cs.purdue.edu,salt.planetlab.cs.umd.edu,file512KB.txt,2015/09/30 23:54:29,2015/10/01 00:26:11,1901573.000000
planetlab1.cs.purdue.edu,salt.planetlab.cs.umd.edu,file1MB.txt,2015/10/01 00:26:11,2015/10/01 01:13:16,1469654.000000
planetlab2.tsuniv.edu,salt.planetlab.cs.umd.edu,file32B.txt,2015/10/01 01:13:16,2015/10/01 01:13:17,1600.000000
planetlab2.tsuniv.edu,salt.planetlab.cs.umd.edu,file1KB.txt,2015/10/01 01:13:17,2015/10/01 01:13:17,333.000000
planetlab2.tsuniv.edu,salt.planetlab.cs.umd.edu,file256KB.txt,2015/10/01 01:13:17,2015/10/01 01:13:50,32942.000000
planetlab2.tsuniv.edu,salt.planetlab.cs.umd.edu,file512KB.txt,2015/10/01 01:13:50,2015/10/01 01:20:42,412006.000000
planetlab2.tsuniv.edu,salt.planetlab.cs.umd.edu,file1MB.txt,2015/10/01 01:20:42,2015/10/01 01:29:27,525024.000000
planetlab1.tsuniv.edu,salt.planetlab.cs.umd.edu,file32B.txt,2015/10/01 01:29:27,2015/10/01 01:29:28,553.000000
planetlab1.tsuniv.edu,salt.planetlab.cs.umd.edu,file1KB.txt,2015/10/01 01:29:28,2015/10/01 01:29:29,1239.000000
planetlab1.tsuniv.edu,salt.planetlab.cs.umd.edu,file256KB.txt,2015/10/01 01:29:29,2015/10/01 01:30:48,79585.000000
planetlab1.tsuniv.edu,salt.planetlab.cs.umd.edu,file512KB.txt,2015/10/01 01:30:48,2015/10/01 01:31:51,62878.000000
planetlab1.tsuniv.edu,salt.planetlab.cs.umd.edu,file1MB.txt,2015/10/01 01:31:51,2015/10/01 01:35:04,192929.000000
planetlab3.ucsd.edu,salt.planetlab.cs.umd.edu,file32B.txt,2015/10/01 01:35:04,2015/10/01 01:35:04,612.000000
planetlab3.ucsd.edu,salt.planetlab.cs.umd.edu,file1KB.txt,2015/10/01 01:35:04,2015/10/01 01:35:05,1461.000000
planetlab3.ucsd.edu,salt.planetlab.cs.umd.edu,file256KB.txt,2015/10/01 01:35:05,2015/10/01 01:35:48,43028.000000
planetlab3.ucsd.edu,salt.planetlab.cs.umd.edu,file512KB.txt,2015/10/01 01:35:48,2015/10/01 01:37:06,78276.000000
planetlab3.ucsd.edu,salt.planetlab.cs.umd.edu,file1MB.txt,2015/10/01 01:37:06,2015/10/01 01:39:41,154968.000000
node2.planetlab.mathcs.emory.edu,salt.planetlab.cs.umd.edu,file32B.txt,2015/10/01 01:39:41,2015/10/01 01:39:41,144.000000
node2.planetlab.mathcs.emory.edu,salt.planetlab.cs.umd.edu,file1KB.txt,2015/10/01 01:39:41,2015/10/01 01:39:42,1882.000000
node2.planetlab.mathcs.emory.edu,salt.planetlab.cs.umd.edu,file256KB.txt,2015/10/01 01:39:42,2015/10/01 01:39:50,7370.000000
node2.planetlab.mathcs.emory.edu,salt.planetlab.cs.umd.edu,file512KB.txt,2015/10/01 01:39:50,2015/10/01 01:40:08,18580.000000
node2.planetlab.mathcs.emory.edu,salt.planetlab.cs.umd.edu,file1MB.txt,2015/10/01 01:40:08,2015/10/01 01:40:42,33784.000000
planetlab5.csee.usf.edu,salt.planetlab.cs.umd.edu,file32B.txt,2015/10/01 01:40:42,2015/10/01 01:40:42,240.000000
planetlab5.csee.usf.edu,salt.planetlab.cs.umd.edu,file1KB.txt,2015/10/01 01:40:42,2015/10/01 01:40:42,208.000000
planetlab5.csee.usf.edu,salt.planetlab.cs.umd.edu,file256KB.txt,2015/10/01 01:40:42,2015/10/01 01:40:57,14850.000000
planetlab5.csee.usf.edu,salt.planetlab.cs.umd.edu,file512KB.txt,2015/10/01 01:40:57,2015/10/01 01:41:28,31807.000000
planetlab5.csee.usf.edu,salt.planetlab.cs.umd.edu,file1MB.txt,2015/10/01 01:41:28,2015/10/01 01:42:28,59783.000000
planetlab1.emich.edu,salt.planetlab.cs.umd.edu,file32B.txt,2015/10/01 01:42:28,2015/10/01 01:42:28,151.000000
planetlab1.emich.edu,salt.planetlab.cs.umd.edu,file1KB.txt,2015/10/01 01:42:28,2015/10/01 01:42:28,151.000000
planetlab1.emich.edu,salt.planetlab.cs.umd.edu,file256KB.txt,2015/10/01 01:42:28,2015/10/01 01:42:39,10941.000000
planetlab1.emich.edu,salt.planetlab.cs.umd.edu,file512KB.txt,2015/10/01 01:42:39,2015/10/01 01:43:01,21925.000000
planetlab1.emich.edu,salt.planetlab.cs.umd.edu,file1MB.txt,2015/10/01 01:43:01,2015/10/01 01:43:45,44197.000000
ebb.colgate.edu,salt.planetlab.cs.umd.edu,file32B.txt,2015/10/01 01:43:45,2015/10/01 01:43:45,114.000000
ebb.colgate.edu,salt.planetlab.cs.umd.edu,file1KB.txt,2015/10/01 01:43:45,2015/10/01 01:43:45,122.000000
ebb.colgate.edu,salt.planetlab.cs.umd.edu,file256KB.txt,2015/10/01 01:43:45,2015/10/01 01:43:54,9019.000000
ebb.colgate.edu,salt.planetlab.cs.umd.edu,file512KB.txt,2015/10/01 01:43:54,2015/10/01 01:44:14,20794.000000
ebb.colgate.edu,salt.planetlab.cs.umd.edu,file1MB.txt,2015/10/01 01:44:14,2015/10/01 01:44:51,36698.000000
kc-sce-plab2.umkc.edu,salt.planetlab.cs.umd.edu,file32B.txt,2015/10/01 01:44:51,2015/10/01 01:44:51,229.000000
kc-sce-plab2.umkc.edu,salt.planetlab.cs.umd.edu,file1KB.txt,2015/10/01 01:44:51,2015/10/01 01:44:51,223.000000
kc-sce-plab2.umkc.edu,salt.planetlab.cs.umd.edu,file256KB.txt,2015/10/01 01:44:51,2015/10/01 01:45:38,47612.000000
kc-sce-plab2.umkc.edu,salt.planetlab.cs.umd.edu,file512KB.txt,2015/10/01 01:45:38,2015/10/01 01:46:10,31336.000000
kc-sce-plab2.umkc.edu,salt.planetlab.cs.umd.edu,file1MB.txt,2015/10/01 01:46:10,2015/10/01 01:48:04,114487.000000
node1.planetlab.mathcs.emory.edu,salt.planetlab.cs.umd.edu,file32B.txt,2015/10/01 01:48:04,2015/10/01 01:48:04,119.000000
node1.planetlab.mathcs.emory.edu,salt.planetlab.cs.umd.edu,file1KB.txt,2015/10/01 01:48:04,2015/10/01 01:48:04,117.000000
node1.planetlab.mathcs.emory.edu,salt.planetlab.cs.umd.edu,file256KB.txt,2015/10/01 01:48:04,2015/10/01 01:48:13,9280.000000
node1.planetlab.mathcs.emory.edu,salt.planetlab.cs.umd.edu,file512KB.txt,2015/10/01 01:48:13,2015/10/01 01:48:30,16713.000000
node1.planetlab.mathcs.emory.edu,salt.planetlab.cs.umd.edu,file1MB.txt,2015/10/01 01:48:30,2015/10/01 01:49:05,35565.000000
pl1.cs.montana.edu,salt.planetlab.cs.umd.edu,file32B.txt,2015/10/01 01:49:05,2015/10/01 01:49:05,739.000000
pl1.cs.montana.edu,salt.planetlab.cs.umd.edu,file1KB.txt,2015/10/01 01:49:05,2015/10/01 01:49:06,1233.000000
pl1.cs.montana.edu,salt.planetlab.cs.umd.edu,file256KB.txt,2015/10/01 01:49:06,2015/10/01 01:50:03,57535.000000
pl1.cs.montana.edu,salt.planetlab.cs.umd.edu,file512KB.txt,2015/10/01 01:50:03,2015/10/01 01:51:55,111508.000000
pl1.cs.montana.edu,salt.planetlab.cs.umd.edu,file1MB.txt,2015/10/01 01:51:55,2015/10/01 01:55:39,224126.000000
plab3.eece.ksu.edu,salt.planetlab.cs.umd.edu,file32B.txt,2015/10/01 01:58:48,2015/10/01 01:58:48,250.000000
plab3.eece.ksu.edu,salt.planetlab.cs.umd.edu,file1KB.txt,2015/10/01 01:58:48,2015/10/01 01:58:48,243.000000
plab3.eece.ksu.edu,salt.planetlab.cs.umd.edu,file256KB.txt,2015/10/01 01:58:48,2015/10/01 01:59:06,18213.000000
plab3.eece.ksu.edu,salt.planetlab.cs.umd.edu,file512KB.txt,2015/10/01 01:59:06,2015/10/01 01:59:42,36568.000000
plab3.eece.ksu.edu,salt.planetlab.cs.umd.edu,file1MB.txt,2015/10/01 01:59:42,2015/10/01 02:00:52,69521.000000
planet3.cc.gt.atl.ga.us,salt.planetlab.cs.umd.edu,file32B.txt,2015/10/01 02:00:52,2015/10/01 02:00:52,185.000000
planet3.cc.gt.atl.ga.us,salt.planetlab.cs.umd.edu,file1KB.txt,2015/10/01 02:00:52,2015/10/01 02:00:52,116.000000
planet3.cc.gt.atl.ga.us,salt.planetlab.cs.umd.edu,file256KB.txt,2015/10/01 02:00:52,2015/10/01 02:01:01,9165.000000
planet3.cc.gt.atl.ga.us,salt.planetlab.cs.umd.edu,file512KB.txt,2015/10/01 02:01:01,2015/10/01 02:01:18,16872.000000
planet3.cc.gt.atl.ga.us,salt.planetlab.cs.umd.edu,file1MB.txt,2015/10/01 02:01:18,2015/10/01 02:01:52,34126.000000
planetlab-02.bu.edu,salt.planetlab.cs.umd.edu,file32B.txt,2015/10/01 02:01:52,2015/10/01 02:01:53,1846.000000
planetlab-02.bu.edu,salt.planetlab.cs.umd.edu,file1KB.txt,2015/10/01 02:01:53,2015/10/01 02:01:53,159.000000
planetlab-02.bu.edu,salt.planetlab.cs.umd.edu,file256KB.txt,2015/10/01 02:01:53,2015/10/01 02:02:04,10589.000000
planetlab-02.bu.edu,salt.planetlab.cs.umd.edu,file512KB.txt,2015/10/01 02:02:04,2015/10/01 02:02:27,23260.000000
planetlab-02.bu.edu,salt.planetlab.cs.umd.edu,file1MB.txt,2015/10/01 02:02:27,2015/10/01 02:03:12,44646.000000
planetlab1.clemson.edu,salt.planetlab.cs.umd.edu,file32B.txt,2015/10/01 02:06:22,2015/10/01 02:06:22,154.000000
planetlab1.clemson.edu,salt.planetlab.cs.umd.edu,file1KB.txt,2015/10/01 02:06:22,2015/10/01 02:06:22,135.000000
planetlab1.clemson.edu,salt.planetlab.cs.umd.edu,file256KB.txt,2015/10/01 02:06:22,2015/10/01 02:06:32,10289.000000
planetlab1.clemson.edu,salt.planetlab.cs.umd.edu,file512KB.txt,2015/10/01 02:06:32,2015/10/01 02:06:51,-18590.000000
planetlab1.clemson.edu,salt.planetlab.cs.umd.edu,file1MB.txt,2015/10/01 02:06:51,2015/10/01 02:07:30,39194.000000
planetlab1.cs.du.edu,salt.planetlab.cs.umd.edu,file32B.txt,2015/10/01 02:07:30,2015/10/01 02:07:30,265.000000
planetlab1.cs.du.edu,salt.planetlab.cs.umd.edu,file1KB.txt,2015/10/01 02:07:30,2015/10/01 02:07:30,304.000000
planetlab1.cs.du.edu,salt.planetlab.cs.umd.edu,file256KB.txt,2015/10/01 02:07:30,2015/10/01 02:07:52,21945.000000
planetlab1.cs.du.edu,salt.planetlab.cs.umd.edu,file512KB.txt,2015/10/01 02:07:52,2015/10/01 02:08:36,44295.000000
planetlab1.cs.du.edu,salt.planetlab.cs.umd.edu,file1MB.txt,2015/10/01 02:08:36,2015/10/01 02:10:04,87944.000000
planetlab-1.cse.ohio-state.edu,salt.planetlab.cs.umd.edu,file32B.txt,2015/10/01 02:10:04,2015/10/01 02:10:12,8463.000000
planetlab-1.cse.ohio-state.edu,salt.planetlab.cs.umd.edu,file1KB.txt,2015/10/01 02:10:12,2015/10/01 02:10:18,5686.000000
planetlab-1.cse.ohio-state.edu,salt.planetlab.cs.umd.edu,file256KB.txt,2015/10/01 02:10:18,2015/10/01 02:23:34,795715.000000
planetlab-1.cse.ohio-state.edu,salt.planetlab.cs.umd.edu,file512KB.txt,2015/10/01 02:23:34,2015/10/01 03:02:29,-1959193.000000
