planetlab1.unr.edu,planetlab1.unr.edu,file32B.txt,2015/09/30 20:58:16,2015/09/30 20:58:16,1.000000
planetlab1.unr.edu,planetlab1.unr.edu,file1KB.txt,2015/09/30 20:58:16,2015/09/30 20:58:16,1.000000
planetlab1.unr.edu,planetlab1.unr.edu,file256KB.txt,2015/09/30 20:58:16,2015/09/30 20:58:16,32.000000
planetlab1.unr.edu,planetlab1.unr.edu,file512KB.txt,2015/09/30 20:58:16,2015/09/30 20:58:16,44.000000
planetlab1.unr.edu,planetlab1.unr.edu,file1MB.txt,2015/09/30 20:58:16,2015/09/30 20:58:16,87.000000
pl2.cs.unm.edu,planetlab1.unr.edu,file32B.txt,2015/09/30 20:58:16,2015/09/30 20:58:17,1345.000000
pl2.cs.unm.edu,planetlab1.unr.edu,file1KB.txt,2015/09/30 20:58:17,2015/09/30 20:58:17,668.000000
pl2.cs.unm.edu,planetlab1.unr.edu,file256KB.txt,2015/09/30 20:58:17,2015/09/30 20:58:57,39815.000000
pl2.cs.unm.edu,planetlab1.unr.edu,file512KB.txt,2015/09/30 20:58:57,2015/09/30 21:00:11,73898.000000
pl2.cs.unm.edu,planetlab1.unr.edu,file1MB.txt,2015/09/30 21:00:11,2015/09/30 21:02:39,148597.000000
planetlab2.cnis.nyit.edu,planetlab1.unr.edu,file32B.txt,2015/09/30 21:02:39,2015/09/30 21:02:40,1019.000000
planetlab2.cnis.nyit.edu,planetlab1.unr.edu,file1KB.txt,2015/09/30 21:02:40,2015/09/30 21:02:42,2358.000000
planetlab2.cnis.nyit.edu,planetlab1.unr.edu,file256KB.txt,2015/09/30 21:02:42,2015/09/30 21:03:30,47958.000000
planetlab2.cnis.nyit.edu,planetlab1.unr.edu,file512KB.txt,2015/09/30 21:03:30,2015/09/30 21:05:07,96869.000000
planetlab2.cnis.nyit.edu,planetlab1.unr.edu,file1MB.txt,2015/09/30 21:05:07,2015/09/30 21:08:21,193817.000000
planetlab2.rutgers.edu,planetlab1.unr.edu,file32B.txt,2015/09/30 21:08:21,2015/09/30 21:08:23,1552.000000
planetlab2.rutgers.edu,planetlab1.unr.edu,file1KB.txt,2015/09/30 21:08:23,2015/09/30 21:08:25,2640.000000
planetlab2.rutgers.edu,planetlab1.unr.edu,file256KB.txt,2015/09/30 21:08:25,2015/09/30 21:10:11,105724.000000
planetlab2.rutgers.edu,planetlab1.unr.edu,file512KB.txt,2015/09/30 21:10:11,2015/09/30 21:28:42,-1111247.000000
planetlab2.rutgers.edu,planetlab1.unr.edu,file1MB.txt,2015/09/30 21:28:42,2015/09/30 22:47:40,442425.000000
planetlab2.ucsd.edu,planetlab1.unr.edu,file32B.txt,2015/09/30 22:47:41,2015/09/30 22:47:41,314.000000
planetlab2.ucsd.edu,planetlab1.unr.edu,file1KB.txt,2015/09/30 22:47:41,2015/09/30 22:47:41,314.000000
planetlab2.ucsd.edu,planetlab1.unr.edu,file256KB.txt,2015/09/30 22:47:41,2015/09/30 22:47:54,12710.000000
planetlab2.ucsd.edu,planetlab1.unr.edu,file512KB.txt,2015/09/30 22:47:54,2015/09/30 22:48:21,27614.000000
planetlab2.ucsd.edu,planetlab1.unr.edu,file1MB.txt,2015/09/30 22:48:21,2015/09/30 22:49:14,52446.000000
planetlab3.cs.uoregon.edu,planetlab1.unr.edu,file32B.txt,2015/09/30 22:49:14,2015/09/30 22:49:15,1354.000000
planetlab3.cs.uoregon.edu,planetlab1.unr.edu,file1KB.txt,2015/09/30 22:49:15,2015/09/30 22:49:15,373.000000
planetlab3.cs.uoregon.edu,planetlab1.unr.edu,file256KB.txt,2015/09/30 22:49:15,2015/09/30 22:49:31,16259.000000
planetlab3.cs.uoregon.edu,planetlab1.unr.edu,file512KB.txt,2015/09/30 22:49:31,2015/09/30 22:50:02,30867.000000
planetlab3.cs.uoregon.edu,planetlab1.unr.edu,file1MB.txt,2015/09/30 22:50:02,2015/09/30 22:51:05,63662.000000
planetlab-01.bu.edu,planetlab1.unr.edu,file32B.txt,2015/09/30 22:51:05,2015/09/30 22:51:05,807.000000
planetlab-01.bu.edu,planetlab1.unr.edu,file1KB.txt,2015/09/30 22:51:05,2015/09/30 22:51:06,1227.000000
planetlab-01.bu.edu,planetlab1.unr.edu,file256KB.txt,2015/09/30 22:51:06,2015/09/30 22:51:51,45183.000000
planetlab-01.bu.edu,planetlab1.unr.edu,file512KB.txt,2015/09/30 22:51:51,2015/09/30 22:53:21,90153.000000
planetlab-01.bu.edu,planetlab1.unr.edu,file1MB.txt,2015/09/30 22:53:21,2015/09/30 22:56:25,183586.000000
planetlab4.cnds.jhu.edu,planetlab1.unr.edu,file32B.txt,2015/09/30 22:56:25,2015/09/30 22:56:26,1293.000000
planetlab4.cnds.jhu.edu,planetlab1.unr.edu,file1KB.txt,2015/09/30 22:56:26,2015/09/30 22:56:27,1345.000000
planetlab4.cnds.jhu.edu,planetlab1.unr.edu,file256KB.txt,2015/09/30 22:56:27,2015/09/30 22:56:59,31214.000000
planetlab4.cnds.jhu.edu,planetlab1.unr.edu,file512KB.txt,2015/09/30 22:56:59,2015/09/30 22:58:02,62944.000000
planetlab4.cnds.jhu.edu,planetlab1.unr.edu,file1MB.txt,2015/09/30 22:58:02,2015/09/30 23:00:08,126274.000000
planetlabtwo.ccs.neu.edu,planetlab1.unr.edu,file32B.txt,2015/09/30 23:00:08,2015/09/30 23:00:10,2579.000000
planetlabtwo.ccs.neu.edu,planetlab1.unr.edu,file1KB.txt,2015/09/30 23:00:10,2015/09/30 23:00:10,661.000000
planetlabtwo.ccs.neu.edu,planetlab1.unr.edu,file256KB.txt,2015/09/30 23:00:10,2015/09/30 23:00:44,34135.000000
planetlabtwo.ccs.neu.edu,planetlab1.unr.edu,file512KB.txt,2015/09/30 23:00:44,2015/09/30 23:01:51,67168.000000
planetlabtwo.ccs.neu.edu,planetlab1.unr.edu,file1MB.txt,2015/09/30 23:01:51,2015/09/30 23:04:02,130776.000000
planetlab1.cs.purdue.edu,planetlab1.unr.edu,file32B.txt,2015/09/30 23:04:02,2015/09/30 23:04:03,1461.000000
planetlab1.cs.purdue.edu,planetlab1.unr.edu,file1KB.txt,2015/09/30 23:04:03,2015/09/30 23:04:03,534.000000
planetlab1.cs.purdue.edu,planetlab1.unr.edu,file256KB.txt,2015/09/30 23:04:03,2015/09/30 23:04:35,32427.000000
planetlab1.cs.purdue.edu,planetlab1.unr.edu,file512KB.txt,2015/09/30 23:04:35,2015/09/30 23:05:35,59516.000000
planetlab1.cs.purdue.edu,planetlab1.unr.edu,file1MB.txt,2015/09/30 23:05:35,2015/09/30 23:07:52,137665.000000
planetlab2.tsuniv.edu,planetlab1.unr.edu,file32B.txt,2015/09/30 23:07:52,2015/09/30 23:07:56,4023.000000
planetlab2.tsuniv.edu,planetlab1.unr.edu,file1KB.txt,2015/09/30 23:07:56,2015/09/30 23:07:56,851.000000
planetlab2.tsuniv.edu,planetlab1.unr.edu,file256KB.txt,2015/09/30 23:07:56,2015/09/30 23:08:41,45256.000000
planetlab2.tsuniv.edu,planetlab1.unr.edu,file512KB.txt,2015/09/30 23:08:41,2015/09/30 23:10:10,89062.000000
planetlab2.tsuniv.edu,planetlab1.unr.edu,file1MB.txt,2015/09/30 23:10:10,2015/09/30 23:13:04,174236.000000
planetlab1.tsuniv.edu,planetlab1.unr.edu,file32B.txt,2015/09/30 23:13:04,2015/09/30 23:13:08,4119.000000
planetlab1.tsuniv.edu,planetlab1.unr.edu,file1KB.txt,2015/09/30 23:13:08,2015/09/30 23:13:09,1103.000000
planetlab1.tsuniv.edu,planetlab1.unr.edu,file256KB.txt,2015/09/30 23:13:09,2015/09/30 23:13:54,44937.000000
planetlab1.tsuniv.edu,planetlab1.unr.edu,file512KB.txt,2015/09/30 23:13:54,2015/09/30 23:15:23,89089.000000
planetlab1.tsuniv.edu,planetlab1.unr.edu,file1MB.txt,2015/09/30 23:15:23,2015/09/30 23:18:24,180937.000000
planetlab3.ucsd.edu,planetlab1.unr.edu,file32B.txt,2015/09/30 23:18:24,2015/09/30 23:18:24,325.000000
planetlab3.ucsd.edu,planetlab1.unr.edu,file1KB.txt,2015/09/30 23:18:24,2015/09/30 23:18:24,383.000000
planetlab3.ucsd.edu,planetlab1.unr.edu,file256KB.txt,2015/09/30 23:18:24,2015/09/30 23:18:38,14041.000000
planetlab3.ucsd.edu,planetlab1.unr.edu,file512KB.txt,2015/09/30 23:18:38,2015/09/30 23:19:06,28660.000000
planetlab3.ucsd.edu,planetlab1.unr.edu,file1MB.txt,2015/09/30 23:19:06,2015/09/30 23:20:00,53485.000000
node2.planetlab.mathcs.emory.edu,planetlab1.unr.edu,file32B.txt,2015/09/30 23:20:01,2015/09/30 23:20:01,557.000000
node2.planetlab.mathcs.emory.edu,planetlab1.unr.edu,file1KB.txt,2015/09/30 23:20:01,2015/09/30 23:20:02,1369.000000
node2.planetlab.mathcs.emory.edu,planetlab1.unr.edu,file256KB.txt,2015/09/30 23:20:02,2015/09/30 23:20:33,30648.000000
node2.planetlab.mathcs.emory.edu,planetlab1.unr.edu,file512KB.txt,2015/09/30 23:20:33,2015/09/30 23:21:36,63337.000000
node2.planetlab.mathcs.emory.edu,planetlab1.unr.edu,file1MB.txt,2015/09/30 23:21:36,2015/09/30 23:23:41,124886.000000
planetlab5.csee.usf.edu,planetlab1.unr.edu,file32B.txt,2015/09/30 23:23:41,2015/09/30 23:23:42,1284.000000
planetlab5.csee.usf.edu,planetlab1.unr.edu,file1KB.txt,2015/09/30 23:23:42,2015/09/30 23:23:42,718.000000
planetlab5.csee.usf.edu,planetlab1.unr.edu,file256KB.txt,2015/09/30 23:23:42,2015/09/30 23:24:20,38125.000000
planetlab5.csee.usf.edu,planetlab1.unr.edu,file512KB.txt,2015/09/30 23:24:20,2015/09/30 23:25:36,76327.000000
planetlab5.csee.usf.edu,planetlab1.unr.edu,file1MB.txt,2015/09/30 23:25:36,2015/09/30 23:28:06,149879.000000
planetlab1.emich.edu,planetlab1.unr.edu,file32B.txt,2015/09/30 23:28:06,2015/09/30 23:28:07,1241.000000
planetlab1.emich.edu,planetlab1.unr.edu,file1KB.txt,2015/09/30 23:28:07,2015/09/30 23:28:07,632.000000
planetlab1.emich.edu,planetlab1.unr.edu,file256KB.txt,2015/09/30 23:28:07,2015/09/30 23:28:38,30921.000000
planetlab1.emich.edu,planetlab1.unr.edu,file512KB.txt,2015/09/30 23:28:38,2015/09/30 23:29:40,62263.000000
planetlab1.emich.edu,planetlab1.unr.edu,file1MB.txt,2015/09/30 23:29:40,2015/09/30 23:31:43,122982.000000
ebb.colgate.edu,planetlab1.unr.edu,file32B.txt,2015/09/30 23:31:44,2015/09/30 23:31:44,930.000000
ebb.colgate.edu,planetlab1.unr.edu,file1KB.txt,2015/09/30 23:31:44,2015/09/30 23:31:45,1176.000000
ebb.colgate.edu,planetlab1.unr.edu,file256KB.txt,2015/09/30 23:31:45,2015/09/30 23:32:34,49433.000000
ebb.colgate.edu,planetlab1.unr.edu,file512KB.txt,2015/09/30 23:32:34,2015/09/30 23:34:13,99070.000000
ebb.colgate.edu,planetlab1.unr.edu,file1MB.txt,2015/09/30 23:34:13,2015/09/30 23:37:27,194052.000000
kc-sce-plab2.umkc.edu,planetlab1.unr.edu,file32B.txt,2015/09/30 23:37:27,2015/09/30 23:37:36,9040.000000
kc-sce-plab2.umkc.edu,planetlab1.unr.edu,file1KB.txt,2015/09/30 23:37:36,2015/09/30 23:37:47,10996.000000
kc-sce-plab2.umkc.edu,planetlab1.unr.edu,file256KB.txt,2015/09/30 23:37:47,2015/09/30 23:39:41,113433.000000
kc-sce-plab2.umkc.edu,planetlab1.unr.edu,file512KB.txt,2015/09/30 23:39:41,2015/09/30 23:42:24,162991.000000
kc-sce-plab2.umkc.edu,planetlab1.unr.edu,file1MB.txt,2015/09/30 23:42:24,2015/10/01 00:10:38,-1694375.000000
node1.planetlab.mathcs.emory.edu,planetlab1.unr.edu,file32B.txt,2015/10/01 00:10:38,2015/10/01 00:10:39,1362.000000
node1.planetlab.mathcs.emory.edu,planetlab1.unr.edu,file1KB.txt,2015/10/01 00:10:39,2015/10/01 00:10:39,606.000000
node1.planetlab.mathcs.emory.edu,planetlab1.unr.edu,file256KB.txt,2015/10/01 00:10:39,2015/10/01 00:11:11,32491.000000
node1.planetlab.mathcs.emory.edu,planetlab1.unr.edu,file512KB.txt,2015/10/01 00:11:11,2015/10/01 00:12:13,61839.000000
node1.planetlab.mathcs.emory.edu,planetlab1.unr.edu,file1MB.txt,2015/10/01 00:12:13,2015/10/01 00:14:17,123490.000000
pl1.cs.montana.edu,planetlab1.unr.edu,file32B.txt,2015/10/01 00:14:17,2015/10/01 00:14:18,1388.000000
pl1.cs.montana.edu,planetlab1.unr.edu,file1KB.txt,2015/10/01 00:14:18,2015/10/01 00:14:19,1383.000000
pl1.cs.montana.edu,planetlab1.unr.edu,file256KB.txt,2015/10/01 00:14:19,2015/10/01 00:14:53,33765.000000
pl1.cs.montana.edu,planetlab1.unr.edu,file512KB.txt,2015/10/01 00:14:53,2015/10/01 00:16:01,67842.000000
pl1.cs.montana.edu,planetlab1.unr.edu,file1MB.txt,2015/10/01 00:16:01,2015/10/01 00:18:17,136322.000000
plab3.eece.ksu.edu,planetlab1.unr.edu,file32B.txt,2015/10/01 00:18:38,2015/10/01 00:18:38,489.000000
plab3.eece.ksu.edu,planetlab1.unr.edu,file1KB.txt,2015/10/01 00:18:38,2015/10/01 00:18:39,1532.000000
plab3.eece.ksu.edu,planetlab1.unr.edu,file256KB.txt,2015/10/01 00:18:39,2015/10/01 00:18:56,16435.000000
plab3.eece.ksu.edu,planetlab1.unr.edu,file512KB.txt,2015/10/01 00:18:56,2015/10/01 00:19:31,35638.000000
plab3.eece.ksu.edu,planetlab1.unr.edu,file1MB.txt,2015/10/01 00:19:31,2015/10/01 00:20:39,67492.000000
planet3.cc.gt.atl.ga.us,planetlab1.unr.edu,file32B.txt,2015/10/01 00:20:39,2015/10/01 00:20:40,1381.000000
planet3.cc.gt.atl.ga.us,planetlab1.unr.edu,file1KB.txt,2015/10/01 00:20:40,2015/10/01 00:20:40,617.000000
planet3.cc.gt.atl.ga.us,planetlab1.unr.edu,file256KB.txt,2015/10/01 00:20:40,2015/10/01 00:21:12,32814.000000
planet3.cc.gt.atl.ga.us,planetlab1.unr.edu,file512KB.txt,2015/10/01 00:21:12,2015/10/01 00:22:14,61956.000000
planet3.cc.gt.atl.ga.us,planetlab1.unr.edu,file1MB.txt,2015/10/01 00:22:14,2015/10/01 00:24:17,122501.000000
planetlab-02.bu.edu,planetlab1.unr.edu,file32B.txt,2015/10/01 00:24:17,2015/10/01 00:24:18,1251.000000
planetlab-02.bu.edu,planetlab1.unr.edu,file1KB.txt,2015/10/01 00:24:18,2015/10/01 00:24:19,1273.000000
planetlab-02.bu.edu,planetlab1.unr.edu,file256KB.txt,2015/10/01 00:24:19,2015/10/01 00:25:06,46981.000000
planetlab-02.bu.edu,planetlab1.unr.edu,file512KB.txt,2015/10/01 00:25:06,2015/10/01 00:26:34,88218.000000
planetlab-02.bu.edu,planetlab1.unr.edu,file1MB.txt,2015/10/01 00:26:34,2015/10/01 00:29:36,181639.000000
planetlab1.clemson.edu,planetlab1.unr.edu,file32B.txt,2015/10/01 00:29:58,2015/10/01 00:29:58,604.000000
planetlab1.clemson.edu,planetlab1.unr.edu,file1KB.txt,2015/10/01 00:29:58,2015/10/01 00:29:59,1436.000000
planetlab1.clemson.edu,planetlab1.unr.edu,file256KB.txt,2015/10/01 00:29:59,2015/10/01 00:30:31,31521.000000
planetlab1.clemson.edu,planetlab1.unr.edu,file512KB.txt,2015/10/01 00:30:31,2015/10/01 00:31:36,65647.000000
planetlab1.clemson.edu,planetlab1.unr.edu,file1MB.txt,2015/10/01 00:31:36,2015/10/01 00:33:44,127654.000000
planetlab1.cs.du.edu,planetlab1.unr.edu,file32B.txt,2015/10/01 00:33:45,2015/10/01 00:33:45,448.000000
planetlab1.cs.du.edu,planetlab1.unr.edu,file1KB.txt,2015/10/01 00:33:45,2015/10/01 00:33:46,1271.000000
planetlab1.cs.du.edu,planetlab1.unr.edu,file256KB.txt,2015/10/01 00:33:46,2015/10/01 00:34:12,25794.000000
planetlab1.cs.du.edu,planetlab1.unr.edu,file512KB.txt,2015/10/01 00:34:12,2015/10/01 00:35:04,52237.000000
planetlab1.cs.du.edu,planetlab1.unr.edu,file1MB.txt,2015/10/01 00:35:04,2015/10/01 00:36:46,101539.000000
planetlab-1.cse.ohio-state.edu,planetlab1.unr.edu,file32B.txt,2015/10/01 00:36:47,2015/10/01 00:37:28,40817.000000
planetlab-1.cse.ohio-state.edu,planetlab1.unr.edu,file1KB.txt,2015/10/01 00:37:28,2015/10/01 00:37:31,2721.000000
planetlab-1.cse.ohio-state.edu,planetlab1.unr.edu,file256KB.txt,2015/10/01 00:37:31,2015/10/01 00:48:42,671265.000000
planetlab-1.cse.ohio-state.edu,planetlab1.unr.edu,file512KB.txt,2015/10/01 00:48:42,2015/10/01 01:11:07,-1345311.000000
planetlab-1.cse.ohio-state.edu,planetlab1.unr.edu,file1MB.txt,2015/10/01 01:11:07,2015/10/01 01:44:28,2000368.000000
planetlab1.cs.okstate.edu,planetlab1.unr.edu,file32B.txt,2015/10/01 01:44:28,2015/10/01 01:44:29,1504.000000
planetlab1.cs.okstate.edu,planetlab1.unr.edu,file1KB.txt,2015/10/01 01:44:29,2015/10/01 01:44:29,424.000000
planetlab1.cs.okstate.edu,planetlab1.unr.edu,file256KB.txt,2015/10/01 01:44:29,2015/10/01 01:44:49,20740.000000
planetlab1.cs.okstate.edu,planetlab1.unr.edu,file512KB.txt,2015/10/01 01:44:49,2015/10/01 01:45:27,37695.000000
planetlab1.cs.okstate.edu,planetlab1.unr.edu,file1MB.txt,2015/10/01 01:45:27,2015/10/01 01:46:43,75473.000000
planetlab1.cs.ucla.edu,planetlab1.unr.edu,file32B.txt,2015/10/01 01:46:43,2015/10/01 01:46:44,1684.000000
planetlab1.cs.ucla.edu,planetlab1.unr.edu,file1KB.txt,2015/10/01 01:46:44,2015/10/01 01:46:44,357.000000
planetlab1.cs.ucla.edu,planetlab1.unr.edu,file256KB.txt,2015/10/01 01:46:44,2015/10/01 01:46:58,13665.000000
planetlab1.cs.ucla.edu,planetlab1.unr.edu,file512KB.txt,2015/10/01 01:46:58,2015/10/01 01:47:24,26415.000000
planetlab1.cs.ucla.edu,planetlab1.unr.edu,file1MB.txt,2015/10/01 01:47:24,2015/10/01 01:48:14,49685.000000
planetlab1.csuohio.edu,planetlab1.unr.edu,file32B.txt,2015/10/01 01:48:14,2015/10/01 01:48:15,1376.000000
planetlab1.csuohio.edu,planetlab1.unr.edu,file1KB.txt,2015/10/01 01:48:15,2015/10/01 01:48:16,1118.000000
planetlab1.csuohio.edu,planetlab1.unr.edu,file256KB.txt,2015/10/01 01:48:16,2015/10/01 01:48:53,36419.000000
planetlab1.csuohio.edu,planetlab1.unr.edu,file512KB.txt,2015/10/01 01:48:53,2015/10/01 01:50:08,75628.000000
planetlab1.csuohio.edu,planetlab1.unr.edu,file1MB.txt,2015/10/01 01:50:08,2015/10/01 01:52:36,148004.000000
planetlab1.emich.edu,planetlab1.unr.edu,file32B.txt,2015/10/01 01:52:36,2015/10/01 01:52:36,547.000000
planetlab1.emich.edu,planetlab1.unr.edu,file1KB.txt,2015/10/01 01:52:36,2015/10/01 01:52:37,1188.000000
planetlab1.emich.edu,planetlab1.unr.edu,file256KB.txt,2015/10/01 01:52:37,2015/10/01 01:53:08,30939.000000
planetlab1.emich.edu,planetlab1.unr.edu,file512KB.txt,2015/10/01 01:53:08,2015/10/01 01:54:10,62151.000000
planetlab1.emich.edu,planetlab1.unr.edu,file1MB.txt,2015/10/01 01:54:10,2015/10/01 01:56:13,122789.000000
planetlab1.ucsd.edu,planetlab1.unr.edu,file32B.txt,2015/10/01 01:56:35,2015/10/01 01:56:35,325.000000
planetlab1.ucsd.edu,planetlab1.unr.edu,file1KB.txt,2015/10/01 01:56:35,2015/10/01 01:56:35,299.000000
planetlab1.ucsd.edu,planetlab1.unr.edu,file256KB.txt,2015/10/01 01:56:35,2015/10/01 01:56:49,14356.000000
planetlab1.ucsd.edu,planetlab1.unr.edu,file512KB.txt,2015/10/01 01:56:49,2015/10/01 01:57:16,26936.000000
planetlab1.ucsd.edu,planetlab1.unr.edu,file1MB.txt,2015/10/01 01:57:16,2015/10/01 01:58:10,54110.000000
planetlab2.acis.ufl.edu,planetlab1.unr.edu,file32B.txt,2015/10/01 01:58:10,2015/10/01 01:58:11,1420.000000
planetlab2.acis.ufl.edu,planetlab1.unr.edu,file1KB.txt,2015/10/01 01:58:11,2015/10/01 01:58:11,738.000000
planetlab2.acis.ufl.edu,planetlab1.unr.edu,file256KB.txt,2015/10/01 01:58:11,2015/10/01 01:58:49,37930.000000
planetlab2.acis.ufl.edu,planetlab1.unr.edu,file512KB.txt,2015/10/01 01:58:49,2015/10/01 02:00:05,76228.000000
planetlab2.acis.ufl.edu,planetlab1.unr.edu,file1MB.txt,2015/10/01 02:00:05,2015/10/01 02:02:37,152034.000000
planetlab2.arizona-gigapop.net,planetlab1.unr.edu,file32B.txt,2015/10/01 02:02:37,2015/10/01 02:02:38,1323.000000
planetlab2.arizona-gigapop.net,planetlab1.unr.edu,file1KB.txt,2015/10/01 02:02:38,2015/10/01 02:02:38,586.000000
planetlab2.arizona-gigapop.net,planetlab1.unr.edu,file256KB.txt,2015/10/01 02:02:38,2015/10/01 02:02:57,19829.000000
planetlab2.arizona-gigapop.net,planetlab1.unr.edu,file512KB.txt,2015/10/01 02:02:57,2015/10/01 02:03:32,34095.000000
planetlab2.arizona-gigapop.net,planetlab1.unr.edu,file1MB.txt,2015/10/01 02:03:32,2015/10/01 02:04:44,72463.000000
planetlab2.citadel.edu,planetlab1.unr.edu,file32B.txt,2015/10/01 02:04:44,2015/10/01 02:04:45,998.000000
planetlab2.citadel.edu,planetlab1.unr.edu,file1KB.txt,2015/10/01 02:04:45,2015/10/01 02:04:46,1044.000000
planetlab2.citadel.edu,planetlab1.unr.edu,file256KB.txt,2015/10/01 02:04:46,2015/10/01 02:05:47,61238.000000
planetlab2.citadel.edu,planetlab1.unr.edu,file512KB.txt,2015/10/01 02:05:47,2015/10/01 02:07:54,-126309.000000
planetlab2.citadel.edu,planetlab1.unr.edu,file1MB.txt,2015/10/01 02:07:54,2015/10/01 02:12:18,264133.000000
planetlab2.cs.pitt.edu,planetlab1.unr.edu,file32B.txt,2015/10/01 02:12:18,2015/10/01 02:12:19,1392.000000
planetlab2.cs.pitt.edu,planetlab1.unr.edu,file1KB.txt,2015/10/01 02:12:19,2015/10/01 02:12:20,1364.000000
planetlab2.cs.pitt.edu,planetlab1.unr.edu,file256KB.txt,2015/10/01 02:12:20,2015/10/01 02:12:49,28581.000000
planetlab2.cs.pitt.edu,planetlab1.unr.edu,file512KB.txt,2015/10/01 02:12:49,2015/10/01 02:13:48,59526.000000
planetlab2.cs.pitt.edu,planetlab1.unr.edu,file1MB.txt,2015/10/01 02:13:48,2015/10/01 02:15:44,115204.000000
planetlab2.cs.purdue.edu,planetlab1.unr.edu,file32B.txt,2015/10/01 02:15:44,2015/10/01 02:15:45,1415.000000
planetlab2.cs.purdue.edu,planetlab1.unr.edu,file1KB.txt,2015/10/01 02:15:45,2015/10/01 02:15:46,1375.000000
planetlab2.cs.purdue.edu,planetlab1.unr.edu,file256KB.txt,2015/10/01 02:15:46,2015/10/01 02:16:20,33815.000000
planetlab2.cs.purdue.edu,planetlab1.unr.edu,file512KB.txt,2015/10/01 02:16:20,2015/10/01 02:17:25,64476.000000
planetlab2.cs.purdue.edu,planetlab1.unr.edu,file1MB.txt,2015/10/01 02:17:25,2015/10/01 02:19:44,139404.000000
planetlab2.cs.uml.edu,planetlab1.unr.edu,file32B.txt,2015/10/01 02:20:26,2015/10/01 02:20:27,1226.000000
planetlab2.cs.uml.edu,planetlab1.unr.edu,file1KB.txt,2015/10/01 02:20:27,2015/10/01 02:20:28,1365.000000
planetlab2.cs.uml.edu,planetlab1.unr.edu,file256KB.txt,2015/10/01 02:20:28,2015/10/01 02:21:10,42082.000000
planetlab2.cs.uml.edu,planetlab1.unr.edu,file512KB.txt,2015/10/01 02:21:10,2015/10/01 02:22:20,69543.000000
planetlab2.cs.uml.edu,planetlab1.unr.edu,file1MB.txt,2015/10/01 02:22:20,2015/10/01 02:24:41,141481.000000
planetlab2.cs.unc.edu,planetlab1.unr.edu,file32B.txt,2015/10/01 02:24:41,2015/10/01 02:24:42,1109.000000
planetlab2.cs.unc.edu,planetlab1.unr.edu,file1KB.txt,2015/10/01 02:24:42,2015/10/01 02:24:42,822.000000
planetlab2.cs.unc.edu,planetlab1.unr.edu,file256KB.txt,2015/10/01 02:24:42,2015/10/01 02:25:26,44059.000000
planetlab2.cs.unc.edu,planetlab1.unr.edu,file512KB.txt,2015/10/01 02:25:26,2015/10/01 02:26:54,87903.000000
planetlab2.cs.unc.edu,planetlab1.unr.edu,file1MB.txt,2015/10/01 02:26:54,2015/10/01 02:29:51,177311.000000
planetlab2.cs.uoregon.edu,planetlab1.unr.edu,file32B.txt,2015/10/01 02:29:51,2015/10/01 02:29:51,361.000000
planetlab2.cs.uoregon.edu,planetlab1.unr.edu,file1KB.txt,2015/10/01 02:29:51,2015/10/01 02:29:52,1618.000000
planetlab2.cs.uoregon.edu,planetlab1.unr.edu,file256KB.txt,2015/10/01 02:29:52,2015/10/01 02:30:08,16305.000000
planetlab2.cs.uoregon.edu,planetlab1.unr.edu,file512KB.txt,2015/10/01 02:30:08,2015/10/01 02:30:38,29198.000000
planetlab2.cs.uoregon.edu,planetlab1.unr.edu,file1MB.txt,2015/10/01 02:30:38,2015/10/01 02:31:40,62727.000000
planetlab2.temple.edu,planetlab1.unr.edu,file32B.txt,2015/10/01 02:31:40,2015/10/01 02:31:40,594.000000
planetlab2.temple.edu,planetlab1.unr.edu,file1KB.txt,2015/10/01 02:31:40,2015/10/01 02:31:41,1138.000000
planetlab2.temple.edu,planetlab1.unr.edu,file256KB.txt,2015/10/01 02:31:41,2015/10/01 02:32:28,46889.000000
planetlab2.temple.edu,planetlab1.unr.edu,file512KB.txt,2015/10/01 02:32:28,2015/10/01 02:34:01,93137.000000
planetlab2.temple.edu,planetlab1.unr.edu,file1MB.txt,2015/10/01 02:34:01,2015/10/01 02:37:05,184074.000000
planetlab2.unl.edu,planetlab1.unr.edu,file32B.txt,2015/10/01 02:37:05,2015/10/01 02:37:05,407.000000
planetlab2.unl.edu,planetlab1.unr.edu,file1KB.txt,2015/10/01 02:37:05,2015/10/01 02:37:06,1652.000000
planetlab2.unl.edu,planetlab1.unr.edu,file256KB.txt,2015/10/01 02:37:06,2015/10/01 02:37:24,17923.000000
planetlab2.unl.edu,planetlab1.unr.edu,file512KB.txt,2015/10/01 02:37:24,2015/10/01 02:38:00,36117.000000
planetlab2.unl.edu,planetlab1.unr.edu,file1MB.txt,2015/10/01 02:38:00,2015/10/01 02:39:11,70313.000000
planetlab2.unr.edu,planetlab1.unr.edu,file32B.txt,2015/10/01 02:39:11,2015/10/01 02:39:12,1812.000000
planetlab2.unr.edu,planetlab1.unr.edu,file1KB.txt,2015/10/01 02:39:12,2015/10/01 02:39:12,163.000000
planetlab2.unr.edu,planetlab1.unr.edu,file256KB.txt,2015/10/01 02:39:12,2015/10/01 02:39:12,303.000000
planetlab2.unr.edu,planetlab1.unr.edu,file512KB.txt,2015/10/01 02:39:12,2015/10/01 02:39:12,361.000000
planetlab2.unr.edu,planetlab1.unr.edu,file1MB.txt,2015/10/01 02:39:12,2015/10/01 02:39:13,1331.000000
planetlab2.uta.edu,planetlab1.unr.edu,file32B.txt,2015/10/01 02:39:13,2015/10/01 02:39:14,1458.000000
planetlab2.uta.edu,planetlab1.unr.edu,file1KB.txt,2015/10/01 02:39:14,2015/10/01 02:39:14,436.000000
planetlab2.uta.edu,planetlab1.unr.edu,file256KB.txt,2015/10/01 02:39:14,2015/10/01 02:39:35,21157.000000
planetlab2.uta.edu,planetlab1.unr.edu,file512KB.txt,2015/10/01 02:39:35,2015/10/01 02:40:16,40950.000000
planetlab2.uta.edu,planetlab1.unr.edu,file1MB.txt,2015/10/01 02:40:16,2015/10/01 02:41:37,80414.000000
planetlab2.utdallas.edu,planetlab1.unr.edu,file32B.txt,2015/10/01 02:41:37,2015/10/01 02:41:38,1570.000000
planetlab2.utdallas.edu,planetlab1.unr.edu,file1KB.txt,2015/10/01 02:41:38,2015/10/01 02:41:38,420.000000
planetlab2.utdallas.edu,planetlab1.unr.edu,file256KB.txt,2015/10/01 02:41:38,2015/10/01 02:41:59,21047.000000
planetlab2.utdallas.edu,planetlab1.unr.edu,file512KB.txt,2015/10/01 02:41:59,2015/10/01 02:42:40,40870.000000
planetlab2.utdallas.edu,planetlab1.unr.edu,file1MB.txt,2015/10/01 02:42:40,2015/10/01 02:44:02,82224.000000
planetlab3.eecs.umich.edu,planetlab1.unr.edu,file32B.txt,2015/10/01 02:44:02,2015/10/01 02:44:03,1498.000000
planetlab3.eecs.umich.edu,planetlab1.unr.edu,file1KB.txt,2015/10/01 02:44:03,2015/10/01 02:44:03,480.000000
planetlab3.eecs.umich.edu,planetlab1.unr.edu,file256KB.txt,2015/10/01 02:44:03,2015/10/01 02:44:27,23780.000000
planetlab3.eecs.umich.edu,planetlab1.unr.edu,file512KB.txt,2015/10/01 02:44:27,2015/10/01 02:45:15,47919.000000
planetlab3.eecs.umich.edu,planetlab1.unr.edu,file1MB.txt,2015/10/01 02:45:15,2015/10/01 02:46:51,96391.000000
planetlab3.rutgers.edu,planetlab1.unr.edu,file32B.txt,2015/10/01 02:46:51,2015/10/01 02:46:52,1260.000000
planetlab3.rutgers.edu,planetlab1.unr.edu,file1KB.txt,2015/10/01 02:46:52,2015/10/01 02:46:54,2277.000000
planetlab3.rutgers.edu,planetlab1.unr.edu,file256KB.txt,2015/10/01 02:46:54,2015/10/01 02:47:27,32793.000000
planetlab3.rutgers.edu,planetlab1.unr.edu,file512KB.txt,2015/10/01 02:47:27,2015/10/01 02:48:33,65930.000000
planetlab3.rutgers.edu,planetlab1.unr.edu,file1MB.txt,2015/10/01 02:48:33,2015/10/01 02:50:45,132301.000000
planetlab3.wail.wisc.edu,planetlab1.unr.edu,file32B.txt,2015/10/01 02:50:45,2015/10/01 02:50:45,683.000000
planetlab3.wail.wisc.edu,planetlab1.unr.edu,file1KB.txt,2015/10/01 02:50:45,2015/10/01 02:50:46,1353.000000
planetlab3.wail.wisc.edu,planetlab1.unr.edu,file256KB.txt,2015/10/01 02:50:46,2015/10/01 02:51:16,29450.000000
planetlab3.wail.wisc.edu,planetlab1.unr.edu,file512KB.txt,2015/10/01 02:51:16,2015/10/01 02:52:17,61347.000000
planetlab3.wail.wisc.edu,planetlab1.unr.edu,file1MB.txt,2015/10/01 02:52:17,2015/10/01 02:54:18,121291.000000
planetlab4.tamu.edu,planetlab1.unr.edu,file32B.txt,2015/10/01 02:54:18,2015/10/01 02:54:18,503.000000
planetlab4.tamu.edu,planetlab1.unr.edu,file1KB.txt,2015/10/01 02:54:18,2015/10/01 02:54:19,1528.000000
planetlab4.tamu.edu,planetlab1.unr.edu,file256KB.txt,2015/10/01 02:54:19,2015/10/01 02:54:41,21842.000000
planetlab4.tamu.edu,planetlab1.unr.edu,file512KB.txt,2015/10/01 02:54:41,2015/10/01 02:55:25,43897.000000
planetlab4.tamu.edu,planetlab1.unr.edu,file1MB.txt,2015/10/01 02:55:25,2015/10/01 02:56:53,88495.000000
planetlab-5.eecs.cwru.edu,planetlab1.unr.edu,file32B.txt,2015/10/01 02:56:53,2015/10/01 02:56:53,702.000000
planetlab-5.eecs.cwru.edu,planetlab1.unr.edu,file1KB.txt,2015/10/01 02:56:53,2015/10/01 02:56:54,1349.000000
planetlab-5.eecs.cwru.edu,planetlab1.unr.edu,file256KB.txt,2015/10/01 02:56:54,2015/10/01 02:57:25,30517.000000
planetlab-5.eecs.cwru.edu,planetlab1.unr.edu,file512KB.txt,2015/10/01 02:57:25,2015/10/01 02:58:28,63531.000000
planetlab-5.eecs.cwru.edu,planetlab1.unr.edu,file1MB.txt,2015/10/01 02:58:28,2015/10/01 03:00:32,123398.000000
planetlabone.ccs.neu.edu,planetlab1.unr.edu,file32B.txt,2015/10/01 03:00:32,2015/10/01 03:00:33,1300.000000
planetlabone.ccs.neu.edu,planetlab1.unr.edu,file1KB.txt,2015/10/01 03:00:33,2015/10/01 03:00:34,1190.000000
planetlabone.ccs.neu.edu,planetlab1.unr.edu,file256KB.txt,2015/10/01 03:00:34,2015/10/01 03:01:45,70587.000000
planetlabone.ccs.neu.edu,planetlab1.unr.edu,file512KB.txt,2015/10/01 03:01:45,2015/10/01 03:03:50,125849.000000
planetlabone.ccs.neu.edu,planetlab1.unr.edu,file1MB.txt,2015/10/01 03:03:50,2015/10/01 03:07:54,243974.000000
pl-node-0.csl.sri.com,planetlab1.unr.edu,file32B.txt,2015/10/01 03:07:54,2015/10/01 03:07:54,388.000000
pl-node-0.csl.sri.com,planetlab1.unr.edu,file1KB.txt,2015/10/01 03:07:54,2015/10/01 03:07:54,379.000000
pl-node-0.csl.sri.com,planetlab1.unr.edu,file256KB.txt,2015/10/01 03:07:54,2015/10/01 03:08:13,19792.000000
pl-node-0.csl.sri.com,planetlab1.unr.edu,file512KB.txt,2015/10/01 03:08:13,2015/10/01 03:08:45,32005.000000
pl-node-0.csl.sri.com,planetlab1.unr.edu,file1MB.txt,2015/10/01 03:08:45,2015/10/01 03:09:54,68086.000000
ricepl-5.cs.rice.edu,planetlab1.unr.edu,file32B.txt,2015/10/01 03:09:55,2015/10/01 03:09:55,475.000000
ricepl-5.cs.rice.edu,planetlab1.unr.edu,file1KB.txt,2015/10/01 03:09:55,2015/10/01 03:09:56,1343.000000
ricepl-5.cs.rice.edu,planetlab1.unr.edu,file256KB.txt,2015/10/01 03:09:56,2015/10/01 03:10:19,22640.000000
ricepl-5.cs.rice.edu,planetlab1.unr.edu,file512KB.txt,2015/10/01 03:10:19,2015/10/01 03:11:05,46138.000000
ricepl-5.cs.rice.edu,planetlab1.unr.edu,file1MB.txt,2015/10/01 03:11:05,2015/10/01 03:12:37,92580.000000
salt.planetlab.cs.umd.edu,planetlab1.unr.edu,file32B.txt,2015/10/01 03:12:37,2015/10/01 03:12:37,582.000000
salt.planetlab.cs.umd.edu,planetlab1.unr.edu,file1KB.txt,2015/10/01 03:12:37,2015/10/01 03:12:38,1354.000000
salt.planetlab.cs.umd.edu,planetlab1.unr.edu,file256KB.txt,2015/10/01 03:12:38,2015/10/01 03:13:09,30749.000000
salt.planetlab.cs.umd.edu,planetlab1.unr.edu,file512KB.txt,2015/10/01 03:13:09,2015/10/01 03:14:11,61817.000000
salt.planetlab.cs.umd.edu,planetlab1.unr.edu,file1MB.txt,2015/10/01 03:14:11,2015/10/01 03:16:15,124526.000000
pl1.eecs.utk.edu,planetlab1.unr.edu,file32B.txt,2015/10/01 03:16:15,2015/10/01 03:16:17,2035.000000
pl1.eecs.utk.edu,planetlab1.unr.edu,file1KB.txt,2015/10/01 03:16:17,2015/10/01 03:16:19,1966.000000
pl1.eecs.utk.edu,planetlab1.unr.edu,file256KB.txt,2015/10/01 03:16:19,2015/10/01 03:18:19,120566.000000
pl1.eecs.utk.edu,planetlab1.unr.edu,file512KB.txt,2015/10/01 03:18:19,2015/10/01 03:22:27,-247634.000000
pl1.eecs.utk.edu,planetlab1.unr.edu,file1MB.txt,2015/10/01 03:22:27,2015/10/01 03:30:03,456357.000000
planetlab-01.vt.nodes.planet-lab.org,planetlab1.unr.edu,file32B.txt,2015/10/01 03:30:03,2015/10/01 03:30:04,999.000000
planetlab-01.vt.nodes.planet-lab.org,planetlab1.unr.edu,file1KB.txt,2015/10/01 03:30:04,2015/10/01 03:30:04,843.000000
planetlab-01.vt.nodes.planet-lab.org,planetlab1.unr.edu,file256KB.txt,2015/10/01 03:30:04,2015/10/01 03:30:47,43414.000000
planetlab-01.vt.nodes.planet-lab.org,planetlab1.unr.edu,file512KB.txt,2015/10/01 03:30:47,2015/10/01 03:32:11,83774.000000
planetlab-01.vt.nodes.planet-lab.org,planetlab1.unr.edu,file1MB.txt,2015/10/01 03:32:11,2015/10/01 03:34:59,168132.000000
planetlab-04.vt.nodes.planet-lab.org,planetlab1.unr.edu,file32B.txt,2015/10/01 03:34:59,2015/10/01 03:35:00,965.000000
planetlab-04.vt.nodes.planet-lab.org,planetlab1.unr.edu,file1KB.txt,2015/10/01 03:35:00,2015/10/01 03:35:01,1186.000000
planetlab-04.vt.nodes.planet-lab.org,planetlab1.unr.edu,file256KB.txt,2015/10/01 03:35:01,2015/10/01 03:35:43,41717.000000
planetlab-04.vt.nodes.planet-lab.org,planetlab1.unr.edu,file512KB.txt,2015/10/01 03:35:43,2015/10/01 03:37:07,84115.000000
planetlab-04.vt.nodes.planet-lab.org,planetlab1.unr.edu,file1MB.txt,2015/10/01 03:37:07,2015/10/01 03:39:54,166933.000000
planetlab-4.eecs.cwru.edu,planetlab1.unr.edu,file32B.txt,2015/10/01 03:39:54,2015/10/01 03:39:55,1251.000000
planetlab-4.eecs.cwru.edu,planetlab1.unr.edu,file1KB.txt,2015/10/01 03:39:55,2015/10/01 03:39:56,1392.000000
planetlab-4.eecs.cwru.edu,planetlab1.unr.edu,file256KB.txt,2015/10/01 03:39:56,2015/10/01 03:40:27,30239.000000
planetlab-4.eecs.cwru.edu,planetlab1.unr.edu,file512KB.txt,2015/10/01 03:40:27,2015/10/01 03:41:30,63807.000000
planetlab-4.eecs.cwru.edu,planetlab1.unr.edu,file1MB.txt,2015/10/01 03:41:30,2015/10/01 03:43:33,122074.000000
planetlab01.cs.washington.edu,planetlab1.unr.edu,file32B.txt,2015/10/01 03:43:33,2015/10/01 03:43:34,1620.000000
planetlab01.cs.washington.edu,planetlab1.unr.edu,file1KB.txt,2015/10/01 03:43:34,2015/10/01 03:43:34,393.000000
planetlab01.cs.washington.edu,planetlab1.unr.edu,file256KB.txt,2015/10/01 03:43:34,2015/10/01 03:43:47,13165.000000
planetlab01.cs.washington.edu,planetlab1.unr.edu,file512KB.txt,2015/10/01 03:43:47,2015/10/01 03:44:13,26593.000000
planetlab01.cs.washington.edu,planetlab1.unr.edu,file1MB.txt,2015/10/01 03:44:13,2015/10/01 03:45:03,49439.000000
planetlab02.cs.washington.edu,planetlab1.unr.edu,file32B.txt,2015/10/01 03:45:03,2015/10/01 03:45:04,1460.000000
planetlab02.cs.washington.edu,planetlab1.unr.edu,file1KB.txt,2015/10/01 03:45:04,2015/10/01 03:45:04,366.000000
planetlab02.cs.washington.edu,planetlab1.unr.edu,file256KB.txt,2015/10/01 03:45:04,2015/10/01 03:45:20,16031.000000
planetlab02.cs.washington.edu,planetlab1.unr.edu,file512KB.txt,2015/10/01 03:45:20,2015/10/01 03:45:46,26392.000000
planetlab02.cs.washington.edu,planetlab1.unr.edu,file1MB.txt,2015/10/01 03:45:46,2015/10/01 03:46:37,50628.000000
planetlab1.arizona-gigapop.net,planetlab1.unr.edu,file32B.txt,2015/10/01 03:46:37,2015/10/01 03:46:38,1288.000000
planetlab1.arizona-gigapop.net,planetlab1.unr.edu,file1KB.txt,2015/10/01 03:46:38,2015/10/01 03:46:38,386.000000
planetlab1.arizona-gigapop.net,planetlab1.unr.edu,file256KB.txt,2015/10/01 03:46:38,2015/10/01 03:46:56,17790.000000
planetlab1.arizona-gigapop.net,planetlab1.unr.edu,file512KB.txt,2015/10/01 03:46:56,2015/10/01 03:47:33,37326.000000
planetlab1.arizona-gigapop.net,planetlab1.unr.edu,file1MB.txt,2015/10/01 03:47:33,2015/10/01 03:48:45,72162.000000
planetlab1.cs.unc.edu,planetlab1.unr.edu,file32B.txt,2015/10/01 03:48:45,2015/10/01 03:48:45,676.000000
planetlab1.cs.unc.edu,planetlab1.unr.edu,file1KB.txt,2015/10/01 03:48:45,2015/10/01 03:48:46,1151.000000
planetlab1.cs.unc.edu,planetlab1.unr.edu,file256KB.txt,2015/10/01 03:48:46,2015/10/01 03:49:30,44532.000000
planetlab1.cs.unc.edu,planetlab1.unr.edu,file512KB.txt,2015/10/01 03:49:30,2015/10/01 03:50:56,85632.000000
planetlab1.cs.unc.edu,planetlab1.unr.edu,file1MB.txt,2015/10/01 03:50:56,2015/10/01 03:53:49,173093.000000
planet3.cc.gt.atl.ga.us,planetlab1.unr.edu,file32B.txt,2015/10/01 03:53:49,2015/10/01 03:53:50,1309.000000
planet3.cc.gt.atl.ga.us,planetlab1.unr.edu,file1KB.txt,2015/10/01 03:53:50,2015/10/01 03:53:51,1303.000000
planet3.cc.gt.atl.ga.us,planetlab1.unr.edu,file256KB.txt,2015/10/01 03:53:51,2015/10/01 03:54:22,30733.000000
planet3.cc.gt.atl.ga.us,planetlab1.unr.edu,file512KB.txt,2015/10/01 03:54:22,2015/10/01 03:55:24,62203.000000
planet3.cc.gt.atl.ga.us,planetlab1.unr.edu,file1MB.txt,2015/10/01 03:55:24,2015/10/01 03:57:28,124148.000000
