planetlab1.unr.edu,planetlab3.wail.wisc.edu,file32B.txt,2015/09/30 21:13:18,2015/09/30 21:13:18,414.000000
planetlab1.unr.edu,planetlab3.wail.wisc.edu,file1KB.txt,2015/09/30 21:13:18,2015/09/30 21:13:18,412.000000
planetlab1.unr.edu,planetlab3.wail.wisc.edu,file256KB.txt,2015/09/30 21:13:18,2015/09/30 21:13:49,31608.000000
planetlab1.unr.edu,planetlab3.wail.wisc.edu,file512KB.txt,2015/09/30 21:13:49,2015/09/30 21:14:49,59525.000000
planetlab1.unr.edu,planetlab3.wail.wisc.edu,file1MB.txt,2015/09/30 21:14:49,2015/09/30 21:16:50,121274.000000
pl2.cs.unm.edu,planetlab3.wail.wisc.edu,file32B.txt,2015/09/30 21:16:50,2015/09/30 21:16:50,349.000000
pl2.cs.unm.edu,planetlab3.wail.wisc.edu,file1KB.txt,2015/09/30 21:16:50,2015/09/30 21:16:51,1653.000000
pl2.cs.unm.edu,planetlab3.wail.wisc.edu,file256KB.txt,2015/09/30 21:16:51,2015/09/30 21:17:16,24463.000000
pl2.cs.unm.edu,planetlab3.wail.wisc.edu,file512KB.txt,2015/09/30 21:17:16,2015/09/30 21:18:07,51163.000000
pl2.cs.unm.edu,planetlab3.wail.wisc.edu,file1MB.txt,2015/09/30 21:18:07,2015/09/30 21:19:49,102270.000000
planetlab2.cnis.nyit.edu,planetlab3.wail.wisc.edu,file32B.txt,2015/09/30 21:19:49,2015/09/30 21:19:49,391.000000
planetlab2.cnis.nyit.edu,planetlab3.wail.wisc.edu,file1KB.txt,2015/09/30 21:19:49,2015/09/30 21:19:50,1623.000000
planetlab2.cnis.nyit.edu,planetlab3.wail.wisc.edu,file256KB.txt,2015/09/30 21:19:50,2015/09/30 21:20:18,27911.000000
planetlab2.cnis.nyit.edu,planetlab3.wail.wisc.edu,file512KB.txt,2015/09/30 21:20:18,2015/09/30 21:21:14,-55983.000000
planetlab2.cnis.nyit.edu,planetlab3.wail.wisc.edu,file1MB.txt,2015/09/30 21:21:14,2015/09/30 21:23:03,108338.000000
planetlab2.rutgers.edu,planetlab3.wail.wisc.edu,file32B.txt,2015/09/30 21:23:03,2015/09/30 21:23:19,16538.000000
planetlab2.rutgers.edu,planetlab3.wail.wisc.edu,file1KB.txt,2015/09/30 21:23:19,2015/09/30 21:23:36,16472.000000
planetlab2.rutgers.edu,planetlab3.wail.wisc.edu,file256KB.txt,2015/09/30 21:23:36,2015/09/30 21:44:53,1277774.000000
planetlab2.rutgers.edu,planetlab3.wail.wisc.edu,file512KB.txt,2015/09/30 21:44:53,2015/09/30 22:25:53,-1835377.000000
planetlab2.rutgers.edu,planetlab3.wail.wisc.edu,file1MB.txt,2015/09/30 22:25:53,2015/09/30 23:25:12,736463.000000
planetlab2.cs.du.edu,planetlab3.wail.wisc.edu,file32B.txt,2015/09/30 23:25:12,2015/09/30 23:25:13,1594.000000
planetlab2.cs.du.edu,planetlab3.wail.wisc.edu,file1KB.txt,2015/09/30 23:25:13,2015/09/30 23:25:13,291.000000
planetlab2.cs.du.edu,planetlab3.wail.wisc.edu,file256KB.txt,2015/09/30 23:25:13,2015/09/30 23:25:34,20692.000000
planetlab2.cs.du.edu,planetlab3.wail.wisc.edu,file512KB.txt,2015/09/30 23:25:34,2015/09/30 23:26:41,67856.000000
planetlab2.cs.du.edu,planetlab3.wail.wisc.edu,file1MB.txt,2015/09/30 23:26:41,2015/09/30 23:28:10,88166.000000
planetlab2.ucsd.edu,planetlab3.wail.wisc.edu,file32B.txt,2015/09/30 23:28:10,2015/09/30 23:28:11,1441.000000
planetlab2.ucsd.edu,planetlab3.wail.wisc.edu,file1KB.txt,2015/09/30 23:28:11,2015/09/30 23:28:12,1443.000000
planetlab2.ucsd.edu,planetlab3.wail.wisc.edu,file256KB.txt,2015/09/30 23:28:12,2015/09/30 23:28:53,41022.000000
planetlab2.ucsd.edu,planetlab3.wail.wisc.edu,file512KB.txt,2015/09/30 23:28:53,2015/09/30 23:30:14,80359.000000
planetlab2.ucsd.edu,planetlab3.wail.wisc.edu,file1MB.txt,2015/09/30 23:30:14,2015/09/30 23:32:57,163154.000000
planetlab3.cs.uoregon.edu,planetlab3.wail.wisc.edu,file32B.txt,2015/09/30 23:32:57,2015/09/30 23:32:58,1507.000000
planetlab3.cs.uoregon.edu,planetlab3.wail.wisc.edu,file1KB.txt,2015/09/30 23:32:58,2015/09/30 23:32:58,504.000000
planetlab3.cs.uoregon.edu,planetlab3.wail.wisc.edu,file256KB.txt,2015/09/30 23:32:58,2015/09/30 23:33:35,36760.000000
planetlab3.cs.uoregon.edu,planetlab3.wail.wisc.edu,file512KB.txt,2015/09/30 23:33:35,2015/09/30 23:34:49,73910.000000
planetlab3.cs.uoregon.edu,planetlab3.wail.wisc.edu,file1MB.txt,2015/09/30 23:34:49,2015/09/30 23:37:17,148193.000000
planetlab-01.bu.edu,planetlab3.wail.wisc.edu,file32B.txt,2015/09/30 23:37:17,2015/09/30 23:37:18,1633.000000
planetlab-01.bu.edu,planetlab3.wail.wisc.edu,file1KB.txt,2015/09/30 23:37:18,2015/09/30 23:37:18,325.000000
planetlab-01.bu.edu,planetlab3.wail.wisc.edu,file256KB.txt,2015/09/30 23:37:18,2015/09/30 23:37:42,24143.000000
planetlab-01.bu.edu,planetlab3.wail.wisc.edu,file512KB.txt,2015/09/30 23:37:42,2015/09/30 23:38:36,53489.000000
planetlab-01.bu.edu,planetlab3.wail.wisc.edu,file1MB.txt,2015/09/30 23:38:36,2015/09/30 23:40:25,109471.000000
planetlab4.cnds.jhu.edu,planetlab3.wail.wisc.edu,file32B.txt,2015/09/30 23:40:25,2015/09/30 23:40:25,274.000000
planetlab4.cnds.jhu.edu,planetlab3.wail.wisc.edu,file1KB.txt,2015/09/30 23:40:25,2015/09/30 23:40:25,271.000000
planetlab4.cnds.jhu.edu,planetlab3.wail.wisc.edu,file256KB.txt,2015/09/30 23:40:25,2015/09/30 23:40:45,20078.000000
planetlab4.cnds.jhu.edu,planetlab3.wail.wisc.edu,file512KB.txt,2015/09/30 23:40:45,2015/09/30 23:41:25,40320.000000
planetlab4.cnds.jhu.edu,planetlab3.wail.wisc.edu,file1MB.txt,2015/09/30 23:41:25,2015/09/30 23:42:44,78712.000000
planetlabtwo.ccs.neu.edu,planetlab3.wail.wisc.edu,file32B.txt,2015/09/30 23:42:44,2015/09/30 23:42:45,1617.000000
planetlabtwo.ccs.neu.edu,planetlab3.wail.wisc.edu,file1KB.txt,2015/09/30 23:42:45,2015/09/30 23:42:45,294.000000
planetlabtwo.ccs.neu.edu,planetlab3.wail.wisc.edu,file256KB.txt,2015/09/30 23:42:45,2015/09/30 23:43:06,20595.000000
planetlabtwo.ccs.neu.edu,planetlab3.wail.wisc.edu,file512KB.txt,2015/09/30 23:43:06,2015/09/30 23:43:49,-43380.000000
planetlabtwo.ccs.neu.edu,planetlab3.wail.wisc.edu,file1MB.txt,2015/09/30 23:43:49,2015/09/30 23:45:14,85052.000000
planetlab1.cs.purdue.edu,planetlab3.wail.wisc.edu,file32B.txt,2015/09/30 23:45:14,2015/09/30 23:45:20,5373.000000
planetlab1.cs.purdue.edu,planetlab3.wail.wisc.edu,file1KB.txt,2015/09/30 23:45:20,2015/09/30 23:45:28,8117.000000
planetlab1.cs.purdue.edu,planetlab3.wail.wisc.edu,file256KB.txt,2015/09/30 23:45:28,2015/09/30 23:58:27,779739.000000
planetlab1.cs.purdue.edu,planetlab3.wail.wisc.edu,file512KB.txt,2015/09/30 23:58:27,2015/10/01 00:29:46,1878614.000000
planetlab1.cs.purdue.edu,planetlab3.wail.wisc.edu,file1MB.txt,2015/10/01 00:29:46,2015/10/01 01:14:30,1611046.000000
planetlab2.tsuniv.edu,planetlab3.wail.wisc.edu,file32B.txt,2015/10/01 01:14:30,2015/10/01 01:14:34,4037.000000
planetlab2.tsuniv.edu,planetlab3.wail.wisc.edu,file1KB.txt,2015/10/01 01:14:34,2015/10/01 01:14:37,2705.000000
planetlab2.tsuniv.edu,planetlab3.wail.wisc.edu,file256KB.txt,2015/10/01 01:14:37,2015/10/01 01:19:25,288497.000000
planetlab2.tsuniv.edu,planetlab3.wail.wisc.edu,file512KB.txt,2015/10/01 01:19:25,2015/10/01 01:24:55,329653.000000
planetlab2.tsuniv.edu,planetlab3.wail.wisc.edu,file1MB.txt,2015/10/01 01:24:55,2015/10/01 01:33:41,526557.000000
planetlab1.tsuniv.edu,planetlab3.wail.wisc.edu,file32B.txt,2015/10/01 01:33:41,2015/10/01 01:33:46,4990.000000
planetlab1.tsuniv.edu,planetlab3.wail.wisc.edu,file1KB.txt,2015/10/01 01:33:46,2015/10/01 01:33:54,7875.000000
planetlab1.tsuniv.edu,planetlab3.wail.wisc.edu,file256KB.txt,2015/10/01 01:33:54,2015/10/01 01:39:31,336831.000000
planetlab1.tsuniv.edu,planetlab3.wail.wisc.edu,file512KB.txt,2015/10/01 01:39:31,2015/10/01 01:52:58,807357.000000
planetlab1.tsuniv.edu,planetlab3.wail.wisc.edu,file1MB.txt,2015/10/01 01:52:58,2015/10/01 02:25:44,-1965185.000000
planetlab3.ucsd.edu,planetlab3.wail.wisc.edu,file32B.txt,2015/10/01 02:25:44,2015/10/01 02:25:45,1435.000000
planetlab3.ucsd.edu,planetlab3.wail.wisc.edu,file1KB.txt,2015/10/01 02:25:45,2015/10/01 02:25:45,565.000000
planetlab3.ucsd.edu,planetlab3.wail.wisc.edu,file256KB.txt,2015/10/01 02:25:45,2015/10/01 02:26:27,42461.000000
planetlab3.ucsd.edu,planetlab3.wail.wisc.edu,file512KB.txt,2015/10/01 02:26:27,2015/10/01 02:27:50,83168.000000
planetlab3.ucsd.edu,planetlab3.wail.wisc.edu,file1MB.txt,2015/10/01 02:27:50,2015/10/01 02:30:35,164834.000000
node2.planetlab.mathcs.emory.edu,planetlab3.wail.wisc.edu,file32B.txt,2015/10/01 02:30:35,2015/10/01 02:30:36,1693.000000
node2.planetlab.mathcs.emory.edu,planetlab3.wail.wisc.edu,file1KB.txt,2015/10/01 02:30:36,2015/10/01 02:30:36,264.000000
node2.planetlab.mathcs.emory.edu,planetlab3.wail.wisc.edu,file256KB.txt,2015/10/01 02:30:36,2015/10/01 02:30:56,20407.000000
node2.planetlab.mathcs.emory.edu,planetlab3.wail.wisc.edu,file512KB.txt,2015/10/01 02:30:56,2015/10/01 02:31:35,39004.000000
node2.planetlab.mathcs.emory.edu,planetlab3.wail.wisc.edu,file1MB.txt,2015/10/01 02:31:35,2015/10/01 02:32:52,76043.000000
planetlab5.csee.usf.edu,planetlab3.wail.wisc.edu,file32B.txt,2015/10/01 02:32:52,2015/10/01 02:32:53,1592.000000
planetlab5.csee.usf.edu,planetlab3.wail.wisc.edu,file1KB.txt,2015/10/01 02:32:53,2015/10/01 02:32:53,355.000000
planetlab5.csee.usf.edu,planetlab3.wail.wisc.edu,file256KB.txt,2015/10/01 02:32:53,2015/10/01 02:33:19,25849.000000
planetlab5.csee.usf.edu,planetlab3.wail.wisc.edu,file512KB.txt,2015/10/01 02:33:19,2015/10/01 02:34:12,53797.000000
planetlab5.csee.usf.edu,planetlab3.wail.wisc.edu,file1MB.txt,2015/10/01 02:34:12,2015/10/01 02:35:56,104072.000000
planetlab1.emich.edu,planetlab3.wail.wisc.edu,file32B.txt,2015/10/01 02:35:56,2015/10/01 02:35:56,279.000000
planetlab1.emich.edu,planetlab3.wail.wisc.edu,file1KB.txt,2015/10/01 02:35:56,2015/10/01 02:35:56,263.000000
planetlab1.emich.edu,planetlab3.wail.wisc.edu,file256KB.txt,2015/10/01 02:35:56,2015/10/01 02:36:15,18678.000000
planetlab1.emich.edu,planetlab3.wail.wisc.edu,file512KB.txt,2015/10/01 02:36:15,2015/10/01 02:36:54,39528.000000
planetlab1.emich.edu,planetlab3.wail.wisc.edu,file1MB.txt,2015/10/01 02:36:54,2015/10/01 02:38:11,77195.000000
ebb.colgate.edu,planetlab3.wail.wisc.edu,file32B.txt,2015/10/01 02:38:11,2015/10/01 02:38:11,289.000000
ebb.colgate.edu,planetlab3.wail.wisc.edu,file1KB.txt,2015/10/01 02:38:11,2015/10/01 02:38:11,320.000000
ebb.colgate.edu,planetlab3.wail.wisc.edu,file256KB.txt,2015/10/01 02:38:11,2015/10/01 02:38:41,30241.000000
ebb.colgate.edu,planetlab3.wail.wisc.edu,file512KB.txt,2015/10/01 02:38:41,2015/10/01 02:39:43,61799.000000
ebb.colgate.edu,planetlab3.wail.wisc.edu,file1MB.txt,2015/10/01 02:39:43,2015/10/01 02:41:39,116276.000000
kc-sce-plab2.umkc.edu,planetlab3.wail.wisc.edu,file32B.txt,2015/10/01 02:41:39,2015/10/01 02:41:41,2362.000000
kc-sce-plab2.umkc.edu,planetlab3.wail.wisc.edu,file1KB.txt,2015/10/01 02:41:41,2015/10/01 02:41:42,315.000000
kc-sce-plab2.umkc.edu,planetlab3.wail.wisc.edu,file256KB.txt,2015/10/01 02:41:42,2015/10/01 02:42:43,61290.000000
kc-sce-plab2.umkc.edu,planetlab3.wail.wisc.edu,file512KB.txt,2015/10/01 02:42:43,2015/10/01 02:44:53,130562.000000
kc-sce-plab2.umkc.edu,planetlab3.wail.wisc.edu,file1MB.txt,2015/10/01 02:44:53,2015/10/01 02:51:50,416940.000000
node1.planetlab.mathcs.emory.edu,planetlab3.wail.wisc.edu,file32B.txt,2015/10/01 02:51:50,2015/10/01 02:51:50,266.000000
node1.planetlab.mathcs.emory.edu,planetlab3.wail.wisc.edu,file1KB.txt,2015/10/01 02:51:50,2015/10/01 02:51:50,263.000000
node1.planetlab.mathcs.emory.edu,planetlab3.wail.wisc.edu,file256KB.txt,2015/10/01 02:51:50,2015/10/01 02:52:10,20342.000000
node1.planetlab.mathcs.emory.edu,planetlab3.wail.wisc.edu,file512KB.txt,2015/10/01 02:52:10,2015/10/01 02:52:49,39024.000000
node1.planetlab.mathcs.emory.edu,planetlab3.wail.wisc.edu,file1MB.txt,2015/10/01 02:52:49,2015/10/01 02:54:06,76580.000000
pl1.cs.montana.edu,planetlab3.wail.wisc.edu,file32B.txt,2015/10/01 02:54:06,2015/10/01 02:54:07,1241.000000
pl1.cs.montana.edu,planetlab3.wail.wisc.edu,file1KB.txt,2015/10/01 02:54:07,2015/10/01 02:54:08,1243.000000
pl1.cs.montana.edu,planetlab3.wail.wisc.edu,file256KB.txt,2015/10/01 02:54:08,2015/10/01 02:55:03,54264.000000
pl1.cs.montana.edu,planetlab3.wail.wisc.edu,file512KB.txt,2015/10/01 02:55:03,2015/10/01 02:56:54,110981.000000
pl1.cs.montana.edu,planetlab3.wail.wisc.edu,file1MB.txt,2015/10/01 02:56:54,2015/10/01 03:00:36,222574.000000
plab3.eece.ksu.edu,planetlab3.wail.wisc.edu,file32B.txt,2015/10/01 03:00:57,2015/10/01 03:00:57,278.000000
plab3.eece.ksu.edu,planetlab3.wail.wisc.edu,file1KB.txt,2015/10/01 03:00:57,2015/10/01 03:00:57,232.000000
plab3.eece.ksu.edu,planetlab3.wail.wisc.edu,file256KB.txt,2015/10/01 03:00:57,2015/10/01 03:01:15,18911.000000
plab3.eece.ksu.edu,planetlab3.wail.wisc.edu,file512KB.txt,2015/10/01 03:01:15,2015/10/01 03:01:49,33980.000000
plab3.eece.ksu.edu,planetlab3.wail.wisc.edu,file1MB.txt,2015/10/01 03:01:49,2015/10/01 03:02:56,66102.000000
planet3.cc.gt.atl.ga.us,planetlab3.wail.wisc.edu,file32B.txt,2015/10/01 03:02:56,2015/10/01 03:02:57,1686.000000
planet3.cc.gt.atl.ga.us,planetlab3.wail.wisc.edu,file1KB.txt,2015/10/01 03:02:57,2015/10/01 03:02:57,262.000000
planet3.cc.gt.atl.ga.us,planetlab3.wail.wisc.edu,file256KB.txt,2015/10/01 03:02:57,2015/10/01 03:03:16,18725.000000
planet3.cc.gt.atl.ga.us,planetlab3.wail.wisc.edu,file512KB.txt,2015/10/01 03:03:16,2015/10/01 03:03:55,39115.000000
planet3.cc.gt.atl.ga.us,planetlab3.wail.wisc.edu,file1MB.txt,2015/10/01 03:03:55,2015/10/01 03:05:13,78235.000000
planetlab-02.bu.edu,planetlab3.wail.wisc.edu,file32B.txt,2015/10/01 03:05:13,2015/10/01 03:05:14,1630.000000
planetlab-02.bu.edu,planetlab3.wail.wisc.edu,file1KB.txt,2015/10/01 03:05:14,2015/10/01 03:05:14,372.000000
planetlab-02.bu.edu,planetlab3.wail.wisc.edu,file256KB.txt,2015/10/01 03:05:14,2015/10/01 03:05:38,24097.000000
planetlab-02.bu.edu,planetlab3.wail.wisc.edu,file512KB.txt,2015/10/01 03:05:38,2015/10/01 03:06:25,46473.000000
planetlab-02.bu.edu,planetlab3.wail.wisc.edu,file1MB.txt,2015/10/01 03:06:25,2015/10/01 03:08:01,96680.000000
planetlab1.clemson.edu,planetlab3.wail.wisc.edu,file32B.txt,2015/10/01 03:08:22,2015/10/01 03:08:22,323.000000
planetlab1.clemson.edu,planetlab3.wail.wisc.edu,file1KB.txt,2015/10/01 03:08:22,2015/10/01 03:08:23,1717.000000
planetlab1.clemson.edu,planetlab3.wail.wisc.edu,file256KB.txt,2015/10/01 03:08:23,2015/10/01 03:08:43,19356.000000
planetlab1.clemson.edu,planetlab3.wail.wisc.edu,file512KB.txt,2015/10/01 03:08:43,2015/10/01 03:09:24,40933.000000
planetlab1.clemson.edu,planetlab3.wail.wisc.edu,file1MB.txt,2015/10/01 03:09:24,2015/10/01 03:10:46,82148.000000
planetlab1.cs.du.edu,planetlab3.wail.wisc.edu,file32B.txt,2015/10/01 03:10:47,2015/10/01 03:10:47,268.000000
planetlab1.cs.du.edu,planetlab3.wail.wisc.edu,file1KB.txt,2015/10/01 03:10:47,2015/10/01 03:10:47,290.000000
planetlab1.cs.du.edu,planetlab3.wail.wisc.edu,file256KB.txt,2015/10/01 03:10:47,2015/10/01 03:11:08,20703.000000
planetlab1.cs.du.edu,planetlab3.wail.wisc.edu,file512KB.txt,2015/10/01 03:11:08,2015/10/01 03:11:51,43560.000000
planetlab1.cs.du.edu,planetlab3.wail.wisc.edu,file1MB.txt,2015/10/01 03:11:51,2015/10/01 03:13:16,85357.000000
planetlab1.cs.okstate.edu,planetlab3.wail.wisc.edu,file32B.txt,2015/10/01 03:29:25,2015/10/01 03:29:25,255.000000
planetlab1.cs.okstate.edu,planetlab3.wail.wisc.edu,file1KB.txt,2015/10/01 03:29:25,2015/10/01 03:29:26,1726.000000
planetlab1.cs.okstate.edu,planetlab3.wail.wisc.edu,file256KB.txt,2015/10/01 03:29:26,2015/10/01 03:29:45,19153.000000
planetlab1.cs.okstate.edu,planetlab3.wail.wisc.edu,file512KB.txt,2015/10/01 03:29:45,2015/10/01 03:30:22,36415.000000
planetlab1.cs.okstate.edu,planetlab3.wail.wisc.edu,file1MB.txt,2015/10/01 03:30:22,2015/10/01 03:31:38,76592.000000
planetlab1.cs.ucla.edu,planetlab3.wail.wisc.edu,file32B.txt,2015/10/01 03:31:38,2015/10/01 03:31:38,544.000000
planetlab1.cs.ucla.edu,planetlab3.wail.wisc.edu,file1KB.txt,2015/10/01 03:31:38,2015/10/01 03:31:39,1456.000000
planetlab1.cs.ucla.edu,planetlab3.wail.wisc.edu,file256KB.txt,2015/10/01 03:31:39,2015/10/01 03:32:19,40078.000000
planetlab1.cs.ucla.edu,planetlab3.wail.wisc.edu,file512KB.txt,2015/10/01 03:32:19,2015/10/01 03:33:39,79914.000000
planetlab1.cs.ucla.edu,planetlab3.wail.wisc.edu,file1MB.txt,2015/10/01 03:33:39,2015/10/01 03:36:20,161056.000000
planetlab1.csuohio.edu,planetlab3.wail.wisc.edu,file32B.txt,2015/10/01 03:36:20,2015/10/01 03:36:20,154.000000
planetlab1.csuohio.edu,planetlab3.wail.wisc.edu,file1KB.txt,2015/10/01 03:36:20,2015/10/01 03:36:20,142.000000
planetlab1.csuohio.edu,planetlab3.wail.wisc.edu,file256KB.txt,2015/10/01 03:36:20,2015/10/01 03:36:31,10538.000000
planetlab1.csuohio.edu,planetlab3.wail.wisc.edu,file512KB.txt,2015/10/01 03:36:31,2015/10/01 03:36:53,22196.000000
planetlab1.csuohio.edu,planetlab3.wail.wisc.edu,file1MB.txt,2015/10/01 03:36:53,2015/10/01 03:37:38,45145.000000
planetlab1.emich.edu,planetlab3.wail.wisc.edu,file32B.txt,2015/10/01 03:37:38,2015/10/01 03:37:38,279.000000
planetlab1.emich.edu,planetlab3.wail.wisc.edu,file1KB.txt,2015/10/01 03:37:38,2015/10/01 03:37:39,1736.000000
planetlab1.emich.edu,planetlab3.wail.wisc.edu,file256KB.txt,2015/10/01 03:37:39,2015/10/01 03:37:58,18630.000000
planetlab1.emich.edu,planetlab3.wail.wisc.edu,file512KB.txt,2015/10/01 03:37:58,2015/10/01 03:38:36,37453.000000
planetlab1.emich.edu,planetlab3.wail.wisc.edu,file1MB.txt,2015/10/01 03:38:36,2015/10/01 03:39:53,77173.000000
planetlab1.ucsd.edu,planetlab3.wail.wisc.edu,file32B.txt,2015/10/01 03:40:14,2015/10/01 03:40:15,1435.000000
planetlab1.ucsd.edu,planetlab3.wail.wisc.edu,file1KB.txt,2015/10/01 03:40:15,2015/10/01 03:40:15,560.000000
planetlab1.ucsd.edu,planetlab3.wail.wisc.edu,file256KB.txt,2015/10/01 03:40:15,2015/10/01 03:40:58,43974.000000
planetlab1.ucsd.edu,planetlab3.wail.wisc.edu,file512KB.txt,2015/10/01 03:40:58,2015/10/01 03:42:20,81251.000000
planetlab1.ucsd.edu,planetlab3.wail.wisc.edu,file1MB.txt,2015/10/01 03:42:20,2015/10/01 03:45:04,163872.000000
planetlab2.acis.ufl.edu,planetlab3.wail.wisc.edu,file32B.txt,2015/10/01 03:45:04,2015/10/01 03:45:05,1454.000000
planetlab2.acis.ufl.edu,planetlab3.wail.wisc.edu,file1KB.txt,2015/10/01 03:45:05,2015/10/01 03:45:05,363.000000
planetlab2.acis.ufl.edu,planetlab3.wail.wisc.edu,file256KB.txt,2015/10/01 03:45:05,2015/10/01 03:45:32,27327.000000
planetlab2.acis.ufl.edu,planetlab3.wail.wisc.edu,file512KB.txt,2015/10/01 03:45:32,2015/10/01 03:46:24,51491.000000
planetlab2.acis.ufl.edu,planetlab3.wail.wisc.edu,file1MB.txt,2015/10/01 03:46:24,2015/10/01 03:48:09,105193.000000
planetlab2.arizona-gigapop.net,planetlab3.wail.wisc.edu,file32B.txt,2015/10/01 03:48:09,2015/10/01 03:48:10,1386.000000
planetlab2.arizona-gigapop.net,planetlab3.wail.wisc.edu,file1KB.txt,2015/10/01 03:48:10,2015/10/01 03:48:10,462.000000
planetlab2.arizona-gigapop.net,planetlab3.wail.wisc.edu,file256KB.txt,2015/10/01 03:48:10,2015/10/01 03:48:44,33915.000000
planetlab2.arizona-gigapop.net,planetlab3.wail.wisc.edu,file512KB.txt,2015/10/01 03:48:44,2015/10/01 03:49:52,68069.000000
planetlab2.arizona-gigapop.net,planetlab3.wail.wisc.edu,file1MB.txt,2015/10/01 03:49:52,2015/10/01 03:52:08,136641.000000
planetlab2.citadel.edu,planetlab3.wail.wisc.edu,file32B.txt,2015/10/01 03:52:08,2015/10/01 03:52:08,424.000000
planetlab2.citadel.edu,planetlab3.wail.wisc.edu,file1KB.txt,2015/10/01 03:52:08,2015/10/01 03:52:08,338.000000
planetlab2.citadel.edu,planetlab3.wail.wisc.edu,file256KB.txt,2015/10/01 03:52:08,2015/10/01 03:52:33,25228.000000
planetlab2.citadel.edu,planetlab3.wail.wisc.edu,file512KB.txt,2015/10/01 03:52:33,2015/10/01 03:53:22,48893.000000
planetlab2.citadel.edu,planetlab3.wail.wisc.edu,file1MB.txt,2015/10/01 03:53:22,2015/10/01 03:55:01,99800.000000
planetlab2.cs.pitt.edu,planetlab3.wail.wisc.edu,file32B.txt,2015/10/01 03:55:01,2015/10/01 03:55:01,284.000000
planetlab2.cs.pitt.edu,planetlab3.wail.wisc.edu,file1KB.txt,2015/10/01 03:55:01,2015/10/01 03:55:01,240.000000
planetlab2.cs.pitt.edu,planetlab3.wail.wisc.edu,file256KB.txt,2015/10/01 03:55:01,2015/10/01 03:55:19,18192.000000
planetlab2.cs.pitt.edu,planetlab3.wail.wisc.edu,file512KB.txt,2015/10/01 03:55:19,2015/10/01 03:55:54,34731.000000
planetlab2.cs.pitt.edu,planetlab3.wail.wisc.edu,file1MB.txt,2015/10/01 03:55:54,2015/10/01 03:57:05,71288.000000
planetlab2.cs.purdue.edu,planetlab3.wail.wisc.edu,file32B.txt,2015/10/01 03:57:05,2015/10/01 03:57:05,453.000000
planetlab2.cs.purdue.edu,planetlab3.wail.wisc.edu,file1KB.txt,2015/10/01 03:57:05,2015/10/01 03:57:06,1602.000000
planetlab2.cs.purdue.edu,planetlab3.wail.wisc.edu,file256KB.txt,2015/10/01 03:57:06,2015/10/01 03:57:33,26779.000000
planetlab2.cs.purdue.edu,planetlab3.wail.wisc.edu,file512KB.txt,2015/10/01 03:57:33,2015/10/01 03:58:34,61144.000000
planetlab2.cs.purdue.edu,planetlab3.wail.wisc.edu,file1MB.txt,2015/10/01 03:58:34,2015/10/01 04:00:14,99943.000000
planetlab2.cs.uml.edu,planetlab3.wail.wisc.edu,file32B.txt,2015/10/01 04:00:56,2015/10/01 04:00:57,1520.000000
planetlab2.cs.uml.edu,planetlab3.wail.wisc.edu,file1KB.txt,2015/10/01 04:00:57,2015/10/01 04:00:57,320.000000
planetlab2.cs.uml.edu,planetlab3.wail.wisc.edu,file256KB.txt,2015/10/01 04:00:57,2015/10/01 04:01:20,22689.000000
planetlab2.cs.uml.edu,planetlab3.wail.wisc.edu,file512KB.txt,2015/10/01 04:01:20,2015/10/01 04:02:10,50748.000000
planetlab2.cs.uml.edu,planetlab3.wail.wisc.edu,file1MB.txt,2015/10/01 04:02:10,2015/10/01 04:03:52,101603.000000
planetlab2.cs.unc.edu,planetlab3.wail.wisc.edu,file32B.txt,2015/10/01 04:03:52,2015/10/01 04:03:52,350.000000
planetlab2.cs.unc.edu,planetlab3.wail.wisc.edu,file1KB.txt,2015/10/01 04:03:52,2015/10/01 04:03:53,1649.000000
planetlab2.cs.unc.edu,planetlab3.wail.wisc.edu,file256KB.txt,2015/10/01 04:03:53,2015/10/01 04:04:18,24192.000000
planetlab2.cs.unc.edu,planetlab3.wail.wisc.edu,file512KB.txt,2015/10/01 04:04:18,2015/10/01 04:05:10,52648.000000
planetlab2.cs.unc.edu,planetlab3.wail.wisc.edu,file1MB.txt,2015/10/01 04:05:10,2015/10/01 04:06:46,95397.000000
planetlab2.cs.uoregon.edu,planetlab3.wail.wisc.edu,file32B.txt,2015/10/01 04:06:46,2015/10/01 04:06:47,1430.000000
planetlab2.cs.uoregon.edu,planetlab3.wail.wisc.edu,file1KB.txt,2015/10/01 04:06:47,2015/10/01 04:06:48,1496.000000
planetlab2.cs.uoregon.edu,planetlab3.wail.wisc.edu,file256KB.txt,2015/10/01 04:06:48,2015/10/01 04:07:25,36956.000000
planetlab2.cs.uoregon.edu,planetlab3.wail.wisc.edu,file512KB.txt,2015/10/01 04:07:25,2015/10/01 04:08:38,72212.000000
planetlab2.cs.uoregon.edu,planetlab3.wail.wisc.edu,file1MB.txt,2015/10/01 04:08:38,2015/10/01 04:11:06,148673.000000
planetlab2.temple.edu,planetlab3.wail.wisc.edu,file32B.txt,2015/10/01 04:11:06,2015/10/01 04:11:06,335.000000
planetlab2.temple.edu,planetlab3.wail.wisc.edu,file1KB.txt,2015/10/01 04:11:06,2015/10/01 04:11:06,283.000000
planetlab2.temple.edu,planetlab3.wail.wisc.edu,file256KB.txt,2015/10/01 04:11:06,2015/10/01 04:11:28,21980.000000
planetlab2.temple.edu,planetlab3.wail.wisc.edu,file512KB.txt,2015/10/01 04:11:28,2015/10/01 04:12:11,42809.000000
planetlab2.temple.edu,planetlab3.wail.wisc.edu,file1MB.txt,2015/10/01 04:12:11,2015/10/01 04:13:39,88704.000000
planetlab2.unl.edu,planetlab3.wail.wisc.edu,file32B.txt,2015/10/01 04:13:39,2015/10/01 04:13:39,243.000000
planetlab2.unl.edu,planetlab3.wail.wisc.edu,file1KB.txt,2015/10/01 04:13:39,2015/10/01 04:13:39,243.000000
planetlab2.unl.edu,planetlab3.wail.wisc.edu,file256KB.txt,2015/10/01 04:13:39,2015/10/01 04:13:57,18186.000000
planetlab2.unl.edu,planetlab3.wail.wisc.edu,file512KB.txt,2015/10/01 04:13:57,2015/10/01 04:14:33,36526.000000
planetlab2.unl.edu,planetlab3.wail.wisc.edu,file1MB.txt,2015/10/01 04:14:33,2015/10/01 04:15:43,69078.000000
planetlab2.unr.edu,planetlab3.wail.wisc.edu,file32B.txt,2015/10/01 04:15:43,2015/10/01 04:15:44,1527.000000
planetlab2.unr.edu,planetlab3.wail.wisc.edu,file1KB.txt,2015/10/01 04:15:44,2015/10/01 04:15:44,413.000000
planetlab2.unr.edu,planetlab3.wail.wisc.edu,file256KB.txt,2015/10/01 04:15:44,2015/10/01 04:16:15,31610.000000
planetlab2.unr.edu,planetlab3.wail.wisc.edu,file512KB.txt,2015/10/01 04:16:15,2015/10/01 04:17:15,59575.000000
planetlab2.unr.edu,planetlab3.wail.wisc.edu,file1MB.txt,2015/10/01 04:17:15,2015/10/01 04:19:16,121258.000000
planetlab2.uta.edu,planetlab3.wail.wisc.edu,file32B.txt,2015/10/01 04:19:16,2015/10/01 04:19:16,293.000000
planetlab2.uta.edu,planetlab3.wail.wisc.edu,file1KB.txt,2015/10/01 04:19:16,2015/10/01 04:19:17,1464.000000
planetlab2.uta.edu,planetlab3.wail.wisc.edu,file256KB.txt,2015/10/01 04:19:17,2015/10/01 04:19:43,26071.000000
planetlab2.uta.edu,planetlab3.wail.wisc.edu,file512KB.txt,2015/10/01 04:19:43,2015/10/01 04:20:37,53398.000000
