planetlab1.unr.edu,pl1.cs.montana.edu,file32B.txt,2015/09/30 21:02:06,2015/09/30 21:02:07,1351.000000
planetlab1.unr.edu,pl1.cs.montana.edu,file1KB.txt,2015/09/30 21:02:07,2015/09/30 21:02:08,1371.000000
planetlab1.unr.edu,pl1.cs.montana.edu,file256KB.txt,2015/09/30 21:02:08,2015/09/30 21:02:42,33694.000000
planetlab1.unr.edu,pl1.cs.montana.edu,file512KB.txt,2015/09/30 21:02:42,2015/09/30 21:03:50,67954.000000
planetlab1.unr.edu,pl1.cs.montana.edu,file1MB.txt,2015/09/30 21:03:50,2015/09/30 21:06:06,136380.000000
pl2.cs.unm.edu,pl1.cs.montana.edu,file32B.txt,2015/09/30 21:06:06,2015/09/30 21:06:06,838.000000
pl2.cs.unm.edu,pl1.cs.montana.edu,file1KB.txt,2015/09/30 21:06:06,2015/09/30 21:06:07,1092.000000
pl2.cs.unm.edu,pl1.cs.montana.edu,file256KB.txt,2015/09/30 21:06:07,2015/09/30 21:06:59,52002.000000
pl2.cs.unm.edu,pl1.cs.montana.edu,file512KB.txt,2015/09/30 21:06:59,2015/09/30 21:08:43,104567.000000
pl2.cs.unm.edu,pl1.cs.montana.edu,file1MB.txt,2015/09/30 21:08:43,2015/09/30 21:12:08,204274.000000
planetlab2.cnis.nyit.edu,pl1.cs.montana.edu,file32B.txt,2015/09/30 21:12:08,2015/09/30 21:12:09,1018.000000
planetlab2.cnis.nyit.edu,pl1.cs.montana.edu,file1KB.txt,2015/09/30 21:12:09,2015/09/30 21:12:10,1107.000000
planetlab2.cnis.nyit.edu,pl1.cs.montana.edu,file256KB.txt,2015/09/30 21:12:10,2015/09/30 21:13:07,57638.000000
planetlab2.cnis.nyit.edu,pl1.cs.montana.edu,file512KB.txt,2015/09/30 21:13:07,2015/09/30 21:14:58,110399.000000
planetlab2.cnis.nyit.edu,pl1.cs.montana.edu,file1MB.txt,2015/09/30 21:14:58,2015/09/30 21:18:41,223253.000000
planetlab2.rutgers.edu,pl1.cs.montana.edu,file32B.txt,2015/09/30 21:18:41,2015/09/30 21:18:45,3695.000000
planetlab2.rutgers.edu,pl1.cs.montana.edu,file1KB.txt,2015/09/30 21:18:45,2015/09/30 21:18:53,8259.000000
planetlab2.rutgers.edu,pl1.cs.montana.edu,file256KB.txt,2015/09/30 21:18:53,2015/09/30 21:37:39,-1126062.000000
planetlab2.rutgers.edu,pl1.cs.montana.edu,file512KB.txt,2015/09/30 21:37:39,2015/09/30 22:22:11,-1623124.000000
planetlab2.rutgers.edu,pl1.cs.montana.edu,file1MB.txt,2015/09/30 22:22:11,2015/09/30 23:24:53,532283.000000
planetlab2.cs.du.edu,pl1.cs.montana.edu,file32B.txt,2015/09/30 23:24:53,2015/09/30 23:24:53,618.000000
planetlab2.cs.du.edu,pl1.cs.montana.edu,file1KB.txt,2015/09/30 23:24:53,2015/09/30 23:24:54,1357.000000
planetlab2.cs.du.edu,pl1.cs.montana.edu,file256KB.txt,2015/09/30 23:24:54,2015/09/30 23:25:31,37025.000000
planetlab2.cs.du.edu,pl1.cs.montana.edu,file512KB.txt,2015/09/30 23:25:31,2015/09/30 23:26:50,78846.000000
planetlab2.cs.du.edu,pl1.cs.montana.edu,file1MB.txt,2015/09/30 23:26:50,2015/09/30 23:29:13,143311.000000
planetlab2.ucsd.edu,pl1.cs.montana.edu,file32B.txt,2015/09/30 23:29:13,2015/09/30 23:29:13,651.000000
planetlab2.ucsd.edu,pl1.cs.montana.edu,file1KB.txt,2015/09/30 23:29:13,2015/09/30 23:29:14,1305.000000
planetlab2.ucsd.edu,pl1.cs.montana.edu,file256KB.txt,2015/09/30 23:29:14,2015/09/30 23:29:51,37334.000000
planetlab2.ucsd.edu,pl1.cs.montana.edu,file512KB.txt,2015/09/30 23:29:51,2015/09/30 23:31:03,71855.000000
planetlab2.ucsd.edu,pl1.cs.montana.edu,file1MB.txt,2015/09/30 23:31:03,2015/09/30 23:33:27,143810.000000
planetlab3.cs.uoregon.edu,pl1.cs.montana.edu,file32B.txt,2015/09/30 23:33:27,2015/09/30 23:33:27,483.000000
planetlab3.cs.uoregon.edu,pl1.cs.montana.edu,file1KB.txt,2015/09/30 23:33:27,2015/09/30 23:33:28,1480.000000
planetlab3.cs.uoregon.edu,pl1.cs.montana.edu,file256KB.txt,2015/09/30 23:33:28,2015/09/30 23:33:54,26428.000000
planetlab3.cs.uoregon.edu,pl1.cs.montana.edu,file512KB.txt,2015/09/30 23:33:54,2015/09/30 23:34:44,49243.000000
planetlab3.cs.uoregon.edu,pl1.cs.montana.edu,file1MB.txt,2015/09/30 23:34:44,2015/09/30 23:36:25,101001.000000
planetlab-01.bu.edu,pl1.cs.montana.edu,file32B.txt,2015/09/30 23:36:25,2015/09/30 23:36:26,1085.000000
planetlab-01.bu.edu,pl1.cs.montana.edu,file1KB.txt,2015/09/30 23:36:26,2015/09/30 23:36:27,992.000000
planetlab-01.bu.edu,pl1.cs.montana.edu,file256KB.txt,2015/09/30 23:36:27,2015/09/30 23:37:32,65496.000000
planetlab-01.bu.edu,pl1.cs.montana.edu,file512KB.txt,2015/09/30 23:37:32,2015/09/30 23:39:40,127243.000000
planetlab-01.bu.edu,pl1.cs.montana.edu,file1MB.txt,2015/09/30 23:39:40,2015/09/30 23:43:57,-257343.000000
planetlab4.cnds.jhu.edu,pl1.cs.montana.edu,file32B.txt,2015/09/30 23:43:57,2015/09/30 23:43:58,1166.000000
planetlab4.cnds.jhu.edu,pl1.cs.montana.edu,file1KB.txt,2015/09/30 23:43:58,2015/09/30 23:43:59,1079.000000
planetlab4.cnds.jhu.edu,pl1.cs.montana.edu,file256KB.txt,2015/09/30 23:43:59,2015/09/30 23:44:56,56873.000000
planetlab4.cnds.jhu.edu,pl1.cs.montana.edu,file512KB.txt,2015/09/30 23:44:56,2015/09/30 23:46:50,114040.000000
planetlab4.cnds.jhu.edu,pl1.cs.montana.edu,file1MB.txt,2015/09/30 23:46:50,2015/09/30 23:50:37,226570.000000
planetlabtwo.ccs.neu.edu,pl1.cs.montana.edu,file32B.txt,2015/09/30 23:50:37,2015/09/30 23:50:39,2844.000000
planetlabtwo.ccs.neu.edu,pl1.cs.montana.edu,file1KB.txt,2015/09/30 23:50:39,2015/09/30 23:50:40,799.000000
planetlabtwo.ccs.neu.edu,pl1.cs.montana.edu,file256KB.txt,2015/09/30 23:50:40,2015/09/30 23:51:38,57497.000000
planetlabtwo.ccs.neu.edu,pl1.cs.montana.edu,file512KB.txt,2015/09/30 23:51:38,2015/09/30 23:53:35,117695.000000
planetlabtwo.ccs.neu.edu,pl1.cs.montana.edu,file1MB.txt,2015/09/30 23:53:35,2015/09/30 23:57:26,230225.000000
planetlab1.cs.purdue.edu,pl1.cs.montana.edu,file32B.txt,2015/09/30 23:57:26,2015/09/30 23:57:33,7643.000000
planetlab1.cs.purdue.edu,pl1.cs.montana.edu,file1KB.txt,2015/09/30 23:57:33,2015/09/30 23:57:38,4940.000000
planetlab1.cs.purdue.edu,pl1.cs.montana.edu,file256KB.txt,2015/09/30 23:57:38,2015/10/01 00:12:49,910358.000000
planetlab1.cs.purdue.edu,pl1.cs.montana.edu,file512KB.txt,2015/10/01 00:12:49,2015/10/01 00:41:24,1715661.000000
planetlab1.cs.purdue.edu,pl1.cs.montana.edu,file1MB.txt,2015/10/01 00:41:24,2015/10/01 01:17:08,-2144021.000000
planetlab2.tsuniv.edu,pl1.cs.montana.edu,file32B.txt,2015/10/01 01:17:08,2015/10/01 01:17:14,5250.000000
planetlab2.tsuniv.edu,pl1.cs.montana.edu,file1KB.txt,2015/10/01 01:17:14,2015/10/01 01:17:20,6342.000000
planetlab2.tsuniv.edu,pl1.cs.montana.edu,file256KB.txt,2015/10/01 01:17:20,2015/10/01 01:21:29,249096.000000
planetlab2.tsuniv.edu,pl1.cs.montana.edu,file512KB.txt,2015/10/01 01:21:29,2015/10/01 01:28:06,397383.000000
planetlab2.tsuniv.edu,pl1.cs.montana.edu,file1MB.txt,2015/10/01 01:28:06,2015/10/01 01:36:10,483407.000000
planetlab1.tsuniv.edu,pl1.cs.montana.edu,file32B.txt,2015/10/01 01:36:10,2015/10/01 01:36:19,9008.000000
planetlab1.tsuniv.edu,pl1.cs.montana.edu,file1KB.txt,2015/10/01 01:36:19,2015/10/01 01:36:34,15392.000000
planetlab1.tsuniv.edu,pl1.cs.montana.edu,file256KB.txt,2015/10/01 01:36:34,2015/10/01 01:40:37,242642.000000
planetlab1.tsuniv.edu,pl1.cs.montana.edu,file512KB.txt,2015/10/01 01:40:37,2015/10/01 02:00:20,1182839.000000
planetlab1.tsuniv.edu,pl1.cs.montana.edu,file1MB.txt,2015/10/01 02:00:20,2015/10/01 02:31:31,-1871423.000000
planetlab3.ucsd.edu,pl1.cs.montana.edu,file32B.txt,2015/10/01 02:31:31,2015/10/01 02:31:32,1337.000000
planetlab3.ucsd.edu,pl1.cs.montana.edu,file1KB.txt,2015/10/01 02:31:32,2015/10/01 02:31:32,636.000000
planetlab3.ucsd.edu,pl1.cs.montana.edu,file256KB.txt,2015/10/01 02:31:32,2015/10/01 02:32:09,37154.000000
planetlab3.ucsd.edu,pl1.cs.montana.edu,file512KB.txt,2015/10/01 02:32:09,2015/10/01 02:33:24,75007.000000
planetlab3.ucsd.edu,pl1.cs.montana.edu,file1MB.txt,2015/10/01 02:33:24,2015/10/01 02:35:51,147453.000000
node2.planetlab.mathcs.emory.edu,pl1.cs.montana.edu,file32B.txt,2015/10/01 02:35:51,2015/10/01 02:35:52,1020.000000
node2.planetlab.mathcs.emory.edu,pl1.cs.montana.edu,file1KB.txt,2015/10/01 02:35:52,2015/10/01 02:35:53,1086.000000
node2.planetlab.mathcs.emory.edu,pl1.cs.montana.edu,file256KB.txt,2015/10/01 02:35:53,2015/10/01 02:36:50,57116.000000
node2.planetlab.mathcs.emory.edu,pl1.cs.montana.edu,file512KB.txt,2015/10/01 02:36:50,2015/10/01 02:38:43,112590.000000
node2.planetlab.mathcs.emory.edu,pl1.cs.montana.edu,file1MB.txt,2015/10/01 02:38:43,2015/10/01 02:42:28,224653.000000
planetlab5.csee.usf.edu,pl1.cs.montana.edu,file32B.txt,2015/10/01 02:42:28,2015/10/01 02:42:29,1092.000000
planetlab5.csee.usf.edu,pl1.cs.montana.edu,file1KB.txt,2015/10/01 02:42:29,2015/10/01 02:42:30,993.000000
planetlab5.csee.usf.edu,pl1.cs.montana.edu,file256KB.txt,2015/10/01 02:42:30,2015/10/01 02:43:34,64693.000000
planetlab5.csee.usf.edu,pl1.cs.montana.edu,file512KB.txt,2015/10/01 02:43:34,2015/10/01 02:45:40,125977.000000
planetlab5.csee.usf.edu,pl1.cs.montana.edu,file1MB.txt,2015/10/01 02:45:40,2015/10/01 02:49:51,251006.000000
planetlab1.emich.edu,pl1.cs.montana.edu,file32B.txt,2015/10/01 02:49:51,2015/10/01 02:49:52,1145.000000
planetlab1.emich.edu,pl1.cs.montana.edu,file1KB.txt,2015/10/01 02:49:52,2015/10/01 02:49:52,936.000000
planetlab1.emich.edu,pl1.cs.montana.edu,file256KB.txt,2015/10/01 02:49:52,2015/10/01 02:50:49,57547.000000
planetlab1.emich.edu,pl1.cs.montana.edu,file512KB.txt,2015/10/01 02:50:49,2015/10/01 02:52:41,111717.000000
planetlab1.emich.edu,pl1.cs.montana.edu,file1MB.txt,2015/10/01 02:52:41,2015/10/01 02:56:25,224181.000000
ebb.colgate.edu,pl1.cs.montana.edu,file32B.txt,2015/10/01 02:56:25,2015/10/01 02:56:26,1014.000000
ebb.colgate.edu,pl1.cs.montana.edu,file1KB.txt,2015/10/01 02:56:26,2015/10/01 02:56:28,2242.000000
ebb.colgate.edu,pl1.cs.montana.edu,file256KB.txt,2015/10/01 02:56:28,2015/10/01 02:57:42,74495.000000
ebb.colgate.edu,pl1.cs.montana.edu,file512KB.txt,2015/10/01 02:57:42,2015/10/01 03:00:21,159008.000000
ebb.colgate.edu,pl1.cs.montana.edu,file1MB.txt,2015/10/01 03:00:21,2015/10/01 03:05:01,279666.000000
kc-sce-plab2.umkc.edu,pl1.cs.montana.edu,file32B.txt,2015/10/01 03:05:01,2015/10/01 03:05:03,2285.000000
kc-sce-plab2.umkc.edu,pl1.cs.montana.edu,file1KB.txt,2015/10/01 03:05:03,2015/10/01 03:05:06,3002.000000
kc-sce-plab2.umkc.edu,pl1.cs.montana.edu,file256KB.txt,2015/10/01 03:05:06,2015/10/01 03:06:05,58695.000000
kc-sce-plab2.umkc.edu,pl1.cs.montana.edu,file512KB.txt,2015/10/01 03:06:05,2015/10/01 03:08:13,127792.000000
kc-sce-plab2.umkc.edu,pl1.cs.montana.edu,file1MB.txt,2015/10/01 03:08:13,2015/10/01 03:12:36,263269.000000
node1.planetlab.mathcs.emory.edu,pl1.cs.montana.edu,file32B.txt,2015/10/01 03:12:36,2015/10/01 03:12:37,1145.000000
node1.planetlab.mathcs.emory.edu,pl1.cs.montana.edu,file1KB.txt,2015/10/01 03:12:37,2015/10/01 03:12:38,1066.000000
node1.planetlab.mathcs.emory.edu,pl1.cs.montana.edu,file256KB.txt,2015/10/01 03:12:38,2015/10/01 03:13:34,55321.000000
node1.planetlab.mathcs.emory.edu,pl1.cs.montana.edu,file512KB.txt,2015/10/01 03:13:34,2015/10/01 03:15:27,113309.000000
node1.planetlab.mathcs.emory.edu,pl1.cs.montana.edu,file1MB.txt,2015/10/01 03:15:27,2015/10/01 03:19:13,-225834.000000
pl1.cs.montana.edu,pl1.cs.montana.edu,file32B.txt,2015/10/01 03:19:13,2015/10/01 03:19:13,1.000000
pl1.cs.montana.edu,pl1.cs.montana.edu,file1KB.txt,2015/10/01 03:19:13,2015/10/01 03:19:13,0.000000
pl1.cs.montana.edu,pl1.cs.montana.edu,file256KB.txt,2015/10/01 03:19:13,2015/10/01 03:19:13,17.000000
pl1.cs.montana.edu,pl1.cs.montana.edu,file512KB.txt,2015/10/01 03:19:13,2015/10/01 03:19:13,33.000000
pl1.cs.montana.edu,pl1.cs.montana.edu,file1MB.txt,2015/10/01 03:19:13,2015/10/01 03:19:13,72.000000
plab3.eece.ksu.edu,pl1.cs.montana.edu,file32B.txt,2015/10/01 03:19:35,2015/10/01 03:19:35,694.000000
plab3.eece.ksu.edu,pl1.cs.montana.edu,file1KB.txt,2015/10/01 03:19:35,2015/10/01 03:19:36,1230.000000
plab3.eece.ksu.edu,pl1.cs.montana.edu,file256KB.txt,2015/10/01 03:19:36,2015/10/01 03:20:19,43249.000000
plab3.eece.ksu.edu,pl1.cs.montana.edu,file512KB.txt,2015/10/01 03:20:19,2015/10/01 03:21:44,85069.000000
plab3.eece.ksu.edu,pl1.cs.montana.edu,file1MB.txt,2015/10/01 03:21:44,2015/10/01 03:24:33,168768.000000
planet3.cc.gt.atl.ga.us,pl1.cs.montana.edu,file32B.txt,2015/10/01 03:24:33,2015/10/01 03:24:34,1010.000000
planet3.cc.gt.atl.ga.us,pl1.cs.montana.edu,file1KB.txt,2015/10/01 03:24:34,2015/10/01 03:24:35,1024.000000
planet3.cc.gt.atl.ga.us,pl1.cs.montana.edu,file256KB.txt,2015/10/01 03:24:35,2015/10/01 03:25:31,55552.000000
planet3.cc.gt.atl.ga.us,pl1.cs.montana.edu,file512KB.txt,2015/10/01 03:25:31,2015/10/01 03:27:24,112996.000000
planet3.cc.gt.atl.ga.us,pl1.cs.montana.edu,file1MB.txt,2015/10/01 03:27:24,2015/10/01 03:31:09,225844.000000
planetlab-02.bu.edu,pl1.cs.montana.edu,file32B.txt,2015/10/01 03:31:09,2015/10/01 03:31:10,1077.000000
planetlab-02.bu.edu,pl1.cs.montana.edu,file1KB.txt,2015/10/01 03:31:10,2015/10/01 03:31:11,905.000000
planetlab-02.bu.edu,pl1.cs.montana.edu,file256KB.txt,2015/10/01 03:31:11,2015/10/01 03:32:16,65090.000000
planetlab-02.bu.edu,pl1.cs.montana.edu,file512KB.txt,2015/10/01 03:32:16,2015/10/01 03:34:24,127490.000000
planetlab-02.bu.edu,pl1.cs.montana.edu,file1MB.txt,2015/10/01 03:34:24,2015/10/01 03:38:40,256230.000000
planetlab1.cs.du.edu,pl1.cs.montana.edu,file32B.txt,2015/10/01 03:39:03,2015/10/01 03:39:03,597.000000
planetlab1.cs.du.edu,pl1.cs.montana.edu,file1KB.txt,2015/10/01 03:39:03,2015/10/01 03:39:04,1374.000000
planetlab1.cs.du.edu,pl1.cs.montana.edu,file256KB.txt,2015/10/01 03:39:04,2015/10/01 03:39:40,36190.000000
planetlab1.cs.du.edu,pl1.cs.montana.edu,file512KB.txt,2015/10/01 03:39:40,2015/10/01 03:40:51,70772.000000
planetlab1.cs.du.edu,pl1.cs.montana.edu,file1MB.txt,2015/10/01 03:40:51,2015/10/01 03:43:13,142374.000000
planetlab-1.cse.ohio-state.edu,pl1.cs.montana.edu,file32B.txt,2015/10/01 03:43:13,2015/10/01 03:43:23,10013.000000
planetlab-1.cse.ohio-state.edu,pl1.cs.montana.edu,file1KB.txt,2015/10/01 03:43:23,2015/10/01 03:44:22,59203.000000
planetlab-1.cse.ohio-state.edu,pl1.cs.montana.edu,file256KB.txt,2015/10/01 03:44:22,2015/10/01 04:05:17,1254640.000000
