planetlab1.unr.edu,plab3.eece.ksu.edu,file32B.txt,2015/09/30 21:02:09,2015/09/30 21:02:09,410.000000
planetlab1.unr.edu,plab3.eece.ksu.edu,file1KB.txt,2015/09/30 21:02:09,2015/09/30 21:02:10,1629.000000
planetlab1.unr.edu,plab3.eece.ksu.edu,file256KB.txt,2015/09/30 21:02:10,2015/09/30 21:02:27,16589.000000
planetlab1.unr.edu,plab3.eece.ksu.edu,file512KB.txt,2015/09/30 21:02:27,2015/09/30 21:03:01,33617.000000
planetlab1.unr.edu,plab3.eece.ksu.edu,file1MB.txt,2015/09/30 21:03:01,2015/09/30 21:04:10,69528.000000
pl2.cs.unm.edu,plab3.eece.ksu.edu,file32B.txt,2015/09/30 21:04:10,2015/09/30 21:04:10,469.000000
pl2.cs.unm.edu,plab3.eece.ksu.edu,file1KB.txt,2015/09/30 21:04:10,2015/09/30 21:04:11,1556.000000
pl2.cs.unm.edu,plab3.eece.ksu.edu,file256KB.txt,2015/09/30 21:04:11,2015/09/30 21:04:35,23906.000000
pl2.cs.unm.edu,plab3.eece.ksu.edu,file512KB.txt,2015/09/30 21:04:35,2015/09/30 21:05:25,49872.000000
pl2.cs.unm.edu,plab3.eece.ksu.edu,file1MB.txt,2015/09/30 21:05:25,2015/09/30 21:07:00,95153.000000
planetlab2.cnis.nyit.edu,plab3.eece.ksu.edu,file32B.txt,2015/09/30 21:07:00,2015/09/30 21:07:00,465.000000
planetlab2.cnis.nyit.edu,plab3.eece.ksu.edu,file1KB.txt,2015/09/30 21:07:00,2015/09/30 21:07:01,1493.000000
planetlab2.cnis.nyit.edu,plab3.eece.ksu.edu,file256KB.txt,2015/09/30 21:07:01,2015/09/30 21:07:24,22844.000000
planetlab2.cnis.nyit.edu,plab3.eece.ksu.edu,file512KB.txt,2015/09/30 21:07:24,2015/09/30 21:08:10,45893.000000
planetlab2.cnis.nyit.edu,plab3.eece.ksu.edu,file1MB.txt,2015/09/30 21:08:10,2015/09/30 21:09:42,92360.000000
planetlab2.rutgers.edu,plab3.eece.ksu.edu,file32B.txt,2015/09/30 21:09:42,2015/09/30 21:10:02,19948.000000
planetlab2.rutgers.edu,plab3.eece.ksu.edu,file1KB.txt,2015/09/30 21:10:02,2015/09/30 21:10:09,7191.000000
planetlab2.rutgers.edu,plab3.eece.ksu.edu,file256KB.txt,2015/09/30 21:10:09,2015/09/30 21:13:49,219217.000000
planetlab2.rutgers.edu,plab3.eece.ksu.edu,file512KB.txt,2015/09/30 21:13:49,2015/09/30 21:45:37,-1908218.000000
planetlab2.rutgers.edu,plab3.eece.ksu.edu,file1MB.txt,2015/09/30 21:45:37,2015/09/30 23:05:19,487455.000000
planetlab2.ucsd.edu,plab3.eece.ksu.edu,file32B.txt,2015/09/30 23:05:19,2015/09/30 23:05:20,1491.000000
planetlab2.ucsd.edu,plab3.eece.ksu.edu,file1KB.txt,2015/09/30 23:05:20,2015/09/30 23:05:20,525.000000
planetlab2.ucsd.edu,plab3.eece.ksu.edu,file256KB.txt,2015/09/30 23:05:20,2015/09/30 23:05:48,28037.000000
planetlab2.ucsd.edu,plab3.eece.ksu.edu,file512KB.txt,2015/09/30 23:05:48,2015/09/30 23:06:43,54585.000000
planetlab2.ucsd.edu,plab3.eece.ksu.edu,file1MB.txt,2015/09/30 23:06:43,2015/09/30 23:08:34,111485.000000
planetlab3.cs.uoregon.edu,plab3.eece.ksu.edu,file32B.txt,2015/09/30 23:08:34,2015/09/30 23:08:34,481.000000
planetlab3.cs.uoregon.edu,plab3.eece.ksu.edu,file1KB.txt,2015/09/30 23:08:34,2015/09/30 23:08:35,1492.000000
planetlab3.cs.uoregon.edu,plab3.eece.ksu.edu,file256KB.txt,2015/09/30 23:08:35,2015/09/30 23:08:59,23899.000000
planetlab3.cs.uoregon.edu,plab3.eece.ksu.edu,file512KB.txt,2015/09/30 23:08:59,2015/09/30 23:09:47,47932.000000
planetlab3.cs.uoregon.edu,plab3.eece.ksu.edu,file1MB.txt,2015/09/30 23:09:47,2015/09/30 23:11:23,96367.000000
planetlab-01.bu.edu,plab3.eece.ksu.edu,file32B.txt,2015/09/30 23:11:23,2015/09/30 23:11:23,646.000000
planetlab-01.bu.edu,plab3.eece.ksu.edu,file1KB.txt,2015/09/30 23:11:23,2015/09/30 23:11:24,1368.000000
planetlab-01.bu.edu,plab3.eece.ksu.edu,file256KB.txt,2015/09/30 23:11:24,2015/09/30 23:12:02,37535.000000
planetlab-01.bu.edu,plab3.eece.ksu.edu,file512KB.txt,2015/09/30 23:12:02,2015/09/30 23:13:19,77654.000000
planetlab-01.bu.edu,plab3.eece.ksu.edu,file1MB.txt,2015/09/30 23:13:19,2015/09/30 23:15:51,151553.000000
planetlab4.cnds.jhu.edu,plab3.eece.ksu.edu,file32B.txt,2015/09/30 23:15:51,2015/09/30 23:15:52,1518.000000
planetlab4.cnds.jhu.edu,plab3.eece.ksu.edu,file1KB.txt,2015/09/30 23:15:52,2015/09/30 23:15:52,609.000000
planetlab4.cnds.jhu.edu,plab3.eece.ksu.edu,file256KB.txt,2015/09/30 23:15:52,2015/09/30 23:16:11,19655.000000
planetlab4.cnds.jhu.edu,plab3.eece.ksu.edu,file512KB.txt,2015/09/30 23:16:11,2015/09/30 23:16:47,35671.000000
planetlab4.cnds.jhu.edu,plab3.eece.ksu.edu,file1MB.txt,2015/09/30 23:16:47,2015/09/30 23:17:59,71635.000000
planetlabtwo.ccs.neu.edu,plab3.eece.ksu.edu,file32B.txt,2015/09/30 23:17:59,2015/09/30 23:18:00,1547.000000
planetlabtwo.ccs.neu.edu,plab3.eece.ksu.edu,file1KB.txt,2015/09/30 23:18:00,2015/09/30 23:18:00,493.000000
planetlabtwo.ccs.neu.edu,plab3.eece.ksu.edu,file256KB.txt,2015/09/30 23:18:00,2015/09/30 23:18:20,20126.000000
planetlabtwo.ccs.neu.edu,plab3.eece.ksu.edu,file512KB.txt,2015/09/30 23:18:20,2015/09/30 23:18:59,40739.000000
planetlabtwo.ccs.neu.edu,plab3.eece.ksu.edu,file1MB.txt,2015/09/30 23:18:59,2015/09/30 23:20:18,77540.000000
planetlab1.cs.purdue.edu,plab3.eece.ksu.edu,file32B.txt,2015/09/30 23:20:18,2015/09/30 23:20:19,1120.000000
planetlab1.cs.purdue.edu,plab3.eece.ksu.edu,file1KB.txt,2015/09/30 23:20:19,2015/09/30 23:20:20,1339.000000
planetlab1.cs.purdue.edu,plab3.eece.ksu.edu,file256KB.txt,2015/09/30 23:20:20,2015/09/30 23:21:21,60812.000000
planetlab1.cs.purdue.edu,plab3.eece.ksu.edu,file512KB.txt,2015/09/30 23:21:21,2015/09/30 23:22:55,93668.000000
planetlab1.cs.purdue.edu,plab3.eece.ksu.edu,file1MB.txt,2015/09/30 23:22:55,2015/09/30 23:25:42,166600.000000
planetlab2.tsuniv.edu,plab3.eece.ksu.edu,file32B.txt,2015/09/30 23:25:42,2015/09/30 23:25:44,2685.000000
planetlab2.tsuniv.edu,plab3.eece.ksu.edu,file1KB.txt,2015/09/30 23:25:44,2015/09/30 23:25:44,534.000000
planetlab2.tsuniv.edu,plab3.eece.ksu.edu,file256KB.txt,2015/09/30 23:25:44,2015/09/30 23:26:13,29319.000000
planetlab2.tsuniv.edu,plab3.eece.ksu.edu,file512KB.txt,2015/09/30 23:26:13,2015/09/30 23:27:10,56878.000000
planetlab2.tsuniv.edu,plab3.eece.ksu.edu,file1MB.txt,2015/09/30 23:27:10,2015/09/30 23:29:07,116992.000000
planetlab1.tsuniv.edu,plab3.eece.ksu.edu,file32B.txt,2015/09/30 23:29:07,2015/09/30 23:29:08,730.000000
planetlab1.tsuniv.edu,plab3.eece.ksu.edu,file1KB.txt,2015/09/30 23:29:08,2015/09/30 23:29:10,2715.000000
planetlab1.tsuniv.edu,plab3.eece.ksu.edu,file256KB.txt,2015/09/30 23:29:10,2015/09/30 23:29:39,28497.000000
planetlab1.tsuniv.edu,plab3.eece.ksu.edu,file512KB.txt,2015/09/30 23:29:39,2015/09/30 23:30:36,56977.000000
planetlab1.tsuniv.edu,plab3.eece.ksu.edu,file1MB.txt,2015/09/30 23:30:36,2015/09/30 23:32:30,114382.000000
planetlab3.ucsd.edu,plab3.eece.ksu.edu,file32B.txt,2015/09/30 23:32:30,2015/09/30 23:32:30,549.000000
planetlab3.ucsd.edu,plab3.eece.ksu.edu,file1KB.txt,2015/09/30 23:32:30,2015/09/30 23:32:31,1419.000000
planetlab3.ucsd.edu,plab3.eece.ksu.edu,file256KB.txt,2015/09/30 23:32:31,2015/09/30 23:32:59,27540.000000
planetlab3.ucsd.edu,plab3.eece.ksu.edu,file512KB.txt,2015/09/30 23:32:59,2015/09/30 23:33:56,57518.000000
planetlab3.ucsd.edu,plab3.eece.ksu.edu,file1MB.txt,2015/09/30 23:33:56,2015/09/30 23:35:49,113312.000000
node2.planetlab.mathcs.emory.edu,plab3.eece.ksu.edu,file32B.txt,2015/09/30 23:35:49,2015/09/30 23:35:49,338.000000
node2.planetlab.mathcs.emory.edu,plab3.eece.ksu.edu,file1KB.txt,2015/09/30 23:35:49,2015/09/30 23:35:50,849.000000
node2.planetlab.mathcs.emory.edu,plab3.eece.ksu.edu,file256KB.txt,2015/09/30 23:35:50,2015/09/30 23:36:09,19820.000000
node2.planetlab.mathcs.emory.edu,plab3.eece.ksu.edu,file512KB.txt,2015/09/30 23:36:09,2015/09/30 23:36:44,34316.000000
node2.planetlab.mathcs.emory.edu,plab3.eece.ksu.edu,file1MB.txt,2015/09/30 23:36:44,2015/09/30 23:37:55,71126.000000
planetlab5.csee.usf.edu,plab3.eece.ksu.edu,file32B.txt,2015/09/30 23:37:55,2015/09/30 23:37:56,1491.000000
planetlab5.csee.usf.edu,plab3.eece.ksu.edu,file1KB.txt,2015/09/30 23:37:56,2015/09/30 23:37:56,556.000000
planetlab5.csee.usf.edu,plab3.eece.ksu.edu,file256KB.txt,2015/09/30 23:37:56,2015/09/30 23:38:21,25399.000000
planetlab5.csee.usf.edu,plab3.eece.ksu.edu,file512KB.txt,2015/09/30 23:38:21,2015/09/30 23:39:10,49145.000000
planetlab5.csee.usf.edu,plab3.eece.ksu.edu,file1MB.txt,2015/09/30 23:39:10,2015/09/30 23:40:47,96717.000000
planetlab1.emich.edu,plab3.eece.ksu.edu,file32B.txt,2015/09/30 23:40:47,2015/09/30 23:40:47,372.000000
planetlab1.emich.edu,plab3.eece.ksu.edu,file1KB.txt,2015/09/30 23:40:47,2015/09/30 23:40:48,1624.000000
planetlab1.emich.edu,plab3.eece.ksu.edu,file256KB.txt,2015/09/30 23:40:48,2015/09/30 23:41:05,16223.000000
planetlab1.emich.edu,plab3.eece.ksu.edu,file512KB.txt,2015/09/30 23:41:05,2015/09/30 23:41:41,36730.000000
planetlab1.emich.edu,plab3.eece.ksu.edu,file1MB.txt,2015/09/30 23:41:41,2015/09/30 23:42:51,69723.000000
ebb.colgate.edu,plab3.eece.ksu.edu,file32B.txt,2015/09/30 23:42:51,2015/09/30 23:42:52,1528.000000
ebb.colgate.edu,plab3.eece.ksu.edu,file1KB.txt,2015/09/30 23:42:52,2015/09/30 23:42:52,496.000000
ebb.colgate.edu,plab3.eece.ksu.edu,file256KB.txt,2015/09/30 23:42:52,2015/09/30 23:43:25,32810.000000
ebb.colgate.edu,plab3.eece.ksu.edu,file512KB.txt,2015/09/30 23:43:25,2015/09/30 23:44:28,-63815.000000
ebb.colgate.edu,plab3.eece.ksu.edu,file1MB.txt,2015/09/30 23:44:28,2015/09/30 23:46:37,128936.000000
kc-sce-plab2.umkc.edu,plab3.eece.ksu.edu,file32B.txt,2015/09/30 23:46:37,2015/09/30 23:46:38,409.000000
kc-sce-plab2.umkc.edu,plab3.eece.ksu.edu,file1KB.txt,2015/09/30 23:46:38,2015/09/30 23:46:50,11887.000000
kc-sce-plab2.umkc.edu,plab3.eece.ksu.edu,file256KB.txt,2015/09/30 23:46:50,2015/09/30 23:59:54,784442.000000
kc-sce-plab2.umkc.edu,plab3.eece.ksu.edu,file512KB.txt,2015/09/30 23:59:54,2015/10/01 00:07:19,445180.000000
kc-sce-plab2.umkc.edu,plab3.eece.ksu.edu,file1MB.txt,2015/10/01 00:07:19,2015/10/01 00:13:23,363218.000000
node1.planetlab.mathcs.emory.edu,plab3.eece.ksu.edu,file32B.txt,2015/10/01 00:13:23,2015/10/01 00:13:24,1627.000000
node1.planetlab.mathcs.emory.edu,plab3.eece.ksu.edu,file1KB.txt,2015/10/01 00:13:24,2015/10/01 00:13:24,416.000000
node1.planetlab.mathcs.emory.edu,plab3.eece.ksu.edu,file256KB.txt,2015/10/01 00:13:24,2015/10/01 00:13:42,17975.000000
node1.planetlab.mathcs.emory.edu,plab3.eece.ksu.edu,file512KB.txt,2015/10/01 00:13:42,2015/10/01 00:14:18,36362.000000
node1.planetlab.mathcs.emory.edu,plab3.eece.ksu.edu,file1MB.txt,2015/10/01 00:14:18,2015/10/01 00:15:29,70746.000000
pl1.cs.montana.edu,plab3.eece.ksu.edu,file32B.txt,2015/10/01 00:15:29,2015/10/01 00:15:30,1226.000000
pl1.cs.montana.edu,plab3.eece.ksu.edu,file1KB.txt,2015/10/01 00:15:30,2015/10/01 00:15:31,1122.000000
pl1.cs.montana.edu,plab3.eece.ksu.edu,file256KB.txt,2015/10/01 00:15:31,2015/10/01 00:16:14,43210.000000
pl1.cs.montana.edu,plab3.eece.ksu.edu,file512KB.txt,2015/10/01 00:16:14,2015/10/01 00:17:38,83229.000000
pl1.cs.montana.edu,plab3.eece.ksu.edu,file1MB.txt,2015/10/01 00:17:38,2015/10/01 00:20:28,170833.000000
plab3.eece.ksu.edu,plab3.eece.ksu.edu,file32B.txt,2015/10/01 00:20:51,2015/10/01 00:20:51,1.000000
plab3.eece.ksu.edu,plab3.eece.ksu.edu,file1KB.txt,2015/10/01 00:20:51,2015/10/01 00:20:51,0.000000
plab3.eece.ksu.edu,plab3.eece.ksu.edu,file256KB.txt,2015/10/01 00:20:51,2015/10/01 00:20:51,29.000000
plab3.eece.ksu.edu,plab3.eece.ksu.edu,file512KB.txt,2015/10/01 00:20:51,2015/10/01 00:20:51,61.000000
plab3.eece.ksu.edu,plab3.eece.ksu.edu,file1MB.txt,2015/10/01 00:20:51,2015/10/01 00:20:51,155.000000
planet3.cc.gt.atl.ga.us,plab3.eece.ksu.edu,file32B.txt,2015/10/01 00:20:51,2015/10/01 00:20:52,829.000000
planet3.cc.gt.atl.ga.us,plab3.eece.ksu.edu,file1KB.txt,2015/10/01 00:20:52,2015/10/01 00:20:55,3359.000000
planet3.cc.gt.atl.ga.us,plab3.eece.ksu.edu,file256KB.txt,2015/10/01 00:20:55,2015/10/01 00:21:13,18341.000000
planet3.cc.gt.atl.ga.us,plab3.eece.ksu.edu,file512KB.txt,2015/10/01 00:21:13,2015/10/01 00:21:48,34541.000000
planet3.cc.gt.atl.ga.us,plab3.eece.ksu.edu,file1MB.txt,2015/10/01 00:21:48,2015/10/01 00:22:58,69969.000000
planetlab-02.bu.edu,plab3.eece.ksu.edu,file32B.txt,2015/10/01 00:22:59,2015/10/01 00:22:59,652.000000
planetlab-02.bu.edu,plab3.eece.ksu.edu,file1KB.txt,2015/10/01 00:22:59,2015/10/01 00:23:00,1360.000000
planetlab-02.bu.edu,plab3.eece.ksu.edu,file256KB.txt,2015/10/01 00:23:00,2015/10/01 00:23:39,38949.000000
planetlab-02.bu.edu,plab3.eece.ksu.edu,file512KB.txt,2015/10/01 00:23:39,2015/10/01 00:24:56,76630.000000
planetlab-02.bu.edu,plab3.eece.ksu.edu,file1MB.txt,2015/10/01 00:24:56,2015/10/01 00:27:29,152844.000000
planetlab1.clemson.edu,plab3.eece.ksu.edu,file32B.txt,2015/10/01 00:27:51,2015/10/01 00:27:51,396.000000
planetlab1.clemson.edu,plab3.eece.ksu.edu,file1KB.txt,2015/10/01 00:27:51,2015/10/01 00:27:52,1625.000000
planetlab1.clemson.edu,plab3.eece.ksu.edu,file256KB.txt,2015/10/01 00:27:52,2015/10/01 00:28:11,18816.000000
planetlab1.clemson.edu,plab3.eece.ksu.edu,file512KB.txt,2015/10/01 00:28:11,2015/10/01 00:28:49,38026.000000
planetlab1.clemson.edu,plab3.eece.ksu.edu,file1MB.txt,2015/10/01 00:28:49,2015/10/01 00:30:05,76073.000000
planetlab1.cs.du.edu,plab3.eece.ksu.edu,file32B.txt,2015/10/01 00:30:05,2015/10/01 00:30:06,1639.000000
planetlab1.cs.du.edu,plab3.eece.ksu.edu,file1KB.txt,2015/10/01 00:30:06,2015/10/01 00:30:06,383.000000
planetlab1.cs.du.edu,plab3.eece.ksu.edu,file256KB.txt,2015/10/01 00:30:06,2015/10/01 00:30:27,21422.000000
planetlab1.cs.du.edu,plab3.eece.ksu.edu,file512KB.txt,2015/10/01 00:30:27,2015/10/01 00:31:09,41761.000000
planetlab1.cs.du.edu,plab3.eece.ksu.edu,file1MB.txt,2015/10/01 00:31:09,2015/10/01 00:32:29,79726.000000
planetlab-1.cse.ohio-state.edu,plab3.eece.ksu.edu,file32B.txt,2015/10/01 00:32:29,2015/10/01 00:32:33,4734.000000
planetlab-1.cse.ohio-state.edu,plab3.eece.ksu.edu,file1KB.txt,2015/10/01 00:32:33,2015/10/01 00:32:35,1666.000000
planetlab-1.cse.ohio-state.edu,plab3.eece.ksu.edu,file256KB.txt,2015/10/01 00:32:35,2015/10/01 00:39:11,395484.000000
planetlab-1.cse.ohio-state.edu,plab3.eece.ksu.edu,file512KB.txt,2015/10/01 00:39:11,2015/10/01 01:01:50,-1359627.000000
planetlab-1.cse.ohio-state.edu,plab3.eece.ksu.edu,file1MB.txt,2015/10/01 01:01:50,2015/10/01 01:39:30,-2035409.000000
planetlab1.cs.okstate.edu,plab3.eece.ksu.edu,file32B.txt,2015/10/01 01:39:30,2015/10/01 01:39:30,199.000000
planetlab1.cs.okstate.edu,plab3.eece.ksu.edu,file1KB.txt,2015/10/01 01:39:30,2015/10/01 01:39:31,1832.000000
planetlab1.cs.okstate.edu,plab3.eece.ksu.edu,file256KB.txt,2015/10/01 01:39:31,2015/10/01 01:39:36,4132.000000
planetlab1.cs.okstate.edu,plab3.eece.ksu.edu,file512KB.txt,2015/10/01 01:39:36,2015/10/01 01:39:48,12635.000000
planetlab1.cs.okstate.edu,plab3.eece.ksu.edu,file1MB.txt,2015/10/01 01:39:48,2015/10/01 01:40:10,21503.000000
planetlab1.cs.ucla.edu,plab3.eece.ksu.edu,file32B.txt,2015/10/01 01:40:10,2015/10/01 01:40:11,1457.000000
planetlab1.cs.ucla.edu,plab3.eece.ksu.edu,file1KB.txt,2015/10/01 01:40:11,2015/10/01 01:40:11,472.000000
planetlab1.cs.ucla.edu,plab3.eece.ksu.edu,file256KB.txt,2015/10/01 01:40:11,2015/10/01 01:40:40,28898.000000
planetlab1.cs.ucla.edu,plab3.eece.ksu.edu,file512KB.txt,2015/10/01 01:40:40,2015/10/01 01:41:36,55946.000000
planetlab1.cs.ucla.edu,plab3.eece.ksu.edu,file1MB.txt,2015/10/01 01:41:36,2015/10/01 01:43:29,113883.000000
planetlab1.csuohio.edu,plab3.eece.ksu.edu,file32B.txt,2015/10/01 01:43:29,2015/10/01 01:43:29,726.000000
planetlab1.csuohio.edu,plab3.eece.ksu.edu,file1KB.txt,2015/10/01 01:43:29,2015/10/01 01:43:31,2302.000000
planetlab1.csuohio.edu,plab3.eece.ksu.edu,file256KB.txt,2015/10/01 01:43:31,2015/10/01 01:44:06,35267.000000
planetlab1.csuohio.edu,plab3.eece.ksu.edu,file512KB.txt,2015/10/01 01:44:06,2015/10/01 01:45:14,67474.000000
planetlab1.csuohio.edu,plab3.eece.ksu.edu,file1MB.txt,2015/10/01 01:45:14,2015/10/01 01:47:17,123499.000000
planetlab1.emich.edu,plab3.eece.ksu.edu,file32B.txt,2015/10/01 01:47:17,2015/10/01 01:47:17,389.000000
planetlab1.emich.edu,plab3.eece.ksu.edu,file1KB.txt,2015/10/01 01:47:17,2015/10/01 01:47:18,1587.000000
planetlab1.emich.edu,plab3.eece.ksu.edu,file256KB.txt,2015/10/01 01:47:18,2015/10/01 01:47:35,16231.000000
planetlab1.emich.edu,plab3.eece.ksu.edu,file512KB.txt,2015/10/01 01:47:35,2015/10/01 01:48:11,36688.000000
planetlab1.emich.edu,plab3.eece.ksu.edu,file1MB.txt,2015/10/01 01:48:11,2015/10/01 01:49:21,69779.000000
planetlab1.ucsd.edu,plab3.eece.ksu.edu,file32B.txt,2015/10/01 01:49:24,2015/10/01 01:49:25,1522.000000
planetlab1.ucsd.edu,plab3.eece.ksu.edu,file1KB.txt,2015/10/01 01:49:25,2015/10/01 01:49:25,536.000000
planetlab1.ucsd.edu,plab3.eece.ksu.edu,file256KB.txt,2015/10/01 01:49:25,2015/10/01 01:49:54,29713.000000
planetlab1.ucsd.edu,plab3.eece.ksu.edu,file512KB.txt,2015/10/01 01:49:54,2015/10/01 01:50:50,55773.000000
planetlab1.ucsd.edu,plab3.eece.ksu.edu,file1MB.txt,2015/10/01 01:50:50,2015/10/01 01:52:42,111865.000000
planetlab2.acis.ufl.edu,plab3.eece.ksu.edu,file32B.txt,2015/10/01 01:52:42,2015/10/01 01:52:43,1531.000000
planetlab2.acis.ufl.edu,plab3.eece.ksu.edu,file1KB.txt,2015/10/01 01:52:43,2015/10/01 01:52:43,482.000000
planetlab2.acis.ufl.edu,plab3.eece.ksu.edu,file256KB.txt,2015/10/01 01:52:43,2015/10/01 01:53:08,25234.000000
planetlab2.acis.ufl.edu,plab3.eece.ksu.edu,file512KB.txt,2015/10/01 01:53:08,2015/10/01 01:53:57,48890.000000
planetlab2.acis.ufl.edu,plab3.eece.ksu.edu,file1MB.txt,2015/10/01 01:53:57,2015/10/01 01:55:35,98044.000000
planetlab2.arizona-gigapop.net,plab3.eece.ksu.edu,file32B.txt,2015/10/01 01:55:35,2015/10/01 01:55:35,587.000000
planetlab2.arizona-gigapop.net,plab3.eece.ksu.edu,file1KB.txt,2015/10/01 01:55:35,2015/10/01 01:55:36,1538.000000
planetlab2.arizona-gigapop.net,plab3.eece.ksu.edu,file256KB.txt,2015/10/01 01:55:36,2015/10/01 01:55:57,21002.000000
planetlab2.arizona-gigapop.net,plab3.eece.ksu.edu,file512KB.txt,2015/10/01 01:55:57,2015/10/01 01:56:39,42347.000000
planetlab2.arizona-gigapop.net,plab3.eece.ksu.edu,file1MB.txt,2015/10/01 01:56:39,2015/10/01 01:58:02,82906.000000
planetlab2.citadel.edu,plab3.eece.ksu.edu,file32B.txt,2015/10/01 01:58:02,2015/10/01 01:58:02,773.000000
planetlab2.citadel.edu,plab3.eece.ksu.edu,file1KB.txt,2015/10/01 01:58:02,2015/10/01 01:58:03,1160.000000
planetlab2.citadel.edu,plab3.eece.ksu.edu,file256KB.txt,2015/10/01 01:58:03,2015/10/01 01:58:55,52604.000000
planetlab2.citadel.edu,plab3.eece.ksu.edu,file512KB.txt,2015/10/01 01:58:55,2015/10/01 02:00:37,101705.000000
planetlab2.citadel.edu,plab3.eece.ksu.edu,file1MB.txt,2015/10/01 02:00:37,2015/10/01 02:03:37,179837.000000
planetlab2.cs.pitt.edu,plab3.eece.ksu.edu,file32B.txt,2015/10/01 02:03:37,2015/10/01 02:03:38,1624.000000
planetlab2.cs.pitt.edu,plab3.eece.ksu.edu,file1KB.txt,2015/10/01 02:03:38,2015/10/01 02:03:38,413.000000
planetlab2.cs.pitt.edu,plab3.eece.ksu.edu,file256KB.txt,2015/10/01 02:03:38,2015/10/01 02:03:54,15916.000000
planetlab2.cs.pitt.edu,plab3.eece.ksu.edu,file512KB.txt,2015/10/01 02:03:54,2015/10/01 02:04:27,33710.000000
planetlab2.cs.pitt.edu,plab3.eece.ksu.edu,file1MB.txt,2015/10/01 02:04:27,2015/10/01 02:05:31,63955.000000
planetlab2.cs.purdue.edu,plab3.eece.ksu.edu,file32B.txt,2015/10/01 02:05:31,2015/10/01 02:05:32,820.000000
planetlab2.cs.purdue.edu,plab3.eece.ksu.edu,file1KB.txt,2015/10/01 02:05:32,2015/10/01 02:05:33,980.000000
planetlab2.cs.purdue.edu,plab3.eece.ksu.edu,file256KB.txt,2015/10/01 02:05:33,2015/10/01 02:06:39,66061.000000
planetlab2.cs.purdue.edu,plab3.eece.ksu.edu,file512KB.txt,2015/10/01 02:06:39,2015/10/01 02:07:46,-66397.000000
planetlab2.cs.purdue.edu,plab3.eece.ksu.edu,file1MB.txt,2015/10/01 02:07:46,2015/10/01 02:09:34,108108.000000
planetlab2.cs.uml.edu,plab3.eece.ksu.edu,file32B.txt,2015/10/01 02:10:17,2015/10/01 02:10:17,459.000000
planetlab2.cs.uml.edu,plab3.eece.ksu.edu,file1KB.txt,2015/10/01 02:10:17,2015/10/01 02:10:18,1548.000000
planetlab2.cs.uml.edu,plab3.eece.ksu.edu,file256KB.txt,2015/10/01 02:10:18,2015/10/01 02:10:39,20108.000000
planetlab2.cs.uml.edu,plab3.eece.ksu.edu,file512KB.txt,2015/10/01 02:10:39,2015/10/01 02:11:23,44873.000000
planetlab2.cs.uml.edu,plab3.eece.ksu.edu,file1MB.txt,2015/10/01 02:11:23,2015/10/01 02:12:48,84148.000000
planetlab2.cs.unc.edu,plab3.eece.ksu.edu,file32B.txt,2015/10/01 02:12:48,2015/10/01 02:12:49,1542.000000
planetlab2.cs.unc.edu,plab3.eece.ksu.edu,file1KB.txt,2015/10/01 02:12:49,2015/10/01 02:12:49,512.000000
planetlab2.cs.unc.edu,plab3.eece.ksu.edu,file256KB.txt,2015/10/01 02:12:49,2015/10/01 02:13:18,29495.000000
planetlab2.cs.unc.edu,plab3.eece.ksu.edu,file512KB.txt,2015/10/01 02:13:18,2015/10/01 02:14:15,57289.000000
planetlab2.cs.unc.edu,plab3.eece.ksu.edu,file1MB.txt,2015/10/01 02:14:15,2015/10/01 02:16:03,107866.000000
planetlab2.cs.uoregon.edu,plab3.eece.ksu.edu,file32B.txt,2015/10/01 02:16:03,2015/10/01 02:16:03,489.000000
planetlab2.cs.uoregon.edu,plab3.eece.ksu.edu,file1KB.txt,2015/10/01 02:16:03,2015/10/01 02:16:04,1551.000000
planetlab2.cs.uoregon.edu,plab3.eece.ksu.edu,file256KB.txt,2015/10/01 02:16:04,2015/10/01 02:16:28,24057.000000
planetlab2.cs.uoregon.edu,plab3.eece.ksu.edu,file512KB.txt,2015/10/01 02:16:28,2015/10/01 02:17:15,46448.000000
planetlab2.cs.uoregon.edu,plab3.eece.ksu.edu,file1MB.txt,2015/10/01 02:17:15,2015/10/01 02:18:50,95202.000000
planetlab2.temple.edu,plab3.eece.ksu.edu,file32B.txt,2015/10/01 02:18:50,2015/10/01 02:18:51,1458.000000
planetlab2.temple.edu,plab3.eece.ksu.edu,file1KB.txt,2015/10/01 02:18:51,2015/10/01 02:18:51,548.000000
planetlab2.temple.edu,plab3.eece.ksu.edu,file256KB.txt,2015/10/01 02:18:51,2015/10/01 02:19:20,28815.000000
planetlab2.temple.edu,plab3.eece.ksu.edu,file512KB.txt,2015/10/01 02:19:20,2015/10/01 02:20:19,59533.000000
planetlab2.temple.edu,plab3.eece.ksu.edu,file1MB.txt,2015/10/01 02:20:19,2015/10/01 02:22:17,118126.000000
planetlab2.unl.edu,plab3.eece.ksu.edu,file32B.txt,2015/10/01 02:22:17,2015/10/01 02:22:17,213.000000
planetlab2.unl.edu,plab3.eece.ksu.edu,file1KB.txt,2015/10/01 02:22:17,2015/10/01 02:22:17,199.000000
planetlab2.unl.edu,plab3.eece.ksu.edu,file256KB.txt,2015/10/01 02:22:17,2015/10/01 02:22:22,5364.000000
planetlab2.unl.edu,plab3.eece.ksu.edu,file512KB.txt,2015/10/01 02:22:22,2015/10/01 02:22:31,8840.000000
planetlab2.unl.edu,plab3.eece.ksu.edu,file1MB.txt,2015/10/01 02:22:31,2015/10/01 02:22:49,17863.000000
planetlab2.unr.edu,plab3.eece.ksu.edu,file32B.txt,2015/10/01 02:22:49,2015/10/01 02:22:49,425.000000
planetlab2.unr.edu,plab3.eece.ksu.edu,file1KB.txt,2015/10/01 02:22:49,2015/10/01 02:22:50,1601.000000
planetlab2.unr.edu,plab3.eece.ksu.edu,file256KB.txt,2015/10/01 02:22:50,2015/10/01 02:23:07,16661.000000
planetlab2.unr.edu,plab3.eece.ksu.edu,file512KB.txt,2015/10/01 02:23:07,2015/10/01 02:23:42,35577.000000
planetlab2.unr.edu,plab3.eece.ksu.edu,file1MB.txt,2015/10/01 02:23:42,2015/10/01 02:24:50,67576.000000
planetlab2.uta.edu,plab3.eece.ksu.edu,file32B.txt,2015/10/01 02:24:50,2015/10/01 02:24:50,253.000000
planetlab2.uta.edu,plab3.eece.ksu.edu,file1KB.txt,2015/10/01 02:24:50,2015/10/01 02:24:51,1682.000000
planetlab2.uta.edu,plab3.eece.ksu.edu,file256KB.txt,2015/10/01 02:24:51,2015/10/01 02:25:10,18724.000000
planetlab2.uta.edu,plab3.eece.ksu.edu,file512KB.txt,2015/10/01 02:25:10,2015/10/01 02:25:47,36773.000000
planetlab2.uta.edu,plab3.eece.ksu.edu,file1MB.txt,2015/10/01 02:25:47,2015/10/01 02:26:57,70224.000000
planetlab2.utdallas.edu,plab3.eece.ksu.edu,file32B.txt,2015/10/01 02:26:57,2015/10/01 02:26:57,256.000000
planetlab2.utdallas.edu,plab3.eece.ksu.edu,file1KB.txt,2015/10/01 02:26:57,2015/10/01 02:26:57,287.000000
planetlab2.utdallas.edu,plab3.eece.ksu.edu,file256KB.txt,2015/10/01 02:26:57,2015/10/01 02:27:10,13224.000000
planetlab2.utdallas.edu,plab3.eece.ksu.edu,file512KB.txt,2015/10/01 02:27:10,2015/10/01 02:27:35,24903.000000
planetlab2.utdallas.edu,plab3.eece.ksu.edu,file1MB.txt,2015/10/01 02:27:35,2015/10/01 02:28:26,51200.000000
planetlab3.eecs.umich.edu,plab3.eece.ksu.edu,file32B.txt,2015/10/01 02:28:26,2015/10/01 02:28:26,297.000000
planetlab3.eecs.umich.edu,plab3.eece.ksu.edu,file1KB.txt,2015/10/01 02:28:26,2015/10/01 02:28:27,1715.000000
planetlab3.eecs.umich.edu,plab3.eece.ksu.edu,file256KB.txt,2015/10/01 02:28:27,2015/10/01 02:28:37,9108.000000
planetlab3.eecs.umich.edu,plab3.eece.ksu.edu,file512KB.txt,2015/10/01 02:28:37,2015/10/01 02:28:59,22407.000000
planetlab3.eecs.umich.edu,plab3.eece.ksu.edu,file1MB.txt,2015/10/01 02:28:59,2015/10/01 02:29:42,43281.000000
planetlab3.rutgers.edu,plab3.eece.ksu.edu,file32B.txt,2015/10/01 02:29:42,2015/10/01 02:29:42,397.000000
planetlab3.rutgers.edu,plab3.eece.ksu.edu,file1KB.txt,2015/10/01 02:29:42,2015/10/01 02:29:43,1616.000000
planetlab3.rutgers.edu,plab3.eece.ksu.edu,file256KB.txt,2015/10/01 02:29:43,2015/10/01 02:30:02,18152.000000
planetlab3.rutgers.edu,plab3.eece.ksu.edu,file512KB.txt,2015/10/01 02:30:02,2015/10/01 02:30:42,40493.000000
planetlab3.rutgers.edu,plab3.eece.ksu.edu,file1MB.txt,2015/10/01 02:30:42,2015/10/01 02:32:01,79408.000000
planetlab3.wail.wisc.edu,plab3.eece.ksu.edu,file32B.txt,2015/10/01 02:32:01,2015/10/01 02:32:01,461.000000
planetlab3.wail.wisc.edu,plab3.eece.ksu.edu,file1KB.txt,2015/10/01 02:32:01,2015/10/01 02:32:01,382.000000
planetlab3.wail.wisc.edu,plab3.eece.ksu.edu,file256KB.txt,2015/10/01 02:32:01,2015/10/01 02:32:19,18814.000000
planetlab3.wail.wisc.edu,plab3.eece.ksu.edu,file512KB.txt,2015/10/01 02:32:19,2015/10/01 02:32:53,33776.000000
planetlab3.wail.wisc.edu,plab3.eece.ksu.edu,file1MB.txt,2015/10/01 02:32:53,2015/10/01 02:34:01,67995.000000
planetlab4.tamu.edu,plab3.eece.ksu.edu,file32B.txt,2015/10/01 02:34:01,2015/10/01 02:34:01,222.000000
planetlab4.tamu.edu,plab3.eece.ksu.edu,file1KB.txt,2015/10/01 02:34:01,2015/10/01 02:34:01,229.000000
planetlab4.tamu.edu,plab3.eece.ksu.edu,file256KB.txt,2015/10/01 02:34:01,2015/10/01 02:34:10,9188.000000
planetlab4.tamu.edu,plab3.eece.ksu.edu,file512KB.txt,2015/10/01 02:34:10,2015/10/01 02:34:27,16602.000000
planetlab4.tamu.edu,plab3.eece.ksu.edu,file1MB.txt,2015/10/01 02:34:27,2015/10/01 02:35:02,35268.000000
planetlab-5.eecs.cwru.edu,plab3.eece.ksu.edu,file32B.txt,2015/10/01 02:35:02,2015/10/01 02:35:03,1520.000000
planetlab-5.eecs.cwru.edu,plab3.eece.ksu.edu,file1KB.txt,2015/10/01 02:35:03,2015/10/01 02:35:03,510.000000
planetlab-5.eecs.cwru.edu,plab3.eece.ksu.edu,file256KB.txt,2015/10/01 02:35:03,2015/10/01 02:35:21,17913.000000
planetlab-5.eecs.cwru.edu,plab3.eece.ksu.edu,file512KB.txt,2015/10/01 02:35:21,2015/10/01 02:35:57,36302.000000
planetlab-5.eecs.cwru.edu,plab3.eece.ksu.edu,file1MB.txt,2015/10/01 02:35:57,2015/10/01 02:37:08,70669.000000
planetlabone.ccs.neu.edu,plab3.eece.ksu.edu,file32B.txt,2015/10/01 02:37:08,2015/10/01 02:37:09,956.000000
planetlabone.ccs.neu.edu,plab3.eece.ksu.edu,file1KB.txt,2015/10/01 02:37:09,2015/10/01 02:37:10,1489.000000
planetlabone.ccs.neu.edu,plab3.eece.ksu.edu,file256KB.txt,2015/10/01 02:37:10,2015/10/01 02:37:31,21330.000000
planetlabone.ccs.neu.edu,plab3.eece.ksu.edu,file512KB.txt,2015/10/01 02:37:31,2015/10/01 02:38:10,38689.000000
planetlabone.ccs.neu.edu,plab3.eece.ksu.edu,file1MB.txt,2015/10/01 02:38:10,2015/10/01 02:39:28,77670.000000
pl-node-0.csl.sri.com,plab3.eece.ksu.edu,file32B.txt,2015/10/01 02:39:28,2015/10/01 02:39:29,1330.000000
pl-node-0.csl.sri.com,plab3.eece.ksu.edu,file1KB.txt,2015/10/01 02:39:29,2015/10/01 02:39:29,676.000000
pl-node-0.csl.sri.com,plab3.eece.ksu.edu,file256KB.txt,2015/10/01 02:39:29,2015/10/01 02:40:09,40707.000000
pl-node-0.csl.sri.com,plab3.eece.ksu.edu,file512KB.txt,2015/10/01 02:40:09,2015/10/01 02:41:29,79368.000000
pl-node-0.csl.sri.com,plab3.eece.ksu.edu,file1MB.txt,2015/10/01 02:41:29,2015/10/01 02:44:09,160735.000000
ricepl-5.cs.rice.edu,plab3.eece.ksu.edu,file32B.txt,2015/10/01 02:44:09,2015/10/01 02:44:09,280.000000
ricepl-5.cs.rice.edu,plab3.eece.ksu.edu,file1KB.txt,2015/10/01 02:44:09,2015/10/01 02:44:09,251.000000
ricepl-5.cs.rice.edu,plab3.eece.ksu.edu,file256KB.txt,2015/10/01 02:44:09,2015/10/01 02:44:19,10280.000000
ricepl-5.cs.rice.edu,plab3.eece.ksu.edu,file512KB.txt,2015/10/01 02:44:19,2015/10/01 02:44:43,24485.000000
ricepl-5.cs.rice.edu,plab3.eece.ksu.edu,file1MB.txt,2015/10/01 02:44:43,2015/10/01 02:45:22,39106.000000
salt.planetlab.cs.umd.edu,plab3.eece.ksu.edu,file32B.txt,2015/10/01 02:45:22,2015/10/01 02:45:22,385.000000
salt.planetlab.cs.umd.edu,plab3.eece.ksu.edu,file1KB.txt,2015/10/01 02:45:22,2015/10/01 02:45:22,350.000000
salt.planetlab.cs.umd.edu,plab3.eece.ksu.edu,file256KB.txt,2015/10/01 02:45:22,2015/10/01 02:45:40,18121.000000
salt.planetlab.cs.umd.edu,plab3.eece.ksu.edu,file512KB.txt,2015/10/01 02:45:40,2015/10/01 02:46:16,36681.000000
salt.planetlab.cs.umd.edu,plab3.eece.ksu.edu,file1MB.txt,2015/10/01 02:46:16,2015/10/01 02:47:26,69595.000000
pl1.eecs.utk.edu,plab3.eece.ksu.edu,file32B.txt,2015/10/01 02:47:26,2015/10/01 02:47:27,1355.000000
pl1.eecs.utk.edu,plab3.eece.ksu.edu,file1KB.txt,2015/10/01 02:47:27,2015/10/01 02:47:27,612.000000
pl1.eecs.utk.edu,plab3.eece.ksu.edu,file256KB.txt,2015/10/01 02:47:27,2015/10/01 02:48:03,36482.000000
pl1.eecs.utk.edu,plab3.eece.ksu.edu,file512KB.txt,2015/10/01 02:48:03,2015/10/01 02:50:43,160203.000000
pl1.eecs.utk.edu,plab3.eece.ksu.edu,file1MB.txt,2015/10/01 02:50:43,2015/10/01 02:58:24,460829.000000
planetlab-01.vt.nodes.planet-lab.org,plab3.eece.ksu.edu,file32B.txt,2015/10/01 02:58:24,2015/10/01 02:58:25,1354.000000
planetlab-01.vt.nodes.planet-lab.org,plab3.eece.ksu.edu,file1KB.txt,2015/10/01 02:58:25,2015/10/01 02:58:25,541.000000
planetlab-01.vt.nodes.planet-lab.org,plab3.eece.ksu.edu,file256KB.txt,2015/10/01 02:58:25,2015/10/01 02:58:45,19855.000000
planetlab-01.vt.nodes.planet-lab.org,plab3.eece.ksu.edu,file512KB.txt,2015/10/01 02:58:45,2015/10/01 02:59:25,40165.000000
planetlab-01.vt.nodes.planet-lab.org,plab3.eece.ksu.edu,file1MB.txt,2015/10/01 02:59:25,2015/10/01 03:00:44,78813.000000
planetlab-04.vt.nodes.planet-lab.org,plab3.eece.ksu.edu,file32B.txt,2015/10/01 03:00:44,2015/10/01 03:00:45,1531.000000
planetlab-04.vt.nodes.planet-lab.org,plab3.eece.ksu.edu,file1KB.txt,2015/10/01 03:00:45,2015/10/01 03:00:45,562.000000
planetlab-04.vt.nodes.planet-lab.org,plab3.eece.ksu.edu,file256KB.txt,2015/10/01 03:00:45,2015/10/01 03:01:05,19949.000000
planetlab-04.vt.nodes.planet-lab.org,plab3.eece.ksu.edu,file512KB.txt,2015/10/01 03:01:05,2015/10/01 03:01:45,40586.000000
planetlab-04.vt.nodes.planet-lab.org,plab3.eece.ksu.edu,file1MB.txt,2015/10/01 03:01:45,2015/10/01 03:03:03,77552.000000
planetlab-4.eecs.cwru.edu,plab3.eece.ksu.edu,file32B.txt,2015/10/01 03:03:03,2015/10/01 03:03:04,1540.000000
planetlab-4.eecs.cwru.edu,plab3.eece.ksu.edu,file1KB.txt,2015/10/01 03:03:04,2015/10/01 03:03:04,331.000000
planetlab-4.eecs.cwru.edu,plab3.eece.ksu.edu,file256KB.txt,2015/10/01 03:03:04,2015/10/01 03:03:22,17858.000000
planetlab-4.eecs.cwru.edu,plab3.eece.ksu.edu,file512KB.txt,2015/10/01 03:03:22,2015/10/01 03:03:58,36158.000000
planetlab-4.eecs.cwru.edu,plab3.eece.ksu.edu,file1MB.txt,2015/10/01 03:03:58,2015/10/01 03:05:10,72239.000000
planetlab01.cs.washington.edu,plab3.eece.ksu.edu,file32B.txt,2015/10/01 03:05:10,2015/10/01 03:05:10,443.000000
planetlab01.cs.washington.edu,plab3.eece.ksu.edu,file1KB.txt,2015/10/01 03:05:10,2015/10/01 03:05:11,1604.000000
planetlab01.cs.washington.edu,plab3.eece.ksu.edu,file256KB.txt,2015/10/01 03:05:11,2015/10/01 03:05:32,20683.000000
planetlab01.cs.washington.edu,plab3.eece.ksu.edu,file512KB.txt,2015/10/01 03:05:32,2015/10/01 03:06:14,41831.000000
planetlab01.cs.washington.edu,plab3.eece.ksu.edu,file1MB.txt,2015/10/01 03:06:14,2015/10/01 03:07:38,84033.000000
planetlab02.cs.washington.edu,plab3.eece.ksu.edu,file32B.txt,2015/10/01 03:07:38,2015/10/01 03:07:38,457.000000
planetlab02.cs.washington.edu,plab3.eece.ksu.edu,file1KB.txt,2015/10/01 03:07:38,2015/10/01 03:07:39,1537.000000
planetlab02.cs.washington.edu,plab3.eece.ksu.edu,file256KB.txt,2015/10/01 03:07:39,2015/10/01 03:08:00,20483.000000
planetlab02.cs.washington.edu,plab3.eece.ksu.edu,file512KB.txt,2015/10/01 03:08:00,2015/10/01 03:08:44,44595.000000
planetlab02.cs.washington.edu,plab3.eece.ksu.edu,file1MB.txt,2015/10/01 03:08:44,2015/10/01 03:10:08,83546.000000
planetlab1.arizona-gigapop.net,plab3.eece.ksu.edu,file32B.txt,2015/10/01 03:10:08,2015/10/01 03:10:09,1546.000000
planetlab1.arizona-gigapop.net,plab3.eece.ksu.edu,file1KB.txt,2015/10/01 03:10:09,2015/10/01 03:10:09,504.000000
planetlab1.arizona-gigapop.net,plab3.eece.ksu.edu,file256KB.txt,2015/10/01 03:10:09,2015/10/01 03:10:30,20950.000000
planetlab1.arizona-gigapop.net,plab3.eece.ksu.edu,file512KB.txt,2015/10/01 03:10:30,2015/10/01 03:11:12,42548.000000
planetlab1.arizona-gigapop.net,plab3.eece.ksu.edu,file1MB.txt,2015/10/01 03:11:12,2015/10/01 03:12:34,81261.000000
planetlab1.cs.unc.edu,plab3.eece.ksu.edu,file32B.txt,2015/10/01 03:12:34,2015/10/01 03:12:35,1530.000000
planetlab1.cs.unc.edu,plab3.eece.ksu.edu,file1KB.txt,2015/10/01 03:12:35,2015/10/01 03:12:36,678.000000
planetlab1.cs.unc.edu,plab3.eece.ksu.edu,file256KB.txt,2015/10/01 03:12:36,2015/10/01 03:13:03,27572.000000
planetlab1.cs.unc.edu,plab3.eece.ksu.edu,file512KB.txt,2015/10/01 03:13:03,2015/10/01 03:13:56,52944.000000
planetlab1.cs.unc.edu,plab3.eece.ksu.edu,file1MB.txt,2015/10/01 03:13:56,2015/10/01 03:15:40,103375.000000
planet3.cc.gt.atl.ga.us,plab3.eece.ksu.edu,file32B.txt,2015/10/01 03:15:41,2015/10/01 03:15:41,420.000000
planet3.cc.gt.atl.ga.us,plab3.eece.ksu.edu,file1KB.txt,2015/10/01 03:15:41,2015/10/01 03:15:42,838.000000
planet3.cc.gt.atl.ga.us,plab3.eece.ksu.edu,file256KB.txt,2015/10/01 03:15:42,2015/10/01 03:16:02,20022.000000
planet3.cc.gt.atl.ga.us,plab3.eece.ksu.edu,file512KB.txt,2015/10/01 03:16:02,2015/10/01 03:16:38,36484.000000
planet3.cc.gt.atl.ga.us,plab3.eece.ksu.edu,file1MB.txt,2015/10/01 03:16:38,2015/10/01 03:17:49,71212.000000
