planetlab1.unr.edu,planetlab2.acis.ufl.edu,file32B.txt,2015/09/30 21:08:11,2015/09/30 21:08:12,1314.000000
planetlab1.unr.edu,planetlab2.acis.ufl.edu,file1KB.txt,2015/09/30 21:08:12,2015/09/30 21:08:12,524.000000
planetlab1.unr.edu,planetlab2.acis.ufl.edu,file256KB.txt,2015/09/30 21:08:12,2015/09/30 21:08:50,38164.000000
planetlab1.unr.edu,planetlab2.acis.ufl.edu,file512KB.txt,2015/09/30 21:08:50,2015/09/30 21:10:05,74606.000000
planetlab1.unr.edu,planetlab2.acis.ufl.edu,file1MB.txt,2015/09/30 21:10:05,2015/09/30 21:12:36,150996.000000
pl2.cs.unm.edu,planetlab2.acis.ufl.edu,file32B.txt,2015/09/30 21:12:36,2015/09/30 21:12:37,1414.000000
pl2.cs.unm.edu,planetlab2.acis.ufl.edu,file1KB.txt,2015/09/30 21:12:37,2015/09/30 21:12:37,520.000000
pl2.cs.unm.edu,planetlab2.acis.ufl.edu,file256KB.txt,2015/09/30 21:12:37,2015/09/30 21:13:15,38661.000000
pl2.cs.unm.edu,planetlab2.acis.ufl.edu,file512KB.txt,2015/09/30 21:13:15,2015/09/30 21:14:29,73461.000000
pl2.cs.unm.edu,planetlab2.acis.ufl.edu,file1MB.txt,2015/09/30 21:14:29,2015/09/30 21:16:59,150014.000000
planetlab2.cnis.nyit.edu,planetlab2.acis.ufl.edu,file32B.txt,2015/09/30 21:16:59,2015/09/30 21:17:00,1637.000000
planetlab2.cnis.nyit.edu,planetlab2.acis.ufl.edu,file1KB.txt,2015/09/30 21:17:00,2015/09/30 21:17:00,361.000000
planetlab2.cnis.nyit.edu,planetlab2.acis.ufl.edu,file256KB.txt,2015/09/30 21:17:00,2015/09/30 21:17:26,25964.000000
planetlab2.cnis.nyit.edu,planetlab2.acis.ufl.edu,file512KB.txt,2015/09/30 21:17:26,2015/09/30 21:18:18,52251.000000
planetlab2.cnis.nyit.edu,planetlab2.acis.ufl.edu,file1MB.txt,2015/09/30 21:18:18,2015/09/30 21:20:02,104072.000000
planetlab2.rutgers.edu,planetlab2.acis.ufl.edu,file32B.txt,2015/09/30 21:20:02,2015/09/30 21:20:05,2766.000000
planetlab2.rutgers.edu,planetlab2.acis.ufl.edu,file1KB.txt,2015/09/30 21:20:05,2015/09/30 21:20:12,7461.000000
planetlab2.rutgers.edu,planetlab2.acis.ufl.edu,file256KB.txt,2015/09/30 21:20:12,2015/09/30 21:37:57,-1064702.000000
planetlab2.rutgers.edu,planetlab2.acis.ufl.edu,file512KB.txt,2015/09/30 21:37:57,2015/09/30 22:13:11,2113803.000000
planetlab2.rutgers.edu,planetlab2.acis.ufl.edu,file1MB.txt,2015/09/30 22:13:11,2015/09/30 23:18:41,364715.000000
planetlab2.ucsd.edu,planetlab2.acis.ufl.edu,file32B.txt,2015/09/30 23:18:41,2015/09/30 23:18:41,490.000000
planetlab2.ucsd.edu,planetlab2.acis.ufl.edu,file1KB.txt,2015/09/30 23:18:41,2015/09/30 23:18:42,1569.000000
planetlab2.ucsd.edu,planetlab2.acis.ufl.edu,file256KB.txt,2015/09/30 23:18:42,2015/09/30 23:19:15,33086.000000
planetlab2.ucsd.edu,planetlab2.acis.ufl.edu,file512KB.txt,2015/09/30 23:19:15,2015/09/30 23:20:17,61773.000000
planetlab2.ucsd.edu,planetlab2.acis.ufl.edu,file1MB.txt,2015/09/30 23:20:17,2015/09/30 23:22:20,122580.000000
planetlab3.cs.uoregon.edu,planetlab2.acis.ufl.edu,file32B.txt,2015/09/30 23:22:20,2015/09/30 23:22:21,1323.000000
planetlab3.cs.uoregon.edu,planetlab2.acis.ufl.edu,file1KB.txt,2015/09/30 23:22:21,2015/09/30 23:22:22,1322.000000
planetlab3.cs.uoregon.edu,planetlab2.acis.ufl.edu,file256KB.txt,2015/09/30 23:22:22,2015/09/30 23:23:11,48801.000000
planetlab3.cs.uoregon.edu,planetlab2.acis.ufl.edu,file512KB.txt,2015/09/30 23:23:11,2015/09/30 23:24:49,98063.000000
planetlab3.cs.uoregon.edu,planetlab2.acis.ufl.edu,file1MB.txt,2015/09/30 23:24:49,2015/09/30 23:28:05,195417.000000
planetlab-01.bu.edu,planetlab2.acis.ufl.edu,file32B.txt,2015/09/30 23:28:05,2015/09/30 23:28:06,1554.000000
planetlab-01.bu.edu,planetlab2.acis.ufl.edu,file1KB.txt,2015/09/30 23:28:06,2015/09/30 23:28:06,496.000000
planetlab-01.bu.edu,planetlab2.acis.ufl.edu,file256KB.txt,2015/09/30 23:28:06,2015/09/30 23:28:42,36520.000000
planetlab-01.bu.edu,planetlab2.acis.ufl.edu,file512KB.txt,2015/09/30 23:28:42,2015/09/30 23:29:43,60625.000000
planetlab-01.bu.edu,planetlab2.acis.ufl.edu,file1MB.txt,2015/09/30 23:29:43,2015/09/30 23:31:47,124300.000000
planetlab4.cnds.jhu.edu,planetlab2.acis.ufl.edu,file32B.txt,2015/09/30 23:31:47,2015/09/30 23:31:47,285.000000
planetlab4.cnds.jhu.edu,planetlab2.acis.ufl.edu,file1KB.txt,2015/09/30 23:31:47,2015/09/30 23:31:47,226.000000
planetlab4.cnds.jhu.edu,planetlab2.acis.ufl.edu,file256KB.txt,2015/09/30 23:31:47,2015/09/30 23:32:03,16152.000000
planetlab4.cnds.jhu.edu,planetlab2.acis.ufl.edu,file512KB.txt,2015/09/30 23:32:03,2015/09/30 23:32:35,32510.000000
planetlab4.cnds.jhu.edu,planetlab2.acis.ufl.edu,file1MB.txt,2015/09/30 23:32:35,2015/09/30 23:33:38,63161.000000
planetlabtwo.ccs.neu.edu,planetlab2.acis.ufl.edu,file32B.txt,2015/09/30 23:33:38,2015/09/30 23:33:38,388.000000
planetlabtwo.ccs.neu.edu,planetlab2.acis.ufl.edu,file1KB.txt,2015/09/30 23:33:38,2015/09/30 23:33:38,301.000000
planetlabtwo.ccs.neu.edu,planetlab2.acis.ufl.edu,file256KB.txt,2015/09/30 23:33:38,2015/09/30 23:34:30,51835.000000
planetlabtwo.ccs.neu.edu,planetlab2.acis.ufl.edu,file512KB.txt,2015/09/30 23:34:30,2015/09/30 23:36:26,116816.000000
planetlabtwo.ccs.neu.edu,planetlab2.acis.ufl.edu,file1MB.txt,2015/09/30 23:36:26,2015/09/30 23:38:13,106538.000000
planetlab1.cs.purdue.edu,planetlab2.acis.ufl.edu,file32B.txt,2015/09/30 23:38:13,2015/09/30 23:38:15,2169.000000
planetlab1.cs.purdue.edu,planetlab2.acis.ufl.edu,file1KB.txt,2015/09/30 23:38:15,2015/09/30 23:38:16,731.000000
planetlab1.cs.purdue.edu,planetlab2.acis.ufl.edu,file256KB.txt,2015/09/30 23:38:16,2015/09/30 23:41:37,200950.000000
planetlab1.cs.purdue.edu,planetlab2.acis.ufl.edu,file512KB.txt,2015/09/30 23:41:37,2015/09/30 23:59:12,-1055643.000000
planetlab1.cs.purdue.edu,planetlab2.acis.ufl.edu,file1MB.txt,2015/09/30 23:59:12,2015/10/01 00:35:51,-2096509.000000
planetlab2.tsuniv.edu,planetlab2.acis.ufl.edu,file32B.txt,2015/10/01 00:35:51,2015/10/01 00:35:54,2814.000000
planetlab2.tsuniv.edu,planetlab2.acis.ufl.edu,file1KB.txt,2015/10/01 00:35:54,2015/10/01 00:35:56,2468.000000
planetlab2.tsuniv.edu,planetlab2.acis.ufl.edu,file256KB.txt,2015/10/01 00:35:56,2015/10/01 00:38:08,132003.000000
planetlab2.tsuniv.edu,planetlab2.acis.ufl.edu,file512KB.txt,2015/10/01 00:38:08,2015/10/01 00:42:15,247020.000000
planetlab2.tsuniv.edu,planetlab2.acis.ufl.edu,file1MB.txt,2015/10/01 00:42:15,2015/10/01 00:46:54,278453.000000
planetlab1.tsuniv.edu,planetlab2.acis.ufl.edu,file32B.txt,2015/10/01 00:46:54,2015/10/01 00:46:55,1539.000000
planetlab1.tsuniv.edu,planetlab2.acis.ufl.edu,file1KB.txt,2015/10/01 00:46:55,2015/10/01 00:46:55,444.000000
planetlab1.tsuniv.edu,planetlab2.acis.ufl.edu,file256KB.txt,2015/10/01 00:46:55,2015/10/01 00:47:31,36416.000000
planetlab1.tsuniv.edu,planetlab2.acis.ufl.edu,file512KB.txt,2015/10/01 00:47:31,2015/10/01 00:48:36,64914.000000
planetlab1.tsuniv.edu,planetlab2.acis.ufl.edu,file1MB.txt,2015/10/01 00:48:36,2015/10/01 00:50:47,131406.000000
planetlab3.ucsd.edu,planetlab2.acis.ufl.edu,file32B.txt,2015/10/01 00:50:47,2015/10/01 00:50:47,435.000000
planetlab3.ucsd.edu,planetlab2.acis.ufl.edu,file1KB.txt,2015/10/01 00:50:47,2015/10/01 00:50:47,436.000000
planetlab3.ucsd.edu,planetlab2.acis.ufl.edu,file256KB.txt,2015/10/01 00:50:47,2015/10/01 00:51:19,32359.000000
planetlab3.ucsd.edu,planetlab2.acis.ufl.edu,file512KB.txt,2015/10/01 00:51:19,2015/10/01 00:52:22,63237.000000
planetlab3.ucsd.edu,planetlab2.acis.ufl.edu,file1MB.txt,2015/10/01 00:52:22,2015/10/01 00:54:27,125353.000000
node2.planetlab.mathcs.emory.edu,planetlab2.acis.ufl.edu,file32B.txt,2015/10/01 00:54:27,2015/10/01 00:54:27,135.000000
node2.planetlab.mathcs.emory.edu,planetlab2.acis.ufl.edu,file1KB.txt,2015/10/01 00:54:27,2015/10/01 00:54:27,119.000000
node2.planetlab.mathcs.emory.edu,planetlab2.acis.ufl.edu,file256KB.txt,2015/10/01 00:54:27,2015/10/01 00:54:35,8019.000000
node2.planetlab.mathcs.emory.edu,planetlab2.acis.ufl.edu,file512KB.txt,2015/10/01 00:54:35,2015/10/01 00:54:51,15761.000000
node2.planetlab.mathcs.emory.edu,planetlab2.acis.ufl.edu,file1MB.txt,2015/10/01 00:54:51,2015/10/01 00:55:24,-33136.000000
planetlab5.csee.usf.edu,planetlab2.acis.ufl.edu,file32B.txt,2015/10/01 00:55:24,2015/10/01 00:55:24,94.000000
planetlab5.csee.usf.edu,planetlab2.acis.ufl.edu,file1KB.txt,2015/10/01 00:55:24,2015/10/01 00:55:24,85.000000
planetlab5.csee.usf.edu,planetlab2.acis.ufl.edu,file256KB.txt,2015/10/01 00:55:24,2015/10/01 00:55:31,7816.000000
planetlab5.csee.usf.edu,planetlab2.acis.ufl.edu,file512KB.txt,2015/10/01 00:55:31,2015/10/01 00:55:44,12548.000000
planetlab5.csee.usf.edu,planetlab2.acis.ufl.edu,file1MB.txt,2015/10/01 00:55:44,2015/10/01 00:56:07,23066.000000
planetlab1.emich.edu,planetlab2.acis.ufl.edu,file32B.txt,2015/10/01 00:56:07,2015/10/01 00:56:07,299.000000
planetlab1.emich.edu,planetlab2.acis.ufl.edu,file1KB.txt,2015/10/01 00:56:07,2015/10/01 00:56:08,1704.000000
planetlab1.emich.edu,planetlab2.acis.ufl.edu,file256KB.txt,2015/10/01 00:56:08,2015/10/01 00:56:29,20953.000000
planetlab1.emich.edu,planetlab2.acis.ufl.edu,file512KB.txt,2015/10/01 00:56:29,2015/10/01 00:57:11,42093.000000
ebb.colgate.edu,planetlab2.acis.ufl.edu,file32B.txt,2015/10/01 00:58:26,2015/10/01 00:58:26,359.000000
ebb.colgate.edu,planetlab2.acis.ufl.edu,file1KB.txt,2015/10/01 00:58:26,2015/10/01 00:58:26,336.000000
ebb.colgate.edu,planetlab2.acis.ufl.edu,file256KB.txt,2015/10/01 00:58:26,2015/10/01 00:58:53,27935.000000
ebb.colgate.edu,planetlab2.acis.ufl.edu,file512KB.txt,2015/10/01 00:58:53,2015/10/01 00:59:45,51097.000000
ebb.colgate.edu,planetlab2.acis.ufl.edu,file1MB.txt,2015/10/01 00:59:45,2015/10/01 01:01:31,106377.000000
kc-sce-plab2.umkc.edu,planetlab2.acis.ufl.edu,file32B.txt,2015/10/01 01:01:31,2015/10/01 01:01:47,16122.000000
kc-sce-plab2.umkc.edu,planetlab2.acis.ufl.edu,file1KB.txt,2015/10/01 01:01:47,2015/10/01 01:01:59,11832.000000
kc-sce-plab2.umkc.edu,planetlab2.acis.ufl.edu,file256KB.txt,2015/10/01 01:01:59,2015/10/01 01:15:33,813653.000000
kc-sce-plab2.umkc.edu,planetlab2.acis.ufl.edu,file512KB.txt,2015/10/01 01:15:33,2015/10/01 01:18:15,162524.000000
kc-sce-plab2.umkc.edu,planetlab2.acis.ufl.edu,file1MB.txt,2015/10/01 01:18:15,2015/10/01 01:21:31,195623.000000
node1.planetlab.mathcs.emory.edu,planetlab2.acis.ufl.edu,file32B.txt,2015/10/01 01:21:31,2015/10/01 01:21:31,136.000000
node1.planetlab.mathcs.emory.edu,planetlab2.acis.ufl.edu,file1KB.txt,2015/10/01 01:21:31,2015/10/01 01:21:32,1874.000000
node1.planetlab.mathcs.emory.edu,planetlab2.acis.ufl.edu,file256KB.txt,2015/10/01 01:21:32,2015/10/01 01:21:40,7944.000000
node1.planetlab.mathcs.emory.edu,planetlab2.acis.ufl.edu,file512KB.txt,2015/10/01 01:21:40,2015/10/01 01:21:56,15745.000000
node1.planetlab.mathcs.emory.edu,planetlab2.acis.ufl.edu,file1MB.txt,2015/10/01 01:21:56,2015/10/01 01:22:28,32020.000000
pl1.cs.montana.edu,planetlab2.acis.ufl.edu,file32B.txt,2015/10/01 01:22:28,2015/10/01 01:22:29,987.000000
pl1.cs.montana.edu,planetlab2.acis.ufl.edu,file1KB.txt,2015/10/01 01:22:29,2015/10/01 01:22:30,1132.000000
pl1.cs.montana.edu,planetlab2.acis.ufl.edu,file256KB.txt,2015/10/01 01:22:30,2015/10/01 01:23:33,62743.000000
pl1.cs.montana.edu,planetlab2.acis.ufl.edu,file512KB.txt,2015/10/01 01:23:33,2015/10/01 01:25:39,126056.000000
pl1.cs.montana.edu,planetlab2.acis.ufl.edu,file1MB.txt,2015/10/01 01:25:39,2015/10/01 01:29:50,250730.000000
plab3.eece.ksu.edu,planetlab2.acis.ufl.edu,file32B.txt,2015/10/01 01:30:12,2015/10/01 01:30:12,355.000000
plab3.eece.ksu.edu,planetlab2.acis.ufl.edu,file1KB.txt,2015/10/01 01:30:12,2015/10/01 01:30:12,348.000000
plab3.eece.ksu.edu,planetlab2.acis.ufl.edu,file256KB.txt,2015/10/01 01:30:12,2015/10/01 01:30:37,25345.000000
plab3.eece.ksu.edu,planetlab2.acis.ufl.edu,file512KB.txt,2015/10/01 01:30:37,2015/10/01 01:31:26,48960.000000
plab3.eece.ksu.edu,planetlab2.acis.ufl.edu,file1MB.txt,2015/10/01 01:31:26,2015/10/01 01:33:04,98239.000000
planet3.cc.gt.atl.ga.us,planetlab2.acis.ufl.edu,file32B.txt,2015/10/01 01:33:04,2015/10/01 01:33:04,135.000000
planet3.cc.gt.atl.ga.us,planetlab2.acis.ufl.edu,file1KB.txt,2015/10/01 01:33:04,2015/10/01 01:33:04,116.000000
planet3.cc.gt.atl.ga.us,planetlab2.acis.ufl.edu,file256KB.txt,2015/10/01 01:33:04,2015/10/01 01:33:12,8076.000000
planet3.cc.gt.atl.ga.us,planetlab2.acis.ufl.edu,file512KB.txt,2015/10/01 01:33:12,2015/10/01 01:33:28,16335.000000
planet3.cc.gt.atl.ga.us,planetlab2.acis.ufl.edu,file1MB.txt,2015/10/01 01:33:28,2015/10/01 01:33:59,30847.000000
planetlab-02.bu.edu,planetlab2.acis.ufl.edu,file32B.txt,2015/10/01 01:33:59,2015/10/01 01:33:59,410.000000
planetlab-02.bu.edu,planetlab2.acis.ufl.edu,file1KB.txt,2015/10/01 01:33:59,2015/10/01 01:34:00,1570.000000
planetlab-02.bu.edu,planetlab2.acis.ufl.edu,file256KB.txt,2015/10/01 01:34:00,2015/10/01 01:34:31,30973.000000
planetlab-02.bu.edu,planetlab2.acis.ufl.edu,file512KB.txt,2015/10/01 01:34:31,2015/10/01 01:35:32,60614.000000
planetlab-02.bu.edu,planetlab2.acis.ufl.edu,file1MB.txt,2015/10/01 01:35:32,2015/10/01 01:37:35,123430.000000
planetlab1.clemson.edu,planetlab2.acis.ufl.edu,file32B.txt,2015/10/01 01:37:56,2015/10/01 01:37:56,378.000000
planetlab1.clemson.edu,planetlab2.acis.ufl.edu,file1KB.txt,2015/10/01 01:37:56,2015/10/01 01:37:57,1861.000000
planetlab1.clemson.edu,planetlab2.acis.ufl.edu,file256KB.txt,2015/10/01 01:37:57,2015/10/01 01:38:06,8710.000000
planetlab1.clemson.edu,planetlab2.acis.ufl.edu,file512KB.txt,2015/10/01 01:38:06,2015/10/01 01:38:24,17517.000000
planetlab1.clemson.edu,planetlab2.acis.ufl.edu,file1MB.txt,2015/10/01 01:38:24,2015/10/01 01:39:01,37022.000000
planetlab1.cs.du.edu,planetlab2.acis.ufl.edu,file32B.txt,2015/10/01 01:39:01,2015/10/01 01:39:02,1595.000000
planetlab1.cs.du.edu,planetlab2.acis.ufl.edu,file1KB.txt,2015/10/01 01:39:02,2015/10/01 01:39:02,406.000000
planetlab1.cs.du.edu,planetlab2.acis.ufl.edu,file256KB.txt,2015/10/01 01:39:02,2015/10/01 01:39:32,30646.000000
planetlab1.cs.du.edu,planetlab2.acis.ufl.edu,file512KB.txt,2015/10/01 01:39:32,2015/10/01 01:40:30,57834.000000
planetlab1.cs.du.edu,planetlab2.acis.ufl.edu,file1MB.txt,2015/10/01 01:40:30,2015/10/01 01:42:24,113564.000000
planetlab-1.cse.ohio-state.edu,planetlab2.acis.ufl.edu,file32B.txt,2015/10/01 01:42:24,2015/10/01 01:42:26,2045.000000
planetlab-1.cse.ohio-state.edu,planetlab2.acis.ufl.edu,file1KB.txt,2015/10/01 01:42:26,2015/10/01 01:42:29,2850.000000
planetlab-1.cse.ohio-state.edu,planetlab2.acis.ufl.edu,file256KB.txt,2015/10/01 01:42:29,2015/10/01 01:45:49,200412.000000
planetlab-1.cse.ohio-state.edu,planetlab2.acis.ufl.edu,file512KB.txt,2015/10/01 01:45:49,2015/10/01 01:52:11,381513.000000
planetlab-1.cse.ohio-state.edu,planetlab2.acis.ufl.edu,file1MB.txt,2015/10/01 01:52:11,2015/10/01 02:16:32,-1461101.000000
planetlab1.cs.okstate.edu,planetlab2.acis.ufl.edu,file32B.txt,2015/10/01 02:16:32,2015/10/01 02:16:33,1388.000000
planetlab1.cs.okstate.edu,planetlab2.acis.ufl.edu,file1KB.txt,2015/10/01 02:16:33,2015/10/01 02:16:33,370.000000
planetlab1.cs.okstate.edu,planetlab2.acis.ufl.edu,file256KB.txt,2015/10/01 02:16:33,2015/10/01 02:17:00,27400.000000
planetlab1.cs.okstate.edu,planetlab2.acis.ufl.edu,file512KB.txt,2015/10/01 02:17:00,2015/10/01 02:17:53,52981.000000
planetlab1.cs.okstate.edu,planetlab2.acis.ufl.edu,file1MB.txt,2015/10/01 02:17:53,2015/10/01 02:19:39,105827.000000
planetlab1.cs.ucla.edu,planetlab2.acis.ufl.edu,file32B.txt,2015/10/01 02:19:39,2015/10/01 02:19:40,1562.000000
planetlab1.cs.ucla.edu,planetlab2.acis.ufl.edu,file1KB.txt,2015/10/01 02:19:40,2015/10/01 02:19:40,423.000000
planetlab1.cs.ucla.edu,planetlab2.acis.ufl.edu,file256KB.txt,2015/10/01 02:19:40,2015/10/01 02:20:15,35468.000000
planetlab1.cs.ucla.edu,planetlab2.acis.ufl.edu,file512KB.txt,2015/10/01 02:20:15,2015/10/01 02:21:19,63384.000000
planetlab1.cs.ucla.edu,planetlab2.acis.ufl.edu,file1MB.txt,2015/10/01 02:21:19,2015/10/01 02:23:30,131317.000000
planetlab1.csuohio.edu,planetlab2.acis.ufl.edu,file32B.txt,2015/10/01 02:23:30,2015/10/01 02:23:30,506.000000
planetlab1.csuohio.edu,planetlab2.acis.ufl.edu,file1KB.txt,2015/10/01 02:23:30,2015/10/01 02:23:31,1544.000000
planetlab1.csuohio.edu,planetlab2.acis.ufl.edu,file256KB.txt,2015/10/01 02:23:31,2015/10/01 02:24:04,32477.000000
planetlab1.csuohio.edu,planetlab2.acis.ufl.edu,file512KB.txt,2015/10/01 02:24:04,2015/10/01 02:25:10,65984.000000
planetlab1.csuohio.edu,planetlab2.acis.ufl.edu,file1MB.txt,2015/10/01 02:25:10,2015/10/01 02:27:23,132937.000000
planetlab1.emich.edu,planetlab2.acis.ufl.edu,file32B.txt,2015/10/01 02:27:23,2015/10/01 02:27:24,1743.000000
planetlab1.emich.edu,planetlab2.acis.ufl.edu,file1KB.txt,2015/10/01 02:27:24,2015/10/01 02:27:24,297.000000
planetlab1.emich.edu,planetlab2.acis.ufl.edu,file256KB.txt,2015/10/01 02:27:24,2015/10/01 02:27:45,20937.000000
planetlab1.emich.edu,planetlab2.acis.ufl.edu,file512KB.txt,2015/10/01 02:27:45,2015/10/01 02:28:27,41960.000000
planetlab1.emich.edu,planetlab2.acis.ufl.edu,file1MB.txt,2015/10/01 02:28:27,2015/10/01 02:29:51,84294.000000
planetlab1.ucsd.edu,planetlab2.acis.ufl.edu,file32B.txt,2015/10/01 02:30:12,2015/10/01 02:30:13,1501.000000
planetlab1.ucsd.edu,planetlab2.acis.ufl.edu,file1KB.txt,2015/10/01 02:30:13,2015/10/01 02:30:13,442.000000
planetlab1.ucsd.edu,planetlab2.acis.ufl.edu,file256KB.txt,2015/10/01 02:30:13,2015/10/01 02:30:44,30663.000000
planetlab1.ucsd.edu,planetlab2.acis.ufl.edu,file512KB.txt,2015/10/01 02:30:44,2015/10/01 02:31:47,63637.000000
planetlab1.ucsd.edu,planetlab2.acis.ufl.edu,file1MB.txt,2015/10/01 02:31:47,2015/10/01 02:33:53,125352.000000
planetlab2.acis.ufl.edu,planetlab2.acis.ufl.edu,file32B.txt,2015/10/01 02:33:53,2015/10/01 02:33:54,1979.000000
planetlab2.acis.ufl.edu,planetlab2.acis.ufl.edu,file1KB.txt,2015/10/01 02:33:54,2015/10/01 02:33:54,21.000000
planetlab2.acis.ufl.edu,planetlab2.acis.ufl.edu,file256KB.txt,2015/10/01 02:33:54,2015/10/01 02:33:55,983.000000
planetlab2.acis.ufl.edu,planetlab2.acis.ufl.edu,file512KB.txt,2015/10/01 02:33:55,2015/10/01 02:33:57,2002.000000
planetlab2.acis.ufl.edu,planetlab2.acis.ufl.edu,file1MB.txt,2015/10/01 02:33:57,2015/10/01 02:34:01,3953.000000
planetlab2.arizona-gigapop.net,planetlab2.acis.ufl.edu,file32B.txt,2015/10/01 02:34:01,2015/10/01 02:34:01,498.000000
planetlab2.arizona-gigapop.net,planetlab2.acis.ufl.edu,file1KB.txt,2015/10/01 02:34:01,2015/10/01 02:34:02,1560.000000
planetlab2.arizona-gigapop.net,planetlab2.acis.ufl.edu,file256KB.txt,2015/10/01 02:34:02,2015/10/01 02:34:33,30635.000000
planetlab2.arizona-gigapop.net,planetlab2.acis.ufl.edu,file512KB.txt,2015/10/01 02:34:33,2015/10/01 02:35:35,61485.000000
planetlab2.arizona-gigapop.net,planetlab2.acis.ufl.edu,file1MB.txt,2015/10/01 02:35:35,2015/10/01 02:37:40,125544.000000
planetlab2.citadel.edu,planetlab2.acis.ufl.edu,file32B.txt,2015/10/01 02:37:40,2015/10/01 02:37:41,1366.000000
planetlab2.citadel.edu,planetlab2.acis.ufl.edu,file1KB.txt,2015/10/01 02:37:41,2015/10/01 02:37:41,603.000000
planetlab2.citadel.edu,planetlab2.acis.ufl.edu,file256KB.txt,2015/10/01 02:37:41,2015/10/01 02:38:26,44734.000000
planetlab2.citadel.edu,planetlab2.acis.ufl.edu,file512KB.txt,2015/10/01 02:38:26,2015/10/01 02:39:58,92146.000000
planetlab2.citadel.edu,planetlab2.acis.ufl.edu,file1MB.txt,2015/10/01 02:39:58,2015/10/01 02:43:10,192319.000000
planetlab2.cs.pitt.edu,planetlab2.acis.ufl.edu,file32B.txt,2015/10/01 02:43:10,2015/10/01 02:43:10,289.000000
planetlab2.cs.pitt.edu,planetlab2.acis.ufl.edu,file1KB.txt,2015/10/01 02:43:10,2015/10/01 02:43:11,1743.000000
planetlab2.cs.pitt.edu,planetlab2.acis.ufl.edu,file256KB.txt,2015/10/01 02:43:11,2015/10/01 02:43:29,17520.000000
planetlab2.cs.pitt.edu,planetlab2.acis.ufl.edu,file512KB.txt,2015/10/01 02:43:29,2015/10/01 02:44:06,36763.000000
planetlab2.cs.pitt.edu,planetlab2.acis.ufl.edu,file1MB.txt,2015/10/01 02:44:06,2015/10/01 02:45:21,75763.000000
planetlab2.cs.purdue.edu,planetlab2.acis.ufl.edu,file32B.txt,2015/10/01 02:45:21,2015/10/01 02:45:21,373.000000
planetlab2.cs.purdue.edu,planetlab2.acis.ufl.edu,file1KB.txt,2015/10/01 02:45:21,2015/10/01 02:45:21,370.000000
planetlab2.cs.purdue.edu,planetlab2.acis.ufl.edu,file256KB.txt,2015/10/01 02:45:21,2015/10/01 02:45:48,27672.000000
planetlab2.cs.purdue.edu,planetlab2.acis.ufl.edu,file512KB.txt,2015/10/01 02:45:48,2015/10/01 02:46:42,53670.000000
planetlab2.cs.purdue.edu,planetlab2.acis.ufl.edu,file1MB.txt,2015/10/01 02:46:42,2015/10/01 02:48:34,112178.000000
planetlab2.cs.uml.edu,planetlab2.acis.ufl.edu,file32B.txt,2015/10/01 02:49:16,2015/10/01 02:49:16,370.000000
planetlab2.cs.uml.edu,planetlab2.acis.ufl.edu,file1KB.txt,2015/10/01 02:49:16,2015/10/01 02:49:18,2154.000000
planetlab2.cs.uml.edu,planetlab2.acis.ufl.edu,file256KB.txt,2015/10/01 02:49:18,2015/10/01 02:50:01,43426.000000
planetlab2.cs.uml.edu,planetlab2.acis.ufl.edu,file512KB.txt,2015/10/01 02:50:01,2015/10/01 02:50:50,49246.000000
planetlab2.cs.uml.edu,planetlab2.acis.ufl.edu,file1MB.txt,2015/10/01 02:50:50,2015/10/01 02:52:20,89996.000000
planetlab2.cs.unc.edu,planetlab2.acis.ufl.edu,file32B.txt,2015/10/01 02:52:20,2015/10/01 02:52:20,343.000000
planetlab2.cs.unc.edu,planetlab2.acis.ufl.edu,file1KB.txt,2015/10/01 02:52:20,2015/10/01 02:52:20,372.000000
planetlab2.cs.unc.edu,planetlab2.acis.ufl.edu,file256KB.txt,2015/10/01 02:52:20,2015/10/01 02:52:47,27151.000000
planetlab2.cs.unc.edu,planetlab2.acis.ufl.edu,file512KB.txt,2015/10/01 02:52:47,2015/10/01 02:53:41,54334.000000
planetlab2.cs.unc.edu,planetlab2.acis.ufl.edu,file1MB.txt,2015/10/01 02:53:41,2015/10/01 02:55:30,108897.000000
planetlab2.cs.uoregon.edu,planetlab2.acis.ufl.edu,file32B.txt,2015/10/01 02:55:30,2015/10/01 02:55:31,1322.000000
planetlab2.cs.uoregon.edu,planetlab2.acis.ufl.edu,file1KB.txt,2015/10/01 02:55:31,2015/10/01 02:55:31,679.000000
planetlab2.cs.uoregon.edu,planetlab2.acis.ufl.edu,file256KB.txt,2015/10/01 02:55:31,2015/10/01 02:56:20,48887.000000
planetlab2.cs.uoregon.edu,planetlab2.acis.ufl.edu,file512KB.txt,2015/10/01 02:56:20,2015/10/01 02:57:58,98262.000000
planetlab2.cs.uoregon.edu,planetlab2.acis.ufl.edu,file1MB.txt,2015/10/01 02:57:58,2015/10/01 03:01:14,196287.000000
planetlab2.temple.edu,planetlab2.acis.ufl.edu,file32B.txt,2015/10/01 03:01:14,2015/10/01 03:01:14,383.000000
planetlab2.temple.edu,planetlab2.acis.ufl.edu,file1KB.txt,2015/10/01 03:01:14,2015/10/01 03:01:14,1748.000000
planetlab2.temple.edu,planetlab2.acis.ufl.edu,file256KB.txt,2015/10/01 03:01:14,2015/10/01 03:01:34,18929.000000
planetlab2.temple.edu,planetlab2.acis.ufl.edu,file512KB.txt,2015/10/01 03:01:34,2015/10/01 03:02:12,37250.000000
planetlab2.temple.edu,planetlab2.acis.ufl.edu,file1MB.txt,2015/10/01 03:02:12,2015/10/01 03:03:30,78085.000000
planetlab2.unl.edu,planetlab2.acis.ufl.edu,file32B.txt,2015/10/01 03:03:30,2015/10/01 03:03:31,1635.000000
planetlab2.unl.edu,planetlab2.acis.ufl.edu,file1KB.txt,2015/10/01 03:03:31,2015/10/01 03:03:31,356.000000
planetlab2.unl.edu,planetlab2.acis.ufl.edu,file256KB.txt,2015/10/01 03:03:31,2015/10/01 03:03:56,24577.000000
planetlab2.unl.edu,planetlab2.acis.ufl.edu,file512KB.txt,2015/10/01 03:03:56,2015/10/01 03:04:47,51305.000000
planetlab2.unl.edu,planetlab2.acis.ufl.edu,file1MB.txt,2015/10/01 03:04:47,2015/10/01 03:06:28,100663.000000
planetlab2.unr.edu,planetlab2.acis.ufl.edu,file32B.txt,2015/10/01 03:06:28,2015/10/01 03:06:29,1399.000000
planetlab2.unr.edu,planetlab2.acis.ufl.edu,file1KB.txt,2015/10/01 03:06:29,2015/10/01 03:06:30,1474.000000
planetlab2.unr.edu,planetlab2.acis.ufl.edu,file256KB.txt,2015/10/01 03:06:30,2015/10/01 03:07:08,38032.000000
planetlab2.unr.edu,planetlab2.acis.ufl.edu,file512KB.txt,2015/10/01 03:07:08,2015/10/01 03:08:23,74423.000000
planetlab2.unr.edu,planetlab2.acis.ufl.edu,file1MB.txt,2015/10/01 03:08:23,2015/10/01 03:10:55,152480.000000
planetlab2.uta.edu,planetlab2.acis.ufl.edu,file32B.txt,2015/10/01 03:10:55,2015/10/01 03:10:55,359.000000
planetlab2.uta.edu,planetlab2.acis.ufl.edu,file1KB.txt,2015/10/01 03:10:55,2015/10/01 03:10:55,350.000000
planetlab2.uta.edu,planetlab2.acis.ufl.edu,file256KB.txt,2015/10/01 03:10:55,2015/10/01 03:11:28,32824.000000
planetlab2.uta.edu,planetlab2.acis.ufl.edu,file512KB.txt,2015/10/01 03:11:28,2015/10/01 03:12:34,66460.000000
planetlab2.uta.edu,planetlab2.acis.ufl.edu,file1MB.txt,2015/10/01 03:12:34,2015/10/01 03:14:45,130947.000000
planetlab2.utdallas.edu,planetlab2.acis.ufl.edu,file32B.txt,2015/10/01 03:14:45,2015/10/01 03:14:45,330.000000
planetlab2.utdallas.edu,planetlab2.acis.ufl.edu,file1KB.txt,2015/10/01 03:14:45,2015/10/01 03:14:46,1670.000000
planetlab2.utdallas.edu,planetlab2.acis.ufl.edu,file256KB.txt,2015/10/01 03:14:46,2015/10/01 03:15:09,22482.000000
planetlab2.utdallas.edu,planetlab2.acis.ufl.edu,file512KB.txt,2015/10/01 03:15:09,2015/10/01 03:15:56,47695.000000
planetlab2.utdallas.edu,planetlab2.acis.ufl.edu,file1MB.txt,2015/10/01 03:15:56,2015/10/01 03:17:28,91618.000000
planetlab3.eecs.umich.edu,planetlab2.acis.ufl.edu,file32B.txt,2015/10/01 03:17:28,2015/10/01 03:17:28,325.000000
planetlab3.eecs.umich.edu,planetlab2.acis.ufl.edu,file1KB.txt,2015/10/01 03:17:28,2015/10/01 03:17:29,1707.000000
planetlab3.eecs.umich.edu,planetlab2.acis.ufl.edu,file256KB.txt,2015/10/01 03:17:29,2015/10/01 03:17:49,19999.000000
planetlab3.eecs.umich.edu,planetlab2.acis.ufl.edu,file512KB.txt,2015/10/01 03:17:49,2015/10/01 03:18:28,-38085.000000
planetlab3.eecs.umich.edu,planetlab2.acis.ufl.edu,file1MB.txt,2015/10/01 03:18:28,2015/10/01 03:19:48,80490.000000
planetlab3.rutgers.edu,planetlab2.acis.ufl.edu,file32B.txt,2015/10/01 03:19:48,2015/10/01 03:19:48,315.000000
planetlab3.rutgers.edu,planetlab2.acis.ufl.edu,file1KB.txt,2015/10/01 03:19:48,2015/10/01 03:19:49,1749.000000
planetlab3.rutgers.edu,planetlab2.acis.ufl.edu,file256KB.txt,2015/10/01 03:19:49,2015/10/01 03:20:06,16294.000000
planetlab3.rutgers.edu,planetlab2.acis.ufl.edu,file512KB.txt,2015/10/01 03:20:06,2015/10/01 03:20:41,34999.000000
planetlab3.rutgers.edu,planetlab2.acis.ufl.edu,file1MB.txt,2015/10/01 03:20:41,2015/10/01 03:21:51,70584.000000
planetlab3.wail.wisc.edu,planetlab2.acis.ufl.edu,file32B.txt,2015/10/01 03:21:51,2015/10/01 03:21:51,417.000000
planetlab3.wail.wisc.edu,planetlab2.acis.ufl.edu,file1KB.txt,2015/10/01 03:21:51,2015/10/01 03:21:51,368.000000
planetlab3.wail.wisc.edu,planetlab2.acis.ufl.edu,file256KB.txt,2015/10/01 03:21:51,2015/10/01 03:22:18,27566.000000
planetlab3.wail.wisc.edu,planetlab2.acis.ufl.edu,file512KB.txt,2015/10/01 03:22:18,2015/10/01 03:23:10,51567.000000
planetlab3.wail.wisc.edu,planetlab2.acis.ufl.edu,file1MB.txt,2015/10/01 03:23:10,2015/10/01 03:24:55,105297.000000
planetlab4.tamu.edu,planetlab2.acis.ufl.edu,file32B.txt,2015/10/01 03:24:55,2015/10/01 03:24:55,355.000000
planetlab4.tamu.edu,planetlab2.acis.ufl.edu,file1KB.txt,2015/10/01 03:24:55,2015/10/01 03:24:56,1694.000000
planetlab4.tamu.edu,planetlab2.acis.ufl.edu,file256KB.txt,2015/10/01 03:24:56,2015/10/01 03:25:21,24353.000000
planetlab4.tamu.edu,planetlab2.acis.ufl.edu,file512KB.txt,2015/10/01 03:25:21,2015/10/01 03:26:04,43435.000000
planetlab4.tamu.edu,planetlab2.acis.ufl.edu,file1MB.txt,2015/10/01 03:26:04,2015/10/01 03:27:29,85131.000000
planetlab-5.eecs.cwru.edu,planetlab2.acis.ufl.edu,file32B.txt,2015/10/01 03:27:29,2015/10/01 03:27:29,270.000000
planetlab-5.eecs.cwru.edu,planetlab2.acis.ufl.edu,file1KB.txt,2015/10/01 03:27:29,2015/10/01 03:27:29,270.000000
planetlab-5.eecs.cwru.edu,planetlab2.acis.ufl.edu,file256KB.txt,2015/10/01 03:27:29,2015/10/01 03:27:48,19047.000000
planetlab-5.eecs.cwru.edu,planetlab2.acis.ufl.edu,file512KB.txt,2015/10/01 03:27:48,2015/10/01 03:28:26,38213.000000
planetlab-5.eecs.cwru.edu,planetlab2.acis.ufl.edu,file1MB.txt,2015/10/01 03:28:26,2015/10/01 03:29:41,74664.000000
planetlabone.ccs.neu.edu,planetlab2.acis.ufl.edu,file32B.txt,2015/10/01 03:29:41,2015/10/01 03:29:42,1622.000000
planetlabone.ccs.neu.edu,planetlab2.acis.ufl.edu,file1KB.txt,2015/10/01 03:29:42,2015/10/01 03:29:42,296.000000
planetlabone.ccs.neu.edu,planetlab2.acis.ufl.edu,file256KB.txt,2015/10/01 03:29:42,2015/10/01 03:30:05,23052.000000
planetlabone.ccs.neu.edu,planetlab2.acis.ufl.edu,file512KB.txt,2015/10/01 03:30:05,2015/10/01 03:31:04,59278.000000
planetlabone.ccs.neu.edu,planetlab2.acis.ufl.edu,file1MB.txt,2015/10/01 03:31:04,2015/10/01 03:32:59,114922.000000
pl-node-0.csl.sri.com,planetlab2.acis.ufl.edu,file32B.txt,2015/10/01 03:32:59,2015/10/01 03:33:00,1233.000000
pl-node-0.csl.sri.com,planetlab2.acis.ufl.edu,file1KB.txt,2015/10/01 03:33:00,2015/10/01 03:33:00,740.000000
pl-node-0.csl.sri.com,planetlab2.acis.ufl.edu,file256KB.txt,2015/10/01 03:33:00,2015/10/01 03:33:50,50080.000000
pl-node-0.csl.sri.com,planetlab2.acis.ufl.edu,file512KB.txt,2015/10/01 03:33:50,2015/10/01 03:35:29,98931.000000
pl-node-0.csl.sri.com,planetlab2.acis.ufl.edu,file1MB.txt,2015/10/01 03:35:29,2015/10/01 03:38:48,199238.000000
ricepl-5.cs.rice.edu,planetlab2.acis.ufl.edu,file32B.txt,2015/10/01 03:38:48,2015/10/01 03:38:49,1623.000000
ricepl-5.cs.rice.edu,planetlab2.acis.ufl.edu,file1KB.txt,2015/10/01 03:38:49,2015/10/01 03:38:49,293.000000
ricepl-5.cs.rice.edu,planetlab2.acis.ufl.edu,file256KB.txt,2015/10/01 03:38:49,2015/10/01 03:39:09,19348.000000
ricepl-5.cs.rice.edu,planetlab2.acis.ufl.edu,file512KB.txt,2015/10/01 03:39:09,2015/10/01 03:39:51,42985.000000
ricepl-5.cs.rice.edu,planetlab2.acis.ufl.edu,file1MB.txt,2015/10/01 03:39:51,2015/10/01 03:41:13,81705.000000
salt.planetlab.cs.umd.edu,planetlab2.acis.ufl.edu,file32B.txt,2015/10/01 03:41:13,2015/10/01 03:41:13,307.000000
salt.planetlab.cs.umd.edu,planetlab2.acis.ufl.edu,file1KB.txt,2015/10/01 03:41:13,2015/10/01 03:41:13,222.000000
salt.planetlab.cs.umd.edu,planetlab2.acis.ufl.edu,file256KB.txt,2015/10/01 03:41:13,2015/10/01 03:41:29,16550.000000
salt.planetlab.cs.umd.edu,planetlab2.acis.ufl.edu,file512KB.txt,2015/10/01 03:41:29,2015/10/01 03:41:59,29314.000000
salt.planetlab.cs.umd.edu,planetlab2.acis.ufl.edu,file1MB.txt,2015/10/01 03:41:59,2015/10/01 03:43:00,60979.000000
pl1.eecs.utk.edu,planetlab2.acis.ufl.edu,file32B.txt,2015/10/01 03:43:01,2015/10/01 03:43:01,698.000000
pl1.eecs.utk.edu,planetlab2.acis.ufl.edu,file1KB.txt,2015/10/01 03:43:01,2015/10/01 03:43:02,1295.000000
pl1.eecs.utk.edu,planetlab2.acis.ufl.edu,file256KB.txt,2015/10/01 03:43:02,2015/10/01 03:43:52,49829.000000
pl1.eecs.utk.edu,planetlab2.acis.ufl.edu,file512KB.txt,2015/10/01 03:43:52,2015/10/01 03:45:34,102605.000000
pl1.eecs.utk.edu,planetlab2.acis.ufl.edu,file1MB.txt,2015/10/01 03:45:34,2015/10/01 03:49:12,217742.000000
planetlab-01.vt.nodes.planet-lab.org,planetlab2.acis.ufl.edu,file32B.txt,2015/10/01 03:49:12,2015/10/01 03:49:12,542.000000
planetlab-01.vt.nodes.planet-lab.org,planetlab2.acis.ufl.edu,file1KB.txt,2015/10/01 03:49:12,2015/10/01 03:49:13,1724.000000
planetlab-01.vt.nodes.planet-lab.org,planetlab2.acis.ufl.edu,file256KB.txt,2015/10/01 03:49:13,2015/10/01 03:49:32,18583.000000
planetlab-01.vt.nodes.planet-lab.org,planetlab2.acis.ufl.edu,file512KB.txt,2015/10/01 03:49:32,2015/10/01 03:50:11,39244.000000
planetlab-01.vt.nodes.planet-lab.org,planetlab2.acis.ufl.edu,file1MB.txt,2015/10/01 03:50:11,2015/10/01 03:51:28,76877.000000
planetlab-04.vt.nodes.planet-lab.org,planetlab2.acis.ufl.edu,file32B.txt,2015/10/01 03:51:28,2015/10/01 03:51:28,463.000000
planetlab-04.vt.nodes.planet-lab.org,planetlab2.acis.ufl.edu,file1KB.txt,2015/10/01 03:51:28,2015/10/01 03:51:29,1724.000000
planetlab-04.vt.nodes.planet-lab.org,planetlab2.acis.ufl.edu,file256KB.txt,2015/10/01 03:51:29,2015/10/01 03:51:48,18739.000000
planetlab-04.vt.nodes.planet-lab.org,planetlab2.acis.ufl.edu,file512KB.txt,2015/10/01 03:51:48,2015/10/01 03:52:26,37665.000000
planetlab-04.vt.nodes.planet-lab.org,planetlab2.acis.ufl.edu,file1MB.txt,2015/10/01 03:52:26,2015/10/01 03:53:43,77389.000000
planetlab-4.eecs.cwru.edu,planetlab2.acis.ufl.edu,file32B.txt,2015/10/01 03:53:43,2015/10/01 03:53:43,315.000000
planetlab-4.eecs.cwru.edu,planetlab2.acis.ufl.edu,file1KB.txt,2015/10/01 03:53:43,2015/10/01 03:53:43,270.000000
planetlab-4.eecs.cwru.edu,planetlab2.acis.ufl.edu,file256KB.txt,2015/10/01 03:53:43,2015/10/01 03:54:03,20915.000000
planetlab-4.eecs.cwru.edu,planetlab2.acis.ufl.edu,file512KB.txt,2015/10/01 03:54:03,2015/10/01 03:54:40,36089.000000
planetlab-4.eecs.cwru.edu,planetlab2.acis.ufl.edu,file1MB.txt,2015/10/01 03:54:40,2015/10/01 03:55:57,77123.000000
planetlab01.cs.washington.edu,planetlab2.acis.ufl.edu,file32B.txt,2015/10/01 03:55:57,2015/10/01 03:55:58,1427.000000
planetlab01.cs.washington.edu,planetlab2.acis.ufl.edu,file1KB.txt,2015/10/01 03:55:58,2015/10/01 03:55:58,576.000000
planetlab01.cs.washington.edu,planetlab2.acis.ufl.edu,file256KB.txt,2015/10/01 03:55:58,2015/10/01 03:56:40,42446.000000
planetlab01.cs.washington.edu,planetlab2.acis.ufl.edu,file512KB.txt,2015/10/01 03:56:40,2015/10/01 03:58:03,83270.000000
planetlab01.cs.washington.edu,planetlab2.acis.ufl.edu,file1MB.txt,2015/10/01 03:58:03,2015/10/01 04:00:48,164846.000000
planetlab02.cs.washington.edu,planetlab2.acis.ufl.edu,file32B.txt,2015/10/01 04:00:48,2015/10/01 04:00:49,1023.000000
planetlab02.cs.washington.edu,planetlab2.acis.ufl.edu,file1KB.txt,2015/10/01 04:00:49,2015/10/01 04:00:49,579.000000
planetlab02.cs.washington.edu,planetlab2.acis.ufl.edu,file256KB.txt,2015/10/01 04:00:49,2015/10/01 04:01:31,42124.000000
planetlab02.cs.washington.edu,planetlab2.acis.ufl.edu,file512KB.txt,2015/10/01 04:01:31,2015/10/01 04:02:55,84036.000000
planetlab02.cs.washington.edu,planetlab2.acis.ufl.edu,file1MB.txt,2015/10/01 04:02:55,2015/10/01 04:05:43,168555.000000
planetlab1.arizona-gigapop.net,planetlab2.acis.ufl.edu,file32B.txt,2015/10/01 04:05:43,2015/10/01 04:05:43,500.000000
planetlab1.arizona-gigapop.net,planetlab2.acis.ufl.edu,file1KB.txt,2015/10/01 04:05:43,2015/10/01 04:05:44,1561.000000
planetlab1.arizona-gigapop.net,planetlab2.acis.ufl.edu,file256KB.txt,2015/10/01 04:05:44,2015/10/01 04:06:15,30712.000000
planetlab1.arizona-gigapop.net,planetlab2.acis.ufl.edu,file512KB.txt,2015/10/01 04:06:15,2015/10/01 04:07:18,63136.000000
planetlab1.arizona-gigapop.net,planetlab2.acis.ufl.edu,file1MB.txt,2015/10/01 04:07:18,2015/10/01 04:09:22,123416.000000
planetlab1.cs.unc.edu,planetlab2.acis.ufl.edu,file32B.txt,2015/10/01 04:09:22,2015/10/01 04:09:23,1663.000000
planetlab1.cs.unc.edu,planetlab2.acis.ufl.edu,file1KB.txt,2015/10/01 04:09:23,2015/10/01 04:09:23,362.000000
planetlab1.cs.unc.edu,planetlab2.acis.ufl.edu,file256KB.txt,2015/10/01 04:09:23,2015/10/01 04:09:49,25784.000000
planetlab1.cs.unc.edu,planetlab2.acis.ufl.edu,file512KB.txt,2015/10/01 04:09:49,2015/10/01 04:10:42,52838.000000
planetlab1.cs.unc.edu,planetlab2.acis.ufl.edu,file1MB.txt,2015/10/01 04:10:42,2015/10/01 04:12:27,105465.000000
planet3.cc.gt.atl.ga.us,planetlab2.acis.ufl.edu,file32B.txt,2015/10/01 04:12:27,2015/10/01 04:12:27,165.000000
planet3.cc.gt.atl.ga.us,planetlab2.acis.ufl.edu,file1KB.txt,2015/10/01 04:12:27,2015/10/01 04:12:28,1882.000000
planet3.cc.gt.atl.ga.us,planetlab2.acis.ufl.edu,file256KB.txt,2015/10/01 04:12:28,2015/10/01 04:12:35,6137.000000
planet3.cc.gt.atl.ga.us,planetlab2.acis.ufl.edu,file512KB.txt,2015/10/01 04:12:35,2015/10/01 04:12:51,16189.000000
planet3.cc.gt.atl.ga.us,planetlab2.acis.ufl.edu,file1MB.txt,2015/10/01 04:12:51,2015/10/01 04:13:23,32631.000000
