planetlab1.unr.edu,planetlab3.eecs.umich.edu,file32B.txt,2015/09/30 21:13:15,2015/09/30 21:13:15,391.000000
planetlab1.unr.edu,planetlab3.eecs.umich.edu,file1KB.txt,2015/09/30 21:13:15,2015/09/30 21:13:16,1671.000000
planetlab1.unr.edu,planetlab3.eecs.umich.edu,file256KB.txt,2015/09/30 21:13:16,2015/09/30 21:13:40,23965.000000
planetlab1.unr.edu,planetlab3.eecs.umich.edu,file512KB.txt,2015/09/30 21:13:40,2015/09/30 21:14:27,46219.000000
planetlab1.unr.edu,planetlab3.eecs.umich.edu,file1MB.txt,2015/09/30 21:14:27,2015/09/30 21:16:03,96573.000000
pl2.cs.unm.edu,planetlab3.eecs.umich.edu,file32B.txt,2015/09/30 21:16:03,2015/09/30 21:16:03,328.000000
pl2.cs.unm.edu,planetlab3.eecs.umich.edu,file1KB.txt,2015/09/30 21:16:03,2015/09/30 21:16:03,268.000000
pl2.cs.unm.edu,planetlab3.eecs.umich.edu,file256KB.txt,2015/09/30 21:16:03,2015/09/30 21:16:23,20799.000000
pl2.cs.unm.edu,planetlab3.eecs.umich.edu,file512KB.txt,2015/09/30 21:16:23,2015/09/30 21:17:02,38276.000000
pl2.cs.unm.edu,planetlab3.eecs.umich.edu,file1MB.txt,2015/09/30 21:17:02,2015/09/30 21:18:19,77232.000000
planetlab2.cnis.nyit.edu,planetlab3.eecs.umich.edu,file32B.txt,2015/09/30 21:18:19,2015/09/30 21:18:19,306.000000
planetlab2.cnis.nyit.edu,planetlab3.eecs.umich.edu,file1KB.txt,2015/09/30 21:18:19,2015/09/30 21:18:20,1738.000000
planetlab2.cnis.nyit.edu,planetlab3.eecs.umich.edu,file256KB.txt,2015/09/30 21:18:20,2015/09/30 21:18:39,18914.000000
planetlab2.cnis.nyit.edu,planetlab3.eecs.umich.edu,file512KB.txt,2015/09/30 21:18:39,2015/09/30 21:19:16,36504.000000
planetlab2.cnis.nyit.edu,planetlab3.eecs.umich.edu,file1MB.txt,2015/09/30 21:19:16,2015/09/30 21:20:31,-75463.000000
planetlab2.rutgers.edu,planetlab3.eecs.umich.edu,file32B.txt,2015/09/30 21:20:31,2015/09/30 21:21:02,30390.000000
planetlab2.rutgers.edu,planetlab3.eecs.umich.edu,file1KB.txt,2015/09/30 21:21:02,2015/09/30 21:21:10,8509.000000
planetlab2.rutgers.edu,planetlab3.eecs.umich.edu,file256KB.txt,2015/09/30 21:21:10,2015/09/30 21:40:45,1174981.000000
planetlab2.rutgers.edu,planetlab3.eecs.umich.edu,file512KB.txt,2015/09/30 21:40:45,2015/09/30 22:21:54,-1826460.000000
planetlab2.rutgers.edu,planetlab3.eecs.umich.edu,file1MB.txt,2015/09/30 22:21:54,2015/09/30 23:24:11,557253.000000
planetlab2.cs.du.edu,planetlab3.eecs.umich.edu,file32B.txt,2015/09/30 23:24:11,2015/09/30 23:24:12,637.000000
planetlab2.cs.du.edu,planetlab3.eecs.umich.edu,file1KB.txt,2015/09/30 23:24:12,2015/09/30 23:24:12,205.000000
planetlab2.cs.du.edu,planetlab3.eecs.umich.edu,file256KB.txt,2015/09/30 23:24:12,2015/09/30 23:24:27,15046.000000
planetlab2.cs.du.edu,planetlab3.eecs.umich.edu,file512KB.txt,2015/09/30 23:24:27,2015/09/30 23:24:58,30885.000000
planetlab2.cs.du.edu,planetlab3.eecs.umich.edu,file1MB.txt,2015/09/30 23:24:58,2015/09/30 23:25:58,60451.000000
planetlab2.ucsd.edu,planetlab3.eecs.umich.edu,file32B.txt,2015/09/30 23:25:58,2015/09/30 23:25:58,544.000000
planetlab2.ucsd.edu,planetlab3.eecs.umich.edu,file1KB.txt,2015/09/30 23:25:58,2015/09/30 23:25:59,1527.000000
planetlab2.ucsd.edu,planetlab3.eecs.umich.edu,file256KB.txt,2015/09/30 23:25:59,2015/09/30 23:26:34,35301.000000
planetlab2.ucsd.edu,planetlab3.eecs.umich.edu,file512KB.txt,2015/09/30 23:26:34,2015/09/30 23:27:43,69034.000000
planetlab2.ucsd.edu,planetlab3.eecs.umich.edu,file1MB.txt,2015/09/30 23:27:43,2015/09/30 23:30:00,136542.000000
planetlab3.cs.uoregon.edu,planetlab3.eecs.umich.edu,file32B.txt,2015/09/30 23:30:00,2015/09/30 23:30:00,492.000000
planetlab3.cs.uoregon.edu,planetlab3.eecs.umich.edu,file1KB.txt,2015/09/30 23:30:00,2015/09/30 23:30:01,1578.000000
planetlab3.cs.uoregon.edu,planetlab3.eecs.umich.edu,file256KB.txt,2015/09/30 23:30:01,2015/09/30 23:30:32,31018.000000
planetlab3.cs.uoregon.edu,planetlab3.eecs.umich.edu,file512KB.txt,2015/09/30 23:30:32,2015/09/30 23:31:33,60511.000000
planetlab3.cs.uoregon.edu,planetlab3.eecs.umich.edu,file1MB.txt,2015/09/30 23:31:33,2015/09/30 23:33:36,123248.000000
planetlab-01.bu.edu,planetlab3.eecs.umich.edu,file32B.txt,2015/09/30 23:33:36,2015/09/30 23:33:36,292.000000
planetlab-01.bu.edu,planetlab3.eecs.umich.edu,file1KB.txt,2015/09/30 23:33:36,2015/09/30 23:33:37,1697.000000
planetlab-01.bu.edu,planetlab3.eecs.umich.edu,file256KB.txt,2015/09/30 23:33:37,2015/09/30 23:33:57,19254.000000
planetlab-01.bu.edu,planetlab3.eecs.umich.edu,file512KB.txt,2015/09/30 23:33:57,2015/09/30 23:34:37,40698.000000
planetlab-01.bu.edu,planetlab3.eecs.umich.edu,file1MB.txt,2015/09/30 23:34:37,2015/09/30 23:35:55,77831.000000
planetlab4.cnds.jhu.edu,planetlab3.eecs.umich.edu,file32B.txt,2015/09/30 23:35:55,2015/09/30 23:35:55,279.000000
planetlab4.cnds.jhu.edu,planetlab3.eecs.umich.edu,file1KB.txt,2015/09/30 23:35:55,2015/09/30 23:35:55,191.000000
planetlab4.cnds.jhu.edu,planetlab3.eecs.umich.edu,file256KB.txt,2015/09/30 23:35:55,2015/09/30 23:36:09,13996.000000
planetlab4.cnds.jhu.edu,planetlab3.eecs.umich.edu,file512KB.txt,2015/09/30 23:36:09,2015/09/30 23:36:37,28143.000000
planetlab4.cnds.jhu.edu,planetlab3.eecs.umich.edu,file1MB.txt,2015/09/30 23:36:37,2015/09/30 23:37:34,57475.000000
planetlabtwo.ccs.neu.edu,planetlab3.eecs.umich.edu,file32B.txt,2015/09/30 23:37:34,2015/09/30 23:37:34,272.000000
planetlabtwo.ccs.neu.edu,planetlab3.eecs.umich.edu,file1KB.txt,2015/09/30 23:37:34,2015/09/30 23:37:34,207.000000
planetlabtwo.ccs.neu.edu,planetlab3.eecs.umich.edu,file256KB.txt,2015/09/30 23:37:34,2015/09/30 23:37:49,15114.000000
planetlabtwo.ccs.neu.edu,planetlab3.eecs.umich.edu,file512KB.txt,2015/09/30 23:37:49,2015/09/30 23:38:19,30430.000000
planetlabtwo.ccs.neu.edu,planetlab3.eecs.umich.edu,file1MB.txt,2015/09/30 23:38:19,2015/09/30 23:39:18,59056.000000
planetlab1.cs.purdue.edu,planetlab3.eecs.umich.edu,file32B.txt,2015/09/30 23:39:18,2015/09/30 23:39:21,2897.000000
planetlab1.cs.purdue.edu,planetlab3.eecs.umich.edu,file1KB.txt,2015/09/30 23:39:21,2015/09/30 23:39:23,1532.000000
planetlab1.cs.purdue.edu,planetlab3.eecs.umich.edu,file256KB.txt,2015/09/30 23:39:23,2015/09/30 23:50:14,-651574.000000
planetlab1.cs.purdue.edu,planetlab3.eecs.umich.edu,file512KB.txt,2015/09/30 23:50:14,2015/10/01 00:20:01,1786547.000000
planetlab1.cs.purdue.edu,planetlab3.eecs.umich.edu,file1MB.txt,2015/10/01 00:20:01,2015/10/01 01:13:26,1089478.000000
planetlab2.tsuniv.edu,planetlab3.eecs.umich.edu,file32B.txt,2015/10/01 01:13:26,2015/10/01 01:13:26,466.000000
planetlab2.tsuniv.edu,planetlab3.eecs.umich.edu,file1KB.txt,2015/10/01 01:13:26,2015/10/01 01:13:27,1515.000000
planetlab2.tsuniv.edu,planetlab3.eecs.umich.edu,file256KB.txt,2015/10/01 01:13:27,2015/10/01 01:14:33,65740.000000
planetlab2.tsuniv.edu,planetlab3.eecs.umich.edu,file512KB.txt,2015/10/01 01:14:33,2015/10/01 01:21:21,408044.000000
planetlab2.tsuniv.edu,planetlab3.eecs.umich.edu,file1MB.txt,2015/10/01 01:21:21,2015/10/01 01:30:26,544798.000000
planetlab1.tsuniv.edu,planetlab3.eecs.umich.edu,file32B.txt,2015/10/01 01:30:26,2015/10/01 01:30:28,2387.000000
planetlab1.tsuniv.edu,planetlab3.eecs.umich.edu,file1KB.txt,2015/10/01 01:30:28,2015/10/01 01:30:30,1891.000000
planetlab1.tsuniv.edu,planetlab3.eecs.umich.edu,file256KB.txt,2015/10/01 01:30:30,2015/10/01 01:31:07,36603.000000
planetlab1.tsuniv.edu,planetlab3.eecs.umich.edu,file512KB.txt,2015/10/01 01:31:07,2015/10/01 01:32:10,62931.000000
planetlab1.tsuniv.edu,planetlab3.eecs.umich.edu,file1MB.txt,2015/10/01 01:32:10,2015/10/01 01:39:23,432810.000000
planetlab3.ucsd.edu,planetlab3.eecs.umich.edu,file32B.txt,2015/10/01 01:39:23,2015/10/01 01:39:24,1219.000000
planetlab3.ucsd.edu,planetlab3.eecs.umich.edu,file1KB.txt,2015/10/01 01:39:24,2015/10/01 01:39:25,1518.000000
planetlab3.ucsd.edu,planetlab3.eecs.umich.edu,file256KB.txt,2015/10/01 01:39:25,2015/10/01 01:40:00,34810.000000
planetlab3.ucsd.edu,planetlab3.eecs.umich.edu,file512KB.txt,2015/10/01 01:40:00,2015/10/01 01:41:23,82374.000000
planetlab3.ucsd.edu,planetlab3.eecs.umich.edu,file1MB.txt,2015/10/01 01:41:23,2015/10/01 01:43:43,140396.000000
node2.planetlab.mathcs.emory.edu,planetlab3.eecs.umich.edu,file32B.txt,2015/10/01 01:43:44,2015/10/01 01:43:44,221.000000
node2.planetlab.mathcs.emory.edu,planetlab3.eecs.umich.edu,file1KB.txt,2015/10/01 01:43:44,2015/10/01 01:43:44,180.000000
node2.planetlab.mathcs.emory.edu,planetlab3.eecs.umich.edu,file256KB.txt,2015/10/01 01:43:44,2015/10/01 01:43:57,12771.000000
node2.planetlab.mathcs.emory.edu,planetlab3.eecs.umich.edu,file512KB.txt,2015/10/01 01:43:57,2015/10/01 01:44:24,27809.000000
node2.planetlab.mathcs.emory.edu,planetlab3.eecs.umich.edu,file1MB.txt,2015/10/01 01:44:24,2015/10/01 01:45:16,51508.000000
planetlab5.csee.usf.edu,planetlab3.eecs.umich.edu,file32B.txt,2015/10/01 01:45:16,2015/10/01 01:45:16,314.000000
planetlab5.csee.usf.edu,planetlab3.eecs.umich.edu,file1KB.txt,2015/10/01 01:45:16,2015/10/01 01:45:17,1728.000000
planetlab5.csee.usf.edu,planetlab3.eecs.umich.edu,file256KB.txt,2015/10/01 01:45:17,2015/10/01 01:45:37,20150.000000
planetlab5.csee.usf.edu,planetlab3.eecs.umich.edu,file512KB.txt,2015/10/01 01:45:37,2015/10/01 01:46:16,38545.000000
planetlab5.csee.usf.edu,planetlab3.eecs.umich.edu,file1MB.txt,2015/10/01 01:46:16,2015/10/01 01:47:35,79304.000000
planetlab1.emich.edu,planetlab3.eecs.umich.edu,file32B.txt,2015/10/01 01:47:35,2015/10/01 01:47:35,20.000000
planetlab1.emich.edu,planetlab3.eecs.umich.edu,file1KB.txt,2015/10/01 01:47:35,2015/10/01 01:47:35,12.000000
planetlab1.emich.edu,planetlab3.eecs.umich.edu,file256KB.txt,2015/10/01 01:47:35,2015/10/01 01:47:35,596.000000
planetlab1.emich.edu,planetlab3.eecs.umich.edu,file512KB.txt,2015/10/01 01:47:35,2015/10/01 01:47:36,860.000000
planetlab1.emich.edu,planetlab3.eecs.umich.edu,file1MB.txt,2015/10/01 01:47:36,2015/10/01 01:47:39,3648.000000
ebb.colgate.edu,planetlab3.eecs.umich.edu,file32B.txt,2015/10/01 01:47:39,2015/10/01 01:47:39,212.000000
ebb.colgate.edu,planetlab3.eecs.umich.edu,file1KB.txt,2015/10/01 01:47:39,2015/10/01 01:47:40,1542.000000
ebb.colgate.edu,planetlab3.eecs.umich.edu,file256KB.txt,2015/10/01 01:47:40,2015/10/01 01:48:01,20577.000000
ebb.colgate.edu,planetlab3.eecs.umich.edu,file512KB.txt,2015/10/01 01:48:01,2015/10/01 01:48:37,35888.000000
ebb.colgate.edu,planetlab3.eecs.umich.edu,file1MB.txt,2015/10/01 01:48:37,2015/10/01 01:49:49,72368.000000
kc-sce-plab2.umkc.edu,planetlab3.eecs.umich.edu,file32B.txt,2015/10/01 01:49:49,2015/10/01 01:49:49,136.000000
kc-sce-plab2.umkc.edu,planetlab3.eecs.umich.edu,file1KB.txt,2015/10/01 01:49:49,2015/10/01 01:49:49,129.000000
kc-sce-plab2.umkc.edu,planetlab3.eecs.umich.edu,file256KB.txt,2015/10/01 01:49:49,2015/10/01 01:49:58,8677.000000
kc-sce-plab2.umkc.edu,planetlab3.eecs.umich.edu,file512KB.txt,2015/10/01 01:49:58,2015/10/01 01:50:17,19331.000000
kc-sce-plab2.umkc.edu,planetlab3.eecs.umich.edu,file1MB.txt,2015/10/01 01:50:17,2015/10/01 01:50:54,36998.000000
node1.planetlab.mathcs.emory.edu,planetlab3.eecs.umich.edu,file32B.txt,2015/10/01 01:50:54,2015/10/01 01:50:54,182.000000
node1.planetlab.mathcs.emory.edu,planetlab3.eecs.umich.edu,file1KB.txt,2015/10/01 01:50:54,2015/10/01 01:50:54,180.000000
node1.planetlab.mathcs.emory.edu,planetlab3.eecs.umich.edu,file256KB.txt,2015/10/01 01:50:54,2015/10/01 01:51:08,14789.000000
node1.planetlab.mathcs.emory.edu,planetlab3.eecs.umich.edu,file512KB.txt,2015/10/01 01:51:08,2015/10/01 01:51:34,25620.000000
node1.planetlab.mathcs.emory.edu,planetlab3.eecs.umich.edu,file1MB.txt,2015/10/01 01:51:34,2015/10/01 01:52:26,51707.000000
pl1.cs.montana.edu,planetlab3.eecs.umich.edu,file32B.txt,2015/10/01 01:52:26,2015/10/01 01:52:27,1325.000000
pl1.cs.montana.edu,planetlab3.eecs.umich.edu,file1KB.txt,2015/10/01 01:52:27,2015/10/01 01:52:28,1328.000000
pl1.cs.montana.edu,planetlab3.eecs.umich.edu,file256KB.txt,2015/10/01 01:52:28,2015/10/01 01:53:17,48576.000000
pl1.cs.montana.edu,planetlab3.eecs.umich.edu,file512KB.txt,2015/10/01 01:53:17,2015/10/01 01:54:55,97641.000000
pl1.cs.montana.edu,planetlab3.eecs.umich.edu,file1MB.txt,2015/10/01 01:54:55,2015/10/01 01:58:12,197689.000000
plab3.eece.ksu.edu,planetlab3.eecs.umich.edu,file32B.txt,2015/10/01 01:58:33,2015/10/01 01:58:33,156.000000
plab3.eece.ksu.edu,planetlab3.eecs.umich.edu,file1KB.txt,2015/10/01 01:58:33,2015/10/01 01:58:33,147.000000
plab3.eece.ksu.edu,planetlab3.eecs.umich.edu,file256KB.txt,2015/10/01 01:58:33,2015/10/01 01:58:44,11256.000000
plab3.eece.ksu.edu,planetlab3.eecs.umich.edu,file512KB.txt,2015/10/01 01:58:44,2015/10/01 01:59:05,20604.000000
plab3.eece.ksu.edu,planetlab3.eecs.umich.edu,file1MB.txt,2015/10/01 01:59:05,2015/10/01 01:59:48,43250.000000
planet3.cc.gt.atl.ga.us,planetlab3.eecs.umich.edu,file32B.txt,2015/10/01 01:59:48,2015/10/01 01:59:48,249.000000
planet3.cc.gt.atl.ga.us,planetlab3.eecs.umich.edu,file1KB.txt,2015/10/01 01:59:48,2015/10/01 01:59:48,180.000000
planet3.cc.gt.atl.ga.us,planetlab3.eecs.umich.edu,file256KB.txt,2015/10/01 01:59:48,2015/10/01 02:00:01,13118.000000
planet3.cc.gt.atl.ga.us,planetlab3.eecs.umich.edu,file512KB.txt,2015/10/01 02:00:01,2015/10/01 02:00:28,27756.000000
planet3.cc.gt.atl.ga.us,planetlab3.eecs.umich.edu,file1MB.txt,2015/10/01 02:00:28,2015/10/01 02:01:20,52005.000000
planetlab-02.bu.edu,planetlab3.eecs.umich.edu,file32B.txt,2015/10/01 02:01:20,2015/10/01 02:01:20,267.000000
planetlab-02.bu.edu,planetlab3.eecs.umich.edu,file1KB.txt,2015/10/01 02:01:20,2015/10/01 02:01:20,272.000000
planetlab-02.bu.edu,planetlab3.eecs.umich.edu,file256KB.txt,2015/10/01 02:01:20,2015/10/01 02:01:40,20183.000000
planetlab-02.bu.edu,planetlab3.eecs.umich.edu,file512KB.txt,2015/10/01 02:01:40,2015/10/01 02:02:20,40138.000000
planetlab-02.bu.edu,planetlab3.eecs.umich.edu,file1MB.txt,2015/10/01 02:02:20,2015/10/01 02:03:39,78560.000000
planetlab1.clemson.edu,planetlab3.eecs.umich.edu,file32B.txt,2015/10/01 02:04:01,2015/10/01 02:04:01,376.000000
planetlab1.clemson.edu,planetlab3.eecs.umich.edu,file1KB.txt,2015/10/01 02:04:01,2015/10/01 02:04:01,199.000000
planetlab1.clemson.edu,planetlab3.eecs.umich.edu,file256KB.txt,2015/10/01 02:04:01,2015/10/01 02:04:16,15584.000000
planetlab1.clemson.edu,planetlab3.eecs.umich.edu,file512KB.txt,2015/10/01 02:04:16,2015/10/01 02:04:44,27351.000000
planetlab1.clemson.edu,planetlab3.eecs.umich.edu,file1MB.txt,2015/10/01 02:04:44,2015/10/01 02:05:41,56822.000000
planetlab1.cs.du.edu,planetlab3.eecs.umich.edu,file32B.txt,2015/10/01 02:05:42,2015/10/01 02:05:42,208.000000
planetlab1.cs.du.edu,planetlab3.eecs.umich.edu,file1KB.txt,2015/10/01 02:05:42,2015/10/01 02:05:42,204.000000
planetlab1.cs.du.edu,planetlab3.eecs.umich.edu,file256KB.txt,2015/10/01 02:05:42,2015/10/01 02:05:57,15069.000000
planetlab1.cs.du.edu,planetlab3.eecs.umich.edu,file512KB.txt,2015/10/01 02:05:57,2015/10/01 02:06:27,30311.000000
planetlab1.cs.du.edu,planetlab3.eecs.umich.edu,file1MB.txt,2015/10/01 02:06:27,2015/10/01 02:07:26,-58662.000000
planetlab1.cs.okstate.edu,planetlab3.eecs.umich.edu,file32B.txt,2015/10/01 02:07:47,2015/10/01 02:07:47,176.000000
planetlab1.cs.okstate.edu,planetlab3.eecs.umich.edu,file1KB.txt,2015/10/01 02:07:47,2015/10/01 02:07:47,170.000000
planetlab1.cs.okstate.edu,planetlab3.eecs.umich.edu,file256KB.txt,2015/10/01 02:07:47,2015/10/01 02:08:00,13406.000000
planetlab1.cs.okstate.edu,planetlab3.eecs.umich.edu,file512KB.txt,2015/10/01 02:08:00,2015/10/01 02:08:25,25162.000000
planetlab1.cs.okstate.edu,planetlab3.eecs.umich.edu,file1MB.txt,2015/10/01 02:08:25,2015/10/01 02:09:15,49574.000000
planetlab1.cs.ucla.edu,planetlab3.eecs.umich.edu,file32B.txt,2015/10/01 02:09:15,2015/10/01 02:09:16,1432.000000
planetlab1.cs.ucla.edu,planetlab3.eecs.umich.edu,file1KB.txt,2015/10/01 02:09:16,2015/10/01 02:09:17,1385.000000
planetlab1.cs.ucla.edu,planetlab3.eecs.umich.edu,file256KB.txt,2015/10/01 02:09:17,2015/10/01 02:09:52,34874.000000
planetlab1.cs.ucla.edu,planetlab3.eecs.umich.edu,file512KB.txt,2015/10/01 02:09:52,2015/10/01 02:11:03,70559.000000
planetlab1.cs.ucla.edu,planetlab3.eecs.umich.edu,file1MB.txt,2015/10/01 02:11:03,2015/10/01 02:13:23,140364.000000
planetlab1.csuohio.edu,planetlab3.eecs.umich.edu,file32B.txt,2015/10/01 02:13:23,2015/10/01 02:13:23,200.000000
planetlab1.csuohio.edu,planetlab3.eecs.umich.edu,file1KB.txt,2015/10/01 02:13:23,2015/10/01 02:13:23,112.000000
planetlab1.csuohio.edu,planetlab3.eecs.umich.edu,file256KB.txt,2015/10/01 02:13:23,2015/10/01 02:13:31,7689.000000
planetlab1.csuohio.edu,planetlab3.eecs.umich.edu,file512KB.txt,2015/10/01 02:13:31,2015/10/01 02:14:04,33797.000000
planetlab1.csuohio.edu,planetlab3.eecs.umich.edu,file1MB.txt,2015/10/01 02:14:04,2015/10/01 02:14:44,39435.000000
planetlab1.emich.edu,planetlab3.eecs.umich.edu,file32B.txt,2015/10/01 02:14:44,2015/10/01 02:14:44,9.000000
planetlab1.emich.edu,planetlab3.eecs.umich.edu,file1KB.txt,2015/10/01 02:14:44,2015/10/01 02:14:44,10.000000
planetlab1.emich.edu,planetlab3.eecs.umich.edu,file256KB.txt,2015/10/01 02:14:44,2015/10/01 02:14:45,1388.000000
planetlab1.emich.edu,planetlab3.eecs.umich.edu,file512KB.txt,2015/10/01 02:14:45,2015/10/01 02:14:46,801.000000
planetlab1.emich.edu,planetlab3.eecs.umich.edu,file1MB.txt,2015/10/01 02:14:46,2015/10/01 02:14:48,1570.000000
planetlab1.ucsd.edu,planetlab3.eecs.umich.edu,file32B.txt,2015/10/01 02:15:10,2015/10/01 02:15:10,558.000000
planetlab1.ucsd.edu,planetlab3.eecs.umich.edu,file1KB.txt,2015/10/01 02:15:10,2015/10/01 02:15:11,1522.000000
planetlab1.ucsd.edu,planetlab3.eecs.umich.edu,file256KB.txt,2015/10/01 02:15:11,2015/10/01 02:15:46,34696.000000
planetlab1.ucsd.edu,planetlab3.eecs.umich.edu,file512KB.txt,2015/10/01 02:15:46,2015/10/01 02:16:56,70326.000000
planetlab1.ucsd.edu,planetlab3.eecs.umich.edu,file1MB.txt,2015/10/01 02:16:56,2015/10/01 02:19:14,137107.000000
planetlab2.acis.ufl.edu,planetlab3.eecs.umich.edu,file32B.txt,2015/10/01 02:19:14,2015/10/01 02:19:15,1697.000000
planetlab2.acis.ufl.edu,planetlab3.eecs.umich.edu,file1KB.txt,2015/10/01 02:19:15,2015/10/01 02:19:15,274.000000
planetlab2.acis.ufl.edu,planetlab3.eecs.umich.edu,file256KB.txt,2015/10/01 02:19:15,2015/10/01 02:19:35,19940.000000
planetlab2.acis.ufl.edu,planetlab3.eecs.umich.edu,file512KB.txt,2015/10/01 02:19:35,2015/10/01 02:20:15,39947.000000
planetlab2.acis.ufl.edu,planetlab3.eecs.umich.edu,file1MB.txt,2015/10/01 02:20:15,2015/10/01 02:21:35,80421.000000
planetlab2.arizona-gigapop.net,planetlab3.eecs.umich.edu,file32B.txt,2015/10/01 02:21:35,2015/10/01 02:21:35,468.000000
planetlab2.arizona-gigapop.net,planetlab3.eecs.umich.edu,file1KB.txt,2015/10/01 02:21:35,2015/10/01 02:21:36,1621.000000
planetlab2.arizona-gigapop.net,planetlab3.eecs.umich.edu,file256KB.txt,2015/10/01 02:21:36,2015/10/01 02:22:03,26230.000000
planetlab2.arizona-gigapop.net,planetlab3.eecs.umich.edu,file512KB.txt,2015/10/01 02:22:03,2015/10/01 02:22:59,56799.000000
planetlab2.arizona-gigapop.net,planetlab3.eecs.umich.edu,file1MB.txt,2015/10/01 02:22:59,2015/10/01 02:24:49,109805.000000
planetlab2.citadel.edu,planetlab3.eecs.umich.edu,file32B.txt,2015/10/01 02:24:49,2015/10/01 02:24:49,561.000000
planetlab2.citadel.edu,planetlab3.eecs.umich.edu,file1KB.txt,2015/10/01 02:24:49,2015/10/01 02:24:50,1350.000000
planetlab2.citadel.edu,planetlab3.eecs.umich.edu,file256KB.txt,2015/10/01 02:24:50,2015/10/01 02:25:45,55176.000000
planetlab2.citadel.edu,planetlab3.eecs.umich.edu,file512KB.txt,2015/10/01 02:25:45,2015/10/01 02:27:33,107748.000000
planetlab2.citadel.edu,planetlab3.eecs.umich.edu,file1MB.txt,2015/10/01 02:27:33,2015/10/01 02:30:54,201193.000000
planetlab2.cs.pitt.edu,planetlab3.eecs.umich.edu,file32B.txt,2015/10/01 02:30:54,2015/10/01 02:30:54,178.000000
planetlab2.cs.pitt.edu,planetlab3.eecs.umich.edu,file1KB.txt,2015/10/01 02:30:54,2015/10/01 02:30:54,152.000000
planetlab2.cs.pitt.edu,planetlab3.eecs.umich.edu,file256KB.txt,2015/10/01 02:30:54,2015/10/01 02:31:05,10813.000000
planetlab2.cs.pitt.edu,planetlab3.eecs.umich.edu,file512KB.txt,2015/10/01 02:31:05,2015/10/01 02:31:28,23835.000000
planetlab2.cs.pitt.edu,planetlab3.eecs.umich.edu,file1MB.txt,2015/10/01 02:31:28,2015/10/01 02:32:12,43615.000000
planetlab2.cs.purdue.edu,planetlab3.eecs.umich.edu,file32B.txt,2015/10/01 02:32:12,2015/10/01 02:32:12,236.000000
planetlab2.cs.purdue.edu,planetlab3.eecs.umich.edu,file1KB.txt,2015/10/01 02:32:12,2015/10/01 02:32:12,323.000000
planetlab2.cs.purdue.edu,planetlab3.eecs.umich.edu,file256KB.txt,2015/10/01 02:32:12,2015/10/01 02:32:29,17391.000000
planetlab2.cs.purdue.edu,planetlab3.eecs.umich.edu,file512KB.txt,2015/10/01 02:32:29,2015/10/01 02:33:01,32480.000000
planetlab2.cs.purdue.edu,planetlab3.eecs.umich.edu,file1MB.txt,2015/10/01 02:33:01,2015/10/01 02:34:04,63087.000000
planetlab2.cs.uml.edu,planetlab3.eecs.umich.edu,file32B.txt,2015/10/01 02:34:46,2015/10/01 02:34:46,231.000000
planetlab2.cs.uml.edu,planetlab3.eecs.umich.edu,file1KB.txt,2015/10/01 02:34:46,2015/10/01 02:34:46,228.000000
planetlab2.cs.uml.edu,planetlab3.eecs.umich.edu,file256KB.txt,2015/10/01 02:34:46,2015/10/01 02:35:03,17290.000000
planetlab2.cs.uml.edu,planetlab3.eecs.umich.edu,file512KB.txt,2015/10/01 02:35:03,2015/10/01 02:35:36,32629.000000
planetlab2.cs.uml.edu,planetlab3.eecs.umich.edu,file1MB.txt,2015/10/01 02:35:36,2015/10/01 02:36:43,67087.000000
planetlab2.cs.unc.edu,planetlab3.eecs.umich.edu,file32B.txt,2015/10/01 02:36:43,2015/10/01 02:36:44,1702.000000
planetlab2.cs.unc.edu,planetlab3.eecs.umich.edu,file1KB.txt,2015/10/01 02:36:44,2015/10/01 02:36:44,276.000000
planetlab2.cs.unc.edu,planetlab3.eecs.umich.edu,file256KB.txt,2015/10/01 02:36:44,2015/10/01 02:37:03,18745.000000
planetlab2.cs.unc.edu,planetlab3.eecs.umich.edu,file512KB.txt,2015/10/01 02:37:03,2015/10/01 02:37:41,37933.000000
planetlab2.cs.unc.edu,planetlab3.eecs.umich.edu,file1MB.txt,2015/10/01 02:37:41,2015/10/01 02:38:58,77555.000000
planetlab2.cs.uoregon.edu,planetlab3.eecs.umich.edu,file32B.txt,2015/10/01 02:38:58,2015/10/01 02:38:58,483.000000
planetlab2.cs.uoregon.edu,planetlab3.eecs.umich.edu,file1KB.txt,2015/10/01 02:38:58,2015/10/01 02:38:58,421.000000
planetlab2.cs.uoregon.edu,planetlab3.eecs.umich.edu,file256KB.txt,2015/10/01 02:38:58,2015/10/01 02:39:29,31308.000000
planetlab2.cs.uoregon.edu,planetlab3.eecs.umich.edu,file512KB.txt,2015/10/01 02:39:29,2015/10/01 02:40:30,60861.000000
planetlab2.cs.uoregon.edu,planetlab3.eecs.umich.edu,file1MB.txt,2015/10/01 02:40:30,2015/10/01 02:42:32,122225.000000
planetlab2.temple.edu,planetlab3.eecs.umich.edu,file32B.txt,2015/10/01 02:42:32,2015/10/01 02:42:32,281.000000
planetlab2.temple.edu,planetlab3.eecs.umich.edu,file1KB.txt,2015/10/01 02:42:32,2015/10/01 02:42:33,1788.000000
planetlab2.temple.edu,planetlab3.eecs.umich.edu,file256KB.txt,2015/10/01 02:42:33,2015/10/01 02:42:51,17219.000000
planetlab2.temple.edu,planetlab3.eecs.umich.edu,file512KB.txt,2015/10/01 02:42:51,2015/10/01 02:43:28,37471.000000
planetlab2.temple.edu,planetlab3.eecs.umich.edu,file1MB.txt,2015/10/01 02:43:28,2015/10/01 02:44:39,70421.000000
planetlab2.unl.edu,planetlab3.eecs.umich.edu,file32B.txt,2015/10/01 02:44:39,2015/10/01 02:44:40,1782.000000
planetlab2.unl.edu,planetlab3.eecs.umich.edu,file1KB.txt,2015/10/01 02:44:40,2015/10/01 02:44:40,213.000000
planetlab2.unl.edu,planetlab3.eecs.umich.edu,file256KB.txt,2015/10/01 02:44:40,2015/10/01 02:44:55,14638.000000
planetlab2.unl.edu,planetlab3.eecs.umich.edu,file512KB.txt,2015/10/01 02:44:55,2015/10/01 02:45:26,31385.000000
planetlab2.unl.edu,planetlab3.eecs.umich.edu,file1MB.txt,2015/10/01 02:45:26,2015/10/01 02:46:27,60901.000000
planetlab2.unr.edu,planetlab3.eecs.umich.edu,file32B.txt,2015/10/01 02:46:27,2015/10/01 02:46:27,336.000000
planetlab2.unr.edu,planetlab3.eecs.umich.edu,file1KB.txt,2015/10/01 02:46:27,2015/10/01 02:46:28,1671.000000
planetlab2.unr.edu,planetlab3.eecs.umich.edu,file256KB.txt,2015/10/01 02:46:28,2015/10/01 02:46:52,23973.000000
planetlab2.unr.edu,planetlab3.eecs.umich.edu,file512KB.txt,2015/10/01 02:46:52,2015/10/01 02:47:40,48146.000000
planetlab2.unr.edu,planetlab3.eecs.umich.edu,file1MB.txt,2015/10/01 02:47:40,2015/10/01 02:49:15,94576.000000
planetlab2.uta.edu,planetlab3.eecs.umich.edu,file32B.txt,2015/10/01 02:49:15,2015/10/01 02:49:15,202.000000
planetlab2.uta.edu,planetlab3.eecs.umich.edu,file1KB.txt,2015/10/01 02:49:15,2015/10/01 02:49:15,192.000000
planetlab2.uta.edu,planetlab3.eecs.umich.edu,file256KB.txt,2015/10/01 02:49:15,2015/10/01 02:49:29,13958.000000
planetlab2.uta.edu,planetlab3.eecs.umich.edu,file512KB.txt,2015/10/01 02:49:29,2015/10/01 02:49:57,28014.000000
planetlab2.uta.edu,planetlab3.eecs.umich.edu,file1MB.txt,2015/10/01 02:49:57,2015/10/01 02:50:53,56000.000000
planetlab2.utdallas.edu,planetlab3.eecs.umich.edu,file32B.txt,2015/10/01 02:50:53,2015/10/01 02:50:54,1785.000000
planetlab2.utdallas.edu,planetlab3.eecs.umich.edu,file1KB.txt,2015/10/01 02:50:54,2015/10/01 02:50:54,193.000000
planetlab2.utdallas.edu,planetlab3.eecs.umich.edu,file256KB.txt,2015/10/01 02:50:54,2015/10/01 02:51:08,13919.000000
planetlab2.utdallas.edu,planetlab3.eecs.umich.edu,file512KB.txt,2015/10/01 02:51:08,2015/10/01 02:51:36,27986.000000
planetlab2.utdallas.edu,planetlab3.eecs.umich.edu,file1MB.txt,2015/10/01 02:51:36,2015/10/01 02:52:32,56115.000000
planetlab3.eecs.umich.edu,planetlab3.eecs.umich.edu,file32B.txt,2015/10/01 02:52:32,2015/10/01 02:52:32,4.000000
planetlab3.eecs.umich.edu,planetlab3.eecs.umich.edu,file1KB.txt,2015/10/01 02:52:32,2015/10/01 02:52:32,3.000000
planetlab3.eecs.umich.edu,planetlab3.eecs.umich.edu,file256KB.txt,2015/10/01 02:52:32,2015/10/01 02:52:32,25.000000
planetlab3.eecs.umich.edu,planetlab3.eecs.umich.edu,file512KB.txt,2015/10/01 02:52:32,2015/10/01 02:52:32,48.000000
planetlab3.eecs.umich.edu,planetlab3.eecs.umich.edu,file1MB.txt,2015/10/01 02:52:32,2015/10/01 02:52:32,90.000000
planetlab3.rutgers.edu,planetlab3.eecs.umich.edu,file32B.txt,2015/10/01 02:52:32,2015/10/01 02:52:32,340.000000
planetlab3.rutgers.edu,planetlab3.eecs.umich.edu,file1KB.txt,2015/10/01 02:52:32,2015/10/01 02:52:33,1784.000000
planetlab3.rutgers.edu,planetlab3.eecs.umich.edu,file256KB.txt,2015/10/01 02:52:33,2015/10/01 02:52:48,14455.000000
planetlab3.rutgers.edu,planetlab3.eecs.umich.edu,file512KB.txt,2015/10/01 02:52:48,2015/10/01 02:53:19,30939.000000
planetlab3.rutgers.edu,planetlab3.eecs.umich.edu,file1MB.txt,2015/10/01 02:53:19,2015/10/01 02:54:21,62042.000000
planetlab3.wail.wisc.edu,planetlab3.eecs.umich.edu,file32B.txt,2015/10/01 02:54:21,2015/10/01 02:54:21,202.000000
planetlab3.wail.wisc.edu,planetlab3.eecs.umich.edu,file1KB.txt,2015/10/01 02:54:21,2015/10/01 02:54:21,170.000000
planetlab3.wail.wisc.edu,planetlab3.eecs.umich.edu,file256KB.txt,2015/10/01 02:54:21,2015/10/01 02:54:34,13594.000000
planetlab3.wail.wisc.edu,planetlab3.eecs.umich.edu,file512KB.txt,2015/10/01 02:54:34,2015/10/01 02:54:59,25319.000000
planetlab3.wail.wisc.edu,planetlab3.eecs.umich.edu,file1MB.txt,2015/10/01 02:54:59,2015/10/01 02:55:48,48578.000000
planetlab4.tamu.edu,planetlab3.eecs.umich.edu,file32B.txt,2015/10/01 02:55:48,2015/10/01 02:55:48,237.000000
planetlab4.tamu.edu,planetlab3.eecs.umich.edu,file1KB.txt,2015/10/01 02:55:48,2015/10/01 02:55:48,224.000000
planetlab4.tamu.edu,planetlab3.eecs.umich.edu,file256KB.txt,2015/10/01 02:55:48,2015/10/01 02:56:05,17586.000000
planetlab4.tamu.edu,planetlab3.eecs.umich.edu,file512KB.txt,2015/10/01 02:56:05,2015/10/01 02:56:37,31341.000000
planetlab4.tamu.edu,planetlab3.eecs.umich.edu,file1MB.txt,2015/10/01 02:56:37,2015/10/01 02:57:43,66789.000000
planetlab-5.eecs.cwru.edu,planetlab3.eecs.umich.edu,file32B.txt,2015/10/01 02:57:43,2015/10/01 02:57:43,190.000000
planetlab-5.eecs.cwru.edu,planetlab3.eecs.umich.edu,file1KB.txt,2015/10/01 02:57:43,2015/10/01 02:57:43,183.000000
planetlab-5.eecs.cwru.edu,planetlab3.eecs.umich.edu,file256KB.txt,2015/10/01 02:57:43,2015/10/01 02:57:56,12595.000000
planetlab-5.eecs.cwru.edu,planetlab3.eecs.umich.edu,file512KB.txt,2015/10/01 02:57:56,2015/10/01 02:58:23,27328.000000
planetlab-5.eecs.cwru.edu,planetlab3.eecs.umich.edu,file1MB.txt,2015/10/01 02:58:23,2015/10/01 02:59:17,54314.000000
planetlabone.ccs.neu.edu,planetlab3.eecs.umich.edu,file32B.txt,2015/10/01 02:59:17,2015/10/01 02:59:17,404.000000
planetlabone.ccs.neu.edu,planetlab3.eecs.umich.edu,file1KB.txt,2015/10/01 02:59:17,2015/10/01 02:59:17,210.000000
planetlabone.ccs.neu.edu,planetlab3.eecs.umich.edu,file256KB.txt,2015/10/01 02:59:17,2015/10/01 02:59:40,23185.000000
planetlabone.ccs.neu.edu,planetlab3.eecs.umich.edu,file512KB.txt,2015/10/01 02:59:40,2015/10/01 03:00:32,52297.000000
planetlabone.ccs.neu.edu,planetlab3.eecs.umich.edu,file1MB.txt,2015/10/01 03:00:32,2015/10/01 03:02:09,97249.000000
pl-node-0.csl.sri.com,planetlab3.eecs.umich.edu,file32B.txt,2015/10/01 03:02:09,2015/10/01 03:02:09,769.000000
pl-node-0.csl.sri.com,planetlab3.eecs.umich.edu,file1KB.txt,2015/10/01 03:02:09,2015/10/01 03:02:10,1456.000000
pl-node-0.csl.sri.com,planetlab3.eecs.umich.edu,file256KB.txt,2015/10/01 03:02:10,2015/10/01 03:02:52,42368.000000
pl-node-0.csl.sri.com,planetlab3.eecs.umich.edu,file512KB.txt,2015/10/01 03:02:52,2015/10/01 03:04:15,82808.000000
pl-node-0.csl.sri.com,planetlab3.eecs.umich.edu,file1MB.txt,2015/10/01 03:04:15,2015/10/01 03:07:01,166268.000000
ricepl-5.cs.rice.edu,planetlab3.eecs.umich.edu,file32B.txt,2015/10/01 03:07:01,2015/10/01 03:07:01,315.000000
ricepl-5.cs.rice.edu,planetlab3.eecs.umich.edu,file1KB.txt,2015/10/01 03:07:01,2015/10/01 03:07:01,228.000000
ricepl-5.cs.rice.edu,planetlab3.eecs.umich.edu,file256KB.txt,2015/10/01 03:07:01,2015/10/01 03:07:18,17309.000000
ricepl-5.cs.rice.edu,planetlab3.eecs.umich.edu,file512KB.txt,2015/10/01 03:07:18,2015/10/01 03:07:51,33163.000000
ricepl-5.cs.rice.edu,planetlab3.eecs.umich.edu,file1MB.txt,2015/10/01 03:07:51,2015/10/01 03:08:58,67030.000000
salt.planetlab.cs.umd.edu,planetlab3.eecs.umich.edu,file32B.txt,2015/10/01 03:08:58,2015/10/01 03:08:58,251.000000
salt.planetlab.cs.umd.edu,planetlab3.eecs.umich.edu,file1KB.txt,2015/10/01 03:08:58,2015/10/01 03:08:58,191.000000
salt.planetlab.cs.umd.edu,planetlab3.eecs.umich.edu,file256KB.txt,2015/10/01 03:08:58,2015/10/01 03:09:12,14462.000000
salt.planetlab.cs.umd.edu,planetlab3.eecs.umich.edu,file512KB.txt,2015/10/01 03:09:12,2015/10/01 03:09:39,27113.000000
salt.planetlab.cs.umd.edu,planetlab3.eecs.umich.edu,file1MB.txt,2015/10/01 03:09:39,2015/10/01 03:10:33,54022.000000
pl1.eecs.utk.edu,planetlab3.eecs.umich.edu,file32B.txt,2015/10/01 03:10:33,2015/10/01 03:10:34,1251.000000
pl1.eecs.utk.edu,planetlab3.eecs.umich.edu,file1KB.txt,2015/10/01 03:10:34,2015/10/01 03:10:35,713.000000
pl1.eecs.utk.edu,planetlab3.eecs.umich.edu,file256KB.txt,2015/10/01 03:10:35,2015/10/01 03:11:52,77029.000000
pl1.eecs.utk.edu,planetlab3.eecs.umich.edu,file512KB.txt,2015/10/01 03:11:52,2015/10/01 03:14:00,127797.000000
pl1.eecs.utk.edu,planetlab3.eecs.umich.edu,file1MB.txt,2015/10/01 03:14:00,2015/10/01 03:19:50,-349849.000000
planetlab-01.vt.nodes.planet-lab.org,planetlab3.eecs.umich.edu,file32B.txt,2015/10/01 03:19:50,2015/10/01 03:19:50,292.000000
planetlab-01.vt.nodes.planet-lab.org,planetlab3.eecs.umich.edu,file1KB.txt,2015/10/01 03:19:50,2015/10/01 03:19:51,1757.000000
planetlab-01.vt.nodes.planet-lab.org,planetlab3.eecs.umich.edu,file256KB.txt,2015/10/01 03:19:51,2015/10/01 03:20:09,18001.000000
planetlab-01.vt.nodes.planet-lab.org,planetlab3.eecs.umich.edu,file512KB.txt,2015/10/01 03:20:09,2015/10/01 03:20:44,34691.000000
planetlab-01.vt.nodes.planet-lab.org,planetlab3.eecs.umich.edu,file1MB.txt,2015/10/01 03:20:44,2015/10/01 03:21:54,69749.000000
planetlab-04.vt.nodes.planet-lab.org,planetlab3.eecs.umich.edu,file32B.txt,2015/10/01 03:21:54,2015/10/01 03:21:55,1581.000000
planetlab-04.vt.nodes.planet-lab.org,planetlab3.eecs.umich.edu,file1KB.txt,2015/10/01 03:21:55,2015/10/01 03:21:55,244.000000
planetlab-04.vt.nodes.planet-lab.org,planetlab3.eecs.umich.edu,file256KB.txt,2015/10/01 03:21:55,2015/10/01 03:22:13,18188.000000
planetlab-04.vt.nodes.planet-lab.org,planetlab3.eecs.umich.edu,file512KB.txt,2015/10/01 03:22:13,2015/10/01 03:22:48,34737.000000
planetlab-04.vt.nodes.planet-lab.org,planetlab3.eecs.umich.edu,file1MB.txt,2015/10/01 03:22:48,2015/10/01 03:23:58,69552.000000
planetlab-4.eecs.cwru.edu,planetlab3.eecs.umich.edu,file32B.txt,2015/10/01 03:23:58,2015/10/01 03:23:59,1796.000000
planetlab-4.eecs.cwru.edu,planetlab3.eecs.umich.edu,file1KB.txt,2015/10/01 03:23:59,2015/10/01 03:23:59,183.000000
planetlab-4.eecs.cwru.edu,planetlab3.eecs.umich.edu,file256KB.txt,2015/10/01 03:23:59,2015/10/01 03:24:12,12554.000000
planetlab-4.eecs.cwru.edu,planetlab3.eecs.umich.edu,file512KB.txt,2015/10/01 03:24:12,2015/10/01 03:24:39,27102.000000
planetlab-4.eecs.cwru.edu,planetlab3.eecs.umich.edu,file1MB.txt,2015/10/01 03:24:39,2015/10/01 03:25:33,53919.000000
planetlab01.cs.washington.edu,planetlab3.eecs.umich.edu,file32B.txt,2015/10/01 03:25:33,2015/10/01 03:25:34,1609.000000
planetlab01.cs.washington.edu,planetlab3.eecs.umich.edu,file1KB.txt,2015/10/01 03:25:34,2015/10/01 03:25:34,382.000000
planetlab01.cs.washington.edu,planetlab3.eecs.umich.edu,file256KB.txt,2015/10/01 03:25:34,2015/10/01 03:26:02,28048.000000
planetlab01.cs.washington.edu,planetlab3.eecs.umich.edu,file512KB.txt,2015/10/01 03:26:02,2015/10/01 03:26:59,56919.000000
planetlab01.cs.washington.edu,planetlab3.eecs.umich.edu,file1MB.txt,2015/10/01 03:26:59,2015/10/01 03:28:50,111075.000000
planetlab02.cs.washington.edu,planetlab3.eecs.umich.edu,file32B.txt,2015/10/01 03:28:50,2015/10/01 03:28:50,389.000000
planetlab02.cs.washington.edu,planetlab3.eecs.umich.edu,file1KB.txt,2015/10/01 03:28:50,2015/10/01 03:28:51,1619.000000
planetlab02.cs.washington.edu,planetlab3.eecs.umich.edu,file256KB.txt,2015/10/01 03:28:51,2015/10/01 03:29:19,27327.000000
planetlab02.cs.washington.edu,planetlab3.eecs.umich.edu,file512KB.txt,2015/10/01 03:29:19,2015/10/01 03:30:15,56140.000000
planetlab02.cs.washington.edu,planetlab3.eecs.umich.edu,file1MB.txt,2015/10/01 03:30:15,2015/10/01 03:32:08,113206.000000
planetlab1.arizona-gigapop.net,planetlab3.eecs.umich.edu,file32B.txt,2015/10/01 03:32:08,2015/10/01 03:32:09,1521.000000
planetlab1.arizona-gigapop.net,planetlab3.eecs.umich.edu,file1KB.txt,2015/10/01 03:32:09,2015/10/01 03:32:09,376.000000
planetlab1.arizona-gigapop.net,planetlab3.eecs.umich.edu,file256KB.txt,2015/10/01 03:32:09,2015/10/01 03:32:37,28363.000000
planetlab1.arizona-gigapop.net,planetlab3.eecs.umich.edu,file512KB.txt,2015/10/01 03:32:37,2015/10/01 03:33:32,54965.000000
planetlab1.arizona-gigapop.net,planetlab3.eecs.umich.edu,file1MB.txt,2015/10/01 03:33:32,2015/10/01 03:35:21,108176.000000
planetlab1.cs.unc.edu,planetlab3.eecs.umich.edu,file32B.txt,2015/10/01 03:35:21,2015/10/01 03:35:22,1740.000000
planetlab1.cs.unc.edu,planetlab3.eecs.umich.edu,file1KB.txt,2015/10/01 03:35:22,2015/10/01 03:35:22,248.000000
planetlab1.cs.unc.edu,planetlab3.eecs.umich.edu,file256KB.txt,2015/10/01 03:35:22,2015/10/01 03:35:40,17758.000000
planetlab1.cs.unc.edu,planetlab3.eecs.umich.edu,file512KB.txt,2015/10/01 03:35:40,2015/10/01 03:36:16,35742.000000
planetlab1.cs.unc.edu,planetlab3.eecs.umich.edu,file1MB.txt,2015/10/01 03:36:16,2015/10/01 03:37:29,73526.000000
planet3.cc.gt.atl.ga.us,planetlab3.eecs.umich.edu,file32B.txt,2015/10/01 03:37:29,2015/10/01 03:37:29,207.000000
planet3.cc.gt.atl.ga.us,planetlab3.eecs.umich.edu,file1KB.txt,2015/10/01 03:37:29,2015/10/01 03:37:30,1822.000000
planet3.cc.gt.atl.ga.us,planetlab3.eecs.umich.edu,file256KB.txt,2015/10/01 03:37:30,2015/10/01 03:37:42,11079.000000
planet3.cc.gt.atl.ga.us,planetlab3.eecs.umich.edu,file512KB.txt,2015/10/01 03:37:42,2015/10/01 03:38:08,26295.000000
planet3.cc.gt.atl.ga.us,planetlab3.eecs.umich.edu,file1MB.txt,2015/10/01 03:38:08,2015/10/01 03:39:00,52516.000000
