planetlab1.unr.edu,planetlab2.uta.edu,file32B.txt,2015/09/30 21:12:47,2015/09/30 21:12:47,446.000000
planetlab1.unr.edu,planetlab2.uta.edu,file1KB.txt,2015/09/30 21:12:47,2015/09/30 21:12:48,1574.000000
planetlab1.unr.edu,planetlab2.uta.edu,file256KB.txt,2015/09/30 21:12:48,2015/09/30 21:13:08,19204.000000
planetlab1.unr.edu,planetlab2.uta.edu,file512KB.txt,2015/09/30 21:13:08,2015/09/30 21:13:50,42848.000000
planetlab1.unr.edu,planetlab2.uta.edu,file1MB.txt,2015/09/30 21:13:50,2015/09/30 21:15:12,82126.000000
pl2.cs.unm.edu,planetlab2.uta.edu,file32B.txt,2015/09/30 21:15:12,2015/09/30 21:15:17,4443.000000
pl2.cs.unm.edu,planetlab2.uta.edu,file1KB.txt,2015/09/30 21:15:17,2015/09/30 21:15:23,6265.000000
pl2.cs.unm.edu,planetlab2.uta.edu,file256KB.txt,2015/09/30 21:15:23,2015/09/30 21:15:59,36234.000000
pl2.cs.unm.edu,planetlab2.uta.edu,file512KB.txt,2015/09/30 21:15:59,2015/09/30 21:17:17,77630.000000
pl2.cs.unm.edu,planetlab2.uta.edu,file1MB.txt,2015/09/30 21:17:17,2015/09/30 21:19:43,145913.000000
planetlab2.cnis.nyit.edu,planetlab2.uta.edu,file32B.txt,2015/09/30 21:19:43,2015/09/30 21:19:45,2436.000000
planetlab2.cnis.nyit.edu,planetlab2.uta.edu,file1KB.txt,2015/09/30 21:19:45,2015/09/30 21:19:55,9372.000000
planetlab2.cnis.nyit.edu,planetlab2.uta.edu,file256KB.txt,2015/09/30 21:19:55,2015/09/30 21:20:24,29500.000000
planetlab2.cnis.nyit.edu,planetlab2.uta.edu,file512KB.txt,2015/09/30 21:20:24,2015/09/30 21:21:21,-56925.000000
planetlab2.cnis.nyit.edu,planetlab2.uta.edu,file1MB.txt,2015/09/30 21:21:21,2015/09/30 21:23:36,134452.000000
planetlab2.rutgers.edu,planetlab2.uta.edu,file32B.txt,2015/09/30 21:23:36,2015/09/30 21:23:52,16175.000000
planetlab2.rutgers.edu,planetlab2.uta.edu,file1KB.txt,2015/09/30 21:23:52,2015/09/30 21:23:59,6709.000000
planetlab2.rutgers.edu,planetlab2.uta.edu,file256KB.txt,2015/09/30 21:23:59,2015/09/30 21:50:36,1597346.000000
planetlab2.rutgers.edu,planetlab2.uta.edu,file512KB.txt,2015/09/30 21:50:36,2015/09/30 22:34:01,1690006.000000
planetlab2.rutgers.edu,planetlab2.uta.edu,file1MB.txt,2015/09/30 22:34:01,2015/09/30 23:26:17,-1159027.000000
planetlab2.cs.du.edu,planetlab2.uta.edu,file32B.txt,2015/09/30 23:26:17,2015/09/30 23:26:18,1377.000000
planetlab2.cs.du.edu,planetlab2.uta.edu,file1KB.txt,2015/09/30 23:26:18,2015/09/30 23:26:18,559.000000
planetlab2.cs.du.edu,planetlab2.uta.edu,file256KB.txt,2015/09/30 23:26:18,2015/09/30 23:26:47,29629.000000
planetlab2.cs.du.edu,planetlab2.uta.edu,file512KB.txt,2015/09/30 23:26:47,2015/09/30 23:27:37,49625.000000
planetlab2.cs.du.edu,planetlab2.uta.edu,file1MB.txt,2015/09/30 23:27:37,2015/09/30 23:29:09,92095.000000
planetlab2.ucsd.edu,planetlab2.uta.edu,file32B.txt,2015/09/30 23:29:09,2015/09/30 23:29:10,1545.000000
planetlab2.ucsd.edu,planetlab2.uta.edu,file1KB.txt,2015/09/30 23:29:10,2015/09/30 23:29:10,441.000000
planetlab2.ucsd.edu,planetlab2.uta.edu,file256KB.txt,2015/09/30 23:29:10,2015/09/30 23:29:32,22283.000000
planetlab2.ucsd.edu,planetlab2.uta.edu,file512KB.txt,2015/09/30 23:29:32,2015/09/30 23:30:20,47887.000000
planetlab2.ucsd.edu,planetlab2.uta.edu,file1MB.txt,2015/09/30 23:30:20,2015/09/30 23:31:50,89382.000000
planetlab3.cs.uoregon.edu,planetlab2.uta.edu,file32B.txt,2015/09/30 23:31:50,2015/09/30 23:31:51,1418.000000
planetlab3.cs.uoregon.edu,planetlab2.uta.edu,file1KB.txt,2015/09/30 23:31:51,2015/09/30 23:31:52,1013.000000
planetlab3.cs.uoregon.edu,planetlab2.uta.edu,file256KB.txt,2015/09/30 23:31:52,2015/09/30 23:32:36,43498.000000
planetlab3.cs.uoregon.edu,planetlab2.uta.edu,file512KB.txt,2015/09/30 23:32:36,2015/09/30 23:34:06,90188.000000
planetlab3.cs.uoregon.edu,planetlab2.uta.edu,file1MB.txt,2015/09/30 23:34:06,2015/09/30 23:37:01,174935.000000
planetlab-01.bu.edu,planetlab2.uta.edu,file32B.txt,2015/09/30 23:37:01,2015/09/30 23:37:02,1159.000000
planetlab-01.bu.edu,planetlab2.uta.edu,file1KB.txt,2015/09/30 23:37:02,2015/09/30 23:37:06,4356.000000
planetlab-01.bu.edu,planetlab2.uta.edu,file256KB.txt,2015/09/30 23:37:06,2015/09/30 23:37:47,40668.000000
planetlab-01.bu.edu,planetlab2.uta.edu,file512KB.txt,2015/09/30 23:37:47,2015/09/30 23:39:11,84474.000000
planetlab-01.bu.edu,planetlab2.uta.edu,file1MB.txt,2015/09/30 23:39:11,2015/09/30 23:41:51,159778.000000
planetlab4.cnds.jhu.edu,planetlab2.uta.edu,file32B.txt,2015/09/30 23:41:51,2015/09/30 23:41:56,4485.000000
planetlab4.cnds.jhu.edu,planetlab2.uta.edu,file1KB.txt,2015/09/30 23:41:56,2015/09/30 23:42:03,7822.000000
planetlab4.cnds.jhu.edu,planetlab2.uta.edu,file256KB.txt,2015/09/30 23:42:03,2015/09/30 23:42:27,23119.000000
planetlab4.cnds.jhu.edu,planetlab2.uta.edu,file512KB.txt,2015/09/30 23:42:27,2015/09/30 23:43:15,48211.000000
planetlab4.cnds.jhu.edu,planetlab2.uta.edu,file1MB.txt,2015/09/30 23:43:15,2015/09/30 23:44:51,-96687.000000
planetlabtwo.ccs.neu.edu,planetlab2.uta.edu,file32B.txt,2015/09/30 23:44:51,2015/09/30 23:44:51,506.000000
planetlabtwo.ccs.neu.edu,planetlab2.uta.edu,file1KB.txt,2015/09/30 23:44:51,2015/09/30 23:44:52,1406.000000
planetlabtwo.ccs.neu.edu,planetlab2.uta.edu,file256KB.txt,2015/09/30 23:44:52,2015/09/30 23:45:15,22797.000000
planetlabtwo.ccs.neu.edu,planetlab2.uta.edu,file512KB.txt,2015/09/30 23:45:15,2015/09/30 23:46:01,46012.000000
planetlabtwo.ccs.neu.edu,planetlab2.uta.edu,file1MB.txt,2015/09/30 23:46:01,2015/09/30 23:47:32,90398.000000
planetlab1.cs.purdue.edu,planetlab2.uta.edu,file32B.txt,2015/09/30 23:47:32,2015/09/30 23:47:40,8440.000000
planetlab1.cs.purdue.edu,planetlab2.uta.edu,file1KB.txt,2015/09/30 23:47:40,2015/09/30 23:47:45,5023.000000
planetlab1.cs.purdue.edu,planetlab2.uta.edu,file256KB.txt,2015/09/30 23:47:45,2015/10/01 00:04:28,1002523.000000
planetlab1.cs.purdue.edu,planetlab2.uta.edu,file512KB.txt,2015/10/01 00:04:28,2015/10/01 00:35:11,1843720.000000
planetlab1.cs.purdue.edu,planetlab2.uta.edu,file1MB.txt,2015/10/01 00:35:11,2015/10/01 01:16:35,1811310.000000
planetlab2.tsuniv.edu,planetlab2.uta.edu,file32B.txt,2015/10/01 01:16:35,2015/10/01 01:16:39,4505.000000
planetlab2.tsuniv.edu,planetlab2.uta.edu,file1KB.txt,2015/10/01 01:16:39,2015/10/01 01:16:43,3354.000000
planetlab2.tsuniv.edu,planetlab2.uta.edu,file256KB.txt,2015/10/01 01:16:43,2015/10/01 01:20:45,242714.000000
planetlab2.tsuniv.edu,planetlab2.uta.edu,file512KB.txt,2015/10/01 01:20:45,2015/10/01 01:26:22,336778.000000
planetlab2.tsuniv.edu,planetlab2.uta.edu,file1MB.txt,2015/10/01 01:26:22,2015/10/01 01:33:59,456339.000000
planetlab1.tsuniv.edu,planetlab2.uta.edu,file32B.txt,2015/10/01 01:33:59,2015/10/01 01:34:10,11892.000000
planetlab1.tsuniv.edu,planetlab2.uta.edu,file1KB.txt,2015/10/01 01:34:10,2015/10/01 01:34:18,7722.000000
planetlab1.tsuniv.edu,planetlab2.uta.edu,file256KB.txt,2015/10/01 01:34:18,2015/10/01 01:39:33,314664.000000
planetlab1.tsuniv.edu,planetlab2.uta.edu,file512KB.txt,2015/10/01 01:39:33,2015/10/01 01:52:48,795293.000000
planetlab1.tsuniv.edu,planetlab2.uta.edu,file1MB.txt,2015/10/01 01:52:48,2015/10/01 02:25:27,-1959066.000000
planetlab3.ucsd.edu,planetlab2.uta.edu,file32B.txt,2015/10/01 02:25:27,2015/10/01 02:25:27,590.000000
planetlab3.ucsd.edu,planetlab2.uta.edu,file1KB.txt,2015/10/01 02:25:27,2015/10/01 02:25:28,1434.000000
planetlab3.ucsd.edu,planetlab2.uta.edu,file256KB.txt,2015/10/01 02:25:28,2015/10/01 02:25:58,29693.000000
planetlab3.ucsd.edu,planetlab2.uta.edu,file512KB.txt,2015/10/01 02:25:58,2015/10/01 02:27:07,68742.000000
planetlab3.ucsd.edu,planetlab2.uta.edu,file1MB.txt,2015/10/01 02:27:07,2015/10/01 02:29:18,131457.000000
node2.planetlab.mathcs.emory.edu,planetlab2.uta.edu,file32B.txt,2015/10/01 02:29:19,2015/10/01 02:29:20,1539.000000
node2.planetlab.mathcs.emory.edu,planetlab2.uta.edu,file1KB.txt,2015/10/01 02:29:20,2015/10/01 02:29:20,527.000000
node2.planetlab.mathcs.emory.edu,planetlab2.uta.edu,file256KB.txt,2015/10/01 02:29:20,2015/10/01 02:29:42,22537.000000
node2.planetlab.mathcs.emory.edu,planetlab2.uta.edu,file512KB.txt,2015/10/01 02:29:42,2015/10/01 02:30:24,41796.000000
node2.planetlab.mathcs.emory.edu,planetlab2.uta.edu,file1MB.txt,2015/10/01 02:30:24,2015/10/01 02:31:49,84522.000000
planetlab5.csee.usf.edu,planetlab2.uta.edu,file32B.txt,2015/10/01 02:31:49,2015/10/01 02:31:50,1479.000000
planetlab5.csee.usf.edu,planetlab2.uta.edu,file1KB.txt,2015/10/01 02:31:50,2015/10/01 02:31:51,1442.000000
planetlab5.csee.usf.edu,planetlab2.uta.edu,file256KB.txt,2015/10/01 02:31:51,2015/10/01 02:32:23,31420.000000
planetlab5.csee.usf.edu,planetlab2.uta.edu,file512KB.txt,2015/10/01 02:32:23,2015/10/01 02:33:32,68816.000000
planetlab5.csee.usf.edu,planetlab2.uta.edu,file1MB.txt,2015/10/01 02:33:32,2015/10/01 02:36:04,152673.000000
planetlab1.emich.edu,planetlab2.uta.edu,file32B.txt,2015/10/01 02:36:04,2015/10/01 02:36:04,457.000000
planetlab1.emich.edu,planetlab2.uta.edu,file1KB.txt,2015/10/01 02:36:04,2015/10/01 02:36:10,6460.000000
planetlab1.emich.edu,planetlab2.uta.edu,file256KB.txt,2015/10/01 02:36:10,2015/10/01 02:36:32,21604.000000
planetlab1.emich.edu,planetlab2.uta.edu,file512KB.txt,2015/10/01 02:36:32,2015/10/01 02:37:16,43698.000000
planetlab1.emich.edu,planetlab2.uta.edu,file1MB.txt,2015/10/01 02:37:16,2015/10/01 02:38:45,89801.000000
ebb.colgate.edu,planetlab2.uta.edu,file32B.txt,2015/10/01 02:38:51,2015/10/01 02:38:52,1168.000000
ebb.colgate.edu,planetlab2.uta.edu,file1KB.txt,2015/10/01 02:38:52,2015/10/01 02:39:02,9381.000000
ebb.colgate.edu,planetlab2.uta.edu,file256KB.txt,2015/10/01 02:39:02,2015/10/01 02:39:57,54972.000000
ebb.colgate.edu,planetlab2.uta.edu,file512KB.txt,2015/10/01 02:39:57,2015/10/01 02:41:30,92901.000000
ebb.colgate.edu,planetlab2.uta.edu,file1MB.txt,2015/10/01 02:41:30,2015/10/01 02:44:59,208995.000000
kc-sce-plab2.umkc.edu,planetlab2.uta.edu,file32B.txt,2015/10/01 02:44:59,2015/10/01 02:45:04,5063.000000
kc-sce-plab2.umkc.edu,planetlab2.uta.edu,file1KB.txt,2015/10/01 02:45:04,2015/10/01 02:45:05,1184.000000
kc-sce-plab2.umkc.edu,planetlab2.uta.edu,file256KB.txt,2015/10/01 02:45:05,2015/10/01 02:47:03,118537.000000
kc-sce-plab2.umkc.edu,planetlab2.uta.edu,file512KB.txt,2015/10/01 02:47:03,2015/10/01 02:51:00,237092.000000
kc-sce-plab2.umkc.edu,planetlab2.uta.edu,file1MB.txt,2015/10/01 02:51:00,2015/10/01 03:03:21,740234.000000
node1.planetlab.mathcs.emory.edu,planetlab2.uta.edu,file32B.txt,2015/10/01 03:03:21,2015/10/01 03:03:22,1539.000000
node1.planetlab.mathcs.emory.edu,planetlab2.uta.edu,file1KB.txt,2015/10/01 03:03:22,2015/10/01 03:03:27,4484.000000
node1.planetlab.mathcs.emory.edu,planetlab2.uta.edu,file256KB.txt,2015/10/01 03:03:27,2015/10/01 03:03:49,22642.000000
node1.planetlab.mathcs.emory.edu,planetlab2.uta.edu,file512KB.txt,2015/10/01 03:03:49,2015/10/01 03:04:36,46724.000000
node1.planetlab.mathcs.emory.edu,planetlab2.uta.edu,file1MB.txt,2015/10/01 03:04:36,2015/10/01 03:06:02,86261.000000
pl1.cs.montana.edu,planetlab2.uta.edu,file32B.txt,2015/10/01 03:06:02,2015/10/01 03:06:02,731.000000
pl1.cs.montana.edu,planetlab2.uta.edu,file1KB.txt,2015/10/01 03:06:02,2015/10/01 03:06:03,1177.000000
pl1.cs.montana.edu,planetlab2.uta.edu,file256KB.txt,2015/10/01 03:06:03,2015/10/01 03:06:49,45910.000000
pl1.cs.montana.edu,planetlab2.uta.edu,file512KB.txt,2015/10/01 03:06:49,2015/10/01 03:08:21,92433.000000
pl1.cs.montana.edu,planetlab2.uta.edu,file1MB.txt,2015/10/01 03:08:21,2015/10/01 03:11:23,181611.000000
plab3.eece.ksu.edu,planetlab2.uta.edu,file32B.txt,2015/10/01 03:11:45,2015/10/01 03:11:48,2329.000000
plab3.eece.ksu.edu,planetlab2.uta.edu,file1KB.txt,2015/10/01 03:11:48,2015/10/01 03:11:49,1652.000000
plab3.eece.ksu.edu,planetlab2.uta.edu,file256KB.txt,2015/10/01 03:11:49,2015/10/01 03:12:09,19935.000000
plab3.eece.ksu.edu,planetlab2.uta.edu,file512KB.txt,2015/10/01 03:12:09,2015/10/01 03:12:39,29569.000000
plab3.eece.ksu.edu,planetlab2.uta.edu,file1MB.txt,2015/10/01 03:12:39,2015/10/01 03:13:41,62250.000000
planet3.cc.gt.atl.ga.us,planetlab2.uta.edu,file32B.txt,2015/10/01 03:13:41,2015/10/01 03:13:41,515.000000
planet3.cc.gt.atl.ga.us,planetlab2.uta.edu,file1KB.txt,2015/10/01 03:13:41,2015/10/01 03:13:42,1452.000000
planet3.cc.gt.atl.ga.us,planetlab2.uta.edu,file256KB.txt,2015/10/01 03:13:42,2015/10/01 03:14:13,30789.000000
planet3.cc.gt.atl.ga.us,planetlab2.uta.edu,file512KB.txt,2015/10/01 03:14:13,2015/10/01 03:15:12,58777.000000
planet3.cc.gt.atl.ga.us,planetlab2.uta.edu,file1MB.txt,2015/10/01 03:15:12,2015/10/01 03:17:12,120646.000000
planetlab-02.bu.edu,planetlab2.uta.edu,file32B.txt,2015/10/01 03:17:12,2015/10/01 03:17:14,2150.000000
planetlab-02.bu.edu,planetlab2.uta.edu,file1KB.txt,2015/10/01 03:17:14,2015/10/01 03:17:15,1370.000000
planetlab-02.bu.edu,planetlab2.uta.edu,file256KB.txt,2015/10/01 03:17:15,2015/10/01 03:17:54,38895.000000
planetlab-02.bu.edu,planetlab2.uta.edu,file512KB.txt,2015/10/01 03:17:54,2015/10/01 03:19:10,-75677.000000
planetlab-02.bu.edu,planetlab2.uta.edu,file1MB.txt,2015/10/01 03:19:10,2015/10/01 03:21:44,153815.000000
planetlab1.clemson.edu,planetlab2.uta.edu,file32B.txt,2015/10/01 03:22:06,2015/10/01 03:22:09,2364.000000
planetlab1.clemson.edu,planetlab2.uta.edu,file1KB.txt,2015/10/01 03:22:09,2015/10/01 03:22:10,1481.000000
planetlab1.clemson.edu,planetlab2.uta.edu,file256KB.txt,2015/10/01 03:22:10,2015/10/01 03:22:40,30366.000000
planetlab1.clemson.edu,planetlab2.uta.edu,file512KB.txt,2015/10/01 03:22:40,2015/10/01 03:23:36,55229.000000
planetlab1.clemson.edu,planetlab2.uta.edu,file1MB.txt,2015/10/01 03:23:36,2015/10/01 03:25:31,115016.000000
planetlab1.cs.du.edu,planetlab2.uta.edu,file32B.txt,2015/10/01 03:25:32,2015/10/01 03:25:42,9535.000000
planetlab1.cs.du.edu,planetlab2.uta.edu,file1KB.txt,2015/10/01 03:25:42,2015/10/01 03:25:43,1476.000000
planetlab1.cs.du.edu,planetlab2.uta.edu,file256KB.txt,2015/10/01 03:25:43,2015/10/01 03:26:06,22856.000000
planetlab1.cs.du.edu,planetlab2.uta.edu,file512KB.txt,2015/10/01 03:26:06,2015/10/01 03:26:57,51014.000000
planetlab1.cs.du.edu,planetlab2.uta.edu,file1MB.txt,2015/10/01 03:26:57,2015/10/01 03:28:33,95746.000000
planetlab-1.cse.ohio-state.edu,planetlab2.uta.edu,file32B.txt,2015/10/01 03:28:34,2015/10/01 03:28:36,1825.000000
planetlab-1.cse.ohio-state.edu,planetlab2.uta.edu,file1KB.txt,2015/10/01 03:28:36,2015/10/01 03:28:37,316.000000
planetlab-1.cse.ohio-state.edu,planetlab2.uta.edu,file256KB.txt,2015/10/01 03:28:37,2015/10/01 03:51:29,1372420.000000
