planetlab1.unr.edu,planetlab2.arizona-gigapop.net,file32B.txt,2015/09/30 21:08:13,2015/09/30 21:08:13,333.000000
planetlab1.unr.edu,planetlab2.arizona-gigapop.net,file1KB.txt,2015/09/30 21:08:13,2015/09/30 21:08:13,246.000000
planetlab1.unr.edu,planetlab2.arizona-gigapop.net,file256KB.txt,2015/09/30 21:08:13,2015/09/30 21:08:31,17961.000000
planetlab1.unr.edu,planetlab2.arizona-gigapop.net,file512KB.txt,2015/09/30 21:08:31,2015/09/30 21:09:07,35984.000000
planetlab1.unr.edu,planetlab2.arizona-gigapop.net,file1MB.txt,2015/09/30 21:09:07,2015/09/30 21:10:19,72501.000000
pl2.cs.unm.edu,planetlab2.arizona-gigapop.net,file32B.txt,2015/09/30 21:10:19,2015/09/30 21:10:19,636.000000
pl2.cs.unm.edu,planetlab2.arizona-gigapop.net,file1KB.txt,2015/09/30 21:10:19,2015/09/30 21:10:20,1447.000000
pl2.cs.unm.edu,planetlab2.arizona-gigapop.net,file256KB.txt,2015/09/30 21:10:20,2015/09/30 21:11:01,41203.000000
pl2.cs.unm.edu,planetlab2.arizona-gigapop.net,file512KB.txt,2015/09/30 21:11:01,2015/09/30 21:12:22,80235.000000
pl2.cs.unm.edu,planetlab2.arizona-gigapop.net,file1MB.txt,2015/09/30 21:12:22,2015/09/30 21:15:05,163836.000000
planetlab2.cnis.nyit.edu,planetlab2.arizona-gigapop.net,file32B.txt,2015/09/30 21:15:05,2015/09/30 21:15:05,695.000000
planetlab2.cnis.nyit.edu,planetlab2.arizona-gigapop.net,file1KB.txt,2015/09/30 21:15:05,2015/09/30 21:15:06,1365.000000
planetlab2.cnis.nyit.edu,planetlab2.arizona-gigapop.net,file256KB.txt,2015/09/30 21:15:06,2015/09/30 21:15:53,47317.000000
planetlab2.cnis.nyit.edu,planetlab2.arizona-gigapop.net,file512KB.txt,2015/09/30 21:15:53,2015/09/30 21:17:25,91196.000000
planetlab2.cnis.nyit.edu,planetlab2.arizona-gigapop.net,file1MB.txt,2015/09/30 21:17:25,2015/09/30 21:20:31,-186782.000000
planetlab2.rutgers.edu,planetlab2.arizona-gigapop.net,file32B.txt,2015/09/30 21:20:31,2015/09/30 21:20:38,6783.000000
planetlab2.rutgers.edu,planetlab2.arizona-gigapop.net,file1KB.txt,2015/09/30 21:20:38,2015/09/30 21:20:45,7061.000000
planetlab2.rutgers.edu,planetlab2.arizona-gigapop.net,file256KB.txt,2015/09/30 21:20:45,2015/09/30 21:41:01,1215344.000000
planetlab2.rutgers.edu,planetlab2.arizona-gigapop.net,file512KB.txt,2015/09/30 21:41:01,2015/09/30 22:21:14,-1881532.000000
planetlab2.rutgers.edu,planetlab2.arizona-gigapop.net,file1MB.txt,2015/09/30 22:21:14,2015/09/30 23:22:56,592957.000000
planetlab2.cs.du.edu,planetlab2.arizona-gigapop.net,file32B.txt,2015/09/30 23:22:56,2015/09/30 23:22:56,464.000000
planetlab2.cs.du.edu,planetlab2.arizona-gigapop.net,file1KB.txt,2015/09/30 23:22:56,2015/09/30 23:22:57,1557.000000
planetlab2.cs.du.edu,planetlab2.arizona-gigapop.net,file256KB.txt,2015/09/30 23:22:57,2015/09/30 23:23:30,32424.000000
planetlab2.cs.du.edu,planetlab2.arizona-gigapop.net,file512KB.txt,2015/09/30 23:23:30,2015/09/30 23:24:36,66573.000000
planetlab2.cs.du.edu,planetlab2.arizona-gigapop.net,file1MB.txt,2015/09/30 23:24:36,2015/09/30 23:26:57,141174.000000
planetlab2.ucsd.edu,planetlab2.arizona-gigapop.net,file32B.txt,2015/09/30 23:26:57,2015/09/30 23:26:57,127.000000
planetlab2.ucsd.edu,planetlab2.arizona-gigapop.net,file1KB.txt,2015/09/30 23:26:57,2015/09/30 23:26:57,107.000000
planetlab2.ucsd.edu,planetlab2.arizona-gigapop.net,file256KB.txt,2015/09/30 23:26:57,2015/09/30 23:27:05,8104.000000
planetlab2.ucsd.edu,planetlab2.arizona-gigapop.net,file512KB.txt,2015/09/30 23:27:05,2015/09/30 23:27:21,16332.000000
planetlab2.ucsd.edu,planetlab2.arizona-gigapop.net,file1MB.txt,2015/09/30 23:27:21,2015/09/30 23:27:52,30662.000000
planetlab3.cs.uoregon.edu,planetlab2.arizona-gigapop.net,file32B.txt,2015/09/30 23:27:52,2015/09/30 23:27:52,281.000000
planetlab3.cs.uoregon.edu,planetlab2.arizona-gigapop.net,file1KB.txt,2015/09/30 23:27:52,2015/09/30 23:27:52,255.000000
planetlab3.cs.uoregon.edu,planetlab2.arizona-gigapop.net,file256KB.txt,2015/09/30 23:27:52,2015/09/30 23:28:11,19110.000000
planetlab3.cs.uoregon.edu,planetlab2.arizona-gigapop.net,file512KB.txt,2015/09/30 23:28:11,2015/09/30 23:28:49,38514.000000
planetlab3.cs.uoregon.edu,planetlab2.arizona-gigapop.net,file1MB.txt,2015/09/30 23:28:49,2015/09/30 23:30:04,74747.000000
planetlab-01.bu.edu,planetlab2.arizona-gigapop.net,file32B.txt,2015/09/30 23:30:04,2015/09/30 23:30:05,1370.000000
planetlab-01.bu.edu,planetlab2.arizona-gigapop.net,file1KB.txt,2015/09/30 23:30:05,2015/09/30 23:30:05,590.000000
planetlab-01.bu.edu,planetlab2.arizona-gigapop.net,file256KB.txt,2015/09/30 23:30:05,2015/09/30 23:30:49,44345.000000
planetlab-01.bu.edu,planetlab2.arizona-gigapop.net,file512KB.txt,2015/09/30 23:30:49,2015/09/30 23:32:16,87212.000000
planetlab-01.bu.edu,planetlab2.arizona-gigapop.net,file1MB.txt,2015/09/30 23:32:16,2015/09/30 23:35:27,190740.000000
planetlab4.cnds.jhu.edu,planetlab2.arizona-gigapop.net,file32B.txt,2015/09/30 23:35:27,2015/09/30 23:35:27,503.000000
planetlab4.cnds.jhu.edu,planetlab2.arizona-gigapop.net,file1KB.txt,2015/09/30 23:35:27,2015/09/30 23:35:28,1562.000000
planetlab4.cnds.jhu.edu,planetlab2.arizona-gigapop.net,file256KB.txt,2015/09/30 23:35:28,2015/09/30 23:36:00,31844.000000
planetlab4.cnds.jhu.edu,planetlab2.arizona-gigapop.net,file512KB.txt,2015/09/30 23:36:00,2015/09/30 23:37:05,65119.000000
planetlab4.cnds.jhu.edu,planetlab2.arizona-gigapop.net,file1MB.txt,2015/09/30 23:37:05,2015/09/30 23:39:12,126424.000000
planetlabtwo.ccs.neu.edu,planetlab2.arizona-gigapop.net,file32B.txt,2015/09/30 23:39:12,2015/09/30 23:39:13,813.000000
planetlabtwo.ccs.neu.edu,planetlab2.arizona-gigapop.net,file1KB.txt,2015/09/30 23:39:13,2015/09/30 23:39:14,1506.000000
planetlabtwo.ccs.neu.edu,planetlab2.arizona-gigapop.net,file256KB.txt,2015/09/30 23:39:14,2015/09/30 23:39:50,35860.000000
planetlabtwo.ccs.neu.edu,planetlab2.arizona-gigapop.net,file512KB.txt,2015/09/30 23:39:50,2015/09/30 23:41:02,72064.000000
planetlabtwo.ccs.neu.edu,planetlab2.arizona-gigapop.net,file1MB.txt,2015/09/30 23:41:02,2015/09/30 23:43:25,142465.000000
planetlab1.cs.purdue.edu,planetlab2.arizona-gigapop.net,file32B.txt,2015/09/30 23:43:25,2015/09/30 23:43:30,5879.000000
planetlab1.cs.purdue.edu,planetlab2.arizona-gigapop.net,file1KB.txt,2015/09/30 23:43:30,2015/09/30 23:43:34,3572.000000
planetlab1.cs.purdue.edu,planetlab2.arizona-gigapop.net,file256KB.txt,2015/09/30 23:43:34,2015/09/30 23:57:16,-821919.000000
planetlab1.cs.purdue.edu,planetlab2.arizona-gigapop.net,file512KB.txt,2015/09/30 23:57:16,2015/10/01 00:28:28,1872119.000000
planetlab1.cs.purdue.edu,planetlab2.arizona-gigapop.net,file1MB.txt,2015/10/01 00:28:28,2015/10/01 01:15:44,1458552.000000
planetlab2.tsuniv.edu,planetlab2.arizona-gigapop.net,file32B.txt,2015/10/01 01:15:44,2015/10/01 01:15:49,4905.000000
planetlab2.tsuniv.edu,planetlab2.arizona-gigapop.net,file1KB.txt,2015/10/01 01:15:49,2015/10/01 01:15:55,5827.000000
planetlab2.tsuniv.edu,planetlab2.arizona-gigapop.net,file256KB.txt,2015/10/01 01:15:55,2015/10/01 01:20:32,276806.000000
planetlab2.tsuniv.edu,planetlab2.arizona-gigapop.net,file512KB.txt,2015/10/01 01:20:32,2015/10/01 01:26:28,355690.000000
planetlab2.tsuniv.edu,planetlab2.arizona-gigapop.net,file1MB.txt,2015/10/01 01:26:28,2015/10/01 01:34:19,471749.000000
planetlab1.tsuniv.edu,planetlab2.arizona-gigapop.net,file32B.txt,2015/10/01 01:34:19,2015/10/01 01:34:27,7271.000000
planetlab1.tsuniv.edu,planetlab2.arizona-gigapop.net,file1KB.txt,2015/10/01 01:34:27,2015/10/01 01:34:39,12459.000000
planetlab1.tsuniv.edu,planetlab2.arizona-gigapop.net,file256KB.txt,2015/10/01 01:34:39,2015/10/01 01:39:42,302595.000000
planetlab1.tsuniv.edu,planetlab2.arizona-gigapop.net,file512KB.txt,2015/10/01 01:39:42,2015/10/01 01:55:10,928472.000000
planetlab1.tsuniv.edu,planetlab2.arizona-gigapop.net,file1MB.txt,2015/10/01 01:55:10,2015/10/01 02:28:13,-1983072.000000
planetlab3.ucsd.edu,planetlab2.arizona-gigapop.net,file32B.txt,2015/10/01 02:28:13,2015/10/01 02:28:13,101.000000
planetlab3.ucsd.edu,planetlab2.arizona-gigapop.net,file1KB.txt,2015/10/01 02:28:13,2015/10/01 02:28:13,119.000000
planetlab3.ucsd.edu,planetlab2.arizona-gigapop.net,file256KB.txt,2015/10/01 02:28:13,2015/10/01 02:28:21,7449.000000
planetlab3.ucsd.edu,planetlab2.arizona-gigapop.net,file512KB.txt,2015/10/01 02:28:21,2015/10/01 02:28:38,17135.000000
planetlab3.ucsd.edu,planetlab2.arizona-gigapop.net,file1MB.txt,2015/10/01 02:28:38,2015/10/01 02:29:13,35145.000000
node2.planetlab.mathcs.emory.edu,planetlab2.arizona-gigapop.net,file32B.txt,2015/10/01 02:29:14,2015/10/01 02:29:14,286.000000
node2.planetlab.mathcs.emory.edu,planetlab2.arizona-gigapop.net,file1KB.txt,2015/10/01 02:29:14,2015/10/01 02:29:14,348.000000
node2.planetlab.mathcs.emory.edu,planetlab2.arizona-gigapop.net,file256KB.txt,2015/10/01 02:29:14,2015/10/01 02:29:39,25282.000000
node2.planetlab.mathcs.emory.edu,planetlab2.arizona-gigapop.net,file512KB.txt,2015/10/01 02:29:39,2015/10/01 02:30:28,48395.000000
node2.planetlab.mathcs.emory.edu,planetlab2.arizona-gigapop.net,file1MB.txt,2015/10/01 02:30:28,2015/10/01 02:32:08,100101.000000
planetlab5.csee.usf.edu,planetlab2.arizona-gigapop.net,file32B.txt,2015/10/01 02:32:08,2015/10/01 02:32:09,1634.000000
planetlab5.csee.usf.edu,planetlab2.arizona-gigapop.net,file1KB.txt,2015/10/01 02:32:09,2015/10/01 02:32:09,424.000000
planetlab5.csee.usf.edu,planetlab2.arizona-gigapop.net,file256KB.txt,2015/10/01 02:32:09,2015/10/01 02:32:40,30787.000000
planetlab5.csee.usf.edu,planetlab2.arizona-gigapop.net,file512KB.txt,2015/10/01 02:32:40,2015/10/01 02:33:42,61920.000000
planetlab5.csee.usf.edu,planetlab2.arizona-gigapop.net,file1MB.txt,2015/10/01 02:33:42,2015/10/01 02:35:46,123978.000000
planetlab1.emich.edu,planetlab2.arizona-gigapop.net,file32B.txt,2015/10/01 02:35:46,2015/10/01 02:35:47,1613.000000
planetlab1.emich.edu,planetlab2.arizona-gigapop.net,file1KB.txt,2015/10/01 02:35:47,2015/10/01 02:35:47,449.000000
planetlab1.emich.edu,planetlab2.arizona-gigapop.net,file256KB.txt,2015/10/01 02:35:47,2015/10/01 02:36:20,32908.000000
planetlab1.emich.edu,planetlab2.arizona-gigapop.net,file512KB.txt,2015/10/01 02:36:20,2015/10/01 02:37:26,66092.000000
planetlab1.emich.edu,planetlab2.arizona-gigapop.net,file1MB.txt,2015/10/01 02:37:26,2015/10/01 02:39:38,132469.000000
ebb.colgate.edu,planetlab2.arizona-gigapop.net,file32B.txt,2015/10/01 02:39:38,2015/10/01 02:39:38,490.000000
ebb.colgate.edu,planetlab2.arizona-gigapop.net,file1KB.txt,2015/10/01 02:39:38,2015/10/01 02:39:39,1431.000000
ebb.colgate.edu,planetlab2.arizona-gigapop.net,file256KB.txt,2015/10/01 02:39:39,2015/10/01 02:40:27,48453.000000
ebb.colgate.edu,planetlab2.arizona-gigapop.net,file512KB.txt,2015/10/01 02:40:27,2015/10/01 02:42:03,95659.000000
ebb.colgate.edu,planetlab2.arizona-gigapop.net,file1MB.txt,2015/10/01 02:42:03,2015/10/01 02:45:34,210650.000000
kc-sce-plab2.umkc.edu,planetlab2.arizona-gigapop.net,file32B.txt,2015/10/01 02:45:34,2015/10/01 02:45:35,1417.000000
kc-sce-plab2.umkc.edu,planetlab2.arizona-gigapop.net,file1KB.txt,2015/10/01 02:45:35,2015/10/01 02:45:37,2309.000000
kc-sce-plab2.umkc.edu,planetlab2.arizona-gigapop.net,file256KB.txt,2015/10/01 02:45:37,2015/10/01 02:47:30,112846.000000
kc-sce-plab2.umkc.edu,planetlab2.arizona-gigapop.net,file512KB.txt,2015/10/01 02:47:30,2015/10/01 02:51:38,247217.000000
kc-sce-plab2.umkc.edu,planetlab2.arizona-gigapop.net,file1MB.txt,2015/10/01 02:51:38,2015/10/01 03:03:14,696667.000000
node1.planetlab.mathcs.emory.edu,planetlab2.arizona-gigapop.net,file32B.txt,2015/10/01 03:03:14,2015/10/01 03:03:14,287.000000
node1.planetlab.mathcs.emory.edu,planetlab2.arizona-gigapop.net,file1KB.txt,2015/10/01 03:03:14,2015/10/01 03:03:14,340.000000
node1.planetlab.mathcs.emory.edu,planetlab2.arizona-gigapop.net,file256KB.txt,2015/10/01 03:03:14,2015/10/01 03:03:39,25171.000000
node1.planetlab.mathcs.emory.edu,planetlab2.arizona-gigapop.net,file512KB.txt,2015/10/01 03:03:39,2015/10/01 03:04:28,48757.000000
node1.planetlab.mathcs.emory.edu,planetlab2.arizona-gigapop.net,file1MB.txt,2015/10/01 03:04:28,2015/10/01 03:06:07,99514.000000
pl1.cs.montana.edu,planetlab2.arizona-gigapop.net,file32B.txt,2015/10/01 03:06:07,2015/10/01 03:06:07,476.000000
pl1.cs.montana.edu,planetlab2.arizona-gigapop.net,file1KB.txt,2015/10/01 03:06:07,2015/10/01 03:06:08,1444.000000
pl1.cs.montana.edu,planetlab2.arizona-gigapop.net,file256KB.txt,2015/10/01 03:06:08,2015/10/01 03:06:49,41134.000000
pl1.cs.montana.edu,planetlab2.arizona-gigapop.net,file512KB.txt,2015/10/01 03:06:49,2015/10/01 03:08:10,80624.000000
pl1.cs.montana.edu,planetlab2.arizona-gigapop.net,file1MB.txt,2015/10/01 03:08:10,2015/10/01 03:10:53,163657.000000
plab3.eece.ksu.edu,planetlab2.arizona-gigapop.net,file32B.txt,2015/10/01 03:14:02,2015/10/01 03:14:02,244.000000
plab3.eece.ksu.edu,planetlab2.arizona-gigapop.net,file1KB.txt,2015/10/01 03:14:02,2015/10/01 03:14:02,284.000000
plab3.eece.ksu.edu,planetlab2.arizona-gigapop.net,file256KB.txt,2015/10/01 03:14:02,2015/10/01 03:14:23,21108.000000
plab3.eece.ksu.edu,planetlab2.arizona-gigapop.net,file512KB.txt,2015/10/01 03:14:23,2015/10/01 03:15:05,42322.000000
plab3.eece.ksu.edu,planetlab2.arizona-gigapop.net,file1MB.txt,2015/10/01 03:15:05,2015/10/01 03:16:28,82940.000000
planet3.cc.gt.atl.ga.us,planetlab2.arizona-gigapop.net,file32B.txt,2015/10/01 03:16:28,2015/10/01 03:16:28,284.000000
planet3.cc.gt.atl.ga.us,planetlab2.arizona-gigapop.net,file1KB.txt,2015/10/01 03:16:28,2015/10/01 03:16:28,471.000000
planet3.cc.gt.atl.ga.us,planetlab2.arizona-gigapop.net,file256KB.txt,2015/10/01 03:16:28,2015/10/01 03:16:53,25618.000000
planet3.cc.gt.atl.ga.us,planetlab2.arizona-gigapop.net,file512KB.txt,2015/10/01 03:16:53,2015/10/01 03:17:42,48964.000000
planet3.cc.gt.atl.ga.us,planetlab2.arizona-gigapop.net,file1MB.txt,2015/10/01 03:17:42,2015/10/01 03:19:19,-96572.000000
planetlab-02.bu.edu,planetlab2.arizona-gigapop.net,file32B.txt,2015/10/01 03:19:19,2015/10/01 03:19:20,1486.000000
planetlab-02.bu.edu,planetlab2.arizona-gigapop.net,file1KB.txt,2015/10/01 03:19:20,2015/10/01 03:19:21,1408.000000
planetlab-02.bu.edu,planetlab2.arizona-gigapop.net,file256KB.txt,2015/10/01 03:19:21,2015/10/01 03:20:09,47771.000000
planetlab-02.bu.edu,planetlab2.arizona-gigapop.net,file512KB.txt,2015/10/01 03:20:09,2015/10/01 03:21:36,87191.000000
planetlab-02.bu.edu,planetlab2.arizona-gigapop.net,file1MB.txt,2015/10/01 03:21:36,2015/10/01 03:24:29,172338.000000
planetlab1.clemson.edu,planetlab2.arizona-gigapop.net,file32B.txt,2015/10/01 03:27:38,2015/10/01 03:27:39,1698.000000
planetlab1.clemson.edu,planetlab2.arizona-gigapop.net,file1KB.txt,2015/10/01 03:27:39,2015/10/01 03:27:39,349.000000
planetlab1.clemson.edu,planetlab2.arizona-gigapop.net,file256KB.txt,2015/10/01 03:27:39,2015/10/01 03:28:05,26270.000000
planetlab1.clemson.edu,planetlab2.arizona-gigapop.net,file512KB.txt,2015/10/01 03:28:05,2015/10/01 03:28:56,50840.000000
planetlab1.clemson.edu,planetlab2.arizona-gigapop.net,file1MB.txt,2015/10/01 03:28:56,2015/10/01 03:30:38,101827.000000
planetlab1.cs.du.edu,planetlab2.arizona-gigapop.net,file32B.txt,2015/10/01 03:30:38,2015/10/01 03:30:39,1620.000000
planetlab1.cs.du.edu,planetlab2.arizona-gigapop.net,file1KB.txt,2015/10/01 03:30:39,2015/10/01 03:30:39,442.000000
planetlab1.cs.du.edu,planetlab2.arizona-gigapop.net,file256KB.txt,2015/10/01 03:30:39,2015/10/01 03:31:12,33476.000000
planetlab1.cs.du.edu,planetlab2.arizona-gigapop.net,file512KB.txt,2015/10/01 03:31:12,2015/10/01 03:32:16,63308.000000
planetlab1.cs.du.edu,planetlab2.arizona-gigapop.net,file1MB.txt,2015/10/01 03:32:16,2015/10/01 03:34:25,129000.000000
planetlab-1.cse.ohio-state.edu,planetlab2.arizona-gigapop.net,file32B.txt,2015/10/01 03:34:25,2015/10/01 03:36:07,102161.000000
planetlab-1.cse.ohio-state.edu,planetlab2.arizona-gigapop.net,file1KB.txt,2015/10/01 03:36:07,2015/10/01 03:36:14,7398.000000
planetlab-1.cse.ohio-state.edu,planetlab2.arizona-gigapop.net,file256KB.txt,2015/10/01 03:36:14,2015/10/01 03:56:38,1223725.000000
