planetlab1.unr.edu,planetlab-01.vt.nodes.planet-lab.org,file32B.txt,2015/09/30 21:13:33,2015/09/30 21:13:33,653.000000
planetlab1.unr.edu,planetlab-01.vt.nodes.planet-lab.org,file1KB.txt,2015/09/30 21:13:33,2015/09/30 21:13:34,1427.000000
planetlab1.unr.edu,planetlab-01.vt.nodes.planet-lab.org,file256KB.txt,2015/09/30 21:13:34,2015/09/30 21:14:16,41883.000000
planetlab1.unr.edu,planetlab-01.vt.nodes.planet-lab.org,file512KB.txt,2015/09/30 21:14:16,2015/09/30 21:15:40,84261.000000
planetlab1.unr.edu,planetlab-01.vt.nodes.planet-lab.org,file1MB.txt,2015/09/30 21:15:40,2015/09/30 21:18:26,165230.000000
pl2.cs.unm.edu,planetlab-01.vt.nodes.planet-lab.org,file32B.txt,2015/09/30 21:18:26,2015/09/30 21:18:27,1501.000000
pl2.cs.unm.edu,planetlab-01.vt.nodes.planet-lab.org,file1KB.txt,2015/09/30 21:18:27,2015/09/30 21:18:27,405.000000
pl2.cs.unm.edu,planetlab-01.vt.nodes.planet-lab.org,file256KB.txt,2015/09/30 21:18:27,2015/09/30 21:18:57,30334.000000
pl2.cs.unm.edu,planetlab-01.vt.nodes.planet-lab.org,file512KB.txt,2015/09/30 21:18:57,2015/09/30 21:19:56,58867.000000
pl2.cs.unm.edu,planetlab-01.vt.nodes.planet-lab.org,file1MB.txt,2015/09/30 21:19:56,2015/09/30 21:21:54,-117959.000000
planetlab2.cnis.nyit.edu,planetlab-01.vt.nodes.planet-lab.org,file32B.txt,2015/09/30 21:21:54,2015/09/30 21:21:54,237.000000
planetlab2.cnis.nyit.edu,planetlab-01.vt.nodes.planet-lab.org,file1KB.txt,2015/09/30 21:21:54,2015/09/30 21:21:55,1827.000000
planetlab2.cnis.nyit.edu,planetlab-01.vt.nodes.planet-lab.org,file256KB.txt,2015/09/30 21:21:55,2015/09/30 21:22:07,11276.000000
planetlab2.cnis.nyit.edu,planetlab-01.vt.nodes.planet-lab.org,file512KB.txt,2015/09/30 21:22:07,2015/09/30 21:22:32,24874.000000
planetlab2.cnis.nyit.edu,planetlab-01.vt.nodes.planet-lab.org,file1MB.txt,2015/09/30 21:22:32,2015/09/30 21:23:23,51852.000000
planetlab2.rutgers.edu,planetlab-01.vt.nodes.planet-lab.org,file32B.txt,2015/09/30 21:23:23,2015/09/30 21:23:48,24535.000000
planetlab2.rutgers.edu,planetlab-01.vt.nodes.planet-lab.org,file1KB.txt,2015/09/30 21:23:48,2015/09/30 21:24:12,24359.000000
planetlab2.rutgers.edu,planetlab-01.vt.nodes.planet-lab.org,file256KB.txt,2015/09/30 21:24:12,2015/09/30 21:46:49,1356567.000000
planetlab2.rutgers.edu,planetlab-01.vt.nodes.planet-lab.org,file512KB.txt,2015/09/30 21:46:49,2015/09/30 22:28:38,-1785889.000000
planetlab2.rutgers.edu,planetlab-01.vt.nodes.planet-lab.org,file1MB.txt,2015/09/30 22:28:38,2015/09/30 23:24:50,922842.000000
planetlab2.cs.du.edu,planetlab-01.vt.nodes.planet-lab.org,file32B.txt,2015/09/30 23:24:50,2015/09/30 23:24:50,360.000000
planetlab2.cs.du.edu,planetlab-01.vt.nodes.planet-lab.org,file1KB.txt,2015/09/30 23:24:50,2015/09/30 23:24:51,1651.000000
planetlab2.cs.du.edu,planetlab-01.vt.nodes.planet-lab.org,file256KB.txt,2015/09/30 23:24:51,2015/09/30 23:25:16,24486.000000
planetlab2.cs.du.edu,planetlab-01.vt.nodes.planet-lab.org,file512KB.txt,2015/09/30 23:25:16,2015/09/30 23:26:07,51157.000000
planetlab2.cs.du.edu,planetlab-01.vt.nodes.planet-lab.org,file1MB.txt,2015/09/30 23:26:07,2015/09/30 23:27:50,103264.000000
planetlab2.ucsd.edu,planetlab-01.vt.nodes.planet-lab.org,file32B.txt,2015/09/30 23:27:50,2015/09/30 23:27:50,636.000000
planetlab2.ucsd.edu,planetlab-01.vt.nodes.planet-lab.org,file1KB.txt,2015/09/30 23:27:50,2015/09/30 23:27:51,1454.000000
planetlab2.ucsd.edu,planetlab-01.vt.nodes.planet-lab.org,file256KB.txt,2015/09/30 23:27:51,2015/09/30 23:28:31,39480.000000
planetlab2.ucsd.edu,planetlab-01.vt.nodes.planet-lab.org,file512KB.txt,2015/09/30 23:28:31,2015/09/30 23:29:52,81386.000000
planetlab2.ucsd.edu,planetlab-01.vt.nodes.planet-lab.org,file1MB.txt,2015/09/30 23:29:52,2015/09/30 23:32:33,161079.000000
planetlab3.cs.uoregon.edu,planetlab-01.vt.nodes.planet-lab.org,file32B.txt,2015/09/30 23:32:33,2015/09/30 23:32:34,1327.000000
planetlab3.cs.uoregon.edu,planetlab-01.vt.nodes.planet-lab.org,file1KB.txt,2015/09/30 23:32:34,2015/09/30 23:32:34,641.000000
planetlab3.cs.uoregon.edu,planetlab-01.vt.nodes.planet-lab.org,file256KB.txt,2015/09/30 23:32:34,2015/09/30 23:33:22,48510.000000
planetlab3.cs.uoregon.edu,planetlab-01.vt.nodes.planet-lab.org,file512KB.txt,2015/09/30 23:33:22,2015/09/30 23:34:56,94045.000000
planetlab3.cs.uoregon.edu,planetlab-01.vt.nodes.planet-lab.org,file1MB.txt,2015/09/30 23:34:56,2015/09/30 23:38:04,187740.000000
planetlab-01.bu.edu,planetlab-01.vt.nodes.planet-lab.org,file32B.txt,2015/09/30 23:38:04,2015/09/30 23:38:04,222.000000
planetlab-01.bu.edu,planetlab-01.vt.nodes.planet-lab.org,file1KB.txt,2015/09/30 23:38:04,2015/09/30 23:38:04,192.000000
planetlab-01.bu.edu,planetlab-01.vt.nodes.planet-lab.org,file256KB.txt,2015/09/30 23:38:04,2015/09/30 23:38:19,15752.000000
planetlab-01.bu.edu,planetlab-01.vt.nodes.planet-lab.org,file512KB.txt,2015/09/30 23:38:19,2015/09/30 23:38:47,27583.000000
planetlab-01.bu.edu,planetlab-01.vt.nodes.planet-lab.org,file1MB.txt,2015/09/30 23:38:47,2015/09/30 23:39:43,55687.000000
planetlab4.cnds.jhu.edu,planetlab-01.vt.nodes.planet-lab.org,file32B.txt,2015/09/30 23:39:43,2015/09/30 23:39:43,137.000000
planetlab4.cnds.jhu.edu,planetlab-01.vt.nodes.planet-lab.org,file1KB.txt,2015/09/30 23:39:43,2015/09/30 23:39:44,1910.000000
planetlab4.cnds.jhu.edu,planetlab-01.vt.nodes.planet-lab.org,file256KB.txt,2015/09/30 23:39:44,2015/09/30 23:39:50,5971.000000
planetlab4.cnds.jhu.edu,planetlab-01.vt.nodes.planet-lab.org,file512KB.txt,2015/09/30 23:39:50,2015/09/30 23:40:01,10125.000000
planetlab4.cnds.jhu.edu,planetlab-01.vt.nodes.planet-lab.org,file1MB.txt,2015/09/30 23:40:01,2015/09/30 23:40:26,25789.000000
planetlabtwo.ccs.neu.edu,planetlab-01.vt.nodes.planet-lab.org,file32B.txt,2015/09/30 23:40:26,2015/09/30 23:40:26,327.000000
planetlabtwo.ccs.neu.edu,planetlab-01.vt.nodes.planet-lab.org,file1KB.txt,2015/09/30 23:40:26,2015/09/30 23:40:26,262.000000
planetlabtwo.ccs.neu.edu,planetlab-01.vt.nodes.planet-lab.org,file256KB.txt,2015/09/30 23:40:26,2015/09/30 23:40:45,19000.000000
planetlabtwo.ccs.neu.edu,planetlab-01.vt.nodes.planet-lab.org,file512KB.txt,2015/09/30 23:40:45,2015/09/30 23:41:23,38276.000000
planetlabtwo.ccs.neu.edu,planetlab-01.vt.nodes.planet-lab.org,file1MB.txt,2015/09/30 23:41:23,2015/09/30 23:42:38,74746.000000
planetlab1.cs.purdue.edu,planetlab-01.vt.nodes.planet-lab.org,file32B.txt,2015/09/30 23:42:38,2015/09/30 23:42:42,3896.000000
planetlab1.cs.purdue.edu,planetlab-01.vt.nodes.planet-lab.org,file1KB.txt,2015/09/30 23:42:42,2015/09/30 23:42:47,4857.000000
planetlab1.cs.purdue.edu,planetlab-01.vt.nodes.planet-lab.org,file256KB.txt,2015/09/30 23:42:47,2015/09/30 23:57:29,-882327.000000
planetlab1.cs.purdue.edu,planetlab-01.vt.nodes.planet-lab.org,file512KB.txt,2015/09/30 23:57:29,2015/10/01 00:29:49,1940609.000000
planetlab1.cs.purdue.edu,planetlab-01.vt.nodes.planet-lab.org,file1MB.txt,2015/10/01 00:29:49,2015/10/01 01:15:36,1548779.000000
planetlab2.tsuniv.edu,planetlab-01.vt.nodes.planet-lab.org,file32B.txt,2015/10/01 01:15:36,2015/10/01 01:15:38,2008.000000
planetlab2.tsuniv.edu,planetlab-01.vt.nodes.planet-lab.org,file1KB.txt,2015/10/01 01:15:38,2015/10/01 01:15:41,2878.000000
planetlab2.tsuniv.edu,planetlab-01.vt.nodes.planet-lab.org,file256KB.txt,2015/10/01 01:15:41,2015/10/01 01:20:14,273667.000000
planetlab2.tsuniv.edu,planetlab-01.vt.nodes.planet-lab.org,file512KB.txt,2015/10/01 01:20:14,2015/10/01 01:25:37,323111.000000
planetlab2.tsuniv.edu,planetlab-01.vt.nodes.planet-lab.org,file1MB.txt,2015/10/01 01:25:37,2015/10/01 01:33:33,475873.000000
planetlab1.tsuniv.edu,planetlab-01.vt.nodes.planet-lab.org,file32B.txt,2015/10/01 01:33:33,2015/10/01 01:33:35,1769.000000
planetlab1.tsuniv.edu,planetlab-01.vt.nodes.planet-lab.org,file1KB.txt,2015/10/01 01:33:35,2015/10/01 01:33:39,3641.000000
planetlab1.tsuniv.edu,planetlab-01.vt.nodes.planet-lab.org,file256KB.txt,2015/10/01 01:33:39,2015/10/01 01:39:23,344742.000000
planetlab1.tsuniv.edu,planetlab-01.vt.nodes.planet-lab.org,file512KB.txt,2015/10/01 01:39:23,2015/10/01 01:50:48,684867.000000
planetlab1.tsuniv.edu,planetlab-01.vt.nodes.planet-lab.org,file1MB.txt,2015/10/01 01:50:48,2015/10/01 02:23:41,-1973212.000000
planetlab3.ucsd.edu,planetlab-01.vt.nodes.planet-lab.org,file32B.txt,2015/10/01 02:23:41,2015/10/01 02:23:41,683.000000
planetlab3.ucsd.edu,planetlab-01.vt.nodes.planet-lab.org,file1KB.txt,2015/10/01 02:23:41,2015/10/01 02:23:42,1446.000000
planetlab3.ucsd.edu,planetlab-01.vt.nodes.planet-lab.org,file256KB.txt,2015/10/01 02:23:42,2015/10/01 02:24:22,39595.000000
planetlab3.ucsd.edu,planetlab-01.vt.nodes.planet-lab.org,file512KB.txt,2015/10/01 02:24:22,2015/10/01 02:25:44,82237.000000
planetlab3.ucsd.edu,planetlab-01.vt.nodes.planet-lab.org,file1MB.txt,2015/10/01 02:25:44,2015/10/01 02:28:25,160582.000000
node2.planetlab.mathcs.emory.edu,planetlab-01.vt.nodes.planet-lab.org,file32B.txt,2015/10/01 02:28:26,2015/10/01 02:28:26,151.000000
node2.planetlab.mathcs.emory.edu,planetlab-01.vt.nodes.planet-lab.org,file1KB.txt,2015/10/01 02:28:26,2015/10/01 02:28:26,92.000000
node2.planetlab.mathcs.emory.edu,planetlab-01.vt.nodes.planet-lab.org,file256KB.txt,2015/10/01 02:28:26,2015/10/01 02:28:33,7296.000000
node2.planetlab.mathcs.emory.edu,planetlab-01.vt.nodes.planet-lab.org,file512KB.txt,2015/10/01 02:28:33,2015/10/01 02:28:46,12598.000000
node2.planetlab.mathcs.emory.edu,planetlab-01.vt.nodes.planet-lab.org,file1MB.txt,2015/10/01 02:28:46,2015/10/01 02:29:13,27204.000000
planetlab5.csee.usf.edu,planetlab-01.vt.nodes.planet-lab.org,file32B.txt,2015/10/01 02:29:13,2015/10/01 02:29:14,862.000000
planetlab5.csee.usf.edu,planetlab-01.vt.nodes.planet-lab.org,file1KB.txt,2015/10/01 02:29:14,2015/10/01 02:29:14,246.000000
planetlab5.csee.usf.edu,planetlab-01.vt.nodes.planet-lab.org,file256KB.txt,2015/10/01 02:29:14,2015/10/01 02:29:33,19729.000000
planetlab5.csee.usf.edu,planetlab-01.vt.nodes.planet-lab.org,file512KB.txt,2015/10/01 02:29:33,2015/10/01 02:30:09,35551.000000
planetlab5.csee.usf.edu,planetlab-01.vt.nodes.planet-lab.org,file1MB.txt,2015/10/01 02:30:09,2015/10/01 02:31:21,72030.000000
planetlab1.emich.edu,planetlab-01.vt.nodes.planet-lab.org,file32B.txt,2015/10/01 02:31:21,2015/10/01 02:31:21,277.000000
planetlab1.emich.edu,planetlab-01.vt.nodes.planet-lab.org,file1KB.txt,2015/10/01 02:31:21,2015/10/01 02:31:22,1787.000000
planetlab1.emich.edu,planetlab-01.vt.nodes.planet-lab.org,file256KB.txt,2015/10/01 02:31:22,2015/10/01 02:31:37,14196.000000
planetlab1.emich.edu,planetlab-01.vt.nodes.planet-lab.org,file512KB.txt,2015/10/01 02:31:37,2015/10/01 02:32:08,31316.000000
planetlab1.emich.edu,planetlab-01.vt.nodes.planet-lab.org,file1MB.txt,2015/10/01 02:32:08,2015/10/01 02:33:11,63149.000000
ebb.colgate.edu,planetlab-01.vt.nodes.planet-lab.org,file32B.txt,2015/10/01 02:33:11,2015/10/01 02:33:11,227.000000
ebb.colgate.edu,planetlab-01.vt.nodes.planet-lab.org,file1KB.txt,2015/10/01 02:33:11,2015/10/01 02:33:12,1602.000000
ebb.colgate.edu,planetlab-01.vt.nodes.planet-lab.org,file256KB.txt,2015/10/01 02:33:12,2015/10/01 02:33:30,17404.000000
ebb.colgate.edu,planetlab-01.vt.nodes.planet-lab.org,file512KB.txt,2015/10/01 02:33:30,2015/10/01 02:34:10,40195.000000
ebb.colgate.edu,planetlab-01.vt.nodes.planet-lab.org,file1MB.txt,2015/10/01 02:34:10,2015/10/01 02:35:21,71220.000000
kc-sce-plab2.umkc.edu,planetlab-01.vt.nodes.planet-lab.org,file32B.txt,2015/10/01 02:35:21,2015/10/01 02:35:22,383.000000
kc-sce-plab2.umkc.edu,planetlab-01.vt.nodes.planet-lab.org,file1KB.txt,2015/10/01 02:35:22,2015/10/01 02:35:24,2486.000000
kc-sce-plab2.umkc.edu,planetlab-01.vt.nodes.planet-lab.org,file256KB.txt,2015/10/01 02:35:24,2015/10/01 02:36:17,52588.000000
kc-sce-plab2.umkc.edu,planetlab-01.vt.nodes.planet-lab.org,file512KB.txt,2015/10/01 02:36:17,2015/10/01 02:37:28,71231.000000
kc-sce-plab2.umkc.edu,planetlab-01.vt.nodes.planet-lab.org,file1MB.txt,2015/10/01 02:37:28,2015/10/01 02:39:20,112197.000000
node1.planetlab.mathcs.emory.edu,planetlab-01.vt.nodes.planet-lab.org,file32B.txt,2015/10/01 02:39:20,2015/10/01 02:39:20,128.000000
node1.planetlab.mathcs.emory.edu,planetlab-01.vt.nodes.planet-lab.org,file1KB.txt,2015/10/01 02:39:20,2015/10/01 02:39:20,91.000000
node1.planetlab.mathcs.emory.edu,planetlab-01.vt.nodes.planet-lab.org,file256KB.txt,2015/10/01 02:39:20,2015/10/01 02:39:27,7188.000000
node1.planetlab.mathcs.emory.edu,planetlab-01.vt.nodes.planet-lab.org,file512KB.txt,2015/10/01 02:39:27,2015/10/01 02:39:41,14427.000000
node1.planetlab.mathcs.emory.edu,planetlab-01.vt.nodes.planet-lab.org,file1MB.txt,2015/10/01 02:39:41,2015/10/01 02:40:08,26875.000000
pl1.cs.montana.edu,planetlab-01.vt.nodes.planet-lab.org,file32B.txt,2015/10/01 02:40:08,2015/10/01 02:40:08,821.000000
pl1.cs.montana.edu,planetlab-01.vt.nodes.planet-lab.org,file1KB.txt,2015/10/01 02:40:08,2015/10/01 02:40:09,1291.000000
pl1.cs.montana.edu,planetlab-01.vt.nodes.planet-lab.org,file256KB.txt,2015/10/01 02:40:09,2015/10/01 02:41:02,53616.000000
pl1.cs.montana.edu,planetlab-01.vt.nodes.planet-lab.org,file512KB.txt,2015/10/01 02:41:02,2015/10/01 02:42:46,103644.000000
pl1.cs.montana.edu,planetlab-01.vt.nodes.planet-lab.org,file1MB.txt,2015/10/01 02:42:46,2015/10/01 02:46:14,208055.000000
plab3.eece.ksu.edu,planetlab-01.vt.nodes.planet-lab.org,file32B.txt,2015/10/01 02:46:35,2015/10/01 02:46:35,407.000000
plab3.eece.ksu.edu,planetlab-01.vt.nodes.planet-lab.org,file1KB.txt,2015/10/01 02:46:35,2015/10/01 02:46:36,1727.000000
plab3.eece.ksu.edu,planetlab-01.vt.nodes.planet-lab.org,file256KB.txt,2015/10/01 02:46:36,2015/10/01 02:46:56,20122.000000
plab3.eece.ksu.edu,planetlab-01.vt.nodes.planet-lab.org,file512KB.txt,2015/10/01 02:46:56,2015/10/01 02:47:35,38414.000000
plab3.eece.ksu.edu,planetlab-01.vt.nodes.planet-lab.org,file1MB.txt,2015/10/01 02:47:35,2015/10/01 02:48:54,78988.000000
planet3.cc.gt.atl.ga.us,planetlab-01.vt.nodes.planet-lab.org,file32B.txt,2015/10/01 02:48:54,2015/10/01 02:48:54,193.000000
planet3.cc.gt.atl.ga.us,planetlab-01.vt.nodes.planet-lab.org,file1KB.txt,2015/10/01 02:48:54,2015/10/01 02:48:54,122.000000
planet3.cc.gt.atl.ga.us,planetlab-01.vt.nodes.planet-lab.org,file256KB.txt,2015/10/01 02:48:54,2015/10/01 02:49:03,8986.000000
planet3.cc.gt.atl.ga.us,planetlab-01.vt.nodes.planet-lab.org,file512KB.txt,2015/10/01 02:49:03,2015/10/01 02:49:22,19507.000000
planet3.cc.gt.atl.ga.us,planetlab-01.vt.nodes.planet-lab.org,file1MB.txt,2015/10/01 02:49:22,2015/10/01 02:49:57,34576.000000
planetlab-02.bu.edu,planetlab-01.vt.nodes.planet-lab.org,file32B.txt,2015/10/01 02:49:58,2015/10/01 02:49:58,241.000000
planetlab-02.bu.edu,planetlab-01.vt.nodes.planet-lab.org,file1KB.txt,2015/10/01 02:49:58,2015/10/01 02:49:58,200.000000
planetlab-02.bu.edu,planetlab-01.vt.nodes.planet-lab.org,file256KB.txt,2015/10/01 02:49:58,2015/10/01 02:50:13,15457.000000
planetlab-02.bu.edu,planetlab-01.vt.nodes.planet-lab.org,file512KB.txt,2015/10/01 02:50:13,2015/10/01 02:50:42,28254.000000
planetlab-02.bu.edu,planetlab-01.vt.nodes.planet-lab.org,file1MB.txt,2015/10/01 02:50:42,2015/10/01 02:51:39,56898.000000
planetlab1.clemson.edu,planetlab-01.vt.nodes.planet-lab.org,file32B.txt,2015/10/01 02:51:43,2015/10/01 02:51:43,194.000000
planetlab1.clemson.edu,planetlab-01.vt.nodes.planet-lab.org,file1KB.txt,2015/10/01 02:51:43,2015/10/01 02:51:43,145.000000
planetlab1.clemson.edu,planetlab-01.vt.nodes.planet-lab.org,file256KB.txt,2015/10/01 02:51:43,2015/10/01 02:51:54,11431.000000
planetlab1.clemson.edu,planetlab-01.vt.nodes.planet-lab.org,file512KB.txt,2015/10/01 02:51:54,2015/10/01 02:52:15,20956.000000
planetlab1.clemson.edu,planetlab-01.vt.nodes.planet-lab.org,file1MB.txt,2015/10/01 02:52:15,2015/10/01 02:52:56,40342.000000
planetlab1.cs.du.edu,planetlab-01.vt.nodes.planet-lab.org,file32B.txt,2015/10/01 02:52:57,2015/10/01 02:52:57,387.000000
planetlab1.cs.du.edu,planetlab-01.vt.nodes.planet-lab.org,file1KB.txt,2015/10/01 02:52:57,2015/10/01 02:52:57,347.000000
planetlab1.cs.du.edu,planetlab-01.vt.nodes.planet-lab.org,file256KB.txt,2015/10/01 02:52:57,2015/10/01 02:53:23,26528.000000
planetlab1.cs.du.edu,planetlab-01.vt.nodes.planet-lab.org,file512KB.txt,2015/10/01 02:53:23,2015/10/01 02:54:13,49284.000000
planetlab1.cs.du.edu,planetlab-01.vt.nodes.planet-lab.org,file1MB.txt,2015/10/01 02:54:13,2015/10/01 02:55:56,103096.000000
planetlab-1.cse.ohio-state.edu,planetlab-01.vt.nodes.planet-lab.org,file32B.txt,2015/10/01 02:55:57,2015/10/01 02:56:03,5856.000000
planetlab-1.cse.ohio-state.edu,planetlab-01.vt.nodes.planet-lab.org,file1KB.txt,2015/10/01 02:56:03,2015/10/01 02:56:13,9626.000000
planetlab-1.cse.ohio-state.edu,planetlab-01.vt.nodes.planet-lab.org,file256KB.txt,2015/10/01 02:56:13,2015/10/01 03:38:04,1783446.000000
planetlab-1.cse.ohio-state.edu,planetlab-01.vt.nodes.planet-lab.org,file512KB.txt,2015/10/01 03:38:04,2015/10/01 04:16:15,-2004602.000000
