planetlab1.unr.edu,planetlab2.rutgers.edu,file32B.txt,2015/09/30 20:58:22,2015/09/30 20:58:22,590.000000
planetlab1.unr.edu,planetlab2.rutgers.edu,file1KB.txt,2015/09/30 20:58:22,2015/09/30 20:58:23,1462.000000
planetlab1.unr.edu,planetlab2.rutgers.edu,file256KB.txt,2015/09/30 20:58:23,2015/09/30 20:59:00,36900.000000
planetlab1.unr.edu,planetlab2.rutgers.edu,file512KB.txt,2015/09/30 20:59:00,2015/09/30 21:00:14,74334.000000
planetlab1.unr.edu,planetlab2.rutgers.edu,file1MB.txt,2015/09/30 21:00:14,2015/09/30 21:03:07,172274.000000
pl2.cs.unm.edu,planetlab2.rutgers.edu,file32B.txt,2015/09/30 21:03:07,2015/09/30 21:03:08,1478.000000
pl2.cs.unm.edu,planetlab2.rutgers.edu,file1KB.txt,2015/09/30 21:03:08,2015/09/30 21:03:08,473.000000
pl2.cs.unm.edu,planetlab2.rutgers.edu,file256KB.txt,2015/09/30 21:03:08,2015/09/30 21:03:40,32225.000000
pl2.cs.unm.edu,planetlab2.rutgers.edu,file512KB.txt,2015/09/30 21:03:40,2015/09/30 21:04:44,64250.000000
pl2.cs.unm.edu,planetlab2.rutgers.edu,file1MB.txt,2015/09/30 21:04:44,2015/09/30 21:07:08,144030.000000
planetlab2.cnis.nyit.edu,planetlab2.rutgers.edu,file32B.txt,2015/09/30 21:07:08,2015/09/30 21:07:08,314.000000
planetlab2.cnis.nyit.edu,planetlab2.rutgers.edu,file1KB.txt,2015/09/30 21:07:08,2015/09/30 21:07:08,343.000000
planetlab2.cnis.nyit.edu,planetlab2.rutgers.edu,file256KB.txt,2015/09/30 21:07:08,2015/09/30 21:07:22,14500.000000
planetlab2.cnis.nyit.edu,planetlab2.rutgers.edu,file512KB.txt,2015/09/30 21:07:22,2015/09/30 21:08:06,43523.000000
planetlab2.cnis.nyit.edu,planetlab2.rutgers.edu,file1MB.txt,2015/09/30 21:08:06,2015/09/30 21:28:35,-1229680.000000
planetlab2.rutgers.edu,planetlab2.rutgers.edu,file32B.txt,2015/09/30 21:28:35,2015/09/30 21:29:14,38611.000000
planetlab2.rutgers.edu,planetlab2.rutgers.edu,file1KB.txt,2015/09/30 21:29:14,2015/09/30 21:29:44,30234.000000
planetlab2.rutgers.edu,planetlab2.rutgers.edu,file256KB.txt,2015/09/30 21:29:44,2015/09/30 21:31:50,125915.000000
planetlab2.rutgers.edu,planetlab2.rutgers.edu,file512KB.txt,2015/09/30 21:31:50,2015/09/30 21:44:01,731120.000000
planetlab2.rutgers.edu,planetlab2.rutgers.edu,file1MB.txt,2015/09/30 21:44:01,2015/09/30 22:01:08,1026886.000000
planetlab2.ucsd.edu,planetlab2.rutgers.edu,file32B.txt,2015/09/30 22:01:33,2015/09/30 22:01:52,19021.000000
planetlab2.ucsd.edu,planetlab2.rutgers.edu,file1KB.txt,2015/09/30 22:01:52,2015/09/30 22:02:19,26383.000000
planetlab2.ucsd.edu,planetlab2.rutgers.edu,file256KB.txt,2015/09/30 22:02:19,2015/09/30 22:21:48,1169070.000000
planetlab2.ucsd.edu,planetlab2.rutgers.edu,file512KB.txt,2015/09/30 22:21:48,2015/09/30 23:04:23,1739398.000000
planetlab2.ucsd.edu,planetlab2.rutgers.edu,file1MB.txt,2015/09/30 23:04:23,2015/09/30 23:27:03,1359632.000000
planetlab3.cs.uoregon.edu,planetlab2.rutgers.edu,file32B.txt,2015/09/30 23:27:03,2015/09/30 23:27:04,884.000000
planetlab3.cs.uoregon.edu,planetlab2.rutgers.edu,file1KB.txt,2015/09/30 23:27:04,2015/09/30 23:27:05,994.000000
planetlab3.cs.uoregon.edu,planetlab2.rutgers.edu,file256KB.txt,2015/09/30 23:27:05,2015/09/30 23:28:02,56970.000000
planetlab3.cs.uoregon.edu,planetlab2.rutgers.edu,file512KB.txt,2015/09/30 23:28:02,2015/09/30 23:29:56,114258.000000
planetlab3.cs.uoregon.edu,planetlab2.rutgers.edu,file1MB.txt,2015/09/30 23:29:56,2015/09/30 23:33:42,226323.000000
planetlab-01.bu.edu,planetlab2.rutgers.edu,file32B.txt,2015/09/30 23:33:42,2015/09/30 23:33:42,468.000000
planetlab-01.bu.edu,planetlab2.rutgers.edu,file1KB.txt,2015/09/30 23:33:42,2015/09/30 23:33:43,1410.000000
planetlab-01.bu.edu,planetlab2.rutgers.edu,file256KB.txt,2015/09/30 23:33:43,2015/09/30 23:34:05,22055.000000
planetlab-01.bu.edu,planetlab2.rutgers.edu,file512KB.txt,2015/09/30 23:34:05,2015/09/30 23:34:47,41438.000000
planetlab-01.bu.edu,planetlab2.rutgers.edu,file1MB.txt,2015/09/30 23:34:47,2015/09/30 23:36:43,116337.000000
planetlab4.cnds.jhu.edu,planetlab2.rutgers.edu,file32B.txt,2015/09/30 23:36:43,2015/09/30 23:36:46,2555.000000
planetlab4.cnds.jhu.edu,planetlab2.rutgers.edu,file1KB.txt,2015/09/30 23:36:46,2015/09/30 23:36:47,1785.000000
planetlab4.cnds.jhu.edu,planetlab2.rutgers.edu,file256KB.txt,2015/09/30 23:36:47,2015/09/30 23:36:59,11805.000000
planetlab4.cnds.jhu.edu,planetlab2.rutgers.edu,file512KB.txt,2015/09/30 23:36:59,2015/09/30 23:37:21,22277.000000
planetlab4.cnds.jhu.edu,planetlab2.rutgers.edu,file1MB.txt,2015/09/30 23:37:21,2015/09/30 23:38:02,41000.000000
planetlabtwo.ccs.neu.edu,planetlab2.rutgers.edu,file32B.txt,2015/09/30 23:38:02,2015/09/30 23:38:02,235.000000
planetlabtwo.ccs.neu.edu,planetlab2.rutgers.edu,file1KB.txt,2015/09/30 23:38:02,2015/09/30 23:38:02,227.000000
planetlabtwo.ccs.neu.edu,planetlab2.rutgers.edu,file256KB.txt,2015/09/30 23:38:02,2015/09/30 23:38:14,11693.000000
planetlabtwo.ccs.neu.edu,planetlab2.rutgers.edu,file512KB.txt,2015/09/30 23:38:14,2015/09/30 23:38:41,27737.000000
planetlabtwo.ccs.neu.edu,planetlab2.rutgers.edu,file1MB.txt,2015/09/30 23:38:41,2015/09/30 23:39:29,47203.000000
planetlab1.cs.purdue.edu,planetlab2.rutgers.edu,file32B.txt,2015/09/30 23:39:29,2015/09/30 23:39:31,2357.000000
planetlab1.cs.purdue.edu,planetlab2.rutgers.edu,file1KB.txt,2015/09/30 23:39:31,2015/09/30 23:39:33,2237.000000
planetlab1.cs.purdue.edu,planetlab2.rutgers.edu,file256KB.txt,2015/09/30 23:39:33,2015/09/30 23:45:33,-359810.000000
planetlab1.cs.purdue.edu,planetlab2.rutgers.edu,file512KB.txt,2015/09/30 23:45:33,2015/10/01 00:04:21,1128281.000000
planetlab1.cs.purdue.edu,planetlab2.rutgers.edu,file1MB.txt,2015/10/01 00:04:21,2015/10/01 00:42:38,-1998733.000000
planetlab2.tsuniv.edu,planetlab2.rutgers.edu,file32B.txt,2015/10/01 00:42:38,2015/10/01 00:42:41,3846.000000
planetlab2.tsuniv.edu,planetlab2.rutgers.edu,file1KB.txt,2015/10/01 00:42:41,2015/10/01 00:42:42,309.000000
planetlab2.tsuniv.edu,planetlab2.rutgers.edu,file256KB.txt,2015/10/01 00:42:42,2015/10/01 00:45:38,177781.000000
planetlab2.tsuniv.edu,planetlab2.rutgers.edu,file512KB.txt,2015/10/01 00:45:38,2015/10/01 00:49:25,225101.000000
planetlab2.tsuniv.edu,planetlab2.rutgers.edu,file1MB.txt,2015/10/01 00:49:25,2015/10/01 01:09:35,-1210258.000000
planetlab1.tsuniv.edu,planetlab2.rutgers.edu,file32B.txt,2015/10/01 01:09:35,2015/10/01 01:09:36,699.000000
planetlab1.tsuniv.edu,planetlab2.rutgers.edu,file1KB.txt,2015/10/01 01:09:36,2015/10/01 01:09:37,1513.000000
planetlab1.tsuniv.edu,planetlab2.rutgers.edu,file256KB.txt,2015/10/01 01:09:37,2015/10/01 01:10:08,30820.000000
planetlab1.tsuniv.edu,planetlab2.rutgers.edu,file512KB.txt,2015/10/01 01:10:08,2015/10/01 01:11:11,62794.000000
planetlab1.tsuniv.edu,planetlab2.rutgers.edu,file1MB.txt,2015/10/01 01:11:11,2015/10/01 01:16:19,308387.000000
planetlab3.ucsd.edu,planetlab2.rutgers.edu,file32B.txt,2015/10/01 01:16:19,2015/10/01 01:16:20,980.000000
planetlab3.ucsd.edu,planetlab2.rutgers.edu,file1KB.txt,2015/10/01 01:16:20,2015/10/01 01:16:21,908.000000
planetlab3.ucsd.edu,planetlab2.rutgers.edu,file256KB.txt,2015/10/01 01:16:21,2015/10/01 01:17:04,42775.000000
planetlab3.ucsd.edu,planetlab2.rutgers.edu,file512KB.txt,2015/10/01 01:17:04,2015/10/01 01:18:33,89324.000000
planetlab3.ucsd.edu,planetlab2.rutgers.edu,file1MB.txt,2015/10/01 01:18:33,2015/10/01 01:21:31,177909.000000
node2.planetlab.mathcs.emory.edu,planetlab2.rutgers.edu,file32B.txt,2015/10/01 01:21:31,2015/10/01 01:21:32,1748.000000
node2.planetlab.mathcs.emory.edu,planetlab2.rutgers.edu,file1KB.txt,2015/10/01 01:21:32,2015/10/01 01:21:32,241.000000
node2.planetlab.mathcs.emory.edu,planetlab2.rutgers.edu,file256KB.txt,2015/10/01 01:21:32,2015/10/01 01:21:47,14694.000000
node2.planetlab.mathcs.emory.edu,planetlab2.rutgers.edu,file512KB.txt,2015/10/01 01:21:47,2015/10/01 01:22:20,33036.000000
node2.planetlab.mathcs.emory.edu,planetlab2.rutgers.edu,file1MB.txt,2015/10/01 01:22:20,2015/10/01 01:23:23,63187.000000
planetlab5.csee.usf.edu,planetlab2.rutgers.edu,file32B.txt,2015/10/01 01:23:23,2015/10/01 01:23:23,455.000000
planetlab5.csee.usf.edu,planetlab2.rutgers.edu,file1KB.txt,2015/10/01 01:23:23,2015/10/01 01:23:24,1646.000000
planetlab5.csee.usf.edu,planetlab2.rutgers.edu,file256KB.txt,2015/10/01 01:23:24,2015/10/01 01:23:45,20681.000000
planetlab5.csee.usf.edu,planetlab2.rutgers.edu,file512KB.txt,2015/10/01 01:23:45,2015/10/01 01:24:28,42873.000000
planetlab5.csee.usf.edu,planetlab2.rutgers.edu,file1MB.txt,2015/10/01 01:24:28,2015/10/01 01:26:07,99278.000000
planetlab1.emich.edu,planetlab2.rutgers.edu,file32B.txt,2015/10/01 01:26:07,2015/10/01 01:26:07,403.000000
planetlab1.emich.edu,planetlab2.rutgers.edu,file1KB.txt,2015/10/01 01:26:07,2015/10/01 01:26:08,1618.000000
planetlab1.emich.edu,planetlab2.rutgers.edu,file256KB.txt,2015/10/01 01:26:08,2015/10/01 01:26:27,18727.000000
planetlab1.emich.edu,planetlab2.rutgers.edu,file512KB.txt,2015/10/01 01:26:27,2015/10/01 01:27:05,37593.000000
planetlab1.emich.edu,planetlab2.rutgers.edu,file1MB.txt,2015/10/01 01:27:05,2015/10/01 01:28:20,74875.000000
ebb.colgate.edu,planetlab2.rutgers.edu,file32B.txt,2015/10/01 01:28:21,2015/10/01 01:28:21,325.000000
ebb.colgate.edu,planetlab2.rutgers.edu,file1KB.txt,2015/10/01 01:28:21,2015/10/01 01:28:24,2671.000000
ebb.colgate.edu,planetlab2.rutgers.edu,file256KB.txt,2015/10/01 01:28:24,2015/10/01 01:28:46,21924.000000
ebb.colgate.edu,planetlab2.rutgers.edu,file512KB.txt,2015/10/01 01:28:46,2015/10/01 01:29:28,42582.000000
ebb.colgate.edu,planetlab2.rutgers.edu,file1MB.txt,2015/10/01 01:29:28,2015/10/01 01:30:44,75305.000000
kc-sce-plab2.umkc.edu,planetlab2.rutgers.edu,file32B.txt,2015/10/01 01:30:44,2015/10/01 01:30:46,2298.000000
kc-sce-plab2.umkc.edu,planetlab2.rutgers.edu,file1KB.txt,2015/10/01 01:30:46,2015/10/01 01:30:48,2091.000000
kc-sce-plab2.umkc.edu,planetlab2.rutgers.edu,file256KB.txt,2015/10/01 01:30:48,2015/10/01 01:32:43,115176.000000
kc-sce-plab2.umkc.edu,planetlab2.rutgers.edu,file512KB.txt,2015/10/01 01:32:43,2015/10/01 01:36:21,217881.000000
kc-sce-plab2.umkc.edu,planetlab2.rutgers.edu,file1MB.txt,2015/10/01 01:36:21,2015/10/01 01:41:56,335229.000000
node1.planetlab.mathcs.emory.edu,planetlab2.rutgers.edu,file32B.txt,2015/10/01 01:41:56,2015/10/01 01:41:56,271.000000
node1.planetlab.mathcs.emory.edu,planetlab2.rutgers.edu,file1KB.txt,2015/10/01 01:41:56,2015/10/01 01:41:56,325.000000
node1.planetlab.mathcs.emory.edu,planetlab2.rutgers.edu,file256KB.txt,2015/10/01 01:41:56,2015/10/01 01:42:17,20984.000000
node1.planetlab.mathcs.emory.edu,planetlab2.rutgers.edu,file512KB.txt,2015/10/01 01:42:17,2015/10/01 01:42:54,37729.000000
node1.planetlab.mathcs.emory.edu,planetlab2.rutgers.edu,file1MB.txt,2015/10/01 01:42:54,2015/10/01 01:44:01,66516.000000
pl1.cs.montana.edu,planetlab2.rutgers.edu,file32B.txt,2015/10/01 01:44:01,2015/10/01 01:44:02,991.000000
pl1.cs.montana.edu,planetlab2.rutgers.edu,file1KB.txt,2015/10/01 01:44:02,2015/10/01 01:44:03,1069.000000
pl1.cs.montana.edu,planetlab2.rutgers.edu,file256KB.txt,2015/10/01 01:44:03,2015/10/01 01:45:10,67558.000000
pl1.cs.montana.edu,planetlab2.rutgers.edu,file512KB.txt,2015/10/01 01:45:10,2015/10/01 01:47:26,136093.000000
pl1.cs.montana.edu,planetlab2.rutgers.edu,file1MB.txt,2015/10/01 01:47:26,2015/10/01 01:51:45,258854.000000
plab3.eece.ksu.edu,planetlab2.rutgers.edu,file32B.txt,2015/10/01 01:52:06,2015/10/01 01:52:06,448.000000
plab3.eece.ksu.edu,planetlab2.rutgers.edu,file1KB.txt,2015/10/01 01:52:06,2015/10/01 01:52:07,1550.000000
plab3.eece.ksu.edu,planetlab2.rutgers.edu,file256KB.txt,2015/10/01 01:52:07,2015/10/01 01:52:33,26042.000000
plab3.eece.ksu.edu,planetlab2.rutgers.edu,file512KB.txt,2015/10/01 01:52:33,2015/10/01 01:53:28,54566.000000
plab3.eece.ksu.edu,planetlab2.rutgers.edu,file1MB.txt,2015/10/01 01:53:28,2015/10/01 01:55:13,105349.000000
planet3.cc.gt.atl.ga.us,planetlab2.rutgers.edu,file32B.txt,2015/10/01 01:55:13,2015/10/01 01:55:13,428.000000
planet3.cc.gt.atl.ga.us,planetlab2.rutgers.edu,file1KB.txt,2015/10/01 01:55:13,2015/10/01 01:55:14,1667.000000
planet3.cc.gt.atl.ga.us,planetlab2.rutgers.edu,file256KB.txt,2015/10/01 01:55:14,2015/10/01 01:55:31,16423.000000
planet3.cc.gt.atl.ga.us,planetlab2.rutgers.edu,file512KB.txt,2015/10/01 01:55:31,2015/10/01 01:56:03,31902.000000
planet3.cc.gt.atl.ga.us,planetlab2.rutgers.edu,file1MB.txt,2015/10/01 01:56:03,2015/10/01 01:57:22,78813.000000
planetlab-02.bu.edu,planetlab2.rutgers.edu,file32B.txt,2015/10/01 01:57:23,2015/10/01 01:57:23,207.000000
planetlab-02.bu.edu,planetlab2.rutgers.edu,file1KB.txt,2015/10/01 01:57:23,2015/10/01 01:57:23,257.000000
planetlab-02.bu.edu,planetlab2.rutgers.edu,file256KB.txt,2015/10/01 01:57:23,2015/10/01 01:57:38,14564.000000
planetlab-02.bu.edu,planetlab2.rutgers.edu,file512KB.txt,2015/10/01 01:57:38,2015/10/01 01:58:15,37674.000000
planetlab-02.bu.edu,planetlab2.rutgers.edu,file1MB.txt,2015/10/01 01:58:15,2015/10/01 01:59:22,66843.000000
planetlab1.clemson.edu,planetlab2.rutgers.edu,file32B.txt,2015/10/01 01:59:43,2015/10/01 01:59:44,1608.000000
planetlab1.clemson.edu,planetlab2.rutgers.edu,file1KB.txt,2015/10/01 01:59:44,2015/10/01 01:59:44,282.000000
planetlab1.clemson.edu,planetlab2.rutgers.edu,file256KB.txt,2015/10/01 01:59:44,2015/10/01 02:00:05,20841.000000
planetlab1.clemson.edu,planetlab2.rutgers.edu,file512KB.txt,2015/10/01 02:00:05,2015/10/01 02:00:47,41917.000000
planetlab1.clemson.edu,planetlab2.rutgers.edu,file1MB.txt,2015/10/01 02:00:47,2015/10/01 02:01:56,68984.000000
planetlab1.cs.du.edu,planetlab2.rutgers.edu,file32B.txt,2015/10/01 02:01:56,2015/10/01 02:01:57,1533.000000
planetlab1.cs.du.edu,planetlab2.rutgers.edu,file1KB.txt,2015/10/01 02:01:57,2015/10/01 02:01:58,1359.000000
planetlab1.cs.du.edu,planetlab2.rutgers.edu,file256KB.txt,2015/10/01 02:01:58,2015/10/01 02:02:28,29358.000000
planetlab1.cs.du.edu,planetlab2.rutgers.edu,file512KB.txt,2015/10/01 02:02:28,2015/10/01 02:03:29,61003.000000
planetlab1.cs.du.edu,planetlab2.rutgers.edu,file1MB.txt,2015/10/01 02:03:29,2015/10/01 02:05:36,127427.000000
planetlab-1.cse.ohio-state.edu,planetlab2.rutgers.edu,file32B.txt,2015/10/01 02:05:36,2015/10/01 02:05:40,4320.000000
planetlab-1.cse.ohio-state.edu,planetlab2.rutgers.edu,file1KB.txt,2015/10/01 02:05:40,2015/10/01 02:05:42,1944.000000
planetlab-1.cse.ohio-state.edu,planetlab2.rutgers.edu,file256KB.txt,2015/10/01 02:05:42,2015/10/01 02:16:57,-675036.000000
planetlab-1.cse.ohio-state.edu,planetlab2.rutgers.edu,file512KB.txt,2015/10/01 02:16:57,2015/10/01 02:43:11,1573693.000000
planetlab1.cs.okstate.edu,planetlab2.rutgers.edu,file32B.txt,2015/10/01 03:29:25,2015/10/01 03:29:26,1463.000000
planetlab1.cs.okstate.edu,planetlab2.rutgers.edu,file1KB.txt,2015/10/01 03:29:26,2015/10/01 03:29:27,1181.000000
planetlab1.cs.okstate.edu,planetlab2.rutgers.edu,file256KB.txt,2015/10/01 03:29:27,2015/10/01 03:30:01,33934.000000
planetlab1.cs.okstate.edu,planetlab2.rutgers.edu,file512KB.txt,2015/10/01 03:30:01,2015/10/01 03:31:09,68069.000000
planetlab1.cs.okstate.edu,planetlab2.rutgers.edu,file1MB.txt,2015/10/01 03:31:09,2015/10/01 03:33:26,136375.000000
planetlab1.cs.ucla.edu,planetlab2.rutgers.edu,file32B.txt,2015/10/01 03:33:26,2015/10/01 03:33:27,1328.000000
planetlab1.cs.ucla.edu,planetlab2.rutgers.edu,file1KB.txt,2015/10/01 03:33:27,2015/10/01 03:33:28,1187.000000
planetlab1.cs.ucla.edu,planetlab2.rutgers.edu,file256KB.txt,2015/10/01 03:33:28,2015/10/01 03:34:15,46645.000000
planetlab1.cs.ucla.edu,planetlab2.rutgers.edu,file512KB.txt,2015/10/01 03:34:15,2015/10/01 03:35:47,91930.000000
planetlab1.cs.ucla.edu,planetlab2.rutgers.edu,file1MB.txt,2015/10/01 03:35:47,2015/10/01 03:38:54,187238.000000
planetlab1.csuohio.edu,planetlab2.rutgers.edu,file32B.txt,2015/10/01 03:38:54,2015/10/01 03:38:55,733.000000
planetlab1.csuohio.edu,planetlab2.rutgers.edu,file1KB.txt,2015/10/01 03:38:55,2015/10/01 03:38:56,1520.000000
planetlab1.csuohio.edu,planetlab2.rutgers.edu,file256KB.txt,2015/10/01 03:38:56,2015/10/01 03:39:18,22019.000000
planetlab1.csuohio.edu,planetlab2.rutgers.edu,file512KB.txt,2015/10/01 03:39:18,2015/10/01 03:40:03,45163.000000
planetlab1.csuohio.edu,planetlab2.rutgers.edu,file1MB.txt,2015/10/01 03:40:03,2015/10/01 03:41:30,86667.000000
planetlab1.emich.edu,planetlab2.rutgers.edu,file32B.txt,2015/10/01 03:41:30,2015/10/01 03:41:30,414.000000
planetlab1.emich.edu,planetlab2.rutgers.edu,file1KB.txt,2015/10/01 03:41:30,2015/10/01 03:41:31,1571.000000
planetlab1.emich.edu,planetlab2.rutgers.edu,file256KB.txt,2015/10/01 03:41:31,2015/10/01 03:41:54,22801.000000
planetlab1.emich.edu,planetlab2.rutgers.edu,file512KB.txt,2015/10/01 03:41:54,2015/10/01 03:42:36,41693.000000
planetlab1.emich.edu,planetlab2.rutgers.edu,file1MB.txt,2015/10/01 03:42:36,2015/10/01 03:43:54,78481.000000
planetlab1.ucsd.edu,planetlab2.rutgers.edu,file32B.txt,2015/10/01 03:44:15,2015/10/01 03:44:16,1171.000000
planetlab1.ucsd.edu,planetlab2.rutgers.edu,file1KB.txt,2015/10/01 03:44:16,2015/10/01 03:44:17,1270.000000
planetlab1.ucsd.edu,planetlab2.rutgers.edu,file256KB.txt,2015/10/01 03:44:17,2015/10/01 03:45:02,44957.000000
planetlab1.ucsd.edu,planetlab2.rutgers.edu,file512KB.txt,2015/10/01 03:45:02,2015/10/01 03:46:30,87999.000000
planetlab1.ucsd.edu,planetlab2.rutgers.edu,file1MB.txt,2015/10/01 03:46:30,2015/10/01 03:49:38,188247.000000
planetlab2.acis.ufl.edu,planetlab2.rutgers.edu,file32B.txt,2015/10/01 03:49:38,2015/10/01 03:49:38,423.000000
planetlab2.acis.ufl.edu,planetlab2.rutgers.edu,file1KB.txt,2015/10/01 03:49:38,2015/10/01 03:49:38,300.000000
planetlab2.acis.ufl.edu,planetlab2.rutgers.edu,file256KB.txt,2015/10/01 03:49:38,2015/10/01 03:49:59,21389.000000
planetlab2.acis.ufl.edu,planetlab2.rutgers.edu,file512KB.txt,2015/10/01 03:49:59,2015/10/01 03:50:42,43097.000000
planetlab2.acis.ufl.edu,planetlab2.rutgers.edu,file1MB.txt,2015/10/01 03:50:42,2015/10/01 03:52:06,84184.000000
planetlab2.arizona-gigapop.net,planetlab2.rutgers.edu,file32B.txt,2015/10/01 03:52:06,2015/10/01 03:52:06,579.000000
planetlab2.arizona-gigapop.net,planetlab2.rutgers.edu,file1KB.txt,2015/10/01 03:52:06,2015/10/01 03:52:07,1375.000000
planetlab2.arizona-gigapop.net,planetlab2.rutgers.edu,file256KB.txt,2015/10/01 03:52:07,2015/10/01 03:52:47,40156.000000
planetlab2.arizona-gigapop.net,planetlab2.rutgers.edu,file512KB.txt,2015/10/01 03:52:47,2015/10/01 03:54:07,79838.000000
planetlab2.arizona-gigapop.net,planetlab2.rutgers.edu,file1MB.txt,2015/10/01 03:54:07,2015/10/01 03:56:47,159642.000000
planetlab2.citadel.edu,planetlab2.rutgers.edu,file32B.txt,2015/10/01 03:56:47,2015/10/01 03:56:48,1626.000000
planetlab2.citadel.edu,planetlab2.rutgers.edu,file1KB.txt,2015/10/01 03:56:48,2015/10/01 03:56:48,379.000000
planetlab2.citadel.edu,planetlab2.rutgers.edu,file256KB.txt,2015/10/01 03:56:48,2015/10/01 03:57:11,23315.000000
planetlab2.citadel.edu,planetlab2.rutgers.edu,file512KB.txt,2015/10/01 03:57:11,2015/10/01 03:57:57,45297.000000
planetlab2.citadel.edu,planetlab2.rutgers.edu,file1MB.txt,2015/10/01 03:57:57,2015/10/01 03:59:31,94357.000000
planetlab2.cs.pitt.edu,planetlab2.rutgers.edu,file32B.txt,2015/10/01 03:59:31,2015/10/01 03:59:31,310.000000
planetlab2.cs.pitt.edu,planetlab2.rutgers.edu,file1KB.txt,2015/10/01 03:59:31,2015/10/01 03:59:32,1605.000000
planetlab2.cs.pitt.edu,planetlab2.rutgers.edu,file256KB.txt,2015/10/01 03:59:32,2015/10/01 03:59:47,14908.000000
planetlab2.cs.pitt.edu,planetlab2.rutgers.edu,file512KB.txt,2015/10/01 03:59:47,2015/10/01 04:00:18,31389.000000
planetlab2.cs.pitt.edu,planetlab2.rutgers.edu,file1MB.txt,2015/10/01 04:00:18,2015/10/01 04:01:09,50124.000000
planetlab2.cs.purdue.edu,planetlab2.rutgers.edu,file32B.txt,2015/10/01 04:01:09,2015/10/01 04:01:10,1399.000000
planetlab2.cs.purdue.edu,planetlab2.rutgers.edu,file1KB.txt,2015/10/01 04:01:10,2015/10/01 04:01:11,1374.000000
planetlab2.cs.purdue.edu,planetlab2.rutgers.edu,file256KB.txt,2015/10/01 04:01:11,2015/10/01 04:01:54,42500.000000
planetlab2.cs.purdue.edu,planetlab2.rutgers.edu,file512KB.txt,2015/10/01 04:01:54,2015/10/01 04:03:54,120246.000000
planetlab2.cs.purdue.edu,planetlab2.rutgers.edu,file1MB.txt,2015/10/01 04:03:54,2015/10/01 04:07:10,195932.000000
planetlab2.cs.uml.edu,planetlab2.rutgers.edu,file32B.txt,2015/10/01 04:07:52,2015/10/01 04:07:53,1746.000000
planetlab2.cs.uml.edu,planetlab2.rutgers.edu,file1KB.txt,2015/10/01 04:07:53,2015/10/01 04:07:53,313.000000
planetlab2.cs.uml.edu,planetlab2.rutgers.edu,file256KB.txt,2015/10/01 04:07:53,2015/10/01 04:08:07,14209.000000
planetlab2.cs.uml.edu,planetlab2.rutgers.edu,file512KB.txt,2015/10/01 04:08:07,2015/10/01 04:08:33,25792.000000
planetlab2.cs.uml.edu,planetlab2.rutgers.edu,file1MB.txt,2015/10/01 04:08:33,2015/10/01 04:09:42,68894.000000
planetlab2.cs.unc.edu,planetlab2.rutgers.edu,file32B.txt,2015/10/01 04:09:42,2015/10/01 04:09:42,265.000000
planetlab2.cs.unc.edu,planetlab2.rutgers.edu,file1KB.txt,2015/10/01 04:09:42,2015/10/01 04:09:43,1573.000000
planetlab2.cs.unc.edu,planetlab2.rutgers.edu,file256KB.txt,2015/10/01 04:09:43,2015/10/01 04:09:59,15509.000000
planetlab2.cs.unc.edu,planetlab2.rutgers.edu,file512KB.txt,2015/10/01 04:09:59,2015/10/01 04:10:31,32628.000000
planetlab2.cs.unc.edu,planetlab2.rutgers.edu,file1MB.txt,2015/10/01 04:10:31,2015/10/01 04:11:46,75090.000000
planetlab2.cs.uoregon.edu,planetlab2.rutgers.edu,file32B.txt,2015/10/01 04:11:46,2015/10/01 04:11:46,839.000000
planetlab2.cs.uoregon.edu,planetlab2.rutgers.edu,file1KB.txt,2015/10/01 04:11:46,2015/10/01 04:11:47,1116.000000
planetlab2.cs.uoregon.edu,planetlab2.rutgers.edu,file256KB.txt,2015/10/01 04:11:47,2015/10/01 04:12:49,62379.000000
planetlab2.cs.uoregon.edu,planetlab2.rutgers.edu,file512KB.txt,2015/10/01 04:12:49,2015/10/01 04:15:08,139064.000000
