planetlab1.unr.edu,pl-node-0.csl.sri.com,file32B.txt,2015/09/30 21:13:23,2015/09/30 21:13:24,1759.000000
planetlab1.unr.edu,pl-node-0.csl.sri.com,file1KB.txt,2015/09/30 21:13:24,2015/09/30 21:13:24,294.000000
planetlab1.unr.edu,pl-node-0.csl.sri.com,file256KB.txt,2015/09/30 21:13:24,2015/09/30 21:13:40,15949.000000
planetlab1.unr.edu,pl-node-0.csl.sri.com,file512KB.txt,2015/09/30 21:13:40,2015/09/30 21:14:13,32999.000000
planetlab1.unr.edu,pl-node-0.csl.sri.com,file1MB.txt,2015/09/30 21:14:13,2015/09/30 21:15:15,62474.000000
pl2.cs.unm.edu,pl-node-0.csl.sri.com,file32B.txt,2015/09/30 21:15:15,2015/09/30 21:15:15,293.000000
pl2.cs.unm.edu,pl-node-0.csl.sri.com,file1KB.txt,2015/09/30 21:15:15,2015/09/30 21:15:15,328.000000
pl2.cs.unm.edu,pl-node-0.csl.sri.com,file256KB.txt,2015/09/30 21:15:15,2015/09/30 21:15:35,19875.000000
pl2.cs.unm.edu,pl-node-0.csl.sri.com,file512KB.txt,2015/09/30 21:15:35,2015/09/30 21:16:16,41396.000000
pl2.cs.unm.edu,pl-node-0.csl.sri.com,file1MB.txt,2015/09/30 21:16:16,2015/09/30 21:17:39,82780.000000
planetlab2.cnis.nyit.edu,pl-node-0.csl.sri.com,file32B.txt,2015/09/30 21:17:39,2015/09/30 21:17:40,1349.000000
planetlab2.cnis.nyit.edu,pl-node-0.csl.sri.com,file1KB.txt,2015/09/30 21:17:40,2015/09/30 21:17:40,671.000000
planetlab2.cnis.nyit.edu,pl-node-0.csl.sri.com,file256KB.txt,2015/09/30 21:17:40,2015/09/30 21:18:25,45825.000000
planetlab2.cnis.nyit.edu,pl-node-0.csl.sri.com,file512KB.txt,2015/09/30 21:18:25,2015/09/30 21:19:54,88370.000000
planetlab2.cnis.nyit.edu,pl-node-0.csl.sri.com,file1MB.txt,2015/09/30 21:19:54,2015/09/30 21:22:53,-179004.000000
planetlab2.rutgers.edu,pl-node-0.csl.sri.com,file32B.txt,2015/09/30 21:22:53,2015/09/30 21:23:05,12042.000000
planetlab2.rutgers.edu,pl-node-0.csl.sri.com,file1KB.txt,2015/09/30 21:23:05,2015/09/30 21:23:22,17239.000000
planetlab2.rutgers.edu,pl-node-0.csl.sri.com,file256KB.txt,2015/09/30 21:23:22,2015/09/30 21:46:00,1358139.000000
planetlab2.rutgers.edu,pl-node-0.csl.sri.com,file512KB.txt,2015/09/30 21:46:00,2015/09/30 22:28:04,-1770843.000000
planetlab2.rutgers.edu,pl-node-0.csl.sri.com,file1MB.txt,2015/09/30 22:28:04,2015/09/30 23:25:10,869699.000000
planetlab2.cs.du.edu,pl-node-0.csl.sri.com,file32B.txt,2015/09/30 23:25:10,2015/09/30 23:25:11,1552.000000
planetlab2.cs.du.edu,pl-node-0.csl.sri.com,file1KB.txt,2015/09/30 23:25:11,2015/09/30 23:25:11,471.000000
planetlab2.cs.du.edu,pl-node-0.csl.sri.com,file256KB.txt,2015/09/30 23:25:11,2015/09/30 23:25:41,30673.000000
planetlab2.cs.du.edu,pl-node-0.csl.sri.com,file512KB.txt,2015/09/30 23:25:41,2015/09/30 23:26:48,66451.000000
planetlab2.cs.du.edu,pl-node-0.csl.sri.com,file1MB.txt,2015/09/30 23:26:48,2015/09/30 23:28:45,117487.000000
planetlab2.ucsd.edu,pl-node-0.csl.sri.com,file32B.txt,2015/09/30 23:28:45,2015/09/30 23:28:45,181.000000
planetlab2.ucsd.edu,pl-node-0.csl.sri.com,file1KB.txt,2015/09/30 23:28:45,2015/09/30 23:28:45,203.000000
planetlab2.ucsd.edu,pl-node-0.csl.sri.com,file256KB.txt,2015/09/30 23:28:45,2015/09/30 23:28:53,8337.000000
planetlab2.ucsd.edu,pl-node-0.csl.sri.com,file512KB.txt,2015/09/30 23:28:53,2015/09/30 23:29:08,14902.000000
planetlab2.ucsd.edu,pl-node-0.csl.sri.com,file1MB.txt,2015/09/30 23:29:08,2015/09/30 23:29:38,29911.000000
planetlab3.cs.uoregon.edu,pl-node-0.csl.sri.com,file32B.txt,2015/09/30 23:29:38,2015/09/30 23:29:38,283.000000
planetlab3.cs.uoregon.edu,pl-node-0.csl.sri.com,file1KB.txt,2015/09/30 23:29:38,2015/09/30 23:29:39,1742.000000
planetlab3.cs.uoregon.edu,pl-node-0.csl.sri.com,file256KB.txt,2015/09/30 23:29:39,2015/09/30 23:29:53,13983.000000
planetlab3.cs.uoregon.edu,pl-node-0.csl.sri.com,file512KB.txt,2015/09/30 23:29:53,2015/09/30 23:30:21,28000.000000
planetlab3.cs.uoregon.edu,pl-node-0.csl.sri.com,file1MB.txt,2015/09/30 23:30:21,2015/09/30 23:31:17,55949.000000
planetlab-01.bu.edu,pl-node-0.csl.sri.com,file32B.txt,2015/09/30 23:31:17,2015/09/30 23:31:17,593.000000
planetlab-01.bu.edu,pl-node-0.csl.sri.com,file1KB.txt,2015/09/30 23:31:17,2015/09/30 23:31:18,1217.000000
planetlab-01.bu.edu,pl-node-0.csl.sri.com,file256KB.txt,2015/09/30 23:31:18,2015/09/30 23:32:02,43914.000000
planetlab-01.bu.edu,pl-node-0.csl.sri.com,file512KB.txt,2015/09/30 23:32:02,2015/09/30 23:33:30,87968.000000
planetlab-01.bu.edu,pl-node-0.csl.sri.com,file1MB.txt,2015/09/30 23:33:30,2015/09/30 23:36:29,179271.000000
planetlab4.cnds.jhu.edu,pl-node-0.csl.sri.com,file32B.txt,2015/09/30 23:36:29,2015/09/30 23:36:29,584.000000
planetlab4.cnds.jhu.edu,pl-node-0.csl.sri.com,file1KB.txt,2015/09/30 23:36:29,2015/09/30 23:36:30,1163.000000
planetlab4.cnds.jhu.edu,pl-node-0.csl.sri.com,file256KB.txt,2015/09/30 23:36:30,2015/09/30 23:37:14,43876.000000
planetlab4.cnds.jhu.edu,pl-node-0.csl.sri.com,file512KB.txt,2015/09/30 23:37:14,2015/09/30 23:38:41,87350.000000
planetlab4.cnds.jhu.edu,pl-node-0.csl.sri.com,file1MB.txt,2015/09/30 23:38:41,2015/09/30 23:41:37,176420.000000
planetlabtwo.ccs.neu.edu,pl-node-0.csl.sri.com,file32B.txt,2015/09/30 23:41:37,2015/09/30 23:41:37,655.000000
planetlabtwo.ccs.neu.edu,pl-node-0.csl.sri.com,file1KB.txt,2015/09/30 23:41:37,2015/09/30 23:41:38,1127.000000
planetlabtwo.ccs.neu.edu,pl-node-0.csl.sri.com,file256KB.txt,2015/09/30 23:41:38,2015/09/30 23:42:21,43235.000000
planetlabtwo.ccs.neu.edu,pl-node-0.csl.sri.com,file512KB.txt,2015/09/30 23:42:21,2015/09/30 23:43:43,-81600.000000
planetlabtwo.ccs.neu.edu,pl-node-0.csl.sri.com,file1MB.txt,2015/09/30 23:43:43,2015/09/30 23:46:20,157500.000000
planetlab1.cs.purdue.edu,pl-node-0.csl.sri.com,file32B.txt,2015/09/30 23:46:20,2015/09/30 23:46:24,3741.000000
planetlab1.cs.purdue.edu,pl-node-0.csl.sri.com,file1KB.txt,2015/09/30 23:46:24,2015/09/30 23:46:30,6593.000000
planetlab1.cs.purdue.edu,pl-node-0.csl.sri.com,file256KB.txt,2015/09/30 23:46:30,2015/09/30 23:59:43,792365.000000
planetlab1.cs.purdue.edu,pl-node-0.csl.sri.com,file512KB.txt,2015/09/30 23:59:43,2015/10/01 00:30:26,1842702.000000
planetlab1.cs.purdue.edu,pl-node-0.csl.sri.com,file1MB.txt,2015/10/01 00:30:26,2015/10/01 01:16:12,1548772.000000
planetlab2.tsuniv.edu,pl-node-0.csl.sri.com,file32B.txt,2015/10/01 01:16:12,2015/10/01 01:16:17,5570.000000
planetlab2.tsuniv.edu,pl-node-0.csl.sri.com,file1KB.txt,2015/10/01 01:16:17,2015/10/01 01:16:22,4622.000000
planetlab2.tsuniv.edu,pl-node-0.csl.sri.com,file256KB.txt,2015/10/01 01:16:22,2015/10/01 01:20:43,260681.000000
planetlab2.tsuniv.edu,pl-node-0.csl.sri.com,file512KB.txt,2015/10/01 01:20:43,2015/10/01 01:26:40,357825.000000
planetlab2.tsuniv.edu,pl-node-0.csl.sri.com,file1MB.txt,2015/10/01 01:26:40,2015/10/01 01:34:24,463165.000000
planetlab1.tsuniv.edu,pl-node-0.csl.sri.com,file32B.txt,2015/10/01 01:34:24,2015/10/01 01:34:33,9356.000000
planetlab1.tsuniv.edu,pl-node-0.csl.sri.com,file1KB.txt,2015/10/01 01:34:33,2015/10/01 01:34:42,9476.000000
planetlab1.tsuniv.edu,pl-node-0.csl.sri.com,file256KB.txt,2015/10/01 01:34:42,2015/10/01 01:39:44,301883.000000
planetlab1.tsuniv.edu,pl-node-0.csl.sri.com,file512KB.txt,2015/10/01 01:39:44,2015/10/01 01:55:02,917435.000000
planetlab1.tsuniv.edu,pl-node-0.csl.sri.com,file1MB.txt,2015/10/01 01:55:02,2015/10/01 02:27:31,-1949340.000000
planetlab3.ucsd.edu,pl-node-0.csl.sri.com,file32B.txt,2015/10/01 02:27:31,2015/10/01 02:27:31,220.000000
planetlab3.ucsd.edu,pl-node-0.csl.sri.com,file1KB.txt,2015/10/01 02:27:31,2015/10/01 02:27:31,240.000000
planetlab3.ucsd.edu,pl-node-0.csl.sri.com,file256KB.txt,2015/10/01 02:27:31,2015/10/01 02:27:41,10340.000000
planetlab3.ucsd.edu,pl-node-0.csl.sri.com,file512KB.txt,2015/10/01 02:27:41,2015/10/01 02:28:00,19246.000000
planetlab3.ucsd.edu,pl-node-0.csl.sri.com,file1MB.txt,2015/10/01 02:28:00,2015/10/01 02:28:38,38140.000000
node2.planetlab.mathcs.emory.edu,pl-node-0.csl.sri.com,file32B.txt,2015/10/01 02:28:38,2015/10/01 02:28:39,1370.000000
node2.planetlab.mathcs.emory.edu,pl-node-0.csl.sri.com,file1KB.txt,2015/10/01 02:28:39,2015/10/01 02:28:39,662.000000
node2.planetlab.mathcs.emory.edu,pl-node-0.csl.sri.com,file256KB.txt,2015/10/01 02:28:39,2015/10/01 02:29:16,37226.000000
node2.planetlab.mathcs.emory.edu,pl-node-0.csl.sri.com,file512KB.txt,2015/10/01 02:29:16,2015/10/01 02:30:29,72737.000000
node2.planetlab.mathcs.emory.edu,pl-node-0.csl.sri.com,file1MB.txt,2015/10/01 02:30:29,2015/10/01 02:33:03,153802.000000
planetlab5.csee.usf.edu,pl-node-0.csl.sri.com,file32B.txt,2015/10/01 02:33:03,2015/10/01 02:33:04,1197.000000
planetlab5.csee.usf.edu,pl-node-0.csl.sri.com,file1KB.txt,2015/10/01 02:33:04,2015/10/01 02:33:05,1263.000000
planetlab5.csee.usf.edu,pl-node-0.csl.sri.com,file256KB.txt,2015/10/01 02:33:05,2015/10/01 02:33:54,48917.000000
planetlab5.csee.usf.edu,pl-node-0.csl.sri.com,file512KB.txt,2015/10/01 02:33:54,2015/10/01 02:35:31,97210.000000
planetlab5.csee.usf.edu,pl-node-0.csl.sri.com,file1MB.txt,2015/10/01 02:35:31,2015/10/01 02:38:43,191396.000000
planetlab1.emich.edu,pl-node-0.csl.sri.com,file32B.txt,2015/10/01 02:38:43,2015/10/01 02:38:44,1089.000000
planetlab1.emich.edu,pl-node-0.csl.sri.com,file1KB.txt,2015/10/01 02:38:44,2015/10/01 02:38:45,1219.000000
planetlab1.emich.edu,pl-node-0.csl.sri.com,file256KB.txt,2015/10/01 02:38:45,2015/10/01 02:39:24,38756.000000
planetlab1.emich.edu,pl-node-0.csl.sri.com,file512KB.txt,2015/10/01 02:39:24,2015/10/01 02:40:49,85563.000000
planetlab1.emich.edu,pl-node-0.csl.sri.com,file1MB.txt,2015/10/01 02:40:49,2015/10/01 02:43:42,172851.000000
ebb.colgate.edu,pl-node-0.csl.sri.com,file32B.txt,2015/10/01 02:43:42,2015/10/01 02:43:43,1409.000000
ebb.colgate.edu,pl-node-0.csl.sri.com,file1KB.txt,2015/10/01 02:43:43,2015/10/01 02:43:44,1100.000000
ebb.colgate.edu,pl-node-0.csl.sri.com,file256KB.txt,2015/10/01 02:43:44,2015/10/01 02:44:48,63938.000000
ebb.colgate.edu,pl-node-0.csl.sri.com,file512KB.txt,2015/10/01 02:44:48,2015/10/01 02:46:44,115668.000000
ebb.colgate.edu,pl-node-0.csl.sri.com,file1MB.txt,2015/10/01 02:46:44,2015/10/01 02:50:08,203672.000000
kc-sce-plab2.umkc.edu,pl-node-0.csl.sri.com,file32B.txt,2015/10/01 02:50:08,2015/10/01 02:50:10,2478.000000
kc-sce-plab2.umkc.edu,pl-node-0.csl.sri.com,file1KB.txt,2015/10/01 02:50:10,2015/10/01 02:50:12,1713.000000
kc-sce-plab2.umkc.edu,pl-node-0.csl.sri.com,file256KB.txt,2015/10/01 02:50:12,2015/10/01 02:53:11,178939.000000
kc-sce-plab2.umkc.edu,pl-node-0.csl.sri.com,file512KB.txt,2015/10/01 02:53:11,2015/10/01 03:00:42,451609.000000
kc-sce-plab2.umkc.edu,pl-node-0.csl.sri.com,file1MB.txt,2015/10/01 03:00:42,2015/10/01 03:06:35,353211.000000
node1.planetlab.mathcs.emory.edu,pl-node-0.csl.sri.com,file32B.txt,2015/10/01 03:06:35,2015/10/01 03:06:35,807.000000
node1.planetlab.mathcs.emory.edu,pl-node-0.csl.sri.com,file1KB.txt,2015/10/01 03:06:35,2015/10/01 03:06:36,1492.000000
node1.planetlab.mathcs.emory.edu,pl-node-0.csl.sri.com,file256KB.txt,2015/10/01 03:06:36,2015/10/01 03:07:15,38876.000000
node1.planetlab.mathcs.emory.edu,pl-node-0.csl.sri.com,file512KB.txt,2015/10/01 03:07:15,2015/10/01 03:08:33,77812.000000
node1.planetlab.mathcs.emory.edu,pl-node-0.csl.sri.com,file1MB.txt,2015/10/01 03:08:33,2015/10/01 03:11:06,153958.000000
pl1.cs.montana.edu,pl-node-0.csl.sri.com,file32B.txt,2015/10/01 03:11:06,2015/10/01 03:11:06,521.000000
pl1.cs.montana.edu,pl-node-0.csl.sri.com,file1KB.txt,2015/10/01 03:11:06,2015/10/01 03:11:07,1414.000000
pl1.cs.montana.edu,pl-node-0.csl.sri.com,file256KB.txt,2015/10/01 03:11:07,2015/10/01 03:11:42,34592.000000
pl1.cs.montana.edu,pl-node-0.csl.sri.com,file512KB.txt,2015/10/01 03:11:42,2015/10/01 03:12:53,71515.000000
pl1.cs.montana.edu,pl-node-0.csl.sri.com,file1MB.txt,2015/10/01 03:12:53,2015/10/01 03:17:06,252862.000000
plab3.eece.ksu.edu,pl-node-0.csl.sri.com,file32B.txt,2015/10/01 03:17:28,2015/10/01 03:17:31,2477.000000
plab3.eece.ksu.edu,pl-node-0.csl.sri.com,file1KB.txt,2015/10/01 03:17:31,2015/10/01 03:17:36,5230.000000
plab3.eece.ksu.edu,pl-node-0.csl.sri.com,file256KB.txt,2015/10/01 03:17:36,2015/10/01 03:19:05,-89512.000000
plab3.eece.ksu.edu,pl-node-0.csl.sri.com,file512KB.txt,2015/10/01 03:19:05,2015/10/01 03:20:16,70751.000000
plab3.eece.ksu.edu,pl-node-0.csl.sri.com,file1MB.txt,2015/10/01 03:20:16,2015/10/01 03:22:40,143500.000000
planet3.cc.gt.atl.ga.us,pl-node-0.csl.sri.com,file32B.txt,2015/10/01 03:22:40,2015/10/01 03:22:41,1274.000000
planet3.cc.gt.atl.ga.us,pl-node-0.csl.sri.com,file1KB.txt,2015/10/01 03:22:41,2015/10/01 03:22:42,1263.000000
planet3.cc.gt.atl.ga.us,pl-node-0.csl.sri.com,file256KB.txt,2015/10/01 03:22:42,2015/10/01 03:23:25,42756.000000
planet3.cc.gt.atl.ga.us,pl-node-0.csl.sri.com,file512KB.txt,2015/10/01 03:23:25,2015/10/01 03:24:51,86046.000000
planet3.cc.gt.atl.ga.us,pl-node-0.csl.sri.com,file1MB.txt,2015/10/01 03:24:51,2015/10/01 03:27:51,180192.000000
planetlab-02.bu.edu,pl-node-0.csl.sri.com,file32B.txt,2015/10/01 03:27:51,2015/10/01 03:27:52,1413.000000
planetlab-02.bu.edu,pl-node-0.csl.sri.com,file1KB.txt,2015/10/01 03:27:52,2015/10/01 03:27:53,1242.000000
planetlab-02.bu.edu,pl-node-0.csl.sri.com,file256KB.txt,2015/10/01 03:27:53,2015/10/01 03:28:37,43687.000000
planetlab-02.bu.edu,pl-node-0.csl.sri.com,file512KB.txt,2015/10/01 03:28:37,2015/10/01 03:30:08,91221.000000
planetlab-02.bu.edu,pl-node-0.csl.sri.com,file1MB.txt,2015/10/01 03:30:08,2015/10/01 03:33:20,191750.000000
planetlab1.clemson.edu,pl-node-0.csl.sri.com,file32B.txt,2015/10/01 03:33:41,2015/10/01 03:33:42,1366.000000
planetlab1.clemson.edu,pl-node-0.csl.sri.com,file1KB.txt,2015/10/01 03:33:42,2015/10/01 03:33:43,1224.000000
planetlab1.cs.du.edu,pl-node-0.csl.sri.com,file32B.txt,2015/10/01 03:36:43,2015/10/01 03:36:43,503.000000
planetlab1.cs.du.edu,pl-node-0.csl.sri.com,file1KB.txt,2015/10/01 03:36:43,2015/10/01 03:36:44,1510.000000
planetlab1.cs.du.edu,pl-node-0.csl.sri.com,file256KB.txt,2015/10/01 03:36:44,2015/10/01 03:37:16,31484.000000
planetlab1.cs.du.edu,pl-node-0.csl.sri.com,file512KB.txt,2015/10/01 03:37:16,2015/10/01 03:38:18,62181.000000
planetlab1.cs.du.edu,pl-node-0.csl.sri.com,file1MB.txt,2015/10/01 03:38:18,2015/10/01 03:40:21,123161.000000
planetlab-1.cse.ohio-state.edu,pl-node-0.csl.sri.com,file32B.txt,2015/10/01 03:40:21,2015/10/01 03:41:31,70658.000000
planetlab-1.cse.ohio-state.edu,pl-node-0.csl.sri.com,file1KB.txt,2015/10/01 03:41:31,2015/10/01 03:41:37,5688.000000
planetlab-1.cse.ohio-state.edu,pl-node-0.csl.sri.com,file256KB.txt,2015/10/01 03:41:37,2015/10/01 04:02:07,1229828.000000
