planetlab1.unr.edu,planetlab2.unr.edu,file32B.txt,2015/09/30 21:12:43,2015/09/30 21:12:44,1821.000000
planetlab1.unr.edu,planetlab2.unr.edu,file1KB.txt,2015/09/30 21:12:44,2015/09/30 21:12:44,92.000000
planetlab1.unr.edu,planetlab2.unr.edu,file256KB.txt,2015/09/30 21:12:44,2015/09/30 21:12:44,218.000000
planetlab1.unr.edu,planetlab2.unr.edu,file512KB.txt,2015/09/30 21:12:44,2015/09/30 21:12:44,356.000000
planetlab1.unr.edu,planetlab2.unr.edu,file1MB.txt,2015/09/30 21:12:44,2015/09/30 21:12:45,1379.000000
pl2.cs.unm.edu,planetlab2.unr.edu,file32B.txt,2015/09/30 21:12:45,2015/09/30 21:12:45,571.000000
pl2.cs.unm.edu,planetlab2.unr.edu,file1KB.txt,2015/09/30 21:12:45,2015/09/30 21:12:46,1373.000000
pl2.cs.unm.edu,planetlab2.unr.edu,file256KB.txt,2015/09/30 21:12:46,2015/09/30 21:13:23,36837.000000
pl2.cs.unm.edu,planetlab2.unr.edu,file512KB.txt,2015/09/30 21:13:23,2015/09/30 21:14:37,73843.000000
pl2.cs.unm.edu,planetlab2.unr.edu,file1MB.txt,2015/09/30 21:14:37,2015/09/30 21:17:06,149888.000000
planetlab2.cnis.nyit.edu,planetlab2.unr.edu,file32B.txt,2015/09/30 21:17:06,2015/09/30 21:17:06,663.000000
planetlab2.cnis.nyit.edu,planetlab2.unr.edu,file1KB.txt,2015/09/30 21:17:06,2015/09/30 21:17:07,1245.000000
planetlab2.cnis.nyit.edu,planetlab2.unr.edu,file256KB.txt,2015/09/30 21:17:07,2015/09/30 21:17:56,49154.000000
planetlab2.cnis.nyit.edu,planetlab2.unr.edu,file512KB.txt,2015/09/30 21:17:56,2015/09/30 21:19:31,94787.000000
planetlab2.cnis.nyit.edu,planetlab2.unr.edu,file1MB.txt,2015/09/30 21:19:31,2015/09/30 21:22:45,-194075.000000
planetlab2.rutgers.edu,planetlab2.unr.edu,file32B.txt,2015/09/30 21:22:45,2015/09/30 21:23:02,17084.000000
planetlab2.rutgers.edu,planetlab2.unr.edu,file1KB.txt,2015/09/30 21:23:02,2015/09/30 21:23:18,15509.000000
planetlab2.rutgers.edu,planetlab2.unr.edu,file256KB.txt,2015/09/30 21:23:18,2015/09/30 21:45:05,1307083.000000
planetlab2.rutgers.edu,planetlab2.unr.edu,file512KB.txt,2015/09/30 21:45:05,2015/09/30 22:25:42,-1857989.000000
planetlab2.rutgers.edu,planetlab2.unr.edu,file1MB.txt,2015/09/30 22:25:42,2015/09/30 23:21:18,958712.000000
planetlab2.cs.du.edu,planetlab2.unr.edu,file32B.txt,2015/09/30 23:21:18,2015/09/30 23:21:18,442.000000
planetlab2.cs.du.edu,planetlab2.unr.edu,file1KB.txt,2015/09/30 23:21:18,2015/09/30 23:21:19,1553.000000
planetlab2.cs.du.edu,planetlab2.unr.edu,file256KB.txt,2015/09/30 23:21:19,2015/09/30 23:21:45,26099.000000
planetlab2.cs.du.edu,planetlab2.unr.edu,file512KB.txt,2015/09/30 23:21:45,2015/09/30 23:22:36,50492.000000
planetlab2.cs.du.edu,planetlab2.unr.edu,file1MB.txt,2015/09/30 23:22:36,2015/09/30 23:24:19,102911.000000
planetlab2.ucsd.edu,planetlab2.unr.edu,file32B.txt,2015/09/30 23:24:19,2015/09/30 23:24:20,1685.000000
planetlab2.ucsd.edu,planetlab2.unr.edu,file1KB.txt,2015/09/30 23:24:20,2015/09/30 23:24:20,308.000000
planetlab2.ucsd.edu,planetlab2.unr.edu,file256KB.txt,2015/09/30 23:24:20,2015/09/30 23:24:33,12666.000000
planetlab2.ucsd.edu,planetlab2.unr.edu,file512KB.txt,2015/09/30 23:24:33,2015/09/30 23:25:00,27589.000000
planetlab2.ucsd.edu,planetlab2.unr.edu,file1MB.txt,2015/09/30 23:25:00,2015/09/30 23:25:53,53260.000000
planetlab3.cs.uoregon.edu,planetlab2.unr.edu,file32B.txt,2015/09/30 23:25:53,2015/09/30 23:25:53,335.000000
planetlab3.cs.uoregon.edu,planetlab2.unr.edu,file1KB.txt,2015/09/30 23:25:53,2015/09/30 23:25:53,328.000000
planetlab3.cs.uoregon.edu,planetlab2.unr.edu,file256KB.txt,2015/09/30 23:25:53,2015/09/30 23:26:09,16279.000000
planetlab3.cs.uoregon.edu,planetlab2.unr.edu,file512KB.txt,2015/09/30 23:26:09,2015/09/30 23:26:40,30886.000000
planetlab3.cs.uoregon.edu,planetlab2.unr.edu,file1MB.txt,2015/09/30 23:26:40,2015/09/30 23:27:42,61965.000000
planetlab-01.bu.edu,planetlab2.unr.edu,file32B.txt,2015/09/30 23:27:42,2015/09/30 23:27:43,1246.000000
planetlab-01.bu.edu,planetlab2.unr.edu,file1KB.txt,2015/09/30 23:27:43,2015/09/30 23:27:43,698.000000
planetlab-01.bu.edu,planetlab2.unr.edu,file256KB.txt,2015/09/30 23:27:43,2015/09/30 23:28:30,47932.000000
planetlab-01.bu.edu,planetlab2.unr.edu,file512KB.txt,2015/09/30 23:28:30,2015/09/30 23:30:00,89371.000000
planetlab-01.bu.edu,planetlab2.unr.edu,file1MB.txt,2015/09/30 23:30:00,2015/09/30 23:32:59,178828.000000
planetlab4.cnds.jhu.edu,planetlab2.unr.edu,file32B.txt,2015/09/30 23:32:59,2015/09/30 23:33:00,1352.000000
planetlab4.cnds.jhu.edu,planetlab2.unr.edu,file1KB.txt,2015/09/30 23:33:00,2015/09/30 23:33:01,1300.000000
planetlab4.cnds.jhu.edu,planetlab2.unr.edu,file256KB.txt,2015/09/30 23:33:01,2015/09/30 23:33:32,30324.000000
planetlab4.cnds.jhu.edu,planetlab2.unr.edu,file512KB.txt,2015/09/30 23:33:32,2015/09/30 23:34:35,62941.000000
planetlab4.cnds.jhu.edu,planetlab2.unr.edu,file1MB.txt,2015/09/30 23:34:35,2015/09/30 23:36:41,126538.000000
planetlabtwo.ccs.neu.edu,planetlab2.unr.edu,file32B.txt,2015/09/30 23:36:41,2015/09/30 23:36:42,1310.000000
planetlabtwo.ccs.neu.edu,planetlab2.unr.edu,file1KB.txt,2015/09/30 23:36:42,2015/09/30 23:36:43,954.000000
planetlabtwo.ccs.neu.edu,planetlab2.unr.edu,file256KB.txt,2015/09/30 23:36:43,2015/09/30 23:37:34,50648.000000
planetlabtwo.ccs.neu.edu,planetlab2.unr.edu,file512KB.txt,2015/09/30 23:37:34,2015/09/30 23:38:40,66208.000000
planetlabtwo.ccs.neu.edu,planetlab2.unr.edu,file1MB.txt,2015/09/30 23:38:40,2015/09/30 23:40:51,130904.000000
planetlab1.cs.purdue.edu,planetlab2.unr.edu,file32B.txt,2015/09/30 23:40:51,2015/09/30 23:40:55,3651.000000
planetlab1.cs.purdue.edu,planetlab2.unr.edu,file1KB.txt,2015/09/30 23:40:55,2015/09/30 23:41:02,7074.000000
planetlab1.cs.purdue.edu,planetlab2.unr.edu,file256KB.txt,2015/09/30 23:41:02,2015/09/30 23:53:59,-776983.000000
planetlab1.cs.purdue.edu,planetlab2.unr.edu,file512KB.txt,2015/09/30 23:53:59,2015/10/01 00:23:29,1769772.000000
planetlab1.cs.purdue.edu,planetlab2.unr.edu,file1MB.txt,2015/10/01 00:23:29,2015/10/01 01:13:03,1321006.000000
planetlab2.tsuniv.edu,planetlab2.unr.edu,file32B.txt,2015/10/01 01:13:03,2015/10/01 01:13:07,4160.000000
planetlab2.tsuniv.edu,planetlab2.unr.edu,file1KB.txt,2015/10/01 01:13:07,2015/10/01 01:13:11,3989.000000
planetlab2.tsuniv.edu,planetlab2.unr.edu,file256KB.txt,2015/10/01 01:13:11,2015/10/01 01:14:35,84417.000000
planetlab2.tsuniv.edu,planetlab2.unr.edu,file512KB.txt,2015/10/01 01:14:35,2015/10/01 01:22:05,449827.000000
planetlab2.tsuniv.edu,planetlab2.unr.edu,file1MB.txt,2015/10/01 01:22:05,2015/10/01 01:33:32,687299.000000
planetlab1.tsuniv.edu,planetlab2.unr.edu,file32B.txt,2015/10/01 01:33:32,2015/10/01 01:33:40,7298.000000
planetlab1.tsuniv.edu,planetlab2.unr.edu,file1KB.txt,2015/10/01 01:33:40,2015/10/01 01:33:48,8936.000000
planetlab1.tsuniv.edu,planetlab2.unr.edu,file256KB.txt,2015/10/01 01:33:48,2015/10/01 01:39:41,352714.000000
planetlab1.tsuniv.edu,planetlab2.unr.edu,file512KB.txt,2015/10/01 01:39:41,2015/10/01 01:55:41,959341.000000
planetlab1.tsuniv.edu,planetlab2.unr.edu,file1MB.txt,2015/10/01 01:55:41,2015/10/01 02:28:56,-1995325.000000
planetlab3.ucsd.edu,planetlab2.unr.edu,file32B.txt,2015/10/01 02:28:56,2015/10/01 02:28:56,290.000000
planetlab3.ucsd.edu,planetlab2.unr.edu,file1KB.txt,2015/10/01 02:28:56,2015/10/01 02:28:57,1675.000000
planetlab3.ucsd.edu,planetlab2.unr.edu,file256KB.txt,2015/10/01 02:28:57,2015/10/01 02:29:11,14136.000000
planetlab3.ucsd.edu,planetlab2.unr.edu,file512KB.txt,2015/10/01 02:29:11,2015/10/01 02:29:53,41387.000000
planetlab3.ucsd.edu,planetlab2.unr.edu,file1MB.txt,2015/10/01 02:29:53,2015/10/01 02:30:49,56505.000000
node2.planetlab.mathcs.emory.edu,planetlab2.unr.edu,file32B.txt,2015/10/01 02:30:49,2015/10/01 02:30:50,1369.000000
node2.planetlab.mathcs.emory.edu,planetlab2.unr.edu,file1KB.txt,2015/10/01 02:30:50,2015/10/01 02:30:50,515.000000
node2.planetlab.mathcs.emory.edu,planetlab2.unr.edu,file256KB.txt,2015/10/01 02:30:50,2015/10/01 02:31:21,30851.000000
node2.planetlab.mathcs.emory.edu,planetlab2.unr.edu,file512KB.txt,2015/10/01 02:31:21,2015/10/01 02:32:24,64920.000000
node2.planetlab.mathcs.emory.edu,planetlab2.unr.edu,file1MB.txt,2015/10/01 02:32:24,2015/10/01 02:34:29,123790.000000
planetlab5.csee.usf.edu,planetlab2.unr.edu,file32B.txt,2015/10/01 02:34:29,2015/10/01 02:34:29,577.000000
planetlab5.csee.usf.edu,planetlab2.unr.edu,file1KB.txt,2015/10/01 02:34:29,2015/10/01 02:34:30,1356.000000
planetlab5.csee.usf.edu,planetlab2.unr.edu,file256KB.txt,2015/10/01 02:34:30,2015/10/01 02:35:08,38064.000000
planetlab5.csee.usf.edu,planetlab2.unr.edu,file512KB.txt,2015/10/01 02:35:08,2015/10/01 02:36:23,74578.000000
planetlab5.csee.usf.edu,planetlab2.unr.edu,file1MB.txt,2015/10/01 02:36:23,2015/10/01 02:38:53,149890.000000
planetlab1.emich.edu,planetlab2.unr.edu,file32B.txt,2015/10/01 02:38:53,2015/10/01 02:38:54,1432.000000
planetlab1.emich.edu,planetlab2.unr.edu,file1KB.txt,2015/10/01 02:38:54,2015/10/01 02:38:55,1443.000000
planetlab1.emich.edu,planetlab2.unr.edu,file256KB.txt,2015/10/01 02:38:55,2015/10/01 02:39:26,30867.000000
planetlab1.emich.edu,planetlab2.unr.edu,file512KB.txt,2015/10/01 02:39:26,2015/10/01 02:40:27,60302.000000
planetlab1.emich.edu,planetlab2.unr.edu,file1MB.txt,2015/10/01 02:40:27,2015/10/01 02:42:30,123041.000000
ebb.colgate.edu,planetlab2.unr.edu,file32B.txt,2015/10/01 02:42:31,2015/10/01 02:42:40,8279.000000
ebb.colgate.edu,planetlab2.unr.edu,file1KB.txt,2015/10/01 02:42:40,2015/10/01 02:42:41,1182.000000
ebb.colgate.edu,planetlab2.unr.edu,file256KB.txt,2015/10/01 02:42:41,2015/10/01 02:43:41,59833.000000
ebb.colgate.edu,planetlab2.unr.edu,file512KB.txt,2015/10/01 02:43:41,2015/10/01 02:45:43,122707.000000
ebb.colgate.edu,planetlab2.unr.edu,file1MB.txt,2015/10/01 02:45:43,2015/10/01 02:49:25,222177.000000
kc-sce-plab2.umkc.edu,planetlab2.unr.edu,file32B.txt,2015/10/01 02:49:25,2015/10/01 02:49:26,583.000000
kc-sce-plab2.umkc.edu,planetlab2.unr.edu,file1KB.txt,2015/10/01 02:49:26,2015/10/01 02:49:28,2245.000000
kc-sce-plab2.umkc.edu,planetlab2.unr.edu,file256KB.txt,2015/10/01 02:49:28,2015/10/01 02:51:23,114278.000000
kc-sce-plab2.umkc.edu,planetlab2.unr.edu,file512KB.txt,2015/10/01 02:51:23,2015/10/01 02:56:36,313224.000000
kc-sce-plab2.umkc.edu,planetlab2.unr.edu,file1MB.txt,2015/10/01 02:56:36,2015/10/01 03:04:28,471862.000000
node1.planetlab.mathcs.emory.edu,planetlab2.unr.edu,file32B.txt,2015/10/01 03:04:28,2015/10/01 03:04:29,1370.000000
node1.planetlab.mathcs.emory.edu,planetlab2.unr.edu,file1KB.txt,2015/10/01 03:04:29,2015/10/01 03:04:30,1274.000000
node1.planetlab.mathcs.emory.edu,planetlab2.unr.edu,file256KB.txt,2015/10/01 03:04:30,2015/10/01 03:05:01,30658.000000
node1.planetlab.mathcs.emory.edu,planetlab2.unr.edu,file512KB.txt,2015/10/01 03:05:01,2015/10/01 03:06:03,61712.000000
node1.planetlab.mathcs.emory.edu,planetlab2.unr.edu,file1MB.txt,2015/10/01 03:06:03,2015/10/01 03:08:07,123938.000000
pl1.cs.montana.edu,planetlab2.unr.edu,file32B.txt,2015/10/01 03:08:07,2015/10/01 03:08:08,1426.000000
pl1.cs.montana.edu,planetlab2.unr.edu,file1KB.txt,2015/10/01 03:08:08,2015/10/01 03:08:09,1351.000000
pl1.cs.montana.edu,planetlab2.unr.edu,file256KB.txt,2015/10/01 03:08:09,2015/10/01 03:08:43,33700.000000
pl1.cs.montana.edu,planetlab2.unr.edu,file512KB.txt,2015/10/01 03:08:43,2015/10/01 03:09:51,67926.000000
pl1.cs.montana.edu,planetlab2.unr.edu,file1MB.txt,2015/10/01 03:09:51,2015/10/01 03:12:07,136398.000000
plab3.eece.ksu.edu,planetlab2.unr.edu,file32B.txt,2015/10/01 03:12:28,2015/10/01 03:12:28,482.000000
plab3.eece.ksu.edu,planetlab2.unr.edu,file1KB.txt,2015/10/01 03:12:28,2015/10/01 03:12:29,1383.000000
plab3.eece.ksu.edu,planetlab2.unr.edu,file256KB.txt,2015/10/01 03:12:29,2015/10/01 03:12:46,16634.000000
plab3.eece.ksu.edu,planetlab2.unr.edu,file512KB.txt,2015/10/01 03:12:46,2015/10/01 03:13:21,35595.000000
plab3.eece.ksu.edu,planetlab2.unr.edu,file1MB.txt,2015/10/01 03:13:21,2015/10/01 03:14:29,67271.000000
planet3.cc.gt.atl.ga.us,planetlab2.unr.edu,file32B.txt,2015/10/01 03:14:29,2015/10/01 03:14:30,1158.000000
planet3.cc.gt.atl.ga.us,planetlab2.unr.edu,file1KB.txt,2015/10/01 03:14:30,2015/10/01 03:14:31,1343.000000
planet3.cc.gt.atl.ga.us,planetlab2.unr.edu,file256KB.txt,2015/10/01 03:14:31,2015/10/01 03:15:02,30664.000000
planet3.cc.gt.atl.ga.us,planetlab2.unr.edu,file512KB.txt,2015/10/01 03:15:02,2015/10/01 03:16:04,61918.000000
planet3.cc.gt.atl.ga.us,planetlab2.unr.edu,file1MB.txt,2015/10/01 03:16:04,2015/10/01 03:18:08,124371.000000
planetlab-02.bu.edu,planetlab2.unr.edu,file32B.txt,2015/10/01 03:18:08,2015/10/01 03:18:09,1124.000000
planetlab-02.bu.edu,planetlab2.unr.edu,file1KB.txt,2015/10/01 03:18:09,2015/10/01 03:18:10,1160.000000
planetlab-02.bu.edu,planetlab2.unr.edu,file256KB.txt,2015/10/01 03:18:10,2015/10/01 03:18:57,-47340.000000
planetlab-02.bu.edu,planetlab2.unr.edu,file512KB.txt,2015/10/01 03:18:57,2015/10/01 03:20:27,90112.000000
planetlab-02.bu.edu,planetlab2.unr.edu,file1MB.txt,2015/10/01 03:20:27,2015/10/01 03:23:28,180568.000000
planetlab1.clemson.edu,planetlab2.unr.edu,file32B.txt,2015/10/01 03:23:50,2015/10/01 03:23:51,1054.000000
planetlab1.clemson.edu,planetlab2.unr.edu,file1KB.txt,2015/10/01 03:23:51,2015/10/01 03:23:52,1218.000000
planetlab1.clemson.edu,planetlab2.unr.edu,file256KB.txt,2015/10/01 03:23:52,2015/10/01 03:24:24,31384.000000
planetlab1.clemson.edu,planetlab2.unr.edu,file512KB.txt,2015/10/01 03:24:24,2015/10/01 03:25:29,65375.000000
planetlab1.clemson.edu,planetlab2.unr.edu,file1MB.txt,2015/10/01 03:25:29,2015/10/01 03:27:37,127381.000000
planetlab1.cs.du.edu,planetlab2.unr.edu,file32B.txt,2015/10/01 03:27:38,2015/10/01 03:27:39,1462.000000
planetlab1.cs.du.edu,planetlab2.unr.edu,file1KB.txt,2015/10/01 03:27:39,2015/10/01 03:27:39,574.000000
planetlab1.cs.du.edu,planetlab2.unr.edu,file256KB.txt,2015/10/01 03:27:39,2015/10/01 03:28:05,26006.000000
planetlab1.cs.du.edu,planetlab2.unr.edu,file512KB.txt,2015/10/01 03:28:05,2015/10/01 03:28:57,52407.000000
planetlab1.cs.du.edu,planetlab2.unr.edu,file1MB.txt,2015/10/01 03:28:57,2015/10/01 03:30:40,103353.000000
planetlab1.cs.okstate.edu,planetlab2.unr.edu,file32B.txt,2015/10/01 03:31:02,2015/10/01 03:31:02,489.000000
planetlab1.cs.okstate.edu,planetlab2.unr.edu,file1KB.txt,2015/10/01 03:31:02,2015/10/01 03:31:03,1471.000000
planetlab1.cs.okstate.edu,planetlab2.unr.edu,file256KB.txt,2015/10/01 03:31:03,2015/10/01 03:31:22,18716.000000
planetlab1.cs.okstate.edu,planetlab2.unr.edu,file512KB.txt,2015/10/01 03:31:22,2015/10/01 03:32:01,39233.000000
planetlab1.cs.okstate.edu,planetlab2.unr.edu,file1MB.txt,2015/10/01 03:32:01,2015/10/01 03:33:16,74390.000000
planetlab1.cs.ucla.edu,planetlab2.unr.edu,file32B.txt,2015/10/01 03:33:16,2015/10/01 03:33:17,1545.000000
planetlab1.cs.ucla.edu,planetlab2.unr.edu,file1KB.txt,2015/10/01 03:33:17,2015/10/01 03:33:17,429.000000
planetlab1.cs.ucla.edu,planetlab2.unr.edu,file256KB.txt,2015/10/01 03:33:17,2015/10/01 03:33:31,14346.000000
planetlab1.cs.ucla.edu,planetlab2.unr.edu,file512KB.txt,2015/10/01 03:33:31,2015/10/01 03:33:55,23557.000000
planetlab1.cs.ucla.edu,planetlab2.unr.edu,file1MB.txt,2015/10/01 03:33:55,2015/10/01 03:34:46,51242.000000
planetlab1.csuohio.edu,planetlab2.unr.edu,file32B.txt,2015/10/01 03:34:46,2015/10/01 03:34:47,1142.000000
planetlab1.csuohio.edu,planetlab2.unr.edu,file1KB.txt,2015/10/01 03:34:47,2015/10/01 03:34:48,1046.000000
planetlab1.csuohio.edu,planetlab2.unr.edu,file256KB.txt,2015/10/01 03:34:48,2015/10/01 03:35:25,36650.000000
planetlab1.csuohio.edu,planetlab2.unr.edu,file512KB.txt,2015/10/01 03:35:25,2015/10/01 03:36:39,74041.000000
planetlab1.csuohio.edu,planetlab2.unr.edu,file1MB.txt,2015/10/01 03:36:39,2015/10/01 03:39:07,147830.000000
planetlab1.emich.edu,planetlab2.unr.edu,file32B.txt,2015/10/01 03:39:07,2015/10/01 03:39:08,1417.000000
planetlab1.emich.edu,planetlab2.unr.edu,file1KB.txt,2015/10/01 03:39:08,2015/10/01 03:39:08,597.000000
planetlab1.emich.edu,planetlab2.unr.edu,file256KB.txt,2015/10/01 03:39:08,2015/10/01 03:39:40,32887.000000
planetlab1.emich.edu,planetlab2.unr.edu,file512KB.txt,2015/10/01 03:39:40,2015/10/01 03:40:41,60201.000000
planetlab1.emich.edu,planetlab2.unr.edu,file1MB.txt,2015/10/01 03:40:41,2015/10/01 03:42:44,122910.000000
planetlab1.ucsd.edu,planetlab2.unr.edu,file32B.txt,2015/10/01 03:43:06,2015/10/01 03:43:06,411.000000
planetlab1.ucsd.edu,planetlab2.unr.edu,file1KB.txt,2015/10/01 03:43:06,2015/10/01 03:43:07,1631.000000
planetlab1.ucsd.edu,planetlab2.unr.edu,file256KB.txt,2015/10/01 03:43:07,2015/10/01 03:43:20,12267.000000
planetlab1.ucsd.edu,planetlab2.unr.edu,file512KB.txt,2015/10/01 03:43:20,2015/10/01 03:43:48,28755.000000
planetlab1.ucsd.edu,planetlab2.unr.edu,file1MB.txt,2015/10/01 03:43:48,2015/10/01 03:44:42,54033.000000
planetlab2.acis.ufl.edu,planetlab2.unr.edu,file32B.txt,2015/10/01 03:44:42,2015/10/01 03:44:42,768.000000
planetlab2.acis.ufl.edu,planetlab2.unr.edu,file1KB.txt,2015/10/01 03:44:42,2015/10/01 03:44:43,1144.000000
planetlab2.acis.ufl.edu,planetlab2.unr.edu,file256KB.txt,2015/10/01 03:44:43,2015/10/01 03:45:22,39620.000000
planetlab2.acis.ufl.edu,planetlab2.unr.edu,file512KB.txt,2015/10/01 03:45:22,2015/10/01 03:46:37,74168.000000
planetlab2.acis.ufl.edu,planetlab2.unr.edu,file1MB.txt,2015/10/01 03:46:37,2015/10/01 03:49:08,150947.000000
planetlab2.arizona-gigapop.net,planetlab2.unr.edu,file32B.txt,2015/10/01 03:49:08,2015/10/01 03:49:09,1384.000000
planetlab2.arizona-gigapop.net,planetlab2.unr.edu,file1KB.txt,2015/10/01 03:49:09,2015/10/01 03:49:10,1465.000000
planetlab2.arizona-gigapop.net,planetlab2.unr.edu,file256KB.txt,2015/10/01 03:49:10,2015/10/01 03:49:28,17846.000000
planetlab2.arizona-gigapop.net,planetlab2.unr.edu,file512KB.txt,2015/10/01 03:49:28,2015/10/01 03:50:04,35975.000000
planetlab2.arizona-gigapop.net,planetlab2.unr.edu,file1MB.txt,2015/10/01 03:50:04,2015/10/01 03:51:16,72199.000000
planetlab2.citadel.edu,planetlab2.unr.edu,file32B.txt,2015/10/01 03:51:16,2015/10/01 03:51:16,781.000000
planetlab2.citadel.edu,planetlab2.unr.edu,file1KB.txt,2015/10/01 03:51:16,2015/10/01 03:51:17,1228.000000
planetlab2.citadel.edu,planetlab2.unr.edu,file256KB.txt,2015/10/01 03:51:17,2015/10/01 03:51:54,37391.000000
planetlab2.citadel.edu,planetlab2.unr.edu,file512KB.txt,2015/10/01 03:51:54,2015/10/01 03:53:06,71557.000000
planetlab2.citadel.edu,planetlab2.unr.edu,file1MB.txt,2015/10/01 03:53:06,2015/10/01 03:55:31,145548.000000
planetlab2.cs.pitt.edu,planetlab2.unr.edu,file32B.txt,2015/10/01 03:55:31,2015/10/01 03:55:32,1307.000000
planetlab2.cs.pitt.edu,planetlab2.unr.edu,file1KB.txt,2015/10/01 03:55:32,2015/10/01 03:55:32,617.000000
planetlab2.cs.pitt.edu,planetlab2.unr.edu,file256KB.txt,2015/10/01 03:55:32,2015/10/01 03:56:02,30428.000000
planetlab2.cs.pitt.edu,planetlab2.unr.edu,file512KB.txt,2015/10/01 03:56:02,2015/10/01 03:57:00,57691.000000
planetlab2.cs.pitt.edu,planetlab2.unr.edu,file1MB.txt,2015/10/01 03:57:00,2015/10/01 03:58:57,117301.000000
planetlab2.cs.purdue.edu,planetlab2.unr.edu,file32B.txt,2015/10/01 03:58:57,2015/10/01 03:58:58,1278.000000
planetlab2.cs.purdue.edu,planetlab2.unr.edu,file1KB.txt,2015/10/01 03:58:58,2015/10/01 03:58:58,729.000000
planetlab2.cs.purdue.edu,planetlab2.unr.edu,file256KB.txt,2015/10/01 03:58:58,2015/10/01 03:59:33,35219.000000
planetlab2.cs.purdue.edu,planetlab2.unr.edu,file512KB.txt,2015/10/01 03:59:33,2015/10/01 04:00:42,68795.000000
planetlab2.cs.purdue.edu,planetlab2.unr.edu,file1MB.txt,2015/10/01 04:00:42,2015/10/01 04:04:45,243692.000000
planetlab2.cs.uml.edu,planetlab2.unr.edu,file32B.txt,2015/10/01 04:05:27,2015/10/01 04:05:28,1235.000000
planetlab2.cs.uml.edu,planetlab2.unr.edu,file1KB.txt,2015/10/01 04:05:28,2015/10/01 04:05:29,1181.000000
planetlab2.cs.uml.edu,planetlab2.unr.edu,file256KB.txt,2015/10/01 04:05:29,2015/10/01 04:06:08,38848.000000
planetlab2.cs.uml.edu,planetlab2.unr.edu,file512KB.txt,2015/10/01 04:06:08,2015/10/01 04:07:24,75889.000000
planetlab2.cs.uml.edu,planetlab2.unr.edu,file1MB.txt,2015/10/01 04:07:24,2015/10/01 04:09:46,142222.000000
planetlab2.cs.unc.edu,planetlab2.unr.edu,file32B.txt,2015/10/01 04:09:46,2015/10/01 04:09:47,1168.000000
planetlab2.cs.unc.edu,planetlab2.unr.edu,file1KB.txt,2015/10/01 04:09:47,2015/10/01 04:09:47,679.000000
planetlab2.cs.unc.edu,planetlab2.unr.edu,file256KB.txt,2015/10/01 04:09:47,2015/10/01 04:10:32,45374.000000
planetlab2.cs.unc.edu,planetlab2.unr.edu,file512KB.txt,2015/10/01 04:10:32,2015/10/01 04:12:01,89252.000000
planetlab2.cs.unc.edu,planetlab2.unr.edu,file1MB.txt,2015/10/01 04:12:01,2015/10/01 04:14:52,170692.000000
planetlab2.cs.uoregon.edu,planetlab2.unr.edu,file32B.txt,2015/10/01 04:14:52,2015/10/01 04:14:52,364.000000
planetlab2.cs.uoregon.edu,planetlab2.unr.edu,file1KB.txt,2015/10/01 04:14:52,2015/10/01 04:14:53,1616.000000
planetlab2.cs.uoregon.edu,planetlab2.unr.edu,file256KB.txt,2015/10/01 04:14:53,2015/10/01 04:15:09,16222.000000
planetlab2.cs.uoregon.edu,planetlab2.unr.edu,file512KB.txt,2015/10/01 04:15:09,2015/10/01 04:15:40,31009.000000
planetlab2.cs.uoregon.edu,planetlab2.unr.edu,file1MB.txt,2015/10/01 04:15:40,2015/10/01 04:16:41,60676.000000
planetlab2.temple.edu,planetlab2.unr.edu,file32B.txt,2015/10/01 04:16:41,2015/10/01 04:16:42,1198.000000
planetlab2.temple.edu,planetlab2.unr.edu,file1KB.txt,2015/10/01 04:16:42,2015/10/01 04:16:43,1053.000000
planetlab2.temple.edu,planetlab2.unr.edu,file256KB.txt,2015/10/01 04:16:43,2015/10/01 04:17:16,32721.000000
planetlab2.temple.edu,planetlab2.unr.edu,file512KB.txt,2015/10/01 04:17:16,2015/10/01 04:18:22,66177.000000
planetlab2.temple.edu,planetlab2.unr.edu,file1MB.txt,2015/10/01 04:18:22,2015/10/01 04:20:32,129928.000000
planetlab2.unl.edu,planetlab2.unr.edu,file32B.txt,2015/10/01 04:20:32,2015/10/01 04:20:32,461.000000
planetlab2.unl.edu,planetlab2.unr.edu,file1KB.txt,2015/10/01 04:20:32,2015/10/01 04:20:33,1523.000000
planetlab2.unl.edu,planetlab2.unr.edu,file256KB.txt,2015/10/01 04:20:33,2015/10/01 04:20:51,17785.000000
