planetlab1.unr.edu,planetlabtwo.ccs.neu.edu,file32B.txt,2015/09/30 20:59:02,2015/09/30 20:59:03,962.000000
planetlab1.unr.edu,planetlabtwo.ccs.neu.edu,file1KB.txt,2015/09/30 20:59:03,2015/09/30 20:59:04,1014.000000
planetlab1.unr.edu,planetlabtwo.ccs.neu.edu,file256KB.txt,2015/09/30 20:59:04,2015/09/30 20:59:55,51694.000000
planetlab1.unr.edu,planetlabtwo.ccs.neu.edu,file512KB.txt,2015/09/30 20:59:55,2015/09/30 21:01:04,68115.000000
planetlab1.unr.edu,planetlabtwo.ccs.neu.edu,file1MB.txt,2015/09/30 21:01:04,2015/09/30 21:03:16,132916.000000
pl2.cs.unm.edu,planetlabtwo.ccs.neu.edu,file32B.txt,2015/09/30 21:03:16,2015/09/30 21:03:16,497.000000
pl2.cs.unm.edu,planetlabtwo.ccs.neu.edu,file1KB.txt,2015/09/30 21:03:16,2015/09/30 21:03:17,1349.000000
pl2.cs.unm.edu,planetlabtwo.ccs.neu.edu,file256KB.txt,2015/09/30 21:03:17,2015/09/30 21:03:45,27639.000000
pl2.cs.unm.edu,planetlabtwo.ccs.neu.edu,file512KB.txt,2015/09/30 21:03:45,2015/09/30 21:04:41,55755.000000
pl2.cs.unm.edu,planetlabtwo.ccs.neu.edu,file1MB.txt,2015/09/30 21:04:41,2015/09/30 21:06:33,112110.000000
planetlab2.cnis.nyit.edu,planetlabtwo.ccs.neu.edu,file32B.txt,2015/09/30 21:06:33,2015/09/30 21:06:33,306.000000
planetlab2.cnis.nyit.edu,planetlabtwo.ccs.neu.edu,file1KB.txt,2015/09/30 21:06:33,2015/09/30 21:06:34,1750.000000
planetlab2.cnis.nyit.edu,planetlabtwo.ccs.neu.edu,file256KB.txt,2015/09/30 21:06:34,2015/09/30 21:06:42,7560.000000
planetlab2.cnis.nyit.edu,planetlabtwo.ccs.neu.edu,file512KB.txt,2015/09/30 21:06:42,2015/09/30 21:06:59,17135.000000
planetlab2.cnis.nyit.edu,planetlabtwo.ccs.neu.edu,file1MB.txt,2015/09/30 21:06:59,2015/09/30 21:07:32,32679.000000
planetlab2.rutgers.edu,planetlabtwo.ccs.neu.edu,file32B.txt,2015/09/30 21:07:32,2015/09/30 21:07:33,1059.000000
planetlab2.rutgers.edu,planetlabtwo.ccs.neu.edu,file1KB.txt,2015/09/30 21:07:33,2015/09/30 21:07:34,1420.000000
planetlab2.rutgers.edu,planetlabtwo.ccs.neu.edu,file256KB.txt,2015/09/30 21:07:34,2015/09/30 21:07:57,22582.000000
planetlab2.rutgers.edu,planetlabtwo.ccs.neu.edu,file512KB.txt,2015/09/30 21:07:57,2015/09/30 21:09:13,75809.000000
planetlab2.rutgers.edu,planetlabtwo.ccs.neu.edu,file1MB.txt,2015/09/30 21:09:13,2015/09/30 21:59:32,1275460.000000
planetlab2.ucsd.edu,planetlabtwo.ccs.neu.edu,file32B.txt,2015/09/30 21:59:32,2015/09/30 21:59:33,1285.000000
planetlab2.ucsd.edu,planetlabtwo.ccs.neu.edu,file1KB.txt,2015/09/30 21:59:33,2015/09/30 21:59:34,1249.000000
planetlab2.ucsd.edu,planetlabtwo.ccs.neu.edu,file256KB.txt,2015/09/30 21:59:34,2015/09/30 22:00:17,42709.000000
planetlab2.ucsd.edu,planetlabtwo.ccs.neu.edu,file512KB.txt,2015/09/30 22:00:17,2015/09/30 22:01:43,85803.000000
planetlab2.ucsd.edu,planetlabtwo.ccs.neu.edu,file1MB.txt,2015/09/30 22:01:43,2015/09/30 22:04:34,170787.000000
planetlab3.cs.uoregon.edu,planetlabtwo.ccs.neu.edu,file32B.txt,2015/09/30 22:04:34,2015/09/30 22:04:35,1393.000000
planetlab3.cs.uoregon.edu,planetlabtwo.ccs.neu.edu,file1KB.txt,2015/09/30 22:04:35,2015/09/30 22:04:36,1321.000000
planetlab3.cs.uoregon.edu,planetlabtwo.ccs.neu.edu,file256KB.txt,2015/09/30 22:04:36,2015/09/30 22:05:16,39810.000000
planetlab3.cs.uoregon.edu,planetlabtwo.ccs.neu.edu,file512KB.txt,2015/09/30 22:05:16,2015/09/30 22:06:35,78456.000000
planetlab3.cs.uoregon.edu,planetlabtwo.ccs.neu.edu,file1MB.txt,2015/09/30 22:06:35,2015/09/30 22:09:14,159456.000000
planetlab-01.bu.edu,planetlabtwo.ccs.neu.edu,file32B.txt,2015/09/30 22:09:14,2015/09/30 22:09:14,241.000000
planetlab-01.bu.edu,planetlabtwo.ccs.neu.edu,file1KB.txt,2015/09/30 22:09:14,2015/09/30 22:09:14,234.000000
planetlab-01.bu.edu,planetlabtwo.ccs.neu.edu,file256KB.txt,2015/09/30 22:09:14,2015/09/30 22:09:19,5545.000000
planetlab-01.bu.edu,planetlabtwo.ccs.neu.edu,file512KB.txt,2015/09/30 22:09:19,2015/09/30 22:09:28,9236.000000
planetlab-01.bu.edu,planetlabtwo.ccs.neu.edu,file1MB.txt,2015/09/30 22:09:28,2015/09/30 22:09:45,16748.000000
planetlab4.cnds.jhu.edu,planetlabtwo.ccs.neu.edu,file32B.txt,2015/09/30 22:09:45,2015/09/30 22:09:45,384.000000
planetlab4.cnds.jhu.edu,planetlabtwo.ccs.neu.edu,file1KB.txt,2015/09/30 22:09:45,2015/09/30 22:09:46,1518.000000
planetlab4.cnds.jhu.edu,planetlabtwo.ccs.neu.edu,file256KB.txt,2015/09/30 22:09:46,2015/09/30 22:09:54,7796.000000
planetlab4.cnds.jhu.edu,planetlabtwo.ccs.neu.edu,file512KB.txt,2015/09/30 22:09:54,2015/09/30 22:10:10,15574.000000
planetlab4.cnds.jhu.edu,planetlabtwo.ccs.neu.edu,file1MB.txt,2015/09/30 22:10:10,2015/09/30 22:10:42,32290.000000
planetlabtwo.ccs.neu.edu,planetlabtwo.ccs.neu.edu,file32B.txt,2015/09/30 22:10:42,2015/09/30 22:10:42,1.000000
planetlabtwo.ccs.neu.edu,planetlabtwo.ccs.neu.edu,file1KB.txt,2015/09/30 22:10:42,2015/09/30 22:10:42,0.000000
planetlabtwo.ccs.neu.edu,planetlabtwo.ccs.neu.edu,file256KB.txt,2015/09/30 22:10:42,2015/09/30 22:10:42,23.000000
planetlabtwo.ccs.neu.edu,planetlabtwo.ccs.neu.edu,file512KB.txt,2015/09/30 22:10:42,2015/09/30 22:10:42,46.000000
planetlabtwo.ccs.neu.edu,planetlabtwo.ccs.neu.edu,file1MB.txt,2015/09/30 22:10:42,2015/09/30 22:10:42,95.000000
planetlab1.cs.purdue.edu,planetlabtwo.ccs.neu.edu,file32B.txt,2015/09/30 22:10:42,2015/09/30 22:10:43,1599.000000
planetlab1.cs.purdue.edu,planetlabtwo.ccs.neu.edu,file1KB.txt,2015/09/30 22:10:43,2015/09/30 22:10:43,471.000000
planetlab1.cs.purdue.edu,planetlabtwo.ccs.neu.edu,file256KB.txt,2015/09/30 22:10:43,2015/09/30 22:11:12,29604.000000
planetlab1.cs.purdue.edu,planetlabtwo.ccs.neu.edu,file512KB.txt,2015/09/30 22:11:12,2015/09/30 22:12:28,75310.000000
planetlab1.cs.purdue.edu,planetlabtwo.ccs.neu.edu,file1MB.txt,2015/09/30 22:12:28,2015/09/30 22:14:11,103716.000000
planetlab2.tsuniv.edu,planetlabtwo.ccs.neu.edu,file32B.txt,2015/09/30 22:14:11,2015/09/30 22:14:14,2303.000000
planetlab2.tsuniv.edu,planetlabtwo.ccs.neu.edu,file1KB.txt,2015/09/30 22:14:14,2015/09/30 22:14:15,1294.000000
planetlab2.tsuniv.edu,planetlabtwo.ccs.neu.edu,file256KB.txt,2015/09/30 22:14:15,2015/09/30 22:14:51,36111.000000
planetlab2.tsuniv.edu,planetlabtwo.ccs.neu.edu,file512KB.txt,2015/09/30 22:14:51,2015/09/30 22:16:06,75307.000000
planetlab2.tsuniv.edu,planetlabtwo.ccs.neu.edu,file1MB.txt,2015/09/30 22:16:06,2015/09/30 22:18:28,141748.000000
planetlab1.tsuniv.edu,planetlabtwo.ccs.neu.edu,file32B.txt,2015/09/30 22:18:28,2015/09/30 22:18:29,1258.000000
planetlab1.tsuniv.edu,planetlabtwo.ccs.neu.edu,file1KB.txt,2015/09/30 22:18:29,2015/09/30 22:18:29,709.000000
planetlab1.tsuniv.edu,planetlabtwo.ccs.neu.edu,file256KB.txt,2015/09/30 22:18:29,2015/09/30 22:19:05,36091.000000
planetlab1.tsuniv.edu,planetlabtwo.ccs.neu.edu,file512KB.txt,2015/09/30 22:19:05,2015/09/30 22:20:20,75597.000000
planetlab1.tsuniv.edu,planetlabtwo.ccs.neu.edu,file1MB.txt,2015/09/30 22:20:20,2015/09/30 22:22:42,141939.000000
planetlab3.ucsd.edu,planetlabtwo.ccs.neu.edu,file32B.txt,2015/09/30 22:22:42,2015/09/30 22:22:43,311.000000
planetlab3.ucsd.edu,planetlabtwo.ccs.neu.edu,file1KB.txt,2015/09/30 22:22:43,2015/09/30 22:22:44,1180.000000
planetlab3.ucsd.edu,planetlabtwo.ccs.neu.edu,file256KB.txt,2015/09/30 22:22:44,2015/09/30 22:23:28,44275.000000
planetlab3.ucsd.edu,planetlabtwo.ccs.neu.edu,file512KB.txt,2015/09/30 22:23:28,2015/09/30 22:24:55,87101.000000
planetlab3.ucsd.edu,planetlabtwo.ccs.neu.edu,file1MB.txt,2015/09/30 22:24:55,2015/09/30 22:27:48,172801.000000
node2.planetlab.mathcs.emory.edu,planetlabtwo.ccs.neu.edu,file32B.txt,2015/09/30 22:27:48,2015/09/30 22:27:49,1447.000000
node2.planetlab.mathcs.emory.edu,planetlabtwo.ccs.neu.edu,file1KB.txt,2015/09/30 22:27:49,2015/09/30 22:27:49,434.000000
node2.planetlab.mathcs.emory.edu,planetlabtwo.ccs.neu.edu,file256KB.txt,2015/09/30 22:27:49,2015/09/30 22:28:12,23595.000000
node2.planetlab.mathcs.emory.edu,planetlabtwo.ccs.neu.edu,file512KB.txt,2015/09/30 22:28:12,2015/09/30 22:28:56,43449.000000
node2.planetlab.mathcs.emory.edu,planetlabtwo.ccs.neu.edu,file1MB.txt,2015/09/30 22:28:56,2015/09/30 22:30:25,89687.000000
planetlab5.csee.usf.edu,planetlabtwo.ccs.neu.edu,file32B.txt,2015/09/30 22:30:25,2015/09/30 22:30:25,414.000000
planetlab5.csee.usf.edu,planetlabtwo.ccs.neu.edu,file1KB.txt,2015/09/30 22:30:25,2015/09/30 22:30:26,1401.000000
planetlab5.csee.usf.edu,planetlabtwo.ccs.neu.edu,file256KB.txt,2015/09/30 22:30:26,2015/09/30 22:30:45,18191.000000
planetlab5.csee.usf.edu,planetlabtwo.ccs.neu.edu,file512KB.txt,2015/09/30 22:30:45,2015/09/30 22:31:25,40817.000000
planetlab5.csee.usf.edu,planetlabtwo.ccs.neu.edu,file1MB.txt,2015/09/30 22:31:25,2015/09/30 22:32:43,-77879.000000
ebb.colgate.edu,planetlabtwo.ccs.neu.edu,file32B.txt,2015/09/30 22:32:43,2015/09/30 22:32:43,208.000000
ebb.colgate.edu,planetlabtwo.ccs.neu.edu,file1KB.txt,2015/09/30 22:32:43,2015/09/30 22:32:43,260.000000
ebb.colgate.edu,planetlabtwo.ccs.neu.edu,file256KB.txt,2015/09/30 22:32:43,2015/09/30 22:32:48,5075.000000
ebb.colgate.edu,planetlabtwo.ccs.neu.edu,file512KB.txt,2015/09/30 22:32:48,2015/09/30 22:32:58,10052.000000
ebb.colgate.edu,planetlabtwo.ccs.neu.edu,file1MB.txt,2015/09/30 22:32:58,2015/09/30 22:33:18,20583.000000
kc-sce-plab2.umkc.edu,planetlabtwo.ccs.neu.edu,file32B.txt,2015/09/30 22:33:18,2015/09/30 22:33:18,380.000000
kc-sce-plab2.umkc.edu,planetlabtwo.ccs.neu.edu,file1KB.txt,2015/09/30 22:33:18,2015/09/30 22:33:19,1597.000000
kc-sce-plab2.umkc.edu,planetlabtwo.ccs.neu.edu,file256KB.txt,2015/09/30 22:33:19,2015/09/30 22:34:51,91364.000000
kc-sce-plab2.umkc.edu,planetlabtwo.ccs.neu.edu,file512KB.txt,2015/09/30 22:34:51,2015/09/30 22:35:44,53684.000000
kc-sce-plab2.umkc.edu,planetlabtwo.ccs.neu.edu,file1MB.txt,2015/09/30 22:35:44,2015/09/30 22:39:09,204679.000000
node1.planetlab.mathcs.emory.edu,planetlabtwo.ccs.neu.edu,file32B.txt,2015/09/30 22:39:09,2015/09/30 22:39:09,426.000000
node1.planetlab.mathcs.emory.edu,planetlabtwo.ccs.neu.edu,file1KB.txt,2015/09/30 22:39:09,2015/09/30 22:39:10,1552.000000
node1.planetlab.mathcs.emory.edu,planetlabtwo.ccs.neu.edu,file256KB.txt,2015/09/30 22:39:10,2015/09/30 22:39:32,21560.000000
node1.planetlab.mathcs.emory.edu,planetlabtwo.ccs.neu.edu,file512KB.txt,2015/09/30 22:39:32,2015/09/30 22:40:17,45653.000000
node1.planetlab.mathcs.emory.edu,planetlabtwo.ccs.neu.edu,file1MB.txt,2015/09/30 22:40:17,2015/09/30 22:41:45,87438.000000
pl1.cs.montana.edu,planetlabtwo.ccs.neu.edu,file32B.txt,2015/09/30 22:41:45,2015/09/30 22:41:47,2471.000000
pl1.cs.montana.edu,planetlabtwo.ccs.neu.edu,file1KB.txt,2015/09/30 22:41:47,2015/09/30 22:41:48,1008.000000
pl1.cs.montana.edu,planetlabtwo.ccs.neu.edu,file256KB.txt,2015/09/30 22:41:48,2015/09/30 22:42:46,57532.000000
pl1.cs.montana.edu,planetlabtwo.ccs.neu.edu,file512KB.txt,2015/09/30 22:42:46,2015/09/30 22:44:42,115859.000000
pl1.cs.montana.edu,planetlabtwo.ccs.neu.edu,file1MB.txt,2015/09/30 22:44:42,2015/09/30 22:48:34,232266.000000
plab3.eece.ksu.edu,planetlabtwo.ccs.neu.edu,file32B.txt,2015/09/30 22:48:55,2015/09/30 22:48:56,1499.000000
plab3.eece.ksu.edu,planetlabtwo.ccs.neu.edu,file1KB.txt,2015/09/30 22:48:56,2015/09/30 22:48:56,506.000000
plab3.eece.ksu.edu,planetlabtwo.ccs.neu.edu,file256KB.txt,2015/09/30 22:48:56,2015/09/30 22:49:16,20028.000000
plab3.eece.ksu.edu,planetlabtwo.ccs.neu.edu,file512KB.txt,2015/09/30 22:49:16,2015/09/30 22:49:56,40428.000000
plab3.eece.ksu.edu,planetlabtwo.ccs.neu.edu,file1MB.txt,2015/09/30 22:49:56,2015/09/30 22:51:15,78748.000000
planet3.cc.gt.atl.ga.us,planetlabtwo.ccs.neu.edu,file32B.txt,2015/09/30 22:51:15,2015/09/30 22:51:15,466.000000
planet3.cc.gt.atl.ga.us,planetlabtwo.ccs.neu.edu,file1KB.txt,2015/09/30 22:51:15,2015/09/30 22:51:16,1358.000000
planet3.cc.gt.atl.ga.us,planetlabtwo.ccs.neu.edu,file256KB.txt,2015/09/30 22:51:16,2015/09/30 22:51:38,21528.000000
planet3.cc.gt.atl.ga.us,planetlabtwo.ccs.neu.edu,file512KB.txt,2015/09/30 22:51:38,2015/09/30 22:52:23,45799.000000
planet3.cc.gt.atl.ga.us,planetlabtwo.ccs.neu.edu,file1MB.txt,2015/09/30 22:52:23,2015/09/30 22:53:51,87774.000000
planetlab-02.bu.edu,planetlabtwo.ccs.neu.edu,file32B.txt,2015/09/30 22:53:51,2015/09/30 22:53:51,230.000000
planetlab-02.bu.edu,planetlabtwo.ccs.neu.edu,file1KB.txt,2015/09/30 22:53:51,2015/09/30 22:53:52,1626.000000
planetlab-02.bu.edu,planetlabtwo.ccs.neu.edu,file256KB.txt,2015/09/30 22:53:52,2015/09/30 22:53:57,5245.000000
planetlab-02.bu.edu,planetlabtwo.ccs.neu.edu,file512KB.txt,2015/09/30 22:53:57,2015/09/30 22:54:06,8551.000000
planetlab-02.bu.edu,planetlabtwo.ccs.neu.edu,file1MB.txt,2015/09/30 22:54:06,2015/09/30 22:54:25,18768.000000
planetlab1.clemson.edu,planetlabtwo.ccs.neu.edu,file32B.txt,2015/09/30 22:54:48,2015/09/30 22:54:49,1360.000000
planetlab1.clemson.edu,planetlabtwo.ccs.neu.edu,file1KB.txt,2015/09/30 22:54:49,2015/09/30 22:54:49,512.000000
planetlab1.clemson.edu,planetlabtwo.ccs.neu.edu,file256KB.txt,2015/09/30 22:54:49,2015/09/30 22:55:13,24091.000000
planetlab1.clemson.edu,planetlabtwo.ccs.neu.edu,file512KB.txt,2015/09/30 22:55:13,2015/09/30 22:56:00,47311.000000
planetlab1.clemson.edu,planetlabtwo.ccs.neu.edu,file1MB.txt,2015/09/30 22:56:00,2015/09/30 22:57:34,93899.000000
planetlab1.cs.du.edu,planetlabtwo.ccs.neu.edu,file32B.txt,2015/09/30 22:57:34,2015/09/30 22:57:35,1496.000000
planetlab1.cs.du.edu,planetlabtwo.ccs.neu.edu,file1KB.txt,2015/09/30 22:57:35,2015/09/30 22:57:35,456.000000
planetlab1.cs.du.edu,planetlabtwo.ccs.neu.edu,file256KB.txt,2015/09/30 22:57:35,2015/09/30 22:57:59,23940.000000
planetlab1.cs.du.edu,planetlabtwo.ccs.neu.edu,file512KB.txt,2015/09/30 22:57:59,2015/09/30 22:58:47,48230.000000
planetlab1.cs.du.edu,planetlabtwo.ccs.neu.edu,file1MB.txt,2015/09/30 22:58:47,2015/09/30 23:00:22,94822.000000
planetlab1.cs.okstate.edu,planetlabtwo.ccs.neu.edu,file32B.txt,2015/09/30 23:00:44,2015/09/30 23:00:44,452.000000
planetlab1.cs.okstate.edu,planetlabtwo.ccs.neu.edu,file1KB.txt,2015/09/30 23:00:44,2015/09/30 23:00:45,1570.000000
planetlab1.cs.okstate.edu,planetlabtwo.ccs.neu.edu,file256KB.txt,2015/09/30 23:00:45,2015/09/30 23:01:06,20226.000000
planetlab1.cs.okstate.edu,planetlabtwo.ccs.neu.edu,file512KB.txt,2015/09/30 23:01:06,2015/09/30 23:01:50,44833.000000
planetlab1.cs.okstate.edu,planetlabtwo.ccs.neu.edu,file1MB.txt,2015/09/30 23:01:50,2015/09/30 23:03:15,84464.000000
planetlab1.cs.ucla.edu,planetlabtwo.ccs.neu.edu,file32B.txt,2015/09/30 23:03:15,2015/09/30 23:03:16,1327.000000
planetlab1.cs.ucla.edu,planetlabtwo.ccs.neu.edu,file1KB.txt,2015/09/30 23:03:16,2015/09/30 23:03:17,1213.000000
planetlab1.cs.ucla.edu,planetlabtwo.ccs.neu.edu,file256KB.txt,2015/09/30 23:03:17,2015/09/30 23:03:59,41612.000000
planetlab1.cs.ucla.edu,planetlabtwo.ccs.neu.edu,file512KB.txt,2015/09/30 23:03:59,2015/09/30 23:05:23,83921.000000
planetlab1.cs.ucla.edu,planetlabtwo.ccs.neu.edu,file1MB.txt,2015/09/30 23:05:23,2015/09/30 23:08:12,169145.000000
planetlab1.csuohio.edu,planetlabtwo.ccs.neu.edu,file32B.txt,2015/09/30 23:08:12,2015/09/30 23:08:12,327.000000
planetlab1.csuohio.edu,planetlabtwo.ccs.neu.edu,file1KB.txt,2015/09/30 23:08:12,2015/09/30 23:08:13,1577.000000
planetlab1.csuohio.edu,planetlabtwo.ccs.neu.edu,file256KB.txt,2015/09/30 23:08:13,2015/09/30 23:08:30,16922.000000
planetlab1.csuohio.edu,planetlabtwo.ccs.neu.edu,file512KB.txt,2015/09/30 23:08:30,2015/09/30 23:09:03,32575.000000
planetlab1.csuohio.edu,planetlabtwo.ccs.neu.edu,file1MB.txt,2015/09/30 23:09:03,2015/09/30 23:10:10,67211.000000
planetlab1.emich.edu,planetlabtwo.ccs.neu.edu,file32B.txt,2015/09/30 23:10:10,2015/09/30 23:10:10,326.000000
planetlab1.emich.edu,planetlabtwo.ccs.neu.edu,file1KB.txt,2015/09/30 23:10:10,2015/09/30 23:10:11,1681.000000
planetlab1.emich.edu,planetlabtwo.ccs.neu.edu,file256KB.txt,2015/09/30 23:10:11,2015/09/30 23:10:25,13442.000000
planetlab1.emich.edu,planetlabtwo.ccs.neu.edu,file512KB.txt,2015/09/30 23:10:25,2015/09/30 23:10:54,29147.000000
planetlab1.emich.edu,planetlabtwo.ccs.neu.edu,file1MB.txt,2015/09/30 23:10:54,2015/09/30 23:11:51,56631.000000
planetlab1.ucsd.edu,planetlabtwo.ccs.neu.edu,file32B.txt,2015/09/30 23:12:13,2015/09/30 23:12:13,717.000000
planetlab1.ucsd.edu,planetlabtwo.ccs.neu.edu,file1KB.txt,2015/09/30 23:12:13,2015/09/30 23:12:14,1272.000000
planetlab1.ucsd.edu,planetlabtwo.ccs.neu.edu,file256KB.txt,2015/09/30 23:12:14,2015/09/30 23:12:58,44439.000000
planetlab1.ucsd.edu,planetlabtwo.ccs.neu.edu,file512KB.txt,2015/09/30 23:12:58,2015/09/30 23:14:26,87996.000000
planetlab1.ucsd.edu,planetlabtwo.ccs.neu.edu,file1MB.txt,2015/09/30 23:14:26,2015/09/30 23:17:39,192332.000000
planetlab2.acis.ufl.edu,planetlabtwo.ccs.neu.edu,file32B.txt,2015/09/30 23:17:39,2015/09/30 23:17:40,1567.000000
planetlab2.acis.ufl.edu,planetlabtwo.ccs.neu.edu,file1KB.txt,2015/09/30 23:17:40,2015/09/30 23:17:40,691.000000
planetlab2.acis.ufl.edu,planetlabtwo.ccs.neu.edu,file256KB.txt,2015/09/30 23:17:40,2015/09/30 23:18:03,23482.000000
planetlab2.acis.ufl.edu,planetlabtwo.ccs.neu.edu,file512KB.txt,2015/09/30 23:18:03,2015/09/30 23:18:43,39821.000000
planetlab2.acis.ufl.edu,planetlabtwo.ccs.neu.edu,file1MB.txt,2015/09/30 23:18:43,2015/09/30 23:20:02,79289.000000
planetlab2.arizona-gigapop.net,planetlabtwo.ccs.neu.edu,file32B.txt,2015/09/30 23:20:02,2015/09/30 23:20:03,1265.000000
planetlab2.arizona-gigapop.net,planetlabtwo.ccs.neu.edu,file1KB.txt,2015/09/30 23:20:03,2015/09/30 23:20:03,798.000000
planetlab2.arizona-gigapop.net,planetlabtwo.ccs.neu.edu,file256KB.txt,2015/09/30 23:20:03,2015/09/30 23:20:40,37550.000000
planetlab2.arizona-gigapop.net,planetlabtwo.ccs.neu.edu,file512KB.txt,2015/09/30 23:20:40,2015/09/30 23:21:52,71867.000000
planetlab2.arizona-gigapop.net,planetlabtwo.ccs.neu.edu,file1MB.txt,2015/09/30 23:21:52,2015/09/30 23:24:30,157653.000000
planetlab2.citadel.edu,planetlabtwo.ccs.neu.edu,file32B.txt,2015/09/30 23:24:30,2015/09/30 23:24:36,6426.000000
planetlab2.citadel.edu,planetlabtwo.ccs.neu.edu,file1KB.txt,2015/09/30 23:24:36,2015/09/30 23:24:37,1079.000000
planetlab2.citadel.edu,planetlabtwo.ccs.neu.edu,file256KB.txt,2015/09/30 23:24:37,2015/09/30 23:25:10,33262.000000
planetlab2.citadel.edu,planetlabtwo.ccs.neu.edu,file512KB.txt,2015/09/30 23:25:10,2015/09/30 23:26:15,64704.000000
planetlab2.citadel.edu,planetlabtwo.ccs.neu.edu,file1MB.txt,2015/09/30 23:26:15,2015/09/30 23:28:25,129725.000000
planetlab2.cs.pitt.edu,planetlabtwo.ccs.neu.edu,file32B.txt,2015/09/30 23:28:25,2015/09/30 23:28:26,1656.000000
planetlab2.cs.pitt.edu,planetlabtwo.ccs.neu.edu,file1KB.txt,2015/09/30 23:28:26,2015/09/30 23:28:29,2654.000000
planetlab2.cs.pitt.edu,planetlabtwo.ccs.neu.edu,file256KB.txt,2015/09/30 23:28:29,2015/09/30 23:28:46,17437.000000
planetlab2.cs.pitt.edu,planetlabtwo.ccs.neu.edu,file512KB.txt,2015/09/30 23:28:46,2015/09/30 23:29:17,30551.000000
planetlab2.cs.pitt.edu,planetlabtwo.ccs.neu.edu,file1MB.txt,2015/09/30 23:29:17,2015/09/30 23:30:20,62760.000000
planetlab2.cs.purdue.edu,planetlabtwo.ccs.neu.edu,file32B.txt,2015/09/30 23:30:20,2015/09/30 23:30:21,901.000000
planetlab2.cs.purdue.edu,planetlabtwo.ccs.neu.edu,file1KB.txt,2015/09/30 23:30:21,2015/09/30 23:30:22,1282.000000
planetlab2.cs.purdue.edu,planetlabtwo.ccs.neu.edu,file256KB.txt,2015/09/30 23:30:22,2015/09/30 23:31:08,45822.000000
planetlab2.cs.purdue.edu,planetlabtwo.ccs.neu.edu,file512KB.txt,2015/09/30 23:31:08,2015/09/30 23:32:38,90651.000000
planetlab2.cs.purdue.edu,planetlabtwo.ccs.neu.edu,file1MB.txt,2015/09/30 23:32:38,2015/09/30 23:34:58,139987.000000
planetlab2.cs.uml.edu,planetlabtwo.ccs.neu.edu,file32B.txt,2015/09/30 23:35:40,2015/09/30 23:35:46,6284.000000
planetlab2.cs.unc.edu,planetlabtwo.ccs.neu.edu,file32B.txt,2015/09/30 23:36:12,2015/09/30 23:36:13,1449.000000
planetlab2.cs.unc.edu,planetlabtwo.ccs.neu.edu,file1KB.txt,2015/09/30 23:36:13,2015/09/30 23:36:13,328.000000
planetlab2.cs.unc.edu,planetlabtwo.ccs.neu.edu,file256KB.txt,2015/09/30 23:36:13,2015/09/30 23:36:31,18089.000000
planetlab2.cs.unc.edu,planetlabtwo.ccs.neu.edu,file512KB.txt,2015/09/30 23:36:31,2015/09/30 23:37:08,36655.000000
planetlab2.cs.unc.edu,planetlabtwo.ccs.neu.edu,file1MB.txt,2015/09/30 23:37:08,2015/09/30 23:38:05,57462.000000
planetlab2.cs.uoregon.edu,planetlabtwo.ccs.neu.edu,file32B.txt,2015/09/30 23:38:05,2015/09/30 23:38:06,1240.000000
planetlab2.cs.uoregon.edu,planetlabtwo.ccs.neu.edu,file1KB.txt,2015/09/30 23:38:06,2015/09/30 23:38:06,865.000000
planetlab2.cs.uoregon.edu,planetlabtwo.ccs.neu.edu,file256KB.txt,2015/09/30 23:38:06,2015/09/30 23:38:46,40203.000000
planetlab2.cs.uoregon.edu,planetlabtwo.ccs.neu.edu,file512KB.txt,2015/09/30 23:38:46,2015/09/30 23:40:05,78932.000000
planetlab2.cs.uoregon.edu,planetlabtwo.ccs.neu.edu,file1MB.txt,2015/09/30 23:40:05,2015/09/30 23:42:43,158444.000000
planetlab2.temple.edu,planetlabtwo.ccs.neu.edu,file32B.txt,2015/09/30 23:42:43,2015/09/30 23:42:43,230.000000
planetlab2.temple.edu,planetlabtwo.ccs.neu.edu,file1KB.txt,2015/09/30 23:42:43,2015/09/30 23:42:44,1572.000000
planetlab2.temple.edu,planetlabtwo.ccs.neu.edu,file256KB.txt,2015/09/30 23:42:44,2015/09/30 23:42:48,3262.000000
planetlab2.temple.edu,planetlabtwo.ccs.neu.edu,file512KB.txt,2015/09/30 23:42:48,2015/09/30 23:42:57,8785.000000
planetlab2.temple.edu,planetlabtwo.ccs.neu.edu,file1MB.txt,2015/09/30 23:42:57,2015/09/30 23:43:16,19662.000000
planetlab2.unl.edu,planetlabtwo.ccs.neu.edu,file32B.txt,2015/09/30 23:43:16,2015/09/30 23:43:16,507.000000
planetlab2.unl.edu,planetlabtwo.ccs.neu.edu,file1KB.txt,2015/09/30 23:43:16,2015/09/30 23:43:17,1546.000000
planetlab2.unl.edu,planetlabtwo.ccs.neu.edu,file256KB.txt,2015/09/30 23:43:17,2015/09/30 23:43:37,19382.000000
planetlab2.unl.edu,planetlabtwo.ccs.neu.edu,file512KB.txt,2015/09/30 23:43:37,2015/09/30 23:44:18,-41201.000000
planetlab2.unl.edu,planetlabtwo.ccs.neu.edu,file1MB.txt,2015/09/30 23:44:18,2015/09/30 23:45:40,82397.000000
planetlab2.unr.edu,planetlabtwo.ccs.neu.edu,file32B.txt,2015/09/30 23:45:40,2015/09/30 23:45:41,732.000000
planetlab2.unr.edu,planetlabtwo.ccs.neu.edu,file1KB.txt,2015/09/30 23:45:41,2015/09/30 23:45:42,993.000000
planetlab2.unr.edu,planetlabtwo.ccs.neu.edu,file256KB.txt,2015/09/30 23:45:42,2015/09/30 23:46:15,32816.000000
planetlab2.unr.edu,planetlabtwo.ccs.neu.edu,file512KB.txt,2015/09/30 23:46:15,2015/09/30 23:47:21,66070.000000
planetlab2.unr.edu,planetlabtwo.ccs.neu.edu,file1MB.txt,2015/09/30 23:47:21,2015/09/30 23:49:33,132642.000000
planetlab2.uta.edu,planetlabtwo.ccs.neu.edu,file32B.txt,2015/09/30 23:49:33,2015/09/30 23:49:33,617.000000
planetlab2.uta.edu,planetlabtwo.ccs.neu.edu,file1KB.txt,2015/09/30 23:49:33,2015/09/30 23:49:34,1391.000000
planetlab2.uta.edu,planetlabtwo.ccs.neu.edu,file256KB.txt,2015/09/30 23:49:34,2015/09/30 23:49:57,22370.000000
planetlab2.uta.edu,planetlabtwo.ccs.neu.edu,file512KB.txt,2015/09/30 23:49:57,2015/09/30 23:50:44,47679.000000
planetlab2.uta.edu,planetlabtwo.ccs.neu.edu,file1MB.txt,2015/09/30 23:50:44,2015/09/30 23:52:16,92044.000000
planetlab2.utdallas.edu,planetlabtwo.ccs.neu.edu,file32B.txt,2015/09/30 23:52:16,2015/09/30 23:52:16,462.000000
planetlab2.utdallas.edu,planetlabtwo.ccs.neu.edu,file1KB.txt,2015/09/30 23:52:16,2015/09/30 23:52:17,1546.000000
planetlab2.utdallas.edu,planetlabtwo.ccs.neu.edu,file256KB.txt,2015/09/30 23:52:17,2015/09/30 23:52:40,22890.000000
planetlab2.utdallas.edu,planetlabtwo.ccs.neu.edu,file512KB.txt,2015/09/30 23:52:40,2015/09/30 23:53:26,45997.000000
planetlab2.utdallas.edu,planetlabtwo.ccs.neu.edu,file1MB.txt,2015/09/30 23:53:26,2015/09/30 23:54:58,91315.000000
planetlab3.eecs.umich.edu,planetlabtwo.ccs.neu.edu,file32B.txt,2015/09/30 23:54:58,2015/09/30 23:54:59,1532.000000
planetlab3.eecs.umich.edu,planetlabtwo.ccs.neu.edu,file1KB.txt,2015/09/30 23:54:59,2015/09/30 23:54:59,329.000000
planetlab3.eecs.umich.edu,planetlabtwo.ccs.neu.edu,file256KB.txt,2015/09/30 23:54:59,2015/09/30 23:55:14,14935.000000
planetlab3.eecs.umich.edu,planetlabtwo.ccs.neu.edu,file512KB.txt,2015/09/30 23:55:14,2015/09/30 23:55:44,30147.000000
planetlab3.eecs.umich.edu,planetlabtwo.ccs.neu.edu,file1MB.txt,2015/09/30 23:55:44,2015/09/30 23:56:43,58888.000000
planetlab3.rutgers.edu,planetlabtwo.ccs.neu.edu,file32B.txt,2015/09/30 23:56:43,2015/09/30 23:56:44,1408.000000
planetlab3.rutgers.edu,planetlabtwo.ccs.neu.edu,file1KB.txt,2015/09/30 23:56:44,2015/09/30 23:56:44,334.000000
planetlab3.rutgers.edu,planetlabtwo.ccs.neu.edu,file256KB.txt,2015/09/30 23:56:44,2015/09/30 23:56:50,6345.000000
planetlab3.rutgers.edu,planetlabtwo.ccs.neu.edu,file512KB.txt,2015/09/30 23:56:50,2015/09/30 23:57:01,10824.000000
planetlab3.rutgers.edu,planetlabtwo.ccs.neu.edu,file1MB.txt,2015/09/30 23:57:01,2015/09/30 23:57:23,21991.000000
planetlab3.wail.wisc.edu,planetlabtwo.ccs.neu.edu,file32B.txt,2015/09/30 23:57:23,2015/09/30 23:57:23,468.000000
planetlab3.wail.wisc.edu,planetlabtwo.ccs.neu.edu,file1KB.txt,2015/09/30 23:57:23,2015/09/30 23:57:24,1001.000000
planetlab3.wail.wisc.edu,planetlabtwo.ccs.neu.edu,file256KB.txt,2015/09/30 23:57:24,2015/09/30 23:57:46,22489.000000
planetlab3.wail.wisc.edu,planetlabtwo.ccs.neu.edu,file512KB.txt,2015/09/30 23:57:46,2015/09/30 23:58:29,43225.000000
planetlab3.wail.wisc.edu,planetlabtwo.ccs.neu.edu,file1MB.txt,2015/09/30 23:58:29,2015/09/30 23:59:54,84761.000000
planetlab4.tamu.edu,planetlabtwo.ccs.neu.edu,file32B.txt,2015/09/30 23:59:54,2015/09/30 23:59:54,457.000000
planetlab4.tamu.edu,planetlabtwo.ccs.neu.edu,file1KB.txt,2015/09/30 23:59:54,2015/09/30 23:59:55,1500.000000
planetlab4.tamu.edu,planetlabtwo.ccs.neu.edu,file256KB.txt,2015/09/30 23:59:55,2015/10/01 00:00:20,25361.000000
planetlab4.tamu.edu,planetlabtwo.ccs.neu.edu,file512KB.txt,2015/10/01 00:00:20,2015/10/01 00:01:08,47142.000000
planetlab4.tamu.edu,planetlabtwo.ccs.neu.edu,file1MB.txt,2015/10/01 00:01:08,2015/10/01 00:02:46,98539.000000
planetlab-5.eecs.cwru.edu,planetlabtwo.ccs.neu.edu,file32B.txt,2015/10/01 00:02:46,2015/10/01 00:02:46,271.000000
planetlab-5.eecs.cwru.edu,planetlabtwo.ccs.neu.edu,file1KB.txt,2015/10/01 00:02:46,2015/10/01 00:02:46,265.000000
planetlab-5.eecs.cwru.edu,planetlabtwo.ccs.neu.edu,file256KB.txt,2015/10/01 00:02:46,2015/10/01 00:02:57,11235.000000
planetlab-5.eecs.cwru.edu,planetlabtwo.ccs.neu.edu,file512KB.txt,2015/10/01 00:02:57,2015/10/01 00:03:18,20976.000000
planetlab-5.eecs.cwru.edu,planetlabtwo.ccs.neu.edu,file1MB.txt,2015/10/01 00:03:18,2015/10/01 00:04:00,42072.000000
planetlabone.ccs.neu.edu,planetlabtwo.ccs.neu.edu,file32B.txt,2015/10/01 00:04:00,2015/10/01 00:04:00,308.000000
planetlabone.ccs.neu.edu,planetlabtwo.ccs.neu.edu,file1KB.txt,2015/10/01 00:04:00,2015/10/01 00:04:01,1831.000000
planetlabone.ccs.neu.edu,planetlabtwo.ccs.neu.edu,file256KB.txt,2015/10/01 00:04:01,2015/10/01 00:04:01,316.000000
planetlabone.ccs.neu.edu,planetlabtwo.ccs.neu.edu,file512KB.txt,2015/10/01 00:04:01,2015/10/01 00:04:01,384.000000
planetlabone.ccs.neu.edu,planetlabtwo.ccs.neu.edu,file1MB.txt,2015/10/01 00:04:01,2015/10/01 00:04:02,1461.000000
pl-node-0.csl.sri.com,planetlabtwo.ccs.neu.edu,file32B.txt,2015/10/01 00:04:02,2015/10/01 00:04:03,1266.000000
pl-node-0.csl.sri.com,planetlabtwo.ccs.neu.edu,file1KB.txt,2015/10/01 00:04:03,2015/10/01 00:04:03,696.000000
pl-node-0.csl.sri.com,planetlabtwo.ccs.neu.edu,file256KB.txt,2015/10/01 00:04:03,2015/10/01 00:04:50,47016.000000
pl-node-0.csl.sri.com,planetlabtwo.ccs.neu.edu,file512KB.txt,2015/10/01 00:04:50,2015/10/01 00:06:08,78490.000000
pl-node-0.csl.sri.com,planetlabtwo.ccs.neu.edu,file1MB.txt,2015/10/01 00:06:08,2015/10/01 00:08:57,168687.000000
ricepl-5.cs.rice.edu,planetlabtwo.ccs.neu.edu,file32B.txt,2015/10/01 00:08:57,2015/10/01 00:08:58,1538.000000
ricepl-5.cs.rice.edu,planetlabtwo.ccs.neu.edu,file1KB.txt,2015/10/01 00:08:58,2015/10/01 00:08:58,608.000000
ricepl-5.cs.rice.edu,planetlabtwo.ccs.neu.edu,file256KB.txt,2015/10/01 00:08:58,2015/10/01 00:09:24,26341.000000
ricepl-5.cs.rice.edu,planetlabtwo.ccs.neu.edu,file512KB.txt,2015/10/01 00:09:24,2015/10/01 00:10:15,50991.000000
ricepl-5.cs.rice.edu,planetlabtwo.ccs.neu.edu,file1MB.txt,2015/10/01 00:10:15,2015/10/01 00:11:57,101621.000000
salt.planetlab.cs.umd.edu,planetlabtwo.ccs.neu.edu,file32B.txt,2015/10/01 00:11:57,2015/10/01 00:11:58,1645.000000
salt.planetlab.cs.umd.edu,planetlabtwo.ccs.neu.edu,file1KB.txt,2015/10/01 00:11:58,2015/10/01 00:11:58,244.000000
salt.planetlab.cs.umd.edu,planetlabtwo.ccs.neu.edu,file256KB.txt,2015/10/01 00:11:58,2015/10/01 00:12:06,8241.000000
salt.planetlab.cs.umd.edu,planetlabtwo.ccs.neu.edu,file512KB.txt,2015/10/01 00:12:06,2015/10/01 00:12:21,14918.000000
salt.planetlab.cs.umd.edu,planetlabtwo.ccs.neu.edu,file1MB.txt,2015/10/01 00:12:21,2015/10/01 00:12:51,30138.000000
pl1.eecs.utk.edu,planetlabtwo.ccs.neu.edu,file32B.txt,2015/10/01 00:12:51,2015/10/01 00:12:52,1324.000000
pl1.eecs.utk.edu,planetlabtwo.ccs.neu.edu,file1KB.txt,2015/10/01 00:12:52,2015/10/01 00:12:52,639.000000
pl1.eecs.utk.edu,planetlabtwo.ccs.neu.edu,file256KB.txt,2015/10/01 00:12:52,2015/10/01 00:13:31,39157.000000
pl1.eecs.utk.edu,planetlabtwo.ccs.neu.edu,file512KB.txt,2015/10/01 00:13:31,2015/10/01 00:15:19,108165.000000
pl1.eecs.utk.edu,planetlabtwo.ccs.neu.edu,file1MB.txt,2015/10/01 00:15:19,2015/10/01 00:17:54,154740.000000
planetlab-01.vt.nodes.planet-lab.org,planetlabtwo.ccs.neu.edu,file32B.txt,2015/10/01 00:17:54,2015/10/01 00:17:55,1456.000000
planetlab-01.vt.nodes.planet-lab.org,planetlabtwo.ccs.neu.edu,file1KB.txt,2015/10/01 00:17:55,2015/10/01 00:17:55,540.000000
planetlab-01.vt.nodes.planet-lab.org,planetlabtwo.ccs.neu.edu,file256KB.txt,2015/10/01 00:17:55,2015/10/01 00:18:14,18778.000000
planetlab-01.vt.nodes.planet-lab.org,planetlabtwo.ccs.neu.edu,file512KB.txt,2015/10/01 00:18:14,2015/10/01 00:18:52,37955.000000
planetlab-01.vt.nodes.planet-lab.org,planetlabtwo.ccs.neu.edu,file1MB.txt,2015/10/01 00:18:52,2015/10/01 00:20:08,76492.000000
planetlab-04.vt.nodes.planet-lab.org,planetlabtwo.ccs.neu.edu,file32B.txt,2015/10/01 00:20:08,2015/10/01 00:20:08,442.000000
planetlab-04.vt.nodes.planet-lab.org,planetlabtwo.ccs.neu.edu,file1KB.txt,2015/10/01 00:20:08,2015/10/01 00:20:09,1516.000000
planetlab-04.vt.nodes.planet-lab.org,planetlabtwo.ccs.neu.edu,file256KB.txt,2015/10/01 00:20:09,2015/10/01 00:20:28,18987.000000
planetlab-04.vt.nodes.planet-lab.org,planetlabtwo.ccs.neu.edu,file512KB.txt,2015/10/01 00:20:28,2015/10/01 00:21:06,38272.000000
planetlab-04.vt.nodes.planet-lab.org,planetlabtwo.ccs.neu.edu,file1MB.txt,2015/10/01 00:21:06,2015/10/01 00:22:21,75114.000000
planetlab-4.eecs.cwru.edu,planetlabtwo.ccs.neu.edu,file32B.txt,2015/10/01 00:22:21,2015/10/01 00:22:21,359.000000
planetlab-4.eecs.cwru.edu,planetlabtwo.ccs.neu.edu,file1KB.txt,2015/10/01 00:22:21,2015/10/01 00:22:22,655.000000
planetlab-4.eecs.cwru.edu,planetlabtwo.ccs.neu.edu,file256KB.txt,2015/10/01 00:22:22,2015/10/01 00:22:33,11270.000000
planetlab-4.eecs.cwru.edu,planetlabtwo.ccs.neu.edu,file512KB.txt,2015/10/01 00:22:33,2015/10/01 00:22:54,20790.000000
planetlab-4.eecs.cwru.edu,planetlabtwo.ccs.neu.edu,file1MB.txt,2015/10/01 00:22:54,2015/10/01 00:23:36,42093.000000
planetlab01.cs.washington.edu,planetlabtwo.ccs.neu.edu,file32B.txt,2015/10/01 00:23:36,2015/10/01 00:23:37,1333.000000
planetlab01.cs.washington.edu,planetlabtwo.ccs.neu.edu,file1KB.txt,2015/10/01 00:23:37,2015/10/01 00:23:37,686.000000
planetlab01.cs.washington.edu,planetlabtwo.ccs.neu.edu,file256KB.txt,2015/10/01 00:23:37,2015/10/01 00:24:15,38879.000000
planetlab01.cs.washington.edu,planetlabtwo.ccs.neu.edu,file512KB.txt,2015/10/01 00:24:15,2015/10/01 00:25:28,72190.000000
planetlab01.cs.washington.edu,planetlabtwo.ccs.neu.edu,file1MB.txt,2015/10/01 00:25:28,2015/10/01 00:27:55,147128.000000
planetlab02.cs.washington.edu,planetlabtwo.ccs.neu.edu,file32B.txt,2015/10/01 00:27:55,2015/10/01 00:27:56,1277.000000
planetlab02.cs.washington.edu,planetlabtwo.ccs.neu.edu,file1KB.txt,2015/10/01 00:27:56,2015/10/01 00:27:57,1178.000000
planetlab02.cs.washington.edu,planetlabtwo.ccs.neu.edu,file256KB.txt,2015/10/01 00:27:57,2015/10/01 00:28:34,36847.000000
planetlab02.cs.washington.edu,planetlabtwo.ccs.neu.edu,file512KB.txt,2015/10/01 00:28:34,2015/10/01 00:29:48,73990.000000
planetlab02.cs.washington.edu,planetlabtwo.ccs.neu.edu,file1MB.txt,2015/10/01 00:29:48,2015/10/01 00:32:16,148020.000000
planetlab1.arizona-gigapop.net,planetlabtwo.ccs.neu.edu,file32B.txt,2015/10/01 00:32:16,2015/10/01 00:32:17,1110.000000
planetlab1.arizona-gigapop.net,planetlabtwo.ccs.neu.edu,file1KB.txt,2015/10/01 00:32:17,2015/10/01 00:32:18,1125.000000
planetlab1.arizona-gigapop.net,planetlabtwo.ccs.neu.edu,file256KB.txt,2015/10/01 00:32:18,2015/10/01 00:32:54,35826.000000
planetlab1.arizona-gigapop.net,planetlabtwo.ccs.neu.edu,file512KB.txt,2015/10/01 00:32:54,2015/10/01 00:34:06,72039.000000
planetlab1.arizona-gigapop.net,planetlabtwo.ccs.neu.edu,file1MB.txt,2015/10/01 00:34:06,2015/10/01 00:36:32,145361.000000
planetlab1.cs.unc.edu,planetlabtwo.ccs.neu.edu,file32B.txt,2015/10/01 00:36:32,2015/10/01 00:36:33,1739.000000
planetlab1.cs.unc.edu,planetlabtwo.ccs.neu.edu,file1KB.txt,2015/10/01 00:36:33,2015/10/01 00:36:33,297.000000
planetlab1.cs.unc.edu,planetlabtwo.ccs.neu.edu,file256KB.txt,2015/10/01 00:36:33,2015/10/01 00:36:46,13088.000000
planetlab1.cs.unc.edu,planetlabtwo.ccs.neu.edu,file512KB.txt,2015/10/01 00:36:46,2015/10/01 00:37:12,26045.000000
planetlab1.cs.unc.edu,planetlabtwo.ccs.neu.edu,file1MB.txt,2015/10/01 00:37:12,2015/10/01 00:38:03,50990.000000
planet3.cc.gt.atl.ga.us,planetlabtwo.ccs.neu.edu,file32B.txt,2015/10/01 00:38:03,2015/10/01 00:38:04,1576.000000
planet3.cc.gt.atl.ga.us,planetlabtwo.ccs.neu.edu,file1KB.txt,2015/10/01 00:38:04,2015/10/01 00:38:04,553.000000
planet3.cc.gt.atl.ga.us,planetlabtwo.ccs.neu.edu,file256KB.txt,2015/10/01 00:38:04,2015/10/01 00:38:27,23676.000000
planet3.cc.gt.atl.ga.us,planetlabtwo.ccs.neu.edu,file512KB.txt,2015/10/01 00:38:27,2015/10/01 00:39:11,43303.000000
planet3.cc.gt.atl.ga.us,planetlabtwo.ccs.neu.edu,file1MB.txt,2015/10/01 00:39:11,2015/10/01 00:40:39,87881.000000
