planetlab1.unr.edu,planetlabone.ccs.neu.edu,file32B.txt,2015/09/30 21:13:22,2015/09/30 21:13:22,525.000000
planetlab1.unr.edu,planetlabone.ccs.neu.edu,file1KB.txt,2015/09/30 21:13:22,2015/09/30 21:13:23,1447.000000
planetlab1.unr.edu,planetlabone.ccs.neu.edu,file256KB.txt,2015/09/30 21:13:23,2015/09/30 21:13:56,32853.000000
planetlab1.unr.edu,planetlabone.ccs.neu.edu,file512KB.txt,2015/09/30 21:13:56,2015/09/30 21:15:02,66158.000000
planetlab1.unr.edu,planetlabone.ccs.neu.edu,file1MB.txt,2015/09/30 21:15:02,2015/09/30 21:17:13,130375.000000
pl2.cs.unm.edu,planetlabone.ccs.neu.edu,file32B.txt,2015/09/30 21:17:13,2015/09/30 21:17:14,1534.000000
pl2.cs.unm.edu,planetlabone.ccs.neu.edu,file1KB.txt,2015/09/30 21:17:14,2015/09/30 21:17:14,504.000000
pl2.cs.unm.edu,planetlabone.ccs.neu.edu,file256KB.txt,2015/09/30 21:17:14,2015/09/30 21:17:43,29741.000000
pl2.cs.unm.edu,planetlabone.ccs.neu.edu,file512KB.txt,2015/09/30 21:17:43,2015/09/30 21:18:39,55514.000000
pl2.cs.unm.edu,planetlabone.ccs.neu.edu,file1MB.txt,2015/09/30 21:18:39,2015/09/30 21:20:31,-111938.000000
planetlab2.cnis.nyit.edu,planetlabone.ccs.neu.edu,file32B.txt,2015/09/30 21:20:31,2015/09/30 21:20:32,1669.000000
planetlab2.cnis.nyit.edu,planetlabone.ccs.neu.edu,file1KB.txt,2015/09/30 21:20:32,2015/09/30 21:20:32,248.000000
planetlab2.cnis.nyit.edu,planetlabone.ccs.neu.edu,file256KB.txt,2015/09/30 21:20:32,2015/09/30 21:20:40,7408.000000
planetlab2.cnis.nyit.edu,planetlabone.ccs.neu.edu,file512KB.txt,2015/09/30 21:20:40,2015/09/30 21:20:56,16019.000000
planetlab2.cnis.nyit.edu,planetlabone.ccs.neu.edu,file1MB.txt,2015/09/30 21:20:56,2015/09/30 21:21:29,33183.000000
planetlab2.rutgers.edu,planetlabone.ccs.neu.edu,file32B.txt,2015/09/30 21:21:29,2015/09/30 21:21:33,4187.000000
planetlab2.rutgers.edu,planetlabone.ccs.neu.edu,file1KB.txt,2015/09/30 21:21:33,2015/09/30 21:21:39,5577.000000
planetlab2.rutgers.edu,planetlabone.ccs.neu.edu,file256KB.txt,2015/09/30 21:21:39,2015/09/30 21:42:34,1255160.000000
planetlab2.rutgers.edu,planetlabone.ccs.neu.edu,file512KB.txt,2015/09/30 21:42:34,2015/09/30 22:24:50,-1758721.000000
planetlab2.rutgers.edu,planetlabone.ccs.neu.edu,file1MB.txt,2015/09/30 22:24:50,2015/09/30 23:23:25,779507.000000
planetlab2.cs.du.edu,planetlabone.ccs.neu.edu,file32B.txt,2015/09/30 23:23:25,2015/09/30 23:23:25,451.000000
planetlab2.cs.du.edu,planetlabone.ccs.neu.edu,file1KB.txt,2015/09/30 23:23:25,2015/09/30 23:23:31,6033.000000
planetlab2.cs.du.edu,planetlabone.ccs.neu.edu,file256KB.txt,2015/09/30 23:23:31,2015/09/30 23:24:00,29098.000000
planetlab2.cs.du.edu,planetlabone.ccs.neu.edu,file512KB.txt,2015/09/30 23:24:00,2015/09/30 23:24:57,57235.000000
planetlab2.cs.du.edu,planetlabone.ccs.neu.edu,file1MB.txt,2015/09/30 23:24:57,2015/09/30 23:26:58,121178.000000
planetlab2.ucsd.edu,planetlabone.ccs.neu.edu,file32B.txt,2015/09/30 23:26:58,2015/09/30 23:26:58,752.000000
planetlab2.ucsd.edu,planetlabone.ccs.neu.edu,file1KB.txt,2015/09/30 23:26:58,2015/09/30 23:26:59,992.000000
planetlab2.ucsd.edu,planetlabone.ccs.neu.edu,file256KB.txt,2015/09/30 23:26:59,2015/09/30 23:27:48,49504.000000
planetlab2.ucsd.edu,planetlabone.ccs.neu.edu,file512KB.txt,2015/09/30 23:27:48,2015/09/30 23:29:24,96157.000000
planetlab2.ucsd.edu,planetlabone.ccs.neu.edu,file1MB.txt,2015/09/30 23:29:24,2015/09/30 23:32:35,190317.000000
planetlab3.cs.uoregon.edu,planetlabone.ccs.neu.edu,file32B.txt,2015/09/30 23:32:35,2015/09/30 23:32:36,1182.000000
planetlab3.cs.uoregon.edu,planetlabone.ccs.neu.edu,file1KB.txt,2015/09/30 23:32:36,2015/09/30 23:32:37,670.000000
planetlab3.cs.uoregon.edu,planetlabone.ccs.neu.edu,file256KB.txt,2015/09/30 23:32:37,2015/09/30 23:33:24,46964.000000
planetlab3.cs.uoregon.edu,planetlabone.ccs.neu.edu,file512KB.txt,2015/09/30 23:33:24,2015/09/30 23:35:05,101710.000000
planetlab3.cs.uoregon.edu,planetlabone.ccs.neu.edu,file1MB.txt,2015/09/30 23:35:05,2015/09/30 23:38:07,181318.000000
planetlab-01.bu.edu,planetlabone.ccs.neu.edu,file32B.txt,2015/09/30 23:38:07,2015/09/30 23:38:08,1806.000000
planetlab-01.bu.edu,planetlabone.ccs.neu.edu,file1KB.txt,2015/09/30 23:38:08,2015/09/30 23:38:08,237.000000
planetlab-01.bu.edu,planetlabone.ccs.neu.edu,file256KB.txt,2015/09/30 23:38:08,2015/09/30 23:38:12,3430.000000
planetlab-01.bu.edu,planetlabone.ccs.neu.edu,file512KB.txt,2015/09/30 23:38:12,2015/09/30 23:38:21,9035.000000
planetlab-01.bu.edu,planetlabone.ccs.neu.edu,file1MB.txt,2015/09/30 23:38:21,2015/09/30 23:38:39,17989.000000
planetlab4.cnds.jhu.edu,planetlabone.ccs.neu.edu,file32B.txt,2015/09/30 23:38:39,2015/09/30 23:38:40,1763.000000
planetlab4.cnds.jhu.edu,planetlabone.ccs.neu.edu,file1KB.txt,2015/09/30 23:38:40,2015/09/30 23:38:40,282.000000
planetlab4.cnds.jhu.edu,planetlabone.ccs.neu.edu,file256KB.txt,2015/09/30 23:38:40,2015/09/30 23:38:48,7767.000000
planetlab4.cnds.jhu.edu,planetlabone.ccs.neu.edu,file512KB.txt,2015/09/30 23:38:48,2015/09/30 23:39:04,15904.000000
planetlab4.cnds.jhu.edu,planetlabone.ccs.neu.edu,file1MB.txt,2015/09/30 23:39:04,2015/09/30 23:39:37,33729.000000
planetlabtwo.ccs.neu.edu,planetlabone.ccs.neu.edu,file32B.txt,2015/09/30 23:39:37,2015/09/30 23:39:37,416.000000
planetlabtwo.ccs.neu.edu,planetlabone.ccs.neu.edu,file1KB.txt,2015/09/30 23:39:37,2015/09/30 23:39:38,759.000000
planetlabtwo.ccs.neu.edu,planetlabone.ccs.neu.edu,file256KB.txt,2015/09/30 23:39:38,2015/09/30 23:39:38,210.000000
planetlabtwo.ccs.neu.edu,planetlabone.ccs.neu.edu,file512KB.txt,2015/09/30 23:39:38,2015/09/30 23:39:39,1504.000000
planetlabtwo.ccs.neu.edu,planetlabone.ccs.neu.edu,file1MB.txt,2015/09/30 23:39:39,2015/09/30 23:39:39,552.000000
planetlab1.cs.purdue.edu,planetlabone.ccs.neu.edu,file32B.txt,2015/09/30 23:39:39,2015/09/30 23:39:43,4832.000000
planetlab1.cs.purdue.edu,planetlabone.ccs.neu.edu,file1KB.txt,2015/09/30 23:39:43,2015/09/30 23:39:46,2628.000000
planetlab1.cs.purdue.edu,planetlabone.ccs.neu.edu,file256KB.txt,2015/09/30 23:39:46,2015/09/30 23:51:41,-714815.000000
planetlab1.cs.purdue.edu,planetlabone.ccs.neu.edu,file512KB.txt,2015/09/30 23:51:41,2015/10/01 00:23:19,1897815.000000
planetlab1.cs.purdue.edu,planetlabone.ccs.neu.edu,file1MB.txt,2015/10/01 00:23:19,2015/10/01 01:11:02,1432059.000000
planetlab2.tsuniv.edu,planetlabone.ccs.neu.edu,file32B.txt,2015/10/01 01:11:02,2015/10/01 01:11:04,2945.000000
planetlab2.tsuniv.edu,planetlabone.ccs.neu.edu,file1KB.txt,2015/10/01 01:11:04,2015/10/01 01:11:07,2016.000000
planetlab2.tsuniv.edu,planetlabone.ccs.neu.edu,file256KB.txt,2015/10/01 01:11:07,2015/10/01 01:12:08,61802.000000
planetlab2.tsuniv.edu,planetlabone.ccs.neu.edu,file512KB.txt,2015/10/01 01:12:08,2015/10/01 01:13:27,78988.000000
planetlab2.tsuniv.edu,planetlabone.ccs.neu.edu,file1MB.txt,2015/10/01 01:13:27,2015/10/01 01:26:00,752766.000000
planetlab1.tsuniv.edu,planetlabone.ccs.neu.edu,file32B.txt,2015/10/01 01:26:00,2015/10/01 01:26:04,3647.000000
planetlab1.tsuniv.edu,planetlabone.ccs.neu.edu,file1KB.txt,2015/10/01 01:26:04,2015/10/01 01:26:06,2053.000000
planetlab1.tsuniv.edu,planetlabone.ccs.neu.edu,file256KB.txt,2015/10/01 01:26:06,2015/10/01 01:28:11,125167.000000
planetlab1.tsuniv.edu,planetlabone.ccs.neu.edu,file512KB.txt,2015/10/01 01:28:11,2015/10/01 01:31:09,177964.000000
planetlab1.tsuniv.edu,planetlabone.ccs.neu.edu,file1MB.txt,2015/10/01 01:31:09,2015/10/01 01:38:21,432587.000000
planetlab3.ucsd.edu,planetlabone.ccs.neu.edu,file32B.txt,2015/10/01 01:38:21,2015/10/01 01:38:21,645.000000
planetlab3.ucsd.edu,planetlabone.ccs.neu.edu,file1KB.txt,2015/10/01 01:38:21,2015/10/01 01:38:22,1264.000000
planetlab3.ucsd.edu,planetlabone.ccs.neu.edu,file256KB.txt,2015/10/01 01:38:22,2015/10/01 01:39:06,44204.000000
planetlab3.ucsd.edu,planetlabone.ccs.neu.edu,file512KB.txt,2015/10/01 01:39:06,2015/10/01 01:40:37,90691.000000
planetlab3.ucsd.edu,planetlabone.ccs.neu.edu,file1MB.txt,2015/10/01 01:40:37,2015/10/01 01:43:40,183155.000000
node2.planetlab.mathcs.emory.edu,planetlabone.ccs.neu.edu,file32B.txt,2015/10/01 01:43:40,2015/10/01 01:43:41,1544.000000
node2.planetlab.mathcs.emory.edu,planetlabone.ccs.neu.edu,file1KB.txt,2015/10/01 01:43:41,2015/10/01 01:43:41,574.000000
node2.planetlab.mathcs.emory.edu,planetlabone.ccs.neu.edu,file256KB.txt,2015/10/01 01:43:41,2015/10/01 01:44:06,24929.000000
node2.planetlab.mathcs.emory.edu,planetlabone.ccs.neu.edu,file512KB.txt,2015/10/01 01:44:06,2015/10/01 01:44:55,49188.000000
node2.planetlab.mathcs.emory.edu,planetlabone.ccs.neu.edu,file1MB.txt,2015/10/01 01:44:55,2015/10/01 01:46:24,89029.000000
planetlab5.csee.usf.edu,planetlabone.ccs.neu.edu,file32B.txt,2015/10/01 01:46:24,2015/10/01 01:46:25,1573.000000
planetlab5.csee.usf.edu,planetlabone.ccs.neu.edu,file1KB.txt,2015/10/01 01:46:25,2015/10/01 01:46:25,806.000000
planetlab5.csee.usf.edu,planetlabone.ccs.neu.edu,file256KB.txt,2015/10/01 01:46:25,2015/10/01 01:46:45,20122.000000
planetlab5.csee.usf.edu,planetlabone.ccs.neu.edu,file512KB.txt,2015/10/01 01:46:45,2015/10/01 01:47:25,40524.000000
planetlab5.csee.usf.edu,planetlabone.ccs.neu.edu,file1MB.txt,2015/10/01 01:47:25,2015/10/01 01:48:43,77386.000000
planetlab1.emich.edu,planetlabone.ccs.neu.edu,file32B.txt,2015/10/01 01:48:43,2015/10/01 01:48:44,1673.000000
planetlab1.emich.edu,planetlabone.ccs.neu.edu,file1KB.txt,2015/10/01 01:48:44,2015/10/01 01:48:44,335.000000
planetlab1.emich.edu,planetlabone.ccs.neu.edu,file256KB.txt,2015/10/01 01:48:44,2015/10/01 01:48:59,15457.000000
planetlab1.emich.edu,planetlabone.ccs.neu.edu,file512KB.txt,2015/10/01 01:48:59,2015/10/01 01:49:27,27152.000000
planetlab1.emich.edu,planetlabone.ccs.neu.edu,file1MB.txt,2015/10/01 01:49:27,2015/10/01 01:50:25,58620.000000
ebb.colgate.edu,planetlabone.ccs.neu.edu,file32B.txt,2015/10/01 01:50:25,2015/10/01 01:50:26,1560.000000
ebb.colgate.edu,planetlabone.ccs.neu.edu,file1KB.txt,2015/10/01 01:50:26,2015/10/01 01:50:26,685.000000
ebb.colgate.edu,planetlabone.ccs.neu.edu,file256KB.txt,2015/10/01 01:50:26,2015/10/01 01:50:33,7385.000000
ebb.colgate.edu,planetlabone.ccs.neu.edu,file512KB.txt,2015/10/01 01:50:33,2015/10/01 01:50:45,12354.000000
ebb.colgate.edu,planetlabone.ccs.neu.edu,file1MB.txt,2015/10/01 01:50:45,2015/10/01 01:51:07,21639.000000
kc-sce-plab2.umkc.edu,planetlabone.ccs.neu.edu,file32B.txt,2015/10/01 01:51:07,2015/10/01 01:51:07,516.000000
kc-sce-plab2.umkc.edu,planetlabone.ccs.neu.edu,file1KB.txt,2015/10/01 01:51:07,2015/10/01 01:51:08,1574.000000
kc-sce-plab2.umkc.edu,planetlabone.ccs.neu.edu,file256KB.txt,2015/10/01 01:51:08,2015/10/01 01:51:46,38039.000000
kc-sce-plab2.umkc.edu,planetlabone.ccs.neu.edu,file512KB.txt,2015/10/01 01:51:46,2015/10/01 01:52:33,47231.000000
kc-sce-plab2.umkc.edu,planetlabone.ccs.neu.edu,file1MB.txt,2015/10/01 01:52:33,2015/10/01 01:56:48,255004.000000
node1.planetlab.mathcs.emory.edu,planetlabone.ccs.neu.edu,file32B.txt,2015/10/01 01:56:48,2015/10/01 01:56:48,491.000000
node1.planetlab.mathcs.emory.edu,planetlabone.ccs.neu.edu,file1KB.txt,2015/10/01 01:56:48,2015/10/01 01:56:48,444.000000
node1.planetlab.mathcs.emory.edu,planetlabone.ccs.neu.edu,file256KB.txt,2015/10/01 01:56:48,2015/10/01 01:57:11,23467.000000
node1.planetlab.mathcs.emory.edu,planetlabone.ccs.neu.edu,file512KB.txt,2015/10/01 01:57:11,2015/10/01 01:57:56,45447.000000
node1.planetlab.mathcs.emory.edu,planetlabone.ccs.neu.edu,file1MB.txt,2015/10/01 01:57:56,2015/10/01 01:59:24,87129.000000
pl1.cs.montana.edu,planetlabone.ccs.neu.edu,file32B.txt,2015/10/01 01:59:24,2015/10/01 01:59:25,1177.000000
pl1.cs.montana.edu,planetlabone.ccs.neu.edu,file1KB.txt,2015/10/01 01:59:25,2015/10/01 01:59:26,1097.000000
pl1.cs.montana.edu,planetlabone.ccs.neu.edu,file256KB.txt,2015/10/01 01:59:26,2015/10/01 02:00:25,59311.000000
pl1.cs.montana.edu,planetlabone.ccs.neu.edu,file512KB.txt,2015/10/01 02:00:25,2015/10/01 02:02:22,117026.000000
pl1.cs.montana.edu,planetlabone.ccs.neu.edu,file1MB.txt,2015/10/01 02:02:22,2015/10/01 02:06:15,232907.000000
plab3.eece.ksu.edu,planetlabone.ccs.neu.edu,file32B.txt,2015/10/01 02:06:36,2015/10/01 02:06:37,1585.000000
plab3.eece.ksu.edu,planetlabone.ccs.neu.edu,file1KB.txt,2015/10/01 02:06:37,2015/10/01 02:06:37,371.000000
plab3.eece.ksu.edu,planetlabone.ccs.neu.edu,file256KB.txt,2015/10/01 02:06:37,2015/10/01 02:06:57,-20094.000000
plab3.eece.ksu.edu,planetlabone.ccs.neu.edu,file512KB.txt,2015/10/01 02:06:57,2015/10/01 02:07:40,43282.000000
plab3.eece.ksu.edu,planetlabone.ccs.neu.edu,file1MB.txt,2015/10/01 02:07:40,2015/10/01 02:09:15,94534.000000
planet3.cc.gt.atl.ga.us,planetlabone.ccs.neu.edu,file32B.txt,2015/10/01 02:09:15,2015/10/01 02:09:16,1236.000000
planet3.cc.gt.atl.ga.us,planetlabone.ccs.neu.edu,file1KB.txt,2015/10/01 02:09:16,2015/10/01 02:09:16,464.000000
planet3.cc.gt.atl.ga.us,planetlabone.ccs.neu.edu,file256KB.txt,2015/10/01 02:09:16,2015/10/01 02:09:42,26004.000000
planet3.cc.gt.atl.ga.us,planetlabone.ccs.neu.edu,file512KB.txt,2015/10/01 02:09:42,2015/10/01 02:10:36,53775.000000
planet3.cc.gt.atl.ga.us,planetlabone.ccs.neu.edu,file1MB.txt,2015/10/01 02:10:36,2015/10/01 02:12:21,105563.000000
planetlab-02.bu.edu,planetlabone.ccs.neu.edu,file32B.txt,2015/10/01 02:12:21,2015/10/01 02:12:21,226.000000
planetlab-02.bu.edu,planetlabone.ccs.neu.edu,file1KB.txt,2015/10/01 02:12:21,2015/10/01 02:12:22,1745.000000
planetlab-02.bu.edu,planetlabone.ccs.neu.edu,file256KB.txt,2015/10/01 02:12:22,2015/10/01 02:12:26,3262.000000
planetlab-02.bu.edu,planetlabone.ccs.neu.edu,file512KB.txt,2015/10/01 02:12:26,2015/10/01 02:12:36,10623.000000
planetlab-02.bu.edu,planetlabone.ccs.neu.edu,file1MB.txt,2015/10/01 02:12:36,2015/10/01 02:12:54,17384.000000
planetlab1.clemson.edu,planetlabone.ccs.neu.edu,file32B.txt,2015/10/01 02:13:16,2015/10/01 02:13:16,404.000000
planetlab1.clemson.edu,planetlabone.ccs.neu.edu,file1KB.txt,2015/10/01 02:13:16,2015/10/01 02:13:17,1543.000000
planetlab1.clemson.edu,planetlabone.ccs.neu.edu,file256KB.txt,2015/10/01 02:13:17,2015/10/01 02:13:40,22646.000000
planetlab1.clemson.edu,planetlabone.ccs.neu.edu,file512KB.txt,2015/10/01 02:13:40,2015/10/01 02:14:28,48480.000000
planetlab1.clemson.edu,planetlabone.ccs.neu.edu,file1MB.txt,2015/10/01 02:14:28,2015/10/01 02:16:13,104817.000000
planetlab1.cs.du.edu,planetlabone.ccs.neu.edu,file32B.txt,2015/10/01 02:16:13,2015/10/01 02:16:14,1526.000000
planetlab1.cs.du.edu,planetlabone.ccs.neu.edu,file1KB.txt,2015/10/01 02:16:14,2015/10/01 02:16:15,1181.000000
planetlab1.cs.du.edu,planetlabone.ccs.neu.edu,file256KB.txt,2015/10/01 02:16:15,2015/10/01 02:16:41,25766.000000
planetlab1.cs.du.edu,planetlabone.ccs.neu.edu,file512KB.txt,2015/10/01 02:16:41,2015/10/01 02:17:37,55604.000000
planetlab1.cs.du.edu,planetlabone.ccs.neu.edu,file1MB.txt,2015/10/01 02:17:37,2015/10/01 02:19:49,131693.000000
planetlab-1.cse.ohio-state.edu,planetlabone.ccs.neu.edu,file32B.txt,2015/10/01 02:19:50,2015/10/01 02:19:54,4045.000000
planetlab-1.cse.ohio-state.edu,planetlabone.ccs.neu.edu,file1KB.txt,2015/10/01 02:19:54,2015/10/01 02:20:03,8184.000000
planetlab-1.cse.ohio-state.edu,planetlabone.ccs.neu.edu,file256KB.txt,2015/10/01 02:20:03,2015/10/01 02:42:04,1321468.000000
planetlab-1.cse.ohio-state.edu,planetlabone.ccs.neu.edu,file512KB.txt,2015/10/01 02:42:04,2015/10/01 03:38:40,898531.000000
