Collecting from planetlab1.unr.edu
Collecting from pl2.cs.unm.edu
Collecting from planetlab2.cnis.nyit.edu
Collecting from planetlab2.cs.du.edu
Collecting from planetlab2.ucsd.edu
Collecting from planetlab3.cs.uoregon.edu
Collecting from planetlab-01.bu.edu
Collecting from planetlab4.cnds.jhu.edu
Collecting from planetlabtwo.ccs.neu.edu
Collecting from planetlab3.ucsd.edu
Collecting from node2.planetlab.mathcs.emory.edu
Collecting from planetlab5.csee.usf.edu
Collecting from planetlab1.emich.edu
Collecting from 75-130-96-12.static.oxfr.ma.charter.com
Collecting from ebb.colgate.edu
Collecting from kc-sce-plab2.umkc.edu
Collecting from node1.planetlab.mathcs.emory.edu
Collecting from pl1.cs.montana.edu
Collecting from pl3.cs.unm.edu
Collecting from plab3.eece.ksu.edu
Collecting from planet3.cc.gt.atl.ga.us
Collecting from planetlab-01.cs.princeton.edu
Collecting from planetlab-02.bu.edu
Collecting from planetlab-02.vt.nodes.planet-lab.org
Collecting from planetlab04.cs.washington.edu
Collecting from planetlab1.clemson.edu
Collecting from planetlab1.cnds.jhu.edu
Collecting from planetlab1.cnis.nyit.edu
Collecting from planetlab1.cs.du.edu
Collecting from planetlab1.csee.usf.edu
Collecting from planetlab-1.cse.ohio-state.edu
Collecting from planetlab1.cs.okstate.edu
Collecting from planetlab1.cs.ucla.edu
Collecting from planetlab1.emich.edu
Collecting from planetlab1.netlab.uky.edu
Collecting from planetlab1.ucsd.edu
Collecting from planetlab2.acis.ufl.edu
Collecting from planetlab2.arizona-gigapop.net
Collecting from planetlab2.citadel.edu
Collecting from planetlab-2.cse.ohio-state.edu
Collecting from planetlab2.cs.pitt.edu
Collecting from planet-lab2.cs.ucr.edu
Collecting from planetlab2.cs.uiuc.edu
Collecting from planetlab2.cs.uml.edu
Collecting from planetlab2.cs.unc.edu
Collecting from planetlab2.cs.uoregon.edu
Collecting from planetlab2.temple.edu
Collecting from planetlab2.unl.edu
Collecting from planetlab2.unr.edu
Collecting from planetlab2.uta.edu
Collecting from planetlab2.utdallas.edu
Collecting from planetlab3.eecs.umich.edu
Collecting from planetlab3.wail.wisc.edu
Collecting from planetlab4.tamu.edu
Collecting from planetlab-5.eecs.cwru.edu
Collecting from planetlabone.ccs.neu.edu
Collecting from pluto.cs.brown.edu
Collecting from ricepl-5.cs.rice.edu
Collecting from salt.planetlab.cs.umd.edu
Collecting from 75-130-96-13.static.oxfr.ma.charter.com
Collecting from planetlab-01.vt.nodes.planet-lab.org
Collecting from planetlab-04.vt.nodes.planet-lab.org
Collecting from planetlab-4.eecs.cwru.edu
Collecting from planetlab01.cs.washington.edu
Collecting from planetlab02.cs.washington.edu
Collecting from planetlab1.arizona-gigapop.net
Collecting from planetlab1.cs.unc.edu
Collecting from planetlab1.postel.org
Collecting from planet3.cc.gt.atl.ga.us
Collecting from planetlab4.cs.uoregon.edu
Collecting from planetlab2.cs.ucla.edu
Collecting from planetlab3.cnds.jhu.edu
Collecting from planetlab03.cs.washington.edu
Collecting from planetlab1.cs.uml.edu
Collecting from planetlab1.acis.ufl.edu
Collecting from planetlab5.eecs.umich.edu
Collecting from planetlab1.temple.edu
Collecting from planetlab4.csee.usf.edu
