localhost,Harsha-Laptop,file32B.txt,20151023215907,20151023215907,20151023215907,20151023215907,20151023215907,20151023215907,0,0,0,0
localhost,Harsha-Laptop,file1KB.txt,20151023215907,20151023215907,20151023215907,20151023215907,20151023215907,20151023215907,0,0,0,0
localhost,Harsha-Laptop,file256KB.txt,20151023215907,20151023215907,20151023215907,20151023215907,20151023215907,20151023215907,22,23,24,23
localhost,Harsha-Laptop,file512KB.txt,20151023215907,20151023215907,20151023215907,20151023215907,20151023215907,20151023215907,43,43,45,44
localhost,Harsha-Laptop,file1MB.txt,20151023215908,20151023215908,20151023215908,20151023215908,20151023215908,20151023215908,80,83,84,82
ebb.colgate.edu,Harsha-Laptop,file32B.txt,20151024122815,20151024122813,20151024122814,20151024122815,20151024122813,20151024122814,79,81,91,84
ebb.colgate.edu,Harsha-Laptop,file1KB.txt,20151024122819,20151024122816,20151024122820,20151024122819,20151024122816,20151024122820,88,90,126,101
ebb.colgate.edu,Harsha-Laptop,file256KB.txt,20151024122934,20151024122901,20151024123006,20151024123005,20151024122933,20151024123039,31292,31367,32346,31668
ebb.colgate.edu,Harsha-Laptop,file32B.txt,20151024123400,20151024123358,20151024123359,20151024123400,20151024123358,20151024123359,76,77,83,79
ebb.colgate.edu,Harsha-Laptop,file1KB.txt,20151024123402,20151024123401,20151024123403,20151024123402,20151024123401,20151024123403,78,80,81,80
ebb.colgate.edu,Harsha-Laptop,file256KB.txt,20151024123427,20151024123449,20151024123510,20151024123448,20151024123510,20151024123533,20369,20826,21982,21059
ebb.colgate.edu,Harsha-Laptop,file512KB.txt,20151024123533,20151024123803,20151024123716,20151024123617,20151024123849,20151024123803,43843,45844,47003,45563
ebb.colgate.edu,Harsha-Laptop,file32B.txt,20151024124329,20151024124329,20151024124328,20151024124329,20151024124329,20151024124328,69,74,81,75
ebb.colgate.edu,Harsha-Laptop,file1KB.txt,20151024124332,20151024124330,20151024124331,20151024124332,20151024124330,20151024124331,158,159,161,159
ebb.colgate.edu,Harsha-Laptop,file32B.txt,20151024125552,20151024125550,20151024125551,20151024125552,20151024125550,20151024125551,76,80,80,79
ebb.colgate.edu,Harsha-Laptop,file1KB.txt,20151024125553,20151024125555,20151024125554,20151024125553,20151024125555,20151024125554,80,80,81,80
ebb.colgate.edu,Harsha-Laptop,file256KB.txt,20151024125605,20151024125558,20151024125555,20151024125606,20151024125600,20151024125557,720,1303,2614,1546
ebb.colgate.edu,Harsha-Laptop,file512KB.txt,20151024125611,20151024125613,20151024125607,20151024125613,20151024125615,20151024125610,2271,2412,2946,2543
ebb.colgate.edu,Harsha-Laptop,file1MB.txt,20151024125630,20151024125623,20151024125619,20151024125632,20151024125626,20151024125622,1894,2767,3199,2620
ebb.colgate.edu,Harsha-Laptop,file32B.txt,20151024125732,20151024125734,20151024125733,20151024125732,20151024125734,20151024125733,75,75,76,75
ebb.colgate.edu,Harsha-Laptop,file1KB.txt,20151024125735,20151024125736,20151024125735,20151024125735,20151024125736,20151024125735,75,77,80,77
ebb.colgate.edu,Harsha-Laptop,file32B.txt,20151024125953,20151024125953,20151024125952,20151024125953,20151024125953,20151024125952,73,76,97,82
ebb.colgate.edu,Harsha-Laptop,file1KB.txt,20151024125956,20151024125954,20151024125954,20151024125956,20151024125954,20151024125954,72,76,78,75
ebb.colgate.edu,Harsha-Laptop,file256KB.txt,20151024130001,20151024130006,20151024130003,20151024130002,20151024130007,20151024130005,334,692,1920,982
ebb.colgate.edu,Harsha-Laptop,file512KB.txt,20151024130014,20151024130008,20151024130016,20151024130016,20151024130010,20151024130018,1755,1808,2133,1899
ebb.colgate.edu,Harsha-Laptop,file1MB.txt,20151024130027,20151024130019,20151024130023,20151024130029,20151024130022,20151024130026,1449,2790,3439,2559
ebb.colgate.edu,Harsha-Laptop,file32B.txt,20151024130218,20151024130219,20151024130220,20151024130218,20151024130219,20151024130220,73,80,100,84
ebb.colgate.edu,Harsha-Laptop,file1KB.txt,20151024130223,20151024130221,20151024130222,20151024130223,20151024130221,20151024130222,78,88,372,179
ebb.colgate.edu,Harsha-Laptop,file256KB.txt,20151024130223,20151024130224,20151024130225,20151024130223,20151024130224,20151024130225,0,0,0,0
ebb.colgate.edu,Harsha-Laptop,file512KB.txt,20151024130232,20151024130230,20151024130226,20151024130233,20151024130231,20151024130227,564,584,680,609
ebb.colgate.edu,Harsha-Laptop,file1MB.txt,20151024130234,20151024130237,20151024130240,20151024130236,20151024130239,20151024130242,1257,1645,1721,1541
ebb.colgate.edu,Harsha-Laptop,file32B.txt,20151024130353,20151024130353,20151024130351,20151024130353,20151024130353,20151024130351,71,75,82,76
ebb.colgate.edu,Harsha-Laptop,file1KB.txt,20151024130355,20151024130354,20151024130355,20151024130355,20151024130354,20151024130355,77,78,79,78
ebb.colgate.edu,Harsha-Laptop,file256KB.txt,20151024130356,20151024130357,20151024130357,20151024130356,20151024130357,20151024130357,0,0,0,0
ebb.colgate.edu,Harsha-Laptop,file512KB.txt,20151024130358,20151024130359,20151024130359,20151024130358,20151024130359,20151024130359,0,0,0,0
ebb.colgate.edu,Harsha-Laptop,file1MB.txt,20151024130406,20151024130415,20151024130401,20151024130409,20151024130418,20151024130406,2879,3753,4837,3823
ebb.colgate.edu,Harsha-Laptop,file32B.txt,20151024130548,20151024130548,20151024130549,20151024130548,20151024130548,20151024130549,73,80,83,79
ebb.colgate.edu,Harsha-Laptop,file1KB.txt,20151024130551,20151024130550,20151024130551,20151024130551,20151024130550,20151024130551,75,81,82,79
ebb.colgate.edu,Harsha-Laptop,file256KB.txt,20151024130553,20151024130553,20151024130554,20151024130553,20151024130553,20151024130554,0,0,0,0
ebb.colgate.edu,Harsha-Laptop,file512KB.txt,20151024130600,20151024130556,20151024130558,20151024130601,20151024130557,20151024130559,403,767,839,670
ebb.colgate.edu,Harsha-Laptop,file1MB.txt,20151024130610,20151024130602,20151024130607,20151024130612,20151024130604,20151024130609,1865,2135,2360,2120
ebb.colgate.edu,Harsha-Laptop,file32B.txt,20151024130622,20151024130620,20151024130621,20151024130622,20151024130620,20151024130621,90,91,97,93
ebb.colgate.edu,Harsha-Laptop,file1KB.txt,20151024130624,20151024130624,20151024130625,20151024130624,20151024130624,20151024130625,76,80,89,82
ebb.colgate.edu,Harsha-Laptop,file256KB.txt,20151024130626,20151024130626,20151024130627,20151024130626,20151024130626,20151024130627,0,0,0,0
ebb.colgate.edu,Harsha-Laptop,file512KB.txt,20151024130628,20151024130630,20151024130631,20151024130629,20151024130631,20151024130633,538,777,2597,1304
ebb.colgate.edu,Harsha-Laptop,file1MB.txt,20151024130638,20151024130635,20151024130643,20151024130640,20151024130637,20151024130646,1753,2008,3572,2444
ebb.colgate.edu,Harsha-Laptop,file32B.txt,20151024130824,20151024130823,20151024130825,20151024130824,20151024130823,20151024130825,69,80,83,77
ebb.colgate.edu,Harsha-Laptop,file1KB.txt,20151024130825,20151024130828,20151024130827,20151024130825,20151024130828,20151024130827,88,93,371,184
ebb.colgate.edu,Harsha-Laptop,file256KB.txt,20151024130828,20151024130829,20151024130830,20151024130828,20151024130829,20151024130830,0,0,0,0
ebb.colgate.edu,Harsha-Laptop,file512KB.txt,20151024130839,20151024130837,20151024130842,20151024130841,20151024130839,20151024130845,1853,1926,3039,2273
ebb.colgate.edu,Harsha-Laptop,file1MB.txt,20151024130849,20151024130845,20151024130852,20151024130851,20151024130848,20151024130856,1577,3052,4182,2937
ebb.colgate.edu,Harsha-Laptop,file32B.txt,20151024132417,20151024132416,20151024132417,20151024132417,20151024132416,20151024132417,79,81,81,80
ebb.colgate.edu,Harsha-Laptop,file1KB.txt,20151024132419,20151024132419,20151024132418,20151024132419,20151024132419,20151024132418,74,76,82,77
ebb.colgate.edu,Harsha-Laptop,file256KB.txt,20151024132420,20151024132422,20151024132424,20151024132421,20151024132423,20151024132425,1002,1182,1211,1132
ebb.colgate.edu,Harsha-Laptop,file512KB.txt,20151024132432,20151024132428,20151024132427,20151024132433,20151024132429,20151024132428,581,808,828,739
ebb.colgate.edu,Harsha-Laptop,file1MB.txt,20151024132434,20151024132436,20151024132438,20151024132435,20151024132438,20151024132440,85,2010,2109,1401
ebb.colgate.edu,Harsha-Laptop,file32B.txt,20151024132454,20151024132454,20151024132455,20151024132454,20151024132454,20151024132455,71,77,78,75
ebb.colgate.edu,Harsha-Laptop,file1KB.txt,20151024132458,20151024132456,20151024132459,20151024132458,20151024132456,20151024132459,75,78,80,78
ebb.colgate.edu,Harsha-Laptop,file256KB.txt,20151024132502,20151024132503,20151024132500,20151024132502,20151024132504,20151024132501,796,1168,1230,1065
ebb.colgate.edu,Harsha-Laptop,file512KB.txt,20151024132504,20151024132508,20151024132506,20151024132505,20151024132509,20151024132507,705,742,869,772
ebb.colgate.edu,Harsha-Laptop,file1MB.txt,20151024132516,20151024132513,20151024132518,20151024132518,20151024132515,20151024132520,1697,2098,2191,1995
ebb.colgate.edu,Harsha-Laptop,file32B.txt,20151024132733,20151024132734,20151024132734,20151024132733,20151024132734,20151024132734,73,78,78,76
ebb.colgate.edu,Harsha-Laptop,file1KB.txt,20151024132735,20151024132735,20151024132736,20151024132735,20151024132735,20151024132736,76,78,79,78
ebb.colgate.edu,Harsha-Laptop,file256KB.txt,20151024132739,20151024132737,20151024132740,20151024132739,20151024132738,20151024132741,748,1022,1221,997
ebb.colgate.edu,Harsha-Laptop,file512KB.txt,20151024132746,20151024132751,20151024132749,20151024132748,20151024132753,20151024132751,2104,2184,2259,2182
ebb.colgate.edu,Harsha-Laptop,file1MB.txt,20151024132806,20151024132758,20151024132802,20151024132808,20151024132801,20151024132805,1717,2731,3049,2499
ebb.colgate.edu,Harsha-Laptop,file32B.txt,20151024132910,20151024132912,20151024132911,20151024132910,20151024132912,20151024132911,73,76,77,75
ebb.colgate.edu,Harsha-Laptop,file1KB.txt,20151024132912,20151024132913,20151024132914,20151024132912,20151024132913,20151024132914,76,77,77,77
ebb.colgate.edu,Harsha-Laptop,file256KB.txt,20151024132917,20151024132916,20151024132914,20151024132918,20151024132917,20151024132915,1124,1126,1136,1129
ebb.colgate.edu,Harsha-Laptop,file512KB.txt,20151024132920,20151024132922,20151024132927,20151024132921,20151024132924,20151024132930,525,2231,3082,1946
ebb.colgate.edu,Harsha-Laptop,file1MB.txt,20151024132931,20151024132939,20151024132942,20151024132934,20151024132942,20151024132945,2767,2933,2985,2895
ebb.colgate.edu,Harsha-Laptop,file32B.txt,20151024133119,20151024133119,20151024133121,20151024133119,20151024133120,20151024133121,73,75,77,75
ebb.colgate.edu,Harsha-Laptop,file1KB.txt,20151024133123,20151024133122,20151024133122,20151024133123,20151024133122,20151024133122,75,77,81,78
ebb.colgate.edu,Harsha-Laptop,file256KB.txt,20151024133128,20151024133130,20151024133124,20151024133130,20151024133133,20151024133127,1989,2935,2970,2631
ebb.colgate.edu,Harsha-Laptop,file512KB.txt,20151024133143,20151024133138,20151024133141,20151024133145,20151024133140,20151024133143,137,1514,1623,1091
ebb.colgate.edu,Harsha-Laptop,file1MB.txt,20151024133158,20151024133148,20151024133155,20151024133200,20151024133151,20151024133157,1551,3064,3556,2724
ebb.colgate.edu,Harsha-Laptop,file32B.txt,20151024234323,20151024234323,20151024234322,20151024234323,20151024234323,20151024234322,75,76,81,77
ebb.colgate.edu,Harsha-Laptop,file1KB.txt,20151024234325,20151024234324,20151024234326,20151024234325,20151024234324,20151024234326,74,78,79,77
ebb.colgate.edu,Harsha-Laptop,file256KB.txt,20151024234327,20151024234328,20151024234329,20151024234328,20151024234329,20151024234332,966,1174,3108,1749
ebb.colgate.edu,Harsha-Laptop,file512KB.txt,20151024234336,20151024234348,20151024234342,20151024234341,20151024234353,20151024234348,4937,5433,6593,5654
ebb.colgate.edu,Harsha-Laptop,file1MB.txt,20151024234401,20151024234428,20151024234420,20151024234409,20151024234436,20151024234428,7931,8415,8490,8279
ebb.colgate.edu,Harsha-Laptop,file32B.txt,20151024235223,20151024235221,20151024235222,20151024235223,20151024235221,20151024235222,76,81,84,80
ebb.colgate.edu,Harsha-Laptop,file1KB.txt,20151024235226,20151024235225,20151024235227,20151024235226,20151024235225,20151024235227,77,84,87,83
ebb.colgate.edu,Harsha-Laptop,file256KB.txt,20151024235236,20151024235239,20151024235232,20151024235239,20151024235243,20151024235236,3600,4295,4687,4194
ebb.colgate.edu,Harsha-Laptop,file512KB.txt,20151024235244,20151024235257,20151024235250,20151024235249,20151024235303,20151024235256,4668,5726,5953,5449
ebb.colgate.edu,Harsha-Laptop,file1MB.txt,20151024235326,20151024235351,20151024235338,20151024235337,20151024235403,20151024235351,10931,12242,13688,12287
planetlab-04.vt.nodes.planet-lab.org,Harsha-Laptop,file32B.txt,20151025164604,20151025164606,20151025164605,20151025164604,20151025164606,20151025164605,66,66,68,67
planetlab-04.vt.nodes.planet-lab.org,Harsha-Laptop,file1KB.txt,20151025164607,20151025164606,20151025164608,20151025164607,20151025164606,20151025164608,61,62,63,62
planetlab-04.vt.nodes.planet-lab.org,Harsha-Laptop,file256KB.txt,20151025164610,20151025164608,20151025164612,20151025164611,20151025164609,20151025164613,1187,1295,1296,1259
planetlab-04.vt.nodes.planet-lab.org,Harsha-Laptop,file512KB.txt,20151025164616,20151025164617,20151025164614,20151025164616,20151025164618,20151025164615,645,858,1325,943
planetlab-04.vt.nodes.planet-lab.org,Harsha-Laptop,file1MB.txt,20151025164622,20151025164624,20151025164618,20151025164623,20151025164626,20151025164620,1019,2317,2412,1916
planetlab-04.vt.nodes.planet-lab.org,Harsha-Laptop,file32B.txt,20151025164720,20151025164719,20151025164720,20151025164720,20151025164719,20151025164721,68,71,1926,688
planetlab-04.vt.nodes.planet-lab.org,Harsha-Laptop,file1KB.txt,20151025164723,20151025164722,20151025164722,20151025164723,20151025164722,20151025164722,65,71,72,69
planetlab-04.vt.nodes.planet-lab.org,Harsha-Laptop,file256KB.txt,20151025164725,20151025164727,20151025164723,20151025164726,20151025164728,20151025164724,1170,1197,1298,1222
planetlab-04.vt.nodes.planet-lab.org,Harsha-Laptop,file512KB.txt,20151025164730,20151025164728,20151025164736,20151025164731,20151025164729,20151025164738,608,654,1621,961
planetlab-04.vt.nodes.planet-lab.org,Harsha-Laptop,file1MB.txt,20151025164746,20151025164748,20151025164742,20151025164748,20151025164750,20151025164745,1709,1893,3045,2216
ebb.colgate.edu,Harsha-Laptop,file32B.txt,20151025165441,20151025165440,20151025165442,20151025165441,20151025165440,20151025165442,74,77,77,76
ebb.colgate.edu,Harsha-Laptop,file1KB.txt,20151025165445,20151025165444,20151025165445,20151025165445,20151025165444,20151025165445,77,78,79,78
ebb.colgate.edu,Harsha-Laptop,file256KB.txt,20151025165446,20151025165448,20151025165454,20151025165447,20151025165450,20151025165456,656,1755,1950,1454
ebb.colgate.edu,Harsha-Laptop,file512KB.txt,20151025165509,20151025165501,20151025165504,20151025165512,20151025165504,20151025165508,3144,3179,3847,3390
ebb.colgate.edu,Harsha-Laptop,file1MB.txt,20151025165541,20151025165523,20151025165531,20151025165546,20151025165530,20151025165539,5356,6423,7594,6458
ebb.colgate.edu,Harsha-Laptop,file32B.txt,20151025170143,20151025170144,20151025170142,20151025170143,20151025170144,20151025170142,79,80,82,80
ebb.colgate.edu,Harsha-Laptop,file1KB.txt,20151025170146,20151025170145,20151025170145,20151025170146,20151025170145,20151025170145,74,75,80,76
ebb.colgate.edu,Harsha-Laptop,file256KB.txt,20151025170148,20151025170146,20151025170154,20151025170150,20151025170148,20151025170157,2374,2411,2869,2551
ebb.colgate.edu,Harsha-Laptop,file512KB.txt,20151025170214,20151025170204,20151025170208,20151025170218,20151025170208,20151025170213,3902,4344,5066,4437
ebb.colgate.edu,Harsha-Laptop,file1MB.txt,20151025170241,20151025170219,20151025170226,20151025170246,20151025170225,20151025170232,4625,5341,5530,5165
ebb.colgate.edu,Harsha-Laptop,file32B.txt,20151025180851,20151025180848,20151025180849,20151025180851,20151025180848,20151025180849,84,87,90,87
ebb.colgate.edu,Harsha-Laptop,file1KB.txt,20151025180851,20151025180852,20151025180853,20151025180851,20151025180852,20151025180853,86,89,92,89
ebb.colgate.edu,Harsha-Laptop,file256KB.txt,20151025180854,20151025180900,20151025180857,20151025180856,20151025180902,20151025180859,1260,1825,1834,1640
ebb.colgate.edu,Harsha-Laptop,file512KB.txt,20151025180917,20151025180910,20151025180905,20151025180920,20151025180913,20151025180909,2739,2759,4173,3224
ebb.colgate.edu,Harsha-Laptop,file1MB.txt,20151025181015,20151025181009,20151025180921,20151025181020,20151025181015,20151025180928,5111,5570,7093,5925
ebb.colgate.edu,Harsha-Laptop,file32B.txt,20151025181441,20151025181442,20151025181439,20151025181441,20151025181442,20151025181439,85,85,92,87
ebb.colgate.edu,Harsha-Laptop,file1KB.txt,20151025181442,20151025181443,20151025181445,20151025181442,20151025181443,20151025181445,89,89,91,90
ebb.colgate.edu,Harsha-Laptop,file256KB.txt,20151025181450,20151025181452,20151025181447,20151025181451,20151025181454,20151025181449,287,1866,2220,1458
ebb.colgate.edu,Harsha-Laptop,file512KB.txt,20151025181513,20151025181455,20151025181506,20151025181516,20151025181458,20151025181512,2250,2270,5495,3338
ebb.colgate.edu,Harsha-Laptop,file1MB.txt,20151025181530,20151025181524,20151025181536,20151025181535,20151025181529,20151025181542,4457,4710,5274,4814
ebb.colgate.edu,Harsha-Laptop,file32B.txt,20151025181601,20151025181601,20151025181602,20151025181601,20151025181601,20151025181602,86,89,90,88
ebb.colgate.edu,Harsha-Laptop,file1KB.txt,20151025181604,20151025181603,20151025181605,20151025181604,20151025181603,20151025181605,83,89,91,88
ebb.colgate.edu,Harsha-Laptop,file256KB.txt,20151025181612,20151025181609,20151025181606,20151025181614,20151025181611,20151025181609,1851,1853,3208,2304
ebb.colgate.edu,Harsha-Laptop,file512KB.txt,20151025181633,20151025181628,20151025181622,20151025181637,20151025181632,20151025181627,3787,3865,4821,4158
ebb.colgate.edu,Harsha-Laptop,file1MB.txt,20151025181654,20151025181659,20151025181647,20151025181658,20151025181703,20151025181653,3194,3589,6295,4359
ebb.colgate.edu,Harsha-Laptop,file32B.txt,20151025181854,20151025181856,20151025181855,20151025181854,20151025181856,20151025181855,86,87,91,88
ebb.colgate.edu,Harsha-Laptop,file1KB.txt,20151025181859,20151025181857,20151025181858,20151025181859,20151025181857,20151025181858,86,91,93,90
ebb.colgate.edu,Harsha-Laptop,file256KB.txt,20151025181900,20151025181900,20151025181901,20151025181900,20151025181900,20151025181901,0,0,0,0
ebb.colgate.edu,Harsha-Laptop,file512KB.txt,20151025181902,20151025181902,20151025181903,20151025181902,20151025181902,20151025181903,0,0,0,0
ebb.colgate.edu,Harsha-Laptop,file1MB.txt,20151025181904,20151025181907,20151025181906,20151025181904,20151025181908,20151025181907,590,1392,1416,1133
ebb.colgate.edu,Harsha-Laptop,file32B.txt,20151025182022,20151025182020,20151025182022,20151025182022,20151025182020,20151025182022,86,88,89,88
ebb.colgate.edu,Harsha-Laptop,file1KB.txt,20151025182024,20151025182023,20151025182025,20151025182024,20151025182023,20151025182025,88,89,91,89
ebb.colgate.edu,Harsha-Laptop,file256KB.txt,20151025182025,20151025182026,20151025182027,20151025182025,20151025182026,20151025182027,0,0,0,0
ebb.colgate.edu,Harsha-Laptop,file512KB.txt,20151025182028,20151025182028,20151025182029,20151025182028,20151025182028,20151025182029,0,0,0,0
ebb.colgate.edu,Harsha-Laptop,file1MB.txt,20151025182041,20151025182053,20151025182047,20151025182047,20151025182059,20151025182053,5948,6182,6382,6171
ebb.colgate.edu,Harsha-Laptop,file32B.txt,20151025182207,20151025182208,20151025182209,20151025182207,20151025182208,20151025182209,88,90,92,90
ebb.colgate.edu,Harsha-Laptop,file1KB.txt,20151025182210,20151025182211,20151025182211,20151025182210,20151025182211,20151025182211,86,89,95,90
ebb.colgate.edu,Harsha-Laptop,file256KB.txt,20151025182216,20151025182218,20151025182214,20151025182218,20151025182220,20151025182216,2485,2515,2535,2512
ebb.colgate.edu,Harsha-Laptop,file512KB.txt,20151025182224,20151025182227,20151025182220,20151025182226,20151025182229,20151025182223,1507,2091,3378,2325
ebb.colgate.edu,Harsha-Laptop,file1MB.txt,20151025182241,20151025182246,20151025182234,20151025182245,20151025182251,20151025182240,3698,4510,5619,4609
ebb.colgate.edu,Harsha-Laptop,file32B.txt,20151025182316,20151025182317,20151025182318,20151025182316,20151025182317,20151025182318,81,85,88,85
ebb.colgate.edu,Harsha-Laptop,file1KB.txt,20151025182320,20151025182320,20151025182319,20151025182320,20151025182320,20151025182319,87,88,96,90
ebb.colgate.edu,Harsha-Laptop,file256KB.txt,20151025182326,20151025182330,20151025182334,20151025182329,20151025182333,20151025182337,2374,2495,2528,2466
ebb.colgate.edu,Harsha-Laptop,file512KB.txt,20151025182347,20151025182343,20151025182349,20151025182349,20151025182346,20151025182352,2084,3297,3388,2923
ebb.colgate.edu,Harsha-Laptop,file1MB.txt,20151025182359,20151025182410,20151025182352,20151025182402,20151025182414,20151025182358,2506,4334,6046,4295
ebb.colgate.edu,Harsha-Laptop,file32B.txt,20151118190908,20151118190906,20151118190908,20151118190908,20151118190907,20151118190909,610,1372,1422,1135
ebb.colgate.edu,Harsha-Laptop,file1KB.txt,20151118190909,20151118190910,20151118190909,20151118190909,20151118190911,20151118190910,551,1170,1367,1029
ebb.colgate.edu,Harsha-Laptop,file256KB.txt,20151118190913,20151118190914,20151118190912,20151118190913,20151118190914,20151118190913,546,559,982,696
ebb.colgate.edu,Harsha-Laptop,file512KB.txt,20151118190917,20151118190915,20151118190914,20151118190917,20151118190915,20151118190915,567,585,1419,857
ebb.colgate.edu,Harsha-Laptop,file1MB.txt,20151118190920,20151118190918,20151118190917,20151118190920,20151118190919,20151118190918,584,1029,1202,938
